<?xml version="1.0" encoding="UTF-8"?>
<testsuite name="com.start.springboot.domain.post.PostRepositoryTests" tests="10" skipped="0" failures="1" errors="0" timestamp="2023-08-14T04:34:04" hostname="DESKTOP-D1OSJI9" time="0.653">
  <properties/>
  <testcase name="testGetPostByTitleContaining()" classname="com.start.springboot.domain.post.PostRepositoryTests" time="0.213"/>
  <testcase name="testUpdatePost()" classname="com.start.springboot.domain.post.PostRepositoryTests" time="0.038"/>
  <testcase name="testWritePost()" classname="com.start.springboot.domain.post.PostRepositoryTests" time="0.034"/>
  <testcase name="testGetPostByTitleContainingAndPostIdGreaterThanAndPostIdLessThanOrderByPostIdDesc()" classname="com.start.springboot.domain.post.PostRepositoryTests" time="0.007"/>
  <testcase name="testWriteDummyPost()" classname="com.start.springboot.domain.post.PostRepositoryTests" time="0.327"/>
  <testcase name="testGetPostByTitleContainingAndPostIdGreaterThanAndPostIdLessThan()" classname="com.start.springboot.domain.post.PostRepositoryTests" time="0.009"/>
  <testcase name="testGetPostByTitleContainingAndPostIdLessThan()" classname="com.start.springboot.domain.post.PostRepositoryTests" time="0.006"/>
  <testcase name="testDeletePost()" classname="com.start.springboot.domain.post.PostRepositoryTests" time="0.006">
    <failure message="org.springframework.dao.EmptyResultDataAccessException: No class com.start.springboot.domain.post.entity.Post entity with id 2 exists!" type="org.springframework.dao.EmptyResultDataAccessException">org.springframework.dao.EmptyResultDataAccessException: No class com.start.springboot.domain.post.entity.Post entity with id 2 exists!
	at app//org.springframework.data.jpa.repository.support.SimpleJpaRepository.lambda$deleteById$0(SimpleJpaRepository.java:173)
	at java.base@11.0.20/java.util.Optional.orElseThrow(Optional.java:408)
	at app//org.springframework.data.jpa.repository.support.SimpleJpaRepository.deleteById(SimpleJpaRepository.java:172)
	at java.base@11.0.20/jdk.internal.reflect.NativeMethodAccessorImpl.invoke0(Native Method)
	at java.base@11.0.20/jdk.internal.reflect.NativeMethodAccessorImpl.invoke(NativeMethodAccessorImpl.java:62)
	at java.base@11.0.20/jdk.internal.reflect.DelegatingMethodAccessorImpl.invoke(DelegatingMethodAccessorImpl.java:43)
	at java.base@11.0.20/java.lang.reflect.Method.invoke(Method.java:566)
	at app//org.springframework.data.repository.core.support.RepositoryMethodInvoker$RepositoryFragmentMethodInvoker.lambda$new$0(RepositoryMethodInvoker.java:289)
	at app//org.springframework.data.repository.core.support.RepositoryMethodInvoker.doInvoke(RepositoryMethodInvoker.java:137)
	at app//org.springframework.data.repository.core.support.RepositoryMethodInvoker.invoke(RepositoryMethodInvoker.java:121)
	at app//org.springframework.data.repository.core.support.RepositoryComposition$RepositoryFragments.invoke(RepositoryComposition.java:530)
	at app//org.springframework.data.repository.core.support.RepositoryComposition.invoke(RepositoryComposition.java:286)
	at app//org.springframework.data.repository.core.support.RepositoryFactorySupport$ImplementationMethodExecutionInterceptor.invoke(RepositoryFactorySupport.java:640)
	at app//org.springframework.aop.framework.ReflectiveMethodInvocation.proceed(ReflectiveMethodInvocation.java:186)
	at app//org.springframework.data.repository.core.support.QueryExecutorMethodInterceptor.doInvoke(QueryExecutorMethodInterceptor.java:164)
	at app//org.springframework.data.repository.core.support.QueryExecutorMethodInterceptor.invoke(QueryExecutorMethodInterceptor.java:139)
	at app//org.springframework.aop.framework.ReflectiveMethodInvocation.proceed(ReflectiveMethodInvocation.java:186)
	at app//org.springframework.transaction.interceptor.TransactionInterceptor$1.proceedWithInvocation(TransactionInterceptor.java:123)
	at app//org.springframework.transaction.interceptor.TransactionAspectSupport.invokeWithinTransaction(TransactionAspectSupport.java:388)
	at app//org.springframework.transaction.interceptor.TransactionInterceptor.invoke(TransactionInterceptor.java:119)
	at app//org.springframework.aop.framework.ReflectiveMethodInvocation.proceed(ReflectiveMethodInvocation.java:186)
	at app//org.springframework.dao.support.PersistenceExceptionTranslationInterceptor.invoke(PersistenceExceptionTranslationInterceptor.java:137)
	at app//org.springframework.aop.framework.ReflectiveMethodInvocation.proceed(ReflectiveMethodInvocation.java:186)
	at app//org.springframework.data.jpa.repository.support.CrudMethodMetadataPostProcessor$CrudMethodMetadataPopulatingMethodInterceptor.invoke(CrudMethodMetadataPostProcessor.java:174)
	at app//org.springframework.aop.framework.ReflectiveMethodInvocation.proceed(ReflectiveMethodInvocation.java:186)
	at app//org.springframework.aop.interceptor.ExposeInvocationInterceptor.invoke(ExposeInvocationInterceptor.java:97)
	at app//org.springframework.aop.framework.ReflectiveMethodInvocation.proceed(ReflectiveMethodInvocation.java:186)
	at app//org.springframework.aop.framework.JdkDynamicAopProxy.invoke(JdkDynamicAopProxy.java:241)
	at app//com.sun.proxy.$Proxy136.deleteById(Unknown Source)
	at app//com.start.springboot.domain.post.service.PostService.deletePost(PostService.java:33)
	at app//com.start.springboot.domain.post.service.PostService$$FastClassBySpringCGLIB$$9ac26a22.invoke(&lt;generated&gt;)
	at app//org.springframework.cglib.proxy.MethodProxy.invoke(MethodProxy.java:218)
	at app//org.springframework.aop.framework.CglibAopProxy$CglibMethodInvocation.invokeJoinpoint(CglibAopProxy.java:793)
	at app//org.springframework.aop.framework.ReflectiveMethodInvocation.proceed(ReflectiveMethodInvocation.java:163)
	at app//org.springframework.aop.framework.CglibAopProxy$CglibMethodInvocation.proceed(CglibAopProxy.java:763)
	at app//org.springframework.transaction.interceptor.TransactionInterceptor$1.proceedWithInvocation(TransactionInterceptor.java:123)
	at app//org.springframework.transaction.interceptor.TransactionAspectSupport.invokeWithinTransaction(TransactionAspectSupport.java:388)
	at app//org.springframework.transaction.interceptor.TransactionInterceptor.invoke(TransactionInterceptor.java:119)
	at app//org.springframework.aop.framework.ReflectiveMethodInvocation.proceed(ReflectiveMethodInvocation.java:186)
	at app//org.springframework.aop.framework.CglibAopProxy$CglibMethodInvocation.proceed(CglibAopProxy.java:763)
	at app//org.springframework.aop.framework.CglibAopProxy$DynamicAdvisedInterceptor.intercept(CglibAopProxy.java:708)
	at app//com.start.springboot.domain.post.service.PostService$$EnhancerBySpringCGLIB$$44503ee0.deletePost(&lt;generated&gt;)
	at app//com.start.springboot.domain.post.PostRepositoryTests.testDeletePost(PostRepositoryTests.java:89)
	at java.base@11.0.20/jdk.internal.reflect.NativeMethodAccessorImpl.invoke0(Native Method)
	at java.base@11.0.20/jdk.internal.reflect.NativeMethodAccessorImpl.invoke(NativeMethodAccessorImpl.java:62)
	at java.base@11.0.20/jdk.internal.reflect.DelegatingMethodAccessorImpl.invoke(DelegatingMethodAccessorImpl.java:43)
	at java.base@11.0.20/java.lang.reflect.Method.invoke(Method.java:566)
	at app//org.junit.platform.commons.util.ReflectionUtils.invokeMethod(ReflectionUtils.java:725)
	at app//org.junit.jupiter.engine.execution.MethodInvocation.proceed(MethodInvocation.java:60)
	at app//org.junit.jupiter.engine.execution.InvocationInterceptorChain$ValidatingInvocation.proceed(InvocationInterceptorChain.java:131)
	at app//org.junit.jupiter.engine.extension.TimeoutExtension.intercept(TimeoutExtension.java:149)
	at app//org.junit.jupiter.engine.extension.TimeoutExtension.interceptTestableMethod(TimeoutExtension.java:140)
	at app//org.junit.jupiter.engine.extension.TimeoutExtension.interceptTestMethod(TimeoutExtension.java:84)
	at app//org.junit.jupiter.engine.execution.ExecutableInvoker$ReflectiveInterceptorCall.lambda$ofVoidMethod$0(ExecutableInvoker.java:115)
	at app//org.junit.jupiter.engine.execution.ExecutableInvoker.lambda$invoke$0(ExecutableInvoker.java:105)
	at app//org.junit.jupiter.engine.execution.InvocationInterceptorChain$InterceptedInvocation.proceed(InvocationInterceptorChain.java:106)
	at app//org.junit.jupiter.engine.execution.InvocationInterceptorChain.proceed(InvocationInterceptorChain.java:64)
	at app//org.junit.jupiter.engine.execution.InvocationInterceptorChain.chainAndInvoke(InvocationInterceptorChain.java:45)
	at app//org.junit.jupiter.engine.execution.InvocationInterceptorChain.invoke(InvocationInterceptorChain.java:37)
	at app//org.junit.jupiter.engine.execution.ExecutableInvoker.invoke(ExecutableInvoker.java:104)
	at app//org.junit.jupiter.engine.execution.ExecutableInvoker.invoke(ExecutableInvoker.java:98)
	at app//org.junit.jupiter.engine.descriptor.TestMethodTestDescriptor.lambda$invokeTestMethod$7(TestMethodTestDescriptor.java:214)
	at app//org.junit.platform.engine.support.hierarchical.ThrowableCollector.execute(ThrowableCollector.java:73)
	at app//org.junit.jupiter.engine.descriptor.TestMethodTestDescriptor.invokeTestMethod(TestMethodTestDescriptor.java:210)
	at app//org.junit.jupiter.engine.descriptor.TestMethodTestDescriptor.execute(TestMethodTestDescriptor.java:135)
	at app//org.junit.jupiter.engine.descriptor.TestMethodTestDescriptor.execute(TestMethodTestDescriptor.java:66)
	at app//org.junit.platform.engine.support.hierarchical.NodeTestTask.lambda$executeRecursively$6(NodeTestTask.java:151)
	at app//org.junit.platform.engine.support.hierarchical.ThrowableCollector.execute(ThrowableCollector.java:73)
	at app//org.junit.platform.engine.support.hierarchical.NodeTestTask.lambda$executeRecursively$8(NodeTestTask.java:141)
	at app//org.junit.platform.engine.support.hierarchical.Node.around(Node.java:137)
	at app//org.junit.platform.engine.support.hierarchical.NodeTestTask.lambda$executeRecursively$9(NodeTestTask.java:139)
	at app//org.junit.platform.engine.support.hierarchical.ThrowableCollector.execute(ThrowableCollector.java:73)
	at app//org.junit.platform.engine.support.hierarchical.NodeTestTask.executeRecursively(NodeTestTask.java:138)
	at app//org.junit.platform.engine.support.hierarchical.NodeTestTask.execute(NodeTestTask.java:95)
	at java.base@11.0.20/java.util.ArrayList.forEach(ArrayList.java:1541)
	at app//org.junit.platform.engine.support.hierarchical.SameThreadHierarchicalTestExecutorService.invokeAll(SameThreadHierarchicalTestExecutorService.java:41)
	at app//org.junit.platform.engine.support.hierarchical.NodeTestTask.lambda$executeRecursively$6(NodeTestTask.java:155)
	at app//org.junit.platform.engine.support.hierarchical.ThrowableCollector.execute(ThrowableCollector.java:73)
	at app//org.junit.platform.engine.support.hierarchical.NodeTestTask.lambda$executeRecursively$8(NodeTestTask.java:141)
	at app//org.junit.platform.engine.support.hierarchical.Node.around(Node.java:137)
	at app//org.junit.platform.engine.support.hierarchical.NodeTestTask.lambda$executeRecursively$9(NodeTestTask.java:139)
	at app//org.junit.platform.engine.support.hierarchical.ThrowableCollector.execute(ThrowableCollector.java:73)
	at app//org.junit.platform.engine.support.hierarchical.NodeTestTask.executeRecursively(NodeTestTask.java:138)
	at app//org.junit.platform.engine.support.hierarchical.NodeTestTask.execute(NodeTestTask.java:95)
	at java.base@11.0.20/java.util.ArrayList.forEach(ArrayList.java:1541)
	at app//org.junit.platform.engine.support.hierarchical.SameThreadHierarchicalTestExecutorService.invokeAll(SameThreadHierarchicalTestExecutorService.java:41)
	at app//org.junit.platform.engine.support.hierarchical.NodeTestTask.lambda$executeRecursively$6(NodeTestTask.java:155)
	at app//org.junit.platform.engine.support.hierarchical.ThrowableCollector.execute(ThrowableCollector.java:73)
	at app//org.junit.platform.engine.support.hierarchical.NodeTestTask.lambda$executeRecursively$8(NodeTestTask.java:141)
	at app//org.junit.platform.engine.support.hierarchical.Node.around(Node.java:137)
	at app//org.junit.platform.engine.support.hierarchical.NodeTestTask.lambda$executeRecursively$9(NodeTestTask.java:139)
	at app//org.junit.platform.engine.support.hierarchical.ThrowableCollector.execute(ThrowableCollector.java:73)
	at app//org.junit.platform.engine.support.hierarchical.NodeTestTask.executeRecursively(NodeTestTask.java:138)
	at app//org.junit.platform.engine.support.hierarchical.NodeTestTask.execute(NodeTestTask.java:95)
	at app//org.junit.platform.engine.support.hierarchical.SameThreadHierarchicalTestExecutorService.submit(SameThreadHierarchicalTestExecutorService.java:35)
	at app//org.junit.platform.engine.support.hierarchical.HierarchicalTestExecutor.execute(HierarchicalTestExecutor.java:57)
	at app//org.junit.platform.engine.support.hierarchical.HierarchicalTestEngine.execute(HierarchicalTestEngine.java:54)
	at app//org.junit.platform.launcher.core.EngineExecutionOrchestrator.execute(EngineExecutionOrchestrator.java:107)
	at app//org.junit.platform.launcher.core.EngineExecutionOrchestrator.execute(EngineExecutionOrchestrator.java:88)
	at app//org.junit.platform.launcher.core.EngineExecutionOrchestrator.lambda$execute$0(EngineExecutionOrchestrator.java:54)
	at app//org.junit.platform.launcher.core.EngineExecutionOrchestrator.withInterceptedStreams(EngineExecutionOrchestrator.java:67)
	at app//org.junit.platform.launcher.core.EngineExecutionOrchestrator.execute(EngineExecutionOrchestrator.java:52)
	at app//org.junit.platform.launcher.core.DefaultLauncher.execute(DefaultLauncher.java:114)
	at app//org.junit.platform.launcher.core.DefaultLauncher.execute(DefaultLauncher.java:86)
	at app//org.junit.platform.launcher.core.DefaultLauncherSession$DelegatingLauncher.execute(DefaultLauncherSession.java:86)
	at org.gradle.api.internal.tasks.testing.junitplatform.JUnitPlatformTestClassProcessor$CollectAllTestClassesExecutor.processAllTestClasses(JUnitPlatformTestClassProcessor.java:110)
	at org.gradle.api.internal.tasks.testing.junitplatform.JUnitPlatformTestClassProcessor$CollectAllTestClassesExecutor.access$000(JUnitPlatformTestClassProcessor.java:90)
	at org.gradle.api.internal.tasks.testing.junitplatform.JUnitPlatformTestClassProcessor.stop(JUnitPlatformTestClassProcessor.java:85)
	at org.gradle.api.internal.tasks.testing.SuiteTestClassProcessor.stop(SuiteTestClassProcessor.java:62)
	at java.base@11.0.20/jdk.internal.reflect.NativeMethodAccessorImpl.invoke0(Native Method)
	at java.base@11.0.20/jdk.internal.reflect.NativeMethodAccessorImpl.invoke(NativeMethodAccessorImpl.java:62)
	at java.base@11.0.20/jdk.internal.reflect.DelegatingMethodAccessorImpl.invoke(DelegatingMethodAccessorImpl.java:43)
	at java.base@11.0.20/java.lang.reflect.Method.invoke(Method.java:566)
	at org.gradle.internal.dispatch.ReflectionDispatch.dispatch(ReflectionDispatch.java:36)
	at org.gradle.internal.dispatch.ReflectionDispatch.dispatch(ReflectionDispatch.java:24)
	at org.gradle.internal.dispatch.ContextClassLoaderDispatch.dispatch(ContextClassLoaderDispatch.java:33)
	at org.gradle.internal.dispatch.ProxyDispatchAdapter$DispatchingInvocationHandler.invoke(ProxyDispatchAdapter.java:94)
	at com.sun.proxy.$Proxy2.stop(Unknown Source)
	at org.gradle.api.internal.tasks.testing.worker.TestWorker$3.run(TestWorker.java:193)
	at org.gradle.api.internal.tasks.testing.worker.TestWorker.executeAndMaintainThreadName(TestWorker.java:129)
	at org.gradle.api.internal.tasks.testing.worker.TestWorker.execute(TestWorker.java:100)
	at org.gradle.api.internal.tasks.testing.worker.TestWorker.execute(TestWorker.java:60)
	at org.gradle.process.internal.worker.child.ActionExecutionWorker.execute(ActionExecutionWorker.java:56)
	at org.gradle.process.internal.worker.child.SystemApplicationClassLoaderWorker.call(SystemApplicationClassLoaderWorker.java:113)
	at org.gradle.process.internal.worker.child.SystemApplicationClassLoaderWorker.call(SystemApplicationClassLoaderWorker.java:65)
	at app//worker.org.gradle.process.internal.worker.GradleWorkerMain.run(GradleWorkerMain.java:69)
	at app//worker.org.gradle.process.internal.worker.GradleWorkerMain.main(GradleWorkerMain.java:74)
</failure>
  </testcase>
  <testcase name="testGetPostTitleAndPostIdGreaterThan()" classname="com.start.springboot.domain.post.PostRepositoryTests" time="0.003"/>
  <testcase name="inspect()" classname="com.start.springboot.domain.post.PostRepositoryTests" time="0.001"/>
  <system-out><![CDATA[2023-08-14 13:34:03.340  INFO 8668 --- [    Test worker] .b.t.c.SpringBootTestContextBootstrapper : Neither @ContextConfiguration nor @ContextHierarchy found for test class [com.start.springboot.domain.post.PostRepositoryTests], using SpringBootContextLoader
2023-08-14 13:34:03.340  INFO 8668 --- [    Test worker] o.s.t.c.support.AbstractContextLoader    : Could not detect default resource locations for test class [com.start.springboot.domain.post.PostRepositoryTests]: no resource found for suffixes {-context.xml, Context.groovy}.
2023-08-14 13:34:03.340  INFO 8668 --- [    Test worker] t.c.s.AnnotationConfigContextLoaderUtils : Could not detect default configuration classes for test class [com.start.springboot.domain.post.PostRepositoryTests]: PostRepositoryTests does not declare any static, non-private, non-final, nested classes annotated with @Configuration.
2023-08-14 13:34:03.355  INFO 8668 --- [    Test worker] .b.t.c.SpringBootTestContextBootstrapper : Found @SpringBootConfiguration com.start.springboot.SpringbootApplication for test class com.start.springboot.domain.post.PostRepositoryTests
2023-08-14 13:34:03.355  INFO 8668 --- [    Test worker] .b.t.c.SpringBootTestContextBootstrapper : Loaded default TestExecutionListener class names from location [META-INF/spring.factories]: [org.springframework.boot.test.autoconfigure.restdocs.RestDocsTestExecutionListener, org.springframework.boot.test.autoconfigure.web.client.MockRestServiceServerResetTestExecutionListener, org.springframework.boot.test.autoconfigure.web.servlet.MockMvcPrintOnlyOnFailureTestExecutionListener, org.springframework.boot.test.autoconfigure.web.servlet.WebDriverTestExecutionListener, org.springframework.boot.test.autoconfigure.webservices.client.MockWebServiceServerTestExecutionListener, org.springframework.boot.test.mock.mockito.MockitoTestExecutionListener, org.springframework.boot.test.mock.mockito.ResetMocksTestExecutionListener, org.springframework.test.context.web.ServletTestExecutionListener, org.springframework.test.context.support.DirtiesContextBeforeModesTestExecutionListener, org.springframework.test.context.event.ApplicationEventsTestExecutionListener, org.springframework.test.context.support.DependencyInjectionTestExecutionListener, org.springframework.test.context.support.DirtiesContextTestExecutionListener, org.springframework.test.context.transaction.TransactionalTestExecutionListener, org.springframework.test.context.jdbc.SqlScriptsTestExecutionListener, org.springframework.test.context.event.EventPublishingTestExecutionListener]
2023-08-14 13:34:03.355  INFO 8668 --- [    Test worker] .b.t.c.SpringBootTestContextBootstrapper : Using TestExecutionListeners: [org.springframework.test.context.web.ServletTestExecutionListener@5f815f93, org.springframework.test.context.support.DirtiesContextBeforeModesTestExecutionListener@7a8e484b, org.springframework.test.context.event.ApplicationEventsTestExecutionListener@643f8ebe, org.springframework.boot.test.mock.mockito.MockitoTestExecutionListener@65013d71, org.springframework.boot.test.autoconfigure.SpringBootDependencyInjectionTestExecutionListener@30a99b85, org.springframework.test.context.support.DirtiesContextTestExecutionListener@386d41cb, org.springframework.test.context.transaction.TransactionalTestExecutionListener@20bf7206, org.springframework.test.context.jdbc.SqlScriptsTestExecutionListener@4cb939d5, org.springframework.test.context.event.EventPublishingTestExecutionListener@30b0f674, org.springframework.boot.test.autoconfigure.restdocs.RestDocsTestExecutionListener@62818ab0, org.springframework.boot.test.autoconfigure.web.client.MockRestServiceServerResetTestExecutionListener@39f5eba4, org.springframework.boot.test.autoconfigure.web.servlet.MockMvcPrintOnlyOnFailureTestExecutionListener@3c070ade, org.springframework.boot.test.autoconfigure.web.servlet.WebDriverTestExecutionListener@bb3487c, org.springframework.boot.test.autoconfigure.webservices.client.MockWebServiceServerTestExecutionListener@650997b0, org.springframework.boot.test.mock.mockito.ResetMocksTestExecutionListener@7337f87e]

  .   ____          _            __ _ _
 /\\ / ___'_ __ _ _(_)_ __  __ _ \ \ \ \
( ( )\___ | '_ | '_| | '_ \/ _` | \ \ \ \
 \\/  ___)| |_)| | | | | || (_| |  ) ) ) )
  '  |____| .__|_| |_|_| |_\__, | / / / /
 =========|_|==============|___/=/_/_/_/
 :: Spring Boot ::               (v2.7.14)

2023-08-14 13:34:03.371  INFO 8668 --- [    Test worker] c.s.s.domain.post.PostRepositoryTests    : Starting PostRepositoryTests using Java 11.0.20 on DESKTOP-D1OSJI9 with PID 8668 (started by IKHYUN in C:\Dev Workspace\스타트 스프링 부트)
2023-08-14 13:34:03.371  INFO 8668 --- [    Test worker] c.s.s.domain.post.PostRepositoryTests    : No active profile set, falling back to 1 default profile: "default"
2023-08-14 13:34:03.465  INFO 8668 --- [    Test worker] .s.d.r.c.RepositoryConfigurationDelegate : Bootstrapping Spring Data JPA repositories in DEFAULT mode.
2023-08-14 13:34:03.496  INFO 8668 --- [    Test worker] .s.d.r.c.RepositoryConfigurationDelegate : Finished Spring Data repository scanning in 20 ms. Found 3 JPA repository interfaces.
2023-08-14 13:34:03.574  INFO 8668 --- [    Test worker] o.hibernate.jpa.internal.util.LogHelper  : HHH000204: Processing PersistenceUnitInfo [name: default]
2023-08-14 13:34:03.574  INFO 8668 --- [    Test worker] com.zaxxer.hikari.HikariDataSource       : HikariPool-3 - Starting...
2023-08-14 13:34:03.589  INFO 8668 --- [    Test worker] com.zaxxer.hikari.HikariDataSource       : HikariPool-3 - Start completed.
2023-08-14 13:34:03.589  INFO 8668 --- [    Test worker] org.hibernate.dialect.Dialect            : HHH000400: Using dialect: org.hibernate.dialect.MariaDB106Dialect
2023-08-14 13:34:03.636  INFO 8668 --- [    Test worker] o.h.e.t.j.p.i.JtaPlatformInitiator       : HHH000490: Using JtaPlatform implementation: [org.hibernate.engine.transaction.jta.platform.internal.NoJtaPlatform]
2023-08-14 13:34:03.636  INFO 8668 --- [    Test worker] j.LocalContainerEntityManagerFactoryBean : Initialized JPA EntityManagerFactory for persistence unit 'default'
2023-08-14 13:34:03.777  WARN 8668 --- [    Test worker] JpaBaseConfiguration$JpaWebConfiguration : spring.jpa.open-in-view is enabled by default. Therefore, database queries may be performed during view rendering. Explicitly configure spring.jpa.open-in-view to disable this warning
2023-08-14 13:34:03.965  WARN 8668 --- [    Test worker] ion$DefaultTemplateResolverConfiguration : Cannot find template location: classpath:/templates/ (please add some templates, check your Thymeleaf configuration, or set spring.thymeleaf.check-template-location=false)
2023-08-14 13:34:04.011  INFO 8668 --- [    Test worker] c.s.s.domain.post.PostRepositoryTests    : Started PostRepositoryTests in 0.666 seconds (JVM running for 5.437)
2023-08-14 13:34:04.058 DEBUG 8668 --- [    Test worker] org.hibernate.SQL                        : 
    select
        post0_.post_id as post_id1_2_,
        post0_.board_id as board_id2_2_,
        post0_.post_content as post_con3_2_,
        post0_.post_create_date as post_cre4_2_,
        post0_.post_showyn as post_sho5_2_,
        post0_.post_title as post_tit6_2_,
        post0_.post_update_date as post_upd7_2_,
        post0_.post_view_count as post_vie8_2_,
        post0_.post_writer as post_wri9_2_ 
    from
        tb_post post0_ 
    where
        post0_.post_title like ? escape ?
Hibernate: 
    select
        post0_.post_id as post_id1_2_,
        post0_.board_id as board_id2_2_,
        post0_.post_content as post_con3_2_,
        post0_.post_create_date as post_cre4_2_,
        post0_.post_showyn as post_sho5_2_,
        post0_.post_title as post_tit6_2_,
        post0_.post_update_date as post_upd7_2_,
        post0_.post_view_count as post_vie8_2_,
        post0_.post_writer as post_wri9_2_ 
    from
        tb_post post0_ 
    where
        post0_.post_title like ? escape ?
2023-08-14 13:34:04.058 TRACE 8668 --- [    Test worker] o.h.type.descriptor.sql.BasicBinder      : binding parameter [1] as [VARCHAR] - [%테스트%]
2023-08-14 13:34:04.058 TRACE 8668 --- [    Test worker] o.h.type.descriptor.sql.BasicBinder      : binding parameter [2] as [CHAR] - [\]
2023-08-14 13:34:04.058 TRACE 8668 --- [    Test worker] o.h.type.descriptor.sql.BasicExtractor   : extracted value ([post_id1_2_] : [BIGINT]) - [3]
2023-08-14 13:34:04.058 TRACE 8668 --- [    Test worker] o.h.type.descriptor.sql.BasicExtractor   : extracted value ([board_id2_2_] : [BIGINT]) - [1]
2023-08-14 13:34:04.058 TRACE 8668 --- [    Test worker] o.h.type.descriptor.sql.BasicExtractor   : extracted value ([post_con3_2_] : [VARCHAR]) - [l5fVLfq1ec]
2023-08-14 13:34:04.058 TRACE 8668 --- [    Test worker] o.h.type.descriptor.sql.BasicExtractor   : extracted value ([post_cre4_2_] : [TIMESTAMP]) - [2023-08-14 11:35:13.349]
2023-08-14 13:34:04.058 TRACE 8668 --- [    Test worker] o.h.type.descriptor.sql.BasicExtractor   : extracted value ([post_sho5_2_] : [VARCHAR]) - [Y]
2023-08-14 13:34:04.058 TRACE 8668 --- [    Test worker] o.h.type.descriptor.sql.BasicExtractor   : extracted value ([post_tit6_2_] : [VARCHAR]) - [테스트 글 제목 2]
2023-08-14 13:34:04.058 TRACE 8668 --- [    Test worker] o.h.type.descriptor.sql.BasicExtractor   : extracted value ([post_upd7_2_] : [TIMESTAMP]) - [2023-08-14 11:35:13.349]
2023-08-14 13:34:04.058 TRACE 8668 --- [    Test worker] o.h.type.descriptor.sql.BasicExtractor   : extracted value ([post_vie8_2_] : [INTEGER]) - [0]
2023-08-14 13:34:04.058 TRACE 8668 --- [    Test worker] o.h.type.descriptor.sql.BasicExtractor   : extracted value ([post_wri9_2_] : [VARCHAR]) - [자바]
2023-08-14 13:34:04.058 TRACE 8668 --- [    Test worker] o.h.type.descriptor.sql.BasicExtractor   : extracted value ([post_id1_2_] : [BIGINT]) - [4]
2023-08-14 13:34:04.058 TRACE 8668 --- [    Test worker] o.h.type.descriptor.sql.BasicExtractor   : extracted value ([board_id2_2_] : [BIGINT]) - [1]
2023-08-14 13:34:04.058 TRACE 8668 --- [    Test worker] o.h.type.descriptor.sql.BasicExtractor   : extracted value ([post_con3_2_] : [VARCHAR]) - [Q7oviAmPj6]
2023-08-14 13:34:04.058 TRACE 8668 --- [    Test worker] o.h.type.descriptor.sql.BasicExtractor   : extracted value ([post_cre4_2_] : [TIMESTAMP]) - [2023-08-14 11:35:13.349]
2023-08-14 13:34:04.058 TRACE 8668 --- [    Test worker] o.h.type.descriptor.sql.BasicExtractor   : extracted value ([post_sho5_2_] : [VARCHAR]) - [Y]
2023-08-14 13:34:04.058 TRACE 8668 --- [    Test worker] o.h.type.descriptor.sql.BasicExtractor   : extracted value ([post_tit6_2_] : [VARCHAR]) - [테스트 글 제목 3]
2023-08-14 13:34:04.058 TRACE 8668 --- [    Test worker] o.h.type.descriptor.sql.BasicExtractor   : extracted value ([post_upd7_2_] : [TIMESTAMP]) - [2023-08-14 11:35:13.349]
2023-08-14 13:34:04.058 TRACE 8668 --- [    Test worker] o.h.type.descriptor.sql.BasicExtractor   : extracted value ([post_vie8_2_] : [INTEGER]) - [0]
2023-08-14 13:34:04.058 TRACE 8668 --- [    Test worker] o.h.type.descriptor.sql.BasicExtractor   : extracted value ([post_wri9_2_] : [VARCHAR]) - [자바]
2023-08-14 13:34:04.058 TRACE 8668 --- [    Test worker] o.h.type.descriptor.sql.BasicExtractor   : extracted value ([post_id1_2_] : [BIGINT]) - [5]
2023-08-14 13:34:04.058 TRACE 8668 --- [    Test worker] o.h.type.descriptor.sql.BasicExtractor   : extracted value ([board_id2_2_] : [BIGINT]) - [1]
2023-08-14 13:34:04.058 TRACE 8668 --- [    Test worker] o.h.type.descriptor.sql.BasicExtractor   : extracted value ([post_con3_2_] : [VARCHAR]) - [CBGAO9Kt0V]
2023-08-14 13:34:04.058 TRACE 8668 --- [    Test worker] o.h.type.descriptor.sql.BasicExtractor   : extracted value ([post_cre4_2_] : [TIMESTAMP]) - [2023-08-14 11:35:13.349]
2023-08-14 13:34:04.058 TRACE 8668 --- [    Test worker] o.h.type.descriptor.sql.BasicExtractor   : extracted value ([post_sho5_2_] : [VARCHAR]) - [Y]
2023-08-14 13:34:04.058 TRACE 8668 --- [    Test worker] o.h.type.descriptor.sql.BasicExtractor   : extracted value ([post_tit6_2_] : [VARCHAR]) - [테스트 글 제목 4]
2023-08-14 13:34:04.058 TRACE 8668 --- [    Test worker] o.h.type.descriptor.sql.BasicExtractor   : extracted value ([post_upd7_2_] : [TIMESTAMP]) - [2023-08-14 11:35:13.349]
2023-08-14 13:34:04.058 TRACE 8668 --- [    Test worker] o.h.type.descriptor.sql.BasicExtractor   : extracted value ([post_vie8_2_] : [INTEGER]) - [0]
2023-08-14 13:34:04.058 TRACE 8668 --- [    Test worker] o.h.type.descriptor.sql.BasicExtractor   : extracted value ([post_wri9_2_] : [VARCHAR]) - [자바]
2023-08-14 13:34:04.058 TRACE 8668 --- [    Test worker] o.h.type.descriptor.sql.BasicExtractor   : extracted value ([post_id1_2_] : [BIGINT]) - [6]
2023-08-14 13:34:04.058 TRACE 8668 --- [    Test worker] o.h.type.descriptor.sql.BasicExtractor   : extracted value ([board_id2_2_] : [BIGINT]) - [1]
2023-08-14 13:34:04.058 TRACE 8668 --- [    Test worker] o.h.type.descriptor.sql.BasicExtractor   : extracted value ([post_con3_2_] : [VARCHAR]) - [sfaRicGFhc]
2023-08-14 13:34:04.058 TRACE 8668 --- [    Test worker] o.h.type.descriptor.sql.BasicExtractor   : extracted value ([post_cre4_2_] : [TIMESTAMP]) - [2023-08-14 11:35:13.349]
2023-08-14 13:34:04.058 TRACE 8668 --- [    Test worker] o.h.type.descriptor.sql.BasicExtractor   : extracted value ([post_sho5_2_] : [VARCHAR]) - [Y]
2023-08-14 13:34:04.058 TRACE 8668 --- [    Test worker] o.h.type.descriptor.sql.BasicExtractor   : extracted value ([post_tit6_2_] : [VARCHAR]) - [테스트 글 제목 5]
2023-08-14 13:34:04.058 TRACE 8668 --- [    Test worker] o.h.type.descriptor.sql.BasicExtractor   : extracted value ([post_upd7_2_] : [TIMESTAMP]) - [2023-08-14 11:35:13.349]
2023-08-14 13:34:04.058 TRACE 8668 --- [    Test worker] o.h.type.descriptor.sql.BasicExtractor   : extracted value ([post_vie8_2_] : [INTEGER]) - [0]
2023-08-14 13:34:04.058 TRACE 8668 --- [    Test worker] o.h.type.descriptor.sql.BasicExtractor   : extracted value ([post_wri9_2_] : [VARCHAR]) - [자바]
2023-08-14 13:34:04.058 TRACE 8668 --- [    Test worker] o.h.type.descriptor.sql.BasicExtractor   : extracted value ([post_id1_2_] : [BIGINT]) - [7]
2023-08-14 13:34:04.058 TRACE 8668 --- [    Test worker] o.h.type.descriptor.sql.BasicExtractor   : extracted value ([board_id2_2_] : [BIGINT]) - [1]
2023-08-14 13:34:04.058 TRACE 8668 --- [    Test worker] o.h.type.descriptor.sql.BasicExtractor   : extracted value ([post_con3_2_] : [VARCHAR]) - [2r1rOcj2mC]
2023-08-14 13:34:04.058 TRACE 8668 --- [    Test worker] o.h.type.descriptor.sql.BasicExtractor   : extracted value ([post_cre4_2_] : [TIMESTAMP]) - [2023-08-14 11:35:13.349]
2023-08-14 13:34:04.058 TRACE 8668 --- [    Test worker] o.h.type.descriptor.sql.BasicExtractor   : extracted value ([post_sho5_2_] : [VARCHAR]) - [Y]
2023-08-14 13:34:04.058 TRACE 8668 --- [    Test worker] o.h.type.descriptor.sql.BasicExtractor   : extracted value ([post_tit6_2_] : [VARCHAR]) - [테스트 글 제목 6]
2023-08-14 13:34:04.058 TRACE 8668 --- [    Test worker] o.h.type.descriptor.sql.BasicExtractor   : extracted value ([post_upd7_2_] : [TIMESTAMP]) - [2023-08-14 11:35:13.349]
2023-08-14 13:34:04.058 TRACE 8668 --- [    Test worker] o.h.type.descriptor.sql.BasicExtractor   : extracted value ([post_vie8_2_] : [INTEGER]) - [0]
2023-08-14 13:34:04.058 TRACE 8668 --- [    Test worker] o.h.type.descriptor.sql.BasicExtractor   : extracted value ([post_wri9_2_] : [VARCHAR]) - [자바]
2023-08-14 13:34:04.058 TRACE 8668 --- [    Test worker] o.h.type.descriptor.sql.BasicExtractor   : extracted value ([post_id1_2_] : [BIGINT]) - [8]
2023-08-14 13:34:04.058 TRACE 8668 --- [    Test worker] o.h.type.descriptor.sql.BasicExtractor   : extracted value ([board_id2_2_] : [BIGINT]) - [1]
2023-08-14 13:34:04.058 TRACE 8668 --- [    Test worker] o.h.type.descriptor.sql.BasicExtractor   : extracted value ([post_con3_2_] : [VARCHAR]) - [PDpWudJKSx]
2023-08-14 13:34:04.058 TRACE 8668 --- [    Test worker] o.h.type.descriptor.sql.BasicExtractor   : extracted value ([post_cre4_2_] : [TIMESTAMP]) - [2023-08-14 11:35:13.349]
2023-08-14 13:34:04.058 TRACE 8668 --- [    Test worker] o.h.type.descriptor.sql.BasicExtractor   : extracted value ([post_sho5_2_] : [VARCHAR]) - [Y]
2023-08-14 13:34:04.058 TRACE 8668 --- [    Test worker] o.h.type.descriptor.sql.BasicExtractor   : extracted value ([post_tit6_2_] : [VARCHAR]) - [테스트 글 제목 7]
2023-08-14 13:34:04.058 TRACE 8668 --- [    Test worker] o.h.type.descriptor.sql.BasicExtractor   : extracted value ([post_upd7_2_] : [TIMESTAMP]) - [2023-08-14 11:35:13.349]
2023-08-14 13:34:04.058 TRACE 8668 --- [    Test worker] o.h.type.descriptor.sql.BasicExtractor   : extracted value ([post_vie8_2_] : [INTEGER]) - [0]
2023-08-14 13:34:04.074 TRACE 8668 --- [    Test worker] o.h.type.descriptor.sql.BasicExtractor   : extracted value ([post_wri9_2_] : [VARCHAR]) - [자바]
2023-08-14 13:34:04.074 TRACE 8668 --- [    Test worker] o.h.type.descriptor.sql.BasicExtractor   : extracted value ([post_id1_2_] : [BIGINT]) - [9]
2023-08-14 13:34:04.074 TRACE 8668 --- [    Test worker] o.h.type.descriptor.sql.BasicExtractor   : extracted value ([board_id2_2_] : [BIGINT]) - [1]
2023-08-14 13:34:04.074 TRACE 8668 --- [    Test worker] o.h.type.descriptor.sql.BasicExtractor   : extracted value ([post_con3_2_] : [VARCHAR]) - [p3qMpz7id3]
2023-08-14 13:34:04.074 TRACE 8668 --- [    Test worker] o.h.type.descriptor.sql.BasicExtractor   : extracted value ([post_cre4_2_] : [TIMESTAMP]) - [2023-08-14 11:35:13.364]
2023-08-14 13:34:04.074 TRACE 8668 --- [    Test worker] o.h.type.descriptor.sql.BasicExtractor   : extracted value ([post_sho5_2_] : [VARCHAR]) - [Y]
2023-08-14 13:34:04.074 TRACE 8668 --- [    Test worker] o.h.type.descriptor.sql.BasicExtractor   : extracted value ([post_tit6_2_] : [VARCHAR]) - [테스트 글 제목 8]
2023-08-14 13:34:04.074 TRACE 8668 --- [    Test worker] o.h.type.descriptor.sql.BasicExtractor   : extracted value ([post_upd7_2_] : [TIMESTAMP]) - [2023-08-14 11:35:13.364]
2023-08-14 13:34:04.074 TRACE 8668 --- [    Test worker] o.h.type.descriptor.sql.BasicExtractor   : extracted value ([post_vie8_2_] : [INTEGER]) - [0]
2023-08-14 13:34:04.074 TRACE 8668 --- [    Test worker] o.h.type.descriptor.sql.BasicExtractor   : extracted value ([post_wri9_2_] : [VARCHAR]) - [자바]
2023-08-14 13:34:04.074 TRACE 8668 --- [    Test worker] o.h.type.descriptor.sql.BasicExtractor   : extracted value ([post_id1_2_] : [BIGINT]) - [10]
2023-08-14 13:34:04.074 TRACE 8668 --- [    Test worker] o.h.type.descriptor.sql.BasicExtractor   : extracted value ([board_id2_2_] : [BIGINT]) - [1]
2023-08-14 13:34:04.074 TRACE 8668 --- [    Test worker] o.h.type.descriptor.sql.BasicExtractor   : extracted value ([post_con3_2_] : [VARCHAR]) - [t4kEm9HUxA]
2023-08-14 13:34:04.074 TRACE 8668 --- [    Test worker] o.h.type.descriptor.sql.BasicExtractor   : extracted value ([post_cre4_2_] : [TIMESTAMP]) - [2023-08-14 11:35:13.364]
2023-08-14 13:34:04.074 TRACE 8668 --- [    Test worker] o.h.type.descriptor.sql.BasicExtractor   : extracted value ([post_sho5_2_] : [VARCHAR]) - [Y]
2023-08-14 13:34:04.074 TRACE 8668 --- [    Test worker] o.h.type.descriptor.sql.BasicExtractor   : extracted value ([post_tit6_2_] : [VARCHAR]) - [테스트 글 제목 9]
2023-08-14 13:34:04.074 TRACE 8668 --- [    Test worker] o.h.type.descriptor.sql.BasicExtractor   : extracted value ([post_upd7_2_] : [TIMESTAMP]) - [2023-08-14 11:35:13.364]
2023-08-14 13:34:04.074 TRACE 8668 --- [    Test worker] o.h.type.descriptor.sql.BasicExtractor   : extracted value ([post_vie8_2_] : [INTEGER]) - [0]
2023-08-14 13:34:04.074 TRACE 8668 --- [    Test worker] o.h.type.descriptor.sql.BasicExtractor   : extracted value ([post_wri9_2_] : [VARCHAR]) - [자바]
2023-08-14 13:34:04.074 TRACE 8668 --- [    Test worker] o.h.type.descriptor.sql.BasicExtractor   : extracted value ([post_id1_2_] : [BIGINT]) - [11]
2023-08-14 13:34:04.074 TRACE 8668 --- [    Test worker] o.h.type.descriptor.sql.BasicExtractor   : extracted value ([board_id2_2_] : [BIGINT]) - [1]
2023-08-14 13:34:04.074 TRACE 8668 --- [    Test worker] o.h.type.descriptor.sql.BasicExtractor   : extracted value ([post_con3_2_] : [VARCHAR]) - [bmgWcMaCYF]
2023-08-14 13:34:04.074 TRACE 8668 --- [    Test worker] o.h.type.descriptor.sql.BasicExtractor   : extracted value ([post_cre4_2_] : [TIMESTAMP]) - [2023-08-14 11:35:13.364]
2023-08-14 13:34:04.074 TRACE 8668 --- [    Test worker] o.h.type.descriptor.sql.BasicExtractor   : extracted value ([post_sho5_2_] : [VARCHAR]) - [Y]
2023-08-14 13:34:04.074 TRACE 8668 --- [    Test worker] o.h.type.descriptor.sql.BasicExtractor   : extracted value ([post_tit6_2_] : [VARCHAR]) - [테스트 글 제목 10]
2023-08-14 13:34:04.074 TRACE 8668 --- [    Test worker] o.h.type.descriptor.sql.BasicExtractor   : extracted value ([post_upd7_2_] : [TIMESTAMP]) - [2023-08-14 11:35:13.364]
2023-08-14 13:34:04.074 TRACE 8668 --- [    Test worker] o.h.type.descriptor.sql.BasicExtractor   : extracted value ([post_vie8_2_] : [INTEGER]) - [0]
2023-08-14 13:34:04.074 TRACE 8668 --- [    Test worker] o.h.type.descriptor.sql.BasicExtractor   : extracted value ([post_wri9_2_] : [VARCHAR]) - [자바]
2023-08-14 13:34:04.074 TRACE 8668 --- [    Test worker] o.h.type.descriptor.sql.BasicExtractor   : extracted value ([post_id1_2_] : [BIGINT]) - [12]
2023-08-14 13:34:04.074 TRACE 8668 --- [    Test worker] o.h.type.descriptor.sql.BasicExtractor   : extracted value ([board_id2_2_] : [BIGINT]) - [1]
2023-08-14 13:34:04.074 TRACE 8668 --- [    Test worker] o.h.type.descriptor.sql.BasicExtractor   : extracted value ([post_con3_2_] : [VARCHAR]) - [XedKswfiGU]
2023-08-14 13:34:04.074 TRACE 8668 --- [    Test worker] o.h.type.descriptor.sql.BasicExtractor   : extracted value ([post_cre4_2_] : [TIMESTAMP]) - [2023-08-14 11:35:13.364]
2023-08-14 13:34:04.074 TRACE 8668 --- [    Test worker] o.h.type.descriptor.sql.BasicExtractor   : extracted value ([post_sho5_2_] : [VARCHAR]) - [Y]
2023-08-14 13:34:04.074 TRACE 8668 --- [    Test worker] o.h.type.descriptor.sql.BasicExtractor   : extracted value ([post_tit6_2_] : [VARCHAR]) - [테스트 글 제목 11]
2023-08-14 13:34:04.074 TRACE 8668 --- [    Test worker] o.h.type.descriptor.sql.BasicExtractor   : extracted value ([post_upd7_2_] : [TIMESTAMP]) - [2023-08-14 11:35:13.364]
2023-08-14 13:34:04.074 TRACE 8668 --- [    Test worker] o.h.type.descriptor.sql.BasicExtractor   : extracted value ([post_vie8_2_] : [INTEGER]) - [0]
2023-08-14 13:34:04.074 TRACE 8668 --- [    Test worker] o.h.type.descriptor.sql.BasicExtractor   : extracted value ([post_wri9_2_] : [VARCHAR]) - [자바]
2023-08-14 13:34:04.074 TRACE 8668 --- [    Test worker] o.h.type.descriptor.sql.BasicExtractor   : extracted value ([post_id1_2_] : [BIGINT]) - [13]
2023-08-14 13:34:04.074 TRACE 8668 --- [    Test worker] o.h.type.descriptor.sql.BasicExtractor   : extracted value ([board_id2_2_] : [BIGINT]) - [1]
2023-08-14 13:34:04.074 TRACE 8668 --- [    Test worker] o.h.type.descriptor.sql.BasicExtractor   : extracted value ([post_con3_2_] : [VARCHAR]) - [yXqusGg5nH]
2023-08-14 13:34:04.074 TRACE 8668 --- [    Test worker] o.h.type.descriptor.sql.BasicExtractor   : extracted value ([post_cre4_2_] : [TIMESTAMP]) - [2023-08-14 11:35:13.364]
2023-08-14 13:34:04.074 TRACE 8668 --- [    Test worker] o.h.type.descriptor.sql.BasicExtractor   : extracted value ([post_sho5_2_] : [VARCHAR]) - [Y]
2023-08-14 13:34:04.074 TRACE 8668 --- [    Test worker] o.h.type.descriptor.sql.BasicExtractor   : extracted value ([post_tit6_2_] : [VARCHAR]) - [테스트 글 제목 12]
2023-08-14 13:34:04.074 TRACE 8668 --- [    Test worker] o.h.type.descriptor.sql.BasicExtractor   : extracted value ([post_upd7_2_] : [TIMESTAMP]) - [2023-08-14 11:35:13.364]
2023-08-14 13:34:04.074 TRACE 8668 --- [    Test worker] o.h.type.descriptor.sql.BasicExtractor   : extracted value ([post_vie8_2_] : [INTEGER]) - [0]
2023-08-14 13:34:04.074 TRACE 8668 --- [    Test worker] o.h.type.descriptor.sql.BasicExtractor   : extracted value ([post_wri9_2_] : [VARCHAR]) - [자바]
2023-08-14 13:34:04.074 TRACE 8668 --- [    Test worker] o.h.type.descriptor.sql.BasicExtractor   : extracted value ([post_id1_2_] : [BIGINT]) - [14]
2023-08-14 13:34:04.074 TRACE 8668 --- [    Test worker] o.h.type.descriptor.sql.BasicExtractor   : extracted value ([board_id2_2_] : [BIGINT]) - [1]
2023-08-14 13:34:04.074 TRACE 8668 --- [    Test worker] o.h.type.descriptor.sql.BasicExtractor   : extracted value ([post_con3_2_] : [VARCHAR]) - [0Bhmnq70gQ]
2023-08-14 13:34:04.074 TRACE 8668 --- [    Test worker] o.h.type.descriptor.sql.BasicExtractor   : extracted value ([post_cre4_2_] : [TIMESTAMP]) - [2023-08-14 11:35:13.364]
2023-08-14 13:34:04.074 TRACE 8668 --- [    Test worker] o.h.type.descriptor.sql.BasicExtractor   : extracted value ([post_sho5_2_] : [VARCHAR]) - [Y]
2023-08-14 13:34:04.074 TRACE 8668 --- [    Test worker] o.h.type.descriptor.sql.BasicExtractor   : extracted value ([post_tit6_2_] : [VARCHAR]) - [테스트 글 제목 13]
2023-08-14 13:34:04.074 TRACE 8668 --- [    Test worker] o.h.type.descriptor.sql.BasicExtractor   : extracted value ([post_upd7_2_] : [TIMESTAMP]) - [2023-08-14 11:35:13.364]
2023-08-14 13:34:04.074 TRACE 8668 --- [    Test worker] o.h.type.descriptor.sql.BasicExtractor   : extracted value ([post_vie8_2_] : [INTEGER]) - [0]
2023-08-14 13:34:04.074 TRACE 8668 --- [    Test worker] o.h.type.descriptor.sql.BasicExtractor   : extracted value ([post_wri9_2_] : [VARCHAR]) - [자바]
2023-08-14 13:34:04.074 TRACE 8668 --- [    Test worker] o.h.type.descriptor.sql.BasicExtractor   : extracted value ([post_id1_2_] : [BIGINT]) - [15]
2023-08-14 13:34:04.074 TRACE 8668 --- [    Test worker] o.h.type.descriptor.sql.BasicExtractor   : extracted value ([board_id2_2_] : [BIGINT]) - [1]
2023-08-14 13:34:04.074 TRACE 8668 --- [    Test worker] o.h.type.descriptor.sql.BasicExtractor   : extracted value ([post_con3_2_] : [VARCHAR]) - [WwlxgRSuzb]
2023-08-14 13:34:04.074 TRACE 8668 --- [    Test worker] o.h.type.descriptor.sql.BasicExtractor   : extracted value ([post_cre4_2_] : [TIMESTAMP]) - [2023-08-14 11:35:13.364]
2023-08-14 13:34:04.074 TRACE 8668 --- [    Test worker] o.h.type.descriptor.sql.BasicExtractor   : extracted value ([post_sho5_2_] : [VARCHAR]) - [Y]
2023-08-14 13:34:04.074 TRACE 8668 --- [    Test worker] o.h.type.descriptor.sql.BasicExtractor   : extracted value ([post_tit6_2_] : [VARCHAR]) - [테스트 글 제목 14]
2023-08-14 13:34:04.074 TRACE 8668 --- [    Test worker] o.h.type.descriptor.sql.BasicExtractor   : extracted value ([post_upd7_2_] : [TIMESTAMP]) - [2023-08-14 11:35:13.364]
2023-08-14 13:34:04.074 TRACE 8668 --- [    Test worker] o.h.type.descriptor.sql.BasicExtractor   : extracted value ([post_vie8_2_] : [INTEGER]) - [0]
2023-08-14 13:34:04.074 TRACE 8668 --- [    Test worker] o.h.type.descriptor.sql.BasicExtractor   : extracted value ([post_wri9_2_] : [VARCHAR]) - [자바]
2023-08-14 13:34:04.074 TRACE 8668 --- [    Test worker] o.h.type.descriptor.sql.BasicExtractor   : extracted value ([post_id1_2_] : [BIGINT]) - [16]
2023-08-14 13:34:04.074 TRACE 8668 --- [    Test worker] o.h.type.descriptor.sql.BasicExtractor   : extracted value ([board_id2_2_] : [BIGINT]) - [1]
2023-08-14 13:34:04.074 TRACE 8668 --- [    Test worker] o.h.type.descriptor.sql.BasicExtractor   : extracted value ([post_con3_2_] : [VARCHAR]) - [YZjvcIVrpo]
2023-08-14 13:34:04.074 TRACE 8668 --- [    Test worker] o.h.type.descriptor.sql.BasicExtractor   : extracted value ([post_cre4_2_] : [TIMESTAMP]) - [2023-08-14 11:35:13.38]
2023-08-14 13:34:04.074 TRACE 8668 --- [    Test worker] o.h.type.descriptor.sql.BasicExtractor   : extracted value ([post_sho5_2_] : [VARCHAR]) - [Y]
2023-08-14 13:34:04.074 TRACE 8668 --- [    Test worker] o.h.type.descriptor.sql.BasicExtractor   : extracted value ([post_tit6_2_] : [VARCHAR]) - [테스트 글 제목 15]
2023-08-14 13:34:04.074 TRACE 8668 --- [    Test worker] o.h.type.descriptor.sql.BasicExtractor   : extracted value ([post_upd7_2_] : [TIMESTAMP]) - [2023-08-14 11:35:13.38]
2023-08-14 13:34:04.074 TRACE 8668 --- [    Test worker] o.h.type.descriptor.sql.BasicExtractor   : extracted value ([post_vie8_2_] : [INTEGER]) - [0]
2023-08-14 13:34:04.074 TRACE 8668 --- [    Test worker] o.h.type.descriptor.sql.BasicExtractor   : extracted value ([post_wri9_2_] : [VARCHAR]) - [자바]
2023-08-14 13:34:04.074 TRACE 8668 --- [    Test worker] o.h.type.descriptor.sql.BasicExtractor   : extracted value ([post_id1_2_] : [BIGINT]) - [17]
2023-08-14 13:34:04.074 TRACE 8668 --- [    Test worker] o.h.type.descriptor.sql.BasicExtractor   : extracted value ([board_id2_2_] : [BIGINT]) - [1]
2023-08-14 13:34:04.074 TRACE 8668 --- [    Test worker] o.h.type.descriptor.sql.BasicExtractor   : extracted value ([post_con3_2_] : [VARCHAR]) - [FRGPad7tuY]
2023-08-14 13:34:04.074 TRACE 8668 --- [    Test worker] o.h.type.descriptor.sql.BasicExtractor   : extracted value ([post_cre4_2_] : [TIMESTAMP]) - [2023-08-14 11:35:13.38]
2023-08-14 13:34:04.074 TRACE 8668 --- [    Test worker] o.h.type.descriptor.sql.BasicExtractor   : extracted value ([post_sho5_2_] : [VARCHAR]) - [Y]
2023-08-14 13:34:04.074 TRACE 8668 --- [    Test worker] o.h.type.descriptor.sql.BasicExtractor   : extracted value ([post_tit6_2_] : [VARCHAR]) - [테스트 글 제목 16]
2023-08-14 13:34:04.074 TRACE 8668 --- [    Test worker] o.h.type.descriptor.sql.BasicExtractor   : extracted value ([post_upd7_2_] : [TIMESTAMP]) - [2023-08-14 11:35:13.38]
2023-08-14 13:34:04.074 TRACE 8668 --- [    Test worker] o.h.type.descriptor.sql.BasicExtractor   : extracted value ([post_vie8_2_] : [INTEGER]) - [0]
2023-08-14 13:34:04.074 TRACE 8668 --- [    Test worker] o.h.type.descriptor.sql.BasicExtractor   : extracted value ([post_wri9_2_] : [VARCHAR]) - [자바]
2023-08-14 13:34:04.074 TRACE 8668 --- [    Test worker] o.h.type.descriptor.sql.BasicExtractor   : extracted value ([post_id1_2_] : [BIGINT]) - [18]
2023-08-14 13:34:04.074 TRACE 8668 --- [    Test worker] o.h.type.descriptor.sql.BasicExtractor   : extracted value ([board_id2_2_] : [BIGINT]) - [1]
2023-08-14 13:34:04.074 TRACE 8668 --- [    Test worker] o.h.type.descriptor.sql.BasicExtractor   : extracted value ([post_con3_2_] : [VARCHAR]) - [U4zsVKEdyI]
2023-08-14 13:34:04.074 TRACE 8668 --- [    Test worker] o.h.type.descriptor.sql.BasicExtractor   : extracted value ([post_cre4_2_] : [TIMESTAMP]) - [2023-08-14 11:35:13.38]
2023-08-14 13:34:04.074 TRACE 8668 --- [    Test worker] o.h.type.descriptor.sql.BasicExtractor   : extracted value ([post_sho5_2_] : [VARCHAR]) - [Y]
2023-08-14 13:34:04.074 TRACE 8668 --- [    Test worker] o.h.type.descriptor.sql.BasicExtractor   : extracted value ([post_tit6_2_] : [VARCHAR]) - [테스트 글 제목 17]
2023-08-14 13:34:04.074 TRACE 8668 --- [    Test worker] o.h.type.descriptor.sql.BasicExtractor   : extracted value ([post_upd7_2_] : [TIMESTAMP]) - [2023-08-14 11:35:13.38]
2023-08-14 13:34:04.074 TRACE 8668 --- [    Test worker] o.h.type.descriptor.sql.BasicExtractor   : extracted value ([post_vie8_2_] : [INTEGER]) - [0]
2023-08-14 13:34:04.074 TRACE 8668 --- [    Test worker] o.h.type.descriptor.sql.BasicExtractor   : extracted value ([post_wri9_2_] : [VARCHAR]) - [자바]
2023-08-14 13:34:04.074 TRACE 8668 --- [    Test worker] o.h.type.descriptor.sql.BasicExtractor   : extracted value ([post_id1_2_] : [BIGINT]) - [19]
2023-08-14 13:34:04.074 TRACE 8668 --- [    Test worker] o.h.type.descriptor.sql.BasicExtractor   : extracted value ([board_id2_2_] : [BIGINT]) - [1]
2023-08-14 13:34:04.074 TRACE 8668 --- [    Test worker] o.h.type.descriptor.sql.BasicExtractor   : extracted value ([post_con3_2_] : [VARCHAR]) - [7za6tlf6RZ]
2023-08-14 13:34:04.074 TRACE 8668 --- [    Test worker] o.h.type.descriptor.sql.BasicExtractor   : extracted value ([post_cre4_2_] : [TIMESTAMP]) - [2023-08-14 11:35:13.38]
2023-08-14 13:34:04.074 TRACE 8668 --- [    Test worker] o.h.type.descriptor.sql.BasicExtractor   : extracted value ([post_sho5_2_] : [VARCHAR]) - [Y]
2023-08-14 13:34:04.074 TRACE 8668 --- [    Test worker] o.h.type.descriptor.sql.BasicExtractor   : extracted value ([post_tit6_2_] : [VARCHAR]) - [테스트 글 제목 18]
2023-08-14 13:34:04.074 TRACE 8668 --- [    Test worker] o.h.type.descriptor.sql.BasicExtractor   : extracted value ([post_upd7_2_] : [TIMESTAMP]) - [2023-08-14 11:35:13.38]
2023-08-14 13:34:04.074 TRACE 8668 --- [    Test worker] o.h.type.descriptor.sql.BasicExtractor   : extracted value ([post_vie8_2_] : [INTEGER]) - [0]
2023-08-14 13:34:04.074 TRACE 8668 --- [    Test worker] o.h.type.descriptor.sql.BasicExtractor   : extracted value ([post_wri9_2_] : [VARCHAR]) - [자바]
2023-08-14 13:34:04.074 TRACE 8668 --- [    Test worker] o.h.type.descriptor.sql.BasicExtractor   : extracted value ([post_id1_2_] : [BIGINT]) - [20]
2023-08-14 13:34:04.074 TRACE 8668 --- [    Test worker] o.h.type.descriptor.sql.BasicExtractor   : extracted value ([board_id2_2_] : [BIGINT]) - [1]
2023-08-14 13:34:04.074 TRACE 8668 --- [    Test worker] o.h.type.descriptor.sql.BasicExtractor   : extracted value ([post_con3_2_] : [VARCHAR]) - [wMtpEI1N8M]
2023-08-14 13:34:04.074 TRACE 8668 --- [    Test worker] o.h.type.descriptor.sql.BasicExtractor   : extracted value ([post_cre4_2_] : [TIMESTAMP]) - [2023-08-14 11:35:13.38]
2023-08-14 13:34:04.074 TRACE 8668 --- [    Test worker] o.h.type.descriptor.sql.BasicExtractor   : extracted value ([post_sho5_2_] : [VARCHAR]) - [Y]
2023-08-14 13:34:04.074 TRACE 8668 --- [    Test worker] o.h.type.descriptor.sql.BasicExtractor   : extracted value ([post_tit6_2_] : [VARCHAR]) - [테스트 글 제목 19]
2023-08-14 13:34:04.074 TRACE 8668 --- [    Test worker] o.h.type.descriptor.sql.BasicExtractor   : extracted value ([post_upd7_2_] : [TIMESTAMP]) - [2023-08-14 11:35:13.38]
2023-08-14 13:34:04.074 TRACE 8668 --- [    Test worker] o.h.type.descriptor.sql.BasicExtractor   : extracted value ([post_vie8_2_] : [INTEGER]) - [0]
2023-08-14 13:34:04.074 TRACE 8668 --- [    Test worker] o.h.type.descriptor.sql.BasicExtractor   : extracted value ([post_wri9_2_] : [VARCHAR]) - [자바]
2023-08-14 13:34:04.074 TRACE 8668 --- [    Test worker] o.h.type.descriptor.sql.BasicExtractor   : extracted value ([post_id1_2_] : [BIGINT]) - [21]
2023-08-14 13:34:04.074 TRACE 8668 --- [    Test worker] o.h.type.descriptor.sql.BasicExtractor   : extracted value ([board_id2_2_] : [BIGINT]) - [1]
2023-08-14 13:34:04.074 TRACE 8668 --- [    Test worker] o.h.type.descriptor.sql.BasicExtractor   : extracted value ([post_con3_2_] : [VARCHAR]) - [uiGRKlwsqW]
2023-08-14 13:34:04.074 TRACE 8668 --- [    Test worker] o.h.type.descriptor.sql.BasicExtractor   : extracted value ([post_cre4_2_] : [TIMESTAMP]) - [2023-08-14 11:35:13.396]
2023-08-14 13:34:04.074 TRACE 8668 --- [    Test worker] o.h.type.descriptor.sql.BasicExtractor   : extracted value ([post_sho5_2_] : [VARCHAR]) - [Y]
2023-08-14 13:34:04.074 TRACE 8668 --- [    Test worker] o.h.type.descriptor.sql.BasicExtractor   : extracted value ([post_tit6_2_] : [VARCHAR]) - [테스트 글 제목 20]
2023-08-14 13:34:04.074 TRACE 8668 --- [    Test worker] o.h.type.descriptor.sql.BasicExtractor   : extracted value ([post_upd7_2_] : [TIMESTAMP]) - [2023-08-14 11:35:13.396]
2023-08-14 13:34:04.074 TRACE 8668 --- [    Test worker] o.h.type.descriptor.sql.BasicExtractor   : extracted value ([post_vie8_2_] : [INTEGER]) - [0]
2023-08-14 13:34:04.074 TRACE 8668 --- [    Test worker] o.h.type.descriptor.sql.BasicExtractor   : extracted value ([post_wri9_2_] : [VARCHAR]) - [자바]
2023-08-14 13:34:04.074 TRACE 8668 --- [    Test worker] o.h.type.descriptor.sql.BasicExtractor   : extracted value ([post_id1_2_] : [BIGINT]) - [22]
2023-08-14 13:34:04.074 TRACE 8668 --- [    Test worker] o.h.type.descriptor.sql.BasicExtractor   : extracted value ([board_id2_2_] : [BIGINT]) - [1]
2023-08-14 13:34:04.074 TRACE 8668 --- [    Test worker] o.h.type.descriptor.sql.BasicExtractor   : extracted value ([post_con3_2_] : [VARCHAR]) - [Z2aJ9hPxHk]
2023-08-14 13:34:04.074 TRACE 8668 --- [    Test worker] o.h.type.descriptor.sql.BasicExtractor   : extracted value ([post_cre4_2_] : [TIMESTAMP]) - [2023-08-14 11:35:13.396]
2023-08-14 13:34:04.074 TRACE 8668 --- [    Test worker] o.h.type.descriptor.sql.BasicExtractor   : extracted value ([post_sho5_2_] : [VARCHAR]) - [Y]
2023-08-14 13:34:04.074 TRACE 8668 --- [    Test worker] o.h.type.descriptor.sql.BasicExtractor   : extracted value ([post_tit6_2_] : [VARCHAR]) - [테스트 글 제목 21]
2023-08-14 13:34:04.074 TRACE 8668 --- [    Test worker] o.h.type.descriptor.sql.BasicExtractor   : extracted value ([post_upd7_2_] : [TIMESTAMP]) - [2023-08-14 11:35:13.396]
2023-08-14 13:34:04.074 TRACE 8668 --- [    Test worker] o.h.type.descriptor.sql.BasicExtractor   : extracted value ([post_vie8_2_] : [INTEGER]) - [0]
2023-08-14 13:34:04.074 TRACE 8668 --- [    Test worker] o.h.type.descriptor.sql.BasicExtractor   : extracted value ([post_wri9_2_] : [VARCHAR]) - [자바]
2023-08-14 13:34:04.074 TRACE 8668 --- [    Test worker] o.h.type.descriptor.sql.BasicExtractor   : extracted value ([post_id1_2_] : [BIGINT]) - [23]
2023-08-14 13:34:04.074 TRACE 8668 --- [    Test worker] o.h.type.descriptor.sql.BasicExtractor   : extracted value ([board_id2_2_] : [BIGINT]) - [1]
2023-08-14 13:34:04.074 TRACE 8668 --- [    Test worker] o.h.type.descriptor.sql.BasicExtractor   : extracted value ([post_con3_2_] : [VARCHAR]) - [nlA4Ha8rTI]
2023-08-14 13:34:04.074 TRACE 8668 --- [    Test worker] o.h.type.descriptor.sql.BasicExtractor   : extracted value ([post_cre4_2_] : [TIMESTAMP]) - [2023-08-14 11:35:13.396]
2023-08-14 13:34:04.074 TRACE 8668 --- [    Test worker] o.h.type.descriptor.sql.BasicExtractor   : extracted value ([post_sho5_2_] : [VARCHAR]) - [Y]
2023-08-14 13:34:04.074 TRACE 8668 --- [    Test worker] o.h.type.descriptor.sql.BasicExtractor   : extracted value ([post_tit6_2_] : [VARCHAR]) - [테스트 글 제목 22]
2023-08-14 13:34:04.074 TRACE 8668 --- [    Test worker] o.h.type.descriptor.sql.BasicExtractor   : extracted value ([post_upd7_2_] : [TIMESTAMP]) - [2023-08-14 11:35:13.396]
2023-08-14 13:34:04.074 TRACE 8668 --- [    Test worker] o.h.type.descriptor.sql.BasicExtractor   : extracted value ([post_vie8_2_] : [INTEGER]) - [0]
2023-08-14 13:34:04.074 TRACE 8668 --- [    Test worker] o.h.type.descriptor.sql.BasicExtractor   : extracted value ([post_wri9_2_] : [VARCHAR]) - [자바]
2023-08-14 13:34:04.074 TRACE 8668 --- [    Test worker] o.h.type.descriptor.sql.BasicExtractor   : extracted value ([post_id1_2_] : [BIGINT]) - [24]
2023-08-14 13:34:04.074 TRACE 8668 --- [    Test worker] o.h.type.descriptor.sql.BasicExtractor   : extracted value ([board_id2_2_] : [BIGINT]) - [1]
2023-08-14 13:34:04.074 TRACE 8668 --- [    Test worker] o.h.type.descriptor.sql.BasicExtractor   : extracted value ([post_con3_2_] : [VARCHAR]) - [34QwoQ4rDn]
2023-08-14 13:34:04.074 TRACE 8668 --- [    Test worker] o.h.type.descriptor.sql.BasicExtractor   : extracted value ([post_cre4_2_] : [TIMESTAMP]) - [2023-08-14 11:35:13.396]
2023-08-14 13:34:04.074 TRACE 8668 --- [    Test worker] o.h.type.descriptor.sql.BasicExtractor   : extracted value ([post_sho5_2_] : [VARCHAR]) - [Y]
2023-08-14 13:34:04.074 TRACE 8668 --- [    Test worker] o.h.type.descriptor.sql.BasicExtractor   : extracted value ([post_tit6_2_] : [VARCHAR]) - [테스트 글 제목 23]
2023-08-14 13:34:04.074 TRACE 8668 --- [    Test worker] o.h.type.descriptor.sql.BasicExtractor   : extracted value ([post_upd7_2_] : [TIMESTAMP]) - [2023-08-14 11:35:13.396]
2023-08-14 13:34:04.074 TRACE 8668 --- [    Test worker] o.h.type.descriptor.sql.BasicExtractor   : extracted value ([post_vie8_2_] : [INTEGER]) - [0]
2023-08-14 13:34:04.074 TRACE 8668 --- [    Test worker] o.h.type.descriptor.sql.BasicExtractor   : extracted value ([post_wri9_2_] : [VARCHAR]) - [자바]
2023-08-14 13:34:04.074 TRACE 8668 --- [    Test worker] o.h.type.descriptor.sql.BasicExtractor   : extracted value ([post_id1_2_] : [BIGINT]) - [25]
2023-08-14 13:34:04.074 TRACE 8668 --- [    Test worker] o.h.type.descriptor.sql.BasicExtractor   : extracted value ([board_id2_2_] : [BIGINT]) - [1]
2023-08-14 13:34:04.074 TRACE 8668 --- [    Test worker] o.h.type.descriptor.sql.BasicExtractor   : extracted value ([post_con3_2_] : [VARCHAR]) - [qW90gEGLxu]
2023-08-14 13:34:04.074 TRACE 8668 --- [    Test worker] o.h.type.descriptor.sql.BasicExtractor   : extracted value ([post_cre4_2_] : [TIMESTAMP]) - [2023-08-14 11:35:13.396]
2023-08-14 13:34:04.074 TRACE 8668 --- [    Test worker] o.h.type.descriptor.sql.BasicExtractor   : extracted value ([post_sho5_2_] : [VARCHAR]) - [Y]
2023-08-14 13:34:04.074 TRACE 8668 --- [    Test worker] o.h.type.descriptor.sql.BasicExtractor   : extracted value ([post_tit6_2_] : [VARCHAR]) - [테스트 글 제목 24]
2023-08-14 13:34:04.074 TRACE 8668 --- [    Test worker] o.h.type.descriptor.sql.BasicExtractor   : extracted value ([post_upd7_2_] : [TIMESTAMP]) - [2023-08-14 11:35:13.396]
2023-08-14 13:34:04.074 TRACE 8668 --- [    Test worker] o.h.type.descriptor.sql.BasicExtractor   : extracted value ([post_vie8_2_] : [INTEGER]) - [0]
2023-08-14 13:34:04.074 TRACE 8668 --- [    Test worker] o.h.type.descriptor.sql.BasicExtractor   : extracted value ([post_wri9_2_] : [VARCHAR]) - [자바]
2023-08-14 13:34:04.074 TRACE 8668 --- [    Test worker] o.h.type.descriptor.sql.BasicExtractor   : extracted value ([post_id1_2_] : [BIGINT]) - [26]
2023-08-14 13:34:04.074 TRACE 8668 --- [    Test worker] o.h.type.descriptor.sql.BasicExtractor   : extracted value ([board_id2_2_] : [BIGINT]) - [1]
2023-08-14 13:34:04.074 TRACE 8668 --- [    Test worker] o.h.type.descriptor.sql.BasicExtractor   : extracted value ([post_con3_2_] : [VARCHAR]) - [tGjqBohzgB]
2023-08-14 13:34:04.074 TRACE 8668 --- [    Test worker] o.h.type.descriptor.sql.BasicExtractor   : extracted value ([post_cre4_2_] : [TIMESTAMP]) - [2023-08-14 11:35:13.396]
2023-08-14 13:34:04.074 TRACE 8668 --- [    Test worker] o.h.type.descriptor.sql.BasicExtractor   : extracted value ([post_sho5_2_] : [VARCHAR]) - [Y]
2023-08-14 13:34:04.074 TRACE 8668 --- [    Test worker] o.h.type.descriptor.sql.BasicExtractor   : extracted value ([post_tit6_2_] : [VARCHAR]) - [테스트 글 제목 25]
2023-08-14 13:34:04.074 TRACE 8668 --- [    Test worker] o.h.type.descriptor.sql.BasicExtractor   : extracted value ([post_upd7_2_] : [TIMESTAMP]) - [2023-08-14 11:35:13.396]
2023-08-14 13:34:04.074 TRACE 8668 --- [    Test worker] o.h.type.descriptor.sql.BasicExtractor   : extracted value ([post_vie8_2_] : [INTEGER]) - [0]
2023-08-14 13:34:04.074 TRACE 8668 --- [    Test worker] o.h.type.descriptor.sql.BasicExtractor   : extracted value ([post_wri9_2_] : [VARCHAR]) - [자바]
2023-08-14 13:34:04.074 TRACE 8668 --- [    Test worker] o.h.type.descriptor.sql.BasicExtractor   : extracted value ([post_id1_2_] : [BIGINT]) - [27]
2023-08-14 13:34:04.074 TRACE 8668 --- [    Test worker] o.h.type.descriptor.sql.BasicExtractor   : extracted value ([board_id2_2_] : [BIGINT]) - [1]
2023-08-14 13:34:04.074 TRACE 8668 --- [    Test worker] o.h.type.descriptor.sql.BasicExtractor   : extracted value ([post_con3_2_] : [VARCHAR]) - [kCzAQsw4xG]
2023-08-14 13:34:04.074 TRACE 8668 --- [    Test worker] o.h.type.descriptor.sql.BasicExtractor   : extracted value ([post_cre4_2_] : [TIMESTAMP]) - [2023-08-14 11:35:13.396]
2023-08-14 13:34:04.074 TRACE 8668 --- [    Test worker] o.h.type.descriptor.sql.BasicExtractor   : extracted value ([post_sho5_2_] : [VARCHAR]) - [Y]
2023-08-14 13:34:04.074 TRACE 8668 --- [    Test worker] o.h.type.descriptor.sql.BasicExtractor   : extracted value ([post_tit6_2_] : [VARCHAR]) - [테스트 글 제목 26]
2023-08-14 13:34:04.074 TRACE 8668 --- [    Test worker] o.h.type.descriptor.sql.BasicExtractor   : extracted value ([post_upd7_2_] : [TIMESTAMP]) - [2023-08-14 11:35:13.396]
2023-08-14 13:34:04.074 TRACE 8668 --- [    Test worker] o.h.type.descriptor.sql.BasicExtractor   : extracted value ([post_vie8_2_] : [INTEGER]) - [0]
2023-08-14 13:34:04.074 TRACE 8668 --- [    Test worker] o.h.type.descriptor.sql.BasicExtractor   : extracted value ([post_wri9_2_] : [VARCHAR]) - [자바]
2023-08-14 13:34:04.074 TRACE 8668 --- [    Test worker] o.h.type.descriptor.sql.BasicExtractor   : extracted value ([post_id1_2_] : [BIGINT]) - [28]
2023-08-14 13:34:04.074 TRACE 8668 --- [    Test worker] o.h.type.descriptor.sql.BasicExtractor   : extracted value ([board_id2_2_] : [BIGINT]) - [1]
2023-08-14 13:34:04.074 TRACE 8668 --- [    Test worker] o.h.type.descriptor.sql.BasicExtractor   : extracted value ([post_con3_2_] : [VARCHAR]) - [cDJ7HVkaT8]
2023-08-14 13:34:04.074 TRACE 8668 --- [    Test worker] o.h.type.descriptor.sql.BasicExtractor   : extracted value ([post_cre4_2_] : [TIMESTAMP]) - [2023-08-14 11:35:13.396]
2023-08-14 13:34:04.074 TRACE 8668 --- [    Test worker] o.h.type.descriptor.sql.BasicExtractor   : extracted value ([post_sho5_2_] : [VARCHAR]) - [Y]
2023-08-14 13:34:04.074 TRACE 8668 --- [    Test worker] o.h.type.descriptor.sql.BasicExtractor   : extracted value ([post_tit6_2_] : [VARCHAR]) - [테스트 글 제목 27]
2023-08-14 13:34:04.074 TRACE 8668 --- [    Test worker] o.h.type.descriptor.sql.BasicExtractor   : extracted value ([post_upd7_2_] : [TIMESTAMP]) - [2023-08-14 11:35:13.396]
2023-08-14 13:34:04.074 TRACE 8668 --- [    Test worker] o.h.type.descriptor.sql.BasicExtractor   : extracted value ([post_vie8_2_] : [INTEGER]) - [0]
2023-08-14 13:34:04.074 TRACE 8668 --- [    Test worker] o.h.type.descriptor.sql.BasicExtractor   : extracted value ([post_wri9_2_] : [VARCHAR]) - [자바]
2023-08-14 13:34:04.074 TRACE 8668 --- [    Test worker] o.h.type.descriptor.sql.BasicExtractor   : extracted value ([post_id1_2_] : [BIGINT]) - [29]
2023-08-14 13:34:04.074 TRACE 8668 --- [    Test worker] o.h.type.descriptor.sql.BasicExtractor   : extracted value ([board_id2_2_] : [BIGINT]) - [1]
2023-08-14 13:34:04.074 TRACE 8668 --- [    Test worker] o.h.type.descriptor.sql.BasicExtractor   : extracted value ([post_con3_2_] : [VARCHAR]) - [DpnvhZIJVm]
2023-08-14 13:34:04.074 TRACE 8668 --- [    Test worker] o.h.type.descriptor.sql.BasicExtractor   : extracted value ([post_cre4_2_] : [TIMESTAMP]) - [2023-08-14 11:35:13.411]
2023-08-14 13:34:04.074 TRACE 8668 --- [    Test worker] o.h.type.descriptor.sql.BasicExtractor   : extracted value ([post_sho5_2_] : [VARCHAR]) - [Y]
2023-08-14 13:34:04.074 TRACE 8668 --- [    Test worker] o.h.type.descriptor.sql.BasicExtractor   : extracted value ([post_tit6_2_] : [VARCHAR]) - [테스트 글 제목 28]
2023-08-14 13:34:04.074 TRACE 8668 --- [    Test worker] o.h.type.descriptor.sql.BasicExtractor   : extracted value ([post_upd7_2_] : [TIMESTAMP]) - [2023-08-14 11:35:13.411]
2023-08-14 13:34:04.074 TRACE 8668 --- [    Test worker] o.h.type.descriptor.sql.BasicExtractor   : extracted value ([post_vie8_2_] : [INTEGER]) - [0]
2023-08-14 13:34:04.074 TRACE 8668 --- [    Test worker] o.h.type.descriptor.sql.BasicExtractor   : extracted value ([post_wri9_2_] : [VARCHAR]) - [자바]
2023-08-14 13:34:04.074 TRACE 8668 --- [    Test worker] o.h.type.descriptor.sql.BasicExtractor   : extracted value ([post_id1_2_] : [BIGINT]) - [30]
2023-08-14 13:34:04.074 TRACE 8668 --- [    Test worker] o.h.type.descriptor.sql.BasicExtractor   : extracted value ([board_id2_2_] : [BIGINT]) - [1]
2023-08-14 13:34:04.074 TRACE 8668 --- [    Test worker] o.h.type.descriptor.sql.BasicExtractor   : extracted value ([post_con3_2_] : [VARCHAR]) - [3sU15G25sJ]
2023-08-14 13:34:04.074 TRACE 8668 --- [    Test worker] o.h.type.descriptor.sql.BasicExtractor   : extracted value ([post_cre4_2_] : [TIMESTAMP]) - [2023-08-14 11:35:13.411]
2023-08-14 13:34:04.074 TRACE 8668 --- [    Test worker] o.h.type.descriptor.sql.BasicExtractor   : extracted value ([post_sho5_2_] : [VARCHAR]) - [Y]
2023-08-14 13:34:04.074 TRACE 8668 --- [    Test worker] o.h.type.descriptor.sql.BasicExtractor   : extracted value ([post_tit6_2_] : [VARCHAR]) - [테스트 글 제목 29]
2023-08-14 13:34:04.074 TRACE 8668 --- [    Test worker] o.h.type.descriptor.sql.BasicExtractor   : extracted value ([post_upd7_2_] : [TIMESTAMP]) - [2023-08-14 11:35:13.411]
2023-08-14 13:34:04.074 TRACE 8668 --- [    Test worker] o.h.type.descriptor.sql.BasicExtractor   : extracted value ([post_vie8_2_] : [INTEGER]) - [0]
2023-08-14 13:34:04.074 TRACE 8668 --- [    Test worker] o.h.type.descriptor.sql.BasicExtractor   : extracted value ([post_wri9_2_] : [VARCHAR]) - [자바]
2023-08-14 13:34:04.074 TRACE 8668 --- [    Test worker] o.h.type.descriptor.sql.BasicExtractor   : extracted value ([post_id1_2_] : [BIGINT]) - [31]
2023-08-14 13:34:04.074 TRACE 8668 --- [    Test worker] o.h.type.descriptor.sql.BasicExtractor   : extracted value ([board_id2_2_] : [BIGINT]) - [1]
2023-08-14 13:34:04.074 TRACE 8668 --- [    Test worker] o.h.type.descriptor.sql.BasicExtractor   : extracted value ([post_con3_2_] : [VARCHAR]) - [OSuGLUQu7v]
2023-08-14 13:34:04.074 TRACE 8668 --- [    Test worker] o.h.type.descriptor.sql.BasicExtractor   : extracted value ([post_cre4_2_] : [TIMESTAMP]) - [2023-08-14 11:35:13.411]
2023-08-14 13:34:04.074 TRACE 8668 --- [    Test worker] o.h.type.descriptor.sql.BasicExtractor   : extracted value ([post_sho5_2_] : [VARCHAR]) - [Y]
2023-08-14 13:34:04.074 TRACE 8668 --- [    Test worker] o.h.type.descriptor.sql.BasicExtractor   : extracted value ([post_tit6_2_] : [VARCHAR]) - [테스트 글 제목 30]
2023-08-14 13:34:04.074 TRACE 8668 --- [    Test worker] o.h.type.descriptor.sql.BasicExtractor   : extracted value ([post_upd7_2_] : [TIMESTAMP]) - [2023-08-14 11:35:13.411]
2023-08-14 13:34:04.074 TRACE 8668 --- [    Test worker] o.h.type.descriptor.sql.BasicExtractor   : extracted value ([post_vie8_2_] : [INTEGER]) - [0]
2023-08-14 13:34:04.074 TRACE 8668 --- [    Test worker] o.h.type.descriptor.sql.BasicExtractor   : extracted value ([post_wri9_2_] : [VARCHAR]) - [자바]
2023-08-14 13:34:04.074 TRACE 8668 --- [    Test worker] o.h.type.descriptor.sql.BasicExtractor   : extracted value ([post_id1_2_] : [BIGINT]) - [32]
2023-08-14 13:34:04.074 TRACE 8668 --- [    Test worker] o.h.type.descriptor.sql.BasicExtractor   : extracted value ([board_id2_2_] : [BIGINT]) - [1]
2023-08-14 13:34:04.074 TRACE 8668 --- [    Test worker] o.h.type.descriptor.sql.BasicExtractor   : extracted value ([post_con3_2_] : [VARCHAR]) - [HkNAATnVVI]
2023-08-14 13:34:04.074 TRACE 8668 --- [    Test worker] o.h.type.descriptor.sql.BasicExtractor   : extracted value ([post_cre4_2_] : [TIMESTAMP]) - [2023-08-14 11:35:13.411]
2023-08-14 13:34:04.074 TRACE 8668 --- [    Test worker] o.h.type.descriptor.sql.BasicExtractor   : extracted value ([post_sho5_2_] : [VARCHAR]) - [Y]
2023-08-14 13:34:04.074 TRACE 8668 --- [    Test worker] o.h.type.descriptor.sql.BasicExtractor   : extracted value ([post_tit6_2_] : [VARCHAR]) - [테스트 글 제목 31]
2023-08-14 13:34:04.074 TRACE 8668 --- [    Test worker] o.h.type.descriptor.sql.BasicExtractor   : extracted value ([post_upd7_2_] : [TIMESTAMP]) - [2023-08-14 11:35:13.411]
2023-08-14 13:34:04.074 TRACE 8668 --- [    Test worker] o.h.type.descriptor.sql.BasicExtractor   : extracted value ([post_vie8_2_] : [INTEGER]) - [0]
2023-08-14 13:34:04.074 TRACE 8668 --- [    Test worker] o.h.type.descriptor.sql.BasicExtractor   : extracted value ([post_wri9_2_] : [VARCHAR]) - [자바]
2023-08-14 13:34:04.074 TRACE 8668 --- [    Test worker] o.h.type.descriptor.sql.BasicExtractor   : extracted value ([post_id1_2_] : [BIGINT]) - [33]
2023-08-14 13:34:04.074 TRACE 8668 --- [    Test worker] o.h.type.descriptor.sql.BasicExtractor   : extracted value ([board_id2_2_] : [BIGINT]) - [1]
2023-08-14 13:34:04.074 TRACE 8668 --- [    Test worker] o.h.type.descriptor.sql.BasicExtractor   : extracted value ([post_con3_2_] : [VARCHAR]) - [WX6X64YiyA]
2023-08-14 13:34:04.074 TRACE 8668 --- [    Test worker] o.h.type.descriptor.sql.BasicExtractor   : extracted value ([post_cre4_2_] : [TIMESTAMP]) - [2023-08-14 11:35:13.411]
2023-08-14 13:34:04.074 TRACE 8668 --- [    Test worker] o.h.type.descriptor.sql.BasicExtractor   : extracted value ([post_sho5_2_] : [VARCHAR]) - [Y]
2023-08-14 13:34:04.074 TRACE 8668 --- [    Test worker] o.h.type.descriptor.sql.BasicExtractor   : extracted value ([post_tit6_2_] : [VARCHAR]) - [테스트 글 제목 32]
2023-08-14 13:34:04.074 TRACE 8668 --- [    Test worker] o.h.type.descriptor.sql.BasicExtractor   : extracted value ([post_upd7_2_] : [TIMESTAMP]) - [2023-08-14 11:35:13.411]
2023-08-14 13:34:04.074 TRACE 8668 --- [    Test worker] o.h.type.descriptor.sql.BasicExtractor   : extracted value ([post_vie8_2_] : [INTEGER]) - [0]
2023-08-14 13:34:04.074 TRACE 8668 --- [    Test worker] o.h.type.descriptor.sql.BasicExtractor   : extracted value ([post_wri9_2_] : [VARCHAR]) - [자바]
2023-08-14 13:34:04.074 TRACE 8668 --- [    Test worker] o.h.type.descriptor.sql.BasicExtractor   : extracted value ([post_id1_2_] : [BIGINT]) - [34]
2023-08-14 13:34:04.074 TRACE 8668 --- [    Test worker] o.h.type.descriptor.sql.BasicExtractor   : extracted value ([board_id2_2_] : [BIGINT]) - [1]
2023-08-14 13:34:04.074 TRACE 8668 --- [    Test worker] o.h.type.descriptor.sql.BasicExtractor   : extracted value ([post_con3_2_] : [VARCHAR]) - [m5Fg2WjYzY]
2023-08-14 13:34:04.074 TRACE 8668 --- [    Test worker] o.h.type.descriptor.sql.BasicExtractor   : extracted value ([post_cre4_2_] : [TIMESTAMP]) - [2023-08-14 11:35:13.411]
2023-08-14 13:34:04.074 TRACE 8668 --- [    Test worker] o.h.type.descriptor.sql.BasicExtractor   : extracted value ([post_sho5_2_] : [VARCHAR]) - [Y]
2023-08-14 13:34:04.074 TRACE 8668 --- [    Test worker] o.h.type.descriptor.sql.BasicExtractor   : extracted value ([post_tit6_2_] : [VARCHAR]) - [테스트 글 제목 33]
2023-08-14 13:34:04.074 TRACE 8668 --- [    Test worker] o.h.type.descriptor.sql.BasicExtractor   : extracted value ([post_upd7_2_] : [TIMESTAMP]) - [2023-08-14 11:35:13.411]
2023-08-14 13:34:04.074 TRACE 8668 --- [    Test worker] o.h.type.descriptor.sql.BasicExtractor   : extracted value ([post_vie8_2_] : [INTEGER]) - [0]
2023-08-14 13:34:04.074 TRACE 8668 --- [    Test worker] o.h.type.descriptor.sql.BasicExtractor   : extracted value ([post_wri9_2_] : [VARCHAR]) - [자바]
2023-08-14 13:34:04.074 TRACE 8668 --- [    Test worker] o.h.type.descriptor.sql.BasicExtractor   : extracted value ([post_id1_2_] : [BIGINT]) - [35]
2023-08-14 13:34:04.074 TRACE 8668 --- [    Test worker] o.h.type.descriptor.sql.BasicExtractor   : extracted value ([board_id2_2_] : [BIGINT]) - [1]
2023-08-14 13:34:04.074 TRACE 8668 --- [    Test worker] o.h.type.descriptor.sql.BasicExtractor   : extracted value ([post_con3_2_] : [VARCHAR]) - [ddnYI1gHob]
2023-08-14 13:34:04.074 TRACE 8668 --- [    Test worker] o.h.type.descriptor.sql.BasicExtractor   : extracted value ([post_cre4_2_] : [TIMESTAMP]) - [2023-08-14 11:35:13.427]
2023-08-14 13:34:04.074 TRACE 8668 --- [    Test worker] o.h.type.descriptor.sql.BasicExtractor   : extracted value ([post_sho5_2_] : [VARCHAR]) - [Y]
2023-08-14 13:34:04.074 TRACE 8668 --- [    Test worker] o.h.type.descriptor.sql.BasicExtractor   : extracted value ([post_tit6_2_] : [VARCHAR]) - [테스트 글 제목 34]
2023-08-14 13:34:04.074 TRACE 8668 --- [    Test worker] o.h.type.descriptor.sql.BasicExtractor   : extracted value ([post_upd7_2_] : [TIMESTAMP]) - [2023-08-14 11:35:13.427]
2023-08-14 13:34:04.089 TRACE 8668 --- [    Test worker] o.h.type.descriptor.sql.BasicExtractor   : extracted value ([post_vie8_2_] : [INTEGER]) - [0]
2023-08-14 13:34:04.089 TRACE 8668 --- [    Test worker] o.h.type.descriptor.sql.BasicExtractor   : extracted value ([post_wri9_2_] : [VARCHAR]) - [자바]
2023-08-14 13:34:04.089 TRACE 8668 --- [    Test worker] o.h.type.descriptor.sql.BasicExtractor   : extracted value ([post_id1_2_] : [BIGINT]) - [36]
2023-08-14 13:34:04.089 TRACE 8668 --- [    Test worker] o.h.type.descriptor.sql.BasicExtractor   : extracted value ([board_id2_2_] : [BIGINT]) - [1]
2023-08-14 13:34:04.089 TRACE 8668 --- [    Test worker] o.h.type.descriptor.sql.BasicExtractor   : extracted value ([post_con3_2_] : [VARCHAR]) - [y1QeRuFLUf]
2023-08-14 13:34:04.089 TRACE 8668 --- [    Test worker] o.h.type.descriptor.sql.BasicExtractor   : extracted value ([post_cre4_2_] : [TIMESTAMP]) - [2023-08-14 11:35:13.427]
2023-08-14 13:34:04.089 TRACE 8668 --- [    Test worker] o.h.type.descriptor.sql.BasicExtractor   : extracted value ([post_sho5_2_] : [VARCHAR]) - [Y]
2023-08-14 13:34:04.089 TRACE 8668 --- [    Test worker] o.h.type.descriptor.sql.BasicExtractor   : extracted value ([post_tit6_2_] : [VARCHAR]) - [테스트 글 제목 35]
2023-08-14 13:34:04.089 TRACE 8668 --- [    Test worker] o.h.type.descriptor.sql.BasicExtractor   : extracted value ([post_upd7_2_] : [TIMESTAMP]) - [2023-08-14 11:35:13.427]
2023-08-14 13:34:04.089 TRACE 8668 --- [    Test worker] o.h.type.descriptor.sql.BasicExtractor   : extracted value ([post_vie8_2_] : [INTEGER]) - [0]
2023-08-14 13:34:04.089 TRACE 8668 --- [    Test worker] o.h.type.descriptor.sql.BasicExtractor   : extracted value ([post_wri9_2_] : [VARCHAR]) - [자바]
2023-08-14 13:34:04.089 TRACE 8668 --- [    Test worker] o.h.type.descriptor.sql.BasicExtractor   : extracted value ([post_id1_2_] : [BIGINT]) - [37]
2023-08-14 13:34:04.089 TRACE 8668 --- [    Test worker] o.h.type.descriptor.sql.BasicExtractor   : extracted value ([board_id2_2_] : [BIGINT]) - [1]
2023-08-14 13:34:04.089 TRACE 8668 --- [    Test worker] o.h.type.descriptor.sql.BasicExtractor   : extracted value ([post_con3_2_] : [VARCHAR]) - [oFKi9TS5rq]
2023-08-14 13:34:04.089 TRACE 8668 --- [    Test worker] o.h.type.descriptor.sql.BasicExtractor   : extracted value ([post_cre4_2_] : [TIMESTAMP]) - [2023-08-14 11:35:13.427]
2023-08-14 13:34:04.089 TRACE 8668 --- [    Test worker] o.h.type.descriptor.sql.BasicExtractor   : extracted value ([post_sho5_2_] : [VARCHAR]) - [Y]
2023-08-14 13:34:04.089 TRACE 8668 --- [    Test worker] o.h.type.descriptor.sql.BasicExtractor   : extracted value ([post_tit6_2_] : [VARCHAR]) - [테스트 글 제목 36]
2023-08-14 13:34:04.089 TRACE 8668 --- [    Test worker] o.h.type.descriptor.sql.BasicExtractor   : extracted value ([post_upd7_2_] : [TIMESTAMP]) - [2023-08-14 11:35:13.427]
2023-08-14 13:34:04.089 TRACE 8668 --- [    Test worker] o.h.type.descriptor.sql.BasicExtractor   : extracted value ([post_vie8_2_] : [INTEGER]) - [0]
2023-08-14 13:34:04.089 TRACE 8668 --- [    Test worker] o.h.type.descriptor.sql.BasicExtractor   : extracted value ([post_wri9_2_] : [VARCHAR]) - [자바]
2023-08-14 13:34:04.089 TRACE 8668 --- [    Test worker] o.h.type.descriptor.sql.BasicExtractor   : extracted value ([post_id1_2_] : [BIGINT]) - [38]
2023-08-14 13:34:04.089 TRACE 8668 --- [    Test worker] o.h.type.descriptor.sql.BasicExtractor   : extracted value ([board_id2_2_] : [BIGINT]) - [1]
2023-08-14 13:34:04.089 TRACE 8668 --- [    Test worker] o.h.type.descriptor.sql.BasicExtractor   : extracted value ([post_con3_2_] : [VARCHAR]) - [5v3p4RncbR]
2023-08-14 13:34:04.089 TRACE 8668 --- [    Test worker] o.h.type.descriptor.sql.BasicExtractor   : extracted value ([post_cre4_2_] : [TIMESTAMP]) - [2023-08-14 11:35:13.427]
2023-08-14 13:34:04.089 TRACE 8668 --- [    Test worker] o.h.type.descriptor.sql.BasicExtractor   : extracted value ([post_sho5_2_] : [VARCHAR]) - [Y]
2023-08-14 13:34:04.089 TRACE 8668 --- [    Test worker] o.h.type.descriptor.sql.BasicExtractor   : extracted value ([post_tit6_2_] : [VARCHAR]) - [테스트 글 제목 37]
2023-08-14 13:34:04.089 TRACE 8668 --- [    Test worker] o.h.type.descriptor.sql.BasicExtractor   : extracted value ([post_upd7_2_] : [TIMESTAMP]) - [2023-08-14 11:35:13.427]
2023-08-14 13:34:04.089 TRACE 8668 --- [    Test worker] o.h.type.descriptor.sql.BasicExtractor   : extracted value ([post_vie8_2_] : [INTEGER]) - [0]
2023-08-14 13:34:04.089 TRACE 8668 --- [    Test worker] o.h.type.descriptor.sql.BasicExtractor   : extracted value ([post_wri9_2_] : [VARCHAR]) - [자바]
2023-08-14 13:34:04.089 TRACE 8668 --- [    Test worker] o.h.type.descriptor.sql.BasicExtractor   : extracted value ([post_id1_2_] : [BIGINT]) - [39]
2023-08-14 13:34:04.089 TRACE 8668 --- [    Test worker] o.h.type.descriptor.sql.BasicExtractor   : extracted value ([board_id2_2_] : [BIGINT]) - [1]
2023-08-14 13:34:04.089 TRACE 8668 --- [    Test worker] o.h.type.descriptor.sql.BasicExtractor   : extracted value ([post_con3_2_] : [VARCHAR]) - [BmuH4vJAW9]
2023-08-14 13:34:04.089 TRACE 8668 --- [    Test worker] o.h.type.descriptor.sql.BasicExtractor   : extracted value ([post_cre4_2_] : [TIMESTAMP]) - [2023-08-14 11:35:13.427]
2023-08-14 13:34:04.089 TRACE 8668 --- [    Test worker] o.h.type.descriptor.sql.BasicExtractor   : extracted value ([post_sho5_2_] : [VARCHAR]) - [Y]
2023-08-14 13:34:04.089 TRACE 8668 --- [    Test worker] o.h.type.descriptor.sql.BasicExtractor   : extracted value ([post_tit6_2_] : [VARCHAR]) - [테스트 글 제목 38]
2023-08-14 13:34:04.089 TRACE 8668 --- [    Test worker] o.h.type.descriptor.sql.BasicExtractor   : extracted value ([post_upd7_2_] : [TIMESTAMP]) - [2023-08-14 11:35:13.427]
2023-08-14 13:34:04.089 TRACE 8668 --- [    Test worker] o.h.type.descriptor.sql.BasicExtractor   : extracted value ([post_vie8_2_] : [INTEGER]) - [0]
2023-08-14 13:34:04.089 TRACE 8668 --- [    Test worker] o.h.type.descriptor.sql.BasicExtractor   : extracted value ([post_wri9_2_] : [VARCHAR]) - [자바]
2023-08-14 13:34:04.089 TRACE 8668 --- [    Test worker] o.h.type.descriptor.sql.BasicExtractor   : extracted value ([post_id1_2_] : [BIGINT]) - [40]
2023-08-14 13:34:04.089 TRACE 8668 --- [    Test worker] o.h.type.descriptor.sql.BasicExtractor   : extracted value ([board_id2_2_] : [BIGINT]) - [1]
2023-08-14 13:34:04.089 TRACE 8668 --- [    Test worker] o.h.type.descriptor.sql.BasicExtractor   : extracted value ([post_con3_2_] : [VARCHAR]) - [onTGJ4XqPg]
2023-08-14 13:34:04.089 TRACE 8668 --- [    Test worker] o.h.type.descriptor.sql.BasicExtractor   : extracted value ([post_cre4_2_] : [TIMESTAMP]) - [2023-08-14 11:35:13.427]
2023-08-14 13:34:04.089 TRACE 8668 --- [    Test worker] o.h.type.descriptor.sql.BasicExtractor   : extracted value ([post_sho5_2_] : [VARCHAR]) - [Y]
2023-08-14 13:34:04.089 TRACE 8668 --- [    Test worker] o.h.type.descriptor.sql.BasicExtractor   : extracted value ([post_tit6_2_] : [VARCHAR]) - [테스트 글 제목 39]
2023-08-14 13:34:04.089 TRACE 8668 --- [    Test worker] o.h.type.descriptor.sql.BasicExtractor   : extracted value ([post_upd7_2_] : [TIMESTAMP]) - [2023-08-14 11:35:13.427]
2023-08-14 13:34:04.089 TRACE 8668 --- [    Test worker] o.h.type.descriptor.sql.BasicExtractor   : extracted value ([post_vie8_2_] : [INTEGER]) - [0]
2023-08-14 13:34:04.089 TRACE 8668 --- [    Test worker] o.h.type.descriptor.sql.BasicExtractor   : extracted value ([post_wri9_2_] : [VARCHAR]) - [자바]
2023-08-14 13:34:04.089 TRACE 8668 --- [    Test worker] o.h.type.descriptor.sql.BasicExtractor   : extracted value ([post_id1_2_] : [BIGINT]) - [41]
2023-08-14 13:34:04.089 TRACE 8668 --- [    Test worker] o.h.type.descriptor.sql.BasicExtractor   : extracted value ([board_id2_2_] : [BIGINT]) - [1]
2023-08-14 13:34:04.089 TRACE 8668 --- [    Test worker] o.h.type.descriptor.sql.BasicExtractor   : extracted value ([post_con3_2_] : [VARCHAR]) - [kfTSQxaEwu]
2023-08-14 13:34:04.089 TRACE 8668 --- [    Test worker] o.h.type.descriptor.sql.BasicExtractor   : extracted value ([post_cre4_2_] : [TIMESTAMP]) - [2023-08-14 11:35:13.427]
2023-08-14 13:34:04.089 TRACE 8668 --- [    Test worker] o.h.type.descriptor.sql.BasicExtractor   : extracted value ([post_sho5_2_] : [VARCHAR]) - [Y]
2023-08-14 13:34:04.089 TRACE 8668 --- [    Test worker] o.h.type.descriptor.sql.BasicExtractor   : extracted value ([post_tit6_2_] : [VARCHAR]) - [테스트 글 제목 40]
2023-08-14 13:34:04.089 TRACE 8668 --- [    Test worker] o.h.type.descriptor.sql.BasicExtractor   : extracted value ([post_upd7_2_] : [TIMESTAMP]) - [2023-08-14 11:35:13.427]
2023-08-14 13:34:04.089 TRACE 8668 --- [    Test worker] o.h.type.descriptor.sql.BasicExtractor   : extracted value ([post_vie8_2_] : [INTEGER]) - [0]
2023-08-14 13:34:04.089 TRACE 8668 --- [    Test worker] o.h.type.descriptor.sql.BasicExtractor   : extracted value ([post_wri9_2_] : [VARCHAR]) - [자바]
2023-08-14 13:34:04.089 TRACE 8668 --- [    Test worker] o.h.type.descriptor.sql.BasicExtractor   : extracted value ([post_id1_2_] : [BIGINT]) - [42]
2023-08-14 13:34:04.089 TRACE 8668 --- [    Test worker] o.h.type.descriptor.sql.BasicExtractor   : extracted value ([board_id2_2_] : [BIGINT]) - [1]
2023-08-14 13:34:04.089 TRACE 8668 --- [    Test worker] o.h.type.descriptor.sql.BasicExtractor   : extracted value ([post_con3_2_] : [VARCHAR]) - [O83VRcLzS1]
2023-08-14 13:34:04.089 TRACE 8668 --- [    Test worker] o.h.type.descriptor.sql.BasicExtractor   : extracted value ([post_cre4_2_] : [TIMESTAMP]) - [2023-08-14 11:35:13.427]
2023-08-14 13:34:04.089 TRACE 8668 --- [    Test worker] o.h.type.descriptor.sql.BasicExtractor   : extracted value ([post_sho5_2_] : [VARCHAR]) - [Y]
2023-08-14 13:34:04.089 TRACE 8668 --- [    Test worker] o.h.type.descriptor.sql.BasicExtractor   : extracted value ([post_tit6_2_] : [VARCHAR]) - [테스트 글 제목 41]
2023-08-14 13:34:04.089 TRACE 8668 --- [    Test worker] o.h.type.descriptor.sql.BasicExtractor   : extracted value ([post_upd7_2_] : [TIMESTAMP]) - [2023-08-14 11:35:13.427]
2023-08-14 13:34:04.089 TRACE 8668 --- [    Test worker] o.h.type.descriptor.sql.BasicExtractor   : extracted value ([post_vie8_2_] : [INTEGER]) - [0]
2023-08-14 13:34:04.089 TRACE 8668 --- [    Test worker] o.h.type.descriptor.sql.BasicExtractor   : extracted value ([post_wri9_2_] : [VARCHAR]) - [자바]
2023-08-14 13:34:04.089 TRACE 8668 --- [    Test worker] o.h.type.descriptor.sql.BasicExtractor   : extracted value ([post_id1_2_] : [BIGINT]) - [43]
2023-08-14 13:34:04.089 TRACE 8668 --- [    Test worker] o.h.type.descriptor.sql.BasicExtractor   : extracted value ([board_id2_2_] : [BIGINT]) - [1]
2023-08-14 13:34:04.089 TRACE 8668 --- [    Test worker] o.h.type.descriptor.sql.BasicExtractor   : extracted value ([post_con3_2_] : [VARCHAR]) - [Ip1uZ71glb]
2023-08-14 13:34:04.089 TRACE 8668 --- [    Test worker] o.h.type.descriptor.sql.BasicExtractor   : extracted value ([post_cre4_2_] : [TIMESTAMP]) - [2023-08-14 11:35:13.443]
2023-08-14 13:34:04.089 TRACE 8668 --- [    Test worker] o.h.type.descriptor.sql.BasicExtractor   : extracted value ([post_sho5_2_] : [VARCHAR]) - [Y]
2023-08-14 13:34:04.089 TRACE 8668 --- [    Test worker] o.h.type.descriptor.sql.BasicExtractor   : extracted value ([post_tit6_2_] : [VARCHAR]) - [테스트 글 제목 42]
2023-08-14 13:34:04.089 TRACE 8668 --- [    Test worker] o.h.type.descriptor.sql.BasicExtractor   : extracted value ([post_upd7_2_] : [TIMESTAMP]) - [2023-08-14 11:35:13.443]
2023-08-14 13:34:04.089 TRACE 8668 --- [    Test worker] o.h.type.descriptor.sql.BasicExtractor   : extracted value ([post_vie8_2_] : [INTEGER]) - [0]
2023-08-14 13:34:04.089 TRACE 8668 --- [    Test worker] o.h.type.descriptor.sql.BasicExtractor   : extracted value ([post_wri9_2_] : [VARCHAR]) - [자바]
2023-08-14 13:34:04.089 TRACE 8668 --- [    Test worker] o.h.type.descriptor.sql.BasicExtractor   : extracted value ([post_id1_2_] : [BIGINT]) - [44]
2023-08-14 13:34:04.089 TRACE 8668 --- [    Test worker] o.h.type.descriptor.sql.BasicExtractor   : extracted value ([board_id2_2_] : [BIGINT]) - [1]
2023-08-14 13:34:04.089 TRACE 8668 --- [    Test worker] o.h.type.descriptor.sql.BasicExtractor   : extracted value ([post_con3_2_] : [VARCHAR]) - [CYhYdW0jDx]
2023-08-14 13:34:04.089 TRACE 8668 --- [    Test worker] o.h.type.descriptor.sql.BasicExtractor   : extracted value ([post_cre4_2_] : [TIMESTAMP]) - [2023-08-14 11:35:13.443]
2023-08-14 13:34:04.089 TRACE 8668 --- [    Test worker] o.h.type.descriptor.sql.BasicExtractor   : extracted value ([post_sho5_2_] : [VARCHAR]) - [Y]
2023-08-14 13:34:04.089 TRACE 8668 --- [    Test worker] o.h.type.descriptor.sql.BasicExtractor   : extracted value ([post_tit6_2_] : [VARCHAR]) - [테스트 글 제목 43]
2023-08-14 13:34:04.089 TRACE 8668 --- [    Test worker] o.h.type.descriptor.sql.BasicExtractor   : extracted value ([post_upd7_2_] : [TIMESTAMP]) - [2023-08-14 11:35:13.443]
2023-08-14 13:34:04.089 TRACE 8668 --- [    Test worker] o.h.type.descriptor.sql.BasicExtractor   : extracted value ([post_vie8_2_] : [INTEGER]) - [0]
2023-08-14 13:34:04.089 TRACE 8668 --- [    Test worker] o.h.type.descriptor.sql.BasicExtractor   : extracted value ([post_wri9_2_] : [VARCHAR]) - [자바]
2023-08-14 13:34:04.089 TRACE 8668 --- [    Test worker] o.h.type.descriptor.sql.BasicExtractor   : extracted value ([post_id1_2_] : [BIGINT]) - [45]
2023-08-14 13:34:04.089 TRACE 8668 --- [    Test worker] o.h.type.descriptor.sql.BasicExtractor   : extracted value ([board_id2_2_] : [BIGINT]) - [1]
2023-08-14 13:34:04.089 TRACE 8668 --- [    Test worker] o.h.type.descriptor.sql.BasicExtractor   : extracted value ([post_con3_2_] : [VARCHAR]) - [Kat6jvgU1R]
2023-08-14 13:34:04.089 TRACE 8668 --- [    Test worker] o.h.type.descriptor.sql.BasicExtractor   : extracted value ([post_cre4_2_] : [TIMESTAMP]) - [2023-08-14 11:35:13.443]
2023-08-14 13:34:04.089 TRACE 8668 --- [    Test worker] o.h.type.descriptor.sql.BasicExtractor   : extracted value ([post_sho5_2_] : [VARCHAR]) - [Y]
2023-08-14 13:34:04.089 TRACE 8668 --- [    Test worker] o.h.type.descriptor.sql.BasicExtractor   : extracted value ([post_tit6_2_] : [VARCHAR]) - [테스트 글 제목 44]
2023-08-14 13:34:04.089 TRACE 8668 --- [    Test worker] o.h.type.descriptor.sql.BasicExtractor   : extracted value ([post_upd7_2_] : [TIMESTAMP]) - [2023-08-14 11:35:13.443]
2023-08-14 13:34:04.089 TRACE 8668 --- [    Test worker] o.h.type.descriptor.sql.BasicExtractor   : extracted value ([post_vie8_2_] : [INTEGER]) - [0]
2023-08-14 13:34:04.089 TRACE 8668 --- [    Test worker] o.h.type.descriptor.sql.BasicExtractor   : extracted value ([post_wri9_2_] : [VARCHAR]) - [자바]
2023-08-14 13:34:04.089 TRACE 8668 --- [    Test worker] o.h.type.descriptor.sql.BasicExtractor   : extracted value ([post_id1_2_] : [BIGINT]) - [46]
2023-08-14 13:34:04.089 TRACE 8668 --- [    Test worker] o.h.type.descriptor.sql.BasicExtractor   : extracted value ([board_id2_2_] : [BIGINT]) - [1]
2023-08-14 13:34:04.089 TRACE 8668 --- [    Test worker] o.h.type.descriptor.sql.BasicExtractor   : extracted value ([post_con3_2_] : [VARCHAR]) - [SmLJXnZmby]
2023-08-14 13:34:04.089 TRACE 8668 --- [    Test worker] o.h.type.descriptor.sql.BasicExtractor   : extracted value ([post_cre4_2_] : [TIMESTAMP]) - [2023-08-14 11:35:13.443]
2023-08-14 13:34:04.089 TRACE 8668 --- [    Test worker] o.h.type.descriptor.sql.BasicExtractor   : extracted value ([post_sho5_2_] : [VARCHAR]) - [Y]
2023-08-14 13:34:04.089 TRACE 8668 --- [    Test worker] o.h.type.descriptor.sql.BasicExtractor   : extracted value ([post_tit6_2_] : [VARCHAR]) - [테스트 글 제목 45]
2023-08-14 13:34:04.089 TRACE 8668 --- [    Test worker] o.h.type.descriptor.sql.BasicExtractor   : extracted value ([post_upd7_2_] : [TIMESTAMP]) - [2023-08-14 11:35:13.443]
2023-08-14 13:34:04.089 TRACE 8668 --- [    Test worker] o.h.type.descriptor.sql.BasicExtractor   : extracted value ([post_vie8_2_] : [INTEGER]) - [0]
2023-08-14 13:34:04.089 TRACE 8668 --- [    Test worker] o.h.type.descriptor.sql.BasicExtractor   : extracted value ([post_wri9_2_] : [VARCHAR]) - [자바]
2023-08-14 13:34:04.089 TRACE 8668 --- [    Test worker] o.h.type.descriptor.sql.BasicExtractor   : extracted value ([post_id1_2_] : [BIGINT]) - [47]
2023-08-14 13:34:04.089 TRACE 8668 --- [    Test worker] o.h.type.descriptor.sql.BasicExtractor   : extracted value ([board_id2_2_] : [BIGINT]) - [1]
2023-08-14 13:34:04.089 TRACE 8668 --- [    Test worker] o.h.type.descriptor.sql.BasicExtractor   : extracted value ([post_con3_2_] : [VARCHAR]) - [avRxqkpzvI]
2023-08-14 13:34:04.089 TRACE 8668 --- [    Test worker] o.h.type.descriptor.sql.BasicExtractor   : extracted value ([post_cre4_2_] : [TIMESTAMP]) - [2023-08-14 11:35:13.443]
2023-08-14 13:34:04.089 TRACE 8668 --- [    Test worker] o.h.type.descriptor.sql.BasicExtractor   : extracted value ([post_sho5_2_] : [VARCHAR]) - [Y]
2023-08-14 13:34:04.089 TRACE 8668 --- [    Test worker] o.h.type.descriptor.sql.BasicExtractor   : extracted value ([post_tit6_2_] : [VARCHAR]) - [테스트 글 제목 46]
2023-08-14 13:34:04.089 TRACE 8668 --- [    Test worker] o.h.type.descriptor.sql.BasicExtractor   : extracted value ([post_upd7_2_] : [TIMESTAMP]) - [2023-08-14 11:35:13.443]
2023-08-14 13:34:04.089 TRACE 8668 --- [    Test worker] o.h.type.descriptor.sql.BasicExtractor   : extracted value ([post_vie8_2_] : [INTEGER]) - [0]
2023-08-14 13:34:04.089 TRACE 8668 --- [    Test worker] o.h.type.descriptor.sql.BasicExtractor   : extracted value ([post_wri9_2_] : [VARCHAR]) - [자바]
2023-08-14 13:34:04.089 TRACE 8668 --- [    Test worker] o.h.type.descriptor.sql.BasicExtractor   : extracted value ([post_id1_2_] : [BIGINT]) - [48]
2023-08-14 13:34:04.089 TRACE 8668 --- [    Test worker] o.h.type.descriptor.sql.BasicExtractor   : extracted value ([board_id2_2_] : [BIGINT]) - [1]
2023-08-14 13:34:04.089 TRACE 8668 --- [    Test worker] o.h.type.descriptor.sql.BasicExtractor   : extracted value ([post_con3_2_] : [VARCHAR]) - [Sm9K5jBJ5F]
2023-08-14 13:34:04.089 TRACE 8668 --- [    Test worker] o.h.type.descriptor.sql.BasicExtractor   : extracted value ([post_cre4_2_] : [TIMESTAMP]) - [2023-08-14 11:35:13.443]
2023-08-14 13:34:04.089 TRACE 8668 --- [    Test worker] o.h.type.descriptor.sql.BasicExtractor   : extracted value ([post_sho5_2_] : [VARCHAR]) - [Y]
2023-08-14 13:34:04.089 TRACE 8668 --- [    Test worker] o.h.type.descriptor.sql.BasicExtractor   : extracted value ([post_tit6_2_] : [VARCHAR]) - [테스트 글 제목 47]
2023-08-14 13:34:04.089 TRACE 8668 --- [    Test worker] o.h.type.descriptor.sql.BasicExtractor   : extracted value ([post_upd7_2_] : [TIMESTAMP]) - [2023-08-14 11:35:13.443]
2023-08-14 13:34:04.089 TRACE 8668 --- [    Test worker] o.h.type.descriptor.sql.BasicExtractor   : extracted value ([post_vie8_2_] : [INTEGER]) - [0]
2023-08-14 13:34:04.089 TRACE 8668 --- [    Test worker] o.h.type.descriptor.sql.BasicExtractor   : extracted value ([post_wri9_2_] : [VARCHAR]) - [자바]
2023-08-14 13:34:04.089 TRACE 8668 --- [    Test worker] o.h.type.descriptor.sql.BasicExtractor   : extracted value ([post_id1_2_] : [BIGINT]) - [49]
2023-08-14 13:34:04.089 TRACE 8668 --- [    Test worker] o.h.type.descriptor.sql.BasicExtractor   : extracted value ([board_id2_2_] : [BIGINT]) - [1]
2023-08-14 13:34:04.089 TRACE 8668 --- [    Test worker] o.h.type.descriptor.sql.BasicExtractor   : extracted value ([post_con3_2_] : [VARCHAR]) - [oCKNEp1lCd]
2023-08-14 13:34:04.089 TRACE 8668 --- [    Test worker] o.h.type.descriptor.sql.BasicExtractor   : extracted value ([post_cre4_2_] : [TIMESTAMP]) - [2023-08-14 11:35:13.443]
2023-08-14 13:34:04.089 TRACE 8668 --- [    Test worker] o.h.type.descriptor.sql.BasicExtractor   : extracted value ([post_sho5_2_] : [VARCHAR]) - [Y]
2023-08-14 13:34:04.089 TRACE 8668 --- [    Test worker] o.h.type.descriptor.sql.BasicExtractor   : extracted value ([post_tit6_2_] : [VARCHAR]) - [테스트 글 제목 48]
2023-08-14 13:34:04.089 TRACE 8668 --- [    Test worker] o.h.type.descriptor.sql.BasicExtractor   : extracted value ([post_upd7_2_] : [TIMESTAMP]) - [2023-08-14 11:35:13.443]
2023-08-14 13:34:04.089 TRACE 8668 --- [    Test worker] o.h.type.descriptor.sql.BasicExtractor   : extracted value ([post_vie8_2_] : [INTEGER]) - [0]
2023-08-14 13:34:04.089 TRACE 8668 --- [    Test worker] o.h.type.descriptor.sql.BasicExtractor   : extracted value ([post_wri9_2_] : [VARCHAR]) - [자바]
2023-08-14 13:34:04.089 TRACE 8668 --- [    Test worker] o.h.type.descriptor.sql.BasicExtractor   : extracted value ([post_id1_2_] : [BIGINT]) - [50]
2023-08-14 13:34:04.089 TRACE 8668 --- [    Test worker] o.h.type.descriptor.sql.BasicExtractor   : extracted value ([board_id2_2_] : [BIGINT]) - [1]
2023-08-14 13:34:04.089 TRACE 8668 --- [    Test worker] o.h.type.descriptor.sql.BasicExtractor   : extracted value ([post_con3_2_] : [VARCHAR]) - [MkhQxlqMGf]
2023-08-14 13:34:04.089 TRACE 8668 --- [    Test worker] o.h.type.descriptor.sql.BasicExtractor   : extracted value ([post_cre4_2_] : [TIMESTAMP]) - [2023-08-14 11:35:13.443]
2023-08-14 13:34:04.089 TRACE 8668 --- [    Test worker] o.h.type.descriptor.sql.BasicExtractor   : extracted value ([post_sho5_2_] : [VARCHAR]) - [Y]
2023-08-14 13:34:04.089 TRACE 8668 --- [    Test worker] o.h.type.descriptor.sql.BasicExtractor   : extracted value ([post_tit6_2_] : [VARCHAR]) - [테스트 글 제목 49]
2023-08-14 13:34:04.089 TRACE 8668 --- [    Test worker] o.h.type.descriptor.sql.BasicExtractor   : extracted value ([post_upd7_2_] : [TIMESTAMP]) - [2023-08-14 11:35:13.443]
2023-08-14 13:34:04.089 TRACE 8668 --- [    Test worker] o.h.type.descriptor.sql.BasicExtractor   : extracted value ([post_vie8_2_] : [INTEGER]) - [0]
2023-08-14 13:34:04.089 TRACE 8668 --- [    Test worker] o.h.type.descriptor.sql.BasicExtractor   : extracted value ([post_wri9_2_] : [VARCHAR]) - [자바]
2023-08-14 13:34:04.089 TRACE 8668 --- [    Test worker] o.h.type.descriptor.sql.BasicExtractor   : extracted value ([post_id1_2_] : [BIGINT]) - [51]
2023-08-14 13:34:04.089 TRACE 8668 --- [    Test worker] o.h.type.descriptor.sql.BasicExtractor   : extracted value ([board_id2_2_] : [BIGINT]) - [1]
2023-08-14 13:34:04.089 TRACE 8668 --- [    Test worker] o.h.type.descriptor.sql.BasicExtractor   : extracted value ([post_con3_2_] : [VARCHAR]) - [TYhZ5rnm2c]
2023-08-14 13:34:04.089 TRACE 8668 --- [    Test worker] o.h.type.descriptor.sql.BasicExtractor   : extracted value ([post_cre4_2_] : [TIMESTAMP]) - [2023-08-14 11:35:13.443]
2023-08-14 13:34:04.089 TRACE 8668 --- [    Test worker] o.h.type.descriptor.sql.BasicExtractor   : extracted value ([post_sho5_2_] : [VARCHAR]) - [Y]
2023-08-14 13:34:04.089 TRACE 8668 --- [    Test worker] o.h.type.descriptor.sql.BasicExtractor   : extracted value ([post_tit6_2_] : [VARCHAR]) - [테스트 글 제목 50]
2023-08-14 13:34:04.089 TRACE 8668 --- [    Test worker] o.h.type.descriptor.sql.BasicExtractor   : extracted value ([post_upd7_2_] : [TIMESTAMP]) - [2023-08-14 11:35:13.443]
2023-08-14 13:34:04.089 TRACE 8668 --- [    Test worker] o.h.type.descriptor.sql.BasicExtractor   : extracted value ([post_vie8_2_] : [INTEGER]) - [0]
2023-08-14 13:34:04.089 TRACE 8668 --- [    Test worker] o.h.type.descriptor.sql.BasicExtractor   : extracted value ([post_wri9_2_] : [VARCHAR]) - [자바]
2023-08-14 13:34:04.089 TRACE 8668 --- [    Test worker] o.h.type.descriptor.sql.BasicExtractor   : extracted value ([post_id1_2_] : [BIGINT]) - [52]
2023-08-14 13:34:04.089 TRACE 8668 --- [    Test worker] o.h.type.descriptor.sql.BasicExtractor   : extracted value ([board_id2_2_] : [BIGINT]) - [1]
2023-08-14 13:34:04.089 TRACE 8668 --- [    Test worker] o.h.type.descriptor.sql.BasicExtractor   : extracted value ([post_con3_2_] : [VARCHAR]) - [3lbltmpdLp]
2023-08-14 13:34:04.089 TRACE 8668 --- [    Test worker] o.h.type.descriptor.sql.BasicExtractor   : extracted value ([post_cre4_2_] : [TIMESTAMP]) - [2023-08-14 11:35:13.458]
2023-08-14 13:34:04.089 TRACE 8668 --- [    Test worker] o.h.type.descriptor.sql.BasicExtractor   : extracted value ([post_sho5_2_] : [VARCHAR]) - [Y]
2023-08-14 13:34:04.089 TRACE 8668 --- [    Test worker] o.h.type.descriptor.sql.BasicExtractor   : extracted value ([post_tit6_2_] : [VARCHAR]) - [테스트 글 제목 51]
2023-08-14 13:34:04.089 TRACE 8668 --- [    Test worker] o.h.type.descriptor.sql.BasicExtractor   : extracted value ([post_upd7_2_] : [TIMESTAMP]) - [2023-08-14 11:35:13.458]
2023-08-14 13:34:04.089 TRACE 8668 --- [    Test worker] o.h.type.descriptor.sql.BasicExtractor   : extracted value ([post_vie8_2_] : [INTEGER]) - [0]
2023-08-14 13:34:04.089 TRACE 8668 --- [    Test worker] o.h.type.descriptor.sql.BasicExtractor   : extracted value ([post_wri9_2_] : [VARCHAR]) - [자바]
2023-08-14 13:34:04.089 TRACE 8668 --- [    Test worker] o.h.type.descriptor.sql.BasicExtractor   : extracted value ([post_id1_2_] : [BIGINT]) - [53]
2023-08-14 13:34:04.089 TRACE 8668 --- [    Test worker] o.h.type.descriptor.sql.BasicExtractor   : extracted value ([board_id2_2_] : [BIGINT]) - [1]
2023-08-14 13:34:04.089 TRACE 8668 --- [    Test worker] o.h.type.descriptor.sql.BasicExtractor   : extracted value ([post_con3_2_] : [VARCHAR]) - [OkY1kTiQD3]
2023-08-14 13:34:04.089 TRACE 8668 --- [    Test worker] o.h.type.descriptor.sql.BasicExtractor   : extracted value ([post_cre4_2_] : [TIMESTAMP]) - [2023-08-14 11:35:13.458]
2023-08-14 13:34:04.089 TRACE 8668 --- [    Test worker] o.h.type.descriptor.sql.BasicExtractor   : extracted value ([post_sho5_2_] : [VARCHAR]) - [Y]
2023-08-14 13:34:04.089 TRACE 8668 --- [    Test worker] o.h.type.descriptor.sql.BasicExtractor   : extracted value ([post_tit6_2_] : [VARCHAR]) - [테스트 글 제목 52]
2023-08-14 13:34:04.089 TRACE 8668 --- [    Test worker] o.h.type.descriptor.sql.BasicExtractor   : extracted value ([post_upd7_2_] : [TIMESTAMP]) - [2023-08-14 11:35:13.458]
2023-08-14 13:34:04.089 TRACE 8668 --- [    Test worker] o.h.type.descriptor.sql.BasicExtractor   : extracted value ([post_vie8_2_] : [INTEGER]) - [0]
2023-08-14 13:34:04.089 TRACE 8668 --- [    Test worker] o.h.type.descriptor.sql.BasicExtractor   : extracted value ([post_wri9_2_] : [VARCHAR]) - [자바]
2023-08-14 13:34:04.089 TRACE 8668 --- [    Test worker] o.h.type.descriptor.sql.BasicExtractor   : extracted value ([post_id1_2_] : [BIGINT]) - [54]
2023-08-14 13:34:04.089 TRACE 8668 --- [    Test worker] o.h.type.descriptor.sql.BasicExtractor   : extracted value ([board_id2_2_] : [BIGINT]) - [1]
2023-08-14 13:34:04.089 TRACE 8668 --- [    Test worker] o.h.type.descriptor.sql.BasicExtractor   : extracted value ([post_con3_2_] : [VARCHAR]) - [wO4aCrIuoN]
2023-08-14 13:34:04.089 TRACE 8668 --- [    Test worker] o.h.type.descriptor.sql.BasicExtractor   : extracted value ([post_cre4_2_] : [TIMESTAMP]) - [2023-08-14 11:35:13.458]
2023-08-14 13:34:04.089 TRACE 8668 --- [    Test worker] o.h.type.descriptor.sql.BasicExtractor   : extracted value ([post_sho5_2_] : [VARCHAR]) - [Y]
2023-08-14 13:34:04.089 TRACE 8668 --- [    Test worker] o.h.type.descriptor.sql.BasicExtractor   : extracted value ([post_tit6_2_] : [VARCHAR]) - [테스트 글 제목 53]
2023-08-14 13:34:04.089 TRACE 8668 --- [    Test worker] o.h.type.descriptor.sql.BasicExtractor   : extracted value ([post_upd7_2_] : [TIMESTAMP]) - [2023-08-14 11:35:13.458]
2023-08-14 13:34:04.089 TRACE 8668 --- [    Test worker] o.h.type.descriptor.sql.BasicExtractor   : extracted value ([post_vie8_2_] : [INTEGER]) - [0]
2023-08-14 13:34:04.089 TRACE 8668 --- [    Test worker] o.h.type.descriptor.sql.BasicExtractor   : extracted value ([post_wri9_2_] : [VARCHAR]) - [자바]
2023-08-14 13:34:04.089 TRACE 8668 --- [    Test worker] o.h.type.descriptor.sql.BasicExtractor   : extracted value ([post_id1_2_] : [BIGINT]) - [55]
2023-08-14 13:34:04.089 TRACE 8668 --- [    Test worker] o.h.type.descriptor.sql.BasicExtractor   : extracted value ([board_id2_2_] : [BIGINT]) - [1]
2023-08-14 13:34:04.089 TRACE 8668 --- [    Test worker] o.h.type.descriptor.sql.BasicExtractor   : extracted value ([post_con3_2_] : [VARCHAR]) - [NYNRVXNdn9]
2023-08-14 13:34:04.089 TRACE 8668 --- [    Test worker] o.h.type.descriptor.sql.BasicExtractor   : extracted value ([post_cre4_2_] : [TIMESTAMP]) - [2023-08-14 11:35:13.458]
2023-08-14 13:34:04.089 TRACE 8668 --- [    Test worker] o.h.type.descriptor.sql.BasicExtractor   : extracted value ([post_sho5_2_] : [VARCHAR]) - [Y]
2023-08-14 13:34:04.089 TRACE 8668 --- [    Test worker] o.h.type.descriptor.sql.BasicExtractor   : extracted value ([post_tit6_2_] : [VARCHAR]) - [테스트 글 제목 54]
2023-08-14 13:34:04.089 TRACE 8668 --- [    Test worker] o.h.type.descriptor.sql.BasicExtractor   : extracted value ([post_upd7_2_] : [TIMESTAMP]) - [2023-08-14 11:35:13.458]
2023-08-14 13:34:04.089 TRACE 8668 --- [    Test worker] o.h.type.descriptor.sql.BasicExtractor   : extracted value ([post_vie8_2_] : [INTEGER]) - [0]
2023-08-14 13:34:04.089 TRACE 8668 --- [    Test worker] o.h.type.descriptor.sql.BasicExtractor   : extracted value ([post_wri9_2_] : [VARCHAR]) - [자바]
2023-08-14 13:34:04.089 TRACE 8668 --- [    Test worker] o.h.type.descriptor.sql.BasicExtractor   : extracted value ([post_id1_2_] : [BIGINT]) - [56]
2023-08-14 13:34:04.089 TRACE 8668 --- [    Test worker] o.h.type.descriptor.sql.BasicExtractor   : extracted value ([board_id2_2_] : [BIGINT]) - [1]
2023-08-14 13:34:04.089 TRACE 8668 --- [    Test worker] o.h.type.descriptor.sql.BasicExtractor   : extracted value ([post_con3_2_] : [VARCHAR]) - [SycriCVooR]
2023-08-14 13:34:04.089 TRACE 8668 --- [    Test worker] o.h.type.descriptor.sql.BasicExtractor   : extracted value ([post_cre4_2_] : [TIMESTAMP]) - [2023-08-14 11:35:13.458]
2023-08-14 13:34:04.089 TRACE 8668 --- [    Test worker] o.h.type.descriptor.sql.BasicExtractor   : extracted value ([post_sho5_2_] : [VARCHAR]) - [Y]
2023-08-14 13:34:04.089 TRACE 8668 --- [    Test worker] o.h.type.descriptor.sql.BasicExtractor   : extracted value ([post_tit6_2_] : [VARCHAR]) - [테스트 글 제목 55]
2023-08-14 13:34:04.089 TRACE 8668 --- [    Test worker] o.h.type.descriptor.sql.BasicExtractor   : extracted value ([post_upd7_2_] : [TIMESTAMP]) - [2023-08-14 11:35:13.458]
2023-08-14 13:34:04.089 TRACE 8668 --- [    Test worker] o.h.type.descriptor.sql.BasicExtractor   : extracted value ([post_vie8_2_] : [INTEGER]) - [0]
2023-08-14 13:34:04.089 TRACE 8668 --- [    Test worker] o.h.type.descriptor.sql.BasicExtractor   : extracted value ([post_wri9_2_] : [VARCHAR]) - [자바]
2023-08-14 13:34:04.089 TRACE 8668 --- [    Test worker] o.h.type.descriptor.sql.BasicExtractor   : extracted value ([post_id1_2_] : [BIGINT]) - [57]
2023-08-14 13:34:04.089 TRACE 8668 --- [    Test worker] o.h.type.descriptor.sql.BasicExtractor   : extracted value ([board_id2_2_] : [BIGINT]) - [1]
2023-08-14 13:34:04.089 TRACE 8668 --- [    Test worker] o.h.type.descriptor.sql.BasicExtractor   : extracted value ([post_con3_2_] : [VARCHAR]) - [3IjXAATD7n]
2023-08-14 13:34:04.089 TRACE 8668 --- [    Test worker] o.h.type.descriptor.sql.BasicExtractor   : extracted value ([post_cre4_2_] : [TIMESTAMP]) - [2023-08-14 11:35:13.458]
2023-08-14 13:34:04.089 TRACE 8668 --- [    Test worker] o.h.type.descriptor.sql.BasicExtractor   : extracted value ([post_sho5_2_] : [VARCHAR]) - [Y]
2023-08-14 13:34:04.089 TRACE 8668 --- [    Test worker] o.h.type.descriptor.sql.BasicExtractor   : extracted value ([post_tit6_2_] : [VARCHAR]) - [테스트 글 제목 56]
2023-08-14 13:34:04.089 TRACE 8668 --- [    Test worker] o.h.type.descriptor.sql.BasicExtractor   : extracted value ([post_upd7_2_] : [TIMESTAMP]) - [2023-08-14 11:35:13.458]
2023-08-14 13:34:04.089 TRACE 8668 --- [    Test worker] o.h.type.descriptor.sql.BasicExtractor   : extracted value ([post_vie8_2_] : [INTEGER]) - [0]
2023-08-14 13:34:04.089 TRACE 8668 --- [    Test worker] o.h.type.descriptor.sql.BasicExtractor   : extracted value ([post_wri9_2_] : [VARCHAR]) - [자바]
2023-08-14 13:34:04.089 TRACE 8668 --- [    Test worker] o.h.type.descriptor.sql.BasicExtractor   : extracted value ([post_id1_2_] : [BIGINT]) - [58]
2023-08-14 13:34:04.089 TRACE 8668 --- [    Test worker] o.h.type.descriptor.sql.BasicExtractor   : extracted value ([board_id2_2_] : [BIGINT]) - [1]
2023-08-14 13:34:04.089 TRACE 8668 --- [    Test worker] o.h.type.descriptor.sql.BasicExtractor   : extracted value ([post_con3_2_] : [VARCHAR]) - [yHb3rmte95]
2023-08-14 13:34:04.089 TRACE 8668 --- [    Test worker] o.h.type.descriptor.sql.BasicExtractor   : extracted value ([post_cre4_2_] : [TIMESTAMP]) - [2023-08-14 11:35:13.458]
2023-08-14 13:34:04.089 TRACE 8668 --- [    Test worker] o.h.type.descriptor.sql.BasicExtractor   : extracted value ([post_sho5_2_] : [VARCHAR]) - [Y]
2023-08-14 13:34:04.089 TRACE 8668 --- [    Test worker] o.h.type.descriptor.sql.BasicExtractor   : extracted value ([post_tit6_2_] : [VARCHAR]) - [테스트 글 제목 57]
2023-08-14 13:34:04.089 TRACE 8668 --- [    Test worker] o.h.type.descriptor.sql.BasicExtractor   : extracted value ([post_upd7_2_] : [TIMESTAMP]) - [2023-08-14 11:35:13.458]
2023-08-14 13:34:04.089 TRACE 8668 --- [    Test worker] o.h.type.descriptor.sql.BasicExtractor   : extracted value ([post_vie8_2_] : [INTEGER]) - [0]
2023-08-14 13:34:04.089 TRACE 8668 --- [    Test worker] o.h.type.descriptor.sql.BasicExtractor   : extracted value ([post_wri9_2_] : [VARCHAR]) - [자바]
2023-08-14 13:34:04.089 TRACE 8668 --- [    Test worker] o.h.type.descriptor.sql.BasicExtractor   : extracted value ([post_id1_2_] : [BIGINT]) - [59]
2023-08-14 13:34:04.089 TRACE 8668 --- [    Test worker] o.h.type.descriptor.sql.BasicExtractor   : extracted value ([board_id2_2_] : [BIGINT]) - [1]
2023-08-14 13:34:04.089 TRACE 8668 --- [    Test worker] o.h.type.descriptor.sql.BasicExtractor   : extracted value ([post_con3_2_] : [VARCHAR]) - [kwmS2J1Jma]
2023-08-14 13:34:04.089 TRACE 8668 --- [    Test worker] o.h.type.descriptor.sql.BasicExtractor   : extracted value ([post_cre4_2_] : [TIMESTAMP]) - [2023-08-14 11:35:13.474]
2023-08-14 13:34:04.089 TRACE 8668 --- [    Test worker] o.h.type.descriptor.sql.BasicExtractor   : extracted value ([post_sho5_2_] : [VARCHAR]) - [Y]
2023-08-14 13:34:04.089 TRACE 8668 --- [    Test worker] o.h.type.descriptor.sql.BasicExtractor   : extracted value ([post_tit6_2_] : [VARCHAR]) - [테스트 글 제목 58]
2023-08-14 13:34:04.089 TRACE 8668 --- [    Test worker] o.h.type.descriptor.sql.BasicExtractor   : extracted value ([post_upd7_2_] : [TIMESTAMP]) - [2023-08-14 11:35:13.474]
2023-08-14 13:34:04.089 TRACE 8668 --- [    Test worker] o.h.type.descriptor.sql.BasicExtractor   : extracted value ([post_vie8_2_] : [INTEGER]) - [0]
2023-08-14 13:34:04.089 TRACE 8668 --- [    Test worker] o.h.type.descriptor.sql.BasicExtractor   : extracted value ([post_wri9_2_] : [VARCHAR]) - [자바]
2023-08-14 13:34:04.089 TRACE 8668 --- [    Test worker] o.h.type.descriptor.sql.BasicExtractor   : extracted value ([post_id1_2_] : [BIGINT]) - [60]
2023-08-14 13:34:04.089 TRACE 8668 --- [    Test worker] o.h.type.descriptor.sql.BasicExtractor   : extracted value ([board_id2_2_] : [BIGINT]) - [1]
2023-08-14 13:34:04.089 TRACE 8668 --- [    Test worker] o.h.type.descriptor.sql.BasicExtractor   : extracted value ([post_con3_2_] : [VARCHAR]) - [GlboEC4HIT]
2023-08-14 13:34:04.089 TRACE 8668 --- [    Test worker] o.h.type.descriptor.sql.BasicExtractor   : extracted value ([post_cre4_2_] : [TIMESTAMP]) - [2023-08-14 11:35:13.474]
2023-08-14 13:34:04.089 TRACE 8668 --- [    Test worker] o.h.type.descriptor.sql.BasicExtractor   : extracted value ([post_sho5_2_] : [VARCHAR]) - [Y]
2023-08-14 13:34:04.089 TRACE 8668 --- [    Test worker] o.h.type.descriptor.sql.BasicExtractor   : extracted value ([post_tit6_2_] : [VARCHAR]) - [테스트 글 제목 59]
2023-08-14 13:34:04.089 TRACE 8668 --- [    Test worker] o.h.type.descriptor.sql.BasicExtractor   : extracted value ([post_upd7_2_] : [TIMESTAMP]) - [2023-08-14 11:35:13.474]
2023-08-14 13:34:04.089 TRACE 8668 --- [    Test worker] o.h.type.descriptor.sql.BasicExtractor   : extracted value ([post_vie8_2_] : [INTEGER]) - [0]
2023-08-14 13:34:04.089 TRACE 8668 --- [    Test worker] o.h.type.descriptor.sql.BasicExtractor   : extracted value ([post_wri9_2_] : [VARCHAR]) - [자바]
2023-08-14 13:34:04.089 TRACE 8668 --- [    Test worker] o.h.type.descriptor.sql.BasicExtractor   : extracted value ([post_id1_2_] : [BIGINT]) - [61]
2023-08-14 13:34:04.089 TRACE 8668 --- [    Test worker] o.h.type.descriptor.sql.BasicExtractor   : extracted value ([board_id2_2_] : [BIGINT]) - [1]
2023-08-14 13:34:04.089 TRACE 8668 --- [    Test worker] o.h.type.descriptor.sql.BasicExtractor   : extracted value ([post_con3_2_] : [VARCHAR]) - [upqXUwEoYn]
2023-08-14 13:34:04.089 TRACE 8668 --- [    Test worker] o.h.type.descriptor.sql.BasicExtractor   : extracted value ([post_cre4_2_] : [TIMESTAMP]) - [2023-08-14 11:35:13.474]
2023-08-14 13:34:04.089 TRACE 8668 --- [    Test worker] o.h.type.descriptor.sql.BasicExtractor   : extracted value ([post_sho5_2_] : [VARCHAR]) - [Y]
2023-08-14 13:34:04.089 TRACE 8668 --- [    Test worker] o.h.type.descriptor.sql.BasicExtractor   : extracted value ([post_tit6_2_] : [VARCHAR]) - [테스트 글 제목 60]
2023-08-14 13:34:04.089 TRACE 8668 --- [    Test worker] o.h.type.descriptor.sql.BasicExtractor   : extracted value ([post_upd7_2_] : [TIMESTAMP]) - [2023-08-14 11:35:13.474]
2023-08-14 13:34:04.089 TRACE 8668 --- [    Test worker] o.h.type.descriptor.sql.BasicExtractor   : extracted value ([post_vie8_2_] : [INTEGER]) - [0]
2023-08-14 13:34:04.089 TRACE 8668 --- [    Test worker] o.h.type.descriptor.sql.BasicExtractor   : extracted value ([post_wri9_2_] : [VARCHAR]) - [자바]
2023-08-14 13:34:04.089 TRACE 8668 --- [    Test worker] o.h.type.descriptor.sql.BasicExtractor   : extracted value ([post_id1_2_] : [BIGINT]) - [62]
2023-08-14 13:34:04.089 TRACE 8668 --- [    Test worker] o.h.type.descriptor.sql.BasicExtractor   : extracted value ([board_id2_2_] : [BIGINT]) - [1]
2023-08-14 13:34:04.089 TRACE 8668 --- [    Test worker] o.h.type.descriptor.sql.BasicExtractor   : extracted value ([post_con3_2_] : [VARCHAR]) - [zYwrp1RaIC]
2023-08-14 13:34:04.089 TRACE 8668 --- [    Test worker] o.h.type.descriptor.sql.BasicExtractor   : extracted value ([post_cre4_2_] : [TIMESTAMP]) - [2023-08-14 11:35:13.474]
2023-08-14 13:34:04.089 TRACE 8668 --- [    Test worker] o.h.type.descriptor.sql.BasicExtractor   : extracted value ([post_sho5_2_] : [VARCHAR]) - [Y]
2023-08-14 13:34:04.089 TRACE 8668 --- [    Test worker] o.h.type.descriptor.sql.BasicExtractor   : extracted value ([post_tit6_2_] : [VARCHAR]) - [테스트 글 제목 61]
2023-08-14 13:34:04.089 TRACE 8668 --- [    Test worker] o.h.type.descriptor.sql.BasicExtractor   : extracted value ([post_upd7_2_] : [TIMESTAMP]) - [2023-08-14 11:35:13.474]
2023-08-14 13:34:04.089 TRACE 8668 --- [    Test worker] o.h.type.descriptor.sql.BasicExtractor   : extracted value ([post_vie8_2_] : [INTEGER]) - [0]
2023-08-14 13:34:04.089 TRACE 8668 --- [    Test worker] o.h.type.descriptor.sql.BasicExtractor   : extracted value ([post_wri9_2_] : [VARCHAR]) - [자바]
2023-08-14 13:34:04.089 TRACE 8668 --- [    Test worker] o.h.type.descriptor.sql.BasicExtractor   : extracted value ([post_id1_2_] : [BIGINT]) - [63]
2023-08-14 13:34:04.089 TRACE 8668 --- [    Test worker] o.h.type.descriptor.sql.BasicExtractor   : extracted value ([board_id2_2_] : [BIGINT]) - [1]
2023-08-14 13:34:04.089 TRACE 8668 --- [    Test worker] o.h.type.descriptor.sql.BasicExtractor   : extracted value ([post_con3_2_] : [VARCHAR]) - [pQHUngCT4V]
2023-08-14 13:34:04.089 TRACE 8668 --- [    Test worker] o.h.type.descriptor.sql.BasicExtractor   : extracted value ([post_cre4_2_] : [TIMESTAMP]) - [2023-08-14 11:35:13.474]
2023-08-14 13:34:04.089 TRACE 8668 --- [    Test worker] o.h.type.descriptor.sql.BasicExtractor   : extracted value ([post_sho5_2_] : [VARCHAR]) - [Y]
2023-08-14 13:34:04.089 TRACE 8668 --- [    Test worker] o.h.type.descriptor.sql.BasicExtractor   : extracted value ([post_tit6_2_] : [VARCHAR]) - [테스트 글 제목 62]
2023-08-14 13:34:04.089 TRACE 8668 --- [    Test worker] o.h.type.descriptor.sql.BasicExtractor   : extracted value ([post_upd7_2_] : [TIMESTAMP]) - [2023-08-14 11:35:13.474]
2023-08-14 13:34:04.089 TRACE 8668 --- [    Test worker] o.h.type.descriptor.sql.BasicExtractor   : extracted value ([post_vie8_2_] : [INTEGER]) - [0]
2023-08-14 13:34:04.089 TRACE 8668 --- [    Test worker] o.h.type.descriptor.sql.BasicExtractor   : extracted value ([post_wri9_2_] : [VARCHAR]) - [자바]
2023-08-14 13:34:04.089 TRACE 8668 --- [    Test worker] o.h.type.descriptor.sql.BasicExtractor   : extracted value ([post_id1_2_] : [BIGINT]) - [64]
2023-08-14 13:34:04.089 TRACE 8668 --- [    Test worker] o.h.type.descriptor.sql.BasicExtractor   : extracted value ([board_id2_2_] : [BIGINT]) - [1]
2023-08-14 13:34:04.089 TRACE 8668 --- [    Test worker] o.h.type.descriptor.sql.BasicExtractor   : extracted value ([post_con3_2_] : [VARCHAR]) - [6TN0iwpZ8c]
2023-08-14 13:34:04.089 TRACE 8668 --- [    Test worker] o.h.type.descriptor.sql.BasicExtractor   : extracted value ([post_cre4_2_] : [TIMESTAMP]) - [2023-08-14 11:35:13.474]
2023-08-14 13:34:04.089 TRACE 8668 --- [    Test worker] o.h.type.descriptor.sql.BasicExtractor   : extracted value ([post_sho5_2_] : [VARCHAR]) - [Y]
2023-08-14 13:34:04.089 TRACE 8668 --- [    Test worker] o.h.type.descriptor.sql.BasicExtractor   : extracted value ([post_tit6_2_] : [VARCHAR]) - [테스트 글 제목 63]
2023-08-14 13:34:04.089 TRACE 8668 --- [    Test worker] o.h.type.descriptor.sql.BasicExtractor   : extracted value ([post_upd7_2_] : [TIMESTAMP]) - [2023-08-14 11:35:13.474]
2023-08-14 13:34:04.089 TRACE 8668 --- [    Test worker] o.h.type.descriptor.sql.BasicExtractor   : extracted value ([post_vie8_2_] : [INTEGER]) - [0]
2023-08-14 13:34:04.089 TRACE 8668 --- [    Test worker] o.h.type.descriptor.sql.BasicExtractor   : extracted value ([post_wri9_2_] : [VARCHAR]) - [자바]
2023-08-14 13:34:04.089 TRACE 8668 --- [    Test worker] o.h.type.descriptor.sql.BasicExtractor   : extracted value ([post_id1_2_] : [BIGINT]) - [65]
2023-08-14 13:34:04.089 TRACE 8668 --- [    Test worker] o.h.type.descriptor.sql.BasicExtractor   : extracted value ([board_id2_2_] : [BIGINT]) - [1]
2023-08-14 13:34:04.089 TRACE 8668 --- [    Test worker] o.h.type.descriptor.sql.BasicExtractor   : extracted value ([post_con3_2_] : [VARCHAR]) - [SXdaaWqCgx]
2023-08-14 13:34:04.105 TRACE 8668 --- [    Test worker] o.h.type.descriptor.sql.BasicExtractor   : extracted value ([post_cre4_2_] : [TIMESTAMP]) - [2023-08-14 11:35:13.474]
2023-08-14 13:34:04.105 TRACE 8668 --- [    Test worker] o.h.type.descriptor.sql.BasicExtractor   : extracted value ([post_sho5_2_] : [VARCHAR]) - [Y]
2023-08-14 13:34:04.105 TRACE 8668 --- [    Test worker] o.h.type.descriptor.sql.BasicExtractor   : extracted value ([post_tit6_2_] : [VARCHAR]) - [테스트 글 제목 64]
2023-08-14 13:34:04.105 TRACE 8668 --- [    Test worker] o.h.type.descriptor.sql.BasicExtractor   : extracted value ([post_upd7_2_] : [TIMESTAMP]) - [2023-08-14 11:35:13.474]
2023-08-14 13:34:04.105 TRACE 8668 --- [    Test worker] o.h.type.descriptor.sql.BasicExtractor   : extracted value ([post_vie8_2_] : [INTEGER]) - [0]
2023-08-14 13:34:04.105 TRACE 8668 --- [    Test worker] o.h.type.descriptor.sql.BasicExtractor   : extracted value ([post_wri9_2_] : [VARCHAR]) - [자바]
2023-08-14 13:34:04.105 TRACE 8668 --- [    Test worker] o.h.type.descriptor.sql.BasicExtractor   : extracted value ([post_id1_2_] : [BIGINT]) - [66]
2023-08-14 13:34:04.105 TRACE 8668 --- [    Test worker] o.h.type.descriptor.sql.BasicExtractor   : extracted value ([board_id2_2_] : [BIGINT]) - [1]
2023-08-14 13:34:04.105 TRACE 8668 --- [    Test worker] o.h.type.descriptor.sql.BasicExtractor   : extracted value ([post_con3_2_] : [VARCHAR]) - [hIfRTMArrr]
2023-08-14 13:34:04.105 TRACE 8668 --- [    Test worker] o.h.type.descriptor.sql.BasicExtractor   : extracted value ([post_cre4_2_] : [TIMESTAMP]) - [2023-08-14 11:35:13.489]
2023-08-14 13:34:04.105 TRACE 8668 --- [    Test worker] o.h.type.descriptor.sql.BasicExtractor   : extracted value ([post_sho5_2_] : [VARCHAR]) - [Y]
2023-08-14 13:34:04.105 TRACE 8668 --- [    Test worker] o.h.type.descriptor.sql.BasicExtractor   : extracted value ([post_tit6_2_] : [VARCHAR]) - [테스트 글 제목 65]
2023-08-14 13:34:04.105 TRACE 8668 --- [    Test worker] o.h.type.descriptor.sql.BasicExtractor   : extracted value ([post_upd7_2_] : [TIMESTAMP]) - [2023-08-14 11:35:13.489]
2023-08-14 13:34:04.105 TRACE 8668 --- [    Test worker] o.h.type.descriptor.sql.BasicExtractor   : extracted value ([post_vie8_2_] : [INTEGER]) - [0]
2023-08-14 13:34:04.105 TRACE 8668 --- [    Test worker] o.h.type.descriptor.sql.BasicExtractor   : extracted value ([post_wri9_2_] : [VARCHAR]) - [자바]
2023-08-14 13:34:04.105 TRACE 8668 --- [    Test worker] o.h.type.descriptor.sql.BasicExtractor   : extracted value ([post_id1_2_] : [BIGINT]) - [67]
2023-08-14 13:34:04.105 TRACE 8668 --- [    Test worker] o.h.type.descriptor.sql.BasicExtractor   : extracted value ([board_id2_2_] : [BIGINT]) - [1]
2023-08-14 13:34:04.105 TRACE 8668 --- [    Test worker] o.h.type.descriptor.sql.BasicExtractor   : extracted value ([post_con3_2_] : [VARCHAR]) - [4uyBVqGo5e]
2023-08-14 13:34:04.105 TRACE 8668 --- [    Test worker] o.h.type.descriptor.sql.BasicExtractor   : extracted value ([post_cre4_2_] : [TIMESTAMP]) - [2023-08-14 11:35:13.489]
2023-08-14 13:34:04.105 TRACE 8668 --- [    Test worker] o.h.type.descriptor.sql.BasicExtractor   : extracted value ([post_sho5_2_] : [VARCHAR]) - [Y]
2023-08-14 13:34:04.105 TRACE 8668 --- [    Test worker] o.h.type.descriptor.sql.BasicExtractor   : extracted value ([post_tit6_2_] : [VARCHAR]) - [테스트 글 제목 66]
2023-08-14 13:34:04.105 TRACE 8668 --- [    Test worker] o.h.type.descriptor.sql.BasicExtractor   : extracted value ([post_upd7_2_] : [TIMESTAMP]) - [2023-08-14 11:35:13.489]
2023-08-14 13:34:04.105 TRACE 8668 --- [    Test worker] o.h.type.descriptor.sql.BasicExtractor   : extracted value ([post_vie8_2_] : [INTEGER]) - [0]
2023-08-14 13:34:04.105 TRACE 8668 --- [    Test worker] o.h.type.descriptor.sql.BasicExtractor   : extracted value ([post_wri9_2_] : [VARCHAR]) - [자바]
2023-08-14 13:34:04.105 TRACE 8668 --- [    Test worker] o.h.type.descriptor.sql.BasicExtractor   : extracted value ([post_id1_2_] : [BIGINT]) - [68]
2023-08-14 13:34:04.105 TRACE 8668 --- [    Test worker] o.h.type.descriptor.sql.BasicExtractor   : extracted value ([board_id2_2_] : [BIGINT]) - [1]
2023-08-14 13:34:04.105 TRACE 8668 --- [    Test worker] o.h.type.descriptor.sql.BasicExtractor   : extracted value ([post_con3_2_] : [VARCHAR]) - [lQJbHFSpQa]
2023-08-14 13:34:04.105 TRACE 8668 --- [    Test worker] o.h.type.descriptor.sql.BasicExtractor   : extracted value ([post_cre4_2_] : [TIMESTAMP]) - [2023-08-14 11:35:13.489]
2023-08-14 13:34:04.105 TRACE 8668 --- [    Test worker] o.h.type.descriptor.sql.BasicExtractor   : extracted value ([post_sho5_2_] : [VARCHAR]) - [Y]
2023-08-14 13:34:04.105 TRACE 8668 --- [    Test worker] o.h.type.descriptor.sql.BasicExtractor   : extracted value ([post_tit6_2_] : [VARCHAR]) - [테스트 글 제목 67]
2023-08-14 13:34:04.105 TRACE 8668 --- [    Test worker] o.h.type.descriptor.sql.BasicExtractor   : extracted value ([post_upd7_2_] : [TIMESTAMP]) - [2023-08-14 11:35:13.489]
2023-08-14 13:34:04.105 TRACE 8668 --- [    Test worker] o.h.type.descriptor.sql.BasicExtractor   : extracted value ([post_vie8_2_] : [INTEGER]) - [0]
2023-08-14 13:34:04.105 TRACE 8668 --- [    Test worker] o.h.type.descriptor.sql.BasicExtractor   : extracted value ([post_wri9_2_] : [VARCHAR]) - [자바]
2023-08-14 13:34:04.105 TRACE 8668 --- [    Test worker] o.h.type.descriptor.sql.BasicExtractor   : extracted value ([post_id1_2_] : [BIGINT]) - [69]
2023-08-14 13:34:04.105 TRACE 8668 --- [    Test worker] o.h.type.descriptor.sql.BasicExtractor   : extracted value ([board_id2_2_] : [BIGINT]) - [1]
2023-08-14 13:34:04.105 TRACE 8668 --- [    Test worker] o.h.type.descriptor.sql.BasicExtractor   : extracted value ([post_con3_2_] : [VARCHAR]) - [pBicahBEWm]
2023-08-14 13:34:04.105 TRACE 8668 --- [    Test worker] o.h.type.descriptor.sql.BasicExtractor   : extracted value ([post_cre4_2_] : [TIMESTAMP]) - [2023-08-14 11:35:13.489]
2023-08-14 13:34:04.105 TRACE 8668 --- [    Test worker] o.h.type.descriptor.sql.BasicExtractor   : extracted value ([post_sho5_2_] : [VARCHAR]) - [Y]
2023-08-14 13:34:04.105 TRACE 8668 --- [    Test worker] o.h.type.descriptor.sql.BasicExtractor   : extracted value ([post_tit6_2_] : [VARCHAR]) - [테스트 글 제목 68]
2023-08-14 13:34:04.105 TRACE 8668 --- [    Test worker] o.h.type.descriptor.sql.BasicExtractor   : extracted value ([post_upd7_2_] : [TIMESTAMP]) - [2023-08-14 11:35:13.489]
2023-08-14 13:34:04.105 TRACE 8668 --- [    Test worker] o.h.type.descriptor.sql.BasicExtractor   : extracted value ([post_vie8_2_] : [INTEGER]) - [0]
2023-08-14 13:34:04.105 TRACE 8668 --- [    Test worker] o.h.type.descriptor.sql.BasicExtractor   : extracted value ([post_wri9_2_] : [VARCHAR]) - [자바]
2023-08-14 13:34:04.105 TRACE 8668 --- [    Test worker] o.h.type.descriptor.sql.BasicExtractor   : extracted value ([post_id1_2_] : [BIGINT]) - [70]
2023-08-14 13:34:04.105 TRACE 8668 --- [    Test worker] o.h.type.descriptor.sql.BasicExtractor   : extracted value ([board_id2_2_] : [BIGINT]) - [1]
2023-08-14 13:34:04.105 TRACE 8668 --- [    Test worker] o.h.type.descriptor.sql.BasicExtractor   : extracted value ([post_con3_2_] : [VARCHAR]) - [b6UBPSUixA]
2023-08-14 13:34:04.105 TRACE 8668 --- [    Test worker] o.h.type.descriptor.sql.BasicExtractor   : extracted value ([post_cre4_2_] : [TIMESTAMP]) - [2023-08-14 11:35:13.489]
2023-08-14 13:34:04.105 TRACE 8668 --- [    Test worker] o.h.type.descriptor.sql.BasicExtractor   : extracted value ([post_sho5_2_] : [VARCHAR]) - [Y]
2023-08-14 13:34:04.105 TRACE 8668 --- [    Test worker] o.h.type.descriptor.sql.BasicExtractor   : extracted value ([post_tit6_2_] : [VARCHAR]) - [테스트 글 제목 69]
2023-08-14 13:34:04.105 TRACE 8668 --- [    Test worker] o.h.type.descriptor.sql.BasicExtractor   : extracted value ([post_upd7_2_] : [TIMESTAMP]) - [2023-08-14 11:35:13.489]
2023-08-14 13:34:04.105 TRACE 8668 --- [    Test worker] o.h.type.descriptor.sql.BasicExtractor   : extracted value ([post_vie8_2_] : [INTEGER]) - [0]
2023-08-14 13:34:04.105 TRACE 8668 --- [    Test worker] o.h.type.descriptor.sql.BasicExtractor   : extracted value ([post_wri9_2_] : [VARCHAR]) - [자바]
2023-08-14 13:34:04.105 TRACE 8668 --- [    Test worker] o.h.type.descriptor.sql.BasicExtractor   : extracted value ([post_id1_2_] : [BIGINT]) - [71]
2023-08-14 13:34:04.105 TRACE 8668 --- [    Test worker] o.h.type.descriptor.sql.BasicExtractor   : extracted value ([board_id2_2_] : [BIGINT]) - [1]
2023-08-14 13:34:04.105 TRACE 8668 --- [    Test worker] o.h.type.descriptor.sql.BasicExtractor   : extracted value ([post_con3_2_] : [VARCHAR]) - [eDlFMLqvcG]
2023-08-14 13:34:04.105 TRACE 8668 --- [    Test worker] o.h.type.descriptor.sql.BasicExtractor   : extracted value ([post_cre4_2_] : [TIMESTAMP]) - [2023-08-14 11:35:13.489]
2023-08-14 13:34:04.105 TRACE 8668 --- [    Test worker] o.h.type.descriptor.sql.BasicExtractor   : extracted value ([post_sho5_2_] : [VARCHAR]) - [Y]
2023-08-14 13:34:04.105 TRACE 8668 --- [    Test worker] o.h.type.descriptor.sql.BasicExtractor   : extracted value ([post_tit6_2_] : [VARCHAR]) - [테스트 글 제목 70]
2023-08-14 13:34:04.105 TRACE 8668 --- [    Test worker] o.h.type.descriptor.sql.BasicExtractor   : extracted value ([post_upd7_2_] : [TIMESTAMP]) - [2023-08-14 11:35:13.489]
2023-08-14 13:34:04.105 TRACE 8668 --- [    Test worker] o.h.type.descriptor.sql.BasicExtractor   : extracted value ([post_vie8_2_] : [INTEGER]) - [0]
2023-08-14 13:34:04.105 TRACE 8668 --- [    Test worker] o.h.type.descriptor.sql.BasicExtractor   : extracted value ([post_wri9_2_] : [VARCHAR]) - [자바]
2023-08-14 13:34:04.105 TRACE 8668 --- [    Test worker] o.h.type.descriptor.sql.BasicExtractor   : extracted value ([post_id1_2_] : [BIGINT]) - [72]
2023-08-14 13:34:04.105 TRACE 8668 --- [    Test worker] o.h.type.descriptor.sql.BasicExtractor   : extracted value ([board_id2_2_] : [BIGINT]) - [1]
2023-08-14 13:34:04.105 TRACE 8668 --- [    Test worker] o.h.type.descriptor.sql.BasicExtractor   : extracted value ([post_con3_2_] : [VARCHAR]) - [stkcGzZ7S7]
2023-08-14 13:34:04.105 TRACE 8668 --- [    Test worker] o.h.type.descriptor.sql.BasicExtractor   : extracted value ([post_cre4_2_] : [TIMESTAMP]) - [2023-08-14 11:35:13.489]
2023-08-14 13:34:04.105 TRACE 8668 --- [    Test worker] o.h.type.descriptor.sql.BasicExtractor   : extracted value ([post_sho5_2_] : [VARCHAR]) - [Y]
2023-08-14 13:34:04.105 TRACE 8668 --- [    Test worker] o.h.type.descriptor.sql.BasicExtractor   : extracted value ([post_tit6_2_] : [VARCHAR]) - [테스트 글 제목 71]
2023-08-14 13:34:04.105 TRACE 8668 --- [    Test worker] o.h.type.descriptor.sql.BasicExtractor   : extracted value ([post_upd7_2_] : [TIMESTAMP]) - [2023-08-14 11:35:13.489]
2023-08-14 13:34:04.105 TRACE 8668 --- [    Test worker] o.h.type.descriptor.sql.BasicExtractor   : extracted value ([post_vie8_2_] : [INTEGER]) - [0]
2023-08-14 13:34:04.105 TRACE 8668 --- [    Test worker] o.h.type.descriptor.sql.BasicExtractor   : extracted value ([post_wri9_2_] : [VARCHAR]) - [자바]
2023-08-14 13:34:04.105 TRACE 8668 --- [    Test worker] o.h.type.descriptor.sql.BasicExtractor   : extracted value ([post_id1_2_] : [BIGINT]) - [73]
2023-08-14 13:34:04.105 TRACE 8668 --- [    Test worker] o.h.type.descriptor.sql.BasicExtractor   : extracted value ([board_id2_2_] : [BIGINT]) - [1]
2023-08-14 13:34:04.105 TRACE 8668 --- [    Test worker] o.h.type.descriptor.sql.BasicExtractor   : extracted value ([post_con3_2_] : [VARCHAR]) - [TCuZYj2x8u]
2023-08-14 13:34:04.105 TRACE 8668 --- [    Test worker] o.h.type.descriptor.sql.BasicExtractor   : extracted value ([post_cre4_2_] : [TIMESTAMP]) - [2023-08-14 11:35:13.489]
2023-08-14 13:34:04.105 TRACE 8668 --- [    Test worker] o.h.type.descriptor.sql.BasicExtractor   : extracted value ([post_sho5_2_] : [VARCHAR]) - [Y]
2023-08-14 13:34:04.105 TRACE 8668 --- [    Test worker] o.h.type.descriptor.sql.BasicExtractor   : extracted value ([post_tit6_2_] : [VARCHAR]) - [테스트 글 제목 72]
2023-08-14 13:34:04.105 TRACE 8668 --- [    Test worker] o.h.type.descriptor.sql.BasicExtractor   : extracted value ([post_upd7_2_] : [TIMESTAMP]) - [2023-08-14 11:35:13.489]
2023-08-14 13:34:04.105 TRACE 8668 --- [    Test worker] o.h.type.descriptor.sql.BasicExtractor   : extracted value ([post_vie8_2_] : [INTEGER]) - [0]
2023-08-14 13:34:04.105 TRACE 8668 --- [    Test worker] o.h.type.descriptor.sql.BasicExtractor   : extracted value ([post_wri9_2_] : [VARCHAR]) - [자바]
2023-08-14 13:34:04.105 TRACE 8668 --- [    Test worker] o.h.type.descriptor.sql.BasicExtractor   : extracted value ([post_id1_2_] : [BIGINT]) - [74]
2023-08-14 13:34:04.105 TRACE 8668 --- [    Test worker] o.h.type.descriptor.sql.BasicExtractor   : extracted value ([board_id2_2_] : [BIGINT]) - [1]
2023-08-14 13:34:04.105 TRACE 8668 --- [    Test worker] o.h.type.descriptor.sql.BasicExtractor   : extracted value ([post_con3_2_] : [VARCHAR]) - [0GMDd568SM]
2023-08-14 13:34:04.105 TRACE 8668 --- [    Test worker] o.h.type.descriptor.sql.BasicExtractor   : extracted value ([post_cre4_2_] : [TIMESTAMP]) - [2023-08-14 11:35:13.489]
2023-08-14 13:34:04.105 TRACE 8668 --- [    Test worker] o.h.type.descriptor.sql.BasicExtractor   : extracted value ([post_sho5_2_] : [VARCHAR]) - [Y]
2023-08-14 13:34:04.105 TRACE 8668 --- [    Test worker] o.h.type.descriptor.sql.BasicExtractor   : extracted value ([post_tit6_2_] : [VARCHAR]) - [테스트 글 제목 73]
2023-08-14 13:34:04.105 TRACE 8668 --- [    Test worker] o.h.type.descriptor.sql.BasicExtractor   : extracted value ([post_upd7_2_] : [TIMESTAMP]) - [2023-08-14 11:35:13.489]
2023-08-14 13:34:04.105 TRACE 8668 --- [    Test worker] o.h.type.descriptor.sql.BasicExtractor   : extracted value ([post_vie8_2_] : [INTEGER]) - [0]
2023-08-14 13:34:04.105 TRACE 8668 --- [    Test worker] o.h.type.descriptor.sql.BasicExtractor   : extracted value ([post_wri9_2_] : [VARCHAR]) - [자바]
2023-08-14 13:34:04.105 TRACE 8668 --- [    Test worker] o.h.type.descriptor.sql.BasicExtractor   : extracted value ([post_id1_2_] : [BIGINT]) - [75]
2023-08-14 13:34:04.105 TRACE 8668 --- [    Test worker] o.h.type.descriptor.sql.BasicExtractor   : extracted value ([board_id2_2_] : [BIGINT]) - [1]
2023-08-14 13:34:04.105 TRACE 8668 --- [    Test worker] o.h.type.descriptor.sql.BasicExtractor   : extracted value ([post_con3_2_] : [VARCHAR]) - [QEp6VupVQE]
2023-08-14 13:34:04.105 TRACE 8668 --- [    Test worker] o.h.type.descriptor.sql.BasicExtractor   : extracted value ([post_cre4_2_] : [TIMESTAMP]) - [2023-08-14 11:35:13.505]
2023-08-14 13:34:04.105 TRACE 8668 --- [    Test worker] o.h.type.descriptor.sql.BasicExtractor   : extracted value ([post_sho5_2_] : [VARCHAR]) - [Y]
2023-08-14 13:34:04.105 TRACE 8668 --- [    Test worker] o.h.type.descriptor.sql.BasicExtractor   : extracted value ([post_tit6_2_] : [VARCHAR]) - [테스트 글 제목 74]
2023-08-14 13:34:04.105 TRACE 8668 --- [    Test worker] o.h.type.descriptor.sql.BasicExtractor   : extracted value ([post_upd7_2_] : [TIMESTAMP]) - [2023-08-14 11:35:13.505]
2023-08-14 13:34:04.105 TRACE 8668 --- [    Test worker] o.h.type.descriptor.sql.BasicExtractor   : extracted value ([post_vie8_2_] : [INTEGER]) - [0]
2023-08-14 13:34:04.105 TRACE 8668 --- [    Test worker] o.h.type.descriptor.sql.BasicExtractor   : extracted value ([post_wri9_2_] : [VARCHAR]) - [자바]
2023-08-14 13:34:04.105 TRACE 8668 --- [    Test worker] o.h.type.descriptor.sql.BasicExtractor   : extracted value ([post_id1_2_] : [BIGINT]) - [76]
2023-08-14 13:34:04.105 TRACE 8668 --- [    Test worker] o.h.type.descriptor.sql.BasicExtractor   : extracted value ([board_id2_2_] : [BIGINT]) - [1]
2023-08-14 13:34:04.105 TRACE 8668 --- [    Test worker] o.h.type.descriptor.sql.BasicExtractor   : extracted value ([post_con3_2_] : [VARCHAR]) - [dfbYuSmwv2]
2023-08-14 13:34:04.105 TRACE 8668 --- [    Test worker] o.h.type.descriptor.sql.BasicExtractor   : extracted value ([post_cre4_2_] : [TIMESTAMP]) - [2023-08-14 11:35:13.505]
2023-08-14 13:34:04.105 TRACE 8668 --- [    Test worker] o.h.type.descriptor.sql.BasicExtractor   : extracted value ([post_sho5_2_] : [VARCHAR]) - [Y]
2023-08-14 13:34:04.105 TRACE 8668 --- [    Test worker] o.h.type.descriptor.sql.BasicExtractor   : extracted value ([post_tit6_2_] : [VARCHAR]) - [테스트 글 제목 75]
2023-08-14 13:34:04.105 TRACE 8668 --- [    Test worker] o.h.type.descriptor.sql.BasicExtractor   : extracted value ([post_upd7_2_] : [TIMESTAMP]) - [2023-08-14 11:35:13.505]
2023-08-14 13:34:04.105 TRACE 8668 --- [    Test worker] o.h.type.descriptor.sql.BasicExtractor   : extracted value ([post_vie8_2_] : [INTEGER]) - [0]
2023-08-14 13:34:04.105 TRACE 8668 --- [    Test worker] o.h.type.descriptor.sql.BasicExtractor   : extracted value ([post_wri9_2_] : [VARCHAR]) - [자바]
2023-08-14 13:34:04.105 TRACE 8668 --- [    Test worker] o.h.type.descriptor.sql.BasicExtractor   : extracted value ([post_id1_2_] : [BIGINT]) - [77]
2023-08-14 13:34:04.105 TRACE 8668 --- [    Test worker] o.h.type.descriptor.sql.BasicExtractor   : extracted value ([board_id2_2_] : [BIGINT]) - [1]
2023-08-14 13:34:04.105 TRACE 8668 --- [    Test worker] o.h.type.descriptor.sql.BasicExtractor   : extracted value ([post_con3_2_] : [VARCHAR]) - [Xtkk8y3a6l]
2023-08-14 13:34:04.105 TRACE 8668 --- [    Test worker] o.h.type.descriptor.sql.BasicExtractor   : extracted value ([post_cre4_2_] : [TIMESTAMP]) - [2023-08-14 11:35:13.505]
2023-08-14 13:34:04.105 TRACE 8668 --- [    Test worker] o.h.type.descriptor.sql.BasicExtractor   : extracted value ([post_sho5_2_] : [VARCHAR]) - [Y]
2023-08-14 13:34:04.105 TRACE 8668 --- [    Test worker] o.h.type.descriptor.sql.BasicExtractor   : extracted value ([post_tit6_2_] : [VARCHAR]) - [테스트 글 제목 76]
2023-08-14 13:34:04.105 TRACE 8668 --- [    Test worker] o.h.type.descriptor.sql.BasicExtractor   : extracted value ([post_upd7_2_] : [TIMESTAMP]) - [2023-08-14 11:35:13.505]
2023-08-14 13:34:04.105 TRACE 8668 --- [    Test worker] o.h.type.descriptor.sql.BasicExtractor   : extracted value ([post_vie8_2_] : [INTEGER]) - [0]
2023-08-14 13:34:04.105 TRACE 8668 --- [    Test worker] o.h.type.descriptor.sql.BasicExtractor   : extracted value ([post_wri9_2_] : [VARCHAR]) - [자바]
2023-08-14 13:34:04.105 TRACE 8668 --- [    Test worker] o.h.type.descriptor.sql.BasicExtractor   : extracted value ([post_id1_2_] : [BIGINT]) - [78]
2023-08-14 13:34:04.105 TRACE 8668 --- [    Test worker] o.h.type.descriptor.sql.BasicExtractor   : extracted value ([board_id2_2_] : [BIGINT]) - [1]
2023-08-14 13:34:04.105 TRACE 8668 --- [    Test worker] o.h.type.descriptor.sql.BasicExtractor   : extracted value ([post_con3_2_] : [VARCHAR]) - [gc4AIVtfkZ]
2023-08-14 13:34:04.105 TRACE 8668 --- [    Test worker] o.h.type.descriptor.sql.BasicExtractor   : extracted value ([post_cre4_2_] : [TIMESTAMP]) - [2023-08-14 11:35:13.505]
2023-08-14 13:34:04.105 TRACE 8668 --- [    Test worker] o.h.type.descriptor.sql.BasicExtractor   : extracted value ([post_sho5_2_] : [VARCHAR]) - [Y]
2023-08-14 13:34:04.105 TRACE 8668 --- [    Test worker] o.h.type.descriptor.sql.BasicExtractor   : extracted value ([post_tit6_2_] : [VARCHAR]) - [테스트 글 제목 77]
2023-08-14 13:34:04.105 TRACE 8668 --- [    Test worker] o.h.type.descriptor.sql.BasicExtractor   : extracted value ([post_upd7_2_] : [TIMESTAMP]) - [2023-08-14 11:35:13.505]
2023-08-14 13:34:04.105 TRACE 8668 --- [    Test worker] o.h.type.descriptor.sql.BasicExtractor   : extracted value ([post_vie8_2_] : [INTEGER]) - [0]
2023-08-14 13:34:04.105 TRACE 8668 --- [    Test worker] o.h.type.descriptor.sql.BasicExtractor   : extracted value ([post_wri9_2_] : [VARCHAR]) - [자바]
2023-08-14 13:34:04.105 TRACE 8668 --- [    Test worker] o.h.type.descriptor.sql.BasicExtractor   : extracted value ([post_id1_2_] : [BIGINT]) - [79]
2023-08-14 13:34:04.105 TRACE 8668 --- [    Test worker] o.h.type.descriptor.sql.BasicExtractor   : extracted value ([board_id2_2_] : [BIGINT]) - [1]
2023-08-14 13:34:04.105 TRACE 8668 --- [    Test worker] o.h.type.descriptor.sql.BasicExtractor   : extracted value ([post_con3_2_] : [VARCHAR]) - [6IibcXyC5K]
2023-08-14 13:34:04.105 TRACE 8668 --- [    Test worker] o.h.type.descriptor.sql.BasicExtractor   : extracted value ([post_cre4_2_] : [TIMESTAMP]) - [2023-08-14 11:35:13.505]
2023-08-14 13:34:04.105 TRACE 8668 --- [    Test worker] o.h.type.descriptor.sql.BasicExtractor   : extracted value ([post_sho5_2_] : [VARCHAR]) - [Y]
2023-08-14 13:34:04.105 TRACE 8668 --- [    Test worker] o.h.type.descriptor.sql.BasicExtractor   : extracted value ([post_tit6_2_] : [VARCHAR]) - [테스트 글 제목 78]
2023-08-14 13:34:04.105 TRACE 8668 --- [    Test worker] o.h.type.descriptor.sql.BasicExtractor   : extracted value ([post_upd7_2_] : [TIMESTAMP]) - [2023-08-14 11:35:13.505]
2023-08-14 13:34:04.105 TRACE 8668 --- [    Test worker] o.h.type.descriptor.sql.BasicExtractor   : extracted value ([post_vie8_2_] : [INTEGER]) - [0]
2023-08-14 13:34:04.105 TRACE 8668 --- [    Test worker] o.h.type.descriptor.sql.BasicExtractor   : extracted value ([post_wri9_2_] : [VARCHAR]) - [자바]
2023-08-14 13:34:04.105 TRACE 8668 --- [    Test worker] o.h.type.descriptor.sql.BasicExtractor   : extracted value ([post_id1_2_] : [BIGINT]) - [80]
2023-08-14 13:34:04.105 TRACE 8668 --- [    Test worker] o.h.type.descriptor.sql.BasicExtractor   : extracted value ([board_id2_2_] : [BIGINT]) - [1]
2023-08-14 13:34:04.105 TRACE 8668 --- [    Test worker] o.h.type.descriptor.sql.BasicExtractor   : extracted value ([post_con3_2_] : [VARCHAR]) - [mPssAgBQuT]
2023-08-14 13:34:04.105 TRACE 8668 --- [    Test worker] o.h.type.descriptor.sql.BasicExtractor   : extracted value ([post_cre4_2_] : [TIMESTAMP]) - [2023-08-14 11:35:13.505]
2023-08-14 13:34:04.105 TRACE 8668 --- [    Test worker] o.h.type.descriptor.sql.BasicExtractor   : extracted value ([post_sho5_2_] : [VARCHAR]) - [Y]
2023-08-14 13:34:04.105 TRACE 8668 --- [    Test worker] o.h.type.descriptor.sql.BasicExtractor   : extracted value ([post_tit6_2_] : [VARCHAR]) - [테스트 글 제목 79]
2023-08-14 13:34:04.105 TRACE 8668 --- [    Test worker] o.h.type.descriptor.sql.BasicExtractor   : extracted value ([post_upd7_2_] : [TIMESTAMP]) - [2023-08-14 11:35:13.505]
2023-08-14 13:34:04.105 TRACE 8668 --- [    Test worker] o.h.type.descriptor.sql.BasicExtractor   : extracted value ([post_vie8_2_] : [INTEGER]) - [0]
2023-08-14 13:34:04.105 TRACE 8668 --- [    Test worker] o.h.type.descriptor.sql.BasicExtractor   : extracted value ([post_wri9_2_] : [VARCHAR]) - [자바]
2023-08-14 13:34:04.105 TRACE 8668 --- [    Test worker] o.h.type.descriptor.sql.BasicExtractor   : extracted value ([post_id1_2_] : [BIGINT]) - [81]
2023-08-14 13:34:04.105 TRACE 8668 --- [    Test worker] o.h.type.descriptor.sql.BasicExtractor   : extracted value ([board_id2_2_] : [BIGINT]) - [1]
2023-08-14 13:34:04.105 TRACE 8668 --- [    Test worker] o.h.type.descriptor.sql.BasicExtractor   : extracted value ([post_con3_2_] : [VARCHAR]) - [mfXa5vD2jV]
2023-08-14 13:34:04.105 TRACE 8668 --- [    Test worker] o.h.type.descriptor.sql.BasicExtractor   : extracted value ([post_cre4_2_] : [TIMESTAMP]) - [2023-08-14 11:35:13.505]
2023-08-14 13:34:04.105 TRACE 8668 --- [    Test worker] o.h.type.descriptor.sql.BasicExtractor   : extracted value ([post_sho5_2_] : [VARCHAR]) - [Y]
2023-08-14 13:34:04.105 TRACE 8668 --- [    Test worker] o.h.type.descriptor.sql.BasicExtractor   : extracted value ([post_tit6_2_] : [VARCHAR]) - [테스트 글 제목 80]
2023-08-14 13:34:04.105 TRACE 8668 --- [    Test worker] o.h.type.descriptor.sql.BasicExtractor   : extracted value ([post_upd7_2_] : [TIMESTAMP]) - [2023-08-14 11:35:13.505]
2023-08-14 13:34:04.105 TRACE 8668 --- [    Test worker] o.h.type.descriptor.sql.BasicExtractor   : extracted value ([post_vie8_2_] : [INTEGER]) - [0]
2023-08-14 13:34:04.105 TRACE 8668 --- [    Test worker] o.h.type.descriptor.sql.BasicExtractor   : extracted value ([post_wri9_2_] : [VARCHAR]) - [자바]
2023-08-14 13:34:04.105 TRACE 8668 --- [    Test worker] o.h.type.descriptor.sql.BasicExtractor   : extracted value ([post_id1_2_] : [BIGINT]) - [82]
2023-08-14 13:34:04.105 TRACE 8668 --- [    Test worker] o.h.type.descriptor.sql.BasicExtractor   : extracted value ([board_id2_2_] : [BIGINT]) - [1]
2023-08-14 13:34:04.105 TRACE 8668 --- [    Test worker] o.h.type.descriptor.sql.BasicExtractor   : extracted value ([post_con3_2_] : [VARCHAR]) - [6V4V7igQb3]
2023-08-14 13:34:04.105 TRACE 8668 --- [    Test worker] o.h.type.descriptor.sql.BasicExtractor   : extracted value ([post_cre4_2_] : [TIMESTAMP]) - [2023-08-14 11:35:13.505]
2023-08-14 13:34:04.105 TRACE 8668 --- [    Test worker] o.h.type.descriptor.sql.BasicExtractor   : extracted value ([post_sho5_2_] : [VARCHAR]) - [Y]
2023-08-14 13:34:04.105 TRACE 8668 --- [    Test worker] o.h.type.descriptor.sql.BasicExtractor   : extracted value ([post_tit6_2_] : [VARCHAR]) - [테스트 글 제목 81]
2023-08-14 13:34:04.105 TRACE 8668 --- [    Test worker] o.h.type.descriptor.sql.BasicExtractor   : extracted value ([post_upd7_2_] : [TIMESTAMP]) - [2023-08-14 11:35:13.505]
2023-08-14 13:34:04.105 TRACE 8668 --- [    Test worker] o.h.type.descriptor.sql.BasicExtractor   : extracted value ([post_vie8_2_] : [INTEGER]) - [0]
2023-08-14 13:34:04.105 TRACE 8668 --- [    Test worker] o.h.type.descriptor.sql.BasicExtractor   : extracted value ([post_wri9_2_] : [VARCHAR]) - [자바]
2023-08-14 13:34:04.105 TRACE 8668 --- [    Test worker] o.h.type.descriptor.sql.BasicExtractor   : extracted value ([post_id1_2_] : [BIGINT]) - [83]
2023-08-14 13:34:04.105 TRACE 8668 --- [    Test worker] o.h.type.descriptor.sql.BasicExtractor   : extracted value ([board_id2_2_] : [BIGINT]) - [1]
2023-08-14 13:34:04.105 TRACE 8668 --- [    Test worker] o.h.type.descriptor.sql.BasicExtractor   : extracted value ([post_con3_2_] : [VARCHAR]) - [EYQq8ulmja]
2023-08-14 13:34:04.105 TRACE 8668 --- [    Test worker] o.h.type.descriptor.sql.BasicExtractor   : extracted value ([post_cre4_2_] : [TIMESTAMP]) - [2023-08-14 11:35:13.505]
2023-08-14 13:34:04.105 TRACE 8668 --- [    Test worker] o.h.type.descriptor.sql.BasicExtractor   : extracted value ([post_sho5_2_] : [VARCHAR]) - [Y]
2023-08-14 13:34:04.105 TRACE 8668 --- [    Test worker] o.h.type.descriptor.sql.BasicExtractor   : extracted value ([post_tit6_2_] : [VARCHAR]) - [테스트 글 제목 82]
2023-08-14 13:34:04.105 TRACE 8668 --- [    Test worker] o.h.type.descriptor.sql.BasicExtractor   : extracted value ([post_upd7_2_] : [TIMESTAMP]) - [2023-08-14 11:35:13.505]
2023-08-14 13:34:04.105 TRACE 8668 --- [    Test worker] o.h.type.descriptor.sql.BasicExtractor   : extracted value ([post_vie8_2_] : [INTEGER]) - [0]
2023-08-14 13:34:04.105 TRACE 8668 --- [    Test worker] o.h.type.descriptor.sql.BasicExtractor   : extracted value ([post_wri9_2_] : [VARCHAR]) - [자바]
2023-08-14 13:34:04.105 TRACE 8668 --- [    Test worker] o.h.type.descriptor.sql.BasicExtractor   : extracted value ([post_id1_2_] : [BIGINT]) - [84]
2023-08-14 13:34:04.105 TRACE 8668 --- [    Test worker] o.h.type.descriptor.sql.BasicExtractor   : extracted value ([board_id2_2_] : [BIGINT]) - [1]
2023-08-14 13:34:04.105 TRACE 8668 --- [    Test worker] o.h.type.descriptor.sql.BasicExtractor   : extracted value ([post_con3_2_] : [VARCHAR]) - [yWTqEp9CSa]
2023-08-14 13:34:04.105 TRACE 8668 --- [    Test worker] o.h.type.descriptor.sql.BasicExtractor   : extracted value ([post_cre4_2_] : [TIMESTAMP]) - [2023-08-14 11:35:13.521]
2023-08-14 13:34:04.105 TRACE 8668 --- [    Test worker] o.h.type.descriptor.sql.BasicExtractor   : extracted value ([post_sho5_2_] : [VARCHAR]) - [Y]
2023-08-14 13:34:04.105 TRACE 8668 --- [    Test worker] o.h.type.descriptor.sql.BasicExtractor   : extracted value ([post_tit6_2_] : [VARCHAR]) - [테스트 글 제목 83]
2023-08-14 13:34:04.105 TRACE 8668 --- [    Test worker] o.h.type.descriptor.sql.BasicExtractor   : extracted value ([post_upd7_2_] : [TIMESTAMP]) - [2023-08-14 11:35:13.521]
2023-08-14 13:34:04.105 TRACE 8668 --- [    Test worker] o.h.type.descriptor.sql.BasicExtractor   : extracted value ([post_vie8_2_] : [INTEGER]) - [0]
2023-08-14 13:34:04.105 TRACE 8668 --- [    Test worker] o.h.type.descriptor.sql.BasicExtractor   : extracted value ([post_wri9_2_] : [VARCHAR]) - [자바]
2023-08-14 13:34:04.105 TRACE 8668 --- [    Test worker] o.h.type.descriptor.sql.BasicExtractor   : extracted value ([post_id1_2_] : [BIGINT]) - [85]
2023-08-14 13:34:04.105 TRACE 8668 --- [    Test worker] o.h.type.descriptor.sql.BasicExtractor   : extracted value ([board_id2_2_] : [BIGINT]) - [1]
2023-08-14 13:34:04.105 TRACE 8668 --- [    Test worker] o.h.type.descriptor.sql.BasicExtractor   : extracted value ([post_con3_2_] : [VARCHAR]) - [d36CZ615as]
2023-08-14 13:34:04.105 TRACE 8668 --- [    Test worker] o.h.type.descriptor.sql.BasicExtractor   : extracted value ([post_cre4_2_] : [TIMESTAMP]) - [2023-08-14 11:35:13.521]
2023-08-14 13:34:04.105 TRACE 8668 --- [    Test worker] o.h.type.descriptor.sql.BasicExtractor   : extracted value ([post_sho5_2_] : [VARCHAR]) - [Y]
2023-08-14 13:34:04.105 TRACE 8668 --- [    Test worker] o.h.type.descriptor.sql.BasicExtractor   : extracted value ([post_tit6_2_] : [VARCHAR]) - [테스트 글 제목 84]
2023-08-14 13:34:04.105 TRACE 8668 --- [    Test worker] o.h.type.descriptor.sql.BasicExtractor   : extracted value ([post_upd7_2_] : [TIMESTAMP]) - [2023-08-14 11:35:13.521]
2023-08-14 13:34:04.105 TRACE 8668 --- [    Test worker] o.h.type.descriptor.sql.BasicExtractor   : extracted value ([post_vie8_2_] : [INTEGER]) - [0]
2023-08-14 13:34:04.105 TRACE 8668 --- [    Test worker] o.h.type.descriptor.sql.BasicExtractor   : extracted value ([post_wri9_2_] : [VARCHAR]) - [자바]
2023-08-14 13:34:04.105 TRACE 8668 --- [    Test worker] o.h.type.descriptor.sql.BasicExtractor   : extracted value ([post_id1_2_] : [BIGINT]) - [86]
2023-08-14 13:34:04.105 TRACE 8668 --- [    Test worker] o.h.type.descriptor.sql.BasicExtractor   : extracted value ([board_id2_2_] : [BIGINT]) - [1]
2023-08-14 13:34:04.105 TRACE 8668 --- [    Test worker] o.h.type.descriptor.sql.BasicExtractor   : extracted value ([post_con3_2_] : [VARCHAR]) - [7pZP2aM8nN]
2023-08-14 13:34:04.105 TRACE 8668 --- [    Test worker] o.h.type.descriptor.sql.BasicExtractor   : extracted value ([post_cre4_2_] : [TIMESTAMP]) - [2023-08-14 11:35:13.521]
2023-08-14 13:34:04.105 TRACE 8668 --- [    Test worker] o.h.type.descriptor.sql.BasicExtractor   : extracted value ([post_sho5_2_] : [VARCHAR]) - [Y]
2023-08-14 13:34:04.105 TRACE 8668 --- [    Test worker] o.h.type.descriptor.sql.BasicExtractor   : extracted value ([post_tit6_2_] : [VARCHAR]) - [테스트 글 제목 85]
2023-08-14 13:34:04.105 TRACE 8668 --- [    Test worker] o.h.type.descriptor.sql.BasicExtractor   : extracted value ([post_upd7_2_] : [TIMESTAMP]) - [2023-08-14 11:35:13.521]
2023-08-14 13:34:04.105 TRACE 8668 --- [    Test worker] o.h.type.descriptor.sql.BasicExtractor   : extracted value ([post_vie8_2_] : [INTEGER]) - [0]
2023-08-14 13:34:04.105 TRACE 8668 --- [    Test worker] o.h.type.descriptor.sql.BasicExtractor   : extracted value ([post_wri9_2_] : [VARCHAR]) - [자바]
2023-08-14 13:34:04.105 TRACE 8668 --- [    Test worker] o.h.type.descriptor.sql.BasicExtractor   : extracted value ([post_id1_2_] : [BIGINT]) - [87]
2023-08-14 13:34:04.105 TRACE 8668 --- [    Test worker] o.h.type.descriptor.sql.BasicExtractor   : extracted value ([board_id2_2_] : [BIGINT]) - [1]
2023-08-14 13:34:04.105 TRACE 8668 --- [    Test worker] o.h.type.descriptor.sql.BasicExtractor   : extracted value ([post_con3_2_] : [VARCHAR]) - [AGpxI4noFq]
2023-08-14 13:34:04.105 TRACE 8668 --- [    Test worker] o.h.type.descriptor.sql.BasicExtractor   : extracted value ([post_cre4_2_] : [TIMESTAMP]) - [2023-08-14 11:35:13.521]
2023-08-14 13:34:04.105 TRACE 8668 --- [    Test worker] o.h.type.descriptor.sql.BasicExtractor   : extracted value ([post_sho5_2_] : [VARCHAR]) - [Y]
2023-08-14 13:34:04.105 TRACE 8668 --- [    Test worker] o.h.type.descriptor.sql.BasicExtractor   : extracted value ([post_tit6_2_] : [VARCHAR]) - [테스트 글 제목 86]
2023-08-14 13:34:04.105 TRACE 8668 --- [    Test worker] o.h.type.descriptor.sql.BasicExtractor   : extracted value ([post_upd7_2_] : [TIMESTAMP]) - [2023-08-14 11:35:13.521]
2023-08-14 13:34:04.105 TRACE 8668 --- [    Test worker] o.h.type.descriptor.sql.BasicExtractor   : extracted value ([post_vie8_2_] : [INTEGER]) - [0]
2023-08-14 13:34:04.105 TRACE 8668 --- [    Test worker] o.h.type.descriptor.sql.BasicExtractor   : extracted value ([post_wri9_2_] : [VARCHAR]) - [자바]
2023-08-14 13:34:04.105 TRACE 8668 --- [    Test worker] o.h.type.descriptor.sql.BasicExtractor   : extracted value ([post_id1_2_] : [BIGINT]) - [88]
2023-08-14 13:34:04.105 TRACE 8668 --- [    Test worker] o.h.type.descriptor.sql.BasicExtractor   : extracted value ([board_id2_2_] : [BIGINT]) - [1]
2023-08-14 13:34:04.105 TRACE 8668 --- [    Test worker] o.h.type.descriptor.sql.BasicExtractor   : extracted value ([post_con3_2_] : [VARCHAR]) - [XgqH97LFiJ]
2023-08-14 13:34:04.105 TRACE 8668 --- [    Test worker] o.h.type.descriptor.sql.BasicExtractor   : extracted value ([post_cre4_2_] : [TIMESTAMP]) - [2023-08-14 11:35:13.521]
2023-08-14 13:34:04.105 TRACE 8668 --- [    Test worker] o.h.type.descriptor.sql.BasicExtractor   : extracted value ([post_sho5_2_] : [VARCHAR]) - [Y]
2023-08-14 13:34:04.105 TRACE 8668 --- [    Test worker] o.h.type.descriptor.sql.BasicExtractor   : extracted value ([post_tit6_2_] : [VARCHAR]) - [테스트 글 제목 87]
2023-08-14 13:34:04.105 TRACE 8668 --- [    Test worker] o.h.type.descriptor.sql.BasicExtractor   : extracted value ([post_upd7_2_] : [TIMESTAMP]) - [2023-08-14 11:35:13.521]
2023-08-14 13:34:04.105 TRACE 8668 --- [    Test worker] o.h.type.descriptor.sql.BasicExtractor   : extracted value ([post_vie8_2_] : [INTEGER]) - [0]
2023-08-14 13:34:04.105 TRACE 8668 --- [    Test worker] o.h.type.descriptor.sql.BasicExtractor   : extracted value ([post_wri9_2_] : [VARCHAR]) - [자바]
2023-08-14 13:34:04.105 TRACE 8668 --- [    Test worker] o.h.type.descriptor.sql.BasicExtractor   : extracted value ([post_id1_2_] : [BIGINT]) - [89]
2023-08-14 13:34:04.105 TRACE 8668 --- [    Test worker] o.h.type.descriptor.sql.BasicExtractor   : extracted value ([board_id2_2_] : [BIGINT]) - [1]
2023-08-14 13:34:04.105 TRACE 8668 --- [    Test worker] o.h.type.descriptor.sql.BasicExtractor   : extracted value ([post_con3_2_] : [VARCHAR]) - [jvAddPrTSB]
2023-08-14 13:34:04.105 TRACE 8668 --- [    Test worker] o.h.type.descriptor.sql.BasicExtractor   : extracted value ([post_cre4_2_] : [TIMESTAMP]) - [2023-08-14 11:35:13.521]
2023-08-14 13:34:04.105 TRACE 8668 --- [    Test worker] o.h.type.descriptor.sql.BasicExtractor   : extracted value ([post_sho5_2_] : [VARCHAR]) - [Y]
2023-08-14 13:34:04.105 TRACE 8668 --- [    Test worker] o.h.type.descriptor.sql.BasicExtractor   : extracted value ([post_tit6_2_] : [VARCHAR]) - [테스트 글 제목 88]
2023-08-14 13:34:04.105 TRACE 8668 --- [    Test worker] o.h.type.descriptor.sql.BasicExtractor   : extracted value ([post_upd7_2_] : [TIMESTAMP]) - [2023-08-14 11:35:13.521]
2023-08-14 13:34:04.105 TRACE 8668 --- [    Test worker] o.h.type.descriptor.sql.BasicExtractor   : extracted value ([post_vie8_2_] : [INTEGER]) - [0]
2023-08-14 13:34:04.105 TRACE 8668 --- [    Test worker] o.h.type.descriptor.sql.BasicExtractor   : extracted value ([post_wri9_2_] : [VARCHAR]) - [자바]
2023-08-14 13:34:04.105 TRACE 8668 --- [    Test worker] o.h.type.descriptor.sql.BasicExtractor   : extracted value ([post_id1_2_] : [BIGINT]) - [90]
2023-08-14 13:34:04.105 TRACE 8668 --- [    Test worker] o.h.type.descriptor.sql.BasicExtractor   : extracted value ([board_id2_2_] : [BIGINT]) - [1]
2023-08-14 13:34:04.105 TRACE 8668 --- [    Test worker] o.h.type.descriptor.sql.BasicExtractor   : extracted value ([post_con3_2_] : [VARCHAR]) - [yxXAuQpuKI]
2023-08-14 13:34:04.105 TRACE 8668 --- [    Test worker] o.h.type.descriptor.sql.BasicExtractor   : extracted value ([post_cre4_2_] : [TIMESTAMP]) - [2023-08-14 11:35:13.521]
2023-08-14 13:34:04.105 TRACE 8668 --- [    Test worker] o.h.type.descriptor.sql.BasicExtractor   : extracted value ([post_sho5_2_] : [VARCHAR]) - [Y]
2023-08-14 13:34:04.105 TRACE 8668 --- [    Test worker] o.h.type.descriptor.sql.BasicExtractor   : extracted value ([post_tit6_2_] : [VARCHAR]) - [테스트 글 제목 89]
2023-08-14 13:34:04.105 TRACE 8668 --- [    Test worker] o.h.type.descriptor.sql.BasicExtractor   : extracted value ([post_upd7_2_] : [TIMESTAMP]) - [2023-08-14 11:35:13.521]
2023-08-14 13:34:04.105 TRACE 8668 --- [    Test worker] o.h.type.descriptor.sql.BasicExtractor   : extracted value ([post_vie8_2_] : [INTEGER]) - [0]
2023-08-14 13:34:04.105 TRACE 8668 --- [    Test worker] o.h.type.descriptor.sql.BasicExtractor   : extracted value ([post_wri9_2_] : [VARCHAR]) - [자바]
2023-08-14 13:34:04.105 TRACE 8668 --- [    Test worker] o.h.type.descriptor.sql.BasicExtractor   : extracted value ([post_id1_2_] : [BIGINT]) - [91]
2023-08-14 13:34:04.105 TRACE 8668 --- [    Test worker] o.h.type.descriptor.sql.BasicExtractor   : extracted value ([board_id2_2_] : [BIGINT]) - [1]
2023-08-14 13:34:04.105 TRACE 8668 --- [    Test worker] o.h.type.descriptor.sql.BasicExtractor   : extracted value ([post_con3_2_] : [VARCHAR]) - [37MTy5Ol5V]
2023-08-14 13:34:04.105 TRACE 8668 --- [    Test worker] o.h.type.descriptor.sql.BasicExtractor   : extracted value ([post_cre4_2_] : [TIMESTAMP]) - [2023-08-14 11:35:13.521]
2023-08-14 13:34:04.105 TRACE 8668 --- [    Test worker] o.h.type.descriptor.sql.BasicExtractor   : extracted value ([post_sho5_2_] : [VARCHAR]) - [Y]
2023-08-14 13:34:04.105 TRACE 8668 --- [    Test worker] o.h.type.descriptor.sql.BasicExtractor   : extracted value ([post_tit6_2_] : [VARCHAR]) - [테스트 글 제목 90]
2023-08-14 13:34:04.105 TRACE 8668 --- [    Test worker] o.h.type.descriptor.sql.BasicExtractor   : extracted value ([post_upd7_2_] : [TIMESTAMP]) - [2023-08-14 11:35:13.521]
2023-08-14 13:34:04.105 TRACE 8668 --- [    Test worker] o.h.type.descriptor.sql.BasicExtractor   : extracted value ([post_vie8_2_] : [INTEGER]) - [0]
2023-08-14 13:34:04.105 TRACE 8668 --- [    Test worker] o.h.type.descriptor.sql.BasicExtractor   : extracted value ([post_wri9_2_] : [VARCHAR]) - [자바]
2023-08-14 13:34:04.105 TRACE 8668 --- [    Test worker] o.h.type.descriptor.sql.BasicExtractor   : extracted value ([post_id1_2_] : [BIGINT]) - [92]
2023-08-14 13:34:04.105 TRACE 8668 --- [    Test worker] o.h.type.descriptor.sql.BasicExtractor   : extracted value ([board_id2_2_] : [BIGINT]) - [1]
2023-08-14 13:34:04.105 TRACE 8668 --- [    Test worker] o.h.type.descriptor.sql.BasicExtractor   : extracted value ([post_con3_2_] : [VARCHAR]) - [00ydKDNV1A]
2023-08-14 13:34:04.105 TRACE 8668 --- [    Test worker] o.h.type.descriptor.sql.BasicExtractor   : extracted value ([post_cre4_2_] : [TIMESTAMP]) - [2023-08-14 11:35:13.536]
2023-08-14 13:34:04.105 TRACE 8668 --- [    Test worker] o.h.type.descriptor.sql.BasicExtractor   : extracted value ([post_sho5_2_] : [VARCHAR]) - [Y]
2023-08-14 13:34:04.105 TRACE 8668 --- [    Test worker] o.h.type.descriptor.sql.BasicExtractor   : extracted value ([post_tit6_2_] : [VARCHAR]) - [테스트 글 제목 91]
2023-08-14 13:34:04.105 TRACE 8668 --- [    Test worker] o.h.type.descriptor.sql.BasicExtractor   : extracted value ([post_upd7_2_] : [TIMESTAMP]) - [2023-08-14 11:35:13.536]
2023-08-14 13:34:04.105 TRACE 8668 --- [    Test worker] o.h.type.descriptor.sql.BasicExtractor   : extracted value ([post_vie8_2_] : [INTEGER]) - [0]
2023-08-14 13:34:04.105 TRACE 8668 --- [    Test worker] o.h.type.descriptor.sql.BasicExtractor   : extracted value ([post_wri9_2_] : [VARCHAR]) - [자바]
2023-08-14 13:34:04.105 TRACE 8668 --- [    Test worker] o.h.type.descriptor.sql.BasicExtractor   : extracted value ([post_id1_2_] : [BIGINT]) - [93]
2023-08-14 13:34:04.105 TRACE 8668 --- [    Test worker] o.h.type.descriptor.sql.BasicExtractor   : extracted value ([board_id2_2_] : [BIGINT]) - [1]
2023-08-14 13:34:04.105 TRACE 8668 --- [    Test worker] o.h.type.descriptor.sql.BasicExtractor   : extracted value ([post_con3_2_] : [VARCHAR]) - [3ljMwMS2I0]
2023-08-14 13:34:04.105 TRACE 8668 --- [    Test worker] o.h.type.descriptor.sql.BasicExtractor   : extracted value ([post_cre4_2_] : [TIMESTAMP]) - [2023-08-14 11:35:13.536]
2023-08-14 13:34:04.105 TRACE 8668 --- [    Test worker] o.h.type.descriptor.sql.BasicExtractor   : extracted value ([post_sho5_2_] : [VARCHAR]) - [Y]
2023-08-14 13:34:04.105 TRACE 8668 --- [    Test worker] o.h.type.descriptor.sql.BasicExtractor   : extracted value ([post_tit6_2_] : [VARCHAR]) - [테스트 글 제목 92]
2023-08-14 13:34:04.105 TRACE 8668 --- [    Test worker] o.h.type.descriptor.sql.BasicExtractor   : extracted value ([post_upd7_2_] : [TIMESTAMP]) - [2023-08-14 11:35:13.536]
2023-08-14 13:34:04.105 TRACE 8668 --- [    Test worker] o.h.type.descriptor.sql.BasicExtractor   : extracted value ([post_vie8_2_] : [INTEGER]) - [0]
2023-08-14 13:34:04.105 TRACE 8668 --- [    Test worker] o.h.type.descriptor.sql.BasicExtractor   : extracted value ([post_wri9_2_] : [VARCHAR]) - [자바]
2023-08-14 13:34:04.105 TRACE 8668 --- [    Test worker] o.h.type.descriptor.sql.BasicExtractor   : extracted value ([post_id1_2_] : [BIGINT]) - [94]
2023-08-14 13:34:04.105 TRACE 8668 --- [    Test worker] o.h.type.descriptor.sql.BasicExtractor   : extracted value ([board_id2_2_] : [BIGINT]) - [1]
2023-08-14 13:34:04.105 TRACE 8668 --- [    Test worker] o.h.type.descriptor.sql.BasicExtractor   : extracted value ([post_con3_2_] : [VARCHAR]) - [psju4r2jmM]
2023-08-14 13:34:04.105 TRACE 8668 --- [    Test worker] o.h.type.descriptor.sql.BasicExtractor   : extracted value ([post_cre4_2_] : [TIMESTAMP]) - [2023-08-14 11:35:13.536]
2023-08-14 13:34:04.105 TRACE 8668 --- [    Test worker] o.h.type.descriptor.sql.BasicExtractor   : extracted value ([post_sho5_2_] : [VARCHAR]) - [Y]
2023-08-14 13:34:04.105 TRACE 8668 --- [    Test worker] o.h.type.descriptor.sql.BasicExtractor   : extracted value ([post_tit6_2_] : [VARCHAR]) - [테스트 글 제목 93]
2023-08-14 13:34:04.105 TRACE 8668 --- [    Test worker] o.h.type.descriptor.sql.BasicExtractor   : extracted value ([post_upd7_2_] : [TIMESTAMP]) - [2023-08-14 11:35:13.536]
2023-08-14 13:34:04.105 TRACE 8668 --- [    Test worker] o.h.type.descriptor.sql.BasicExtractor   : extracted value ([post_vie8_2_] : [INTEGER]) - [0]
2023-08-14 13:34:04.105 TRACE 8668 --- [    Test worker] o.h.type.descriptor.sql.BasicExtractor   : extracted value ([post_wri9_2_] : [VARCHAR]) - [자바]
2023-08-14 13:34:04.105 TRACE 8668 --- [    Test worker] o.h.type.descriptor.sql.BasicExtractor   : extracted value ([post_id1_2_] : [BIGINT]) - [95]
2023-08-14 13:34:04.105 TRACE 8668 --- [    Test worker] o.h.type.descriptor.sql.BasicExtractor   : extracted value ([board_id2_2_] : [BIGINT]) - [1]
2023-08-14 13:34:04.105 TRACE 8668 --- [    Test worker] o.h.type.descriptor.sql.BasicExtractor   : extracted value ([post_con3_2_] : [VARCHAR]) - [tOnLldMH04]
2023-08-14 13:34:04.105 TRACE 8668 --- [    Test worker] o.h.type.descriptor.sql.BasicExtractor   : extracted value ([post_cre4_2_] : [TIMESTAMP]) - [2023-08-14 11:35:13.536]
2023-08-14 13:34:04.105 TRACE 8668 --- [    Test worker] o.h.type.descriptor.sql.BasicExtractor   : extracted value ([post_sho5_2_] : [VARCHAR]) - [Y]
2023-08-14 13:34:04.105 TRACE 8668 --- [    Test worker] o.h.type.descriptor.sql.BasicExtractor   : extracted value ([post_tit6_2_] : [VARCHAR]) - [테스트 글 제목 94]
2023-08-14 13:34:04.105 TRACE 8668 --- [    Test worker] o.h.type.descriptor.sql.BasicExtractor   : extracted value ([post_upd7_2_] : [TIMESTAMP]) - [2023-08-14 11:35:13.536]
2023-08-14 13:34:04.105 TRACE 8668 --- [    Test worker] o.h.type.descriptor.sql.BasicExtractor   : extracted value ([post_vie8_2_] : [INTEGER]) - [0]
2023-08-14 13:34:04.105 TRACE 8668 --- [    Test worker] o.h.type.descriptor.sql.BasicExtractor   : extracted value ([post_wri9_2_] : [VARCHAR]) - [자바]
2023-08-14 13:34:04.105 TRACE 8668 --- [    Test worker] o.h.type.descriptor.sql.BasicExtractor   : extracted value ([post_id1_2_] : [BIGINT]) - [96]
2023-08-14 13:34:04.105 TRACE 8668 --- [    Test worker] o.h.type.descriptor.sql.BasicExtractor   : extracted value ([board_id2_2_] : [BIGINT]) - [1]
2023-08-14 13:34:04.105 TRACE 8668 --- [    Test worker] o.h.type.descriptor.sql.BasicExtractor   : extracted value ([post_con3_2_] : [VARCHAR]) - [4N5doUAGXm]
2023-08-14 13:34:04.105 TRACE 8668 --- [    Test worker] o.h.type.descriptor.sql.BasicExtractor   : extracted value ([post_cre4_2_] : [TIMESTAMP]) - [2023-08-14 11:35:13.536]
2023-08-14 13:34:04.105 TRACE 8668 --- [    Test worker] o.h.type.descriptor.sql.BasicExtractor   : extracted value ([post_sho5_2_] : [VARCHAR]) - [Y]
2023-08-14 13:34:04.105 TRACE 8668 --- [    Test worker] o.h.type.descriptor.sql.BasicExtractor   : extracted value ([post_tit6_2_] : [VARCHAR]) - [테스트 글 제목 95]
2023-08-14 13:34:04.105 TRACE 8668 --- [    Test worker] o.h.type.descriptor.sql.BasicExtractor   : extracted value ([post_upd7_2_] : [TIMESTAMP]) - [2023-08-14 11:35:13.536]
2023-08-14 13:34:04.105 TRACE 8668 --- [    Test worker] o.h.type.descriptor.sql.BasicExtractor   : extracted value ([post_vie8_2_] : [INTEGER]) - [0]
2023-08-14 13:34:04.105 TRACE 8668 --- [    Test worker] o.h.type.descriptor.sql.BasicExtractor   : extracted value ([post_wri9_2_] : [VARCHAR]) - [자바]
2023-08-14 13:34:04.105 TRACE 8668 --- [    Test worker] o.h.type.descriptor.sql.BasicExtractor   : extracted value ([post_id1_2_] : [BIGINT]) - [97]
2023-08-14 13:34:04.105 TRACE 8668 --- [    Test worker] o.h.type.descriptor.sql.BasicExtractor   : extracted value ([board_id2_2_] : [BIGINT]) - [1]
2023-08-14 13:34:04.105 TRACE 8668 --- [    Test worker] o.h.type.descriptor.sql.BasicExtractor   : extracted value ([post_con3_2_] : [VARCHAR]) - [d1PF69sjef]
2023-08-14 13:34:04.105 TRACE 8668 --- [    Test worker] o.h.type.descriptor.sql.BasicExtractor   : extracted value ([post_cre4_2_] : [TIMESTAMP]) - [2023-08-14 11:35:13.536]
2023-08-14 13:34:04.105 TRACE 8668 --- [    Test worker] o.h.type.descriptor.sql.BasicExtractor   : extracted value ([post_sho5_2_] : [VARCHAR]) - [Y]
2023-08-14 13:34:04.105 TRACE 8668 --- [    Test worker] o.h.type.descriptor.sql.BasicExtractor   : extracted value ([post_tit6_2_] : [VARCHAR]) - [테스트 글 제목 96]
2023-08-14 13:34:04.105 TRACE 8668 --- [    Test worker] o.h.type.descriptor.sql.BasicExtractor   : extracted value ([post_upd7_2_] : [TIMESTAMP]) - [2023-08-14 11:35:13.536]
2023-08-14 13:34:04.105 TRACE 8668 --- [    Test worker] o.h.type.descriptor.sql.BasicExtractor   : extracted value ([post_vie8_2_] : [INTEGER]) - [0]
2023-08-14 13:34:04.105 TRACE 8668 --- [    Test worker] o.h.type.descriptor.sql.BasicExtractor   : extracted value ([post_wri9_2_] : [VARCHAR]) - [자바]
2023-08-14 13:34:04.105 TRACE 8668 --- [    Test worker] o.h.type.descriptor.sql.BasicExtractor   : extracted value ([post_id1_2_] : [BIGINT]) - [98]
2023-08-14 13:34:04.105 TRACE 8668 --- [    Test worker] o.h.type.descriptor.sql.BasicExtractor   : extracted value ([board_id2_2_] : [BIGINT]) - [1]
2023-08-14 13:34:04.105 TRACE 8668 --- [    Test worker] o.h.type.descriptor.sql.BasicExtractor   : extracted value ([post_con3_2_] : [VARCHAR]) - [NfGtLbihAa]
2023-08-14 13:34:04.105 TRACE 8668 --- [    Test worker] o.h.type.descriptor.sql.BasicExtractor   : extracted value ([post_cre4_2_] : [TIMESTAMP]) - [2023-08-14 11:35:13.536]
2023-08-14 13:34:04.105 TRACE 8668 --- [    Test worker] o.h.type.descriptor.sql.BasicExtractor   : extracted value ([post_sho5_2_] : [VARCHAR]) - [Y]
2023-08-14 13:34:04.105 TRACE 8668 --- [    Test worker] o.h.type.descriptor.sql.BasicExtractor   : extracted value ([post_tit6_2_] : [VARCHAR]) - [테스트 글 제목 97]
2023-08-14 13:34:04.105 TRACE 8668 --- [    Test worker] o.h.type.descriptor.sql.BasicExtractor   : extracted value ([post_upd7_2_] : [TIMESTAMP]) - [2023-08-14 11:35:13.536]
2023-08-14 13:34:04.105 TRACE 8668 --- [    Test worker] o.h.type.descriptor.sql.BasicExtractor   : extracted value ([post_vie8_2_] : [INTEGER]) - [0]
2023-08-14 13:34:04.105 TRACE 8668 --- [    Test worker] o.h.type.descriptor.sql.BasicExtractor   : extracted value ([post_wri9_2_] : [VARCHAR]) - [자바]
2023-08-14 13:34:04.105 TRACE 8668 --- [    Test worker] o.h.type.descriptor.sql.BasicExtractor   : extracted value ([post_id1_2_] : [BIGINT]) - [99]
2023-08-14 13:34:04.105 TRACE 8668 --- [    Test worker] o.h.type.descriptor.sql.BasicExtractor   : extracted value ([board_id2_2_] : [BIGINT]) - [1]
2023-08-14 13:34:04.105 TRACE 8668 --- [    Test worker] o.h.type.descriptor.sql.BasicExtractor   : extracted value ([post_con3_2_] : [VARCHAR]) - [oUhJTC0oOa]
2023-08-14 13:34:04.105 TRACE 8668 --- [    Test worker] o.h.type.descriptor.sql.BasicExtractor   : extracted value ([post_cre4_2_] : [TIMESTAMP]) - [2023-08-14 11:35:13.536]
2023-08-14 13:34:04.105 TRACE 8668 --- [    Test worker] o.h.type.descriptor.sql.BasicExtractor   : extracted value ([post_sho5_2_] : [VARCHAR]) - [Y]
2023-08-14 13:34:04.105 TRACE 8668 --- [    Test worker] o.h.type.descriptor.sql.BasicExtractor   : extracted value ([post_tit6_2_] : [VARCHAR]) - [테스트 글 제목 98]
2023-08-14 13:34:04.105 TRACE 8668 --- [    Test worker] o.h.type.descriptor.sql.BasicExtractor   : extracted value ([post_upd7_2_] : [TIMESTAMP]) - [2023-08-14 11:35:13.536]
2023-08-14 13:34:04.105 TRACE 8668 --- [    Test worker] o.h.type.descriptor.sql.BasicExtractor   : extracted value ([post_vie8_2_] : [INTEGER]) - [0]
2023-08-14 13:34:04.105 TRACE 8668 --- [    Test worker] o.h.type.descriptor.sql.BasicExtractor   : extracted value ([post_wri9_2_] : [VARCHAR]) - [자바]
2023-08-14 13:34:04.105 TRACE 8668 --- [    Test worker] o.h.type.descriptor.sql.BasicExtractor   : extracted value ([post_id1_2_] : [BIGINT]) - [100]
2023-08-14 13:34:04.105 TRACE 8668 --- [    Test worker] o.h.type.descriptor.sql.BasicExtractor   : extracted value ([board_id2_2_] : [BIGINT]) - [1]
2023-08-14 13:34:04.105 TRACE 8668 --- [    Test worker] o.h.type.descriptor.sql.BasicExtractor   : extracted value ([post_con3_2_] : [VARCHAR]) - [7jYKFV2AB5]
2023-08-14 13:34:04.105 TRACE 8668 --- [    Test worker] o.h.type.descriptor.sql.BasicExtractor   : extracted value ([post_cre4_2_] : [TIMESTAMP]) - [2023-08-14 11:35:13.536]
2023-08-14 13:34:04.105 TRACE 8668 --- [    Test worker] o.h.type.descriptor.sql.BasicExtractor   : extracted value ([post_sho5_2_] : [VARCHAR]) - [Y]
2023-08-14 13:34:04.105 TRACE 8668 --- [    Test worker] o.h.type.descriptor.sql.BasicExtractor   : extracted value ([post_tit6_2_] : [VARCHAR]) - [테스트 글 제목 99]
2023-08-14 13:34:04.105 TRACE 8668 --- [    Test worker] o.h.type.descriptor.sql.BasicExtractor   : extracted value ([post_upd7_2_] : [TIMESTAMP]) - [2023-08-14 11:35:13.536]
2023-08-14 13:34:04.105 TRACE 8668 --- [    Test worker] o.h.type.descriptor.sql.BasicExtractor   : extracted value ([post_vie8_2_] : [INTEGER]) - [0]
2023-08-14 13:34:04.105 TRACE 8668 --- [    Test worker] o.h.type.descriptor.sql.BasicExtractor   : extracted value ([post_wri9_2_] : [VARCHAR]) - [자바]
2023-08-14 13:34:04.105 TRACE 8668 --- [    Test worker] o.h.type.descriptor.sql.BasicExtractor   : extracted value ([post_id1_2_] : [BIGINT]) - [101]
2023-08-14 13:34:04.105 TRACE 8668 --- [    Test worker] o.h.type.descriptor.sql.BasicExtractor   : extracted value ([board_id2_2_] : [BIGINT]) - [1]
2023-08-14 13:34:04.105 TRACE 8668 --- [    Test worker] o.h.type.descriptor.sql.BasicExtractor   : extracted value ([post_con3_2_] : [VARCHAR]) - [ZQJgG1Hghl]
2023-08-14 13:34:04.105 TRACE 8668 --- [    Test worker] o.h.type.descriptor.sql.BasicExtractor   : extracted value ([post_cre4_2_] : [TIMESTAMP]) - [2023-08-14 11:35:13.536]
2023-08-14 13:34:04.105 TRACE 8668 --- [    Test worker] o.h.type.descriptor.sql.BasicExtractor   : extracted value ([post_sho5_2_] : [VARCHAR]) - [Y]
2023-08-14 13:34:04.105 TRACE 8668 --- [    Test worker] o.h.type.descriptor.sql.BasicExtractor   : extracted value ([post_tit6_2_] : [VARCHAR]) - [테스트 글 제목 100]
2023-08-14 13:34:04.105 TRACE 8668 --- [    Test worker] o.h.type.descriptor.sql.BasicExtractor   : extracted value ([post_upd7_2_] : [TIMESTAMP]) - [2023-08-14 11:35:13.536]
2023-08-14 13:34:04.105 TRACE 8668 --- [    Test worker] o.h.type.descriptor.sql.BasicExtractor   : extracted value ([post_vie8_2_] : [INTEGER]) - [0]
2023-08-14 13:34:04.105 TRACE 8668 --- [    Test worker] o.h.type.descriptor.sql.BasicExtractor   : extracted value ([post_wri9_2_] : [VARCHAR]) - [자바]
2023-08-14 13:34:04.105 TRACE 8668 --- [    Test worker] o.h.type.descriptor.sql.BasicExtractor   : extracted value ([post_id1_2_] : [BIGINT]) - [102]
2023-08-14 13:34:04.105 TRACE 8668 --- [    Test worker] o.h.type.descriptor.sql.BasicExtractor   : extracted value ([board_id2_2_] : [BIGINT]) - [1]
2023-08-14 13:34:04.105 TRACE 8668 --- [    Test worker] o.h.type.descriptor.sql.BasicExtractor   : extracted value ([post_con3_2_] : [VARCHAR]) - [7PvPMDTYBP]
2023-08-14 13:34:04.105 TRACE 8668 --- [    Test worker] o.h.type.descriptor.sql.BasicExtractor   : extracted value ([post_cre4_2_] : [TIMESTAMP]) - [2023-08-14 11:35:13.552]
2023-08-14 13:34:04.105 TRACE 8668 --- [    Test worker] o.h.type.descriptor.sql.BasicExtractor   : extracted value ([post_sho5_2_] : [VARCHAR]) - [Y]
2023-08-14 13:34:04.105 TRACE 8668 --- [    Test worker] o.h.type.descriptor.sql.BasicExtractor   : extracted value ([post_tit6_2_] : [VARCHAR]) - [테스트 글 제목 101]
2023-08-14 13:34:04.105 TRACE 8668 --- [    Test worker] o.h.type.descriptor.sql.BasicExtractor   : extracted value ([post_upd7_2_] : [TIMESTAMP]) - [2023-08-14 11:35:13.552]
2023-08-14 13:34:04.105 TRACE 8668 --- [    Test worker] o.h.type.descriptor.sql.BasicExtractor   : extracted value ([post_vie8_2_] : [INTEGER]) - [0]
2023-08-14 13:34:04.105 TRACE 8668 --- [    Test worker] o.h.type.descriptor.sql.BasicExtractor   : extracted value ([post_wri9_2_] : [VARCHAR]) - [자바]
2023-08-14 13:34:04.105 TRACE 8668 --- [    Test worker] o.h.type.descriptor.sql.BasicExtractor   : extracted value ([post_id1_2_] : [BIGINT]) - [103]
2023-08-14 13:34:04.105 TRACE 8668 --- [    Test worker] o.h.type.descriptor.sql.BasicExtractor   : extracted value ([board_id2_2_] : [BIGINT]) - [1]
2023-08-14 13:34:04.105 TRACE 8668 --- [    Test worker] o.h.type.descriptor.sql.BasicExtractor   : extracted value ([post_con3_2_] : [VARCHAR]) - [Ir3pdls9ph]
2023-08-14 13:34:04.105 TRACE 8668 --- [    Test worker] o.h.type.descriptor.sql.BasicExtractor   : extracted value ([post_cre4_2_] : [TIMESTAMP]) - [2023-08-14 11:35:13.552]
2023-08-14 13:34:04.105 TRACE 8668 --- [    Test worker] o.h.type.descriptor.sql.BasicExtractor   : extracted value ([post_sho5_2_] : [VARCHAR]) - [Y]
2023-08-14 13:34:04.105 TRACE 8668 --- [    Test worker] o.h.type.descriptor.sql.BasicExtractor   : extracted value ([post_tit6_2_] : [VARCHAR]) - [테스트 글 제목 102]
2023-08-14 13:34:04.105 TRACE 8668 --- [    Test worker] o.h.type.descriptor.sql.BasicExtractor   : extracted value ([post_upd7_2_] : [TIMESTAMP]) - [2023-08-14 11:35:13.552]
2023-08-14 13:34:04.105 TRACE 8668 --- [    Test worker] o.h.type.descriptor.sql.BasicExtractor   : extracted value ([post_vie8_2_] : [INTEGER]) - [0]
2023-08-14 13:34:04.105 TRACE 8668 --- [    Test worker] o.h.type.descriptor.sql.BasicExtractor   : extracted value ([post_wri9_2_] : [VARCHAR]) - [자바]
2023-08-14 13:34:04.105 TRACE 8668 --- [    Test worker] o.h.type.descriptor.sql.BasicExtractor   : extracted value ([post_id1_2_] : [BIGINT]) - [104]
2023-08-14 13:34:04.105 TRACE 8668 --- [    Test worker] o.h.type.descriptor.sql.BasicExtractor   : extracted value ([board_id2_2_] : [BIGINT]) - [1]
2023-08-14 13:34:04.105 TRACE 8668 --- [    Test worker] o.h.type.descriptor.sql.BasicExtractor   : extracted value ([post_con3_2_] : [VARCHAR]) - [ImvvxMcXki]
2023-08-14 13:34:04.105 TRACE 8668 --- [    Test worker] o.h.type.descriptor.sql.BasicExtractor   : extracted value ([post_cre4_2_] : [TIMESTAMP]) - [2023-08-14 11:35:13.552]
2023-08-14 13:34:04.105 TRACE 8668 --- [    Test worker] o.h.type.descriptor.sql.BasicExtractor   : extracted value ([post_sho5_2_] : [VARCHAR]) - [Y]
2023-08-14 13:34:04.105 TRACE 8668 --- [    Test worker] o.h.type.descriptor.sql.BasicExtractor   : extracted value ([post_tit6_2_] : [VARCHAR]) - [테스트 글 제목 103]
2023-08-14 13:34:04.105 TRACE 8668 --- [    Test worker] o.h.type.descriptor.sql.BasicExtractor   : extracted value ([post_upd7_2_] : [TIMESTAMP]) - [2023-08-14 11:35:13.552]
2023-08-14 13:34:04.105 TRACE 8668 --- [    Test worker] o.h.type.descriptor.sql.BasicExtractor   : extracted value ([post_vie8_2_] : [INTEGER]) - [0]
2023-08-14 13:34:04.105 TRACE 8668 --- [    Test worker] o.h.type.descriptor.sql.BasicExtractor   : extracted value ([post_wri9_2_] : [VARCHAR]) - [자바]
2023-08-14 13:34:04.105 TRACE 8668 --- [    Test worker] o.h.type.descriptor.sql.BasicExtractor   : extracted value ([post_id1_2_] : [BIGINT]) - [105]
2023-08-14 13:34:04.105 TRACE 8668 --- [    Test worker] o.h.type.descriptor.sql.BasicExtractor   : extracted value ([board_id2_2_] : [BIGINT]) - [1]
2023-08-14 13:34:04.105 TRACE 8668 --- [    Test worker] o.h.type.descriptor.sql.BasicExtractor   : extracted value ([post_con3_2_] : [VARCHAR]) - [JuzpvI16uI]
2023-08-14 13:34:04.105 TRACE 8668 --- [    Test worker] o.h.type.descriptor.sql.BasicExtractor   : extracted value ([post_cre4_2_] : [TIMESTAMP]) - [2023-08-14 11:35:13.552]
2023-08-14 13:34:04.105 TRACE 8668 --- [    Test worker] o.h.type.descriptor.sql.BasicExtractor   : extracted value ([post_sho5_2_] : [VARCHAR]) - [Y]
2023-08-14 13:34:04.105 TRACE 8668 --- [    Test worker] o.h.type.descriptor.sql.BasicExtractor   : extracted value ([post_tit6_2_] : [VARCHAR]) - [테스트 글 제목 104]
2023-08-14 13:34:04.105 TRACE 8668 --- [    Test worker] o.h.type.descriptor.sql.BasicExtractor   : extracted value ([post_upd7_2_] : [TIMESTAMP]) - [2023-08-14 11:35:13.552]
2023-08-14 13:34:04.105 TRACE 8668 --- [    Test worker] o.h.type.descriptor.sql.BasicExtractor   : extracted value ([post_vie8_2_] : [INTEGER]) - [0]
2023-08-14 13:34:04.105 TRACE 8668 --- [    Test worker] o.h.type.descriptor.sql.BasicExtractor   : extracted value ([post_wri9_2_] : [VARCHAR]) - [자바]
2023-08-14 13:34:04.105 TRACE 8668 --- [    Test worker] o.h.type.descriptor.sql.BasicExtractor   : extracted value ([post_id1_2_] : [BIGINT]) - [106]
2023-08-14 13:34:04.105 TRACE 8668 --- [    Test worker] o.h.type.descriptor.sql.BasicExtractor   : extracted value ([board_id2_2_] : [BIGINT]) - [1]
2023-08-14 13:34:04.105 TRACE 8668 --- [    Test worker] o.h.type.descriptor.sql.BasicExtractor   : extracted value ([post_con3_2_] : [VARCHAR]) - [7ZFuc4M5hv]
2023-08-14 13:34:04.105 TRACE 8668 --- [    Test worker] o.h.type.descriptor.sql.BasicExtractor   : extracted value ([post_cre4_2_] : [TIMESTAMP]) - [2023-08-14 11:35:13.552]
2023-08-14 13:34:04.105 TRACE 8668 --- [    Test worker] o.h.type.descriptor.sql.BasicExtractor   : extracted value ([post_sho5_2_] : [VARCHAR]) - [Y]
2023-08-14 13:34:04.105 TRACE 8668 --- [    Test worker] o.h.type.descriptor.sql.BasicExtractor   : extracted value ([post_tit6_2_] : [VARCHAR]) - [테스트 글 제목 105]
2023-08-14 13:34:04.105 TRACE 8668 --- [    Test worker] o.h.type.descriptor.sql.BasicExtractor   : extracted value ([post_upd7_2_] : [TIMESTAMP]) - [2023-08-14 11:35:13.552]
2023-08-14 13:34:04.105 TRACE 8668 --- [    Test worker] o.h.type.descriptor.sql.BasicExtractor   : extracted value ([post_vie8_2_] : [INTEGER]) - [0]
2023-08-14 13:34:04.105 TRACE 8668 --- [    Test worker] o.h.type.descriptor.sql.BasicExtractor   : extracted value ([post_wri9_2_] : [VARCHAR]) - [자바]
2023-08-14 13:34:04.105 TRACE 8668 --- [    Test worker] o.h.type.descriptor.sql.BasicExtractor   : extracted value ([post_id1_2_] : [BIGINT]) - [107]
2023-08-14 13:34:04.105 TRACE 8668 --- [    Test worker] o.h.type.descriptor.sql.BasicExtractor   : extracted value ([board_id2_2_] : [BIGINT]) - [1]
2023-08-14 13:34:04.105 TRACE 8668 --- [    Test worker] o.h.type.descriptor.sql.BasicExtractor   : extracted value ([post_con3_2_] : [VARCHAR]) - [1SDMR4j0Kh]
2023-08-14 13:34:04.105 TRACE 8668 --- [    Test worker] o.h.type.descriptor.sql.BasicExtractor   : extracted value ([post_cre4_2_] : [TIMESTAMP]) - [2023-08-14 11:35:13.552]
2023-08-14 13:34:04.105 TRACE 8668 --- [    Test worker] o.h.type.descriptor.sql.BasicExtractor   : extracted value ([post_sho5_2_] : [VARCHAR]) - [Y]
2023-08-14 13:34:04.105 TRACE 8668 --- [    Test worker] o.h.type.descriptor.sql.BasicExtractor   : extracted value ([post_tit6_2_] : [VARCHAR]) - [테스트 글 제목 106]
2023-08-14 13:34:04.105 TRACE 8668 --- [    Test worker] o.h.type.descriptor.sql.BasicExtractor   : extracted value ([post_upd7_2_] : [TIMESTAMP]) - [2023-08-14 11:35:13.552]
2023-08-14 13:34:04.105 TRACE 8668 --- [    Test worker] o.h.type.descriptor.sql.BasicExtractor   : extracted value ([post_vie8_2_] : [INTEGER]) - [0]
2023-08-14 13:34:04.105 TRACE 8668 --- [    Test worker] o.h.type.descriptor.sql.BasicExtractor   : extracted value ([post_wri9_2_] : [VARCHAR]) - [자바]
2023-08-14 13:34:04.105 TRACE 8668 --- [    Test worker] o.h.type.descriptor.sql.BasicExtractor   : extracted value ([post_id1_2_] : [BIGINT]) - [108]
2023-08-14 13:34:04.105 TRACE 8668 --- [    Test worker] o.h.type.descriptor.sql.BasicExtractor   : extracted value ([board_id2_2_] : [BIGINT]) - [1]
2023-08-14 13:34:04.105 TRACE 8668 --- [    Test worker] o.h.type.descriptor.sql.BasicExtractor   : extracted value ([post_con3_2_] : [VARCHAR]) - [TM6TnO8OYo]
2023-08-14 13:34:04.105 TRACE 8668 --- [    Test worker] o.h.type.descriptor.sql.BasicExtractor   : extracted value ([post_cre4_2_] : [TIMESTAMP]) - [2023-08-14 11:35:13.552]
2023-08-14 13:34:04.105 TRACE 8668 --- [    Test worker] o.h.type.descriptor.sql.BasicExtractor   : extracted value ([post_sho5_2_] : [VARCHAR]) - [Y]
2023-08-14 13:34:04.105 TRACE 8668 --- [    Test worker] o.h.type.descriptor.sql.BasicExtractor   : extracted value ([post_tit6_2_] : [VARCHAR]) - [테스트 글 제목 107]
2023-08-14 13:34:04.105 TRACE 8668 --- [    Test worker] o.h.type.descriptor.sql.BasicExtractor   : extracted value ([post_upd7_2_] : [TIMESTAMP]) - [2023-08-14 11:35:13.552]
2023-08-14 13:34:04.105 TRACE 8668 --- [    Test worker] o.h.type.descriptor.sql.BasicExtractor   : extracted value ([post_vie8_2_] : [INTEGER]) - [0]
2023-08-14 13:34:04.105 TRACE 8668 --- [    Test worker] o.h.type.descriptor.sql.BasicExtractor   : extracted value ([post_wri9_2_] : [VARCHAR]) - [자바]
2023-08-14 13:34:04.105 TRACE 8668 --- [    Test worker] o.h.type.descriptor.sql.BasicExtractor   : extracted value ([post_id1_2_] : [BIGINT]) - [109]
2023-08-14 13:34:04.105 TRACE 8668 --- [    Test worker] o.h.type.descriptor.sql.BasicExtractor   : extracted value ([board_id2_2_] : [BIGINT]) - [1]
2023-08-14 13:34:04.105 TRACE 8668 --- [    Test worker] o.h.type.descriptor.sql.BasicExtractor   : extracted value ([post_con3_2_] : [VARCHAR]) - [s68Rw3KiAU]
2023-08-14 13:34:04.105 TRACE 8668 --- [    Test worker] o.h.type.descriptor.sql.BasicExtractor   : extracted value ([post_cre4_2_] : [TIMESTAMP]) - [2023-08-14 11:35:13.552]
2023-08-14 13:34:04.105 TRACE 8668 --- [    Test worker] o.h.type.descriptor.sql.BasicExtractor   : extracted value ([post_sho5_2_] : [VARCHAR]) - [Y]
2023-08-14 13:34:04.105 TRACE 8668 --- [    Test worker] o.h.type.descriptor.sql.BasicExtractor   : extracted value ([post_tit6_2_] : [VARCHAR]) - [테스트 글 제목 108]
2023-08-14 13:34:04.105 TRACE 8668 --- [    Test worker] o.h.type.descriptor.sql.BasicExtractor   : extracted value ([post_upd7_2_] : [TIMESTAMP]) - [2023-08-14 11:35:13.552]
2023-08-14 13:34:04.105 TRACE 8668 --- [    Test worker] o.h.type.descriptor.sql.BasicExtractor   : extracted value ([post_vie8_2_] : [INTEGER]) - [0]
2023-08-14 13:34:04.105 TRACE 8668 --- [    Test worker] o.h.type.descriptor.sql.BasicExtractor   : extracted value ([post_wri9_2_] : [VARCHAR]) - [자바]
2023-08-14 13:34:04.105 TRACE 8668 --- [    Test worker] o.h.type.descriptor.sql.BasicExtractor   : extracted value ([post_id1_2_] : [BIGINT]) - [110]
2023-08-14 13:34:04.105 TRACE 8668 --- [    Test worker] o.h.type.descriptor.sql.BasicExtractor   : extracted value ([board_id2_2_] : [BIGINT]) - [1]
2023-08-14 13:34:04.105 TRACE 8668 --- [    Test worker] o.h.type.descriptor.sql.BasicExtractor   : extracted value ([post_con3_2_] : [VARCHAR]) - [36MWfM9CfL]
2023-08-14 13:34:04.105 TRACE 8668 --- [    Test worker] o.h.type.descriptor.sql.BasicExtractor   : extracted value ([post_cre4_2_] : [TIMESTAMP]) - [2023-08-14 11:35:13.552]
2023-08-14 13:34:04.105 TRACE 8668 --- [    Test worker] o.h.type.descriptor.sql.BasicExtractor   : extracted value ([post_sho5_2_] : [VARCHAR]) - [Y]
2023-08-14 13:34:04.105 TRACE 8668 --- [    Test worker] o.h.type.descriptor.sql.BasicExtractor   : extracted value ([post_tit6_2_] : [VARCHAR]) - [테스트 글 제목 109]
2023-08-14 13:34:04.105 TRACE 8668 --- [    Test worker] o.h.type.descriptor.sql.BasicExtractor   : extracted value ([post_upd7_2_] : [TIMESTAMP]) - [2023-08-14 11:35:13.552]
2023-08-14 13:34:04.105 TRACE 8668 --- [    Test worker] o.h.type.descriptor.sql.BasicExtractor   : extracted value ([post_vie8_2_] : [INTEGER]) - [0]
2023-08-14 13:34:04.105 TRACE 8668 --- [    Test worker] o.h.type.descriptor.sql.BasicExtractor   : extracted value ([post_wri9_2_] : [VARCHAR]) - [자바]
2023-08-14 13:34:04.105 TRACE 8668 --- [    Test worker] o.h.type.descriptor.sql.BasicExtractor   : extracted value ([post_id1_2_] : [BIGINT]) - [111]
2023-08-14 13:34:04.105 TRACE 8668 --- [    Test worker] o.h.type.descriptor.sql.BasicExtractor   : extracted value ([board_id2_2_] : [BIGINT]) - [1]
2023-08-14 13:34:04.105 TRACE 8668 --- [    Test worker] o.h.type.descriptor.sql.BasicExtractor   : extracted value ([post_con3_2_] : [VARCHAR]) - [uRqdShbgpF]
2023-08-14 13:34:04.105 TRACE 8668 --- [    Test worker] o.h.type.descriptor.sql.BasicExtractor   : extracted value ([post_cre4_2_] : [TIMESTAMP]) - [2023-08-14 11:35:13.552]
2023-08-14 13:34:04.105 TRACE 8668 --- [    Test worker] o.h.type.descriptor.sql.BasicExtractor   : extracted value ([post_sho5_2_] : [VARCHAR]) - [Y]
2023-08-14 13:34:04.105 TRACE 8668 --- [    Test worker] o.h.type.descriptor.sql.BasicExtractor   : extracted value ([post_tit6_2_] : [VARCHAR]) - [테스트 글 제목 110]
2023-08-14 13:34:04.105 TRACE 8668 --- [    Test worker] o.h.type.descriptor.sql.BasicExtractor   : extracted value ([post_upd7_2_] : [TIMESTAMP]) - [2023-08-14 11:35:13.552]
2023-08-14 13:34:04.105 TRACE 8668 --- [    Test worker] o.h.type.descriptor.sql.BasicExtractor   : extracted value ([post_vie8_2_] : [INTEGER]) - [0]
2023-08-14 13:34:04.105 TRACE 8668 --- [    Test worker] o.h.type.descriptor.sql.BasicExtractor   : extracted value ([post_wri9_2_] : [VARCHAR]) - [자바]
2023-08-14 13:34:04.105 TRACE 8668 --- [    Test worker] o.h.type.descriptor.sql.BasicExtractor   : extracted value ([post_id1_2_] : [BIGINT]) - [112]
2023-08-14 13:34:04.105 TRACE 8668 --- [    Test worker] o.h.type.descriptor.sql.BasicExtractor   : extracted value ([board_id2_2_] : [BIGINT]) - [1]
2023-08-14 13:34:04.105 TRACE 8668 --- [    Test worker] o.h.type.descriptor.sql.BasicExtractor   : extracted value ([post_con3_2_] : [VARCHAR]) - [mk2S3JR2LC]
2023-08-14 13:34:04.105 TRACE 8668 --- [    Test worker] o.h.type.descriptor.sql.BasicExtractor   : extracted value ([post_cre4_2_] : [TIMESTAMP]) - [2023-08-14 11:35:13.568]
2023-08-14 13:34:04.105 TRACE 8668 --- [    Test worker] o.h.type.descriptor.sql.BasicExtractor   : extracted value ([post_sho5_2_] : [VARCHAR]) - [Y]
2023-08-14 13:34:04.105 TRACE 8668 --- [    Test worker] o.h.type.descriptor.sql.BasicExtractor   : extracted value ([post_tit6_2_] : [VARCHAR]) - [테스트 글 제목 111]
2023-08-14 13:34:04.105 TRACE 8668 --- [    Test worker] o.h.type.descriptor.sql.BasicExtractor   : extracted value ([post_upd7_2_] : [TIMESTAMP]) - [2023-08-14 11:35:13.568]
2023-08-14 13:34:04.105 TRACE 8668 --- [    Test worker] o.h.type.descriptor.sql.BasicExtractor   : extracted value ([post_vie8_2_] : [INTEGER]) - [0]
2023-08-14 13:34:04.105 TRACE 8668 --- [    Test worker] o.h.type.descriptor.sql.BasicExtractor   : extracted value ([post_wri9_2_] : [VARCHAR]) - [자바]
2023-08-14 13:34:04.105 TRACE 8668 --- [    Test worker] o.h.type.descriptor.sql.BasicExtractor   : extracted value ([post_id1_2_] : [BIGINT]) - [113]
2023-08-14 13:34:04.105 TRACE 8668 --- [    Test worker] o.h.type.descriptor.sql.BasicExtractor   : extracted value ([board_id2_2_] : [BIGINT]) - [1]
2023-08-14 13:34:04.105 TRACE 8668 --- [    Test worker] o.h.type.descriptor.sql.BasicExtractor   : extracted value ([post_con3_2_] : [VARCHAR]) - [tjag6AqH68]
2023-08-14 13:34:04.105 TRACE 8668 --- [    Test worker] o.h.type.descriptor.sql.BasicExtractor   : extracted value ([post_cre4_2_] : [TIMESTAMP]) - [2023-08-14 11:35:13.568]
2023-08-14 13:34:04.105 TRACE 8668 --- [    Test worker] o.h.type.descriptor.sql.BasicExtractor   : extracted value ([post_sho5_2_] : [VARCHAR]) - [Y]
2023-08-14 13:34:04.105 TRACE 8668 --- [    Test worker] o.h.type.descriptor.sql.BasicExtractor   : extracted value ([post_tit6_2_] : [VARCHAR]) - [테스트 글 제목 112]
2023-08-14 13:34:04.105 TRACE 8668 --- [    Test worker] o.h.type.descriptor.sql.BasicExtractor   : extracted value ([post_upd7_2_] : [TIMESTAMP]) - [2023-08-14 11:35:13.568]
2023-08-14 13:34:04.105 TRACE 8668 --- [    Test worker] o.h.type.descriptor.sql.BasicExtractor   : extracted value ([post_vie8_2_] : [INTEGER]) - [0]
2023-08-14 13:34:04.105 TRACE 8668 --- [    Test worker] o.h.type.descriptor.sql.BasicExtractor   : extracted value ([post_wri9_2_] : [VARCHAR]) - [자바]
2023-08-14 13:34:04.105 TRACE 8668 --- [    Test worker] o.h.type.descriptor.sql.BasicExtractor   : extracted value ([post_id1_2_] : [BIGINT]) - [114]
2023-08-14 13:34:04.105 TRACE 8668 --- [    Test worker] o.h.type.descriptor.sql.BasicExtractor   : extracted value ([board_id2_2_] : [BIGINT]) - [1]
2023-08-14 13:34:04.105 TRACE 8668 --- [    Test worker] o.h.type.descriptor.sql.BasicExtractor   : extracted value ([post_con3_2_] : [VARCHAR]) - [jQ8lyrA8JI]
2023-08-14 13:34:04.105 TRACE 8668 --- [    Test worker] o.h.type.descriptor.sql.BasicExtractor   : extracted value ([post_cre4_2_] : [TIMESTAMP]) - [2023-08-14 11:35:13.568]
2023-08-14 13:34:04.105 TRACE 8668 --- [    Test worker] o.h.type.descriptor.sql.BasicExtractor   : extracted value ([post_sho5_2_] : [VARCHAR]) - [Y]
2023-08-14 13:34:04.105 TRACE 8668 --- [    Test worker] o.h.type.descriptor.sql.BasicExtractor   : extracted value ([post_tit6_2_] : [VARCHAR]) - [테스트 글 제목 113]
2023-08-14 13:34:04.105 TRACE 8668 --- [    Test worker] o.h.type.descriptor.sql.BasicExtractor   : extracted value ([post_upd7_2_] : [TIMESTAMP]) - [2023-08-14 11:35:13.568]
2023-08-14 13:34:04.105 TRACE 8668 --- [    Test worker] o.h.type.descriptor.sql.BasicExtractor   : extracted value ([post_vie8_2_] : [INTEGER]) - [0]
2023-08-14 13:34:04.105 TRACE 8668 --- [    Test worker] o.h.type.descriptor.sql.BasicExtractor   : extracted value ([post_wri9_2_] : [VARCHAR]) - [자바]
2023-08-14 13:34:04.105 TRACE 8668 --- [    Test worker] o.h.type.descriptor.sql.BasicExtractor   : extracted value ([post_id1_2_] : [BIGINT]) - [115]
2023-08-14 13:34:04.105 TRACE 8668 --- [    Test worker] o.h.type.descriptor.sql.BasicExtractor   : extracted value ([board_id2_2_] : [BIGINT]) - [1]
2023-08-14 13:34:04.105 TRACE 8668 --- [    Test worker] o.h.type.descriptor.sql.BasicExtractor   : extracted value ([post_con3_2_] : [VARCHAR]) - [egsNjqsHJh]
2023-08-14 13:34:04.105 TRACE 8668 --- [    Test worker] o.h.type.descriptor.sql.BasicExtractor   : extracted value ([post_cre4_2_] : [TIMESTAMP]) - [2023-08-14 11:35:13.568]
2023-08-14 13:34:04.105 TRACE 8668 --- [    Test worker] o.h.type.descriptor.sql.BasicExtractor   : extracted value ([post_sho5_2_] : [VARCHAR]) - [Y]
2023-08-14 13:34:04.105 TRACE 8668 --- [    Test worker] o.h.type.descriptor.sql.BasicExtractor   : extracted value ([post_tit6_2_] : [VARCHAR]) - [테스트 글 제목 114]
2023-08-14 13:34:04.105 TRACE 8668 --- [    Test worker] o.h.type.descriptor.sql.BasicExtractor   : extracted value ([post_upd7_2_] : [TIMESTAMP]) - [2023-08-14 11:35:13.568]
2023-08-14 13:34:04.105 TRACE 8668 --- [    Test worker] o.h.type.descriptor.sql.BasicExtractor   : extracted value ([post_vie8_2_] : [INTEGER]) - [0]
2023-08-14 13:34:04.105 TRACE 8668 --- [    Test worker] o.h.type.descriptor.sql.BasicExtractor   : extracted value ([post_wri9_2_] : [VARCHAR]) - [자바]
2023-08-14 13:34:04.105 TRACE 8668 --- [    Test worker] o.h.type.descriptor.sql.BasicExtractor   : extracted value ([post_id1_2_] : [BIGINT]) - [116]
2023-08-14 13:34:04.105 TRACE 8668 --- [    Test worker] o.h.type.descriptor.sql.BasicExtractor   : extracted value ([board_id2_2_] : [BIGINT]) - [1]
2023-08-14 13:34:04.105 TRACE 8668 --- [    Test worker] o.h.type.descriptor.sql.BasicExtractor   : extracted value ([post_con3_2_] : [VARCHAR]) - [iZVSMGifnR]
2023-08-14 13:34:04.105 TRACE 8668 --- [    Test worker] o.h.type.descriptor.sql.BasicExtractor   : extracted value ([post_cre4_2_] : [TIMESTAMP]) - [2023-08-14 11:35:13.568]
2023-08-14 13:34:04.105 TRACE 8668 --- [    Test worker] o.h.type.descriptor.sql.BasicExtractor   : extracted value ([post_sho5_2_] : [VARCHAR]) - [Y]
2023-08-14 13:34:04.105 TRACE 8668 --- [    Test worker] o.h.type.descriptor.sql.BasicExtractor   : extracted value ([post_tit6_2_] : [VARCHAR]) - [테스트 글 제목 115]
2023-08-14 13:34:04.105 TRACE 8668 --- [    Test worker] o.h.type.descriptor.sql.BasicExtractor   : extracted value ([post_upd7_2_] : [TIMESTAMP]) - [2023-08-14 11:35:13.568]
2023-08-14 13:34:04.105 TRACE 8668 --- [    Test worker] o.h.type.descriptor.sql.BasicExtractor   : extracted value ([post_vie8_2_] : [INTEGER]) - [0]
2023-08-14 13:34:04.105 TRACE 8668 --- [    Test worker] o.h.type.descriptor.sql.BasicExtractor   : extracted value ([post_wri9_2_] : [VARCHAR]) - [자바]
2023-08-14 13:34:04.105 TRACE 8668 --- [    Test worker] o.h.type.descriptor.sql.BasicExtractor   : extracted value ([post_id1_2_] : [BIGINT]) - [117]
2023-08-14 13:34:04.105 TRACE 8668 --- [    Test worker] o.h.type.descriptor.sql.BasicExtractor   : extracted value ([board_id2_2_] : [BIGINT]) - [1]
2023-08-14 13:34:04.105 TRACE 8668 --- [    Test worker] o.h.type.descriptor.sql.BasicExtractor   : extracted value ([post_con3_2_] : [VARCHAR]) - [4dHM6ZyO0E]
2023-08-14 13:34:04.105 TRACE 8668 --- [    Test worker] o.h.type.descriptor.sql.BasicExtractor   : extracted value ([post_cre4_2_] : [TIMESTAMP]) - [2023-08-14 11:35:13.568]
2023-08-14 13:34:04.105 TRACE 8668 --- [    Test worker] o.h.type.descriptor.sql.BasicExtractor   : extracted value ([post_sho5_2_] : [VARCHAR]) - [Y]
2023-08-14 13:34:04.105 TRACE 8668 --- [    Test worker] o.h.type.descriptor.sql.BasicExtractor   : extracted value ([post_tit6_2_] : [VARCHAR]) - [테스트 글 제목 116]
2023-08-14 13:34:04.105 TRACE 8668 --- [    Test worker] o.h.type.descriptor.sql.BasicExtractor   : extracted value ([post_upd7_2_] : [TIMESTAMP]) - [2023-08-14 11:35:13.568]
2023-08-14 13:34:04.105 TRACE 8668 --- [    Test worker] o.h.type.descriptor.sql.BasicExtractor   : extracted value ([post_vie8_2_] : [INTEGER]) - [0]
2023-08-14 13:34:04.105 TRACE 8668 --- [    Test worker] o.h.type.descriptor.sql.BasicExtractor   : extracted value ([post_wri9_2_] : [VARCHAR]) - [자바]
2023-08-14 13:34:04.105 TRACE 8668 --- [    Test worker] o.h.type.descriptor.sql.BasicExtractor   : extracted value ([post_id1_2_] : [BIGINT]) - [118]
2023-08-14 13:34:04.105 TRACE 8668 --- [    Test worker] o.h.type.descriptor.sql.BasicExtractor   : extracted value ([board_id2_2_] : [BIGINT]) - [1]
2023-08-14 13:34:04.105 TRACE 8668 --- [    Test worker] o.h.type.descriptor.sql.BasicExtractor   : extracted value ([post_con3_2_] : [VARCHAR]) - [JWH3RR50Ds]
2023-08-14 13:34:04.105 TRACE 8668 --- [    Test worker] o.h.type.descriptor.sql.BasicExtractor   : extracted value ([post_cre4_2_] : [TIMESTAMP]) - [2023-08-14 11:35:13.568]
2023-08-14 13:34:04.105 TRACE 8668 --- [    Test worker] o.h.type.descriptor.sql.BasicExtractor   : extracted value ([post_sho5_2_] : [VARCHAR]) - [Y]
2023-08-14 13:34:04.105 TRACE 8668 --- [    Test worker] o.h.type.descriptor.sql.BasicExtractor   : extracted value ([post_tit6_2_] : [VARCHAR]) - [테스트 글 제목 117]
2023-08-14 13:34:04.105 TRACE 8668 --- [    Test worker] o.h.type.descriptor.sql.BasicExtractor   : extracted value ([post_upd7_2_] : [TIMESTAMP]) - [2023-08-14 11:35:13.568]
2023-08-14 13:34:04.105 TRACE 8668 --- [    Test worker] o.h.type.descriptor.sql.BasicExtractor   : extracted value ([post_vie8_2_] : [INTEGER]) - [0]
2023-08-14 13:34:04.105 TRACE 8668 --- [    Test worker] o.h.type.descriptor.sql.BasicExtractor   : extracted value ([post_wri9_2_] : [VARCHAR]) - [자바]
2023-08-14 13:34:04.105 TRACE 8668 --- [    Test worker] o.h.type.descriptor.sql.BasicExtractor   : extracted value ([post_id1_2_] : [BIGINT]) - [119]
2023-08-14 13:34:04.105 TRACE 8668 --- [    Test worker] o.h.type.descriptor.sql.BasicExtractor   : extracted value ([board_id2_2_] : [BIGINT]) - [1]
2023-08-14 13:34:04.105 TRACE 8668 --- [    Test worker] o.h.type.descriptor.sql.BasicExtractor   : extracted value ([post_con3_2_] : [VARCHAR]) - [tyqLPJs2vn]
2023-08-14 13:34:04.105 TRACE 8668 --- [    Test worker] o.h.type.descriptor.sql.BasicExtractor   : extracted value ([post_cre4_2_] : [TIMESTAMP]) - [2023-08-14 11:35:13.568]
2023-08-14 13:34:04.105 TRACE 8668 --- [    Test worker] o.h.type.descriptor.sql.BasicExtractor   : extracted value ([post_sho5_2_] : [VARCHAR]) - [Y]
2023-08-14 13:34:04.105 TRACE 8668 --- [    Test worker] o.h.type.descriptor.sql.BasicExtractor   : extracted value ([post_tit6_2_] : [VARCHAR]) - [테스트 글 제목 118]
2023-08-14 13:34:04.105 TRACE 8668 --- [    Test worker] o.h.type.descriptor.sql.BasicExtractor   : extracted value ([post_upd7_2_] : [TIMESTAMP]) - [2023-08-14 11:35:13.568]
2023-08-14 13:34:04.105 TRACE 8668 --- [    Test worker] o.h.type.descriptor.sql.BasicExtractor   : extracted value ([post_vie8_2_] : [INTEGER]) - [0]
2023-08-14 13:34:04.105 TRACE 8668 --- [    Test worker] o.h.type.descriptor.sql.BasicExtractor   : extracted value ([post_wri9_2_] : [VARCHAR]) - [자바]
2023-08-14 13:34:04.105 TRACE 8668 --- [    Test worker] o.h.type.descriptor.sql.BasicExtractor   : extracted value ([post_id1_2_] : [BIGINT]) - [120]
2023-08-14 13:34:04.105 TRACE 8668 --- [    Test worker] o.h.type.descriptor.sql.BasicExtractor   : extracted value ([board_id2_2_] : [BIGINT]) - [1]
2023-08-14 13:34:04.105 TRACE 8668 --- [    Test worker] o.h.type.descriptor.sql.BasicExtractor   : extracted value ([post_con3_2_] : [VARCHAR]) - [N3Es04nVng]
2023-08-14 13:34:04.105 TRACE 8668 --- [    Test worker] o.h.type.descriptor.sql.BasicExtractor   : extracted value ([post_cre4_2_] : [TIMESTAMP]) - [2023-08-14 11:35:13.568]
2023-08-14 13:34:04.105 TRACE 8668 --- [    Test worker] o.h.type.descriptor.sql.BasicExtractor   : extracted value ([post_sho5_2_] : [VARCHAR]) - [Y]
2023-08-14 13:34:04.105 TRACE 8668 --- [    Test worker] o.h.type.descriptor.sql.BasicExtractor   : extracted value ([post_tit6_2_] : [VARCHAR]) - [테스트 글 제목 119]
2023-08-14 13:34:04.105 TRACE 8668 --- [    Test worker] o.h.type.descriptor.sql.BasicExtractor   : extracted value ([post_upd7_2_] : [TIMESTAMP]) - [2023-08-14 11:35:13.568]
2023-08-14 13:34:04.105 TRACE 8668 --- [    Test worker] o.h.type.descriptor.sql.BasicExtractor   : extracted value ([post_vie8_2_] : [INTEGER]) - [0]
2023-08-14 13:34:04.105 TRACE 8668 --- [    Test worker] o.h.type.descriptor.sql.BasicExtractor   : extracted value ([post_wri9_2_] : [VARCHAR]) - [자바]
2023-08-14 13:34:04.105 TRACE 8668 --- [    Test worker] o.h.type.descriptor.sql.BasicExtractor   : extracted value ([post_id1_2_] : [BIGINT]) - [121]
2023-08-14 13:34:04.105 TRACE 8668 --- [    Test worker] o.h.type.descriptor.sql.BasicExtractor   : extracted value ([board_id2_2_] : [BIGINT]) - [1]
2023-08-14 13:34:04.105 TRACE 8668 --- [    Test worker] o.h.type.descriptor.sql.BasicExtractor   : extracted value ([post_con3_2_] : [VARCHAR]) - [8copRB0wGS]
2023-08-14 13:34:04.105 TRACE 8668 --- [    Test worker] o.h.type.descriptor.sql.BasicExtractor   : extracted value ([post_cre4_2_] : [TIMESTAMP]) - [2023-08-14 11:35:13.583]
2023-08-14 13:34:04.105 TRACE 8668 --- [    Test worker] o.h.type.descriptor.sql.BasicExtractor   : extracted value ([post_sho5_2_] : [VARCHAR]) - [Y]
2023-08-14 13:34:04.105 TRACE 8668 --- [    Test worker] o.h.type.descriptor.sql.BasicExtractor   : extracted value ([post_tit6_2_] : [VARCHAR]) - [테스트 글 제목 120]
2023-08-14 13:34:04.105 TRACE 8668 --- [    Test worker] o.h.type.descriptor.sql.BasicExtractor   : extracted value ([post_upd7_2_] : [TIMESTAMP]) - [2023-08-14 11:35:13.583]
2023-08-14 13:34:04.105 TRACE 8668 --- [    Test worker] o.h.type.descriptor.sql.BasicExtractor   : extracted value ([post_vie8_2_] : [INTEGER]) - [0]
2023-08-14 13:34:04.105 TRACE 8668 --- [    Test worker] o.h.type.descriptor.sql.BasicExtractor   : extracted value ([post_wri9_2_] : [VARCHAR]) - [자바]
2023-08-14 13:34:04.105 TRACE 8668 --- [    Test worker] o.h.type.descriptor.sql.BasicExtractor   : extracted value ([post_id1_2_] : [BIGINT]) - [122]
2023-08-14 13:34:04.105 TRACE 8668 --- [    Test worker] o.h.type.descriptor.sql.BasicExtractor   : extracted value ([board_id2_2_] : [BIGINT]) - [1]
2023-08-14 13:34:04.105 TRACE 8668 --- [    Test worker] o.h.type.descriptor.sql.BasicExtractor   : extracted value ([post_con3_2_] : [VARCHAR]) - [1gzW3OrvGL]
2023-08-14 13:34:04.105 TRACE 8668 --- [    Test worker] o.h.type.descriptor.sql.BasicExtractor   : extracted value ([post_cre4_2_] : [TIMESTAMP]) - [2023-08-14 11:35:13.583]
2023-08-14 13:34:04.105 TRACE 8668 --- [    Test worker] o.h.type.descriptor.sql.BasicExtractor   : extracted value ([post_sho5_2_] : [VARCHAR]) - [Y]
2023-08-14 13:34:04.105 TRACE 8668 --- [    Test worker] o.h.type.descriptor.sql.BasicExtractor   : extracted value ([post_tit6_2_] : [VARCHAR]) - [테스트 글 제목 121]
2023-08-14 13:34:04.105 TRACE 8668 --- [    Test worker] o.h.type.descriptor.sql.BasicExtractor   : extracted value ([post_upd7_2_] : [TIMESTAMP]) - [2023-08-14 11:35:13.583]
2023-08-14 13:34:04.105 TRACE 8668 --- [    Test worker] o.h.type.descriptor.sql.BasicExtractor   : extracted value ([post_vie8_2_] : [INTEGER]) - [0]
2023-08-14 13:34:04.105 TRACE 8668 --- [    Test worker] o.h.type.descriptor.sql.BasicExtractor   : extracted value ([post_wri9_2_] : [VARCHAR]) - [자바]
2023-08-14 13:34:04.105 TRACE 8668 --- [    Test worker] o.h.type.descriptor.sql.BasicExtractor   : extracted value ([post_id1_2_] : [BIGINT]) - [123]
2023-08-14 13:34:04.105 TRACE 8668 --- [    Test worker] o.h.type.descriptor.sql.BasicExtractor   : extracted value ([board_id2_2_] : [BIGINT]) - [1]
2023-08-14 13:34:04.105 TRACE 8668 --- [    Test worker] o.h.type.descriptor.sql.BasicExtractor   : extracted value ([post_con3_2_] : [VARCHAR]) - [5myyKd223t]
2023-08-14 13:34:04.105 TRACE 8668 --- [    Test worker] o.h.type.descriptor.sql.BasicExtractor   : extracted value ([post_cre4_2_] : [TIMESTAMP]) - [2023-08-14 11:35:13.583]
2023-08-14 13:34:04.105 TRACE 8668 --- [    Test worker] o.h.type.descriptor.sql.BasicExtractor   : extracted value ([post_sho5_2_] : [VARCHAR]) - [Y]
2023-08-14 13:34:04.105 TRACE 8668 --- [    Test worker] o.h.type.descriptor.sql.BasicExtractor   : extracted value ([post_tit6_2_] : [VARCHAR]) - [테스트 글 제목 122]
2023-08-14 13:34:04.105 TRACE 8668 --- [    Test worker] o.h.type.descriptor.sql.BasicExtractor   : extracted value ([post_upd7_2_] : [TIMESTAMP]) - [2023-08-14 11:35:13.583]
2023-08-14 13:34:04.105 TRACE 8668 --- [    Test worker] o.h.type.descriptor.sql.BasicExtractor   : extracted value ([post_vie8_2_] : [INTEGER]) - [0]
2023-08-14 13:34:04.105 TRACE 8668 --- [    Test worker] o.h.type.descriptor.sql.BasicExtractor   : extracted value ([post_wri9_2_] : [VARCHAR]) - [자바]
2023-08-14 13:34:04.105 TRACE 8668 --- [    Test worker] o.h.type.descriptor.sql.BasicExtractor   : extracted value ([post_id1_2_] : [BIGINT]) - [124]
2023-08-14 13:34:04.105 TRACE 8668 --- [    Test worker] o.h.type.descriptor.sql.BasicExtractor   : extracted value ([board_id2_2_] : [BIGINT]) - [1]
2023-08-14 13:34:04.105 TRACE 8668 --- [    Test worker] o.h.type.descriptor.sql.BasicExtractor   : extracted value ([post_con3_2_] : [VARCHAR]) - [imDqItqKx8]
2023-08-14 13:34:04.105 TRACE 8668 --- [    Test worker] o.h.type.descriptor.sql.BasicExtractor   : extracted value ([post_cre4_2_] : [TIMESTAMP]) - [2023-08-14 11:35:13.583]
2023-08-14 13:34:04.105 TRACE 8668 --- [    Test worker] o.h.type.descriptor.sql.BasicExtractor   : extracted value ([post_sho5_2_] : [VARCHAR]) - [Y]
2023-08-14 13:34:04.105 TRACE 8668 --- [    Test worker] o.h.type.descriptor.sql.BasicExtractor   : extracted value ([post_tit6_2_] : [VARCHAR]) - [테스트 글 제목 123]
2023-08-14 13:34:04.105 TRACE 8668 --- [    Test worker] o.h.type.descriptor.sql.BasicExtractor   : extracted value ([post_upd7_2_] : [TIMESTAMP]) - [2023-08-14 11:35:13.583]
2023-08-14 13:34:04.105 TRACE 8668 --- [    Test worker] o.h.type.descriptor.sql.BasicExtractor   : extracted value ([post_vie8_2_] : [INTEGER]) - [0]
2023-08-14 13:34:04.105 TRACE 8668 --- [    Test worker] o.h.type.descriptor.sql.BasicExtractor   : extracted value ([post_wri9_2_] : [VARCHAR]) - [자바]
2023-08-14 13:34:04.105 TRACE 8668 --- [    Test worker] o.h.type.descriptor.sql.BasicExtractor   : extracted value ([post_id1_2_] : [BIGINT]) - [125]
2023-08-14 13:34:04.105 TRACE 8668 --- [    Test worker] o.h.type.descriptor.sql.BasicExtractor   : extracted value ([board_id2_2_] : [BIGINT]) - [1]
2023-08-14 13:34:04.105 TRACE 8668 --- [    Test worker] o.h.type.descriptor.sql.BasicExtractor   : extracted value ([post_con3_2_] : [VARCHAR]) - [6tEMEj8oKW]
2023-08-14 13:34:04.105 TRACE 8668 --- [    Test worker] o.h.type.descriptor.sql.BasicExtractor   : extracted value ([post_cre4_2_] : [TIMESTAMP]) - [2023-08-14 11:35:13.583]
2023-08-14 13:34:04.105 TRACE 8668 --- [    Test worker] o.h.type.descriptor.sql.BasicExtractor   : extracted value ([post_sho5_2_] : [VARCHAR]) - [Y]
2023-08-14 13:34:04.105 TRACE 8668 --- [    Test worker] o.h.type.descriptor.sql.BasicExtractor   : extracted value ([post_tit6_2_] : [VARCHAR]) - [테스트 글 제목 124]
2023-08-14 13:34:04.105 TRACE 8668 --- [    Test worker] o.h.type.descriptor.sql.BasicExtractor   : extracted value ([post_upd7_2_] : [TIMESTAMP]) - [2023-08-14 11:35:13.583]
2023-08-14 13:34:04.105 TRACE 8668 --- [    Test worker] o.h.type.descriptor.sql.BasicExtractor   : extracted value ([post_vie8_2_] : [INTEGER]) - [0]
2023-08-14 13:34:04.105 TRACE 8668 --- [    Test worker] o.h.type.descriptor.sql.BasicExtractor   : extracted value ([post_wri9_2_] : [VARCHAR]) - [자바]
2023-08-14 13:34:04.105 TRACE 8668 --- [    Test worker] o.h.type.descriptor.sql.BasicExtractor   : extracted value ([post_id1_2_] : [BIGINT]) - [126]
2023-08-14 13:34:04.105 TRACE 8668 --- [    Test worker] o.h.type.descriptor.sql.BasicExtractor   : extracted value ([board_id2_2_] : [BIGINT]) - [1]
2023-08-14 13:34:04.105 TRACE 8668 --- [    Test worker] o.h.type.descriptor.sql.BasicExtractor   : extracted value ([post_con3_2_] : [VARCHAR]) - [1XZjUi4JwQ]
2023-08-14 13:34:04.105 TRACE 8668 --- [    Test worker] o.h.type.descriptor.sql.BasicExtractor   : extracted value ([post_cre4_2_] : [TIMESTAMP]) - [2023-08-14 11:35:13.583]
2023-08-14 13:34:04.105 TRACE 8668 --- [    Test worker] o.h.type.descriptor.sql.BasicExtractor   : extracted value ([post_sho5_2_] : [VARCHAR]) - [Y]
2023-08-14 13:34:04.105 TRACE 8668 --- [    Test worker] o.h.type.descriptor.sql.BasicExtractor   : extracted value ([post_tit6_2_] : [VARCHAR]) - [테스트 글 제목 125]
2023-08-14 13:34:04.105 TRACE 8668 --- [    Test worker] o.h.type.descriptor.sql.BasicExtractor   : extracted value ([post_upd7_2_] : [TIMESTAMP]) - [2023-08-14 11:35:13.583]
2023-08-14 13:34:04.105 TRACE 8668 --- [    Test worker] o.h.type.descriptor.sql.BasicExtractor   : extracted value ([post_vie8_2_] : [INTEGER]) - [0]
2023-08-14 13:34:04.105 TRACE 8668 --- [    Test worker] o.h.type.descriptor.sql.BasicExtractor   : extracted value ([post_wri9_2_] : [VARCHAR]) - [자바]
2023-08-14 13:34:04.105 TRACE 8668 --- [    Test worker] o.h.type.descriptor.sql.BasicExtractor   : extracted value ([post_id1_2_] : [BIGINT]) - [127]
2023-08-14 13:34:04.105 TRACE 8668 --- [    Test worker] o.h.type.descriptor.sql.BasicExtractor   : extracted value ([board_id2_2_] : [BIGINT]) - [1]
2023-08-14 13:34:04.105 TRACE 8668 --- [    Test worker] o.h.type.descriptor.sql.BasicExtractor   : extracted value ([post_con3_2_] : [VARCHAR]) - [CmSxEV0Sgs]
2023-08-14 13:34:04.105 TRACE 8668 --- [    Test worker] o.h.type.descriptor.sql.BasicExtractor   : extracted value ([post_cre4_2_] : [TIMESTAMP]) - [2023-08-14 11:35:13.583]
2023-08-14 13:34:04.105 TRACE 8668 --- [    Test worker] o.h.type.descriptor.sql.BasicExtractor   : extracted value ([post_sho5_2_] : [VARCHAR]) - [Y]
2023-08-14 13:34:04.105 TRACE 8668 --- [    Test worker] o.h.type.descriptor.sql.BasicExtractor   : extracted value ([post_tit6_2_] : [VARCHAR]) - [테스트 글 제목 126]
2023-08-14 13:34:04.105 TRACE 8668 --- [    Test worker] o.h.type.descriptor.sql.BasicExtractor   : extracted value ([post_upd7_2_] : [TIMESTAMP]) - [2023-08-14 11:35:13.583]
2023-08-14 13:34:04.105 TRACE 8668 --- [    Test worker] o.h.type.descriptor.sql.BasicExtractor   : extracted value ([post_vie8_2_] : [INTEGER]) - [0]
2023-08-14 13:34:04.105 TRACE 8668 --- [    Test worker] o.h.type.descriptor.sql.BasicExtractor   : extracted value ([post_wri9_2_] : [VARCHAR]) - [자바]
2023-08-14 13:34:04.105 TRACE 8668 --- [    Test worker] o.h.type.descriptor.sql.BasicExtractor   : extracted value ([post_id1_2_] : [BIGINT]) - [128]
2023-08-14 13:34:04.105 TRACE 8668 --- [    Test worker] o.h.type.descriptor.sql.BasicExtractor   : extracted value ([board_id2_2_] : [BIGINT]) - [1]
2023-08-14 13:34:04.105 TRACE 8668 --- [    Test worker] o.h.type.descriptor.sql.BasicExtractor   : extracted value ([post_con3_2_] : [VARCHAR]) - [blN6GzbFeI]
2023-08-14 13:34:04.105 TRACE 8668 --- [    Test worker] o.h.type.descriptor.sql.BasicExtractor   : extracted value ([post_cre4_2_] : [TIMESTAMP]) - [2023-08-14 11:35:13.583]
2023-08-14 13:34:04.105 TRACE 8668 --- [    Test worker] o.h.type.descriptor.sql.BasicExtractor   : extracted value ([post_sho5_2_] : [VARCHAR]) - [Y]
2023-08-14 13:34:04.105 TRACE 8668 --- [    Test worker] o.h.type.descriptor.sql.BasicExtractor   : extracted value ([post_tit6_2_] : [VARCHAR]) - [테스트 글 제목 127]
2023-08-14 13:34:04.105 TRACE 8668 --- [    Test worker] o.h.type.descriptor.sql.BasicExtractor   : extracted value ([post_upd7_2_] : [TIMESTAMP]) - [2023-08-14 11:35:13.583]
2023-08-14 13:34:04.105 TRACE 8668 --- [    Test worker] o.h.type.descriptor.sql.BasicExtractor   : extracted value ([post_vie8_2_] : [INTEGER]) - [0]
2023-08-14 13:34:04.105 TRACE 8668 --- [    Test worker] o.h.type.descriptor.sql.BasicExtractor   : extracted value ([post_wri9_2_] : [VARCHAR]) - [자바]
2023-08-14 13:34:04.105 TRACE 8668 --- [    Test worker] o.h.type.descriptor.sql.BasicExtractor   : extracted value ([post_id1_2_] : [BIGINT]) - [129]
2023-08-14 13:34:04.105 TRACE 8668 --- [    Test worker] o.h.type.descriptor.sql.BasicExtractor   : extracted value ([board_id2_2_] : [BIGINT]) - [1]
2023-08-14 13:34:04.105 TRACE 8668 --- [    Test worker] o.h.type.descriptor.sql.BasicExtractor   : extracted value ([post_con3_2_] : [VARCHAR]) - [q0jjp1mVxy]
2023-08-14 13:34:04.105 TRACE 8668 --- [    Test worker] o.h.type.descriptor.sql.BasicExtractor   : extracted value ([post_cre4_2_] : [TIMESTAMP]) - [2023-08-14 11:35:13.599]
2023-08-14 13:34:04.105 TRACE 8668 --- [    Test worker] o.h.type.descriptor.sql.BasicExtractor   : extracted value ([post_sho5_2_] : [VARCHAR]) - [Y]
2023-08-14 13:34:04.105 TRACE 8668 --- [    Test worker] o.h.type.descriptor.sql.BasicExtractor   : extracted value ([post_tit6_2_] : [VARCHAR]) - [테스트 글 제목 128]
2023-08-14 13:34:04.105 TRACE 8668 --- [    Test worker] o.h.type.descriptor.sql.BasicExtractor   : extracted value ([post_upd7_2_] : [TIMESTAMP]) - [2023-08-14 11:35:13.599]
2023-08-14 13:34:04.105 TRACE 8668 --- [    Test worker] o.h.type.descriptor.sql.BasicExtractor   : extracted value ([post_vie8_2_] : [INTEGER]) - [0]
2023-08-14 13:34:04.105 TRACE 8668 --- [    Test worker] o.h.type.descriptor.sql.BasicExtractor   : extracted value ([post_wri9_2_] : [VARCHAR]) - [자바]
2023-08-14 13:34:04.105 TRACE 8668 --- [    Test worker] o.h.type.descriptor.sql.BasicExtractor   : extracted value ([post_id1_2_] : [BIGINT]) - [130]
2023-08-14 13:34:04.105 TRACE 8668 --- [    Test worker] o.h.type.descriptor.sql.BasicExtractor   : extracted value ([board_id2_2_] : [BIGINT]) - [1]
2023-08-14 13:34:04.105 TRACE 8668 --- [    Test worker] o.h.type.descriptor.sql.BasicExtractor   : extracted value ([post_con3_2_] : [VARCHAR]) - [eGFubR3CzN]
2023-08-14 13:34:04.105 TRACE 8668 --- [    Test worker] o.h.type.descriptor.sql.BasicExtractor   : extracted value ([post_cre4_2_] : [TIMESTAMP]) - [2023-08-14 11:35:13.599]
2023-08-14 13:34:04.105 TRACE 8668 --- [    Test worker] o.h.type.descriptor.sql.BasicExtractor   : extracted value ([post_sho5_2_] : [VARCHAR]) - [Y]
2023-08-14 13:34:04.105 TRACE 8668 --- [    Test worker] o.h.type.descriptor.sql.BasicExtractor   : extracted value ([post_tit6_2_] : [VARCHAR]) - [테스트 글 제목 129]
2023-08-14 13:34:04.105 TRACE 8668 --- [    Test worker] o.h.type.descriptor.sql.BasicExtractor   : extracted value ([post_upd7_2_] : [TIMESTAMP]) - [2023-08-14 11:35:13.599]
2023-08-14 13:34:04.105 TRACE 8668 --- [    Test worker] o.h.type.descriptor.sql.BasicExtractor   : extracted value ([post_vie8_2_] : [INTEGER]) - [0]
2023-08-14 13:34:04.105 TRACE 8668 --- [    Test worker] o.h.type.descriptor.sql.BasicExtractor   : extracted value ([post_wri9_2_] : [VARCHAR]) - [자바]
2023-08-14 13:34:04.105 TRACE 8668 --- [    Test worker] o.h.type.descriptor.sql.BasicExtractor   : extracted value ([post_id1_2_] : [BIGINT]) - [131]
2023-08-14 13:34:04.105 TRACE 8668 --- [    Test worker] o.h.type.descriptor.sql.BasicExtractor   : extracted value ([board_id2_2_] : [BIGINT]) - [1]
2023-08-14 13:34:04.105 TRACE 8668 --- [    Test worker] o.h.type.descriptor.sql.BasicExtractor   : extracted value ([post_con3_2_] : [VARCHAR]) - [mnEfX0iQcm]
2023-08-14 13:34:04.105 TRACE 8668 --- [    Test worker] o.h.type.descriptor.sql.BasicExtractor   : extracted value ([post_cre4_2_] : [TIMESTAMP]) - [2023-08-14 11:35:13.599]
2023-08-14 13:34:04.105 TRACE 8668 --- [    Test worker] o.h.type.descriptor.sql.BasicExtractor   : extracted value ([post_sho5_2_] : [VARCHAR]) - [Y]
2023-08-14 13:34:04.105 TRACE 8668 --- [    Test worker] o.h.type.descriptor.sql.BasicExtractor   : extracted value ([post_tit6_2_] : [VARCHAR]) - [테스트 글 제목 130]
2023-08-14 13:34:04.105 TRACE 8668 --- [    Test worker] o.h.type.descriptor.sql.BasicExtractor   : extracted value ([post_upd7_2_] : [TIMESTAMP]) - [2023-08-14 11:35:13.599]
2023-08-14 13:34:04.105 TRACE 8668 --- [    Test worker] o.h.type.descriptor.sql.BasicExtractor   : extracted value ([post_vie8_2_] : [INTEGER]) - [0]
2023-08-14 13:34:04.105 TRACE 8668 --- [    Test worker] o.h.type.descriptor.sql.BasicExtractor   : extracted value ([post_wri9_2_] : [VARCHAR]) - [자바]
2023-08-14 13:34:04.105 TRACE 8668 --- [    Test worker] o.h.type.descriptor.sql.BasicExtractor   : extracted value ([post_id1_2_] : [BIGINT]) - [132]
2023-08-14 13:34:04.105 TRACE 8668 --- [    Test worker] o.h.type.descriptor.sql.BasicExtractor   : extracted value ([board_id2_2_] : [BIGINT]) - [1]
2023-08-14 13:34:04.105 TRACE 8668 --- [    Test worker] o.h.type.descriptor.sql.BasicExtractor   : extracted value ([post_con3_2_] : [VARCHAR]) - [rEfq4A82BG]
2023-08-14 13:34:04.105 TRACE 8668 --- [    Test worker] o.h.type.descriptor.sql.BasicExtractor   : extracted value ([post_cre4_2_] : [TIMESTAMP]) - [2023-08-14 11:35:13.599]
2023-08-14 13:34:04.105 TRACE 8668 --- [    Test worker] o.h.type.descriptor.sql.BasicExtractor   : extracted value ([post_sho5_2_] : [VARCHAR]) - [Y]
2023-08-14 13:34:04.105 TRACE 8668 --- [    Test worker] o.h.type.descriptor.sql.BasicExtractor   : extracted value ([post_tit6_2_] : [VARCHAR]) - [테스트 글 제목 131]
2023-08-14 13:34:04.121 TRACE 8668 --- [    Test worker] o.h.type.descriptor.sql.BasicExtractor   : extracted value ([post_upd7_2_] : [TIMESTAMP]) - [2023-08-14 11:35:13.599]
2023-08-14 13:34:04.121 TRACE 8668 --- [    Test worker] o.h.type.descriptor.sql.BasicExtractor   : extracted value ([post_vie8_2_] : [INTEGER]) - [0]
2023-08-14 13:34:04.121 TRACE 8668 --- [    Test worker] o.h.type.descriptor.sql.BasicExtractor   : extracted value ([post_wri9_2_] : [VARCHAR]) - [자바]
2023-08-14 13:34:04.121 TRACE 8668 --- [    Test worker] o.h.type.descriptor.sql.BasicExtractor   : extracted value ([post_id1_2_] : [BIGINT]) - [133]
2023-08-14 13:34:04.121 TRACE 8668 --- [    Test worker] o.h.type.descriptor.sql.BasicExtractor   : extracted value ([board_id2_2_] : [BIGINT]) - [1]
2023-08-14 13:34:04.121 TRACE 8668 --- [    Test worker] o.h.type.descriptor.sql.BasicExtractor   : extracted value ([post_con3_2_] : [VARCHAR]) - [1vvt1PsTMx]
2023-08-14 13:34:04.121 TRACE 8668 --- [    Test worker] o.h.type.descriptor.sql.BasicExtractor   : extracted value ([post_cre4_2_] : [TIMESTAMP]) - [2023-08-14 11:35:13.599]
2023-08-14 13:34:04.121 TRACE 8668 --- [    Test worker] o.h.type.descriptor.sql.BasicExtractor   : extracted value ([post_sho5_2_] : [VARCHAR]) - [Y]
2023-08-14 13:34:04.121 TRACE 8668 --- [    Test worker] o.h.type.descriptor.sql.BasicExtractor   : extracted value ([post_tit6_2_] : [VARCHAR]) - [테스트 글 제목 132]
2023-08-14 13:34:04.121 TRACE 8668 --- [    Test worker] o.h.type.descriptor.sql.BasicExtractor   : extracted value ([post_upd7_2_] : [TIMESTAMP]) - [2023-08-14 11:35:13.599]
2023-08-14 13:34:04.121 TRACE 8668 --- [    Test worker] o.h.type.descriptor.sql.BasicExtractor   : extracted value ([post_vie8_2_] : [INTEGER]) - [0]
2023-08-14 13:34:04.121 TRACE 8668 --- [    Test worker] o.h.type.descriptor.sql.BasicExtractor   : extracted value ([post_wri9_2_] : [VARCHAR]) - [자바]
2023-08-14 13:34:04.121 TRACE 8668 --- [    Test worker] o.h.type.descriptor.sql.BasicExtractor   : extracted value ([post_id1_2_] : [BIGINT]) - [134]
2023-08-14 13:34:04.121 TRACE 8668 --- [    Test worker] o.h.type.descriptor.sql.BasicExtractor   : extracted value ([board_id2_2_] : [BIGINT]) - [1]
2023-08-14 13:34:04.121 TRACE 8668 --- [    Test worker] o.h.type.descriptor.sql.BasicExtractor   : extracted value ([post_con3_2_] : [VARCHAR]) - [Q4vOe3VUpz]
2023-08-14 13:34:04.121 TRACE 8668 --- [    Test worker] o.h.type.descriptor.sql.BasicExtractor   : extracted value ([post_cre4_2_] : [TIMESTAMP]) - [2023-08-14 11:35:13.599]
2023-08-14 13:34:04.121 TRACE 8668 --- [    Test worker] o.h.type.descriptor.sql.BasicExtractor   : extracted value ([post_sho5_2_] : [VARCHAR]) - [Y]
2023-08-14 13:34:04.121 TRACE 8668 --- [    Test worker] o.h.type.descriptor.sql.BasicExtractor   : extracted value ([post_tit6_2_] : [VARCHAR]) - [테스트 글 제목 133]
2023-08-14 13:34:04.121 TRACE 8668 --- [    Test worker] o.h.type.descriptor.sql.BasicExtractor   : extracted value ([post_upd7_2_] : [TIMESTAMP]) - [2023-08-14 11:35:13.599]
2023-08-14 13:34:04.121 TRACE 8668 --- [    Test worker] o.h.type.descriptor.sql.BasicExtractor   : extracted value ([post_vie8_2_] : [INTEGER]) - [0]
2023-08-14 13:34:04.121 TRACE 8668 --- [    Test worker] o.h.type.descriptor.sql.BasicExtractor   : extracted value ([post_wri9_2_] : [VARCHAR]) - [자바]
2023-08-14 13:34:04.121 TRACE 8668 --- [    Test worker] o.h.type.descriptor.sql.BasicExtractor   : extracted value ([post_id1_2_] : [BIGINT]) - [135]
2023-08-14 13:34:04.121 TRACE 8668 --- [    Test worker] o.h.type.descriptor.sql.BasicExtractor   : extracted value ([board_id2_2_] : [BIGINT]) - [1]
2023-08-14 13:34:04.121 TRACE 8668 --- [    Test worker] o.h.type.descriptor.sql.BasicExtractor   : extracted value ([post_con3_2_] : [VARCHAR]) - [WsDPAcSBhv]
2023-08-14 13:34:04.121 TRACE 8668 --- [    Test worker] o.h.type.descriptor.sql.BasicExtractor   : extracted value ([post_cre4_2_] : [TIMESTAMP]) - [2023-08-14 11:35:13.599]
2023-08-14 13:34:04.121 TRACE 8668 --- [    Test worker] o.h.type.descriptor.sql.BasicExtractor   : extracted value ([post_sho5_2_] : [VARCHAR]) - [Y]
2023-08-14 13:34:04.121 TRACE 8668 --- [    Test worker] o.h.type.descriptor.sql.BasicExtractor   : extracted value ([post_tit6_2_] : [VARCHAR]) - [테스트 글 제목 134]
2023-08-14 13:34:04.121 TRACE 8668 --- [    Test worker] o.h.type.descriptor.sql.BasicExtractor   : extracted value ([post_upd7_2_] : [TIMESTAMP]) - [2023-08-14 11:35:13.599]
2023-08-14 13:34:04.121 TRACE 8668 --- [    Test worker] o.h.type.descriptor.sql.BasicExtractor   : extracted value ([post_vie8_2_] : [INTEGER]) - [0]
2023-08-14 13:34:04.121 TRACE 8668 --- [    Test worker] o.h.type.descriptor.sql.BasicExtractor   : extracted value ([post_wri9_2_] : [VARCHAR]) - [자바]
2023-08-14 13:34:04.121 TRACE 8668 --- [    Test worker] o.h.type.descriptor.sql.BasicExtractor   : extracted value ([post_id1_2_] : [BIGINT]) - [136]
2023-08-14 13:34:04.121 TRACE 8668 --- [    Test worker] o.h.type.descriptor.sql.BasicExtractor   : extracted value ([board_id2_2_] : [BIGINT]) - [1]
2023-08-14 13:34:04.121 TRACE 8668 --- [    Test worker] o.h.type.descriptor.sql.BasicExtractor   : extracted value ([post_con3_2_] : [VARCHAR]) - [yKO6AVH9h9]
2023-08-14 13:34:04.121 TRACE 8668 --- [    Test worker] o.h.type.descriptor.sql.BasicExtractor   : extracted value ([post_cre4_2_] : [TIMESTAMP]) - [2023-08-14 11:35:13.599]
2023-08-14 13:34:04.121 TRACE 8668 --- [    Test worker] o.h.type.descriptor.sql.BasicExtractor   : extracted value ([post_sho5_2_] : [VARCHAR]) - [Y]
2023-08-14 13:34:04.121 TRACE 8668 --- [    Test worker] o.h.type.descriptor.sql.BasicExtractor   : extracted value ([post_tit6_2_] : [VARCHAR]) - [테스트 글 제목 135]
2023-08-14 13:34:04.121 TRACE 8668 --- [    Test worker] o.h.type.descriptor.sql.BasicExtractor   : extracted value ([post_upd7_2_] : [TIMESTAMP]) - [2023-08-14 11:35:13.599]
2023-08-14 13:34:04.121 TRACE 8668 --- [    Test worker] o.h.type.descriptor.sql.BasicExtractor   : extracted value ([post_vie8_2_] : [INTEGER]) - [0]
2023-08-14 13:34:04.121 TRACE 8668 --- [    Test worker] o.h.type.descriptor.sql.BasicExtractor   : extracted value ([post_wri9_2_] : [VARCHAR]) - [자바]
2023-08-14 13:34:04.121 TRACE 8668 --- [    Test worker] o.h.type.descriptor.sql.BasicExtractor   : extracted value ([post_id1_2_] : [BIGINT]) - [137]
2023-08-14 13:34:04.121 TRACE 8668 --- [    Test worker] o.h.type.descriptor.sql.BasicExtractor   : extracted value ([board_id2_2_] : [BIGINT]) - [1]
2023-08-14 13:34:04.121 TRACE 8668 --- [    Test worker] o.h.type.descriptor.sql.BasicExtractor   : extracted value ([post_con3_2_] : [VARCHAR]) - [hqfeojk2e5]
2023-08-14 13:34:04.121 TRACE 8668 --- [    Test worker] o.h.type.descriptor.sql.BasicExtractor   : extracted value ([post_cre4_2_] : [TIMESTAMP]) - [2023-08-14 11:35:13.599]
2023-08-14 13:34:04.121 TRACE 8668 --- [    Test worker] o.h.type.descriptor.sql.BasicExtractor   : extracted value ([post_sho5_2_] : [VARCHAR]) - [Y]
2023-08-14 13:34:04.121 TRACE 8668 --- [    Test worker] o.h.type.descriptor.sql.BasicExtractor   : extracted value ([post_tit6_2_] : [VARCHAR]) - [테스트 글 제목 136]
2023-08-14 13:34:04.121 TRACE 8668 --- [    Test worker] o.h.type.descriptor.sql.BasicExtractor   : extracted value ([post_upd7_2_] : [TIMESTAMP]) - [2023-08-14 11:35:13.599]
2023-08-14 13:34:04.121 TRACE 8668 --- [    Test worker] o.h.type.descriptor.sql.BasicExtractor   : extracted value ([post_vie8_2_] : [INTEGER]) - [0]
2023-08-14 13:34:04.121 TRACE 8668 --- [    Test worker] o.h.type.descriptor.sql.BasicExtractor   : extracted value ([post_wri9_2_] : [VARCHAR]) - [자바]
2023-08-14 13:34:04.121 TRACE 8668 --- [    Test worker] o.h.type.descriptor.sql.BasicExtractor   : extracted value ([post_id1_2_] : [BIGINT]) - [138]
2023-08-14 13:34:04.121 TRACE 8668 --- [    Test worker] o.h.type.descriptor.sql.BasicExtractor   : extracted value ([board_id2_2_] : [BIGINT]) - [1]
2023-08-14 13:34:04.121 TRACE 8668 --- [    Test worker] o.h.type.descriptor.sql.BasicExtractor   : extracted value ([post_con3_2_] : [VARCHAR]) - [pvCcofuIRR]
2023-08-14 13:34:04.121 TRACE 8668 --- [    Test worker] o.h.type.descriptor.sql.BasicExtractor   : extracted value ([post_cre4_2_] : [TIMESTAMP]) - [2023-08-14 11:35:13.599]
2023-08-14 13:34:04.121 TRACE 8668 --- [    Test worker] o.h.type.descriptor.sql.BasicExtractor   : extracted value ([post_sho5_2_] : [VARCHAR]) - [Y]
2023-08-14 13:34:04.121 TRACE 8668 --- [    Test worker] o.h.type.descriptor.sql.BasicExtractor   : extracted value ([post_tit6_2_] : [VARCHAR]) - [테스트 글 제목 137]
2023-08-14 13:34:04.121 TRACE 8668 --- [    Test worker] o.h.type.descriptor.sql.BasicExtractor   : extracted value ([post_upd7_2_] : [TIMESTAMP]) - [2023-08-14 11:35:13.599]
2023-08-14 13:34:04.121 TRACE 8668 --- [    Test worker] o.h.type.descriptor.sql.BasicExtractor   : extracted value ([post_vie8_2_] : [INTEGER]) - [0]
2023-08-14 13:34:04.121 TRACE 8668 --- [    Test worker] o.h.type.descriptor.sql.BasicExtractor   : extracted value ([post_wri9_2_] : [VARCHAR]) - [자바]
2023-08-14 13:34:04.121 TRACE 8668 --- [    Test worker] o.h.type.descriptor.sql.BasicExtractor   : extracted value ([post_id1_2_] : [BIGINT]) - [139]
2023-08-14 13:34:04.121 TRACE 8668 --- [    Test worker] o.h.type.descriptor.sql.BasicExtractor   : extracted value ([board_id2_2_] : [BIGINT]) - [1]
2023-08-14 13:34:04.121 TRACE 8668 --- [    Test worker] o.h.type.descriptor.sql.BasicExtractor   : extracted value ([post_con3_2_] : [VARCHAR]) - [nKqcwkfHbb]
2023-08-14 13:34:04.121 TRACE 8668 --- [    Test worker] o.h.type.descriptor.sql.BasicExtractor   : extracted value ([post_cre4_2_] : [TIMESTAMP]) - [2023-08-14 11:35:13.599]
2023-08-14 13:34:04.121 TRACE 8668 --- [    Test worker] o.h.type.descriptor.sql.BasicExtractor   : extracted value ([post_sho5_2_] : [VARCHAR]) - [Y]
2023-08-14 13:34:04.121 TRACE 8668 --- [    Test worker] o.h.type.descriptor.sql.BasicExtractor   : extracted value ([post_tit6_2_] : [VARCHAR]) - [테스트 글 제목 138]
2023-08-14 13:34:04.121 TRACE 8668 --- [    Test worker] o.h.type.descriptor.sql.BasicExtractor   : extracted value ([post_upd7_2_] : [TIMESTAMP]) - [2023-08-14 11:35:13.599]
2023-08-14 13:34:04.121 TRACE 8668 --- [    Test worker] o.h.type.descriptor.sql.BasicExtractor   : extracted value ([post_vie8_2_] : [INTEGER]) - [0]
2023-08-14 13:34:04.121 TRACE 8668 --- [    Test worker] o.h.type.descriptor.sql.BasicExtractor   : extracted value ([post_wri9_2_] : [VARCHAR]) - [자바]
2023-08-14 13:34:04.121 TRACE 8668 --- [    Test worker] o.h.type.descriptor.sql.BasicExtractor   : extracted value ([post_id1_2_] : [BIGINT]) - [140]
2023-08-14 13:34:04.121 TRACE 8668 --- [    Test worker] o.h.type.descriptor.sql.BasicExtractor   : extracted value ([board_id2_2_] : [BIGINT]) - [1]
2023-08-14 13:34:04.121 TRACE 8668 --- [    Test worker] o.h.type.descriptor.sql.BasicExtractor   : extracted value ([post_con3_2_] : [VARCHAR]) - [Y7ESf13ZGa]
2023-08-14 13:34:04.121 TRACE 8668 --- [    Test worker] o.h.type.descriptor.sql.BasicExtractor   : extracted value ([post_cre4_2_] : [TIMESTAMP]) - [2023-08-14 11:35:13.599]
2023-08-14 13:34:04.121 TRACE 8668 --- [    Test worker] o.h.type.descriptor.sql.BasicExtractor   : extracted value ([post_sho5_2_] : [VARCHAR]) - [Y]
2023-08-14 13:34:04.121 TRACE 8668 --- [    Test worker] o.h.type.descriptor.sql.BasicExtractor   : extracted value ([post_tit6_2_] : [VARCHAR]) - [테스트 글 제목 139]
2023-08-14 13:34:04.121 TRACE 8668 --- [    Test worker] o.h.type.descriptor.sql.BasicExtractor   : extracted value ([post_upd7_2_] : [TIMESTAMP]) - [2023-08-14 11:35:13.599]
2023-08-14 13:34:04.121 TRACE 8668 --- [    Test worker] o.h.type.descriptor.sql.BasicExtractor   : extracted value ([post_vie8_2_] : [INTEGER]) - [0]
2023-08-14 13:34:04.121 TRACE 8668 --- [    Test worker] o.h.type.descriptor.sql.BasicExtractor   : extracted value ([post_wri9_2_] : [VARCHAR]) - [자바]
2023-08-14 13:34:04.121 TRACE 8668 --- [    Test worker] o.h.type.descriptor.sql.BasicExtractor   : extracted value ([post_id1_2_] : [BIGINT]) - [141]
2023-08-14 13:34:04.121 TRACE 8668 --- [    Test worker] o.h.type.descriptor.sql.BasicExtractor   : extracted value ([board_id2_2_] : [BIGINT]) - [1]
2023-08-14 13:34:04.121 TRACE 8668 --- [    Test worker] o.h.type.descriptor.sql.BasicExtractor   : extracted value ([post_con3_2_] : [VARCHAR]) - [CLPd0UvAM7]
2023-08-14 13:34:04.121 TRACE 8668 --- [    Test worker] o.h.type.descriptor.sql.BasicExtractor   : extracted value ([post_cre4_2_] : [TIMESTAMP]) - [2023-08-14 11:35:13.599]
2023-08-14 13:34:04.121 TRACE 8668 --- [    Test worker] o.h.type.descriptor.sql.BasicExtractor   : extracted value ([post_sho5_2_] : [VARCHAR]) - [Y]
2023-08-14 13:34:04.121 TRACE 8668 --- [    Test worker] o.h.type.descriptor.sql.BasicExtractor   : extracted value ([post_tit6_2_] : [VARCHAR]) - [테스트 글 제목 140]
2023-08-14 13:34:04.121 TRACE 8668 --- [    Test worker] o.h.type.descriptor.sql.BasicExtractor   : extracted value ([post_upd7_2_] : [TIMESTAMP]) - [2023-08-14 11:35:13.599]
2023-08-14 13:34:04.121 TRACE 8668 --- [    Test worker] o.h.type.descriptor.sql.BasicExtractor   : extracted value ([post_vie8_2_] : [INTEGER]) - [0]
2023-08-14 13:34:04.121 TRACE 8668 --- [    Test worker] o.h.type.descriptor.sql.BasicExtractor   : extracted value ([post_wri9_2_] : [VARCHAR]) - [자바]
2023-08-14 13:34:04.121 TRACE 8668 --- [    Test worker] o.h.type.descriptor.sql.BasicExtractor   : extracted value ([post_id1_2_] : [BIGINT]) - [142]
2023-08-14 13:34:04.121 TRACE 8668 --- [    Test worker] o.h.type.descriptor.sql.BasicExtractor   : extracted value ([board_id2_2_] : [BIGINT]) - [1]
2023-08-14 13:34:04.121 TRACE 8668 --- [    Test worker] o.h.type.descriptor.sql.BasicExtractor   : extracted value ([post_con3_2_] : [VARCHAR]) - [kcqDWCifsE]
2023-08-14 13:34:04.121 TRACE 8668 --- [    Test worker] o.h.type.descriptor.sql.BasicExtractor   : extracted value ([post_cre4_2_] : [TIMESTAMP]) - [2023-08-14 11:35:13.614]
2023-08-14 13:34:04.121 TRACE 8668 --- [    Test worker] o.h.type.descriptor.sql.BasicExtractor   : extracted value ([post_sho5_2_] : [VARCHAR]) - [Y]
2023-08-14 13:34:04.121 TRACE 8668 --- [    Test worker] o.h.type.descriptor.sql.BasicExtractor   : extracted value ([post_tit6_2_] : [VARCHAR]) - [테스트 글 제목 141]
2023-08-14 13:34:04.121 TRACE 8668 --- [    Test worker] o.h.type.descriptor.sql.BasicExtractor   : extracted value ([post_upd7_2_] : [TIMESTAMP]) - [2023-08-14 11:35:13.614]
2023-08-14 13:34:04.121 TRACE 8668 --- [    Test worker] o.h.type.descriptor.sql.BasicExtractor   : extracted value ([post_vie8_2_] : [INTEGER]) - [0]
2023-08-14 13:34:04.121 TRACE 8668 --- [    Test worker] o.h.type.descriptor.sql.BasicExtractor   : extracted value ([post_wri9_2_] : [VARCHAR]) - [자바]
2023-08-14 13:34:04.121 TRACE 8668 --- [    Test worker] o.h.type.descriptor.sql.BasicExtractor   : extracted value ([post_id1_2_] : [BIGINT]) - [143]
2023-08-14 13:34:04.121 TRACE 8668 --- [    Test worker] o.h.type.descriptor.sql.BasicExtractor   : extracted value ([board_id2_2_] : [BIGINT]) - [1]
2023-08-14 13:34:04.121 TRACE 8668 --- [    Test worker] o.h.type.descriptor.sql.BasicExtractor   : extracted value ([post_con3_2_] : [VARCHAR]) - [r3UrXxnmJ2]
2023-08-14 13:34:04.121 TRACE 8668 --- [    Test worker] o.h.type.descriptor.sql.BasicExtractor   : extracted value ([post_cre4_2_] : [TIMESTAMP]) - [2023-08-14 11:35:13.614]
2023-08-14 13:34:04.121 TRACE 8668 --- [    Test worker] o.h.type.descriptor.sql.BasicExtractor   : extracted value ([post_sho5_2_] : [VARCHAR]) - [Y]
2023-08-14 13:34:04.121 TRACE 8668 --- [    Test worker] o.h.type.descriptor.sql.BasicExtractor   : extracted value ([post_tit6_2_] : [VARCHAR]) - [테스트 글 제목 142]
2023-08-14 13:34:04.121 TRACE 8668 --- [    Test worker] o.h.type.descriptor.sql.BasicExtractor   : extracted value ([post_upd7_2_] : [TIMESTAMP]) - [2023-08-14 11:35:13.614]
2023-08-14 13:34:04.121 TRACE 8668 --- [    Test worker] o.h.type.descriptor.sql.BasicExtractor   : extracted value ([post_vie8_2_] : [INTEGER]) - [0]
2023-08-14 13:34:04.121 TRACE 8668 --- [    Test worker] o.h.type.descriptor.sql.BasicExtractor   : extracted value ([post_wri9_2_] : [VARCHAR]) - [자바]
2023-08-14 13:34:04.121 TRACE 8668 --- [    Test worker] o.h.type.descriptor.sql.BasicExtractor   : extracted value ([post_id1_2_] : [BIGINT]) - [144]
2023-08-14 13:34:04.121 TRACE 8668 --- [    Test worker] o.h.type.descriptor.sql.BasicExtractor   : extracted value ([board_id2_2_] : [BIGINT]) - [1]
2023-08-14 13:34:04.121 TRACE 8668 --- [    Test worker] o.h.type.descriptor.sql.BasicExtractor   : extracted value ([post_con3_2_] : [VARCHAR]) - [NvSrwOrIW7]
2023-08-14 13:34:04.121 TRACE 8668 --- [    Test worker] o.h.type.descriptor.sql.BasicExtractor   : extracted value ([post_cre4_2_] : [TIMESTAMP]) - [2023-08-14 11:35:13.614]
2023-08-14 13:34:04.121 TRACE 8668 --- [    Test worker] o.h.type.descriptor.sql.BasicExtractor   : extracted value ([post_sho5_2_] : [VARCHAR]) - [Y]
2023-08-14 13:34:04.121 TRACE 8668 --- [    Test worker] o.h.type.descriptor.sql.BasicExtractor   : extracted value ([post_tit6_2_] : [VARCHAR]) - [테스트 글 제목 143]
2023-08-14 13:34:04.121 TRACE 8668 --- [    Test worker] o.h.type.descriptor.sql.BasicExtractor   : extracted value ([post_upd7_2_] : [TIMESTAMP]) - [2023-08-14 11:35:13.614]
2023-08-14 13:34:04.121 TRACE 8668 --- [    Test worker] o.h.type.descriptor.sql.BasicExtractor   : extracted value ([post_vie8_2_] : [INTEGER]) - [0]
2023-08-14 13:34:04.121 TRACE 8668 --- [    Test worker] o.h.type.descriptor.sql.BasicExtractor   : extracted value ([post_wri9_2_] : [VARCHAR]) - [자바]
2023-08-14 13:34:04.121 TRACE 8668 --- [    Test worker] o.h.type.descriptor.sql.BasicExtractor   : extracted value ([post_id1_2_] : [BIGINT]) - [145]
2023-08-14 13:34:04.121 TRACE 8668 --- [    Test worker] o.h.type.descriptor.sql.BasicExtractor   : extracted value ([board_id2_2_] : [BIGINT]) - [1]
2023-08-14 13:34:04.121 TRACE 8668 --- [    Test worker] o.h.type.descriptor.sql.BasicExtractor   : extracted value ([post_con3_2_] : [VARCHAR]) - [JAlPSREs7i]
2023-08-14 13:34:04.121 TRACE 8668 --- [    Test worker] o.h.type.descriptor.sql.BasicExtractor   : extracted value ([post_cre4_2_] : [TIMESTAMP]) - [2023-08-14 11:35:13.614]
2023-08-14 13:34:04.121 TRACE 8668 --- [    Test worker] o.h.type.descriptor.sql.BasicExtractor   : extracted value ([post_sho5_2_] : [VARCHAR]) - [Y]
2023-08-14 13:34:04.121 TRACE 8668 --- [    Test worker] o.h.type.descriptor.sql.BasicExtractor   : extracted value ([post_tit6_2_] : [VARCHAR]) - [테스트 글 제목 144]
2023-08-14 13:34:04.121 TRACE 8668 --- [    Test worker] o.h.type.descriptor.sql.BasicExtractor   : extracted value ([post_upd7_2_] : [TIMESTAMP]) - [2023-08-14 11:35:13.614]
2023-08-14 13:34:04.121 TRACE 8668 --- [    Test worker] o.h.type.descriptor.sql.BasicExtractor   : extracted value ([post_vie8_2_] : [INTEGER]) - [0]
2023-08-14 13:34:04.121 TRACE 8668 --- [    Test worker] o.h.type.descriptor.sql.BasicExtractor   : extracted value ([post_wri9_2_] : [VARCHAR]) - [자바]
2023-08-14 13:34:04.121 TRACE 8668 --- [    Test worker] o.h.type.descriptor.sql.BasicExtractor   : extracted value ([post_id1_2_] : [BIGINT]) - [146]
2023-08-14 13:34:04.121 TRACE 8668 --- [    Test worker] o.h.type.descriptor.sql.BasicExtractor   : extracted value ([board_id2_2_] : [BIGINT]) - [1]
2023-08-14 13:34:04.121 TRACE 8668 --- [    Test worker] o.h.type.descriptor.sql.BasicExtractor   : extracted value ([post_con3_2_] : [VARCHAR]) - [6RRDg2SgMh]
2023-08-14 13:34:04.121 TRACE 8668 --- [    Test worker] o.h.type.descriptor.sql.BasicExtractor   : extracted value ([post_cre4_2_] : [TIMESTAMP]) - [2023-08-14 11:35:13.614]
2023-08-14 13:34:04.121 TRACE 8668 --- [    Test worker] o.h.type.descriptor.sql.BasicExtractor   : extracted value ([post_sho5_2_] : [VARCHAR]) - [Y]
2023-08-14 13:34:04.121 TRACE 8668 --- [    Test worker] o.h.type.descriptor.sql.BasicExtractor   : extracted value ([post_tit6_2_] : [VARCHAR]) - [테스트 글 제목 145]
2023-08-14 13:34:04.121 TRACE 8668 --- [    Test worker] o.h.type.descriptor.sql.BasicExtractor   : extracted value ([post_upd7_2_] : [TIMESTAMP]) - [2023-08-14 11:35:13.614]
2023-08-14 13:34:04.121 TRACE 8668 --- [    Test worker] o.h.type.descriptor.sql.BasicExtractor   : extracted value ([post_vie8_2_] : [INTEGER]) - [0]
2023-08-14 13:34:04.121 TRACE 8668 --- [    Test worker] o.h.type.descriptor.sql.BasicExtractor   : extracted value ([post_wri9_2_] : [VARCHAR]) - [자바]
2023-08-14 13:34:04.121 TRACE 8668 --- [    Test worker] o.h.type.descriptor.sql.BasicExtractor   : extracted value ([post_id1_2_] : [BIGINT]) - [147]
2023-08-14 13:34:04.121 TRACE 8668 --- [    Test worker] o.h.type.descriptor.sql.BasicExtractor   : extracted value ([board_id2_2_] : [BIGINT]) - [1]
2023-08-14 13:34:04.121 TRACE 8668 --- [    Test worker] o.h.type.descriptor.sql.BasicExtractor   : extracted value ([post_con3_2_] : [VARCHAR]) - [QgfEFqUA76]
2023-08-14 13:34:04.121 TRACE 8668 --- [    Test worker] o.h.type.descriptor.sql.BasicExtractor   : extracted value ([post_cre4_2_] : [TIMESTAMP]) - [2023-08-14 11:35:13.614]
2023-08-14 13:34:04.121 TRACE 8668 --- [    Test worker] o.h.type.descriptor.sql.BasicExtractor   : extracted value ([post_sho5_2_] : [VARCHAR]) - [Y]
2023-08-14 13:34:04.121 TRACE 8668 --- [    Test worker] o.h.type.descriptor.sql.BasicExtractor   : extracted value ([post_tit6_2_] : [VARCHAR]) - [테스트 글 제목 146]
2023-08-14 13:34:04.121 TRACE 8668 --- [    Test worker] o.h.type.descriptor.sql.BasicExtractor   : extracted value ([post_upd7_2_] : [TIMESTAMP]) - [2023-08-14 11:35:13.614]
2023-08-14 13:34:04.121 TRACE 8668 --- [    Test worker] o.h.type.descriptor.sql.BasicExtractor   : extracted value ([post_vie8_2_] : [INTEGER]) - [0]
2023-08-14 13:34:04.121 TRACE 8668 --- [    Test worker] o.h.type.descriptor.sql.BasicExtractor   : extracted value ([post_wri9_2_] : [VARCHAR]) - [자바]
2023-08-14 13:34:04.121 TRACE 8668 --- [    Test worker] o.h.type.descriptor.sql.BasicExtractor   : extracted value ([post_id1_2_] : [BIGINT]) - [148]
2023-08-14 13:34:04.121 TRACE 8668 --- [    Test worker] o.h.type.descriptor.sql.BasicExtractor   : extracted value ([board_id2_2_] : [BIGINT]) - [1]
2023-08-14 13:34:04.121 TRACE 8668 --- [    Test worker] o.h.type.descriptor.sql.BasicExtractor   : extracted value ([post_con3_2_] : [VARCHAR]) - [bjD296DSGk]
2023-08-14 13:34:04.121 TRACE 8668 --- [    Test worker] o.h.type.descriptor.sql.BasicExtractor   : extracted value ([post_cre4_2_] : [TIMESTAMP]) - [2023-08-14 11:35:13.614]
2023-08-14 13:34:04.121 TRACE 8668 --- [    Test worker] o.h.type.descriptor.sql.BasicExtractor   : extracted value ([post_sho5_2_] : [VARCHAR]) - [Y]
2023-08-14 13:34:04.121 TRACE 8668 --- [    Test worker] o.h.type.descriptor.sql.BasicExtractor   : extracted value ([post_tit6_2_] : [VARCHAR]) - [테스트 글 제목 147]
2023-08-14 13:34:04.121 TRACE 8668 --- [    Test worker] o.h.type.descriptor.sql.BasicExtractor   : extracted value ([post_upd7_2_] : [TIMESTAMP]) - [2023-08-14 11:35:13.614]
2023-08-14 13:34:04.121 TRACE 8668 --- [    Test worker] o.h.type.descriptor.sql.BasicExtractor   : extracted value ([post_vie8_2_] : [INTEGER]) - [0]
2023-08-14 13:34:04.121 TRACE 8668 --- [    Test worker] o.h.type.descriptor.sql.BasicExtractor   : extracted value ([post_wri9_2_] : [VARCHAR]) - [자바]
2023-08-14 13:34:04.121 TRACE 8668 --- [    Test worker] o.h.type.descriptor.sql.BasicExtractor   : extracted value ([post_id1_2_] : [BIGINT]) - [149]
2023-08-14 13:34:04.121 TRACE 8668 --- [    Test worker] o.h.type.descriptor.sql.BasicExtractor   : extracted value ([board_id2_2_] : [BIGINT]) - [1]
2023-08-14 13:34:04.121 TRACE 8668 --- [    Test worker] o.h.type.descriptor.sql.BasicExtractor   : extracted value ([post_con3_2_] : [VARCHAR]) - [ia3Ko44WaV]
2023-08-14 13:34:04.121 TRACE 8668 --- [    Test worker] o.h.type.descriptor.sql.BasicExtractor   : extracted value ([post_cre4_2_] : [TIMESTAMP]) - [2023-08-14 11:35:13.614]
2023-08-14 13:34:04.121 TRACE 8668 --- [    Test worker] o.h.type.descriptor.sql.BasicExtractor   : extracted value ([post_sho5_2_] : [VARCHAR]) - [Y]
2023-08-14 13:34:04.121 TRACE 8668 --- [    Test worker] o.h.type.descriptor.sql.BasicExtractor   : extracted value ([post_tit6_2_] : [VARCHAR]) - [테스트 글 제목 148]
2023-08-14 13:34:04.121 TRACE 8668 --- [    Test worker] o.h.type.descriptor.sql.BasicExtractor   : extracted value ([post_upd7_2_] : [TIMESTAMP]) - [2023-08-14 11:35:13.614]
2023-08-14 13:34:04.121 TRACE 8668 --- [    Test worker] o.h.type.descriptor.sql.BasicExtractor   : extracted value ([post_vie8_2_] : [INTEGER]) - [0]
2023-08-14 13:34:04.121 TRACE 8668 --- [    Test worker] o.h.type.descriptor.sql.BasicExtractor   : extracted value ([post_wri9_2_] : [VARCHAR]) - [자바]
2023-08-14 13:34:04.121 TRACE 8668 --- [    Test worker] o.h.type.descriptor.sql.BasicExtractor   : extracted value ([post_id1_2_] : [BIGINT]) - [150]
2023-08-14 13:34:04.121 TRACE 8668 --- [    Test worker] o.h.type.descriptor.sql.BasicExtractor   : extracted value ([board_id2_2_] : [BIGINT]) - [1]
2023-08-14 13:34:04.121 TRACE 8668 --- [    Test worker] o.h.type.descriptor.sql.BasicExtractor   : extracted value ([post_con3_2_] : [VARCHAR]) - [mrRSvBLDXn]
2023-08-14 13:34:04.121 TRACE 8668 --- [    Test worker] o.h.type.descriptor.sql.BasicExtractor   : extracted value ([post_cre4_2_] : [TIMESTAMP]) - [2023-08-14 11:35:13.614]
2023-08-14 13:34:04.121 TRACE 8668 --- [    Test worker] o.h.type.descriptor.sql.BasicExtractor   : extracted value ([post_sho5_2_] : [VARCHAR]) - [Y]
2023-08-14 13:34:04.121 TRACE 8668 --- [    Test worker] o.h.type.descriptor.sql.BasicExtractor   : extracted value ([post_tit6_2_] : [VARCHAR]) - [테스트 글 제목 149]
2023-08-14 13:34:04.121 TRACE 8668 --- [    Test worker] o.h.type.descriptor.sql.BasicExtractor   : extracted value ([post_upd7_2_] : [TIMESTAMP]) - [2023-08-14 11:35:13.614]
2023-08-14 13:34:04.121 TRACE 8668 --- [    Test worker] o.h.type.descriptor.sql.BasicExtractor   : extracted value ([post_vie8_2_] : [INTEGER]) - [0]
2023-08-14 13:34:04.121 TRACE 8668 --- [    Test worker] o.h.type.descriptor.sql.BasicExtractor   : extracted value ([post_wri9_2_] : [VARCHAR]) - [자바]
2023-08-14 13:34:04.121 TRACE 8668 --- [    Test worker] o.h.type.descriptor.sql.BasicExtractor   : extracted value ([post_id1_2_] : [BIGINT]) - [151]
2023-08-14 13:34:04.121 TRACE 8668 --- [    Test worker] o.h.type.descriptor.sql.BasicExtractor   : extracted value ([board_id2_2_] : [BIGINT]) - [1]
2023-08-14 13:34:04.121 TRACE 8668 --- [    Test worker] o.h.type.descriptor.sql.BasicExtractor   : extracted value ([post_con3_2_] : [VARCHAR]) - [GzhdzazFR5]
2023-08-14 13:34:04.121 TRACE 8668 --- [    Test worker] o.h.type.descriptor.sql.BasicExtractor   : extracted value ([post_cre4_2_] : [TIMESTAMP]) - [2023-08-14 11:35:13.614]
2023-08-14 13:34:04.121 TRACE 8668 --- [    Test worker] o.h.type.descriptor.sql.BasicExtractor   : extracted value ([post_sho5_2_] : [VARCHAR]) - [Y]
2023-08-14 13:34:04.121 TRACE 8668 --- [    Test worker] o.h.type.descriptor.sql.BasicExtractor   : extracted value ([post_tit6_2_] : [VARCHAR]) - [테스트 글 제목 150]
2023-08-14 13:34:04.121 TRACE 8668 --- [    Test worker] o.h.type.descriptor.sql.BasicExtractor   : extracted value ([post_upd7_2_] : [TIMESTAMP]) - [2023-08-14 11:35:13.614]
2023-08-14 13:34:04.121 TRACE 8668 --- [    Test worker] o.h.type.descriptor.sql.BasicExtractor   : extracted value ([post_vie8_2_] : [INTEGER]) - [0]
2023-08-14 13:34:04.121 TRACE 8668 --- [    Test worker] o.h.type.descriptor.sql.BasicExtractor   : extracted value ([post_wri9_2_] : [VARCHAR]) - [자바]
2023-08-14 13:34:04.121 TRACE 8668 --- [    Test worker] o.h.type.descriptor.sql.BasicExtractor   : extracted value ([post_id1_2_] : [BIGINT]) - [152]
2023-08-14 13:34:04.121 TRACE 8668 --- [    Test worker] o.h.type.descriptor.sql.BasicExtractor   : extracted value ([board_id2_2_] : [BIGINT]) - [1]
2023-08-14 13:34:04.121 TRACE 8668 --- [    Test worker] o.h.type.descriptor.sql.BasicExtractor   : extracted value ([post_con3_2_] : [VARCHAR]) - [VjpJBkXEhe]
2023-08-14 13:34:04.121 TRACE 8668 --- [    Test worker] o.h.type.descriptor.sql.BasicExtractor   : extracted value ([post_cre4_2_] : [TIMESTAMP]) - [2023-08-14 11:35:13.63]
2023-08-14 13:34:04.121 TRACE 8668 --- [    Test worker] o.h.type.descriptor.sql.BasicExtractor   : extracted value ([post_sho5_2_] : [VARCHAR]) - [Y]
2023-08-14 13:34:04.121 TRACE 8668 --- [    Test worker] o.h.type.descriptor.sql.BasicExtractor   : extracted value ([post_tit6_2_] : [VARCHAR]) - [테스트 글 제목 151]
2023-08-14 13:34:04.121 TRACE 8668 --- [    Test worker] o.h.type.descriptor.sql.BasicExtractor   : extracted value ([post_upd7_2_] : [TIMESTAMP]) - [2023-08-14 11:35:13.63]
2023-08-14 13:34:04.121 TRACE 8668 --- [    Test worker] o.h.type.descriptor.sql.BasicExtractor   : extracted value ([post_vie8_2_] : [INTEGER]) - [0]
2023-08-14 13:34:04.121 TRACE 8668 --- [    Test worker] o.h.type.descriptor.sql.BasicExtractor   : extracted value ([post_wri9_2_] : [VARCHAR]) - [자바]
2023-08-14 13:34:04.121 TRACE 8668 --- [    Test worker] o.h.type.descriptor.sql.BasicExtractor   : extracted value ([post_id1_2_] : [BIGINT]) - [153]
2023-08-14 13:34:04.121 TRACE 8668 --- [    Test worker] o.h.type.descriptor.sql.BasicExtractor   : extracted value ([board_id2_2_] : [BIGINT]) - [1]
2023-08-14 13:34:04.121 TRACE 8668 --- [    Test worker] o.h.type.descriptor.sql.BasicExtractor   : extracted value ([post_con3_2_] : [VARCHAR]) - [6W4tuWKPxo]
2023-08-14 13:34:04.121 TRACE 8668 --- [    Test worker] o.h.type.descriptor.sql.BasicExtractor   : extracted value ([post_cre4_2_] : [TIMESTAMP]) - [2023-08-14 11:35:13.63]
2023-08-14 13:34:04.121 TRACE 8668 --- [    Test worker] o.h.type.descriptor.sql.BasicExtractor   : extracted value ([post_sho5_2_] : [VARCHAR]) - [Y]
2023-08-14 13:34:04.121 TRACE 8668 --- [    Test worker] o.h.type.descriptor.sql.BasicExtractor   : extracted value ([post_tit6_2_] : [VARCHAR]) - [테스트 글 제목 152]
2023-08-14 13:34:04.121 TRACE 8668 --- [    Test worker] o.h.type.descriptor.sql.BasicExtractor   : extracted value ([post_upd7_2_] : [TIMESTAMP]) - [2023-08-14 11:35:13.63]
2023-08-14 13:34:04.121 TRACE 8668 --- [    Test worker] o.h.type.descriptor.sql.BasicExtractor   : extracted value ([post_vie8_2_] : [INTEGER]) - [0]
2023-08-14 13:34:04.121 TRACE 8668 --- [    Test worker] o.h.type.descriptor.sql.BasicExtractor   : extracted value ([post_wri9_2_] : [VARCHAR]) - [자바]
2023-08-14 13:34:04.121 TRACE 8668 --- [    Test worker] o.h.type.descriptor.sql.BasicExtractor   : extracted value ([post_id1_2_] : [BIGINT]) - [154]
2023-08-14 13:34:04.121 TRACE 8668 --- [    Test worker] o.h.type.descriptor.sql.BasicExtractor   : extracted value ([board_id2_2_] : [BIGINT]) - [1]
2023-08-14 13:34:04.121 TRACE 8668 --- [    Test worker] o.h.type.descriptor.sql.BasicExtractor   : extracted value ([post_con3_2_] : [VARCHAR]) - [3b0LYn13rI]
2023-08-14 13:34:04.121 TRACE 8668 --- [    Test worker] o.h.type.descriptor.sql.BasicExtractor   : extracted value ([post_cre4_2_] : [TIMESTAMP]) - [2023-08-14 11:35:13.63]
2023-08-14 13:34:04.121 TRACE 8668 --- [    Test worker] o.h.type.descriptor.sql.BasicExtractor   : extracted value ([post_sho5_2_] : [VARCHAR]) - [Y]
2023-08-14 13:34:04.121 TRACE 8668 --- [    Test worker] o.h.type.descriptor.sql.BasicExtractor   : extracted value ([post_tit6_2_] : [VARCHAR]) - [테스트 글 제목 153]
2023-08-14 13:34:04.121 TRACE 8668 --- [    Test worker] o.h.type.descriptor.sql.BasicExtractor   : extracted value ([post_upd7_2_] : [TIMESTAMP]) - [2023-08-14 11:35:13.63]
2023-08-14 13:34:04.121 TRACE 8668 --- [    Test worker] o.h.type.descriptor.sql.BasicExtractor   : extracted value ([post_vie8_2_] : [INTEGER]) - [0]
2023-08-14 13:34:04.121 TRACE 8668 --- [    Test worker] o.h.type.descriptor.sql.BasicExtractor   : extracted value ([post_wri9_2_] : [VARCHAR]) - [자바]
2023-08-14 13:34:04.121 TRACE 8668 --- [    Test worker] o.h.type.descriptor.sql.BasicExtractor   : extracted value ([post_id1_2_] : [BIGINT]) - [155]
2023-08-14 13:34:04.121 TRACE 8668 --- [    Test worker] o.h.type.descriptor.sql.BasicExtractor   : extracted value ([board_id2_2_] : [BIGINT]) - [1]
2023-08-14 13:34:04.121 TRACE 8668 --- [    Test worker] o.h.type.descriptor.sql.BasicExtractor   : extracted value ([post_con3_2_] : [VARCHAR]) - [PRjsg9QelI]
2023-08-14 13:34:04.121 TRACE 8668 --- [    Test worker] o.h.type.descriptor.sql.BasicExtractor   : extracted value ([post_cre4_2_] : [TIMESTAMP]) - [2023-08-14 11:35:13.63]
2023-08-14 13:34:04.121 TRACE 8668 --- [    Test worker] o.h.type.descriptor.sql.BasicExtractor   : extracted value ([post_sho5_2_] : [VARCHAR]) - [Y]
2023-08-14 13:34:04.121 TRACE 8668 --- [    Test worker] o.h.type.descriptor.sql.BasicExtractor   : extracted value ([post_tit6_2_] : [VARCHAR]) - [테스트 글 제목 154]
2023-08-14 13:34:04.121 TRACE 8668 --- [    Test worker] o.h.type.descriptor.sql.BasicExtractor   : extracted value ([post_upd7_2_] : [TIMESTAMP]) - [2023-08-14 11:35:13.63]
2023-08-14 13:34:04.121 TRACE 8668 --- [    Test worker] o.h.type.descriptor.sql.BasicExtractor   : extracted value ([post_vie8_2_] : [INTEGER]) - [0]
2023-08-14 13:34:04.121 TRACE 8668 --- [    Test worker] o.h.type.descriptor.sql.BasicExtractor   : extracted value ([post_wri9_2_] : [VARCHAR]) - [자바]
2023-08-14 13:34:04.121 TRACE 8668 --- [    Test worker] o.h.type.descriptor.sql.BasicExtractor   : extracted value ([post_id1_2_] : [BIGINT]) - [156]
2023-08-14 13:34:04.121 TRACE 8668 --- [    Test worker] o.h.type.descriptor.sql.BasicExtractor   : extracted value ([board_id2_2_] : [BIGINT]) - [1]
2023-08-14 13:34:04.121 TRACE 8668 --- [    Test worker] o.h.type.descriptor.sql.BasicExtractor   : extracted value ([post_con3_2_] : [VARCHAR]) - [jEprWGOLoT]
2023-08-14 13:34:04.121 TRACE 8668 --- [    Test worker] o.h.type.descriptor.sql.BasicExtractor   : extracted value ([post_cre4_2_] : [TIMESTAMP]) - [2023-08-14 11:35:13.63]
2023-08-14 13:34:04.121 TRACE 8668 --- [    Test worker] o.h.type.descriptor.sql.BasicExtractor   : extracted value ([post_sho5_2_] : [VARCHAR]) - [Y]
2023-08-14 13:34:04.121 TRACE 8668 --- [    Test worker] o.h.type.descriptor.sql.BasicExtractor   : extracted value ([post_tit6_2_] : [VARCHAR]) - [테스트 글 제목 155]
2023-08-14 13:34:04.121 TRACE 8668 --- [    Test worker] o.h.type.descriptor.sql.BasicExtractor   : extracted value ([post_upd7_2_] : [TIMESTAMP]) - [2023-08-14 11:35:13.63]
2023-08-14 13:34:04.121 TRACE 8668 --- [    Test worker] o.h.type.descriptor.sql.BasicExtractor   : extracted value ([post_vie8_2_] : [INTEGER]) - [0]
2023-08-14 13:34:04.121 TRACE 8668 --- [    Test worker] o.h.type.descriptor.sql.BasicExtractor   : extracted value ([post_wri9_2_] : [VARCHAR]) - [자바]
2023-08-14 13:34:04.121 TRACE 8668 --- [    Test worker] o.h.type.descriptor.sql.BasicExtractor   : extracted value ([post_id1_2_] : [BIGINT]) - [157]
2023-08-14 13:34:04.121 TRACE 8668 --- [    Test worker] o.h.type.descriptor.sql.BasicExtractor   : extracted value ([board_id2_2_] : [BIGINT]) - [1]
2023-08-14 13:34:04.121 TRACE 8668 --- [    Test worker] o.h.type.descriptor.sql.BasicExtractor   : extracted value ([post_con3_2_] : [VARCHAR]) - [4FO6Xwm68k]
2023-08-14 13:34:04.121 TRACE 8668 --- [    Test worker] o.h.type.descriptor.sql.BasicExtractor   : extracted value ([post_cre4_2_] : [TIMESTAMP]) - [2023-08-14 11:35:13.63]
2023-08-14 13:34:04.121 TRACE 8668 --- [    Test worker] o.h.type.descriptor.sql.BasicExtractor   : extracted value ([post_sho5_2_] : [VARCHAR]) - [Y]
2023-08-14 13:34:04.121 TRACE 8668 --- [    Test worker] o.h.type.descriptor.sql.BasicExtractor   : extracted value ([post_tit6_2_] : [VARCHAR]) - [테스트 글 제목 156]
2023-08-14 13:34:04.121 TRACE 8668 --- [    Test worker] o.h.type.descriptor.sql.BasicExtractor   : extracted value ([post_upd7_2_] : [TIMESTAMP]) - [2023-08-14 11:35:13.63]
2023-08-14 13:34:04.121 TRACE 8668 --- [    Test worker] o.h.type.descriptor.sql.BasicExtractor   : extracted value ([post_vie8_2_] : [INTEGER]) - [0]
2023-08-14 13:34:04.121 TRACE 8668 --- [    Test worker] o.h.type.descriptor.sql.BasicExtractor   : extracted value ([post_wri9_2_] : [VARCHAR]) - [자바]
2023-08-14 13:34:04.121 TRACE 8668 --- [    Test worker] o.h.type.descriptor.sql.BasicExtractor   : extracted value ([post_id1_2_] : [BIGINT]) - [158]
2023-08-14 13:34:04.121 TRACE 8668 --- [    Test worker] o.h.type.descriptor.sql.BasicExtractor   : extracted value ([board_id2_2_] : [BIGINT]) - [1]
2023-08-14 13:34:04.121 TRACE 8668 --- [    Test worker] o.h.type.descriptor.sql.BasicExtractor   : extracted value ([post_con3_2_] : [VARCHAR]) - [rbAdKfcxvF]
2023-08-14 13:34:04.121 TRACE 8668 --- [    Test worker] o.h.type.descriptor.sql.BasicExtractor   : extracted value ([post_cre4_2_] : [TIMESTAMP]) - [2023-08-14 11:35:13.63]
2023-08-14 13:34:04.121 TRACE 8668 --- [    Test worker] o.h.type.descriptor.sql.BasicExtractor   : extracted value ([post_sho5_2_] : [VARCHAR]) - [Y]
2023-08-14 13:34:04.121 TRACE 8668 --- [    Test worker] o.h.type.descriptor.sql.BasicExtractor   : extracted value ([post_tit6_2_] : [VARCHAR]) - [테스트 글 제목 157]
2023-08-14 13:34:04.121 TRACE 8668 --- [    Test worker] o.h.type.descriptor.sql.BasicExtractor   : extracted value ([post_upd7_2_] : [TIMESTAMP]) - [2023-08-14 11:35:13.63]
2023-08-14 13:34:04.121 TRACE 8668 --- [    Test worker] o.h.type.descriptor.sql.BasicExtractor   : extracted value ([post_vie8_2_] : [INTEGER]) - [0]
2023-08-14 13:34:04.121 TRACE 8668 --- [    Test worker] o.h.type.descriptor.sql.BasicExtractor   : extracted value ([post_wri9_2_] : [VARCHAR]) - [자바]
2023-08-14 13:34:04.121 TRACE 8668 --- [    Test worker] o.h.type.descriptor.sql.BasicExtractor   : extracted value ([post_id1_2_] : [BIGINT]) - [159]
2023-08-14 13:34:04.121 TRACE 8668 --- [    Test worker] o.h.type.descriptor.sql.BasicExtractor   : extracted value ([board_id2_2_] : [BIGINT]) - [1]
2023-08-14 13:34:04.121 TRACE 8668 --- [    Test worker] o.h.type.descriptor.sql.BasicExtractor   : extracted value ([post_con3_2_] : [VARCHAR]) - [NzkrlmQfUV]
2023-08-14 13:34:04.121 TRACE 8668 --- [    Test worker] o.h.type.descriptor.sql.BasicExtractor   : extracted value ([post_cre4_2_] : [TIMESTAMP]) - [2023-08-14 11:35:13.63]
2023-08-14 13:34:04.121 TRACE 8668 --- [    Test worker] o.h.type.descriptor.sql.BasicExtractor   : extracted value ([post_sho5_2_] : [VARCHAR]) - [Y]
2023-08-14 13:34:04.121 TRACE 8668 --- [    Test worker] o.h.type.descriptor.sql.BasicExtractor   : extracted value ([post_tit6_2_] : [VARCHAR]) - [테스트 글 제목 158]
2023-08-14 13:34:04.121 TRACE 8668 --- [    Test worker] o.h.type.descriptor.sql.BasicExtractor   : extracted value ([post_upd7_2_] : [TIMESTAMP]) - [2023-08-14 11:35:13.63]
2023-08-14 13:34:04.121 TRACE 8668 --- [    Test worker] o.h.type.descriptor.sql.BasicExtractor   : extracted value ([post_vie8_2_] : [INTEGER]) - [0]
2023-08-14 13:34:04.121 TRACE 8668 --- [    Test worker] o.h.type.descriptor.sql.BasicExtractor   : extracted value ([post_wri9_2_] : [VARCHAR]) - [자바]
2023-08-14 13:34:04.121 TRACE 8668 --- [    Test worker] o.h.type.descriptor.sql.BasicExtractor   : extracted value ([post_id1_2_] : [BIGINT]) - [160]
2023-08-14 13:34:04.121 TRACE 8668 --- [    Test worker] o.h.type.descriptor.sql.BasicExtractor   : extracted value ([board_id2_2_] : [BIGINT]) - [1]
2023-08-14 13:34:04.121 TRACE 8668 --- [    Test worker] o.h.type.descriptor.sql.BasicExtractor   : extracted value ([post_con3_2_] : [VARCHAR]) - [uun3R7LYHL]
2023-08-14 13:34:04.121 TRACE 8668 --- [    Test worker] o.h.type.descriptor.sql.BasicExtractor   : extracted value ([post_cre4_2_] : [TIMESTAMP]) - [2023-08-14 11:35:13.63]
2023-08-14 13:34:04.121 TRACE 8668 --- [    Test worker] o.h.type.descriptor.sql.BasicExtractor   : extracted value ([post_sho5_2_] : [VARCHAR]) - [Y]
2023-08-14 13:34:04.121 TRACE 8668 --- [    Test worker] o.h.type.descriptor.sql.BasicExtractor   : extracted value ([post_tit6_2_] : [VARCHAR]) - [테스트 글 제목 159]
2023-08-14 13:34:04.121 TRACE 8668 --- [    Test worker] o.h.type.descriptor.sql.BasicExtractor   : extracted value ([post_upd7_2_] : [TIMESTAMP]) - [2023-08-14 11:35:13.63]
2023-08-14 13:34:04.121 TRACE 8668 --- [    Test worker] o.h.type.descriptor.sql.BasicExtractor   : extracted value ([post_vie8_2_] : [INTEGER]) - [0]
2023-08-14 13:34:04.121 TRACE 8668 --- [    Test worker] o.h.type.descriptor.sql.BasicExtractor   : extracted value ([post_wri9_2_] : [VARCHAR]) - [자바]
2023-08-14 13:34:04.121 TRACE 8668 --- [    Test worker] o.h.type.descriptor.sql.BasicExtractor   : extracted value ([post_id1_2_] : [BIGINT]) - [161]
2023-08-14 13:34:04.121 TRACE 8668 --- [    Test worker] o.h.type.descriptor.sql.BasicExtractor   : extracted value ([board_id2_2_] : [BIGINT]) - [1]
2023-08-14 13:34:04.121 TRACE 8668 --- [    Test worker] o.h.type.descriptor.sql.BasicExtractor   : extracted value ([post_con3_2_] : [VARCHAR]) - [ICxmDRTYEe]
2023-08-14 13:34:04.121 TRACE 8668 --- [    Test worker] o.h.type.descriptor.sql.BasicExtractor   : extracted value ([post_cre4_2_] : [TIMESTAMP]) - [2023-08-14 11:35:13.63]
2023-08-14 13:34:04.121 TRACE 8668 --- [    Test worker] o.h.type.descriptor.sql.BasicExtractor   : extracted value ([post_sho5_2_] : [VARCHAR]) - [Y]
2023-08-14 13:34:04.121 TRACE 8668 --- [    Test worker] o.h.type.descriptor.sql.BasicExtractor   : extracted value ([post_tit6_2_] : [VARCHAR]) - [테스트 글 제목 160]
2023-08-14 13:34:04.121 TRACE 8668 --- [    Test worker] o.h.type.descriptor.sql.BasicExtractor   : extracted value ([post_upd7_2_] : [TIMESTAMP]) - [2023-08-14 11:35:13.63]
2023-08-14 13:34:04.121 TRACE 8668 --- [    Test worker] o.h.type.descriptor.sql.BasicExtractor   : extracted value ([post_vie8_2_] : [INTEGER]) - [0]
2023-08-14 13:34:04.121 TRACE 8668 --- [    Test worker] o.h.type.descriptor.sql.BasicExtractor   : extracted value ([post_wri9_2_] : [VARCHAR]) - [자바]
2023-08-14 13:34:04.121 TRACE 8668 --- [    Test worker] o.h.type.descriptor.sql.BasicExtractor   : extracted value ([post_id1_2_] : [BIGINT]) - [162]
2023-08-14 13:34:04.121 TRACE 8668 --- [    Test worker] o.h.type.descriptor.sql.BasicExtractor   : extracted value ([board_id2_2_] : [BIGINT]) - [1]
2023-08-14 13:34:04.121 TRACE 8668 --- [    Test worker] o.h.type.descriptor.sql.BasicExtractor   : extracted value ([post_con3_2_] : [VARCHAR]) - [RP7yukuc04]
2023-08-14 13:34:04.121 TRACE 8668 --- [    Test worker] o.h.type.descriptor.sql.BasicExtractor   : extracted value ([post_cre4_2_] : [TIMESTAMP]) - [2023-08-14 11:35:13.63]
2023-08-14 13:34:04.121 TRACE 8668 --- [    Test worker] o.h.type.descriptor.sql.BasicExtractor   : extracted value ([post_sho5_2_] : [VARCHAR]) - [Y]
2023-08-14 13:34:04.121 TRACE 8668 --- [    Test worker] o.h.type.descriptor.sql.BasicExtractor   : extracted value ([post_tit6_2_] : [VARCHAR]) - [테스트 글 제목 161]
2023-08-14 13:34:04.121 TRACE 8668 --- [    Test worker] o.h.type.descriptor.sql.BasicExtractor   : extracted value ([post_upd7_2_] : [TIMESTAMP]) - [2023-08-14 11:35:13.63]
2023-08-14 13:34:04.121 TRACE 8668 --- [    Test worker] o.h.type.descriptor.sql.BasicExtractor   : extracted value ([post_vie8_2_] : [INTEGER]) - [0]
2023-08-14 13:34:04.121 TRACE 8668 --- [    Test worker] o.h.type.descriptor.sql.BasicExtractor   : extracted value ([post_wri9_2_] : [VARCHAR]) - [자바]
2023-08-14 13:34:04.121 TRACE 8668 --- [    Test worker] o.h.type.descriptor.sql.BasicExtractor   : extracted value ([post_id1_2_] : [BIGINT]) - [163]
2023-08-14 13:34:04.121 TRACE 8668 --- [    Test worker] o.h.type.descriptor.sql.BasicExtractor   : extracted value ([board_id2_2_] : [BIGINT]) - [1]
2023-08-14 13:34:04.121 TRACE 8668 --- [    Test worker] o.h.type.descriptor.sql.BasicExtractor   : extracted value ([post_con3_2_] : [VARCHAR]) - [KktGgwKqLx]
2023-08-14 13:34:04.121 TRACE 8668 --- [    Test worker] o.h.type.descriptor.sql.BasicExtractor   : extracted value ([post_cre4_2_] : [TIMESTAMP]) - [2023-08-14 11:35:13.63]
2023-08-14 13:34:04.121 TRACE 8668 --- [    Test worker] o.h.type.descriptor.sql.BasicExtractor   : extracted value ([post_sho5_2_] : [VARCHAR]) - [Y]
2023-08-14 13:34:04.121 TRACE 8668 --- [    Test worker] o.h.type.descriptor.sql.BasicExtractor   : extracted value ([post_tit6_2_] : [VARCHAR]) - [테스트 글 제목 162]
2023-08-14 13:34:04.121 TRACE 8668 --- [    Test worker] o.h.type.descriptor.sql.BasicExtractor   : extracted value ([post_upd7_2_] : [TIMESTAMP]) - [2023-08-14 11:35:13.63]
2023-08-14 13:34:04.121 TRACE 8668 --- [    Test worker] o.h.type.descriptor.sql.BasicExtractor   : extracted value ([post_vie8_2_] : [INTEGER]) - [0]
2023-08-14 13:34:04.121 TRACE 8668 --- [    Test worker] o.h.type.descriptor.sql.BasicExtractor   : extracted value ([post_wri9_2_] : [VARCHAR]) - [자바]
2023-08-14 13:34:04.121 TRACE 8668 --- [    Test worker] o.h.type.descriptor.sql.BasicExtractor   : extracted value ([post_id1_2_] : [BIGINT]) - [164]
2023-08-14 13:34:04.121 TRACE 8668 --- [    Test worker] o.h.type.descriptor.sql.BasicExtractor   : extracted value ([board_id2_2_] : [BIGINT]) - [1]
2023-08-14 13:34:04.121 TRACE 8668 --- [    Test worker] o.h.type.descriptor.sql.BasicExtractor   : extracted value ([post_con3_2_] : [VARCHAR]) - [aqxnr8YKlf]
2023-08-14 13:34:04.121 TRACE 8668 --- [    Test worker] o.h.type.descriptor.sql.BasicExtractor   : extracted value ([post_cre4_2_] : [TIMESTAMP]) - [2023-08-14 11:35:13.646]
2023-08-14 13:34:04.121 TRACE 8668 --- [    Test worker] o.h.type.descriptor.sql.BasicExtractor   : extracted value ([post_sho5_2_] : [VARCHAR]) - [Y]
2023-08-14 13:34:04.121 TRACE 8668 --- [    Test worker] o.h.type.descriptor.sql.BasicExtractor   : extracted value ([post_tit6_2_] : [VARCHAR]) - [테스트 글 제목 163]
2023-08-14 13:34:04.121 TRACE 8668 --- [    Test worker] o.h.type.descriptor.sql.BasicExtractor   : extracted value ([post_upd7_2_] : [TIMESTAMP]) - [2023-08-14 11:35:13.646]
2023-08-14 13:34:04.121 TRACE 8668 --- [    Test worker] o.h.type.descriptor.sql.BasicExtractor   : extracted value ([post_vie8_2_] : [INTEGER]) - [0]
2023-08-14 13:34:04.121 TRACE 8668 --- [    Test worker] o.h.type.descriptor.sql.BasicExtractor   : extracted value ([post_wri9_2_] : [VARCHAR]) - [자바]
2023-08-14 13:34:04.121 TRACE 8668 --- [    Test worker] o.h.type.descriptor.sql.BasicExtractor   : extracted value ([post_id1_2_] : [BIGINT]) - [165]
2023-08-14 13:34:04.121 TRACE 8668 --- [    Test worker] o.h.type.descriptor.sql.BasicExtractor   : extracted value ([board_id2_2_] : [BIGINT]) - [1]
2023-08-14 13:34:04.121 TRACE 8668 --- [    Test worker] o.h.type.descriptor.sql.BasicExtractor   : extracted value ([post_con3_2_] : [VARCHAR]) - [TfevM9Xukk]
2023-08-14 13:34:04.121 TRACE 8668 --- [    Test worker] o.h.type.descriptor.sql.BasicExtractor   : extracted value ([post_cre4_2_] : [TIMESTAMP]) - [2023-08-14 11:35:13.646]
2023-08-14 13:34:04.121 TRACE 8668 --- [    Test worker] o.h.type.descriptor.sql.BasicExtractor   : extracted value ([post_sho5_2_] : [VARCHAR]) - [Y]
2023-08-14 13:34:04.121 TRACE 8668 --- [    Test worker] o.h.type.descriptor.sql.BasicExtractor   : extracted value ([post_tit6_2_] : [VARCHAR]) - [테스트 글 제목 164]
2023-08-14 13:34:04.121 TRACE 8668 --- [    Test worker] o.h.type.descriptor.sql.BasicExtractor   : extracted value ([post_upd7_2_] : [TIMESTAMP]) - [2023-08-14 11:35:13.646]
2023-08-14 13:34:04.121 TRACE 8668 --- [    Test worker] o.h.type.descriptor.sql.BasicExtractor   : extracted value ([post_vie8_2_] : [INTEGER]) - [0]
2023-08-14 13:34:04.121 TRACE 8668 --- [    Test worker] o.h.type.descriptor.sql.BasicExtractor   : extracted value ([post_wri9_2_] : [VARCHAR]) - [자바]
2023-08-14 13:34:04.121 TRACE 8668 --- [    Test worker] o.h.type.descriptor.sql.BasicExtractor   : extracted value ([post_id1_2_] : [BIGINT]) - [166]
2023-08-14 13:34:04.121 TRACE 8668 --- [    Test worker] o.h.type.descriptor.sql.BasicExtractor   : extracted value ([board_id2_2_] : [BIGINT]) - [1]
2023-08-14 13:34:04.121 TRACE 8668 --- [    Test worker] o.h.type.descriptor.sql.BasicExtractor   : extracted value ([post_con3_2_] : [VARCHAR]) - [VioTmiUepP]
2023-08-14 13:34:04.121 TRACE 8668 --- [    Test worker] o.h.type.descriptor.sql.BasicExtractor   : extracted value ([post_cre4_2_] : [TIMESTAMP]) - [2023-08-14 11:35:13.646]
2023-08-14 13:34:04.121 TRACE 8668 --- [    Test worker] o.h.type.descriptor.sql.BasicExtractor   : extracted value ([post_sho5_2_] : [VARCHAR]) - [Y]
2023-08-14 13:34:04.121 TRACE 8668 --- [    Test worker] o.h.type.descriptor.sql.BasicExtractor   : extracted value ([post_tit6_2_] : [VARCHAR]) - [테스트 글 제목 165]
2023-08-14 13:34:04.121 TRACE 8668 --- [    Test worker] o.h.type.descriptor.sql.BasicExtractor   : extracted value ([post_upd7_2_] : [TIMESTAMP]) - [2023-08-14 11:35:13.646]
2023-08-14 13:34:04.121 TRACE 8668 --- [    Test worker] o.h.type.descriptor.sql.BasicExtractor   : extracted value ([post_vie8_2_] : [INTEGER]) - [0]
2023-08-14 13:34:04.121 TRACE 8668 --- [    Test worker] o.h.type.descriptor.sql.BasicExtractor   : extracted value ([post_wri9_2_] : [VARCHAR]) - [자바]
2023-08-14 13:34:04.121 TRACE 8668 --- [    Test worker] o.h.type.descriptor.sql.BasicExtractor   : extracted value ([post_id1_2_] : [BIGINT]) - [167]
2023-08-14 13:34:04.121 TRACE 8668 --- [    Test worker] o.h.type.descriptor.sql.BasicExtractor   : extracted value ([board_id2_2_] : [BIGINT]) - [1]
2023-08-14 13:34:04.121 TRACE 8668 --- [    Test worker] o.h.type.descriptor.sql.BasicExtractor   : extracted value ([post_con3_2_] : [VARCHAR]) - [VSyrJV3atD]
2023-08-14 13:34:04.121 TRACE 8668 --- [    Test worker] o.h.type.descriptor.sql.BasicExtractor   : extracted value ([post_cre4_2_] : [TIMESTAMP]) - [2023-08-14 11:35:13.646]
2023-08-14 13:34:04.121 TRACE 8668 --- [    Test worker] o.h.type.descriptor.sql.BasicExtractor   : extracted value ([post_sho5_2_] : [VARCHAR]) - [Y]
2023-08-14 13:34:04.121 TRACE 8668 --- [    Test worker] o.h.type.descriptor.sql.BasicExtractor   : extracted value ([post_tit6_2_] : [VARCHAR]) - [테스트 글 제목 166]
2023-08-14 13:34:04.121 TRACE 8668 --- [    Test worker] o.h.type.descriptor.sql.BasicExtractor   : extracted value ([post_upd7_2_] : [TIMESTAMP]) - [2023-08-14 11:35:13.646]
2023-08-14 13:34:04.121 TRACE 8668 --- [    Test worker] o.h.type.descriptor.sql.BasicExtractor   : extracted value ([post_vie8_2_] : [INTEGER]) - [0]
2023-08-14 13:34:04.121 TRACE 8668 --- [    Test worker] o.h.type.descriptor.sql.BasicExtractor   : extracted value ([post_wri9_2_] : [VARCHAR]) - [자바]
2023-08-14 13:34:04.121 TRACE 8668 --- [    Test worker] o.h.type.descriptor.sql.BasicExtractor   : extracted value ([post_id1_2_] : [BIGINT]) - [168]
2023-08-14 13:34:04.121 TRACE 8668 --- [    Test worker] o.h.type.descriptor.sql.BasicExtractor   : extracted value ([board_id2_2_] : [BIGINT]) - [1]
2023-08-14 13:34:04.121 TRACE 8668 --- [    Test worker] o.h.type.descriptor.sql.BasicExtractor   : extracted value ([post_con3_2_] : [VARCHAR]) - [OeXEYp2FeS]
2023-08-14 13:34:04.121 TRACE 8668 --- [    Test worker] o.h.type.descriptor.sql.BasicExtractor   : extracted value ([post_cre4_2_] : [TIMESTAMP]) - [2023-08-14 11:35:13.646]
2023-08-14 13:34:04.121 TRACE 8668 --- [    Test worker] o.h.type.descriptor.sql.BasicExtractor   : extracted value ([post_sho5_2_] : [VARCHAR]) - [Y]
2023-08-14 13:34:04.121 TRACE 8668 --- [    Test worker] o.h.type.descriptor.sql.BasicExtractor   : extracted value ([post_tit6_2_] : [VARCHAR]) - [테스트 글 제목 167]
2023-08-14 13:34:04.121 TRACE 8668 --- [    Test worker] o.h.type.descriptor.sql.BasicExtractor   : extracted value ([post_upd7_2_] : [TIMESTAMP]) - [2023-08-14 11:35:13.646]
2023-08-14 13:34:04.121 TRACE 8668 --- [    Test worker] o.h.type.descriptor.sql.BasicExtractor   : extracted value ([post_vie8_2_] : [INTEGER]) - [0]
2023-08-14 13:34:04.121 TRACE 8668 --- [    Test worker] o.h.type.descriptor.sql.BasicExtractor   : extracted value ([post_wri9_2_] : [VARCHAR]) - [자바]
2023-08-14 13:34:04.121 TRACE 8668 --- [    Test worker] o.h.type.descriptor.sql.BasicExtractor   : extracted value ([post_id1_2_] : [BIGINT]) - [169]
2023-08-14 13:34:04.121 TRACE 8668 --- [    Test worker] o.h.type.descriptor.sql.BasicExtractor   : extracted value ([board_id2_2_] : [BIGINT]) - [1]
2023-08-14 13:34:04.121 TRACE 8668 --- [    Test worker] o.h.type.descriptor.sql.BasicExtractor   : extracted value ([post_con3_2_] : [VARCHAR]) - [v6SqPkTB5y]
2023-08-14 13:34:04.121 TRACE 8668 --- [    Test worker] o.h.type.descriptor.sql.BasicExtractor   : extracted value ([post_cre4_2_] : [TIMESTAMP]) - [2023-08-14 11:35:13.646]
2023-08-14 13:34:04.121 TRACE 8668 --- [    Test worker] o.h.type.descriptor.sql.BasicExtractor   : extracted value ([post_sho5_2_] : [VARCHAR]) - [Y]
2023-08-14 13:34:04.121 TRACE 8668 --- [    Test worker] o.h.type.descriptor.sql.BasicExtractor   : extracted value ([post_tit6_2_] : [VARCHAR]) - [테스트 글 제목 168]
2023-08-14 13:34:04.121 TRACE 8668 --- [    Test worker] o.h.type.descriptor.sql.BasicExtractor   : extracted value ([post_upd7_2_] : [TIMESTAMP]) - [2023-08-14 11:35:13.646]
2023-08-14 13:34:04.121 TRACE 8668 --- [    Test worker] o.h.type.descriptor.sql.BasicExtractor   : extracted value ([post_vie8_2_] : [INTEGER]) - [0]
2023-08-14 13:34:04.121 TRACE 8668 --- [    Test worker] o.h.type.descriptor.sql.BasicExtractor   : extracted value ([post_wri9_2_] : [VARCHAR]) - [자바]
2023-08-14 13:34:04.121 TRACE 8668 --- [    Test worker] o.h.type.descriptor.sql.BasicExtractor   : extracted value ([post_id1_2_] : [BIGINT]) - [170]
2023-08-14 13:34:04.121 TRACE 8668 --- [    Test worker] o.h.type.descriptor.sql.BasicExtractor   : extracted value ([board_id2_2_] : [BIGINT]) - [1]
2023-08-14 13:34:04.121 TRACE 8668 --- [    Test worker] o.h.type.descriptor.sql.BasicExtractor   : extracted value ([post_con3_2_] : [VARCHAR]) - [0Z7EMWruMD]
2023-08-14 13:34:04.121 TRACE 8668 --- [    Test worker] o.h.type.descriptor.sql.BasicExtractor   : extracted value ([post_cre4_2_] : [TIMESTAMP]) - [2023-08-14 11:35:13.646]
2023-08-14 13:34:04.121 TRACE 8668 --- [    Test worker] o.h.type.descriptor.sql.BasicExtractor   : extracted value ([post_sho5_2_] : [VARCHAR]) - [Y]
2023-08-14 13:34:04.121 TRACE 8668 --- [    Test worker] o.h.type.descriptor.sql.BasicExtractor   : extracted value ([post_tit6_2_] : [VARCHAR]) - [테스트 글 제목 169]
2023-08-14 13:34:04.121 TRACE 8668 --- [    Test worker] o.h.type.descriptor.sql.BasicExtractor   : extracted value ([post_upd7_2_] : [TIMESTAMP]) - [2023-08-14 11:35:13.646]
2023-08-14 13:34:04.121 TRACE 8668 --- [    Test worker] o.h.type.descriptor.sql.BasicExtractor   : extracted value ([post_vie8_2_] : [INTEGER]) - [0]
2023-08-14 13:34:04.121 TRACE 8668 --- [    Test worker] o.h.type.descriptor.sql.BasicExtractor   : extracted value ([post_wri9_2_] : [VARCHAR]) - [자바]
2023-08-14 13:34:04.121 TRACE 8668 --- [    Test worker] o.h.type.descriptor.sql.BasicExtractor   : extracted value ([post_id1_2_] : [BIGINT]) - [171]
2023-08-14 13:34:04.121 TRACE 8668 --- [    Test worker] o.h.type.descriptor.sql.BasicExtractor   : extracted value ([board_id2_2_] : [BIGINT]) - [1]
2023-08-14 13:34:04.121 TRACE 8668 --- [    Test worker] o.h.type.descriptor.sql.BasicExtractor   : extracted value ([post_con3_2_] : [VARCHAR]) - [kQt4UdCM6F]
2023-08-14 13:34:04.121 TRACE 8668 --- [    Test worker] o.h.type.descriptor.sql.BasicExtractor   : extracted value ([post_cre4_2_] : [TIMESTAMP]) - [2023-08-14 11:35:13.646]
2023-08-14 13:34:04.121 TRACE 8668 --- [    Test worker] o.h.type.descriptor.sql.BasicExtractor   : extracted value ([post_sho5_2_] : [VARCHAR]) - [Y]
2023-08-14 13:34:04.121 TRACE 8668 --- [    Test worker] o.h.type.descriptor.sql.BasicExtractor   : extracted value ([post_tit6_2_] : [VARCHAR]) - [테스트 글 제목 170]
2023-08-14 13:34:04.121 TRACE 8668 --- [    Test worker] o.h.type.descriptor.sql.BasicExtractor   : extracted value ([post_upd7_2_] : [TIMESTAMP]) - [2023-08-14 11:35:13.646]
2023-08-14 13:34:04.121 TRACE 8668 --- [    Test worker] o.h.type.descriptor.sql.BasicExtractor   : extracted value ([post_vie8_2_] : [INTEGER]) - [0]
2023-08-14 13:34:04.121 TRACE 8668 --- [    Test worker] o.h.type.descriptor.sql.BasicExtractor   : extracted value ([post_wri9_2_] : [VARCHAR]) - [자바]
2023-08-14 13:34:04.121 TRACE 8668 --- [    Test worker] o.h.type.descriptor.sql.BasicExtractor   : extracted value ([post_id1_2_] : [BIGINT]) - [172]
2023-08-14 13:34:04.121 TRACE 8668 --- [    Test worker] o.h.type.descriptor.sql.BasicExtractor   : extracted value ([board_id2_2_] : [BIGINT]) - [1]
2023-08-14 13:34:04.121 TRACE 8668 --- [    Test worker] o.h.type.descriptor.sql.BasicExtractor   : extracted value ([post_con3_2_] : [VARCHAR]) - [fzVJALC2oX]
2023-08-14 13:34:04.121 TRACE 8668 --- [    Test worker] o.h.type.descriptor.sql.BasicExtractor   : extracted value ([post_cre4_2_] : [TIMESTAMP]) - [2023-08-14 11:35:13.646]
2023-08-14 13:34:04.121 TRACE 8668 --- [    Test worker] o.h.type.descriptor.sql.BasicExtractor   : extracted value ([post_sho5_2_] : [VARCHAR]) - [Y]
2023-08-14 13:34:04.121 TRACE 8668 --- [    Test worker] o.h.type.descriptor.sql.BasicExtractor   : extracted value ([post_tit6_2_] : [VARCHAR]) - [테스트 글 제목 171]
2023-08-14 13:34:04.121 TRACE 8668 --- [    Test worker] o.h.type.descriptor.sql.BasicExtractor   : extracted value ([post_upd7_2_] : [TIMESTAMP]) - [2023-08-14 11:35:13.646]
2023-08-14 13:34:04.121 TRACE 8668 --- [    Test worker] o.h.type.descriptor.sql.BasicExtractor   : extracted value ([post_vie8_2_] : [INTEGER]) - [0]
2023-08-14 13:34:04.121 TRACE 8668 --- [    Test worker] o.h.type.descriptor.sql.BasicExtractor   : extracted value ([post_wri9_2_] : [VARCHAR]) - [자바]
2023-08-14 13:34:04.121 TRACE 8668 --- [    Test worker] o.h.type.descriptor.sql.BasicExtractor   : extracted value ([post_id1_2_] : [BIGINT]) - [173]
2023-08-14 13:34:04.121 TRACE 8668 --- [    Test worker] o.h.type.descriptor.sql.BasicExtractor   : extracted value ([board_id2_2_] : [BIGINT]) - [1]
2023-08-14 13:34:04.121 TRACE 8668 --- [    Test worker] o.h.type.descriptor.sql.BasicExtractor   : extracted value ([post_con3_2_] : [VARCHAR]) - [oWs6EmX6mN]
2023-08-14 13:34:04.121 TRACE 8668 --- [    Test worker] o.h.type.descriptor.sql.BasicExtractor   : extracted value ([post_cre4_2_] : [TIMESTAMP]) - [2023-08-14 11:35:13.646]
2023-08-14 13:34:04.121 TRACE 8668 --- [    Test worker] o.h.type.descriptor.sql.BasicExtractor   : extracted value ([post_sho5_2_] : [VARCHAR]) - [Y]
2023-08-14 13:34:04.121 TRACE 8668 --- [    Test worker] o.h.type.descriptor.sql.BasicExtractor   : extracted value ([post_tit6_2_] : [VARCHAR]) - [테스트 글 제목 172]
2023-08-14 13:34:04.121 TRACE 8668 --- [    Test worker] o.h.type.descriptor.sql.BasicExtractor   : extracted value ([post_upd7_2_] : [TIMESTAMP]) - [2023-08-14 11:35:13.646]
2023-08-14 13:34:04.121 TRACE 8668 --- [    Test worker] o.h.type.descriptor.sql.BasicExtractor   : extracted value ([post_vie8_2_] : [INTEGER]) - [0]
2023-08-14 13:34:04.121 TRACE 8668 --- [    Test worker] o.h.type.descriptor.sql.BasicExtractor   : extracted value ([post_wri9_2_] : [VARCHAR]) - [자바]
2023-08-14 13:34:04.121 TRACE 8668 --- [    Test worker] o.h.type.descriptor.sql.BasicExtractor   : extracted value ([post_id1_2_] : [BIGINT]) - [174]
2023-08-14 13:34:04.121 TRACE 8668 --- [    Test worker] o.h.type.descriptor.sql.BasicExtractor   : extracted value ([board_id2_2_] : [BIGINT]) - [1]
2023-08-14 13:34:04.121 TRACE 8668 --- [    Test worker] o.h.type.descriptor.sql.BasicExtractor   : extracted value ([post_con3_2_] : [VARCHAR]) - [gXnFxgPNEv]
2023-08-14 13:34:04.121 TRACE 8668 --- [    Test worker] o.h.type.descriptor.sql.BasicExtractor   : extracted value ([post_cre4_2_] : [TIMESTAMP]) - [2023-08-14 11:35:13.646]
2023-08-14 13:34:04.121 TRACE 8668 --- [    Test worker] o.h.type.descriptor.sql.BasicExtractor   : extracted value ([post_sho5_2_] : [VARCHAR]) - [Y]
2023-08-14 13:34:04.121 TRACE 8668 --- [    Test worker] o.h.type.descriptor.sql.BasicExtractor   : extracted value ([post_tit6_2_] : [VARCHAR]) - [테스트 글 제목 173]
2023-08-14 13:34:04.121 TRACE 8668 --- [    Test worker] o.h.type.descriptor.sql.BasicExtractor   : extracted value ([post_upd7_2_] : [TIMESTAMP]) - [2023-08-14 11:35:13.646]
2023-08-14 13:34:04.121 TRACE 8668 --- [    Test worker] o.h.type.descriptor.sql.BasicExtractor   : extracted value ([post_vie8_2_] : [INTEGER]) - [0]
2023-08-14 13:34:04.121 TRACE 8668 --- [    Test worker] o.h.type.descriptor.sql.BasicExtractor   : extracted value ([post_wri9_2_] : [VARCHAR]) - [자바]
2023-08-14 13:34:04.121 TRACE 8668 --- [    Test worker] o.h.type.descriptor.sql.BasicExtractor   : extracted value ([post_id1_2_] : [BIGINT]) - [175]
2023-08-14 13:34:04.121 TRACE 8668 --- [    Test worker] o.h.type.descriptor.sql.BasicExtractor   : extracted value ([board_id2_2_] : [BIGINT]) - [1]
2023-08-14 13:34:04.121 TRACE 8668 --- [    Test worker] o.h.type.descriptor.sql.BasicExtractor   : extracted value ([post_con3_2_] : [VARCHAR]) - [R1RsE5IIp9]
2023-08-14 13:34:04.121 TRACE 8668 --- [    Test worker] o.h.type.descriptor.sql.BasicExtractor   : extracted value ([post_cre4_2_] : [TIMESTAMP]) - [2023-08-14 11:35:13.646]
2023-08-14 13:34:04.121 TRACE 8668 --- [    Test worker] o.h.type.descriptor.sql.BasicExtractor   : extracted value ([post_sho5_2_] : [VARCHAR]) - [Y]
2023-08-14 13:34:04.121 TRACE 8668 --- [    Test worker] o.h.type.descriptor.sql.BasicExtractor   : extracted value ([post_tit6_2_] : [VARCHAR]) - [테스트 글 제목 174]
2023-08-14 13:34:04.121 TRACE 8668 --- [    Test worker] o.h.type.descriptor.sql.BasicExtractor   : extracted value ([post_upd7_2_] : [TIMESTAMP]) - [2023-08-14 11:35:13.646]
2023-08-14 13:34:04.121 TRACE 8668 --- [    Test worker] o.h.type.descriptor.sql.BasicExtractor   : extracted value ([post_vie8_2_] : [INTEGER]) - [0]
2023-08-14 13:34:04.121 TRACE 8668 --- [    Test worker] o.h.type.descriptor.sql.BasicExtractor   : extracted value ([post_wri9_2_] : [VARCHAR]) - [자바]
2023-08-14 13:34:04.121 TRACE 8668 --- [    Test worker] o.h.type.descriptor.sql.BasicExtractor   : extracted value ([post_id1_2_] : [BIGINT]) - [176]
2023-08-14 13:34:04.121 TRACE 8668 --- [    Test worker] o.h.type.descriptor.sql.BasicExtractor   : extracted value ([board_id2_2_] : [BIGINT]) - [1]
2023-08-14 13:34:04.121 TRACE 8668 --- [    Test worker] o.h.type.descriptor.sql.BasicExtractor   : extracted value ([post_con3_2_] : [VARCHAR]) - [TUnCMckZG0]
2023-08-14 13:34:04.121 TRACE 8668 --- [    Test worker] o.h.type.descriptor.sql.BasicExtractor   : extracted value ([post_cre4_2_] : [TIMESTAMP]) - [2023-08-14 11:35:13.646]
2023-08-14 13:34:04.121 TRACE 8668 --- [    Test worker] o.h.type.descriptor.sql.BasicExtractor   : extracted value ([post_sho5_2_] : [VARCHAR]) - [Y]
2023-08-14 13:34:04.121 TRACE 8668 --- [    Test worker] o.h.type.descriptor.sql.BasicExtractor   : extracted value ([post_tit6_2_] : [VARCHAR]) - [테스트 글 제목 175]
2023-08-14 13:34:04.121 TRACE 8668 --- [    Test worker] o.h.type.descriptor.sql.BasicExtractor   : extracted value ([post_upd7_2_] : [TIMESTAMP]) - [2023-08-14 11:35:13.646]
2023-08-14 13:34:04.121 TRACE 8668 --- [    Test worker] o.h.type.descriptor.sql.BasicExtractor   : extracted value ([post_vie8_2_] : [INTEGER]) - [0]
2023-08-14 13:34:04.121 TRACE 8668 --- [    Test worker] o.h.type.descriptor.sql.BasicExtractor   : extracted value ([post_wri9_2_] : [VARCHAR]) - [자바]
2023-08-14 13:34:04.121 TRACE 8668 --- [    Test worker] o.h.type.descriptor.sql.BasicExtractor   : extracted value ([post_id1_2_] : [BIGINT]) - [177]
2023-08-14 13:34:04.121 TRACE 8668 --- [    Test worker] o.h.type.descriptor.sql.BasicExtractor   : extracted value ([board_id2_2_] : [BIGINT]) - [1]
2023-08-14 13:34:04.121 TRACE 8668 --- [    Test worker] o.h.type.descriptor.sql.BasicExtractor   : extracted value ([post_con3_2_] : [VARCHAR]) - [sc4dsoTeqq]
2023-08-14 13:34:04.121 TRACE 8668 --- [    Test worker] o.h.type.descriptor.sql.BasicExtractor   : extracted value ([post_cre4_2_] : [TIMESTAMP]) - [2023-08-14 11:35:13.661]
2023-08-14 13:34:04.121 TRACE 8668 --- [    Test worker] o.h.type.descriptor.sql.BasicExtractor   : extracted value ([post_sho5_2_] : [VARCHAR]) - [Y]
2023-08-14 13:34:04.121 TRACE 8668 --- [    Test worker] o.h.type.descriptor.sql.BasicExtractor   : extracted value ([post_tit6_2_] : [VARCHAR]) - [테스트 글 제목 176]
2023-08-14 13:34:04.121 TRACE 8668 --- [    Test worker] o.h.type.descriptor.sql.BasicExtractor   : extracted value ([post_upd7_2_] : [TIMESTAMP]) - [2023-08-14 11:35:13.661]
2023-08-14 13:34:04.121 TRACE 8668 --- [    Test worker] o.h.type.descriptor.sql.BasicExtractor   : extracted value ([post_vie8_2_] : [INTEGER]) - [0]
2023-08-14 13:34:04.121 TRACE 8668 --- [    Test worker] o.h.type.descriptor.sql.BasicExtractor   : extracted value ([post_wri9_2_] : [VARCHAR]) - [자바]
2023-08-14 13:34:04.121 TRACE 8668 --- [    Test worker] o.h.type.descriptor.sql.BasicExtractor   : extracted value ([post_id1_2_] : [BIGINT]) - [178]
2023-08-14 13:34:04.121 TRACE 8668 --- [    Test worker] o.h.type.descriptor.sql.BasicExtractor   : extracted value ([board_id2_2_] : [BIGINT]) - [1]
2023-08-14 13:34:04.121 TRACE 8668 --- [    Test worker] o.h.type.descriptor.sql.BasicExtractor   : extracted value ([post_con3_2_] : [VARCHAR]) - [9VmM2KKrA3]
2023-08-14 13:34:04.121 TRACE 8668 --- [    Test worker] o.h.type.descriptor.sql.BasicExtractor   : extracted value ([post_cre4_2_] : [TIMESTAMP]) - [2023-08-14 11:35:13.661]
2023-08-14 13:34:04.121 TRACE 8668 --- [    Test worker] o.h.type.descriptor.sql.BasicExtractor   : extracted value ([post_sho5_2_] : [VARCHAR]) - [Y]
2023-08-14 13:34:04.121 TRACE 8668 --- [    Test worker] o.h.type.descriptor.sql.BasicExtractor   : extracted value ([post_tit6_2_] : [VARCHAR]) - [테스트 글 제목 177]
2023-08-14 13:34:04.121 TRACE 8668 --- [    Test worker] o.h.type.descriptor.sql.BasicExtractor   : extracted value ([post_upd7_2_] : [TIMESTAMP]) - [2023-08-14 11:35:13.661]
2023-08-14 13:34:04.121 TRACE 8668 --- [    Test worker] o.h.type.descriptor.sql.BasicExtractor   : extracted value ([post_vie8_2_] : [INTEGER]) - [0]
2023-08-14 13:34:04.121 TRACE 8668 --- [    Test worker] o.h.type.descriptor.sql.BasicExtractor   : extracted value ([post_wri9_2_] : [VARCHAR]) - [자바]
2023-08-14 13:34:04.121 TRACE 8668 --- [    Test worker] o.h.type.descriptor.sql.BasicExtractor   : extracted value ([post_id1_2_] : [BIGINT]) - [179]
2023-08-14 13:34:04.121 TRACE 8668 --- [    Test worker] o.h.type.descriptor.sql.BasicExtractor   : extracted value ([board_id2_2_] : [BIGINT]) - [1]
2023-08-14 13:34:04.121 TRACE 8668 --- [    Test worker] o.h.type.descriptor.sql.BasicExtractor   : extracted value ([post_con3_2_] : [VARCHAR]) - [QJEcMH00CJ]
2023-08-14 13:34:04.121 TRACE 8668 --- [    Test worker] o.h.type.descriptor.sql.BasicExtractor   : extracted value ([post_cre4_2_] : [TIMESTAMP]) - [2023-08-14 11:35:13.661]
2023-08-14 13:34:04.121 TRACE 8668 --- [    Test worker] o.h.type.descriptor.sql.BasicExtractor   : extracted value ([post_sho5_2_] : [VARCHAR]) - [Y]
2023-08-14 13:34:04.121 TRACE 8668 --- [    Test worker] o.h.type.descriptor.sql.BasicExtractor   : extracted value ([post_tit6_2_] : [VARCHAR]) - [테스트 글 제목 178]
2023-08-14 13:34:04.121 TRACE 8668 --- [    Test worker] o.h.type.descriptor.sql.BasicExtractor   : extracted value ([post_upd7_2_] : [TIMESTAMP]) - [2023-08-14 11:35:13.661]
2023-08-14 13:34:04.121 TRACE 8668 --- [    Test worker] o.h.type.descriptor.sql.BasicExtractor   : extracted value ([post_vie8_2_] : [INTEGER]) - [0]
2023-08-14 13:34:04.121 TRACE 8668 --- [    Test worker] o.h.type.descriptor.sql.BasicExtractor   : extracted value ([post_wri9_2_] : [VARCHAR]) - [자바]
2023-08-14 13:34:04.121 TRACE 8668 --- [    Test worker] o.h.type.descriptor.sql.BasicExtractor   : extracted value ([post_id1_2_] : [BIGINT]) - [180]
2023-08-14 13:34:04.121 TRACE 8668 --- [    Test worker] o.h.type.descriptor.sql.BasicExtractor   : extracted value ([board_id2_2_] : [BIGINT]) - [1]
2023-08-14 13:34:04.121 TRACE 8668 --- [    Test worker] o.h.type.descriptor.sql.BasicExtractor   : extracted value ([post_con3_2_] : [VARCHAR]) - [KMiqqmCyxT]
2023-08-14 13:34:04.121 TRACE 8668 --- [    Test worker] o.h.type.descriptor.sql.BasicExtractor   : extracted value ([post_cre4_2_] : [TIMESTAMP]) - [2023-08-14 11:35:13.661]
2023-08-14 13:34:04.121 TRACE 8668 --- [    Test worker] o.h.type.descriptor.sql.BasicExtractor   : extracted value ([post_sho5_2_] : [VARCHAR]) - [Y]
2023-08-14 13:34:04.121 TRACE 8668 --- [    Test worker] o.h.type.descriptor.sql.BasicExtractor   : extracted value ([post_tit6_2_] : [VARCHAR]) - [테스트 글 제목 179]
2023-08-14 13:34:04.121 TRACE 8668 --- [    Test worker] o.h.type.descriptor.sql.BasicExtractor   : extracted value ([post_upd7_2_] : [TIMESTAMP]) - [2023-08-14 11:35:13.661]
2023-08-14 13:34:04.121 TRACE 8668 --- [    Test worker] o.h.type.descriptor.sql.BasicExtractor   : extracted value ([post_vie8_2_] : [INTEGER]) - [0]
2023-08-14 13:34:04.121 TRACE 8668 --- [    Test worker] o.h.type.descriptor.sql.BasicExtractor   : extracted value ([post_wri9_2_] : [VARCHAR]) - [자바]
2023-08-14 13:34:04.121 TRACE 8668 --- [    Test worker] o.h.type.descriptor.sql.BasicExtractor   : extracted value ([post_id1_2_] : [BIGINT]) - [181]
2023-08-14 13:34:04.121 TRACE 8668 --- [    Test worker] o.h.type.descriptor.sql.BasicExtractor   : extracted value ([board_id2_2_] : [BIGINT]) - [1]
2023-08-14 13:34:04.121 TRACE 8668 --- [    Test worker] o.h.type.descriptor.sql.BasicExtractor   : extracted value ([post_con3_2_] : [VARCHAR]) - [zct9GHffma]
2023-08-14 13:34:04.121 TRACE 8668 --- [    Test worker] o.h.type.descriptor.sql.BasicExtractor   : extracted value ([post_cre4_2_] : [TIMESTAMP]) - [2023-08-14 11:35:13.661]
2023-08-14 13:34:04.121 TRACE 8668 --- [    Test worker] o.h.type.descriptor.sql.BasicExtractor   : extracted value ([post_sho5_2_] : [VARCHAR]) - [Y]
2023-08-14 13:34:04.121 TRACE 8668 --- [    Test worker] o.h.type.descriptor.sql.BasicExtractor   : extracted value ([post_tit6_2_] : [VARCHAR]) - [테스트 글 제목 180]
2023-08-14 13:34:04.121 TRACE 8668 --- [    Test worker] o.h.type.descriptor.sql.BasicExtractor   : extracted value ([post_upd7_2_] : [TIMESTAMP]) - [2023-08-14 11:35:13.661]
2023-08-14 13:34:04.121 TRACE 8668 --- [    Test worker] o.h.type.descriptor.sql.BasicExtractor   : extracted value ([post_vie8_2_] : [INTEGER]) - [0]
2023-08-14 13:34:04.121 TRACE 8668 --- [    Test worker] o.h.type.descriptor.sql.BasicExtractor   : extracted value ([post_wri9_2_] : [VARCHAR]) - [자바]
2023-08-14 13:34:04.121 TRACE 8668 --- [    Test worker] o.h.type.descriptor.sql.BasicExtractor   : extracted value ([post_id1_2_] : [BIGINT]) - [182]
2023-08-14 13:34:04.121 TRACE 8668 --- [    Test worker] o.h.type.descriptor.sql.BasicExtractor   : extracted value ([board_id2_2_] : [BIGINT]) - [1]
2023-08-14 13:34:04.121 TRACE 8668 --- [    Test worker] o.h.type.descriptor.sql.BasicExtractor   : extracted value ([post_con3_2_] : [VARCHAR]) - [GhQ9IMjZeZ]
2023-08-14 13:34:04.121 TRACE 8668 --- [    Test worker] o.h.type.descriptor.sql.BasicExtractor   : extracted value ([post_cre4_2_] : [TIMESTAMP]) - [2023-08-14 11:35:13.677]
2023-08-14 13:34:04.121 TRACE 8668 --- [    Test worker] o.h.type.descriptor.sql.BasicExtractor   : extracted value ([post_sho5_2_] : [VARCHAR]) - [Y]
2023-08-14 13:34:04.121 TRACE 8668 --- [    Test worker] o.h.type.descriptor.sql.BasicExtractor   : extracted value ([post_tit6_2_] : [VARCHAR]) - [테스트 글 제목 181]
2023-08-14 13:34:04.121 TRACE 8668 --- [    Test worker] o.h.type.descriptor.sql.BasicExtractor   : extracted value ([post_upd7_2_] : [TIMESTAMP]) - [2023-08-14 11:35:13.677]
2023-08-14 13:34:04.121 TRACE 8668 --- [    Test worker] o.h.type.descriptor.sql.BasicExtractor   : extracted value ([post_vie8_2_] : [INTEGER]) - [0]
2023-08-14 13:34:04.121 TRACE 8668 --- [    Test worker] o.h.type.descriptor.sql.BasicExtractor   : extracted value ([post_wri9_2_] : [VARCHAR]) - [자바]
2023-08-14 13:34:04.121 TRACE 8668 --- [    Test worker] o.h.type.descriptor.sql.BasicExtractor   : extracted value ([post_id1_2_] : [BIGINT]) - [183]
2023-08-14 13:34:04.121 TRACE 8668 --- [    Test worker] o.h.type.descriptor.sql.BasicExtractor   : extracted value ([board_id2_2_] : [BIGINT]) - [1]
2023-08-14 13:34:04.121 TRACE 8668 --- [    Test worker] o.h.type.descriptor.sql.BasicExtractor   : extracted value ([post_con3_2_] : [VARCHAR]) - [5n3SKPx8L7]
2023-08-14 13:34:04.121 TRACE 8668 --- [    Test worker] o.h.type.descriptor.sql.BasicExtractor   : extracted value ([post_cre4_2_] : [TIMESTAMP]) - [2023-08-14 11:35:13.677]
2023-08-14 13:34:04.121 TRACE 8668 --- [    Test worker] o.h.type.descriptor.sql.BasicExtractor   : extracted value ([post_sho5_2_] : [VARCHAR]) - [Y]
2023-08-14 13:34:04.121 TRACE 8668 --- [    Test worker] o.h.type.descriptor.sql.BasicExtractor   : extracted value ([post_tit6_2_] : [VARCHAR]) - [테스트 글 제목 182]
2023-08-14 13:34:04.121 TRACE 8668 --- [    Test worker] o.h.type.descriptor.sql.BasicExtractor   : extracted value ([post_upd7_2_] : [TIMESTAMP]) - [2023-08-14 11:35:13.677]
2023-08-14 13:34:04.121 TRACE 8668 --- [    Test worker] o.h.type.descriptor.sql.BasicExtractor   : extracted value ([post_vie8_2_] : [INTEGER]) - [0]
2023-08-14 13:34:04.121 TRACE 8668 --- [    Test worker] o.h.type.descriptor.sql.BasicExtractor   : extracted value ([post_wri9_2_] : [VARCHAR]) - [자바]
2023-08-14 13:34:04.121 TRACE 8668 --- [    Test worker] o.h.type.descriptor.sql.BasicExtractor   : extracted value ([post_id1_2_] : [BIGINT]) - [184]
2023-08-14 13:34:04.121 TRACE 8668 --- [    Test worker] o.h.type.descriptor.sql.BasicExtractor   : extracted value ([board_id2_2_] : [BIGINT]) - [1]
2023-08-14 13:34:04.121 TRACE 8668 --- [    Test worker] o.h.type.descriptor.sql.BasicExtractor   : extracted value ([post_con3_2_] : [VARCHAR]) - [VPmQ8sqEQ1]
2023-08-14 13:34:04.121 TRACE 8668 --- [    Test worker] o.h.type.descriptor.sql.BasicExtractor   : extracted value ([post_cre4_2_] : [TIMESTAMP]) - [2023-08-14 11:35:13.677]
2023-08-14 13:34:04.121 TRACE 8668 --- [    Test worker] o.h.type.descriptor.sql.BasicExtractor   : extracted value ([post_sho5_2_] : [VARCHAR]) - [Y]
2023-08-14 13:34:04.121 TRACE 8668 --- [    Test worker] o.h.type.descriptor.sql.BasicExtractor   : extracted value ([post_tit6_2_] : [VARCHAR]) - [테스트 글 제목 183]
2023-08-14 13:34:04.121 TRACE 8668 --- [    Test worker] o.h.type.descriptor.sql.BasicExtractor   : extracted value ([post_upd7_2_] : [TIMESTAMP]) - [2023-08-14 11:35:13.677]
2023-08-14 13:34:04.121 TRACE 8668 --- [    Test worker] o.h.type.descriptor.sql.BasicExtractor   : extracted value ([post_vie8_2_] : [INTEGER]) - [0]
2023-08-14 13:34:04.121 TRACE 8668 --- [    Test worker] o.h.type.descriptor.sql.BasicExtractor   : extracted value ([post_wri9_2_] : [VARCHAR]) - [자바]
2023-08-14 13:34:04.121 TRACE 8668 --- [    Test worker] o.h.type.descriptor.sql.BasicExtractor   : extracted value ([post_id1_2_] : [BIGINT]) - [185]
2023-08-14 13:34:04.121 TRACE 8668 --- [    Test worker] o.h.type.descriptor.sql.BasicExtractor   : extracted value ([board_id2_2_] : [BIGINT]) - [1]
2023-08-14 13:34:04.121 TRACE 8668 --- [    Test worker] o.h.type.descriptor.sql.BasicExtractor   : extracted value ([post_con3_2_] : [VARCHAR]) - [qiIbfA2Nx8]
2023-08-14 13:34:04.121 TRACE 8668 --- [    Test worker] o.h.type.descriptor.sql.BasicExtractor   : extracted value ([post_cre4_2_] : [TIMESTAMP]) - [2023-08-14 11:35:13.677]
2023-08-14 13:34:04.121 TRACE 8668 --- [    Test worker] o.h.type.descriptor.sql.BasicExtractor   : extracted value ([post_sho5_2_] : [VARCHAR]) - [Y]
2023-08-14 13:34:04.121 TRACE 8668 --- [    Test worker] o.h.type.descriptor.sql.BasicExtractor   : extracted value ([post_tit6_2_] : [VARCHAR]) - [테스트 글 제목 184]
2023-08-14 13:34:04.121 TRACE 8668 --- [    Test worker] o.h.type.descriptor.sql.BasicExtractor   : extracted value ([post_upd7_2_] : [TIMESTAMP]) - [2023-08-14 11:35:13.677]
2023-08-14 13:34:04.121 TRACE 8668 --- [    Test worker] o.h.type.descriptor.sql.BasicExtractor   : extracted value ([post_vie8_2_] : [INTEGER]) - [0]
2023-08-14 13:34:04.121 TRACE 8668 --- [    Test worker] o.h.type.descriptor.sql.BasicExtractor   : extracted value ([post_wri9_2_] : [VARCHAR]) - [자바]
2023-08-14 13:34:04.121 TRACE 8668 --- [    Test worker] o.h.type.descriptor.sql.BasicExtractor   : extracted value ([post_id1_2_] : [BIGINT]) - [186]
2023-08-14 13:34:04.121 TRACE 8668 --- [    Test worker] o.h.type.descriptor.sql.BasicExtractor   : extracted value ([board_id2_2_] : [BIGINT]) - [1]
2023-08-14 13:34:04.121 TRACE 8668 --- [    Test worker] o.h.type.descriptor.sql.BasicExtractor   : extracted value ([post_con3_2_] : [VARCHAR]) - [dbGPnD7TYC]
2023-08-14 13:34:04.121 TRACE 8668 --- [    Test worker] o.h.type.descriptor.sql.BasicExtractor   : extracted value ([post_cre4_2_] : [TIMESTAMP]) - [2023-08-14 11:35:13.677]
2023-08-14 13:34:04.121 TRACE 8668 --- [    Test worker] o.h.type.descriptor.sql.BasicExtractor   : extracted value ([post_sho5_2_] : [VARCHAR]) - [Y]
2023-08-14 13:34:04.121 TRACE 8668 --- [    Test worker] o.h.type.descriptor.sql.BasicExtractor   : extracted value ([post_tit6_2_] : [VARCHAR]) - [테스트 글 제목 185]
2023-08-14 13:34:04.121 TRACE 8668 --- [    Test worker] o.h.type.descriptor.sql.BasicExtractor   : extracted value ([post_upd7_2_] : [TIMESTAMP]) - [2023-08-14 11:35:13.677]
2023-08-14 13:34:04.121 TRACE 8668 --- [    Test worker] o.h.type.descriptor.sql.BasicExtractor   : extracted value ([post_vie8_2_] : [INTEGER]) - [0]
2023-08-14 13:34:04.121 TRACE 8668 --- [    Test worker] o.h.type.descriptor.sql.BasicExtractor   : extracted value ([post_wri9_2_] : [VARCHAR]) - [자바]
2023-08-14 13:34:04.121 TRACE 8668 --- [    Test worker] o.h.type.descriptor.sql.BasicExtractor   : extracted value ([post_id1_2_] : [BIGINT]) - [187]
2023-08-14 13:34:04.121 TRACE 8668 --- [    Test worker] o.h.type.descriptor.sql.BasicExtractor   : extracted value ([board_id2_2_] : [BIGINT]) - [1]
2023-08-14 13:34:04.121 TRACE 8668 --- [    Test worker] o.h.type.descriptor.sql.BasicExtractor   : extracted value ([post_con3_2_] : [VARCHAR]) - [qsMogAYvwr]
2023-08-14 13:34:04.121 TRACE 8668 --- [    Test worker] o.h.type.descriptor.sql.BasicExtractor   : extracted value ([post_cre4_2_] : [TIMESTAMP]) - [2023-08-14 11:35:13.677]
2023-08-14 13:34:04.121 TRACE 8668 --- [    Test worker] o.h.type.descriptor.sql.BasicExtractor   : extracted value ([post_sho5_2_] : [VARCHAR]) - [Y]
2023-08-14 13:34:04.121 TRACE 8668 --- [    Test worker] o.h.type.descriptor.sql.BasicExtractor   : extracted value ([post_tit6_2_] : [VARCHAR]) - [테스트 글 제목 186]
2023-08-14 13:34:04.121 TRACE 8668 --- [    Test worker] o.h.type.descriptor.sql.BasicExtractor   : extracted value ([post_upd7_2_] : [TIMESTAMP]) - [2023-08-14 11:35:13.677]
2023-08-14 13:34:04.121 TRACE 8668 --- [    Test worker] o.h.type.descriptor.sql.BasicExtractor   : extracted value ([post_vie8_2_] : [INTEGER]) - [0]
2023-08-14 13:34:04.121 TRACE 8668 --- [    Test worker] o.h.type.descriptor.sql.BasicExtractor   : extracted value ([post_wri9_2_] : [VARCHAR]) - [자바]
2023-08-14 13:34:04.121 TRACE 8668 --- [    Test worker] o.h.type.descriptor.sql.BasicExtractor   : extracted value ([post_id1_2_] : [BIGINT]) - [188]
2023-08-14 13:34:04.121 TRACE 8668 --- [    Test worker] o.h.type.descriptor.sql.BasicExtractor   : extracted value ([board_id2_2_] : [BIGINT]) - [1]
2023-08-14 13:34:04.121 TRACE 8668 --- [    Test worker] o.h.type.descriptor.sql.BasicExtractor   : extracted value ([post_con3_2_] : [VARCHAR]) - [wKilh8PJmG]
2023-08-14 13:34:04.121 TRACE 8668 --- [    Test worker] o.h.type.descriptor.sql.BasicExtractor   : extracted value ([post_cre4_2_] : [TIMESTAMP]) - [2023-08-14 11:35:13.693]
2023-08-14 13:34:04.121 TRACE 8668 --- [    Test worker] o.h.type.descriptor.sql.BasicExtractor   : extracted value ([post_sho5_2_] : [VARCHAR]) - [Y]
2023-08-14 13:34:04.121 TRACE 8668 --- [    Test worker] o.h.type.descriptor.sql.BasicExtractor   : extracted value ([post_tit6_2_] : [VARCHAR]) - [테스트 글 제목 187]
2023-08-14 13:34:04.121 TRACE 8668 --- [    Test worker] o.h.type.descriptor.sql.BasicExtractor   : extracted value ([post_upd7_2_] : [TIMESTAMP]) - [2023-08-14 11:35:13.693]
2023-08-14 13:34:04.121 TRACE 8668 --- [    Test worker] o.h.type.descriptor.sql.BasicExtractor   : extracted value ([post_vie8_2_] : [INTEGER]) - [0]
2023-08-14 13:34:04.121 TRACE 8668 --- [    Test worker] o.h.type.descriptor.sql.BasicExtractor   : extracted value ([post_wri9_2_] : [VARCHAR]) - [자바]
2023-08-14 13:34:04.121 TRACE 8668 --- [    Test worker] o.h.type.descriptor.sql.BasicExtractor   : extracted value ([post_id1_2_] : [BIGINT]) - [189]
2023-08-14 13:34:04.121 TRACE 8668 --- [    Test worker] o.h.type.descriptor.sql.BasicExtractor   : extracted value ([board_id2_2_] : [BIGINT]) - [1]
2023-08-14 13:34:04.121 TRACE 8668 --- [    Test worker] o.h.type.descriptor.sql.BasicExtractor   : extracted value ([post_con3_2_] : [VARCHAR]) - [XQYj4fPc1p]
2023-08-14 13:34:04.121 TRACE 8668 --- [    Test worker] o.h.type.descriptor.sql.BasicExtractor   : extracted value ([post_cre4_2_] : [TIMESTAMP]) - [2023-08-14 11:35:13.693]
2023-08-14 13:34:04.121 TRACE 8668 --- [    Test worker] o.h.type.descriptor.sql.BasicExtractor   : extracted value ([post_sho5_2_] : [VARCHAR]) - [Y]
2023-08-14 13:34:04.121 TRACE 8668 --- [    Test worker] o.h.type.descriptor.sql.BasicExtractor   : extracted value ([post_tit6_2_] : [VARCHAR]) - [테스트 글 제목 188]
2023-08-14 13:34:04.121 TRACE 8668 --- [    Test worker] o.h.type.descriptor.sql.BasicExtractor   : extracted value ([post_upd7_2_] : [TIMESTAMP]) - [2023-08-14 11:35:13.693]
2023-08-14 13:34:04.121 TRACE 8668 --- [    Test worker] o.h.type.descriptor.sql.BasicExtractor   : extracted value ([post_vie8_2_] : [INTEGER]) - [0]
2023-08-14 13:34:04.121 TRACE 8668 --- [    Test worker] o.h.type.descriptor.sql.BasicExtractor   : extracted value ([post_wri9_2_] : [VARCHAR]) - [자바]
2023-08-14 13:34:04.121 TRACE 8668 --- [    Test worker] o.h.type.descriptor.sql.BasicExtractor   : extracted value ([post_id1_2_] : [BIGINT]) - [190]
2023-08-14 13:34:04.121 TRACE 8668 --- [    Test worker] o.h.type.descriptor.sql.BasicExtractor   : extracted value ([board_id2_2_] : [BIGINT]) - [1]
2023-08-14 13:34:04.121 TRACE 8668 --- [    Test worker] o.h.type.descriptor.sql.BasicExtractor   : extracted value ([post_con3_2_] : [VARCHAR]) - [JtkvU3HDnl]
2023-08-14 13:34:04.121 TRACE 8668 --- [    Test worker] o.h.type.descriptor.sql.BasicExtractor   : extracted value ([post_cre4_2_] : [TIMESTAMP]) - [2023-08-14 11:35:13.693]
2023-08-14 13:34:04.121 TRACE 8668 --- [    Test worker] o.h.type.descriptor.sql.BasicExtractor   : extracted value ([post_sho5_2_] : [VARCHAR]) - [Y]
2023-08-14 13:34:04.121 TRACE 8668 --- [    Test worker] o.h.type.descriptor.sql.BasicExtractor   : extracted value ([post_tit6_2_] : [VARCHAR]) - [테스트 글 제목 189]
2023-08-14 13:34:04.121 TRACE 8668 --- [    Test worker] o.h.type.descriptor.sql.BasicExtractor   : extracted value ([post_upd7_2_] : [TIMESTAMP]) - [2023-08-14 11:35:13.693]
2023-08-14 13:34:04.121 TRACE 8668 --- [    Test worker] o.h.type.descriptor.sql.BasicExtractor   : extracted value ([post_vie8_2_] : [INTEGER]) - [0]
2023-08-14 13:34:04.121 TRACE 8668 --- [    Test worker] o.h.type.descriptor.sql.BasicExtractor   : extracted value ([post_wri9_2_] : [VARCHAR]) - [자바]
2023-08-14 13:34:04.121 TRACE 8668 --- [    Test worker] o.h.type.descriptor.sql.BasicExtractor   : extracted value ([post_id1_2_] : [BIGINT]) - [191]
2023-08-14 13:34:04.121 TRACE 8668 --- [    Test worker] o.h.type.descriptor.sql.BasicExtractor   : extracted value ([board_id2_2_] : [BIGINT]) - [1]
2023-08-14 13:34:04.121 TRACE 8668 --- [    Test worker] o.h.type.descriptor.sql.BasicExtractor   : extracted value ([post_con3_2_] : [VARCHAR]) - [nCnMxTYxgE]
2023-08-14 13:34:04.121 TRACE 8668 --- [    Test worker] o.h.type.descriptor.sql.BasicExtractor   : extracted value ([post_cre4_2_] : [TIMESTAMP]) - [2023-08-14 11:35:13.693]
2023-08-14 13:34:04.121 TRACE 8668 --- [    Test worker] o.h.type.descriptor.sql.BasicExtractor   : extracted value ([post_sho5_2_] : [VARCHAR]) - [Y]
2023-08-14 13:34:04.121 TRACE 8668 --- [    Test worker] o.h.type.descriptor.sql.BasicExtractor   : extracted value ([post_tit6_2_] : [VARCHAR]) - [테스트 글 제목 190]
2023-08-14 13:34:04.121 TRACE 8668 --- [    Test worker] o.h.type.descriptor.sql.BasicExtractor   : extracted value ([post_upd7_2_] : [TIMESTAMP]) - [2023-08-14 11:35:13.693]
2023-08-14 13:34:04.121 TRACE 8668 --- [    Test worker] o.h.type.descriptor.sql.BasicExtractor   : extracted value ([post_vie8_2_] : [INTEGER]) - [0]
2023-08-14 13:34:04.121 TRACE 8668 --- [    Test worker] o.h.type.descriptor.sql.BasicExtractor   : extracted value ([post_wri9_2_] : [VARCHAR]) - [자바]
2023-08-14 13:34:04.121 TRACE 8668 --- [    Test worker] o.h.type.descriptor.sql.BasicExtractor   : extracted value ([post_id1_2_] : [BIGINT]) - [192]
2023-08-14 13:34:04.121 TRACE 8668 --- [    Test worker] o.h.type.descriptor.sql.BasicExtractor   : extracted value ([board_id2_2_] : [BIGINT]) - [1]
2023-08-14 13:34:04.121 TRACE 8668 --- [    Test worker] o.h.type.descriptor.sql.BasicExtractor   : extracted value ([post_con3_2_] : [VARCHAR]) - [2mt92HNOeq]
2023-08-14 13:34:04.121 TRACE 8668 --- [    Test worker] o.h.type.descriptor.sql.BasicExtractor   : extracted value ([post_cre4_2_] : [TIMESTAMP]) - [2023-08-14 11:35:13.693]
2023-08-14 13:34:04.121 TRACE 8668 --- [    Test worker] o.h.type.descriptor.sql.BasicExtractor   : extracted value ([post_sho5_2_] : [VARCHAR]) - [Y]
2023-08-14 13:34:04.121 TRACE 8668 --- [    Test worker] o.h.type.descriptor.sql.BasicExtractor   : extracted value ([post_tit6_2_] : [VARCHAR]) - [테스트 글 제목 191]
2023-08-14 13:34:04.121 TRACE 8668 --- [    Test worker] o.h.type.descriptor.sql.BasicExtractor   : extracted value ([post_upd7_2_] : [TIMESTAMP]) - [2023-08-14 11:35:13.693]
2023-08-14 13:34:04.121 TRACE 8668 --- [    Test worker] o.h.type.descriptor.sql.BasicExtractor   : extracted value ([post_vie8_2_] : [INTEGER]) - [0]
2023-08-14 13:34:04.121 TRACE 8668 --- [    Test worker] o.h.type.descriptor.sql.BasicExtractor   : extracted value ([post_wri9_2_] : [VARCHAR]) - [자바]
2023-08-14 13:34:04.121 TRACE 8668 --- [    Test worker] o.h.type.descriptor.sql.BasicExtractor   : extracted value ([post_id1_2_] : [BIGINT]) - [193]
2023-08-14 13:34:04.121 TRACE 8668 --- [    Test worker] o.h.type.descriptor.sql.BasicExtractor   : extracted value ([board_id2_2_] : [BIGINT]) - [1]
2023-08-14 13:34:04.121 TRACE 8668 --- [    Test worker] o.h.type.descriptor.sql.BasicExtractor   : extracted value ([post_con3_2_] : [VARCHAR]) - [WffYvtMVDj]
2023-08-14 13:34:04.121 TRACE 8668 --- [    Test worker] o.h.type.descriptor.sql.BasicExtractor   : extracted value ([post_cre4_2_] : [TIMESTAMP]) - [2023-08-14 11:35:13.693]
2023-08-14 13:34:04.121 TRACE 8668 --- [    Test worker] o.h.type.descriptor.sql.BasicExtractor   : extracted value ([post_sho5_2_] : [VARCHAR]) - [Y]
2023-08-14 13:34:04.121 TRACE 8668 --- [    Test worker] o.h.type.descriptor.sql.BasicExtractor   : extracted value ([post_tit6_2_] : [VARCHAR]) - [테스트 글 제목 192]
2023-08-14 13:34:04.121 TRACE 8668 --- [    Test worker] o.h.type.descriptor.sql.BasicExtractor   : extracted value ([post_upd7_2_] : [TIMESTAMP]) - [2023-08-14 11:35:13.693]
2023-08-14 13:34:04.121 TRACE 8668 --- [    Test worker] o.h.type.descriptor.sql.BasicExtractor   : extracted value ([post_vie8_2_] : [INTEGER]) - [0]
2023-08-14 13:34:04.121 TRACE 8668 --- [    Test worker] o.h.type.descriptor.sql.BasicExtractor   : extracted value ([post_wri9_2_] : [VARCHAR]) - [자바]
2023-08-14 13:34:04.121 TRACE 8668 --- [    Test worker] o.h.type.descriptor.sql.BasicExtractor   : extracted value ([post_id1_2_] : [BIGINT]) - [194]
2023-08-14 13:34:04.121 TRACE 8668 --- [    Test worker] o.h.type.descriptor.sql.BasicExtractor   : extracted value ([board_id2_2_] : [BIGINT]) - [1]
2023-08-14 13:34:04.121 TRACE 8668 --- [    Test worker] o.h.type.descriptor.sql.BasicExtractor   : extracted value ([post_con3_2_] : [VARCHAR]) - [0CKFEuN6r8]
2023-08-14 13:34:04.121 TRACE 8668 --- [    Test worker] o.h.type.descriptor.sql.BasicExtractor   : extracted value ([post_cre4_2_] : [TIMESTAMP]) - [2023-08-14 11:35:13.693]
2023-08-14 13:34:04.121 TRACE 8668 --- [    Test worker] o.h.type.descriptor.sql.BasicExtractor   : extracted value ([post_sho5_2_] : [VARCHAR]) - [Y]
2023-08-14 13:34:04.121 TRACE 8668 --- [    Test worker] o.h.type.descriptor.sql.BasicExtractor   : extracted value ([post_tit6_2_] : [VARCHAR]) - [테스트 글 제목 193]
2023-08-14 13:34:04.121 TRACE 8668 --- [    Test worker] o.h.type.descriptor.sql.BasicExtractor   : extracted value ([post_upd7_2_] : [TIMESTAMP]) - [2023-08-14 11:35:13.693]
2023-08-14 13:34:04.121 TRACE 8668 --- [    Test worker] o.h.type.descriptor.sql.BasicExtractor   : extracted value ([post_vie8_2_] : [INTEGER]) - [0]
2023-08-14 13:34:04.121 TRACE 8668 --- [    Test worker] o.h.type.descriptor.sql.BasicExtractor   : extracted value ([post_wri9_2_] : [VARCHAR]) - [자바]
2023-08-14 13:34:04.121 TRACE 8668 --- [    Test worker] o.h.type.descriptor.sql.BasicExtractor   : extracted value ([post_id1_2_] : [BIGINT]) - [195]
2023-08-14 13:34:04.121 TRACE 8668 --- [    Test worker] o.h.type.descriptor.sql.BasicExtractor   : extracted value ([board_id2_2_] : [BIGINT]) - [1]
2023-08-14 13:34:04.121 TRACE 8668 --- [    Test worker] o.h.type.descriptor.sql.BasicExtractor   : extracted value ([post_con3_2_] : [VARCHAR]) - [ga9vEYNahO]
2023-08-14 13:34:04.121 TRACE 8668 --- [    Test worker] o.h.type.descriptor.sql.BasicExtractor   : extracted value ([post_cre4_2_] : [TIMESTAMP]) - [2023-08-14 11:35:13.693]
2023-08-14 13:34:04.121 TRACE 8668 --- [    Test worker] o.h.type.descriptor.sql.BasicExtractor   : extracted value ([post_sho5_2_] : [VARCHAR]) - [Y]
2023-08-14 13:34:04.121 TRACE 8668 --- [    Test worker] o.h.type.descriptor.sql.BasicExtractor   : extracted value ([post_tit6_2_] : [VARCHAR]) - [테스트 글 제목 194]
2023-08-14 13:34:04.121 TRACE 8668 --- [    Test worker] o.h.type.descriptor.sql.BasicExtractor   : extracted value ([post_upd7_2_] : [TIMESTAMP]) - [2023-08-14 11:35:13.693]
2023-08-14 13:34:04.121 TRACE 8668 --- [    Test worker] o.h.type.descriptor.sql.BasicExtractor   : extracted value ([post_vie8_2_] : [INTEGER]) - [0]
2023-08-14 13:34:04.121 TRACE 8668 --- [    Test worker] o.h.type.descriptor.sql.BasicExtractor   : extracted value ([post_wri9_2_] : [VARCHAR]) - [자바]
2023-08-14 13:34:04.121 TRACE 8668 --- [    Test worker] o.h.type.descriptor.sql.BasicExtractor   : extracted value ([post_id1_2_] : [BIGINT]) - [196]
2023-08-14 13:34:04.121 TRACE 8668 --- [    Test worker] o.h.type.descriptor.sql.BasicExtractor   : extracted value ([board_id2_2_] : [BIGINT]) - [1]
2023-08-14 13:34:04.121 TRACE 8668 --- [    Test worker] o.h.type.descriptor.sql.BasicExtractor   : extracted value ([post_con3_2_] : [VARCHAR]) - [BsDq5bLC2Y]
2023-08-14 13:34:04.121 TRACE 8668 --- [    Test worker] o.h.type.descriptor.sql.BasicExtractor   : extracted value ([post_cre4_2_] : [TIMESTAMP]) - [2023-08-14 11:35:13.693]
2023-08-14 13:34:04.121 TRACE 8668 --- [    Test worker] o.h.type.descriptor.sql.BasicExtractor   : extracted value ([post_sho5_2_] : [VARCHAR]) - [Y]
2023-08-14 13:34:04.121 TRACE 8668 --- [    Test worker] o.h.type.descriptor.sql.BasicExtractor   : extracted value ([post_tit6_2_] : [VARCHAR]) - [테스트 글 제목 195]
2023-08-14 13:34:04.121 TRACE 8668 --- [    Test worker] o.h.type.descriptor.sql.BasicExtractor   : extracted value ([post_upd7_2_] : [TIMESTAMP]) - [2023-08-14 11:35:13.693]
2023-08-14 13:34:04.121 TRACE 8668 --- [    Test worker] o.h.type.descriptor.sql.BasicExtractor   : extracted value ([post_vie8_2_] : [INTEGER]) - [0]
2023-08-14 13:34:04.121 TRACE 8668 --- [    Test worker] o.h.type.descriptor.sql.BasicExtractor   : extracted value ([post_wri9_2_] : [VARCHAR]) - [자바]
2023-08-14 13:34:04.121 TRACE 8668 --- [    Test worker] o.h.type.descriptor.sql.BasicExtractor   : extracted value ([post_id1_2_] : [BIGINT]) - [197]
2023-08-14 13:34:04.121 TRACE 8668 --- [    Test worker] o.h.type.descriptor.sql.BasicExtractor   : extracted value ([board_id2_2_] : [BIGINT]) - [1]
2023-08-14 13:34:04.121 TRACE 8668 --- [    Test worker] o.h.type.descriptor.sql.BasicExtractor   : extracted value ([post_con3_2_] : [VARCHAR]) - [7hlhtoUcTp]
2023-08-14 13:34:04.121 TRACE 8668 --- [    Test worker] o.h.type.descriptor.sql.BasicExtractor   : extracted value ([post_cre4_2_] : [TIMESTAMP]) - [2023-08-14 11:35:13.708]
2023-08-14 13:34:04.121 TRACE 8668 --- [    Test worker] o.h.type.descriptor.sql.BasicExtractor   : extracted value ([post_sho5_2_] : [VARCHAR]) - [Y]
2023-08-14 13:34:04.121 TRACE 8668 --- [    Test worker] o.h.type.descriptor.sql.BasicExtractor   : extracted value ([post_tit6_2_] : [VARCHAR]) - [테스트 글 제목 196]
2023-08-14 13:34:04.121 TRACE 8668 --- [    Test worker] o.h.type.descriptor.sql.BasicExtractor   : extracted value ([post_upd7_2_] : [TIMESTAMP]) - [2023-08-14 11:35:13.708]
2023-08-14 13:34:04.121 TRACE 8668 --- [    Test worker] o.h.type.descriptor.sql.BasicExtractor   : extracted value ([post_vie8_2_] : [INTEGER]) - [0]
2023-08-14 13:34:04.121 TRACE 8668 --- [    Test worker] o.h.type.descriptor.sql.BasicExtractor   : extracted value ([post_wri9_2_] : [VARCHAR]) - [자바]
2023-08-14 13:34:04.121 TRACE 8668 --- [    Test worker] o.h.type.descriptor.sql.BasicExtractor   : extracted value ([post_id1_2_] : [BIGINT]) - [198]
2023-08-14 13:34:04.121 TRACE 8668 --- [    Test worker] o.h.type.descriptor.sql.BasicExtractor   : extracted value ([board_id2_2_] : [BIGINT]) - [1]
2023-08-14 13:34:04.121 TRACE 8668 --- [    Test worker] o.h.type.descriptor.sql.BasicExtractor   : extracted value ([post_con3_2_] : [VARCHAR]) - [1X2ggiSavp]
2023-08-14 13:34:04.121 TRACE 8668 --- [    Test worker] o.h.type.descriptor.sql.BasicExtractor   : extracted value ([post_cre4_2_] : [TIMESTAMP]) - [2023-08-14 11:35:13.708]
2023-08-14 13:34:04.121 TRACE 8668 --- [    Test worker] o.h.type.descriptor.sql.BasicExtractor   : extracted value ([post_sho5_2_] : [VARCHAR]) - [Y]
2023-08-14 13:34:04.121 TRACE 8668 --- [    Test worker] o.h.type.descriptor.sql.BasicExtractor   : extracted value ([post_tit6_2_] : [VARCHAR]) - [테스트 글 제목 197]
2023-08-14 13:34:04.121 TRACE 8668 --- [    Test worker] o.h.type.descriptor.sql.BasicExtractor   : extracted value ([post_upd7_2_] : [TIMESTAMP]) - [2023-08-14 11:35:13.708]
2023-08-14 13:34:04.121 TRACE 8668 --- [    Test worker] o.h.type.descriptor.sql.BasicExtractor   : extracted value ([post_vie8_2_] : [INTEGER]) - [0]
2023-08-14 13:34:04.121 TRACE 8668 --- [    Test worker] o.h.type.descriptor.sql.BasicExtractor   : extracted value ([post_wri9_2_] : [VARCHAR]) - [자바]
2023-08-14 13:34:04.121 TRACE 8668 --- [    Test worker] o.h.type.descriptor.sql.BasicExtractor   : extracted value ([post_id1_2_] : [BIGINT]) - [199]
2023-08-14 13:34:04.121 TRACE 8668 --- [    Test worker] o.h.type.descriptor.sql.BasicExtractor   : extracted value ([board_id2_2_] : [BIGINT]) - [1]
2023-08-14 13:34:04.121 TRACE 8668 --- [    Test worker] o.h.type.descriptor.sql.BasicExtractor   : extracted value ([post_con3_2_] : [VARCHAR]) - [Y68JErmbGz]
2023-08-14 13:34:04.121 TRACE 8668 --- [    Test worker] o.h.type.descriptor.sql.BasicExtractor   : extracted value ([post_cre4_2_] : [TIMESTAMP]) - [2023-08-14 11:35:13.708]
2023-08-14 13:34:04.121 TRACE 8668 --- [    Test worker] o.h.type.descriptor.sql.BasicExtractor   : extracted value ([post_sho5_2_] : [VARCHAR]) - [Y]
2023-08-14 13:34:04.121 TRACE 8668 --- [    Test worker] o.h.type.descriptor.sql.BasicExtractor   : extracted value ([post_tit6_2_] : [VARCHAR]) - [테스트 글 제목 198]
2023-08-14 13:34:04.121 TRACE 8668 --- [    Test worker] o.h.type.descriptor.sql.BasicExtractor   : extracted value ([post_upd7_2_] : [TIMESTAMP]) - [2023-08-14 11:35:13.708]
2023-08-14 13:34:04.121 TRACE 8668 --- [    Test worker] o.h.type.descriptor.sql.BasicExtractor   : extracted value ([post_vie8_2_] : [INTEGER]) - [0]
2023-08-14 13:34:04.121 TRACE 8668 --- [    Test worker] o.h.type.descriptor.sql.BasicExtractor   : extracted value ([post_wri9_2_] : [VARCHAR]) - [자바]
2023-08-14 13:34:04.121 TRACE 8668 --- [    Test worker] o.h.type.descriptor.sql.BasicExtractor   : extracted value ([post_id1_2_] : [BIGINT]) - [200]
2023-08-14 13:34:04.121 TRACE 8668 --- [    Test worker] o.h.type.descriptor.sql.BasicExtractor   : extracted value ([board_id2_2_] : [BIGINT]) - [1]
2023-08-14 13:34:04.121 TRACE 8668 --- [    Test worker] o.h.type.descriptor.sql.BasicExtractor   : extracted value ([post_con3_2_] : [VARCHAR]) - [bMQvRIHpyF]
2023-08-14 13:34:04.121 TRACE 8668 --- [    Test worker] o.h.type.descriptor.sql.BasicExtractor   : extracted value ([post_cre4_2_] : [TIMESTAMP]) - [2023-08-14 11:35:13.708]
2023-08-14 13:34:04.121 TRACE 8668 --- [    Test worker] o.h.type.descriptor.sql.BasicExtractor   : extracted value ([post_sho5_2_] : [VARCHAR]) - [Y]
2023-08-14 13:34:04.121 TRACE 8668 --- [    Test worker] o.h.type.descriptor.sql.BasicExtractor   : extracted value ([post_tit6_2_] : [VARCHAR]) - [테스트 글 제목 199]
2023-08-14 13:34:04.121 TRACE 8668 --- [    Test worker] o.h.type.descriptor.sql.BasicExtractor   : extracted value ([post_upd7_2_] : [TIMESTAMP]) - [2023-08-14 11:35:13.708]
2023-08-14 13:34:04.121 TRACE 8668 --- [    Test worker] o.h.type.descriptor.sql.BasicExtractor   : extracted value ([post_vie8_2_] : [INTEGER]) - [0]
2023-08-14 13:34:04.121 TRACE 8668 --- [    Test worker] o.h.type.descriptor.sql.BasicExtractor   : extracted value ([post_wri9_2_] : [VARCHAR]) - [자바]
2023-08-14 13:34:04.121 TRACE 8668 --- [    Test worker] o.h.type.descriptor.sql.BasicExtractor   : extracted value ([post_id1_2_] : [BIGINT]) - [201]
2023-08-14 13:34:04.121 TRACE 8668 --- [    Test worker] o.h.type.descriptor.sql.BasicExtractor   : extracted value ([board_id2_2_] : [BIGINT]) - [1]
2023-08-14 13:34:04.121 TRACE 8668 --- [    Test worker] o.h.type.descriptor.sql.BasicExtractor   : extracted value ([post_con3_2_] : [VARCHAR]) - [7XvEoSXiTd]
2023-08-14 13:34:04.121 TRACE 8668 --- [    Test worker] o.h.type.descriptor.sql.BasicExtractor   : extracted value ([post_cre4_2_] : [TIMESTAMP]) - [2023-08-14 11:35:13.708]
2023-08-14 13:34:04.121 TRACE 8668 --- [    Test worker] o.h.type.descriptor.sql.BasicExtractor   : extracted value ([post_sho5_2_] : [VARCHAR]) - [Y]
2023-08-14 13:34:04.121 TRACE 8668 --- [    Test worker] o.h.type.descriptor.sql.BasicExtractor   : extracted value ([post_tit6_2_] : [VARCHAR]) - [테스트 글 제목 200]
2023-08-14 13:34:04.121 TRACE 8668 --- [    Test worker] o.h.type.descriptor.sql.BasicExtractor   : extracted value ([post_upd7_2_] : [TIMESTAMP]) - [2023-08-14 11:35:13.708]
2023-08-14 13:34:04.121 TRACE 8668 --- [    Test worker] o.h.type.descriptor.sql.BasicExtractor   : extracted value ([post_vie8_2_] : [INTEGER]) - [0]
2023-08-14 13:34:04.121 TRACE 8668 --- [    Test worker] o.h.type.descriptor.sql.BasicExtractor   : extracted value ([post_wri9_2_] : [VARCHAR]) - [자바]
2023-08-14 13:34:04.121 TRACE 8668 --- [    Test worker] o.h.type.descriptor.sql.BasicExtractor   : extracted value ([post_id1_2_] : [BIGINT]) - [203]
2023-08-14 13:34:04.121 TRACE 8668 --- [    Test worker] o.h.type.descriptor.sql.BasicExtractor   : extracted value ([board_id2_2_] : [BIGINT]) - [1]
2023-08-14 13:34:04.121 TRACE 8668 --- [    Test worker] o.h.type.descriptor.sql.BasicExtractor   : extracted value ([post_con3_2_] : [VARCHAR]) - [cM3bJSVjU7]
2023-08-14 13:34:04.121 TRACE 8668 --- [    Test worker] o.h.type.descriptor.sql.BasicExtractor   : extracted value ([post_cre4_2_] : [TIMESTAMP]) - [2023-08-14 13:29:19.294]
2023-08-14 13:34:04.121 TRACE 8668 --- [    Test worker] o.h.type.descriptor.sql.BasicExtractor   : extracted value ([post_sho5_2_] : [VARCHAR]) - [Y]
2023-08-14 13:34:04.121 TRACE 8668 --- [    Test worker] o.h.type.descriptor.sql.BasicExtractor   : extracted value ([post_tit6_2_] : [VARCHAR]) - [테스트 글 제목 1]
2023-08-14 13:34:04.121 TRACE 8668 --- [    Test worker] o.h.type.descriptor.sql.BasicExtractor   : extracted value ([post_upd7_2_] : [TIMESTAMP]) - [2023-08-14 13:29:19.294]
2023-08-14 13:34:04.121 TRACE 8668 --- [    Test worker] o.h.type.descriptor.sql.BasicExtractor   : extracted value ([post_vie8_2_] : [INTEGER]) - [0]
2023-08-14 13:34:04.121 TRACE 8668 --- [    Test worker] o.h.type.descriptor.sql.BasicExtractor   : extracted value ([post_wri9_2_] : [VARCHAR]) - [자바]
2023-08-14 13:34:04.121 TRACE 8668 --- [    Test worker] o.h.type.descriptor.sql.BasicExtractor   : extracted value ([post_id1_2_] : [BIGINT]) - [204]
2023-08-14 13:34:04.121 TRACE 8668 --- [    Test worker] o.h.type.descriptor.sql.BasicExtractor   : extracted value ([board_id2_2_] : [BIGINT]) - [1]
2023-08-14 13:34:04.121 TRACE 8668 --- [    Test worker] o.h.type.descriptor.sql.BasicExtractor   : extracted value ([post_con3_2_] : [VARCHAR]) - [XCbOjgQeWf]
2023-08-14 13:34:04.121 TRACE 8668 --- [    Test worker] o.h.type.descriptor.sql.BasicExtractor   : extracted value ([post_cre4_2_] : [TIMESTAMP]) - [2023-08-14 13:29:19.294]
2023-08-14 13:34:04.121 TRACE 8668 --- [    Test worker] o.h.type.descriptor.sql.BasicExtractor   : extracted value ([post_sho5_2_] : [VARCHAR]) - [Y]
2023-08-14 13:34:04.121 TRACE 8668 --- [    Test worker] o.h.type.descriptor.sql.BasicExtractor   : extracted value ([post_tit6_2_] : [VARCHAR]) - [테스트 글 제목 2]
2023-08-14 13:34:04.121 TRACE 8668 --- [    Test worker] o.h.type.descriptor.sql.BasicExtractor   : extracted value ([post_upd7_2_] : [TIMESTAMP]) - [2023-08-14 13:29:19.294]
2023-08-14 13:34:04.121 TRACE 8668 --- [    Test worker] o.h.type.descriptor.sql.BasicExtractor   : extracted value ([post_vie8_2_] : [INTEGER]) - [0]
2023-08-14 13:34:04.121 TRACE 8668 --- [    Test worker] o.h.type.descriptor.sql.BasicExtractor   : extracted value ([post_wri9_2_] : [VARCHAR]) - [자바]
2023-08-14 13:34:04.121 TRACE 8668 --- [    Test worker] o.h.type.descriptor.sql.BasicExtractor   : extracted value ([post_id1_2_] : [BIGINT]) - [205]
2023-08-14 13:34:04.121 TRACE 8668 --- [    Test worker] o.h.type.descriptor.sql.BasicExtractor   : extracted value ([board_id2_2_] : [BIGINT]) - [1]
2023-08-14 13:34:04.121 TRACE 8668 --- [    Test worker] o.h.type.descriptor.sql.BasicExtractor   : extracted value ([post_con3_2_] : [VARCHAR]) - [lmSxbre5qZ]
2023-08-14 13:34:04.121 TRACE 8668 --- [    Test worker] o.h.type.descriptor.sql.BasicExtractor   : extracted value ([post_cre4_2_] : [TIMESTAMP]) - [2023-08-14 13:29:19.294]
2023-08-14 13:34:04.121 TRACE 8668 --- [    Test worker] o.h.type.descriptor.sql.BasicExtractor   : extracted value ([post_sho5_2_] : [VARCHAR]) - [Y]
2023-08-14 13:34:04.121 TRACE 8668 --- [    Test worker] o.h.type.descriptor.sql.BasicExtractor   : extracted value ([post_tit6_2_] : [VARCHAR]) - [테스트 글 제목 3]
2023-08-14 13:34:04.121 TRACE 8668 --- [    Test worker] o.h.type.descriptor.sql.BasicExtractor   : extracted value ([post_upd7_2_] : [TIMESTAMP]) - [2023-08-14 13:29:19.294]
2023-08-14 13:34:04.121 TRACE 8668 --- [    Test worker] o.h.type.descriptor.sql.BasicExtractor   : extracted value ([post_vie8_2_] : [INTEGER]) - [0]
2023-08-14 13:34:04.121 TRACE 8668 --- [    Test worker] o.h.type.descriptor.sql.BasicExtractor   : extracted value ([post_wri9_2_] : [VARCHAR]) - [자바]
2023-08-14 13:34:04.121 TRACE 8668 --- [    Test worker] o.h.type.descriptor.sql.BasicExtractor   : extracted value ([post_id1_2_] : [BIGINT]) - [206]
2023-08-14 13:34:04.121 TRACE 8668 --- [    Test worker] o.h.type.descriptor.sql.BasicExtractor   : extracted value ([board_id2_2_] : [BIGINT]) - [1]
2023-08-14 13:34:04.121 TRACE 8668 --- [    Test worker] o.h.type.descriptor.sql.BasicExtractor   : extracted value ([post_con3_2_] : [VARCHAR]) - [ZV2w4c5BUE]
2023-08-14 13:34:04.121 TRACE 8668 --- [    Test worker] o.h.type.descriptor.sql.BasicExtractor   : extracted value ([post_cre4_2_] : [TIMESTAMP]) - [2023-08-14 13:29:19.294]
2023-08-14 13:34:04.121 TRACE 8668 --- [    Test worker] o.h.type.descriptor.sql.BasicExtractor   : extracted value ([post_sho5_2_] : [VARCHAR]) - [Y]
2023-08-14 13:34:04.121 TRACE 8668 --- [    Test worker] o.h.type.descriptor.sql.BasicExtractor   : extracted value ([post_tit6_2_] : [VARCHAR]) - [테스트 글 제목 4]
2023-08-14 13:34:04.121 TRACE 8668 --- [    Test worker] o.h.type.descriptor.sql.BasicExtractor   : extracted value ([post_upd7_2_] : [TIMESTAMP]) - [2023-08-14 13:29:19.294]
2023-08-14 13:34:04.121 TRACE 8668 --- [    Test worker] o.h.type.descriptor.sql.BasicExtractor   : extracted value ([post_vie8_2_] : [INTEGER]) - [0]
2023-08-14 13:34:04.121 TRACE 8668 --- [    Test worker] o.h.type.descriptor.sql.BasicExtractor   : extracted value ([post_wri9_2_] : [VARCHAR]) - [자바]
2023-08-14 13:34:04.121 TRACE 8668 --- [    Test worker] o.h.type.descriptor.sql.BasicExtractor   : extracted value ([post_id1_2_] : [BIGINT]) - [207]
2023-08-14 13:34:04.136 TRACE 8668 --- [    Test worker] o.h.type.descriptor.sql.BasicExtractor   : extracted value ([board_id2_2_] : [BIGINT]) - [1]
2023-08-14 13:34:04.136 TRACE 8668 --- [    Test worker] o.h.type.descriptor.sql.BasicExtractor   : extracted value ([post_con3_2_] : [VARCHAR]) - [wxTd6m3sSp]
2023-08-14 13:34:04.136 TRACE 8668 --- [    Test worker] o.h.type.descriptor.sql.BasicExtractor   : extracted value ([post_cre4_2_] : [TIMESTAMP]) - [2023-08-14 13:29:19.294]
2023-08-14 13:34:04.136 TRACE 8668 --- [    Test worker] o.h.type.descriptor.sql.BasicExtractor   : extracted value ([post_sho5_2_] : [VARCHAR]) - [Y]
2023-08-14 13:34:04.136 TRACE 8668 --- [    Test worker] o.h.type.descriptor.sql.BasicExtractor   : extracted value ([post_tit6_2_] : [VARCHAR]) - [테스트 글 제목 5]
2023-08-14 13:34:04.136 TRACE 8668 --- [    Test worker] o.h.type.descriptor.sql.BasicExtractor   : extracted value ([post_upd7_2_] : [TIMESTAMP]) - [2023-08-14 13:29:19.294]
2023-08-14 13:34:04.136 TRACE 8668 --- [    Test worker] o.h.type.descriptor.sql.BasicExtractor   : extracted value ([post_vie8_2_] : [INTEGER]) - [0]
2023-08-14 13:34:04.136 TRACE 8668 --- [    Test worker] o.h.type.descriptor.sql.BasicExtractor   : extracted value ([post_wri9_2_] : [VARCHAR]) - [자바]
2023-08-14 13:34:04.136 TRACE 8668 --- [    Test worker] o.h.type.descriptor.sql.BasicExtractor   : extracted value ([post_id1_2_] : [BIGINT]) - [208]
2023-08-14 13:34:04.136 TRACE 8668 --- [    Test worker] o.h.type.descriptor.sql.BasicExtractor   : extracted value ([board_id2_2_] : [BIGINT]) - [1]
2023-08-14 13:34:04.136 TRACE 8668 --- [    Test worker] o.h.type.descriptor.sql.BasicExtractor   : extracted value ([post_con3_2_] : [VARCHAR]) - [8O74iYlhbI]
2023-08-14 13:34:04.136 TRACE 8668 --- [    Test worker] o.h.type.descriptor.sql.BasicExtractor   : extracted value ([post_cre4_2_] : [TIMESTAMP]) - [2023-08-14 13:29:19.294]
2023-08-14 13:34:04.136 TRACE 8668 --- [    Test worker] o.h.type.descriptor.sql.BasicExtractor   : extracted value ([post_sho5_2_] : [VARCHAR]) - [Y]
2023-08-14 13:34:04.136 TRACE 8668 --- [    Test worker] o.h.type.descriptor.sql.BasicExtractor   : extracted value ([post_tit6_2_] : [VARCHAR]) - [테스트 글 제목 6]
2023-08-14 13:34:04.136 TRACE 8668 --- [    Test worker] o.h.type.descriptor.sql.BasicExtractor   : extracted value ([post_upd7_2_] : [TIMESTAMP]) - [2023-08-14 13:29:19.294]
2023-08-14 13:34:04.136 TRACE 8668 --- [    Test worker] o.h.type.descriptor.sql.BasicExtractor   : extracted value ([post_vie8_2_] : [INTEGER]) - [0]
2023-08-14 13:34:04.136 TRACE 8668 --- [    Test worker] o.h.type.descriptor.sql.BasicExtractor   : extracted value ([post_wri9_2_] : [VARCHAR]) - [자바]
2023-08-14 13:34:04.136 TRACE 8668 --- [    Test worker] o.h.type.descriptor.sql.BasicExtractor   : extracted value ([post_id1_2_] : [BIGINT]) - [209]
2023-08-14 13:34:04.136 TRACE 8668 --- [    Test worker] o.h.type.descriptor.sql.BasicExtractor   : extracted value ([board_id2_2_] : [BIGINT]) - [1]
2023-08-14 13:34:04.136 TRACE 8668 --- [    Test worker] o.h.type.descriptor.sql.BasicExtractor   : extracted value ([post_con3_2_] : [VARCHAR]) - [1t7LhHTRh4]
2023-08-14 13:34:04.136 TRACE 8668 --- [    Test worker] o.h.type.descriptor.sql.BasicExtractor   : extracted value ([post_cre4_2_] : [TIMESTAMP]) - [2023-08-14 13:29:19.294]
2023-08-14 13:34:04.136 TRACE 8668 --- [    Test worker] o.h.type.descriptor.sql.BasicExtractor   : extracted value ([post_sho5_2_] : [VARCHAR]) - [Y]
2023-08-14 13:34:04.136 TRACE 8668 --- [    Test worker] o.h.type.descriptor.sql.BasicExtractor   : extracted value ([post_tit6_2_] : [VARCHAR]) - [테스트 글 제목 7]
2023-08-14 13:34:04.136 TRACE 8668 --- [    Test worker] o.h.type.descriptor.sql.BasicExtractor   : extracted value ([post_upd7_2_] : [TIMESTAMP]) - [2023-08-14 13:29:19.294]
2023-08-14 13:34:04.136 TRACE 8668 --- [    Test worker] o.h.type.descriptor.sql.BasicExtractor   : extracted value ([post_vie8_2_] : [INTEGER]) - [0]
2023-08-14 13:34:04.136 TRACE 8668 --- [    Test worker] o.h.type.descriptor.sql.BasicExtractor   : extracted value ([post_wri9_2_] : [VARCHAR]) - [자바]
2023-08-14 13:34:04.136 TRACE 8668 --- [    Test worker] o.h.type.descriptor.sql.BasicExtractor   : extracted value ([post_id1_2_] : [BIGINT]) - [210]
2023-08-14 13:34:04.136 TRACE 8668 --- [    Test worker] o.h.type.descriptor.sql.BasicExtractor   : extracted value ([board_id2_2_] : [BIGINT]) - [1]
2023-08-14 13:34:04.136 TRACE 8668 --- [    Test worker] o.h.type.descriptor.sql.BasicExtractor   : extracted value ([post_con3_2_] : [VARCHAR]) - [2DF4xfDlRL]
2023-08-14 13:34:04.136 TRACE 8668 --- [    Test worker] o.h.type.descriptor.sql.BasicExtractor   : extracted value ([post_cre4_2_] : [TIMESTAMP]) - [2023-08-14 13:29:19.294]
2023-08-14 13:34:04.136 TRACE 8668 --- [    Test worker] o.h.type.descriptor.sql.BasicExtractor   : extracted value ([post_sho5_2_] : [VARCHAR]) - [Y]
2023-08-14 13:34:04.136 TRACE 8668 --- [    Test worker] o.h.type.descriptor.sql.BasicExtractor   : extracted value ([post_tit6_2_] : [VARCHAR]) - [테스트 글 제목 8]
2023-08-14 13:34:04.136 TRACE 8668 --- [    Test worker] o.h.type.descriptor.sql.BasicExtractor   : extracted value ([post_upd7_2_] : [TIMESTAMP]) - [2023-08-14 13:29:19.294]
2023-08-14 13:34:04.136 TRACE 8668 --- [    Test worker] o.h.type.descriptor.sql.BasicExtractor   : extracted value ([post_vie8_2_] : [INTEGER]) - [0]
2023-08-14 13:34:04.136 TRACE 8668 --- [    Test worker] o.h.type.descriptor.sql.BasicExtractor   : extracted value ([post_wri9_2_] : [VARCHAR]) - [자바]
2023-08-14 13:34:04.136 TRACE 8668 --- [    Test worker] o.h.type.descriptor.sql.BasicExtractor   : extracted value ([post_id1_2_] : [BIGINT]) - [211]
2023-08-14 13:34:04.136 TRACE 8668 --- [    Test worker] o.h.type.descriptor.sql.BasicExtractor   : extracted value ([board_id2_2_] : [BIGINT]) - [1]
2023-08-14 13:34:04.136 TRACE 8668 --- [    Test worker] o.h.type.descriptor.sql.BasicExtractor   : extracted value ([post_con3_2_] : [VARCHAR]) - [MuzbxyGerz]
2023-08-14 13:34:04.136 TRACE 8668 --- [    Test worker] o.h.type.descriptor.sql.BasicExtractor   : extracted value ([post_cre4_2_] : [TIMESTAMP]) - [2023-08-14 13:29:19.31]
2023-08-14 13:34:04.136 TRACE 8668 --- [    Test worker] o.h.type.descriptor.sql.BasicExtractor   : extracted value ([post_sho5_2_] : [VARCHAR]) - [Y]
2023-08-14 13:34:04.136 TRACE 8668 --- [    Test worker] o.h.type.descriptor.sql.BasicExtractor   : extracted value ([post_tit6_2_] : [VARCHAR]) - [테스트 글 제목 9]
2023-08-14 13:34:04.136 TRACE 8668 --- [    Test worker] o.h.type.descriptor.sql.BasicExtractor   : extracted value ([post_upd7_2_] : [TIMESTAMP]) - [2023-08-14 13:29:19.31]
2023-08-14 13:34:04.136 TRACE 8668 --- [    Test worker] o.h.type.descriptor.sql.BasicExtractor   : extracted value ([post_vie8_2_] : [INTEGER]) - [0]
2023-08-14 13:34:04.136 TRACE 8668 --- [    Test worker] o.h.type.descriptor.sql.BasicExtractor   : extracted value ([post_wri9_2_] : [VARCHAR]) - [자바]
2023-08-14 13:34:04.136 TRACE 8668 --- [    Test worker] o.h.type.descriptor.sql.BasicExtractor   : extracted value ([post_id1_2_] : [BIGINT]) - [212]
2023-08-14 13:34:04.136 TRACE 8668 --- [    Test worker] o.h.type.descriptor.sql.BasicExtractor   : extracted value ([board_id2_2_] : [BIGINT]) - [1]
2023-08-14 13:34:04.136 TRACE 8668 --- [    Test worker] o.h.type.descriptor.sql.BasicExtractor   : extracted value ([post_con3_2_] : [VARCHAR]) - [wN0atKIZ2z]
2023-08-14 13:34:04.136 TRACE 8668 --- [    Test worker] o.h.type.descriptor.sql.BasicExtractor   : extracted value ([post_cre4_2_] : [TIMESTAMP]) - [2023-08-14 13:29:19.31]
2023-08-14 13:34:04.136 TRACE 8668 --- [    Test worker] o.h.type.descriptor.sql.BasicExtractor   : extracted value ([post_sho5_2_] : [VARCHAR]) - [Y]
2023-08-14 13:34:04.136 TRACE 8668 --- [    Test worker] o.h.type.descriptor.sql.BasicExtractor   : extracted value ([post_tit6_2_] : [VARCHAR]) - [테스트 글 제목 10]
2023-08-14 13:34:04.136 TRACE 8668 --- [    Test worker] o.h.type.descriptor.sql.BasicExtractor   : extracted value ([post_upd7_2_] : [TIMESTAMP]) - [2023-08-14 13:29:19.31]
2023-08-14 13:34:04.136 TRACE 8668 --- [    Test worker] o.h.type.descriptor.sql.BasicExtractor   : extracted value ([post_vie8_2_] : [INTEGER]) - [0]
2023-08-14 13:34:04.136 TRACE 8668 --- [    Test worker] o.h.type.descriptor.sql.BasicExtractor   : extracted value ([post_wri9_2_] : [VARCHAR]) - [자바]
2023-08-14 13:34:04.136 TRACE 8668 --- [    Test worker] o.h.type.descriptor.sql.BasicExtractor   : extracted value ([post_id1_2_] : [BIGINT]) - [213]
2023-08-14 13:34:04.136 TRACE 8668 --- [    Test worker] o.h.type.descriptor.sql.BasicExtractor   : extracted value ([board_id2_2_] : [BIGINT]) - [1]
2023-08-14 13:34:04.136 TRACE 8668 --- [    Test worker] o.h.type.descriptor.sql.BasicExtractor   : extracted value ([post_con3_2_] : [VARCHAR]) - [VLiory1DpQ]
2023-08-14 13:34:04.136 TRACE 8668 --- [    Test worker] o.h.type.descriptor.sql.BasicExtractor   : extracted value ([post_cre4_2_] : [TIMESTAMP]) - [2023-08-14 13:29:19.31]
2023-08-14 13:34:04.136 TRACE 8668 --- [    Test worker] o.h.type.descriptor.sql.BasicExtractor   : extracted value ([post_sho5_2_] : [VARCHAR]) - [Y]
2023-08-14 13:34:04.136 TRACE 8668 --- [    Test worker] o.h.type.descriptor.sql.BasicExtractor   : extracted value ([post_tit6_2_] : [VARCHAR]) - [테스트 글 제목 11]
2023-08-14 13:34:04.136 TRACE 8668 --- [    Test worker] o.h.type.descriptor.sql.BasicExtractor   : extracted value ([post_upd7_2_] : [TIMESTAMP]) - [2023-08-14 13:29:19.31]
2023-08-14 13:34:04.136 TRACE 8668 --- [    Test worker] o.h.type.descriptor.sql.BasicExtractor   : extracted value ([post_vie8_2_] : [INTEGER]) - [0]
2023-08-14 13:34:04.136 TRACE 8668 --- [    Test worker] o.h.type.descriptor.sql.BasicExtractor   : extracted value ([post_wri9_2_] : [VARCHAR]) - [자바]
2023-08-14 13:34:04.136 TRACE 8668 --- [    Test worker] o.h.type.descriptor.sql.BasicExtractor   : extracted value ([post_id1_2_] : [BIGINT]) - [214]
2023-08-14 13:34:04.136 TRACE 8668 --- [    Test worker] o.h.type.descriptor.sql.BasicExtractor   : extracted value ([board_id2_2_] : [BIGINT]) - [1]
2023-08-14 13:34:04.136 TRACE 8668 --- [    Test worker] o.h.type.descriptor.sql.BasicExtractor   : extracted value ([post_con3_2_] : [VARCHAR]) - [P85DE1azB7]
2023-08-14 13:34:04.136 TRACE 8668 --- [    Test worker] o.h.type.descriptor.sql.BasicExtractor   : extracted value ([post_cre4_2_] : [TIMESTAMP]) - [2023-08-14 13:29:19.31]
2023-08-14 13:34:04.136 TRACE 8668 --- [    Test worker] o.h.type.descriptor.sql.BasicExtractor   : extracted value ([post_sho5_2_] : [VARCHAR]) - [Y]
2023-08-14 13:34:04.136 TRACE 8668 --- [    Test worker] o.h.type.descriptor.sql.BasicExtractor   : extracted value ([post_tit6_2_] : [VARCHAR]) - [테스트 글 제목 12]
2023-08-14 13:34:04.136 TRACE 8668 --- [    Test worker] o.h.type.descriptor.sql.BasicExtractor   : extracted value ([post_upd7_2_] : [TIMESTAMP]) - [2023-08-14 13:29:19.31]
2023-08-14 13:34:04.136 TRACE 8668 --- [    Test worker] o.h.type.descriptor.sql.BasicExtractor   : extracted value ([post_vie8_2_] : [INTEGER]) - [0]
2023-08-14 13:34:04.136 TRACE 8668 --- [    Test worker] o.h.type.descriptor.sql.BasicExtractor   : extracted value ([post_wri9_2_] : [VARCHAR]) - [자바]
2023-08-14 13:34:04.136 TRACE 8668 --- [    Test worker] o.h.type.descriptor.sql.BasicExtractor   : extracted value ([post_id1_2_] : [BIGINT]) - [215]
2023-08-14 13:34:04.136 TRACE 8668 --- [    Test worker] o.h.type.descriptor.sql.BasicExtractor   : extracted value ([board_id2_2_] : [BIGINT]) - [1]
2023-08-14 13:34:04.136 TRACE 8668 --- [    Test worker] o.h.type.descriptor.sql.BasicExtractor   : extracted value ([post_con3_2_] : [VARCHAR]) - [CfnP86TBYY]
2023-08-14 13:34:04.136 TRACE 8668 --- [    Test worker] o.h.type.descriptor.sql.BasicExtractor   : extracted value ([post_cre4_2_] : [TIMESTAMP]) - [2023-08-14 13:29:19.31]
2023-08-14 13:34:04.136 TRACE 8668 --- [    Test worker] o.h.type.descriptor.sql.BasicExtractor   : extracted value ([post_sho5_2_] : [VARCHAR]) - [Y]
2023-08-14 13:34:04.136 TRACE 8668 --- [    Test worker] o.h.type.descriptor.sql.BasicExtractor   : extracted value ([post_tit6_2_] : [VARCHAR]) - [테스트 글 제목 13]
2023-08-14 13:34:04.136 TRACE 8668 --- [    Test worker] o.h.type.descriptor.sql.BasicExtractor   : extracted value ([post_upd7_2_] : [TIMESTAMP]) - [2023-08-14 13:29:19.31]
2023-08-14 13:34:04.136 TRACE 8668 --- [    Test worker] o.h.type.descriptor.sql.BasicExtractor   : extracted value ([post_vie8_2_] : [INTEGER]) - [0]
2023-08-14 13:34:04.136 TRACE 8668 --- [    Test worker] o.h.type.descriptor.sql.BasicExtractor   : extracted value ([post_wri9_2_] : [VARCHAR]) - [자바]
2023-08-14 13:34:04.136 TRACE 8668 --- [    Test worker] o.h.type.descriptor.sql.BasicExtractor   : extracted value ([post_id1_2_] : [BIGINT]) - [216]
2023-08-14 13:34:04.136 TRACE 8668 --- [    Test worker] o.h.type.descriptor.sql.BasicExtractor   : extracted value ([board_id2_2_] : [BIGINT]) - [1]
2023-08-14 13:34:04.136 TRACE 8668 --- [    Test worker] o.h.type.descriptor.sql.BasicExtractor   : extracted value ([post_con3_2_] : [VARCHAR]) - [dMHcfsvMYm]
2023-08-14 13:34:04.136 TRACE 8668 --- [    Test worker] o.h.type.descriptor.sql.BasicExtractor   : extracted value ([post_cre4_2_] : [TIMESTAMP]) - [2023-08-14 13:29:19.31]
2023-08-14 13:34:04.136 TRACE 8668 --- [    Test worker] o.h.type.descriptor.sql.BasicExtractor   : extracted value ([post_sho5_2_] : [VARCHAR]) - [Y]
2023-08-14 13:34:04.136 TRACE 8668 --- [    Test worker] o.h.type.descriptor.sql.BasicExtractor   : extracted value ([post_tit6_2_] : [VARCHAR]) - [테스트 글 제목 14]
2023-08-14 13:34:04.136 TRACE 8668 --- [    Test worker] o.h.type.descriptor.sql.BasicExtractor   : extracted value ([post_upd7_2_] : [TIMESTAMP]) - [2023-08-14 13:29:19.31]
2023-08-14 13:34:04.136 TRACE 8668 --- [    Test worker] o.h.type.descriptor.sql.BasicExtractor   : extracted value ([post_vie8_2_] : [INTEGER]) - [0]
2023-08-14 13:34:04.136 TRACE 8668 --- [    Test worker] o.h.type.descriptor.sql.BasicExtractor   : extracted value ([post_wri9_2_] : [VARCHAR]) - [자바]
2023-08-14 13:34:04.136 TRACE 8668 --- [    Test worker] o.h.type.descriptor.sql.BasicExtractor   : extracted value ([post_id1_2_] : [BIGINT]) - [217]
2023-08-14 13:34:04.136 TRACE 8668 --- [    Test worker] o.h.type.descriptor.sql.BasicExtractor   : extracted value ([board_id2_2_] : [BIGINT]) - [1]
2023-08-14 13:34:04.136 TRACE 8668 --- [    Test worker] o.h.type.descriptor.sql.BasicExtractor   : extracted value ([post_con3_2_] : [VARCHAR]) - [ChoNSKuC9w]
2023-08-14 13:34:04.136 TRACE 8668 --- [    Test worker] o.h.type.descriptor.sql.BasicExtractor   : extracted value ([post_cre4_2_] : [TIMESTAMP]) - [2023-08-14 13:29:19.31]
2023-08-14 13:34:04.136 TRACE 8668 --- [    Test worker] o.h.type.descriptor.sql.BasicExtractor   : extracted value ([post_sho5_2_] : [VARCHAR]) - [Y]
2023-08-14 13:34:04.136 TRACE 8668 --- [    Test worker] o.h.type.descriptor.sql.BasicExtractor   : extracted value ([post_tit6_2_] : [VARCHAR]) - [테스트 글 제목 15]
2023-08-14 13:34:04.136 TRACE 8668 --- [    Test worker] o.h.type.descriptor.sql.BasicExtractor   : extracted value ([post_upd7_2_] : [TIMESTAMP]) - [2023-08-14 13:29:19.31]
2023-08-14 13:34:04.136 TRACE 8668 --- [    Test worker] o.h.type.descriptor.sql.BasicExtractor   : extracted value ([post_vie8_2_] : [INTEGER]) - [0]
2023-08-14 13:34:04.136 TRACE 8668 --- [    Test worker] o.h.type.descriptor.sql.BasicExtractor   : extracted value ([post_wri9_2_] : [VARCHAR]) - [자바]
2023-08-14 13:34:04.136 TRACE 8668 --- [    Test worker] o.h.type.descriptor.sql.BasicExtractor   : extracted value ([post_id1_2_] : [BIGINT]) - [218]
2023-08-14 13:34:04.136 TRACE 8668 --- [    Test worker] o.h.type.descriptor.sql.BasicExtractor   : extracted value ([board_id2_2_] : [BIGINT]) - [1]
2023-08-14 13:34:04.136 TRACE 8668 --- [    Test worker] o.h.type.descriptor.sql.BasicExtractor   : extracted value ([post_con3_2_] : [VARCHAR]) - [SQzxIyscz4]
2023-08-14 13:34:04.136 TRACE 8668 --- [    Test worker] o.h.type.descriptor.sql.BasicExtractor   : extracted value ([post_cre4_2_] : [TIMESTAMP]) - [2023-08-14 13:29:19.31]
2023-08-14 13:34:04.136 TRACE 8668 --- [    Test worker] o.h.type.descriptor.sql.BasicExtractor   : extracted value ([post_sho5_2_] : [VARCHAR]) - [Y]
2023-08-14 13:34:04.136 TRACE 8668 --- [    Test worker] o.h.type.descriptor.sql.BasicExtractor   : extracted value ([post_tit6_2_] : [VARCHAR]) - [테스트 글 제목 16]
2023-08-14 13:34:04.136 TRACE 8668 --- [    Test worker] o.h.type.descriptor.sql.BasicExtractor   : extracted value ([post_upd7_2_] : [TIMESTAMP]) - [2023-08-14 13:29:19.31]
2023-08-14 13:34:04.136 TRACE 8668 --- [    Test worker] o.h.type.descriptor.sql.BasicExtractor   : extracted value ([post_vie8_2_] : [INTEGER]) - [0]
2023-08-14 13:34:04.136 TRACE 8668 --- [    Test worker] o.h.type.descriptor.sql.BasicExtractor   : extracted value ([post_wri9_2_] : [VARCHAR]) - [자바]
2023-08-14 13:34:04.136 TRACE 8668 --- [    Test worker] o.h.type.descriptor.sql.BasicExtractor   : extracted value ([post_id1_2_] : [BIGINT]) - [219]
2023-08-14 13:34:04.136 TRACE 8668 --- [    Test worker] o.h.type.descriptor.sql.BasicExtractor   : extracted value ([board_id2_2_] : [BIGINT]) - [1]
2023-08-14 13:34:04.136 TRACE 8668 --- [    Test worker] o.h.type.descriptor.sql.BasicExtractor   : extracted value ([post_con3_2_] : [VARCHAR]) - [9F8q7Hv7zi]
2023-08-14 13:34:04.136 TRACE 8668 --- [    Test worker] o.h.type.descriptor.sql.BasicExtractor   : extracted value ([post_cre4_2_] : [TIMESTAMP]) - [2023-08-14 13:29:19.31]
2023-08-14 13:34:04.136 TRACE 8668 --- [    Test worker] o.h.type.descriptor.sql.BasicExtractor   : extracted value ([post_sho5_2_] : [VARCHAR]) - [Y]
2023-08-14 13:34:04.136 TRACE 8668 --- [    Test worker] o.h.type.descriptor.sql.BasicExtractor   : extracted value ([post_tit6_2_] : [VARCHAR]) - [테스트 글 제목 17]
2023-08-14 13:34:04.136 TRACE 8668 --- [    Test worker] o.h.type.descriptor.sql.BasicExtractor   : extracted value ([post_upd7_2_] : [TIMESTAMP]) - [2023-08-14 13:29:19.31]
2023-08-14 13:34:04.136 TRACE 8668 --- [    Test worker] o.h.type.descriptor.sql.BasicExtractor   : extracted value ([post_vie8_2_] : [INTEGER]) - [0]
2023-08-14 13:34:04.136 TRACE 8668 --- [    Test worker] o.h.type.descriptor.sql.BasicExtractor   : extracted value ([post_wri9_2_] : [VARCHAR]) - [자바]
2023-08-14 13:34:04.136 TRACE 8668 --- [    Test worker] o.h.type.descriptor.sql.BasicExtractor   : extracted value ([post_id1_2_] : [BIGINT]) - [220]
2023-08-14 13:34:04.136 TRACE 8668 --- [    Test worker] o.h.type.descriptor.sql.BasicExtractor   : extracted value ([board_id2_2_] : [BIGINT]) - [1]
2023-08-14 13:34:04.136 TRACE 8668 --- [    Test worker] o.h.type.descriptor.sql.BasicExtractor   : extracted value ([post_con3_2_] : [VARCHAR]) - [rOcDStyujh]
2023-08-14 13:34:04.136 TRACE 8668 --- [    Test worker] o.h.type.descriptor.sql.BasicExtractor   : extracted value ([post_cre4_2_] : [TIMESTAMP]) - [2023-08-14 13:29:19.326]
2023-08-14 13:34:04.136 TRACE 8668 --- [    Test worker] o.h.type.descriptor.sql.BasicExtractor   : extracted value ([post_sho5_2_] : [VARCHAR]) - [Y]
2023-08-14 13:34:04.136 TRACE 8668 --- [    Test worker] o.h.type.descriptor.sql.BasicExtractor   : extracted value ([post_tit6_2_] : [VARCHAR]) - [테스트 글 제목 18]
2023-08-14 13:34:04.136 TRACE 8668 --- [    Test worker] o.h.type.descriptor.sql.BasicExtractor   : extracted value ([post_upd7_2_] : [TIMESTAMP]) - [2023-08-14 13:29:19.326]
2023-08-14 13:34:04.136 TRACE 8668 --- [    Test worker] o.h.type.descriptor.sql.BasicExtractor   : extracted value ([post_vie8_2_] : [INTEGER]) - [0]
2023-08-14 13:34:04.136 TRACE 8668 --- [    Test worker] o.h.type.descriptor.sql.BasicExtractor   : extracted value ([post_wri9_2_] : [VARCHAR]) - [자바]
2023-08-14 13:34:04.136 TRACE 8668 --- [    Test worker] o.h.type.descriptor.sql.BasicExtractor   : extracted value ([post_id1_2_] : [BIGINT]) - [221]
2023-08-14 13:34:04.136 TRACE 8668 --- [    Test worker] o.h.type.descriptor.sql.BasicExtractor   : extracted value ([board_id2_2_] : [BIGINT]) - [1]
2023-08-14 13:34:04.136 TRACE 8668 --- [    Test worker] o.h.type.descriptor.sql.BasicExtractor   : extracted value ([post_con3_2_] : [VARCHAR]) - [g6EEpq8UTU]
2023-08-14 13:34:04.136 TRACE 8668 --- [    Test worker] o.h.type.descriptor.sql.BasicExtractor   : extracted value ([post_cre4_2_] : [TIMESTAMP]) - [2023-08-14 13:29:19.326]
2023-08-14 13:34:04.136 TRACE 8668 --- [    Test worker] o.h.type.descriptor.sql.BasicExtractor   : extracted value ([post_sho5_2_] : [VARCHAR]) - [Y]
2023-08-14 13:34:04.136 TRACE 8668 --- [    Test worker] o.h.type.descriptor.sql.BasicExtractor   : extracted value ([post_tit6_2_] : [VARCHAR]) - [테스트 글 제목 19]
2023-08-14 13:34:04.136 TRACE 8668 --- [    Test worker] o.h.type.descriptor.sql.BasicExtractor   : extracted value ([post_upd7_2_] : [TIMESTAMP]) - [2023-08-14 13:29:19.326]
2023-08-14 13:34:04.136 TRACE 8668 --- [    Test worker] o.h.type.descriptor.sql.BasicExtractor   : extracted value ([post_vie8_2_] : [INTEGER]) - [0]
2023-08-14 13:34:04.136 TRACE 8668 --- [    Test worker] o.h.type.descriptor.sql.BasicExtractor   : extracted value ([post_wri9_2_] : [VARCHAR]) - [자바]
2023-08-14 13:34:04.136 TRACE 8668 --- [    Test worker] o.h.type.descriptor.sql.BasicExtractor   : extracted value ([post_id1_2_] : [BIGINT]) - [222]
2023-08-14 13:34:04.136 TRACE 8668 --- [    Test worker] o.h.type.descriptor.sql.BasicExtractor   : extracted value ([board_id2_2_] : [BIGINT]) - [1]
2023-08-14 13:34:04.136 TRACE 8668 --- [    Test worker] o.h.type.descriptor.sql.BasicExtractor   : extracted value ([post_con3_2_] : [VARCHAR]) - [cQhmEcqoO6]
2023-08-14 13:34:04.136 TRACE 8668 --- [    Test worker] o.h.type.descriptor.sql.BasicExtractor   : extracted value ([post_cre4_2_] : [TIMESTAMP]) - [2023-08-14 13:29:19.326]
2023-08-14 13:34:04.136 TRACE 8668 --- [    Test worker] o.h.type.descriptor.sql.BasicExtractor   : extracted value ([post_sho5_2_] : [VARCHAR]) - [Y]
2023-08-14 13:34:04.136 TRACE 8668 --- [    Test worker] o.h.type.descriptor.sql.BasicExtractor   : extracted value ([post_tit6_2_] : [VARCHAR]) - [테스트 글 제목 20]
2023-08-14 13:34:04.136 TRACE 8668 --- [    Test worker] o.h.type.descriptor.sql.BasicExtractor   : extracted value ([post_upd7_2_] : [TIMESTAMP]) - [2023-08-14 13:29:19.326]
2023-08-14 13:34:04.136 TRACE 8668 --- [    Test worker] o.h.type.descriptor.sql.BasicExtractor   : extracted value ([post_vie8_2_] : [INTEGER]) - [0]
2023-08-14 13:34:04.136 TRACE 8668 --- [    Test worker] o.h.type.descriptor.sql.BasicExtractor   : extracted value ([post_wri9_2_] : [VARCHAR]) - [자바]
2023-08-14 13:34:04.136 TRACE 8668 --- [    Test worker] o.h.type.descriptor.sql.BasicExtractor   : extracted value ([post_id1_2_] : [BIGINT]) - [223]
2023-08-14 13:34:04.136 TRACE 8668 --- [    Test worker] o.h.type.descriptor.sql.BasicExtractor   : extracted value ([board_id2_2_] : [BIGINT]) - [1]
2023-08-14 13:34:04.136 TRACE 8668 --- [    Test worker] o.h.type.descriptor.sql.BasicExtractor   : extracted value ([post_con3_2_] : [VARCHAR]) - [OecRF8Od5V]
2023-08-14 13:34:04.136 TRACE 8668 --- [    Test worker] o.h.type.descriptor.sql.BasicExtractor   : extracted value ([post_cre4_2_] : [TIMESTAMP]) - [2023-08-14 13:29:19.326]
2023-08-14 13:34:04.136 TRACE 8668 --- [    Test worker] o.h.type.descriptor.sql.BasicExtractor   : extracted value ([post_sho5_2_] : [VARCHAR]) - [Y]
2023-08-14 13:34:04.136 TRACE 8668 --- [    Test worker] o.h.type.descriptor.sql.BasicExtractor   : extracted value ([post_tit6_2_] : [VARCHAR]) - [테스트 글 제목 21]
2023-08-14 13:34:04.136 TRACE 8668 --- [    Test worker] o.h.type.descriptor.sql.BasicExtractor   : extracted value ([post_upd7_2_] : [TIMESTAMP]) - [2023-08-14 13:29:19.326]
2023-08-14 13:34:04.136 TRACE 8668 --- [    Test worker] o.h.type.descriptor.sql.BasicExtractor   : extracted value ([post_vie8_2_] : [INTEGER]) - [0]
2023-08-14 13:34:04.136 TRACE 8668 --- [    Test worker] o.h.type.descriptor.sql.BasicExtractor   : extracted value ([post_wri9_2_] : [VARCHAR]) - [자바]
2023-08-14 13:34:04.136 TRACE 8668 --- [    Test worker] o.h.type.descriptor.sql.BasicExtractor   : extracted value ([post_id1_2_] : [BIGINT]) - [224]
2023-08-14 13:34:04.136 TRACE 8668 --- [    Test worker] o.h.type.descriptor.sql.BasicExtractor   : extracted value ([board_id2_2_] : [BIGINT]) - [1]
2023-08-14 13:34:04.136 TRACE 8668 --- [    Test worker] o.h.type.descriptor.sql.BasicExtractor   : extracted value ([post_con3_2_] : [VARCHAR]) - [3ECYhsBRZX]
2023-08-14 13:34:04.136 TRACE 8668 --- [    Test worker] o.h.type.descriptor.sql.BasicExtractor   : extracted value ([post_cre4_2_] : [TIMESTAMP]) - [2023-08-14 13:29:19.326]
2023-08-14 13:34:04.136 TRACE 8668 --- [    Test worker] o.h.type.descriptor.sql.BasicExtractor   : extracted value ([post_sho5_2_] : [VARCHAR]) - [Y]
2023-08-14 13:34:04.136 TRACE 8668 --- [    Test worker] o.h.type.descriptor.sql.BasicExtractor   : extracted value ([post_tit6_2_] : [VARCHAR]) - [테스트 글 제목 22]
2023-08-14 13:34:04.136 TRACE 8668 --- [    Test worker] o.h.type.descriptor.sql.BasicExtractor   : extracted value ([post_upd7_2_] : [TIMESTAMP]) - [2023-08-14 13:29:19.326]
2023-08-14 13:34:04.136 TRACE 8668 --- [    Test worker] o.h.type.descriptor.sql.BasicExtractor   : extracted value ([post_vie8_2_] : [INTEGER]) - [0]
2023-08-14 13:34:04.136 TRACE 8668 --- [    Test worker] o.h.type.descriptor.sql.BasicExtractor   : extracted value ([post_wri9_2_] : [VARCHAR]) - [자바]
2023-08-14 13:34:04.136 TRACE 8668 --- [    Test worker] o.h.type.descriptor.sql.BasicExtractor   : extracted value ([post_id1_2_] : [BIGINT]) - [225]
2023-08-14 13:34:04.136 TRACE 8668 --- [    Test worker] o.h.type.descriptor.sql.BasicExtractor   : extracted value ([board_id2_2_] : [BIGINT]) - [1]
2023-08-14 13:34:04.136 TRACE 8668 --- [    Test worker] o.h.type.descriptor.sql.BasicExtractor   : extracted value ([post_con3_2_] : [VARCHAR]) - [OVyJxrWEso]
2023-08-14 13:34:04.136 TRACE 8668 --- [    Test worker] o.h.type.descriptor.sql.BasicExtractor   : extracted value ([post_cre4_2_] : [TIMESTAMP]) - [2023-08-14 13:29:19.326]
2023-08-14 13:34:04.136 TRACE 8668 --- [    Test worker] o.h.type.descriptor.sql.BasicExtractor   : extracted value ([post_sho5_2_] : [VARCHAR]) - [Y]
2023-08-14 13:34:04.136 TRACE 8668 --- [    Test worker] o.h.type.descriptor.sql.BasicExtractor   : extracted value ([post_tit6_2_] : [VARCHAR]) - [테스트 글 제목 23]
2023-08-14 13:34:04.136 TRACE 8668 --- [    Test worker] o.h.type.descriptor.sql.BasicExtractor   : extracted value ([post_upd7_2_] : [TIMESTAMP]) - [2023-08-14 13:29:19.326]
2023-08-14 13:34:04.136 TRACE 8668 --- [    Test worker] o.h.type.descriptor.sql.BasicExtractor   : extracted value ([post_vie8_2_] : [INTEGER]) - [0]
2023-08-14 13:34:04.136 TRACE 8668 --- [    Test worker] o.h.type.descriptor.sql.BasicExtractor   : extracted value ([post_wri9_2_] : [VARCHAR]) - [자바]
2023-08-14 13:34:04.136 TRACE 8668 --- [    Test worker] o.h.type.descriptor.sql.BasicExtractor   : extracted value ([post_id1_2_] : [BIGINT]) - [226]
2023-08-14 13:34:04.136 TRACE 8668 --- [    Test worker] o.h.type.descriptor.sql.BasicExtractor   : extracted value ([board_id2_2_] : [BIGINT]) - [1]
2023-08-14 13:34:04.136 TRACE 8668 --- [    Test worker] o.h.type.descriptor.sql.BasicExtractor   : extracted value ([post_con3_2_] : [VARCHAR]) - [so8RzU5Mwn]
2023-08-14 13:34:04.136 TRACE 8668 --- [    Test worker] o.h.type.descriptor.sql.BasicExtractor   : extracted value ([post_cre4_2_] : [TIMESTAMP]) - [2023-08-14 13:29:19.326]
2023-08-14 13:34:04.136 TRACE 8668 --- [    Test worker] o.h.type.descriptor.sql.BasicExtractor   : extracted value ([post_sho5_2_] : [VARCHAR]) - [Y]
2023-08-14 13:34:04.136 TRACE 8668 --- [    Test worker] o.h.type.descriptor.sql.BasicExtractor   : extracted value ([post_tit6_2_] : [VARCHAR]) - [테스트 글 제목 24]
2023-08-14 13:34:04.136 TRACE 8668 --- [    Test worker] o.h.type.descriptor.sql.BasicExtractor   : extracted value ([post_upd7_2_] : [TIMESTAMP]) - [2023-08-14 13:29:19.326]
2023-08-14 13:34:04.136 TRACE 8668 --- [    Test worker] o.h.type.descriptor.sql.BasicExtractor   : extracted value ([post_vie8_2_] : [INTEGER]) - [0]
2023-08-14 13:34:04.136 TRACE 8668 --- [    Test worker] o.h.type.descriptor.sql.BasicExtractor   : extracted value ([post_wri9_2_] : [VARCHAR]) - [자바]
2023-08-14 13:34:04.136 TRACE 8668 --- [    Test worker] o.h.type.descriptor.sql.BasicExtractor   : extracted value ([post_id1_2_] : [BIGINT]) - [227]
2023-08-14 13:34:04.136 TRACE 8668 --- [    Test worker] o.h.type.descriptor.sql.BasicExtractor   : extracted value ([board_id2_2_] : [BIGINT]) - [1]
2023-08-14 13:34:04.136 TRACE 8668 --- [    Test worker] o.h.type.descriptor.sql.BasicExtractor   : extracted value ([post_con3_2_] : [VARCHAR]) - [vpvbmxhQ4l]
2023-08-14 13:34:04.136 TRACE 8668 --- [    Test worker] o.h.type.descriptor.sql.BasicExtractor   : extracted value ([post_cre4_2_] : [TIMESTAMP]) - [2023-08-14 13:29:19.326]
2023-08-14 13:34:04.136 TRACE 8668 --- [    Test worker] o.h.type.descriptor.sql.BasicExtractor   : extracted value ([post_sho5_2_] : [VARCHAR]) - [Y]
2023-08-14 13:34:04.136 TRACE 8668 --- [    Test worker] o.h.type.descriptor.sql.BasicExtractor   : extracted value ([post_tit6_2_] : [VARCHAR]) - [테스트 글 제목 25]
2023-08-14 13:34:04.136 TRACE 8668 --- [    Test worker] o.h.type.descriptor.sql.BasicExtractor   : extracted value ([post_upd7_2_] : [TIMESTAMP]) - [2023-08-14 13:29:19.326]
2023-08-14 13:34:04.136 TRACE 8668 --- [    Test worker] o.h.type.descriptor.sql.BasicExtractor   : extracted value ([post_vie8_2_] : [INTEGER]) - [0]
2023-08-14 13:34:04.136 TRACE 8668 --- [    Test worker] o.h.type.descriptor.sql.BasicExtractor   : extracted value ([post_wri9_2_] : [VARCHAR]) - [자바]
2023-08-14 13:34:04.136 TRACE 8668 --- [    Test worker] o.h.type.descriptor.sql.BasicExtractor   : extracted value ([post_id1_2_] : [BIGINT]) - [228]
2023-08-14 13:34:04.136 TRACE 8668 --- [    Test worker] o.h.type.descriptor.sql.BasicExtractor   : extracted value ([board_id2_2_] : [BIGINT]) - [1]
2023-08-14 13:34:04.136 TRACE 8668 --- [    Test worker] o.h.type.descriptor.sql.BasicExtractor   : extracted value ([post_con3_2_] : [VARCHAR]) - [dF3vYV0DLc]
2023-08-14 13:34:04.136 TRACE 8668 --- [    Test worker] o.h.type.descriptor.sql.BasicExtractor   : extracted value ([post_cre4_2_] : [TIMESTAMP]) - [2023-08-14 13:29:19.341]
2023-08-14 13:34:04.136 TRACE 8668 --- [    Test worker] o.h.type.descriptor.sql.BasicExtractor   : extracted value ([post_sho5_2_] : [VARCHAR]) - [Y]
2023-08-14 13:34:04.136 TRACE 8668 --- [    Test worker] o.h.type.descriptor.sql.BasicExtractor   : extracted value ([post_tit6_2_] : [VARCHAR]) - [테스트 글 제목 26]
2023-08-14 13:34:04.136 TRACE 8668 --- [    Test worker] o.h.type.descriptor.sql.BasicExtractor   : extracted value ([post_upd7_2_] : [TIMESTAMP]) - [2023-08-14 13:29:19.341]
2023-08-14 13:34:04.136 TRACE 8668 --- [    Test worker] o.h.type.descriptor.sql.BasicExtractor   : extracted value ([post_vie8_2_] : [INTEGER]) - [0]
2023-08-14 13:34:04.136 TRACE 8668 --- [    Test worker] o.h.type.descriptor.sql.BasicExtractor   : extracted value ([post_wri9_2_] : [VARCHAR]) - [자바]
2023-08-14 13:34:04.136 TRACE 8668 --- [    Test worker] o.h.type.descriptor.sql.BasicExtractor   : extracted value ([post_id1_2_] : [BIGINT]) - [229]
2023-08-14 13:34:04.136 TRACE 8668 --- [    Test worker] o.h.type.descriptor.sql.BasicExtractor   : extracted value ([board_id2_2_] : [BIGINT]) - [1]
2023-08-14 13:34:04.136 TRACE 8668 --- [    Test worker] o.h.type.descriptor.sql.BasicExtractor   : extracted value ([post_con3_2_] : [VARCHAR]) - [Lcnbt7TnOH]
2023-08-14 13:34:04.136 TRACE 8668 --- [    Test worker] o.h.type.descriptor.sql.BasicExtractor   : extracted value ([post_cre4_2_] : [TIMESTAMP]) - [2023-08-14 13:29:19.341]
2023-08-14 13:34:04.136 TRACE 8668 --- [    Test worker] o.h.type.descriptor.sql.BasicExtractor   : extracted value ([post_sho5_2_] : [VARCHAR]) - [Y]
2023-08-14 13:34:04.136 TRACE 8668 --- [    Test worker] o.h.type.descriptor.sql.BasicExtractor   : extracted value ([post_tit6_2_] : [VARCHAR]) - [테스트 글 제목 27]
2023-08-14 13:34:04.136 TRACE 8668 --- [    Test worker] o.h.type.descriptor.sql.BasicExtractor   : extracted value ([post_upd7_2_] : [TIMESTAMP]) - [2023-08-14 13:29:19.341]
2023-08-14 13:34:04.136 TRACE 8668 --- [    Test worker] o.h.type.descriptor.sql.BasicExtractor   : extracted value ([post_vie8_2_] : [INTEGER]) - [0]
2023-08-14 13:34:04.136 TRACE 8668 --- [    Test worker] o.h.type.descriptor.sql.BasicExtractor   : extracted value ([post_wri9_2_] : [VARCHAR]) - [자바]
2023-08-14 13:34:04.136 TRACE 8668 --- [    Test worker] o.h.type.descriptor.sql.BasicExtractor   : extracted value ([post_id1_2_] : [BIGINT]) - [230]
2023-08-14 13:34:04.136 TRACE 8668 --- [    Test worker] o.h.type.descriptor.sql.BasicExtractor   : extracted value ([board_id2_2_] : [BIGINT]) - [1]
2023-08-14 13:34:04.136 TRACE 8668 --- [    Test worker] o.h.type.descriptor.sql.BasicExtractor   : extracted value ([post_con3_2_] : [VARCHAR]) - [9BUnTEdE6S]
2023-08-14 13:34:04.136 TRACE 8668 --- [    Test worker] o.h.type.descriptor.sql.BasicExtractor   : extracted value ([post_cre4_2_] : [TIMESTAMP]) - [2023-08-14 13:29:19.341]
2023-08-14 13:34:04.136 TRACE 8668 --- [    Test worker] o.h.type.descriptor.sql.BasicExtractor   : extracted value ([post_sho5_2_] : [VARCHAR]) - [Y]
2023-08-14 13:34:04.136 TRACE 8668 --- [    Test worker] o.h.type.descriptor.sql.BasicExtractor   : extracted value ([post_tit6_2_] : [VARCHAR]) - [테스트 글 제목 28]
2023-08-14 13:34:04.136 TRACE 8668 --- [    Test worker] o.h.type.descriptor.sql.BasicExtractor   : extracted value ([post_upd7_2_] : [TIMESTAMP]) - [2023-08-14 13:29:19.341]
2023-08-14 13:34:04.136 TRACE 8668 --- [    Test worker] o.h.type.descriptor.sql.BasicExtractor   : extracted value ([post_vie8_2_] : [INTEGER]) - [0]
2023-08-14 13:34:04.136 TRACE 8668 --- [    Test worker] o.h.type.descriptor.sql.BasicExtractor   : extracted value ([post_wri9_2_] : [VARCHAR]) - [자바]
2023-08-14 13:34:04.136 TRACE 8668 --- [    Test worker] o.h.type.descriptor.sql.BasicExtractor   : extracted value ([post_id1_2_] : [BIGINT]) - [231]
2023-08-14 13:34:04.136 TRACE 8668 --- [    Test worker] o.h.type.descriptor.sql.BasicExtractor   : extracted value ([board_id2_2_] : [BIGINT]) - [1]
2023-08-14 13:34:04.136 TRACE 8668 --- [    Test worker] o.h.type.descriptor.sql.BasicExtractor   : extracted value ([post_con3_2_] : [VARCHAR]) - [Nxqyh5AjIb]
2023-08-14 13:34:04.136 TRACE 8668 --- [    Test worker] o.h.type.descriptor.sql.BasicExtractor   : extracted value ([post_cre4_2_] : [TIMESTAMP]) - [2023-08-14 13:29:19.341]
2023-08-14 13:34:04.136 TRACE 8668 --- [    Test worker] o.h.type.descriptor.sql.BasicExtractor   : extracted value ([post_sho5_2_] : [VARCHAR]) - [Y]
2023-08-14 13:34:04.136 TRACE 8668 --- [    Test worker] o.h.type.descriptor.sql.BasicExtractor   : extracted value ([post_tit6_2_] : [VARCHAR]) - [테스트 글 제목 29]
2023-08-14 13:34:04.136 TRACE 8668 --- [    Test worker] o.h.type.descriptor.sql.BasicExtractor   : extracted value ([post_upd7_2_] : [TIMESTAMP]) - [2023-08-14 13:29:19.341]
2023-08-14 13:34:04.136 TRACE 8668 --- [    Test worker] o.h.type.descriptor.sql.BasicExtractor   : extracted value ([post_vie8_2_] : [INTEGER]) - [0]
2023-08-14 13:34:04.136 TRACE 8668 --- [    Test worker] o.h.type.descriptor.sql.BasicExtractor   : extracted value ([post_wri9_2_] : [VARCHAR]) - [자바]
2023-08-14 13:34:04.136 TRACE 8668 --- [    Test worker] o.h.type.descriptor.sql.BasicExtractor   : extracted value ([post_id1_2_] : [BIGINT]) - [232]
2023-08-14 13:34:04.136 TRACE 8668 --- [    Test worker] o.h.type.descriptor.sql.BasicExtractor   : extracted value ([board_id2_2_] : [BIGINT]) - [1]
2023-08-14 13:34:04.136 TRACE 8668 --- [    Test worker] o.h.type.descriptor.sql.BasicExtractor   : extracted value ([post_con3_2_] : [VARCHAR]) - [cyZ77OwNMZ]
2023-08-14 13:34:04.136 TRACE 8668 --- [    Test worker] o.h.type.descriptor.sql.BasicExtractor   : extracted value ([post_cre4_2_] : [TIMESTAMP]) - [2023-08-14 13:29:19.341]
2023-08-14 13:34:04.136 TRACE 8668 --- [    Test worker] o.h.type.descriptor.sql.BasicExtractor   : extracted value ([post_sho5_2_] : [VARCHAR]) - [Y]
2023-08-14 13:34:04.136 TRACE 8668 --- [    Test worker] o.h.type.descriptor.sql.BasicExtractor   : extracted value ([post_tit6_2_] : [VARCHAR]) - [테스트 글 제목 30]
2023-08-14 13:34:04.136 TRACE 8668 --- [    Test worker] o.h.type.descriptor.sql.BasicExtractor   : extracted value ([post_upd7_2_] : [TIMESTAMP]) - [2023-08-14 13:29:19.341]
2023-08-14 13:34:04.136 TRACE 8668 --- [    Test worker] o.h.type.descriptor.sql.BasicExtractor   : extracted value ([post_vie8_2_] : [INTEGER]) - [0]
2023-08-14 13:34:04.136 TRACE 8668 --- [    Test worker] o.h.type.descriptor.sql.BasicExtractor   : extracted value ([post_wri9_2_] : [VARCHAR]) - [자바]
2023-08-14 13:34:04.136 TRACE 8668 --- [    Test worker] o.h.type.descriptor.sql.BasicExtractor   : extracted value ([post_id1_2_] : [BIGINT]) - [233]
2023-08-14 13:34:04.136 TRACE 8668 --- [    Test worker] o.h.type.descriptor.sql.BasicExtractor   : extracted value ([board_id2_2_] : [BIGINT]) - [1]
2023-08-14 13:34:04.136 TRACE 8668 --- [    Test worker] o.h.type.descriptor.sql.BasicExtractor   : extracted value ([post_con3_2_] : [VARCHAR]) - [lUa04Xl1k8]
2023-08-14 13:34:04.136 TRACE 8668 --- [    Test worker] o.h.type.descriptor.sql.BasicExtractor   : extracted value ([post_cre4_2_] : [TIMESTAMP]) - [2023-08-14 13:29:19.341]
2023-08-14 13:34:04.136 TRACE 8668 --- [    Test worker] o.h.type.descriptor.sql.BasicExtractor   : extracted value ([post_sho5_2_] : [VARCHAR]) - [Y]
2023-08-14 13:34:04.136 TRACE 8668 --- [    Test worker] o.h.type.descriptor.sql.BasicExtractor   : extracted value ([post_tit6_2_] : [VARCHAR]) - [테스트 글 제목 31]
2023-08-14 13:34:04.136 TRACE 8668 --- [    Test worker] o.h.type.descriptor.sql.BasicExtractor   : extracted value ([post_upd7_2_] : [TIMESTAMP]) - [2023-08-14 13:29:19.341]
2023-08-14 13:34:04.136 TRACE 8668 --- [    Test worker] o.h.type.descriptor.sql.BasicExtractor   : extracted value ([post_vie8_2_] : [INTEGER]) - [0]
2023-08-14 13:34:04.136 TRACE 8668 --- [    Test worker] o.h.type.descriptor.sql.BasicExtractor   : extracted value ([post_wri9_2_] : [VARCHAR]) - [자바]
2023-08-14 13:34:04.136 TRACE 8668 --- [    Test worker] o.h.type.descriptor.sql.BasicExtractor   : extracted value ([post_id1_2_] : [BIGINT]) - [234]
2023-08-14 13:34:04.136 TRACE 8668 --- [    Test worker] o.h.type.descriptor.sql.BasicExtractor   : extracted value ([board_id2_2_] : [BIGINT]) - [1]
2023-08-14 13:34:04.136 TRACE 8668 --- [    Test worker] o.h.type.descriptor.sql.BasicExtractor   : extracted value ([post_con3_2_] : [VARCHAR]) - [3oxmKoRZJD]
2023-08-14 13:34:04.136 TRACE 8668 --- [    Test worker] o.h.type.descriptor.sql.BasicExtractor   : extracted value ([post_cre4_2_] : [TIMESTAMP]) - [2023-08-14 13:29:19.357]
2023-08-14 13:34:04.136 TRACE 8668 --- [    Test worker] o.h.type.descriptor.sql.BasicExtractor   : extracted value ([post_sho5_2_] : [VARCHAR]) - [Y]
2023-08-14 13:34:04.136 TRACE 8668 --- [    Test worker] o.h.type.descriptor.sql.BasicExtractor   : extracted value ([post_tit6_2_] : [VARCHAR]) - [테스트 글 제목 32]
2023-08-14 13:34:04.136 TRACE 8668 --- [    Test worker] o.h.type.descriptor.sql.BasicExtractor   : extracted value ([post_upd7_2_] : [TIMESTAMP]) - [2023-08-14 13:29:19.357]
2023-08-14 13:34:04.136 TRACE 8668 --- [    Test worker] o.h.type.descriptor.sql.BasicExtractor   : extracted value ([post_vie8_2_] : [INTEGER]) - [0]
2023-08-14 13:34:04.136 TRACE 8668 --- [    Test worker] o.h.type.descriptor.sql.BasicExtractor   : extracted value ([post_wri9_2_] : [VARCHAR]) - [자바]
2023-08-14 13:34:04.136 TRACE 8668 --- [    Test worker] o.h.type.descriptor.sql.BasicExtractor   : extracted value ([post_id1_2_] : [BIGINT]) - [235]
2023-08-14 13:34:04.136 TRACE 8668 --- [    Test worker] o.h.type.descriptor.sql.BasicExtractor   : extracted value ([board_id2_2_] : [BIGINT]) - [1]
2023-08-14 13:34:04.136 TRACE 8668 --- [    Test worker] o.h.type.descriptor.sql.BasicExtractor   : extracted value ([post_con3_2_] : [VARCHAR]) - [2af1BRzzkF]
2023-08-14 13:34:04.136 TRACE 8668 --- [    Test worker] o.h.type.descriptor.sql.BasicExtractor   : extracted value ([post_cre4_2_] : [TIMESTAMP]) - [2023-08-14 13:29:19.357]
2023-08-14 13:34:04.136 TRACE 8668 --- [    Test worker] o.h.type.descriptor.sql.BasicExtractor   : extracted value ([post_sho5_2_] : [VARCHAR]) - [Y]
2023-08-14 13:34:04.136 TRACE 8668 --- [    Test worker] o.h.type.descriptor.sql.BasicExtractor   : extracted value ([post_tit6_2_] : [VARCHAR]) - [테스트 글 제목 33]
2023-08-14 13:34:04.136 TRACE 8668 --- [    Test worker] o.h.type.descriptor.sql.BasicExtractor   : extracted value ([post_upd7_2_] : [TIMESTAMP]) - [2023-08-14 13:29:19.357]
2023-08-14 13:34:04.136 TRACE 8668 --- [    Test worker] o.h.type.descriptor.sql.BasicExtractor   : extracted value ([post_vie8_2_] : [INTEGER]) - [0]
2023-08-14 13:34:04.136 TRACE 8668 --- [    Test worker] o.h.type.descriptor.sql.BasicExtractor   : extracted value ([post_wri9_2_] : [VARCHAR]) - [자바]
2023-08-14 13:34:04.136 TRACE 8668 --- [    Test worker] o.h.type.descriptor.sql.BasicExtractor   : extracted value ([post_id1_2_] : [BIGINT]) - [236]
2023-08-14 13:34:04.136 TRACE 8668 --- [    Test worker] o.h.type.descriptor.sql.BasicExtractor   : extracted value ([board_id2_2_] : [BIGINT]) - [1]
2023-08-14 13:34:04.136 TRACE 8668 --- [    Test worker] o.h.type.descriptor.sql.BasicExtractor   : extracted value ([post_con3_2_] : [VARCHAR]) - [719bGxW303]
2023-08-14 13:34:04.136 TRACE 8668 --- [    Test worker] o.h.type.descriptor.sql.BasicExtractor   : extracted value ([post_cre4_2_] : [TIMESTAMP]) - [2023-08-14 13:29:19.357]
2023-08-14 13:34:04.136 TRACE 8668 --- [    Test worker] o.h.type.descriptor.sql.BasicExtractor   : extracted value ([post_sho5_2_] : [VARCHAR]) - [Y]
2023-08-14 13:34:04.136 TRACE 8668 --- [    Test worker] o.h.type.descriptor.sql.BasicExtractor   : extracted value ([post_tit6_2_] : [VARCHAR]) - [테스트 글 제목 34]
2023-08-14 13:34:04.136 TRACE 8668 --- [    Test worker] o.h.type.descriptor.sql.BasicExtractor   : extracted value ([post_upd7_2_] : [TIMESTAMP]) - [2023-08-14 13:29:19.357]
2023-08-14 13:34:04.136 TRACE 8668 --- [    Test worker] o.h.type.descriptor.sql.BasicExtractor   : extracted value ([post_vie8_2_] : [INTEGER]) - [0]
2023-08-14 13:34:04.136 TRACE 8668 --- [    Test worker] o.h.type.descriptor.sql.BasicExtractor   : extracted value ([post_wri9_2_] : [VARCHAR]) - [자바]
2023-08-14 13:34:04.136 TRACE 8668 --- [    Test worker] o.h.type.descriptor.sql.BasicExtractor   : extracted value ([post_id1_2_] : [BIGINT]) - [237]
2023-08-14 13:34:04.136 TRACE 8668 --- [    Test worker] o.h.type.descriptor.sql.BasicExtractor   : extracted value ([board_id2_2_] : [BIGINT]) - [1]
2023-08-14 13:34:04.136 TRACE 8668 --- [    Test worker] o.h.type.descriptor.sql.BasicExtractor   : extracted value ([post_con3_2_] : [VARCHAR]) - [1vLkLZjcwi]
2023-08-14 13:34:04.136 TRACE 8668 --- [    Test worker] o.h.type.descriptor.sql.BasicExtractor   : extracted value ([post_cre4_2_] : [TIMESTAMP]) - [2023-08-14 13:29:19.357]
2023-08-14 13:34:04.136 TRACE 8668 --- [    Test worker] o.h.type.descriptor.sql.BasicExtractor   : extracted value ([post_sho5_2_] : [VARCHAR]) - [Y]
2023-08-14 13:34:04.136 TRACE 8668 --- [    Test worker] o.h.type.descriptor.sql.BasicExtractor   : extracted value ([post_tit6_2_] : [VARCHAR]) - [테스트 글 제목 35]
2023-08-14 13:34:04.136 TRACE 8668 --- [    Test worker] o.h.type.descriptor.sql.BasicExtractor   : extracted value ([post_upd7_2_] : [TIMESTAMP]) - [2023-08-14 13:29:19.357]
2023-08-14 13:34:04.136 TRACE 8668 --- [    Test worker] o.h.type.descriptor.sql.BasicExtractor   : extracted value ([post_vie8_2_] : [INTEGER]) - [0]
2023-08-14 13:34:04.136 TRACE 8668 --- [    Test worker] o.h.type.descriptor.sql.BasicExtractor   : extracted value ([post_wri9_2_] : [VARCHAR]) - [자바]
2023-08-14 13:34:04.136 TRACE 8668 --- [    Test worker] o.h.type.descriptor.sql.BasicExtractor   : extracted value ([post_id1_2_] : [BIGINT]) - [238]
2023-08-14 13:34:04.136 TRACE 8668 --- [    Test worker] o.h.type.descriptor.sql.BasicExtractor   : extracted value ([board_id2_2_] : [BIGINT]) - [1]
2023-08-14 13:34:04.136 TRACE 8668 --- [    Test worker] o.h.type.descriptor.sql.BasicExtractor   : extracted value ([post_con3_2_] : [VARCHAR]) - [cS1PT0qcEs]
2023-08-14 13:34:04.136 TRACE 8668 --- [    Test worker] o.h.type.descriptor.sql.BasicExtractor   : extracted value ([post_cre4_2_] : [TIMESTAMP]) - [2023-08-14 13:29:19.357]
2023-08-14 13:34:04.136 TRACE 8668 --- [    Test worker] o.h.type.descriptor.sql.BasicExtractor   : extracted value ([post_sho5_2_] : [VARCHAR]) - [Y]
2023-08-14 13:34:04.136 TRACE 8668 --- [    Test worker] o.h.type.descriptor.sql.BasicExtractor   : extracted value ([post_tit6_2_] : [VARCHAR]) - [테스트 글 제목 36]
2023-08-14 13:34:04.136 TRACE 8668 --- [    Test worker] o.h.type.descriptor.sql.BasicExtractor   : extracted value ([post_upd7_2_] : [TIMESTAMP]) - [2023-08-14 13:29:19.357]
2023-08-14 13:34:04.136 TRACE 8668 --- [    Test worker] o.h.type.descriptor.sql.BasicExtractor   : extracted value ([post_vie8_2_] : [INTEGER]) - [0]
2023-08-14 13:34:04.136 TRACE 8668 --- [    Test worker] o.h.type.descriptor.sql.BasicExtractor   : extracted value ([post_wri9_2_] : [VARCHAR]) - [자바]
2023-08-14 13:34:04.136 TRACE 8668 --- [    Test worker] o.h.type.descriptor.sql.BasicExtractor   : extracted value ([post_id1_2_] : [BIGINT]) - [239]
2023-08-14 13:34:04.136 TRACE 8668 --- [    Test worker] o.h.type.descriptor.sql.BasicExtractor   : extracted value ([board_id2_2_] : [BIGINT]) - [1]
2023-08-14 13:34:04.136 TRACE 8668 --- [    Test worker] o.h.type.descriptor.sql.BasicExtractor   : extracted value ([post_con3_2_] : [VARCHAR]) - [BHI8bvKsYz]
2023-08-14 13:34:04.136 TRACE 8668 --- [    Test worker] o.h.type.descriptor.sql.BasicExtractor   : extracted value ([post_cre4_2_] : [TIMESTAMP]) - [2023-08-14 13:29:19.357]
2023-08-14 13:34:04.136 TRACE 8668 --- [    Test worker] o.h.type.descriptor.sql.BasicExtractor   : extracted value ([post_sho5_2_] : [VARCHAR]) - [Y]
2023-08-14 13:34:04.136 TRACE 8668 --- [    Test worker] o.h.type.descriptor.sql.BasicExtractor   : extracted value ([post_tit6_2_] : [VARCHAR]) - [테스트 글 제목 37]
2023-08-14 13:34:04.136 TRACE 8668 --- [    Test worker] o.h.type.descriptor.sql.BasicExtractor   : extracted value ([post_upd7_2_] : [TIMESTAMP]) - [2023-08-14 13:29:19.357]
2023-08-14 13:34:04.136 TRACE 8668 --- [    Test worker] o.h.type.descriptor.sql.BasicExtractor   : extracted value ([post_vie8_2_] : [INTEGER]) - [0]
2023-08-14 13:34:04.136 TRACE 8668 --- [    Test worker] o.h.type.descriptor.sql.BasicExtractor   : extracted value ([post_wri9_2_] : [VARCHAR]) - [자바]
2023-08-14 13:34:04.136 TRACE 8668 --- [    Test worker] o.h.type.descriptor.sql.BasicExtractor   : extracted value ([post_id1_2_] : [BIGINT]) - [240]
2023-08-14 13:34:04.136 TRACE 8668 --- [    Test worker] o.h.type.descriptor.sql.BasicExtractor   : extracted value ([board_id2_2_] : [BIGINT]) - [1]
2023-08-14 13:34:04.136 TRACE 8668 --- [    Test worker] o.h.type.descriptor.sql.BasicExtractor   : extracted value ([post_con3_2_] : [VARCHAR]) - [LK3t3BT7Z7]
2023-08-14 13:34:04.136 TRACE 8668 --- [    Test worker] o.h.type.descriptor.sql.BasicExtractor   : extracted value ([post_cre4_2_] : [TIMESTAMP]) - [2023-08-14 13:29:19.357]
2023-08-14 13:34:04.136 TRACE 8668 --- [    Test worker] o.h.type.descriptor.sql.BasicExtractor   : extracted value ([post_sho5_2_] : [VARCHAR]) - [Y]
2023-08-14 13:34:04.136 TRACE 8668 --- [    Test worker] o.h.type.descriptor.sql.BasicExtractor   : extracted value ([post_tit6_2_] : [VARCHAR]) - [테스트 글 제목 38]
2023-08-14 13:34:04.136 TRACE 8668 --- [    Test worker] o.h.type.descriptor.sql.BasicExtractor   : extracted value ([post_upd7_2_] : [TIMESTAMP]) - [2023-08-14 13:29:19.357]
2023-08-14 13:34:04.136 TRACE 8668 --- [    Test worker] o.h.type.descriptor.sql.BasicExtractor   : extracted value ([post_vie8_2_] : [INTEGER]) - [0]
2023-08-14 13:34:04.136 TRACE 8668 --- [    Test worker] o.h.type.descriptor.sql.BasicExtractor   : extracted value ([post_wri9_2_] : [VARCHAR]) - [자바]
2023-08-14 13:34:04.136 TRACE 8668 --- [    Test worker] o.h.type.descriptor.sql.BasicExtractor   : extracted value ([post_id1_2_] : [BIGINT]) - [241]
2023-08-14 13:34:04.136 TRACE 8668 --- [    Test worker] o.h.type.descriptor.sql.BasicExtractor   : extracted value ([board_id2_2_] : [BIGINT]) - [1]
2023-08-14 13:34:04.136 TRACE 8668 --- [    Test worker] o.h.type.descriptor.sql.BasicExtractor   : extracted value ([post_con3_2_] : [VARCHAR]) - [VZo6ZiLBe7]
2023-08-14 13:34:04.136 TRACE 8668 --- [    Test worker] o.h.type.descriptor.sql.BasicExtractor   : extracted value ([post_cre4_2_] : [TIMESTAMP]) - [2023-08-14 13:29:19.357]
2023-08-14 13:34:04.136 TRACE 8668 --- [    Test worker] o.h.type.descriptor.sql.BasicExtractor   : extracted value ([post_sho5_2_] : [VARCHAR]) - [Y]
2023-08-14 13:34:04.136 TRACE 8668 --- [    Test worker] o.h.type.descriptor.sql.BasicExtractor   : extracted value ([post_tit6_2_] : [VARCHAR]) - [테스트 글 제목 39]
2023-08-14 13:34:04.136 TRACE 8668 --- [    Test worker] o.h.type.descriptor.sql.BasicExtractor   : extracted value ([post_upd7_2_] : [TIMESTAMP]) - [2023-08-14 13:29:19.357]
2023-08-14 13:34:04.136 TRACE 8668 --- [    Test worker] o.h.type.descriptor.sql.BasicExtractor   : extracted value ([post_vie8_2_] : [INTEGER]) - [0]
2023-08-14 13:34:04.136 TRACE 8668 --- [    Test worker] o.h.type.descriptor.sql.BasicExtractor   : extracted value ([post_wri9_2_] : [VARCHAR]) - [자바]
2023-08-14 13:34:04.136 TRACE 8668 --- [    Test worker] o.h.type.descriptor.sql.BasicExtractor   : extracted value ([post_id1_2_] : [BIGINT]) - [242]
2023-08-14 13:34:04.136 TRACE 8668 --- [    Test worker] o.h.type.descriptor.sql.BasicExtractor   : extracted value ([board_id2_2_] : [BIGINT]) - [1]
2023-08-14 13:34:04.136 TRACE 8668 --- [    Test worker] o.h.type.descriptor.sql.BasicExtractor   : extracted value ([post_con3_2_] : [VARCHAR]) - [3aThuw0ZBY]
2023-08-14 13:34:04.136 TRACE 8668 --- [    Test worker] o.h.type.descriptor.sql.BasicExtractor   : extracted value ([post_cre4_2_] : [TIMESTAMP]) - [2023-08-14 13:29:19.373]
2023-08-14 13:34:04.136 TRACE 8668 --- [    Test worker] o.h.type.descriptor.sql.BasicExtractor   : extracted value ([post_sho5_2_] : [VARCHAR]) - [Y]
2023-08-14 13:34:04.136 TRACE 8668 --- [    Test worker] o.h.type.descriptor.sql.BasicExtractor   : extracted value ([post_tit6_2_] : [VARCHAR]) - [테스트 글 제목 40]
2023-08-14 13:34:04.136 TRACE 8668 --- [    Test worker] o.h.type.descriptor.sql.BasicExtractor   : extracted value ([post_upd7_2_] : [TIMESTAMP]) - [2023-08-14 13:29:19.373]
2023-08-14 13:34:04.136 TRACE 8668 --- [    Test worker] o.h.type.descriptor.sql.BasicExtractor   : extracted value ([post_vie8_2_] : [INTEGER]) - [0]
2023-08-14 13:34:04.136 TRACE 8668 --- [    Test worker] o.h.type.descriptor.sql.BasicExtractor   : extracted value ([post_wri9_2_] : [VARCHAR]) - [자바]
2023-08-14 13:34:04.136 TRACE 8668 --- [    Test worker] o.h.type.descriptor.sql.BasicExtractor   : extracted value ([post_id1_2_] : [BIGINT]) - [243]
2023-08-14 13:34:04.136 TRACE 8668 --- [    Test worker] o.h.type.descriptor.sql.BasicExtractor   : extracted value ([board_id2_2_] : [BIGINT]) - [1]
2023-08-14 13:34:04.136 TRACE 8668 --- [    Test worker] o.h.type.descriptor.sql.BasicExtractor   : extracted value ([post_con3_2_] : [VARCHAR]) - [T2ECJmGQG6]
2023-08-14 13:34:04.136 TRACE 8668 --- [    Test worker] o.h.type.descriptor.sql.BasicExtractor   : extracted value ([post_cre4_2_] : [TIMESTAMP]) - [2023-08-14 13:29:19.373]
2023-08-14 13:34:04.136 TRACE 8668 --- [    Test worker] o.h.type.descriptor.sql.BasicExtractor   : extracted value ([post_sho5_2_] : [VARCHAR]) - [Y]
2023-08-14 13:34:04.136 TRACE 8668 --- [    Test worker] o.h.type.descriptor.sql.BasicExtractor   : extracted value ([post_tit6_2_] : [VARCHAR]) - [테스트 글 제목 41]
2023-08-14 13:34:04.136 TRACE 8668 --- [    Test worker] o.h.type.descriptor.sql.BasicExtractor   : extracted value ([post_upd7_2_] : [TIMESTAMP]) - [2023-08-14 13:29:19.373]
2023-08-14 13:34:04.136 TRACE 8668 --- [    Test worker] o.h.type.descriptor.sql.BasicExtractor   : extracted value ([post_vie8_2_] : [INTEGER]) - [0]
2023-08-14 13:34:04.136 TRACE 8668 --- [    Test worker] o.h.type.descriptor.sql.BasicExtractor   : extracted value ([post_wri9_2_] : [VARCHAR]) - [자바]
2023-08-14 13:34:04.136 TRACE 8668 --- [    Test worker] o.h.type.descriptor.sql.BasicExtractor   : extracted value ([post_id1_2_] : [BIGINT]) - [244]
2023-08-14 13:34:04.136 TRACE 8668 --- [    Test worker] o.h.type.descriptor.sql.BasicExtractor   : extracted value ([board_id2_2_] : [BIGINT]) - [1]
2023-08-14 13:34:04.136 TRACE 8668 --- [    Test worker] o.h.type.descriptor.sql.BasicExtractor   : extracted value ([post_con3_2_] : [VARCHAR]) - [w3H2DIm7jR]
2023-08-14 13:34:04.136 TRACE 8668 --- [    Test worker] o.h.type.descriptor.sql.BasicExtractor   : extracted value ([post_cre4_2_] : [TIMESTAMP]) - [2023-08-14 13:29:19.373]
2023-08-14 13:34:04.136 TRACE 8668 --- [    Test worker] o.h.type.descriptor.sql.BasicExtractor   : extracted value ([post_sho5_2_] : [VARCHAR]) - [Y]
2023-08-14 13:34:04.136 TRACE 8668 --- [    Test worker] o.h.type.descriptor.sql.BasicExtractor   : extracted value ([post_tit6_2_] : [VARCHAR]) - [테스트 글 제목 42]
2023-08-14 13:34:04.136 TRACE 8668 --- [    Test worker] o.h.type.descriptor.sql.BasicExtractor   : extracted value ([post_upd7_2_] : [TIMESTAMP]) - [2023-08-14 13:29:19.373]
2023-08-14 13:34:04.136 TRACE 8668 --- [    Test worker] o.h.type.descriptor.sql.BasicExtractor   : extracted value ([post_vie8_2_] : [INTEGER]) - [0]
2023-08-14 13:34:04.136 TRACE 8668 --- [    Test worker] o.h.type.descriptor.sql.BasicExtractor   : extracted value ([post_wri9_2_] : [VARCHAR]) - [자바]
2023-08-14 13:34:04.136 TRACE 8668 --- [    Test worker] o.h.type.descriptor.sql.BasicExtractor   : extracted value ([post_id1_2_] : [BIGINT]) - [245]
2023-08-14 13:34:04.136 TRACE 8668 --- [    Test worker] o.h.type.descriptor.sql.BasicExtractor   : extracted value ([board_id2_2_] : [BIGINT]) - [1]
2023-08-14 13:34:04.136 TRACE 8668 --- [    Test worker] o.h.type.descriptor.sql.BasicExtractor   : extracted value ([post_con3_2_] : [VARCHAR]) - [CZRZdq6zIF]
2023-08-14 13:34:04.136 TRACE 8668 --- [    Test worker] o.h.type.descriptor.sql.BasicExtractor   : extracted value ([post_cre4_2_] : [TIMESTAMP]) - [2023-08-14 13:29:19.373]
2023-08-14 13:34:04.136 TRACE 8668 --- [    Test worker] o.h.type.descriptor.sql.BasicExtractor   : extracted value ([post_sho5_2_] : [VARCHAR]) - [Y]
2023-08-14 13:34:04.136 TRACE 8668 --- [    Test worker] o.h.type.descriptor.sql.BasicExtractor   : extracted value ([post_tit6_2_] : [VARCHAR]) - [테스트 글 제목 43]
2023-08-14 13:34:04.136 TRACE 8668 --- [    Test worker] o.h.type.descriptor.sql.BasicExtractor   : extracted value ([post_upd7_2_] : [TIMESTAMP]) - [2023-08-14 13:29:19.373]
2023-08-14 13:34:04.136 TRACE 8668 --- [    Test worker] o.h.type.descriptor.sql.BasicExtractor   : extracted value ([post_vie8_2_] : [INTEGER]) - [0]
2023-08-14 13:34:04.136 TRACE 8668 --- [    Test worker] o.h.type.descriptor.sql.BasicExtractor   : extracted value ([post_wri9_2_] : [VARCHAR]) - [자바]
2023-08-14 13:34:04.136 TRACE 8668 --- [    Test worker] o.h.type.descriptor.sql.BasicExtractor   : extracted value ([post_id1_2_] : [BIGINT]) - [246]
2023-08-14 13:34:04.136 TRACE 8668 --- [    Test worker] o.h.type.descriptor.sql.BasicExtractor   : extracted value ([board_id2_2_] : [BIGINT]) - [1]
2023-08-14 13:34:04.136 TRACE 8668 --- [    Test worker] o.h.type.descriptor.sql.BasicExtractor   : extracted value ([post_con3_2_] : [VARCHAR]) - [qiGvvgG2R8]
2023-08-14 13:34:04.136 TRACE 8668 --- [    Test worker] o.h.type.descriptor.sql.BasicExtractor   : extracted value ([post_cre4_2_] : [TIMESTAMP]) - [2023-08-14 13:29:19.373]
2023-08-14 13:34:04.136 TRACE 8668 --- [    Test worker] o.h.type.descriptor.sql.BasicExtractor   : extracted value ([post_sho5_2_] : [VARCHAR]) - [Y]
2023-08-14 13:34:04.136 TRACE 8668 --- [    Test worker] o.h.type.descriptor.sql.BasicExtractor   : extracted value ([post_tit6_2_] : [VARCHAR]) - [테스트 글 제목 44]
2023-08-14 13:34:04.136 TRACE 8668 --- [    Test worker] o.h.type.descriptor.sql.BasicExtractor   : extracted value ([post_upd7_2_] : [TIMESTAMP]) - [2023-08-14 13:29:19.373]
2023-08-14 13:34:04.136 TRACE 8668 --- [    Test worker] o.h.type.descriptor.sql.BasicExtractor   : extracted value ([post_vie8_2_] : [INTEGER]) - [0]
2023-08-14 13:34:04.136 TRACE 8668 --- [    Test worker] o.h.type.descriptor.sql.BasicExtractor   : extracted value ([post_wri9_2_] : [VARCHAR]) - [자바]
2023-08-14 13:34:04.136 TRACE 8668 --- [    Test worker] o.h.type.descriptor.sql.BasicExtractor   : extracted value ([post_id1_2_] : [BIGINT]) - [247]
2023-08-14 13:34:04.136 TRACE 8668 --- [    Test worker] o.h.type.descriptor.sql.BasicExtractor   : extracted value ([board_id2_2_] : [BIGINT]) - [1]
2023-08-14 13:34:04.136 TRACE 8668 --- [    Test worker] o.h.type.descriptor.sql.BasicExtractor   : extracted value ([post_con3_2_] : [VARCHAR]) - [AymKXvlYO5]
2023-08-14 13:34:04.136 TRACE 8668 --- [    Test worker] o.h.type.descriptor.sql.BasicExtractor   : extracted value ([post_cre4_2_] : [TIMESTAMP]) - [2023-08-14 13:29:19.373]
2023-08-14 13:34:04.136 TRACE 8668 --- [    Test worker] o.h.type.descriptor.sql.BasicExtractor   : extracted value ([post_sho5_2_] : [VARCHAR]) - [Y]
2023-08-14 13:34:04.136 TRACE 8668 --- [    Test worker] o.h.type.descriptor.sql.BasicExtractor   : extracted value ([post_tit6_2_] : [VARCHAR]) - [테스트 글 제목 45]
2023-08-14 13:34:04.136 TRACE 8668 --- [    Test worker] o.h.type.descriptor.sql.BasicExtractor   : extracted value ([post_upd7_2_] : [TIMESTAMP]) - [2023-08-14 13:29:19.373]
2023-08-14 13:34:04.136 TRACE 8668 --- [    Test worker] o.h.type.descriptor.sql.BasicExtractor   : extracted value ([post_vie8_2_] : [INTEGER]) - [0]
2023-08-14 13:34:04.136 TRACE 8668 --- [    Test worker] o.h.type.descriptor.sql.BasicExtractor   : extracted value ([post_wri9_2_] : [VARCHAR]) - [자바]
2023-08-14 13:34:04.136 TRACE 8668 --- [    Test worker] o.h.type.descriptor.sql.BasicExtractor   : extracted value ([post_id1_2_] : [BIGINT]) - [248]
2023-08-14 13:34:04.136 TRACE 8668 --- [    Test worker] o.h.type.descriptor.sql.BasicExtractor   : extracted value ([board_id2_2_] : [BIGINT]) - [1]
2023-08-14 13:34:04.136 TRACE 8668 --- [    Test worker] o.h.type.descriptor.sql.BasicExtractor   : extracted value ([post_con3_2_] : [VARCHAR]) - [VE65uxZQ46]
2023-08-14 13:34:04.136 TRACE 8668 --- [    Test worker] o.h.type.descriptor.sql.BasicExtractor   : extracted value ([post_cre4_2_] : [TIMESTAMP]) - [2023-08-14 13:29:19.373]
2023-08-14 13:34:04.136 TRACE 8668 --- [    Test worker] o.h.type.descriptor.sql.BasicExtractor   : extracted value ([post_sho5_2_] : [VARCHAR]) - [Y]
2023-08-14 13:34:04.136 TRACE 8668 --- [    Test worker] o.h.type.descriptor.sql.BasicExtractor   : extracted value ([post_tit6_2_] : [VARCHAR]) - [테스트 글 제목 46]
2023-08-14 13:34:04.136 TRACE 8668 --- [    Test worker] o.h.type.descriptor.sql.BasicExtractor   : extracted value ([post_upd7_2_] : [TIMESTAMP]) - [2023-08-14 13:29:19.373]
2023-08-14 13:34:04.136 TRACE 8668 --- [    Test worker] o.h.type.descriptor.sql.BasicExtractor   : extracted value ([post_vie8_2_] : [INTEGER]) - [0]
2023-08-14 13:34:04.136 TRACE 8668 --- [    Test worker] o.h.type.descriptor.sql.BasicExtractor   : extracted value ([post_wri9_2_] : [VARCHAR]) - [자바]
2023-08-14 13:34:04.136 TRACE 8668 --- [    Test worker] o.h.type.descriptor.sql.BasicExtractor   : extracted value ([post_id1_2_] : [BIGINT]) - [249]
2023-08-14 13:34:04.136 TRACE 8668 --- [    Test worker] o.h.type.descriptor.sql.BasicExtractor   : extracted value ([board_id2_2_] : [BIGINT]) - [1]
2023-08-14 13:34:04.136 TRACE 8668 --- [    Test worker] o.h.type.descriptor.sql.BasicExtractor   : extracted value ([post_con3_2_] : [VARCHAR]) - [YAceDTwLWj]
2023-08-14 13:34:04.136 TRACE 8668 --- [    Test worker] o.h.type.descriptor.sql.BasicExtractor   : extracted value ([post_cre4_2_] : [TIMESTAMP]) - [2023-08-14 13:29:19.373]
2023-08-14 13:34:04.136 TRACE 8668 --- [    Test worker] o.h.type.descriptor.sql.BasicExtractor   : extracted value ([post_sho5_2_] : [VARCHAR]) - [Y]
2023-08-14 13:34:04.136 TRACE 8668 --- [    Test worker] o.h.type.descriptor.sql.BasicExtractor   : extracted value ([post_tit6_2_] : [VARCHAR]) - [테스트 글 제목 47]
2023-08-14 13:34:04.136 TRACE 8668 --- [    Test worker] o.h.type.descriptor.sql.BasicExtractor   : extracted value ([post_upd7_2_] : [TIMESTAMP]) - [2023-08-14 13:29:19.373]
2023-08-14 13:34:04.136 TRACE 8668 --- [    Test worker] o.h.type.descriptor.sql.BasicExtractor   : extracted value ([post_vie8_2_] : [INTEGER]) - [0]
2023-08-14 13:34:04.136 TRACE 8668 --- [    Test worker] o.h.type.descriptor.sql.BasicExtractor   : extracted value ([post_wri9_2_] : [VARCHAR]) - [자바]
2023-08-14 13:34:04.136 TRACE 8668 --- [    Test worker] o.h.type.descriptor.sql.BasicExtractor   : extracted value ([post_id1_2_] : [BIGINT]) - [250]
2023-08-14 13:34:04.136 TRACE 8668 --- [    Test worker] o.h.type.descriptor.sql.BasicExtractor   : extracted value ([board_id2_2_] : [BIGINT]) - [1]
2023-08-14 13:34:04.136 TRACE 8668 --- [    Test worker] o.h.type.descriptor.sql.BasicExtractor   : extracted value ([post_con3_2_] : [VARCHAR]) - [gO4LbweyZO]
2023-08-14 13:34:04.136 TRACE 8668 --- [    Test worker] o.h.type.descriptor.sql.BasicExtractor   : extracted value ([post_cre4_2_] : [TIMESTAMP]) - [2023-08-14 13:29:19.388]
2023-08-14 13:34:04.136 TRACE 8668 --- [    Test worker] o.h.type.descriptor.sql.BasicExtractor   : extracted value ([post_sho5_2_] : [VARCHAR]) - [Y]
2023-08-14 13:34:04.136 TRACE 8668 --- [    Test worker] o.h.type.descriptor.sql.BasicExtractor   : extracted value ([post_tit6_2_] : [VARCHAR]) - [테스트 글 제목 48]
2023-08-14 13:34:04.136 TRACE 8668 --- [    Test worker] o.h.type.descriptor.sql.BasicExtractor   : extracted value ([post_upd7_2_] : [TIMESTAMP]) - [2023-08-14 13:29:19.388]
2023-08-14 13:34:04.136 TRACE 8668 --- [    Test worker] o.h.type.descriptor.sql.BasicExtractor   : extracted value ([post_vie8_2_] : [INTEGER]) - [0]
2023-08-14 13:34:04.136 TRACE 8668 --- [    Test worker] o.h.type.descriptor.sql.BasicExtractor   : extracted value ([post_wri9_2_] : [VARCHAR]) - [자바]
2023-08-14 13:34:04.136 TRACE 8668 --- [    Test worker] o.h.type.descriptor.sql.BasicExtractor   : extracted value ([post_id1_2_] : [BIGINT]) - [251]
2023-08-14 13:34:04.136 TRACE 8668 --- [    Test worker] o.h.type.descriptor.sql.BasicExtractor   : extracted value ([board_id2_2_] : [BIGINT]) - [1]
2023-08-14 13:34:04.136 TRACE 8668 --- [    Test worker] o.h.type.descriptor.sql.BasicExtractor   : extracted value ([post_con3_2_] : [VARCHAR]) - [jg9u5ZGFld]
2023-08-14 13:34:04.136 TRACE 8668 --- [    Test worker] o.h.type.descriptor.sql.BasicExtractor   : extracted value ([post_cre4_2_] : [TIMESTAMP]) - [2023-08-14 13:29:19.388]
2023-08-14 13:34:04.136 TRACE 8668 --- [    Test worker] o.h.type.descriptor.sql.BasicExtractor   : extracted value ([post_sho5_2_] : [VARCHAR]) - [Y]
2023-08-14 13:34:04.136 TRACE 8668 --- [    Test worker] o.h.type.descriptor.sql.BasicExtractor   : extracted value ([post_tit6_2_] : [VARCHAR]) - [테스트 글 제목 49]
2023-08-14 13:34:04.136 TRACE 8668 --- [    Test worker] o.h.type.descriptor.sql.BasicExtractor   : extracted value ([post_upd7_2_] : [TIMESTAMP]) - [2023-08-14 13:29:19.388]
2023-08-14 13:34:04.136 TRACE 8668 --- [    Test worker] o.h.type.descriptor.sql.BasicExtractor   : extracted value ([post_vie8_2_] : [INTEGER]) - [0]
2023-08-14 13:34:04.136 TRACE 8668 --- [    Test worker] o.h.type.descriptor.sql.BasicExtractor   : extracted value ([post_wri9_2_] : [VARCHAR]) - [자바]
2023-08-14 13:34:04.136 TRACE 8668 --- [    Test worker] o.h.type.descriptor.sql.BasicExtractor   : extracted value ([post_id1_2_] : [BIGINT]) - [252]
2023-08-14 13:34:04.136 TRACE 8668 --- [    Test worker] o.h.type.descriptor.sql.BasicExtractor   : extracted value ([board_id2_2_] : [BIGINT]) - [1]
2023-08-14 13:34:04.136 TRACE 8668 --- [    Test worker] o.h.type.descriptor.sql.BasicExtractor   : extracted value ([post_con3_2_] : [VARCHAR]) - [OBLvc21W2j]
2023-08-14 13:34:04.136 TRACE 8668 --- [    Test worker] o.h.type.descriptor.sql.BasicExtractor   : extracted value ([post_cre4_2_] : [TIMESTAMP]) - [2023-08-14 13:29:19.388]
2023-08-14 13:34:04.136 TRACE 8668 --- [    Test worker] o.h.type.descriptor.sql.BasicExtractor   : extracted value ([post_sho5_2_] : [VARCHAR]) - [Y]
2023-08-14 13:34:04.136 TRACE 8668 --- [    Test worker] o.h.type.descriptor.sql.BasicExtractor   : extracted value ([post_tit6_2_] : [VARCHAR]) - [테스트 글 제목 50]
2023-08-14 13:34:04.136 TRACE 8668 --- [    Test worker] o.h.type.descriptor.sql.BasicExtractor   : extracted value ([post_upd7_2_] : [TIMESTAMP]) - [2023-08-14 13:29:19.388]
2023-08-14 13:34:04.136 TRACE 8668 --- [    Test worker] o.h.type.descriptor.sql.BasicExtractor   : extracted value ([post_vie8_2_] : [INTEGER]) - [0]
2023-08-14 13:34:04.136 TRACE 8668 --- [    Test worker] o.h.type.descriptor.sql.BasicExtractor   : extracted value ([post_wri9_2_] : [VARCHAR]) - [자바]
2023-08-14 13:34:04.136 TRACE 8668 --- [    Test worker] o.h.type.descriptor.sql.BasicExtractor   : extracted value ([post_id1_2_] : [BIGINT]) - [253]
2023-08-14 13:34:04.136 TRACE 8668 --- [    Test worker] o.h.type.descriptor.sql.BasicExtractor   : extracted value ([board_id2_2_] : [BIGINT]) - [1]
2023-08-14 13:34:04.136 TRACE 8668 --- [    Test worker] o.h.type.descriptor.sql.BasicExtractor   : extracted value ([post_con3_2_] : [VARCHAR]) - [TiDQIqBZb3]
2023-08-14 13:34:04.136 TRACE 8668 --- [    Test worker] o.h.type.descriptor.sql.BasicExtractor   : extracted value ([post_cre4_2_] : [TIMESTAMP]) - [2023-08-14 13:29:19.388]
2023-08-14 13:34:04.136 TRACE 8668 --- [    Test worker] o.h.type.descriptor.sql.BasicExtractor   : extracted value ([post_sho5_2_] : [VARCHAR]) - [Y]
2023-08-14 13:34:04.136 TRACE 8668 --- [    Test worker] o.h.type.descriptor.sql.BasicExtractor   : extracted value ([post_tit6_2_] : [VARCHAR]) - [테스트 글 제목 51]
2023-08-14 13:34:04.136 TRACE 8668 --- [    Test worker] o.h.type.descriptor.sql.BasicExtractor   : extracted value ([post_upd7_2_] : [TIMESTAMP]) - [2023-08-14 13:29:19.388]
2023-08-14 13:34:04.136 TRACE 8668 --- [    Test worker] o.h.type.descriptor.sql.BasicExtractor   : extracted value ([post_vie8_2_] : [INTEGER]) - [0]
2023-08-14 13:34:04.136 TRACE 8668 --- [    Test worker] o.h.type.descriptor.sql.BasicExtractor   : extracted value ([post_wri9_2_] : [VARCHAR]) - [자바]
2023-08-14 13:34:04.136 TRACE 8668 --- [    Test worker] o.h.type.descriptor.sql.BasicExtractor   : extracted value ([post_id1_2_] : [BIGINT]) - [254]
2023-08-14 13:34:04.136 TRACE 8668 --- [    Test worker] o.h.type.descriptor.sql.BasicExtractor   : extracted value ([board_id2_2_] : [BIGINT]) - [1]
2023-08-14 13:34:04.136 TRACE 8668 --- [    Test worker] o.h.type.descriptor.sql.BasicExtractor   : extracted value ([post_con3_2_] : [VARCHAR]) - [wXyuB9DgFl]
2023-08-14 13:34:04.136 TRACE 8668 --- [    Test worker] o.h.type.descriptor.sql.BasicExtractor   : extracted value ([post_cre4_2_] : [TIMESTAMP]) - [2023-08-14 13:29:19.388]
2023-08-14 13:34:04.136 TRACE 8668 --- [    Test worker] o.h.type.descriptor.sql.BasicExtractor   : extracted value ([post_sho5_2_] : [VARCHAR]) - [Y]
2023-08-14 13:34:04.136 TRACE 8668 --- [    Test worker] o.h.type.descriptor.sql.BasicExtractor   : extracted value ([post_tit6_2_] : [VARCHAR]) - [테스트 글 제목 52]
2023-08-14 13:34:04.136 TRACE 8668 --- [    Test worker] o.h.type.descriptor.sql.BasicExtractor   : extracted value ([post_upd7_2_] : [TIMESTAMP]) - [2023-08-14 13:29:19.388]
2023-08-14 13:34:04.136 TRACE 8668 --- [    Test worker] o.h.type.descriptor.sql.BasicExtractor   : extracted value ([post_vie8_2_] : [INTEGER]) - [0]
2023-08-14 13:34:04.136 TRACE 8668 --- [    Test worker] o.h.type.descriptor.sql.BasicExtractor   : extracted value ([post_wri9_2_] : [VARCHAR]) - [자바]
2023-08-14 13:34:04.136 TRACE 8668 --- [    Test worker] o.h.type.descriptor.sql.BasicExtractor   : extracted value ([post_id1_2_] : [BIGINT]) - [255]
2023-08-14 13:34:04.136 TRACE 8668 --- [    Test worker] o.h.type.descriptor.sql.BasicExtractor   : extracted value ([board_id2_2_] : [BIGINT]) - [1]
2023-08-14 13:34:04.136 TRACE 8668 --- [    Test worker] o.h.type.descriptor.sql.BasicExtractor   : extracted value ([post_con3_2_] : [VARCHAR]) - [wxE7ByNpTp]
2023-08-14 13:34:04.136 TRACE 8668 --- [    Test worker] o.h.type.descriptor.sql.BasicExtractor   : extracted value ([post_cre4_2_] : [TIMESTAMP]) - [2023-08-14 13:29:19.388]
2023-08-14 13:34:04.136 TRACE 8668 --- [    Test worker] o.h.type.descriptor.sql.BasicExtractor   : extracted value ([post_sho5_2_] : [VARCHAR]) - [Y]
2023-08-14 13:34:04.136 TRACE 8668 --- [    Test worker] o.h.type.descriptor.sql.BasicExtractor   : extracted value ([post_tit6_2_] : [VARCHAR]) - [테스트 글 제목 53]
2023-08-14 13:34:04.136 TRACE 8668 --- [    Test worker] o.h.type.descriptor.sql.BasicExtractor   : extracted value ([post_upd7_2_] : [TIMESTAMP]) - [2023-08-14 13:29:19.388]
2023-08-14 13:34:04.136 TRACE 8668 --- [    Test worker] o.h.type.descriptor.sql.BasicExtractor   : extracted value ([post_vie8_2_] : [INTEGER]) - [0]
2023-08-14 13:34:04.136 TRACE 8668 --- [    Test worker] o.h.type.descriptor.sql.BasicExtractor   : extracted value ([post_wri9_2_] : [VARCHAR]) - [자바]
2023-08-14 13:34:04.136 TRACE 8668 --- [    Test worker] o.h.type.descriptor.sql.BasicExtractor   : extracted value ([post_id1_2_] : [BIGINT]) - [256]
2023-08-14 13:34:04.136 TRACE 8668 --- [    Test worker] o.h.type.descriptor.sql.BasicExtractor   : extracted value ([board_id2_2_] : [BIGINT]) - [1]
2023-08-14 13:34:04.136 TRACE 8668 --- [    Test worker] o.h.type.descriptor.sql.BasicExtractor   : extracted value ([post_con3_2_] : [VARCHAR]) - [cRDKv3iSJX]
2023-08-14 13:34:04.136 TRACE 8668 --- [    Test worker] o.h.type.descriptor.sql.BasicExtractor   : extracted value ([post_cre4_2_] : [TIMESTAMP]) - [2023-08-14 13:29:19.388]
2023-08-14 13:34:04.136 TRACE 8668 --- [    Test worker] o.h.type.descriptor.sql.BasicExtractor   : extracted value ([post_sho5_2_] : [VARCHAR]) - [Y]
2023-08-14 13:34:04.136 TRACE 8668 --- [    Test worker] o.h.type.descriptor.sql.BasicExtractor   : extracted value ([post_tit6_2_] : [VARCHAR]) - [테스트 글 제목 54]
2023-08-14 13:34:04.136 TRACE 8668 --- [    Test worker] o.h.type.descriptor.sql.BasicExtractor   : extracted value ([post_upd7_2_] : [TIMESTAMP]) - [2023-08-14 13:29:19.388]
2023-08-14 13:34:04.136 TRACE 8668 --- [    Test worker] o.h.type.descriptor.sql.BasicExtractor   : extracted value ([post_vie8_2_] : [INTEGER]) - [0]
2023-08-14 13:34:04.136 TRACE 8668 --- [    Test worker] o.h.type.descriptor.sql.BasicExtractor   : extracted value ([post_wri9_2_] : [VARCHAR]) - [자바]
2023-08-14 13:34:04.136 TRACE 8668 --- [    Test worker] o.h.type.descriptor.sql.BasicExtractor   : extracted value ([post_id1_2_] : [BIGINT]) - [257]
2023-08-14 13:34:04.136 TRACE 8668 --- [    Test worker] o.h.type.descriptor.sql.BasicExtractor   : extracted value ([board_id2_2_] : [BIGINT]) - [1]
2023-08-14 13:34:04.136 TRACE 8668 --- [    Test worker] o.h.type.descriptor.sql.BasicExtractor   : extracted value ([post_con3_2_] : [VARCHAR]) - [FY7hQhnFwg]
2023-08-14 13:34:04.136 TRACE 8668 --- [    Test worker] o.h.type.descriptor.sql.BasicExtractor   : extracted value ([post_cre4_2_] : [TIMESTAMP]) - [2023-08-14 13:29:19.388]
2023-08-14 13:34:04.136 TRACE 8668 --- [    Test worker] o.h.type.descriptor.sql.BasicExtractor   : extracted value ([post_sho5_2_] : [VARCHAR]) - [Y]
2023-08-14 13:34:04.136 TRACE 8668 --- [    Test worker] o.h.type.descriptor.sql.BasicExtractor   : extracted value ([post_tit6_2_] : [VARCHAR]) - [테스트 글 제목 55]
2023-08-14 13:34:04.136 TRACE 8668 --- [    Test worker] o.h.type.descriptor.sql.BasicExtractor   : extracted value ([post_upd7_2_] : [TIMESTAMP]) - [2023-08-14 13:29:19.388]
2023-08-14 13:34:04.136 TRACE 8668 --- [    Test worker] o.h.type.descriptor.sql.BasicExtractor   : extracted value ([post_vie8_2_] : [INTEGER]) - [0]
2023-08-14 13:34:04.136 TRACE 8668 --- [    Test worker] o.h.type.descriptor.sql.BasicExtractor   : extracted value ([post_wri9_2_] : [VARCHAR]) - [자바]
2023-08-14 13:34:04.136 TRACE 8668 --- [    Test worker] o.h.type.descriptor.sql.BasicExtractor   : extracted value ([post_id1_2_] : [BIGINT]) - [258]
2023-08-14 13:34:04.136 TRACE 8668 --- [    Test worker] o.h.type.descriptor.sql.BasicExtractor   : extracted value ([board_id2_2_] : [BIGINT]) - [1]
2023-08-14 13:34:04.136 TRACE 8668 --- [    Test worker] o.h.type.descriptor.sql.BasicExtractor   : extracted value ([post_con3_2_] : [VARCHAR]) - [LKe3q6uV6p]
2023-08-14 13:34:04.136 TRACE 8668 --- [    Test worker] o.h.type.descriptor.sql.BasicExtractor   : extracted value ([post_cre4_2_] : [TIMESTAMP]) - [2023-08-14 13:29:19.388]
2023-08-14 13:34:04.136 TRACE 8668 --- [    Test worker] o.h.type.descriptor.sql.BasicExtractor   : extracted value ([post_sho5_2_] : [VARCHAR]) - [Y]
2023-08-14 13:34:04.136 TRACE 8668 --- [    Test worker] o.h.type.descriptor.sql.BasicExtractor   : extracted value ([post_tit6_2_] : [VARCHAR]) - [테스트 글 제목 56]
2023-08-14 13:34:04.136 TRACE 8668 --- [    Test worker] o.h.type.descriptor.sql.BasicExtractor   : extracted value ([post_upd7_2_] : [TIMESTAMP]) - [2023-08-14 13:29:19.388]
2023-08-14 13:34:04.136 TRACE 8668 --- [    Test worker] o.h.type.descriptor.sql.BasicExtractor   : extracted value ([post_vie8_2_] : [INTEGER]) - [0]
2023-08-14 13:34:04.136 TRACE 8668 --- [    Test worker] o.h.type.descriptor.sql.BasicExtractor   : extracted value ([post_wri9_2_] : [VARCHAR]) - [자바]
2023-08-14 13:34:04.136 TRACE 8668 --- [    Test worker] o.h.type.descriptor.sql.BasicExtractor   : extracted value ([post_id1_2_] : [BIGINT]) - [259]
2023-08-14 13:34:04.136 TRACE 8668 --- [    Test worker] o.h.type.descriptor.sql.BasicExtractor   : extracted value ([board_id2_2_] : [BIGINT]) - [1]
2023-08-14 13:34:04.136 TRACE 8668 --- [    Test worker] o.h.type.descriptor.sql.BasicExtractor   : extracted value ([post_con3_2_] : [VARCHAR]) - [jkl2f8CP7U]
2023-08-14 13:34:04.136 TRACE 8668 --- [    Test worker] o.h.type.descriptor.sql.BasicExtractor   : extracted value ([post_cre4_2_] : [TIMESTAMP]) - [2023-08-14 13:29:19.388]
2023-08-14 13:34:04.136 TRACE 8668 --- [    Test worker] o.h.type.descriptor.sql.BasicExtractor   : extracted value ([post_sho5_2_] : [VARCHAR]) - [Y]
2023-08-14 13:34:04.136 TRACE 8668 --- [    Test worker] o.h.type.descriptor.sql.BasicExtractor   : extracted value ([post_tit6_2_] : [VARCHAR]) - [테스트 글 제목 57]
2023-08-14 13:34:04.136 TRACE 8668 --- [    Test worker] o.h.type.descriptor.sql.BasicExtractor   : extracted value ([post_upd7_2_] : [TIMESTAMP]) - [2023-08-14 13:29:19.388]
2023-08-14 13:34:04.136 TRACE 8668 --- [    Test worker] o.h.type.descriptor.sql.BasicExtractor   : extracted value ([post_vie8_2_] : [INTEGER]) - [0]
2023-08-14 13:34:04.136 TRACE 8668 --- [    Test worker] o.h.type.descriptor.sql.BasicExtractor   : extracted value ([post_wri9_2_] : [VARCHAR]) - [자바]
2023-08-14 13:34:04.136 TRACE 8668 --- [    Test worker] o.h.type.descriptor.sql.BasicExtractor   : extracted value ([post_id1_2_] : [BIGINT]) - [260]
2023-08-14 13:34:04.136 TRACE 8668 --- [    Test worker] o.h.type.descriptor.sql.BasicExtractor   : extracted value ([board_id2_2_] : [BIGINT]) - [1]
2023-08-14 13:34:04.136 TRACE 8668 --- [    Test worker] o.h.type.descriptor.sql.BasicExtractor   : extracted value ([post_con3_2_] : [VARCHAR]) - [NCA7kOY7dg]
2023-08-14 13:34:04.136 TRACE 8668 --- [    Test worker] o.h.type.descriptor.sql.BasicExtractor   : extracted value ([post_cre4_2_] : [TIMESTAMP]) - [2023-08-14 13:29:19.404]
2023-08-14 13:34:04.136 TRACE 8668 --- [    Test worker] o.h.type.descriptor.sql.BasicExtractor   : extracted value ([post_sho5_2_] : [VARCHAR]) - [Y]
2023-08-14 13:34:04.136 TRACE 8668 --- [    Test worker] o.h.type.descriptor.sql.BasicExtractor   : extracted value ([post_tit6_2_] : [VARCHAR]) - [테스트 글 제목 58]
2023-08-14 13:34:04.136 TRACE 8668 --- [    Test worker] o.h.type.descriptor.sql.BasicExtractor   : extracted value ([post_upd7_2_] : [TIMESTAMP]) - [2023-08-14 13:29:19.404]
2023-08-14 13:34:04.136 TRACE 8668 --- [    Test worker] o.h.type.descriptor.sql.BasicExtractor   : extracted value ([post_vie8_2_] : [INTEGER]) - [0]
2023-08-14 13:34:04.136 TRACE 8668 --- [    Test worker] o.h.type.descriptor.sql.BasicExtractor   : extracted value ([post_wri9_2_] : [VARCHAR]) - [자바]
2023-08-14 13:34:04.136 TRACE 8668 --- [    Test worker] o.h.type.descriptor.sql.BasicExtractor   : extracted value ([post_id1_2_] : [BIGINT]) - [261]
2023-08-14 13:34:04.136 TRACE 8668 --- [    Test worker] o.h.type.descriptor.sql.BasicExtractor   : extracted value ([board_id2_2_] : [BIGINT]) - [1]
2023-08-14 13:34:04.136 TRACE 8668 --- [    Test worker] o.h.type.descriptor.sql.BasicExtractor   : extracted value ([post_con3_2_] : [VARCHAR]) - [mGBJ4jibK8]
2023-08-14 13:34:04.136 TRACE 8668 --- [    Test worker] o.h.type.descriptor.sql.BasicExtractor   : extracted value ([post_cre4_2_] : [TIMESTAMP]) - [2023-08-14 13:29:19.404]
2023-08-14 13:34:04.136 TRACE 8668 --- [    Test worker] o.h.type.descriptor.sql.BasicExtractor   : extracted value ([post_sho5_2_] : [VARCHAR]) - [Y]
2023-08-14 13:34:04.136 TRACE 8668 --- [    Test worker] o.h.type.descriptor.sql.BasicExtractor   : extracted value ([post_tit6_2_] : [VARCHAR]) - [테스트 글 제목 59]
2023-08-14 13:34:04.136 TRACE 8668 --- [    Test worker] o.h.type.descriptor.sql.BasicExtractor   : extracted value ([post_upd7_2_] : [TIMESTAMP]) - [2023-08-14 13:29:19.404]
2023-08-14 13:34:04.136 TRACE 8668 --- [    Test worker] o.h.type.descriptor.sql.BasicExtractor   : extracted value ([post_vie8_2_] : [INTEGER]) - [0]
2023-08-14 13:34:04.136 TRACE 8668 --- [    Test worker] o.h.type.descriptor.sql.BasicExtractor   : extracted value ([post_wri9_2_] : [VARCHAR]) - [자바]
2023-08-14 13:34:04.136 TRACE 8668 --- [    Test worker] o.h.type.descriptor.sql.BasicExtractor   : extracted value ([post_id1_2_] : [BIGINT]) - [262]
2023-08-14 13:34:04.136 TRACE 8668 --- [    Test worker] o.h.type.descriptor.sql.BasicExtractor   : extracted value ([board_id2_2_] : [BIGINT]) - [1]
2023-08-14 13:34:04.136 TRACE 8668 --- [    Test worker] o.h.type.descriptor.sql.BasicExtractor   : extracted value ([post_con3_2_] : [VARCHAR]) - [nHtaU9PKLx]
2023-08-14 13:34:04.136 TRACE 8668 --- [    Test worker] o.h.type.descriptor.sql.BasicExtractor   : extracted value ([post_cre4_2_] : [TIMESTAMP]) - [2023-08-14 13:29:19.404]
2023-08-14 13:34:04.136 TRACE 8668 --- [    Test worker] o.h.type.descriptor.sql.BasicExtractor   : extracted value ([post_sho5_2_] : [VARCHAR]) - [Y]
2023-08-14 13:34:04.136 TRACE 8668 --- [    Test worker] o.h.type.descriptor.sql.BasicExtractor   : extracted value ([post_tit6_2_] : [VARCHAR]) - [테스트 글 제목 60]
2023-08-14 13:34:04.136 TRACE 8668 --- [    Test worker] o.h.type.descriptor.sql.BasicExtractor   : extracted value ([post_upd7_2_] : [TIMESTAMP]) - [2023-08-14 13:29:19.404]
2023-08-14 13:34:04.136 TRACE 8668 --- [    Test worker] o.h.type.descriptor.sql.BasicExtractor   : extracted value ([post_vie8_2_] : [INTEGER]) - [0]
2023-08-14 13:34:04.136 TRACE 8668 --- [    Test worker] o.h.type.descriptor.sql.BasicExtractor   : extracted value ([post_wri9_2_] : [VARCHAR]) - [자바]
2023-08-14 13:34:04.136 TRACE 8668 --- [    Test worker] o.h.type.descriptor.sql.BasicExtractor   : extracted value ([post_id1_2_] : [BIGINT]) - [263]
2023-08-14 13:34:04.136 TRACE 8668 --- [    Test worker] o.h.type.descriptor.sql.BasicExtractor   : extracted value ([board_id2_2_] : [BIGINT]) - [1]
2023-08-14 13:34:04.136 TRACE 8668 --- [    Test worker] o.h.type.descriptor.sql.BasicExtractor   : extracted value ([post_con3_2_] : [VARCHAR]) - [f2AdZ4j53Y]
2023-08-14 13:34:04.136 TRACE 8668 --- [    Test worker] o.h.type.descriptor.sql.BasicExtractor   : extracted value ([post_cre4_2_] : [TIMESTAMP]) - [2023-08-14 13:29:19.404]
2023-08-14 13:34:04.136 TRACE 8668 --- [    Test worker] o.h.type.descriptor.sql.BasicExtractor   : extracted value ([post_sho5_2_] : [VARCHAR]) - [Y]
2023-08-14 13:34:04.136 TRACE 8668 --- [    Test worker] o.h.type.descriptor.sql.BasicExtractor   : extracted value ([post_tit6_2_] : [VARCHAR]) - [테스트 글 제목 61]
2023-08-14 13:34:04.136 TRACE 8668 --- [    Test worker] o.h.type.descriptor.sql.BasicExtractor   : extracted value ([post_upd7_2_] : [TIMESTAMP]) - [2023-08-14 13:29:19.404]
2023-08-14 13:34:04.136 TRACE 8668 --- [    Test worker] o.h.type.descriptor.sql.BasicExtractor   : extracted value ([post_vie8_2_] : [INTEGER]) - [0]
2023-08-14 13:34:04.136 TRACE 8668 --- [    Test worker] o.h.type.descriptor.sql.BasicExtractor   : extracted value ([post_wri9_2_] : [VARCHAR]) - [자바]
2023-08-14 13:34:04.136 TRACE 8668 --- [    Test worker] o.h.type.descriptor.sql.BasicExtractor   : extracted value ([post_id1_2_] : [BIGINT]) - [264]
2023-08-14 13:34:04.136 TRACE 8668 --- [    Test worker] o.h.type.descriptor.sql.BasicExtractor   : extracted value ([board_id2_2_] : [BIGINT]) - [1]
2023-08-14 13:34:04.136 TRACE 8668 --- [    Test worker] o.h.type.descriptor.sql.BasicExtractor   : extracted value ([post_con3_2_] : [VARCHAR]) - [hMF8bIARV9]
2023-08-14 13:34:04.136 TRACE 8668 --- [    Test worker] o.h.type.descriptor.sql.BasicExtractor   : extracted value ([post_cre4_2_] : [TIMESTAMP]) - [2023-08-14 13:29:19.404]
2023-08-14 13:34:04.136 TRACE 8668 --- [    Test worker] o.h.type.descriptor.sql.BasicExtractor   : extracted value ([post_sho5_2_] : [VARCHAR]) - [Y]
2023-08-14 13:34:04.136 TRACE 8668 --- [    Test worker] o.h.type.descriptor.sql.BasicExtractor   : extracted value ([post_tit6_2_] : [VARCHAR]) - [테스트 글 제목 62]
2023-08-14 13:34:04.136 TRACE 8668 --- [    Test worker] o.h.type.descriptor.sql.BasicExtractor   : extracted value ([post_upd7_2_] : [TIMESTAMP]) - [2023-08-14 13:29:19.404]
2023-08-14 13:34:04.136 TRACE 8668 --- [    Test worker] o.h.type.descriptor.sql.BasicExtractor   : extracted value ([post_vie8_2_] : [INTEGER]) - [0]
2023-08-14 13:34:04.136 TRACE 8668 --- [    Test worker] o.h.type.descriptor.sql.BasicExtractor   : extracted value ([post_wri9_2_] : [VARCHAR]) - [자바]
2023-08-14 13:34:04.136 TRACE 8668 --- [    Test worker] o.h.type.descriptor.sql.BasicExtractor   : extracted value ([post_id1_2_] : [BIGINT]) - [265]
2023-08-14 13:34:04.136 TRACE 8668 --- [    Test worker] o.h.type.descriptor.sql.BasicExtractor   : extracted value ([board_id2_2_] : [BIGINT]) - [1]
2023-08-14 13:34:04.136 TRACE 8668 --- [    Test worker] o.h.type.descriptor.sql.BasicExtractor   : extracted value ([post_con3_2_] : [VARCHAR]) - [4HAx8xn2ku]
2023-08-14 13:34:04.136 TRACE 8668 --- [    Test worker] o.h.type.descriptor.sql.BasicExtractor   : extracted value ([post_cre4_2_] : [TIMESTAMP]) - [2023-08-14 13:29:19.404]
2023-08-14 13:34:04.136 TRACE 8668 --- [    Test worker] o.h.type.descriptor.sql.BasicExtractor   : extracted value ([post_sho5_2_] : [VARCHAR]) - [Y]
2023-08-14 13:34:04.136 TRACE 8668 --- [    Test worker] o.h.type.descriptor.sql.BasicExtractor   : extracted value ([post_tit6_2_] : [VARCHAR]) - [테스트 글 제목 63]
2023-08-14 13:34:04.136 TRACE 8668 --- [    Test worker] o.h.type.descriptor.sql.BasicExtractor   : extracted value ([post_upd7_2_] : [TIMESTAMP]) - [2023-08-14 13:29:19.404]
2023-08-14 13:34:04.136 TRACE 8668 --- [    Test worker] o.h.type.descriptor.sql.BasicExtractor   : extracted value ([post_vie8_2_] : [INTEGER]) - [0]
2023-08-14 13:34:04.136 TRACE 8668 --- [    Test worker] o.h.type.descriptor.sql.BasicExtractor   : extracted value ([post_wri9_2_] : [VARCHAR]) - [자바]
2023-08-14 13:34:04.136 TRACE 8668 --- [    Test worker] o.h.type.descriptor.sql.BasicExtractor   : extracted value ([post_id1_2_] : [BIGINT]) - [266]
2023-08-14 13:34:04.136 TRACE 8668 --- [    Test worker] o.h.type.descriptor.sql.BasicExtractor   : extracted value ([board_id2_2_] : [BIGINT]) - [1]
2023-08-14 13:34:04.136 TRACE 8668 --- [    Test worker] o.h.type.descriptor.sql.BasicExtractor   : extracted value ([post_con3_2_] : [VARCHAR]) - [CxEHBpmW63]
2023-08-14 13:34:04.136 TRACE 8668 --- [    Test worker] o.h.type.descriptor.sql.BasicExtractor   : extracted value ([post_cre4_2_] : [TIMESTAMP]) - [2023-08-14 13:29:19.404]
2023-08-14 13:34:04.136 TRACE 8668 --- [    Test worker] o.h.type.descriptor.sql.BasicExtractor   : extracted value ([post_sho5_2_] : [VARCHAR]) - [Y]
2023-08-14 13:34:04.136 TRACE 8668 --- [    Test worker] o.h.type.descriptor.sql.BasicExtractor   : extracted value ([post_tit6_2_] : [VARCHAR]) - [테스트 글 제목 64]
2023-08-14 13:34:04.136 TRACE 8668 --- [    Test worker] o.h.type.descriptor.sql.BasicExtractor   : extracted value ([post_upd7_2_] : [TIMESTAMP]) - [2023-08-14 13:29:19.404]
2023-08-14 13:34:04.136 TRACE 8668 --- [    Test worker] o.h.type.descriptor.sql.BasicExtractor   : extracted value ([post_vie8_2_] : [INTEGER]) - [0]
2023-08-14 13:34:04.136 TRACE 8668 --- [    Test worker] o.h.type.descriptor.sql.BasicExtractor   : extracted value ([post_wri9_2_] : [VARCHAR]) - [자바]
2023-08-14 13:34:04.136 TRACE 8668 --- [    Test worker] o.h.type.descriptor.sql.BasicExtractor   : extracted value ([post_id1_2_] : [BIGINT]) - [267]
2023-08-14 13:34:04.136 TRACE 8668 --- [    Test worker] o.h.type.descriptor.sql.BasicExtractor   : extracted value ([board_id2_2_] : [BIGINT]) - [1]
2023-08-14 13:34:04.136 TRACE 8668 --- [    Test worker] o.h.type.descriptor.sql.BasicExtractor   : extracted value ([post_con3_2_] : [VARCHAR]) - [S8se5x2R6W]
2023-08-14 13:34:04.136 TRACE 8668 --- [    Test worker] o.h.type.descriptor.sql.BasicExtractor   : extracted value ([post_cre4_2_] : [TIMESTAMP]) - [2023-08-14 13:29:19.404]
2023-08-14 13:34:04.136 TRACE 8668 --- [    Test worker] o.h.type.descriptor.sql.BasicExtractor   : extracted value ([post_sho5_2_] : [VARCHAR]) - [Y]
2023-08-14 13:34:04.136 TRACE 8668 --- [    Test worker] o.h.type.descriptor.sql.BasicExtractor   : extracted value ([post_tit6_2_] : [VARCHAR]) - [테스트 글 제목 65]
2023-08-14 13:34:04.136 TRACE 8668 --- [    Test worker] o.h.type.descriptor.sql.BasicExtractor   : extracted value ([post_upd7_2_] : [TIMESTAMP]) - [2023-08-14 13:29:19.404]
2023-08-14 13:34:04.136 TRACE 8668 --- [    Test worker] o.h.type.descriptor.sql.BasicExtractor   : extracted value ([post_vie8_2_] : [INTEGER]) - [0]
2023-08-14 13:34:04.136 TRACE 8668 --- [    Test worker] o.h.type.descriptor.sql.BasicExtractor   : extracted value ([post_wri9_2_] : [VARCHAR]) - [자바]
2023-08-14 13:34:04.136 TRACE 8668 --- [    Test worker] o.h.type.descriptor.sql.BasicExtractor   : extracted value ([post_id1_2_] : [BIGINT]) - [268]
2023-08-14 13:34:04.136 TRACE 8668 --- [    Test worker] o.h.type.descriptor.sql.BasicExtractor   : extracted value ([board_id2_2_] : [BIGINT]) - [1]
2023-08-14 13:34:04.136 TRACE 8668 --- [    Test worker] o.h.type.descriptor.sql.BasicExtractor   : extracted value ([post_con3_2_] : [VARCHAR]) - [ZNzeuLraf6]
2023-08-14 13:34:04.136 TRACE 8668 --- [    Test worker] o.h.type.descriptor.sql.BasicExtractor   : extracted value ([post_cre4_2_] : [TIMESTAMP]) - [2023-08-14 13:29:19.404]
2023-08-14 13:34:04.136 TRACE 8668 --- [    Test worker] o.h.type.descriptor.sql.BasicExtractor   : extracted value ([post_sho5_2_] : [VARCHAR]) - [Y]
2023-08-14 13:34:04.136 TRACE 8668 --- [    Test worker] o.h.type.descriptor.sql.BasicExtractor   : extracted value ([post_tit6_2_] : [VARCHAR]) - [테스트 글 제목 66]
2023-08-14 13:34:04.136 TRACE 8668 --- [    Test worker] o.h.type.descriptor.sql.BasicExtractor   : extracted value ([post_upd7_2_] : [TIMESTAMP]) - [2023-08-14 13:29:19.404]
2023-08-14 13:34:04.136 TRACE 8668 --- [    Test worker] o.h.type.descriptor.sql.BasicExtractor   : extracted value ([post_vie8_2_] : [INTEGER]) - [0]
2023-08-14 13:34:04.136 TRACE 8668 --- [    Test worker] o.h.type.descriptor.sql.BasicExtractor   : extracted value ([post_wri9_2_] : [VARCHAR]) - [자바]
2023-08-14 13:34:04.136 TRACE 8668 --- [    Test worker] o.h.type.descriptor.sql.BasicExtractor   : extracted value ([post_id1_2_] : [BIGINT]) - [269]
2023-08-14 13:34:04.136 TRACE 8668 --- [    Test worker] o.h.type.descriptor.sql.BasicExtractor   : extracted value ([board_id2_2_] : [BIGINT]) - [1]
2023-08-14 13:34:04.136 TRACE 8668 --- [    Test worker] o.h.type.descriptor.sql.BasicExtractor   : extracted value ([post_con3_2_] : [VARCHAR]) - [4MCbOEHeSr]
2023-08-14 13:34:04.136 TRACE 8668 --- [    Test worker] o.h.type.descriptor.sql.BasicExtractor   : extracted value ([post_cre4_2_] : [TIMESTAMP]) - [2023-08-14 13:29:19.404]
2023-08-14 13:34:04.136 TRACE 8668 --- [    Test worker] o.h.type.descriptor.sql.BasicExtractor   : extracted value ([post_sho5_2_] : [VARCHAR]) - [Y]
2023-08-14 13:34:04.136 TRACE 8668 --- [    Test worker] o.h.type.descriptor.sql.BasicExtractor   : extracted value ([post_tit6_2_] : [VARCHAR]) - [테스트 글 제목 67]
2023-08-14 13:34:04.136 TRACE 8668 --- [    Test worker] o.h.type.descriptor.sql.BasicExtractor   : extracted value ([post_upd7_2_] : [TIMESTAMP]) - [2023-08-14 13:29:19.404]
2023-08-14 13:34:04.136 TRACE 8668 --- [    Test worker] o.h.type.descriptor.sql.BasicExtractor   : extracted value ([post_vie8_2_] : [INTEGER]) - [0]
2023-08-14 13:34:04.136 TRACE 8668 --- [    Test worker] o.h.type.descriptor.sql.BasicExtractor   : extracted value ([post_wri9_2_] : [VARCHAR]) - [자바]
2023-08-14 13:34:04.136 TRACE 8668 --- [    Test worker] o.h.type.descriptor.sql.BasicExtractor   : extracted value ([post_id1_2_] : [BIGINT]) - [270]
2023-08-14 13:34:04.136 TRACE 8668 --- [    Test worker] o.h.type.descriptor.sql.BasicExtractor   : extracted value ([board_id2_2_] : [BIGINT]) - [1]
2023-08-14 13:34:04.136 TRACE 8668 --- [    Test worker] o.h.type.descriptor.sql.BasicExtractor   : extracted value ([post_con3_2_] : [VARCHAR]) - [mozttzQEss]
2023-08-14 13:34:04.136 TRACE 8668 --- [    Test worker] o.h.type.descriptor.sql.BasicExtractor   : extracted value ([post_cre4_2_] : [TIMESTAMP]) - [2023-08-14 13:29:19.404]
2023-08-14 13:34:04.136 TRACE 8668 --- [    Test worker] o.h.type.descriptor.sql.BasicExtractor   : extracted value ([post_sho5_2_] : [VARCHAR]) - [Y]
2023-08-14 13:34:04.136 TRACE 8668 --- [    Test worker] o.h.type.descriptor.sql.BasicExtractor   : extracted value ([post_tit6_2_] : [VARCHAR]) - [테스트 글 제목 68]
2023-08-14 13:34:04.136 TRACE 8668 --- [    Test worker] o.h.type.descriptor.sql.BasicExtractor   : extracted value ([post_upd7_2_] : [TIMESTAMP]) - [2023-08-14 13:29:19.404]
2023-08-14 13:34:04.136 TRACE 8668 --- [    Test worker] o.h.type.descriptor.sql.BasicExtractor   : extracted value ([post_vie8_2_] : [INTEGER]) - [0]
2023-08-14 13:34:04.136 TRACE 8668 --- [    Test worker] o.h.type.descriptor.sql.BasicExtractor   : extracted value ([post_wri9_2_] : [VARCHAR]) - [자바]
2023-08-14 13:34:04.136 TRACE 8668 --- [    Test worker] o.h.type.descriptor.sql.BasicExtractor   : extracted value ([post_id1_2_] : [BIGINT]) - [271]
2023-08-14 13:34:04.136 TRACE 8668 --- [    Test worker] o.h.type.descriptor.sql.BasicExtractor   : extracted value ([board_id2_2_] : [BIGINT]) - [1]
2023-08-14 13:34:04.136 TRACE 8668 --- [    Test worker] o.h.type.descriptor.sql.BasicExtractor   : extracted value ([post_con3_2_] : [VARCHAR]) - [KdPy301EvA]
2023-08-14 13:34:04.136 TRACE 8668 --- [    Test worker] o.h.type.descriptor.sql.BasicExtractor   : extracted value ([post_cre4_2_] : [TIMESTAMP]) - [2023-08-14 13:29:19.419]
2023-08-14 13:34:04.136 TRACE 8668 --- [    Test worker] o.h.type.descriptor.sql.BasicExtractor   : extracted value ([post_sho5_2_] : [VARCHAR]) - [Y]
2023-08-14 13:34:04.136 TRACE 8668 --- [    Test worker] o.h.type.descriptor.sql.BasicExtractor   : extracted value ([post_tit6_2_] : [VARCHAR]) - [테스트 글 제목 69]
2023-08-14 13:34:04.136 TRACE 8668 --- [    Test worker] o.h.type.descriptor.sql.BasicExtractor   : extracted value ([post_upd7_2_] : [TIMESTAMP]) - [2023-08-14 13:29:19.419]
2023-08-14 13:34:04.136 TRACE 8668 --- [    Test worker] o.h.type.descriptor.sql.BasicExtractor   : extracted value ([post_vie8_2_] : [INTEGER]) - [0]
2023-08-14 13:34:04.136 TRACE 8668 --- [    Test worker] o.h.type.descriptor.sql.BasicExtractor   : extracted value ([post_wri9_2_] : [VARCHAR]) - [자바]
2023-08-14 13:34:04.136 TRACE 8668 --- [    Test worker] o.h.type.descriptor.sql.BasicExtractor   : extracted value ([post_id1_2_] : [BIGINT]) - [272]
2023-08-14 13:34:04.136 TRACE 8668 --- [    Test worker] o.h.type.descriptor.sql.BasicExtractor   : extracted value ([board_id2_2_] : [BIGINT]) - [1]
2023-08-14 13:34:04.136 TRACE 8668 --- [    Test worker] o.h.type.descriptor.sql.BasicExtractor   : extracted value ([post_con3_2_] : [VARCHAR]) - [EALRTIRddY]
2023-08-14 13:34:04.136 TRACE 8668 --- [    Test worker] o.h.type.descriptor.sql.BasicExtractor   : extracted value ([post_cre4_2_] : [TIMESTAMP]) - [2023-08-14 13:29:19.419]
2023-08-14 13:34:04.136 TRACE 8668 --- [    Test worker] o.h.type.descriptor.sql.BasicExtractor   : extracted value ([post_sho5_2_] : [VARCHAR]) - [Y]
2023-08-14 13:34:04.136 TRACE 8668 --- [    Test worker] o.h.type.descriptor.sql.BasicExtractor   : extracted value ([post_tit6_2_] : [VARCHAR]) - [테스트 글 제목 70]
2023-08-14 13:34:04.136 TRACE 8668 --- [    Test worker] o.h.type.descriptor.sql.BasicExtractor   : extracted value ([post_upd7_2_] : [TIMESTAMP]) - [2023-08-14 13:29:19.419]
2023-08-14 13:34:04.136 TRACE 8668 --- [    Test worker] o.h.type.descriptor.sql.BasicExtractor   : extracted value ([post_vie8_2_] : [INTEGER]) - [0]
2023-08-14 13:34:04.136 TRACE 8668 --- [    Test worker] o.h.type.descriptor.sql.BasicExtractor   : extracted value ([post_wri9_2_] : [VARCHAR]) - [자바]
2023-08-14 13:34:04.136 TRACE 8668 --- [    Test worker] o.h.type.descriptor.sql.BasicExtractor   : extracted value ([post_id1_2_] : [BIGINT]) - [273]
2023-08-14 13:34:04.152 TRACE 8668 --- [    Test worker] o.h.type.descriptor.sql.BasicExtractor   : extracted value ([board_id2_2_] : [BIGINT]) - [1]
2023-08-14 13:34:04.152 TRACE 8668 --- [    Test worker] o.h.type.descriptor.sql.BasicExtractor   : extracted value ([post_con3_2_] : [VARCHAR]) - [nZzAikHVO2]
2023-08-14 13:34:04.152 TRACE 8668 --- [    Test worker] o.h.type.descriptor.sql.BasicExtractor   : extracted value ([post_cre4_2_] : [TIMESTAMP]) - [2023-08-14 13:29:19.419]
2023-08-14 13:34:04.152 TRACE 8668 --- [    Test worker] o.h.type.descriptor.sql.BasicExtractor   : extracted value ([post_sho5_2_] : [VARCHAR]) - [Y]
2023-08-14 13:34:04.152 TRACE 8668 --- [    Test worker] o.h.type.descriptor.sql.BasicExtractor   : extracted value ([post_tit6_2_] : [VARCHAR]) - [테스트 글 제목 71]
2023-08-14 13:34:04.152 TRACE 8668 --- [    Test worker] o.h.type.descriptor.sql.BasicExtractor   : extracted value ([post_upd7_2_] : [TIMESTAMP]) - [2023-08-14 13:29:19.419]
2023-08-14 13:34:04.152 TRACE 8668 --- [    Test worker] o.h.type.descriptor.sql.BasicExtractor   : extracted value ([post_vie8_2_] : [INTEGER]) - [0]
2023-08-14 13:34:04.152 TRACE 8668 --- [    Test worker] o.h.type.descriptor.sql.BasicExtractor   : extracted value ([post_wri9_2_] : [VARCHAR]) - [자바]
2023-08-14 13:34:04.152 TRACE 8668 --- [    Test worker] o.h.type.descriptor.sql.BasicExtractor   : extracted value ([post_id1_2_] : [BIGINT]) - [274]
2023-08-14 13:34:04.152 TRACE 8668 --- [    Test worker] o.h.type.descriptor.sql.BasicExtractor   : extracted value ([board_id2_2_] : [BIGINT]) - [1]
2023-08-14 13:34:04.152 TRACE 8668 --- [    Test worker] o.h.type.descriptor.sql.BasicExtractor   : extracted value ([post_con3_2_] : [VARCHAR]) - [1l39AfJrlL]
2023-08-14 13:34:04.152 TRACE 8668 --- [    Test worker] o.h.type.descriptor.sql.BasicExtractor   : extracted value ([post_cre4_2_] : [TIMESTAMP]) - [2023-08-14 13:29:19.419]
2023-08-14 13:34:04.152 TRACE 8668 --- [    Test worker] o.h.type.descriptor.sql.BasicExtractor   : extracted value ([post_sho5_2_] : [VARCHAR]) - [Y]
2023-08-14 13:34:04.152 TRACE 8668 --- [    Test worker] o.h.type.descriptor.sql.BasicExtractor   : extracted value ([post_tit6_2_] : [VARCHAR]) - [테스트 글 제목 72]
2023-08-14 13:34:04.152 TRACE 8668 --- [    Test worker] o.h.type.descriptor.sql.BasicExtractor   : extracted value ([post_upd7_2_] : [TIMESTAMP]) - [2023-08-14 13:29:19.419]
2023-08-14 13:34:04.152 TRACE 8668 --- [    Test worker] o.h.type.descriptor.sql.BasicExtractor   : extracted value ([post_vie8_2_] : [INTEGER]) - [0]
2023-08-14 13:34:04.152 TRACE 8668 --- [    Test worker] o.h.type.descriptor.sql.BasicExtractor   : extracted value ([post_wri9_2_] : [VARCHAR]) - [자바]
2023-08-14 13:34:04.152 TRACE 8668 --- [    Test worker] o.h.type.descriptor.sql.BasicExtractor   : extracted value ([post_id1_2_] : [BIGINT]) - [275]
2023-08-14 13:34:04.152 TRACE 8668 --- [    Test worker] o.h.type.descriptor.sql.BasicExtractor   : extracted value ([board_id2_2_] : [BIGINT]) - [1]
2023-08-14 13:34:04.152 TRACE 8668 --- [    Test worker] o.h.type.descriptor.sql.BasicExtractor   : extracted value ([post_con3_2_] : [VARCHAR]) - [eSVPdsq4pZ]
2023-08-14 13:34:04.152 TRACE 8668 --- [    Test worker] o.h.type.descriptor.sql.BasicExtractor   : extracted value ([post_cre4_2_] : [TIMESTAMP]) - [2023-08-14 13:29:19.419]
2023-08-14 13:34:04.152 TRACE 8668 --- [    Test worker] o.h.type.descriptor.sql.BasicExtractor   : extracted value ([post_sho5_2_] : [VARCHAR]) - [Y]
2023-08-14 13:34:04.152 TRACE 8668 --- [    Test worker] o.h.type.descriptor.sql.BasicExtractor   : extracted value ([post_tit6_2_] : [VARCHAR]) - [테스트 글 제목 73]
2023-08-14 13:34:04.152 TRACE 8668 --- [    Test worker] o.h.type.descriptor.sql.BasicExtractor   : extracted value ([post_upd7_2_] : [TIMESTAMP]) - [2023-08-14 13:29:19.419]
2023-08-14 13:34:04.152 TRACE 8668 --- [    Test worker] o.h.type.descriptor.sql.BasicExtractor   : extracted value ([post_vie8_2_] : [INTEGER]) - [0]
2023-08-14 13:34:04.152 TRACE 8668 --- [    Test worker] o.h.type.descriptor.sql.BasicExtractor   : extracted value ([post_wri9_2_] : [VARCHAR]) - [자바]
2023-08-14 13:34:04.152 TRACE 8668 --- [    Test worker] o.h.type.descriptor.sql.BasicExtractor   : extracted value ([post_id1_2_] : [BIGINT]) - [276]
2023-08-14 13:34:04.152 TRACE 8668 --- [    Test worker] o.h.type.descriptor.sql.BasicExtractor   : extracted value ([board_id2_2_] : [BIGINT]) - [1]
2023-08-14 13:34:04.152 TRACE 8668 --- [    Test worker] o.h.type.descriptor.sql.BasicExtractor   : extracted value ([post_con3_2_] : [VARCHAR]) - [f14I9Iksuf]
2023-08-14 13:34:04.152 TRACE 8668 --- [    Test worker] o.h.type.descriptor.sql.BasicExtractor   : extracted value ([post_cre4_2_] : [TIMESTAMP]) - [2023-08-14 13:29:19.419]
2023-08-14 13:34:04.152 TRACE 8668 --- [    Test worker] o.h.type.descriptor.sql.BasicExtractor   : extracted value ([post_sho5_2_] : [VARCHAR]) - [Y]
2023-08-14 13:34:04.152 TRACE 8668 --- [    Test worker] o.h.type.descriptor.sql.BasicExtractor   : extracted value ([post_tit6_2_] : [VARCHAR]) - [테스트 글 제목 74]
2023-08-14 13:34:04.152 TRACE 8668 --- [    Test worker] o.h.type.descriptor.sql.BasicExtractor   : extracted value ([post_upd7_2_] : [TIMESTAMP]) - [2023-08-14 13:29:19.419]
2023-08-14 13:34:04.152 TRACE 8668 --- [    Test worker] o.h.type.descriptor.sql.BasicExtractor   : extracted value ([post_vie8_2_] : [INTEGER]) - [0]
2023-08-14 13:34:04.152 TRACE 8668 --- [    Test worker] o.h.type.descriptor.sql.BasicExtractor   : extracted value ([post_wri9_2_] : [VARCHAR]) - [자바]
2023-08-14 13:34:04.152 TRACE 8668 --- [    Test worker] o.h.type.descriptor.sql.BasicExtractor   : extracted value ([post_id1_2_] : [BIGINT]) - [277]
2023-08-14 13:34:04.152 TRACE 8668 --- [    Test worker] o.h.type.descriptor.sql.BasicExtractor   : extracted value ([board_id2_2_] : [BIGINT]) - [1]
2023-08-14 13:34:04.152 TRACE 8668 --- [    Test worker] o.h.type.descriptor.sql.BasicExtractor   : extracted value ([post_con3_2_] : [VARCHAR]) - [L3oxu89Nx5]
2023-08-14 13:34:04.152 TRACE 8668 --- [    Test worker] o.h.type.descriptor.sql.BasicExtractor   : extracted value ([post_cre4_2_] : [TIMESTAMP]) - [2023-08-14 13:29:19.419]
2023-08-14 13:34:04.152 TRACE 8668 --- [    Test worker] o.h.type.descriptor.sql.BasicExtractor   : extracted value ([post_sho5_2_] : [VARCHAR]) - [Y]
2023-08-14 13:34:04.152 TRACE 8668 --- [    Test worker] o.h.type.descriptor.sql.BasicExtractor   : extracted value ([post_tit6_2_] : [VARCHAR]) - [테스트 글 제목 75]
2023-08-14 13:34:04.152 TRACE 8668 --- [    Test worker] o.h.type.descriptor.sql.BasicExtractor   : extracted value ([post_upd7_2_] : [TIMESTAMP]) - [2023-08-14 13:29:19.419]
2023-08-14 13:34:04.152 TRACE 8668 --- [    Test worker] o.h.type.descriptor.sql.BasicExtractor   : extracted value ([post_vie8_2_] : [INTEGER]) - [0]
2023-08-14 13:34:04.152 TRACE 8668 --- [    Test worker] o.h.type.descriptor.sql.BasicExtractor   : extracted value ([post_wri9_2_] : [VARCHAR]) - [자바]
2023-08-14 13:34:04.152 TRACE 8668 --- [    Test worker] o.h.type.descriptor.sql.BasicExtractor   : extracted value ([post_id1_2_] : [BIGINT]) - [278]
2023-08-14 13:34:04.152 TRACE 8668 --- [    Test worker] o.h.type.descriptor.sql.BasicExtractor   : extracted value ([board_id2_2_] : [BIGINT]) - [1]
2023-08-14 13:34:04.152 TRACE 8668 --- [    Test worker] o.h.type.descriptor.sql.BasicExtractor   : extracted value ([post_con3_2_] : [VARCHAR]) - [dPRVyUer3T]
2023-08-14 13:34:04.152 TRACE 8668 --- [    Test worker] o.h.type.descriptor.sql.BasicExtractor   : extracted value ([post_cre4_2_] : [TIMESTAMP]) - [2023-08-14 13:29:19.419]
2023-08-14 13:34:04.152 TRACE 8668 --- [    Test worker] o.h.type.descriptor.sql.BasicExtractor   : extracted value ([post_sho5_2_] : [VARCHAR]) - [Y]
2023-08-14 13:34:04.152 TRACE 8668 --- [    Test worker] o.h.type.descriptor.sql.BasicExtractor   : extracted value ([post_tit6_2_] : [VARCHAR]) - [테스트 글 제목 76]
2023-08-14 13:34:04.152 TRACE 8668 --- [    Test worker] o.h.type.descriptor.sql.BasicExtractor   : extracted value ([post_upd7_2_] : [TIMESTAMP]) - [2023-08-14 13:29:19.419]
2023-08-14 13:34:04.152 TRACE 8668 --- [    Test worker] o.h.type.descriptor.sql.BasicExtractor   : extracted value ([post_vie8_2_] : [INTEGER]) - [0]
2023-08-14 13:34:04.152 TRACE 8668 --- [    Test worker] o.h.type.descriptor.sql.BasicExtractor   : extracted value ([post_wri9_2_] : [VARCHAR]) - [자바]
2023-08-14 13:34:04.152 TRACE 8668 --- [    Test worker] o.h.type.descriptor.sql.BasicExtractor   : extracted value ([post_id1_2_] : [BIGINT]) - [279]
2023-08-14 13:34:04.152 TRACE 8668 --- [    Test worker] o.h.type.descriptor.sql.BasicExtractor   : extracted value ([board_id2_2_] : [BIGINT]) - [1]
2023-08-14 13:34:04.152 TRACE 8668 --- [    Test worker] o.h.type.descriptor.sql.BasicExtractor   : extracted value ([post_con3_2_] : [VARCHAR]) - [u8JLXml7Hh]
2023-08-14 13:34:04.152 TRACE 8668 --- [    Test worker] o.h.type.descriptor.sql.BasicExtractor   : extracted value ([post_cre4_2_] : [TIMESTAMP]) - [2023-08-14 13:29:19.419]
2023-08-14 13:34:04.152 TRACE 8668 --- [    Test worker] o.h.type.descriptor.sql.BasicExtractor   : extracted value ([post_sho5_2_] : [VARCHAR]) - [Y]
2023-08-14 13:34:04.152 TRACE 8668 --- [    Test worker] o.h.type.descriptor.sql.BasicExtractor   : extracted value ([post_tit6_2_] : [VARCHAR]) - [테스트 글 제목 77]
2023-08-14 13:34:04.152 TRACE 8668 --- [    Test worker] o.h.type.descriptor.sql.BasicExtractor   : extracted value ([post_upd7_2_] : [TIMESTAMP]) - [2023-08-14 13:29:19.419]
2023-08-14 13:34:04.152 TRACE 8668 --- [    Test worker] o.h.type.descriptor.sql.BasicExtractor   : extracted value ([post_vie8_2_] : [INTEGER]) - [0]
2023-08-14 13:34:04.152 TRACE 8668 --- [    Test worker] o.h.type.descriptor.sql.BasicExtractor   : extracted value ([post_wri9_2_] : [VARCHAR]) - [자바]
2023-08-14 13:34:04.152 TRACE 8668 --- [    Test worker] o.h.type.descriptor.sql.BasicExtractor   : extracted value ([post_id1_2_] : [BIGINT]) - [280]
2023-08-14 13:34:04.152 TRACE 8668 --- [    Test worker] o.h.type.descriptor.sql.BasicExtractor   : extracted value ([board_id2_2_] : [BIGINT]) - [1]
2023-08-14 13:34:04.152 TRACE 8668 --- [    Test worker] o.h.type.descriptor.sql.BasicExtractor   : extracted value ([post_con3_2_] : [VARCHAR]) - [s4yTNNJenn]
2023-08-14 13:34:04.152 TRACE 8668 --- [    Test worker] o.h.type.descriptor.sql.BasicExtractor   : extracted value ([post_cre4_2_] : [TIMESTAMP]) - [2023-08-14 13:29:19.419]
2023-08-14 13:34:04.152 TRACE 8668 --- [    Test worker] o.h.type.descriptor.sql.BasicExtractor   : extracted value ([post_sho5_2_] : [VARCHAR]) - [Y]
2023-08-14 13:34:04.152 TRACE 8668 --- [    Test worker] o.h.type.descriptor.sql.BasicExtractor   : extracted value ([post_tit6_2_] : [VARCHAR]) - [테스트 글 제목 78]
2023-08-14 13:34:04.152 TRACE 8668 --- [    Test worker] o.h.type.descriptor.sql.BasicExtractor   : extracted value ([post_upd7_2_] : [TIMESTAMP]) - [2023-08-14 13:29:19.419]
2023-08-14 13:34:04.152 TRACE 8668 --- [    Test worker] o.h.type.descriptor.sql.BasicExtractor   : extracted value ([post_vie8_2_] : [INTEGER]) - [0]
2023-08-14 13:34:04.152 TRACE 8668 --- [    Test worker] o.h.type.descriptor.sql.BasicExtractor   : extracted value ([post_wri9_2_] : [VARCHAR]) - [자바]
2023-08-14 13:34:04.152 TRACE 8668 --- [    Test worker] o.h.type.descriptor.sql.BasicExtractor   : extracted value ([post_id1_2_] : [BIGINT]) - [281]
2023-08-14 13:34:04.152 TRACE 8668 --- [    Test worker] o.h.type.descriptor.sql.BasicExtractor   : extracted value ([board_id2_2_] : [BIGINT]) - [1]
2023-08-14 13:34:04.152 TRACE 8668 --- [    Test worker] o.h.type.descriptor.sql.BasicExtractor   : extracted value ([post_con3_2_] : [VARCHAR]) - [dknh4gsF5m]
2023-08-14 13:34:04.152 TRACE 8668 --- [    Test worker] o.h.type.descriptor.sql.BasicExtractor   : extracted value ([post_cre4_2_] : [TIMESTAMP]) - [2023-08-14 13:29:19.419]
2023-08-14 13:34:04.152 TRACE 8668 --- [    Test worker] o.h.type.descriptor.sql.BasicExtractor   : extracted value ([post_sho5_2_] : [VARCHAR]) - [Y]
2023-08-14 13:34:04.152 TRACE 8668 --- [    Test worker] o.h.type.descriptor.sql.BasicExtractor   : extracted value ([post_tit6_2_] : [VARCHAR]) - [테스트 글 제목 79]
2023-08-14 13:34:04.152 TRACE 8668 --- [    Test worker] o.h.type.descriptor.sql.BasicExtractor   : extracted value ([post_upd7_2_] : [TIMESTAMP]) - [2023-08-14 13:29:19.419]
2023-08-14 13:34:04.152 TRACE 8668 --- [    Test worker] o.h.type.descriptor.sql.BasicExtractor   : extracted value ([post_vie8_2_] : [INTEGER]) - [0]
2023-08-14 13:34:04.152 TRACE 8668 --- [    Test worker] o.h.type.descriptor.sql.BasicExtractor   : extracted value ([post_wri9_2_] : [VARCHAR]) - [자바]
2023-08-14 13:34:04.152 TRACE 8668 --- [    Test worker] o.h.type.descriptor.sql.BasicExtractor   : extracted value ([post_id1_2_] : [BIGINT]) - [282]
2023-08-14 13:34:04.152 TRACE 8668 --- [    Test worker] o.h.type.descriptor.sql.BasicExtractor   : extracted value ([board_id2_2_] : [BIGINT]) - [1]
2023-08-14 13:34:04.152 TRACE 8668 --- [    Test worker] o.h.type.descriptor.sql.BasicExtractor   : extracted value ([post_con3_2_] : [VARCHAR]) - [3PdMIthDdP]
2023-08-14 13:34:04.152 TRACE 8668 --- [    Test worker] o.h.type.descriptor.sql.BasicExtractor   : extracted value ([post_cre4_2_] : [TIMESTAMP]) - [2023-08-14 13:29:19.435]
2023-08-14 13:34:04.152 TRACE 8668 --- [    Test worker] o.h.type.descriptor.sql.BasicExtractor   : extracted value ([post_sho5_2_] : [VARCHAR]) - [Y]
2023-08-14 13:34:04.152 TRACE 8668 --- [    Test worker] o.h.type.descriptor.sql.BasicExtractor   : extracted value ([post_tit6_2_] : [VARCHAR]) - [테스트 글 제목 80]
2023-08-14 13:34:04.152 TRACE 8668 --- [    Test worker] o.h.type.descriptor.sql.BasicExtractor   : extracted value ([post_upd7_2_] : [TIMESTAMP]) - [2023-08-14 13:29:19.435]
2023-08-14 13:34:04.152 TRACE 8668 --- [    Test worker] o.h.type.descriptor.sql.BasicExtractor   : extracted value ([post_vie8_2_] : [INTEGER]) - [0]
2023-08-14 13:34:04.152 TRACE 8668 --- [    Test worker] o.h.type.descriptor.sql.BasicExtractor   : extracted value ([post_wri9_2_] : [VARCHAR]) - [자바]
2023-08-14 13:34:04.152 TRACE 8668 --- [    Test worker] o.h.type.descriptor.sql.BasicExtractor   : extracted value ([post_id1_2_] : [BIGINT]) - [283]
2023-08-14 13:34:04.152 TRACE 8668 --- [    Test worker] o.h.type.descriptor.sql.BasicExtractor   : extracted value ([board_id2_2_] : [BIGINT]) - [1]
2023-08-14 13:34:04.152 TRACE 8668 --- [    Test worker] o.h.type.descriptor.sql.BasicExtractor   : extracted value ([post_con3_2_] : [VARCHAR]) - [jUXzt2RjUb]
2023-08-14 13:34:04.152 TRACE 8668 --- [    Test worker] o.h.type.descriptor.sql.BasicExtractor   : extracted value ([post_cre4_2_] : [TIMESTAMP]) - [2023-08-14 13:29:19.435]
2023-08-14 13:34:04.152 TRACE 8668 --- [    Test worker] o.h.type.descriptor.sql.BasicExtractor   : extracted value ([post_sho5_2_] : [VARCHAR]) - [Y]
2023-08-14 13:34:04.152 TRACE 8668 --- [    Test worker] o.h.type.descriptor.sql.BasicExtractor   : extracted value ([post_tit6_2_] : [VARCHAR]) - [테스트 글 제목 81]
2023-08-14 13:34:04.152 TRACE 8668 --- [    Test worker] o.h.type.descriptor.sql.BasicExtractor   : extracted value ([post_upd7_2_] : [TIMESTAMP]) - [2023-08-14 13:29:19.435]
2023-08-14 13:34:04.152 TRACE 8668 --- [    Test worker] o.h.type.descriptor.sql.BasicExtractor   : extracted value ([post_vie8_2_] : [INTEGER]) - [0]
2023-08-14 13:34:04.152 TRACE 8668 --- [    Test worker] o.h.type.descriptor.sql.BasicExtractor   : extracted value ([post_wri9_2_] : [VARCHAR]) - [자바]
2023-08-14 13:34:04.152 TRACE 8668 --- [    Test worker] o.h.type.descriptor.sql.BasicExtractor   : extracted value ([post_id1_2_] : [BIGINT]) - [284]
2023-08-14 13:34:04.152 TRACE 8668 --- [    Test worker] o.h.type.descriptor.sql.BasicExtractor   : extracted value ([board_id2_2_] : [BIGINT]) - [1]
2023-08-14 13:34:04.152 TRACE 8668 --- [    Test worker] o.h.type.descriptor.sql.BasicExtractor   : extracted value ([post_con3_2_] : [VARCHAR]) - [Sf3grXDXqv]
2023-08-14 13:34:04.152 TRACE 8668 --- [    Test worker] o.h.type.descriptor.sql.BasicExtractor   : extracted value ([post_cre4_2_] : [TIMESTAMP]) - [2023-08-14 13:29:19.435]
2023-08-14 13:34:04.152 TRACE 8668 --- [    Test worker] o.h.type.descriptor.sql.BasicExtractor   : extracted value ([post_sho5_2_] : [VARCHAR]) - [Y]
2023-08-14 13:34:04.152 TRACE 8668 --- [    Test worker] o.h.type.descriptor.sql.BasicExtractor   : extracted value ([post_tit6_2_] : [VARCHAR]) - [테스트 글 제목 82]
2023-08-14 13:34:04.152 TRACE 8668 --- [    Test worker] o.h.type.descriptor.sql.BasicExtractor   : extracted value ([post_upd7_2_] : [TIMESTAMP]) - [2023-08-14 13:29:19.435]
2023-08-14 13:34:04.152 TRACE 8668 --- [    Test worker] o.h.type.descriptor.sql.BasicExtractor   : extracted value ([post_vie8_2_] : [INTEGER]) - [0]
2023-08-14 13:34:04.152 TRACE 8668 --- [    Test worker] o.h.type.descriptor.sql.BasicExtractor   : extracted value ([post_wri9_2_] : [VARCHAR]) - [자바]
2023-08-14 13:34:04.152 TRACE 8668 --- [    Test worker] o.h.type.descriptor.sql.BasicExtractor   : extracted value ([post_id1_2_] : [BIGINT]) - [285]
2023-08-14 13:34:04.152 TRACE 8668 --- [    Test worker] o.h.type.descriptor.sql.BasicExtractor   : extracted value ([board_id2_2_] : [BIGINT]) - [1]
2023-08-14 13:34:04.152 TRACE 8668 --- [    Test worker] o.h.type.descriptor.sql.BasicExtractor   : extracted value ([post_con3_2_] : [VARCHAR]) - [iMMJJZgTut]
2023-08-14 13:34:04.152 TRACE 8668 --- [    Test worker] o.h.type.descriptor.sql.BasicExtractor   : extracted value ([post_cre4_2_] : [TIMESTAMP]) - [2023-08-14 13:29:19.435]
2023-08-14 13:34:04.152 TRACE 8668 --- [    Test worker] o.h.type.descriptor.sql.BasicExtractor   : extracted value ([post_sho5_2_] : [VARCHAR]) - [Y]
2023-08-14 13:34:04.152 TRACE 8668 --- [    Test worker] o.h.type.descriptor.sql.BasicExtractor   : extracted value ([post_tit6_2_] : [VARCHAR]) - [테스트 글 제목 83]
2023-08-14 13:34:04.152 TRACE 8668 --- [    Test worker] o.h.type.descriptor.sql.BasicExtractor   : extracted value ([post_upd7_2_] : [TIMESTAMP]) - [2023-08-14 13:29:19.435]
2023-08-14 13:34:04.152 TRACE 8668 --- [    Test worker] o.h.type.descriptor.sql.BasicExtractor   : extracted value ([post_vie8_2_] : [INTEGER]) - [0]
2023-08-14 13:34:04.152 TRACE 8668 --- [    Test worker] o.h.type.descriptor.sql.BasicExtractor   : extracted value ([post_wri9_2_] : [VARCHAR]) - [자바]
2023-08-14 13:34:04.152 TRACE 8668 --- [    Test worker] o.h.type.descriptor.sql.BasicExtractor   : extracted value ([post_id1_2_] : [BIGINT]) - [286]
2023-08-14 13:34:04.152 TRACE 8668 --- [    Test worker] o.h.type.descriptor.sql.BasicExtractor   : extracted value ([board_id2_2_] : [BIGINT]) - [1]
2023-08-14 13:34:04.152 TRACE 8668 --- [    Test worker] o.h.type.descriptor.sql.BasicExtractor   : extracted value ([post_con3_2_] : [VARCHAR]) - [VHHGJxdipb]
2023-08-14 13:34:04.152 TRACE 8668 --- [    Test worker] o.h.type.descriptor.sql.BasicExtractor   : extracted value ([post_cre4_2_] : [TIMESTAMP]) - [2023-08-14 13:29:19.435]
2023-08-14 13:34:04.152 TRACE 8668 --- [    Test worker] o.h.type.descriptor.sql.BasicExtractor   : extracted value ([post_sho5_2_] : [VARCHAR]) - [Y]
2023-08-14 13:34:04.152 TRACE 8668 --- [    Test worker] o.h.type.descriptor.sql.BasicExtractor   : extracted value ([post_tit6_2_] : [VARCHAR]) - [테스트 글 제목 84]
2023-08-14 13:34:04.152 TRACE 8668 --- [    Test worker] o.h.type.descriptor.sql.BasicExtractor   : extracted value ([post_upd7_2_] : [TIMESTAMP]) - [2023-08-14 13:29:19.435]
2023-08-14 13:34:04.152 TRACE 8668 --- [    Test worker] o.h.type.descriptor.sql.BasicExtractor   : extracted value ([post_vie8_2_] : [INTEGER]) - [0]
2023-08-14 13:34:04.152 TRACE 8668 --- [    Test worker] o.h.type.descriptor.sql.BasicExtractor   : extracted value ([post_wri9_2_] : [VARCHAR]) - [자바]
2023-08-14 13:34:04.152 TRACE 8668 --- [    Test worker] o.h.type.descriptor.sql.BasicExtractor   : extracted value ([post_id1_2_] : [BIGINT]) - [287]
2023-08-14 13:34:04.152 TRACE 8668 --- [    Test worker] o.h.type.descriptor.sql.BasicExtractor   : extracted value ([board_id2_2_] : [BIGINT]) - [1]
2023-08-14 13:34:04.152 TRACE 8668 --- [    Test worker] o.h.type.descriptor.sql.BasicExtractor   : extracted value ([post_con3_2_] : [VARCHAR]) - [UTIYaMmliG]
2023-08-14 13:34:04.152 TRACE 8668 --- [    Test worker] o.h.type.descriptor.sql.BasicExtractor   : extracted value ([post_cre4_2_] : [TIMESTAMP]) - [2023-08-14 13:29:19.435]
2023-08-14 13:34:04.152 TRACE 8668 --- [    Test worker] o.h.type.descriptor.sql.BasicExtractor   : extracted value ([post_sho5_2_] : [VARCHAR]) - [Y]
2023-08-14 13:34:04.152 TRACE 8668 --- [    Test worker] o.h.type.descriptor.sql.BasicExtractor   : extracted value ([post_tit6_2_] : [VARCHAR]) - [테스트 글 제목 85]
2023-08-14 13:34:04.152 TRACE 8668 --- [    Test worker] o.h.type.descriptor.sql.BasicExtractor   : extracted value ([post_upd7_2_] : [TIMESTAMP]) - [2023-08-14 13:29:19.435]
2023-08-14 13:34:04.152 TRACE 8668 --- [    Test worker] o.h.type.descriptor.sql.BasicExtractor   : extracted value ([post_vie8_2_] : [INTEGER]) - [0]
2023-08-14 13:34:04.152 TRACE 8668 --- [    Test worker] o.h.type.descriptor.sql.BasicExtractor   : extracted value ([post_wri9_2_] : [VARCHAR]) - [자바]
2023-08-14 13:34:04.152 TRACE 8668 --- [    Test worker] o.h.type.descriptor.sql.BasicExtractor   : extracted value ([post_id1_2_] : [BIGINT]) - [288]
2023-08-14 13:34:04.152 TRACE 8668 --- [    Test worker] o.h.type.descriptor.sql.BasicExtractor   : extracted value ([board_id2_2_] : [BIGINT]) - [1]
2023-08-14 13:34:04.152 TRACE 8668 --- [    Test worker] o.h.type.descriptor.sql.BasicExtractor   : extracted value ([post_con3_2_] : [VARCHAR]) - [EqyMO5YnKA]
2023-08-14 13:34:04.152 TRACE 8668 --- [    Test worker] o.h.type.descriptor.sql.BasicExtractor   : extracted value ([post_cre4_2_] : [TIMESTAMP]) - [2023-08-14 13:29:19.435]
2023-08-14 13:34:04.152 TRACE 8668 --- [    Test worker] o.h.type.descriptor.sql.BasicExtractor   : extracted value ([post_sho5_2_] : [VARCHAR]) - [Y]
2023-08-14 13:34:04.152 TRACE 8668 --- [    Test worker] o.h.type.descriptor.sql.BasicExtractor   : extracted value ([post_tit6_2_] : [VARCHAR]) - [테스트 글 제목 86]
2023-08-14 13:34:04.152 TRACE 8668 --- [    Test worker] o.h.type.descriptor.sql.BasicExtractor   : extracted value ([post_upd7_2_] : [TIMESTAMP]) - [2023-08-14 13:29:19.435]
2023-08-14 13:34:04.152 TRACE 8668 --- [    Test worker] o.h.type.descriptor.sql.BasicExtractor   : extracted value ([post_vie8_2_] : [INTEGER]) - [0]
2023-08-14 13:34:04.152 TRACE 8668 --- [    Test worker] o.h.type.descriptor.sql.BasicExtractor   : extracted value ([post_wri9_2_] : [VARCHAR]) - [자바]
2023-08-14 13:34:04.152 TRACE 8668 --- [    Test worker] o.h.type.descriptor.sql.BasicExtractor   : extracted value ([post_id1_2_] : [BIGINT]) - [289]
2023-08-14 13:34:04.152 TRACE 8668 --- [    Test worker] o.h.type.descriptor.sql.BasicExtractor   : extracted value ([board_id2_2_] : [BIGINT]) - [1]
2023-08-14 13:34:04.152 TRACE 8668 --- [    Test worker] o.h.type.descriptor.sql.BasicExtractor   : extracted value ([post_con3_2_] : [VARCHAR]) - [AiD3qwYXkp]
2023-08-14 13:34:04.152 TRACE 8668 --- [    Test worker] o.h.type.descriptor.sql.BasicExtractor   : extracted value ([post_cre4_2_] : [TIMESTAMP]) - [2023-08-14 13:29:19.435]
2023-08-14 13:34:04.152 TRACE 8668 --- [    Test worker] o.h.type.descriptor.sql.BasicExtractor   : extracted value ([post_sho5_2_] : [VARCHAR]) - [Y]
2023-08-14 13:34:04.152 TRACE 8668 --- [    Test worker] o.h.type.descriptor.sql.BasicExtractor   : extracted value ([post_tit6_2_] : [VARCHAR]) - [테스트 글 제목 87]
2023-08-14 13:34:04.152 TRACE 8668 --- [    Test worker] o.h.type.descriptor.sql.BasicExtractor   : extracted value ([post_upd7_2_] : [TIMESTAMP]) - [2023-08-14 13:29:19.435]
2023-08-14 13:34:04.152 TRACE 8668 --- [    Test worker] o.h.type.descriptor.sql.BasicExtractor   : extracted value ([post_vie8_2_] : [INTEGER]) - [0]
2023-08-14 13:34:04.152 TRACE 8668 --- [    Test worker] o.h.type.descriptor.sql.BasicExtractor   : extracted value ([post_wri9_2_] : [VARCHAR]) - [자바]
2023-08-14 13:34:04.152 TRACE 8668 --- [    Test worker] o.h.type.descriptor.sql.BasicExtractor   : extracted value ([post_id1_2_] : [BIGINT]) - [290]
2023-08-14 13:34:04.152 TRACE 8668 --- [    Test worker] o.h.type.descriptor.sql.BasicExtractor   : extracted value ([board_id2_2_] : [BIGINT]) - [1]
2023-08-14 13:34:04.152 TRACE 8668 --- [    Test worker] o.h.type.descriptor.sql.BasicExtractor   : extracted value ([post_con3_2_] : [VARCHAR]) - [kIPDdiBSle]
2023-08-14 13:34:04.152 TRACE 8668 --- [    Test worker] o.h.type.descriptor.sql.BasicExtractor   : extracted value ([post_cre4_2_] : [TIMESTAMP]) - [2023-08-14 13:29:19.435]
2023-08-14 13:34:04.152 TRACE 8668 --- [    Test worker] o.h.type.descriptor.sql.BasicExtractor   : extracted value ([post_sho5_2_] : [VARCHAR]) - [Y]
2023-08-14 13:34:04.152 TRACE 8668 --- [    Test worker] o.h.type.descriptor.sql.BasicExtractor   : extracted value ([post_tit6_2_] : [VARCHAR]) - [테스트 글 제목 88]
2023-08-14 13:34:04.152 TRACE 8668 --- [    Test worker] o.h.type.descriptor.sql.BasicExtractor   : extracted value ([post_upd7_2_] : [TIMESTAMP]) - [2023-08-14 13:29:19.435]
2023-08-14 13:34:04.152 TRACE 8668 --- [    Test worker] o.h.type.descriptor.sql.BasicExtractor   : extracted value ([post_vie8_2_] : [INTEGER]) - [0]
2023-08-14 13:34:04.152 TRACE 8668 --- [    Test worker] o.h.type.descriptor.sql.BasicExtractor   : extracted value ([post_wri9_2_] : [VARCHAR]) - [자바]
2023-08-14 13:34:04.152 TRACE 8668 --- [    Test worker] o.h.type.descriptor.sql.BasicExtractor   : extracted value ([post_id1_2_] : [BIGINT]) - [291]
2023-08-14 13:34:04.152 TRACE 8668 --- [    Test worker] o.h.type.descriptor.sql.BasicExtractor   : extracted value ([board_id2_2_] : [BIGINT]) - [1]
2023-08-14 13:34:04.152 TRACE 8668 --- [    Test worker] o.h.type.descriptor.sql.BasicExtractor   : extracted value ([post_con3_2_] : [VARCHAR]) - [0pZt7N5dcp]
2023-08-14 13:34:04.152 TRACE 8668 --- [    Test worker] o.h.type.descriptor.sql.BasicExtractor   : extracted value ([post_cre4_2_] : [TIMESTAMP]) - [2023-08-14 13:29:19.451]
2023-08-14 13:34:04.152 TRACE 8668 --- [    Test worker] o.h.type.descriptor.sql.BasicExtractor   : extracted value ([post_sho5_2_] : [VARCHAR]) - [Y]
2023-08-14 13:34:04.152 TRACE 8668 --- [    Test worker] o.h.type.descriptor.sql.BasicExtractor   : extracted value ([post_tit6_2_] : [VARCHAR]) - [테스트 글 제목 89]
2023-08-14 13:34:04.152 TRACE 8668 --- [    Test worker] o.h.type.descriptor.sql.BasicExtractor   : extracted value ([post_upd7_2_] : [TIMESTAMP]) - [2023-08-14 13:29:19.451]
2023-08-14 13:34:04.152 TRACE 8668 --- [    Test worker] o.h.type.descriptor.sql.BasicExtractor   : extracted value ([post_vie8_2_] : [INTEGER]) - [0]
2023-08-14 13:34:04.152 TRACE 8668 --- [    Test worker] o.h.type.descriptor.sql.BasicExtractor   : extracted value ([post_wri9_2_] : [VARCHAR]) - [자바]
2023-08-14 13:34:04.152 TRACE 8668 --- [    Test worker] o.h.type.descriptor.sql.BasicExtractor   : extracted value ([post_id1_2_] : [BIGINT]) - [292]
2023-08-14 13:34:04.152 TRACE 8668 --- [    Test worker] o.h.type.descriptor.sql.BasicExtractor   : extracted value ([board_id2_2_] : [BIGINT]) - [1]
2023-08-14 13:34:04.152 TRACE 8668 --- [    Test worker] o.h.type.descriptor.sql.BasicExtractor   : extracted value ([post_con3_2_] : [VARCHAR]) - [z8eqqU4mIA]
2023-08-14 13:34:04.152 TRACE 8668 --- [    Test worker] o.h.type.descriptor.sql.BasicExtractor   : extracted value ([post_cre4_2_] : [TIMESTAMP]) - [2023-08-14 13:29:19.451]
2023-08-14 13:34:04.152 TRACE 8668 --- [    Test worker] o.h.type.descriptor.sql.BasicExtractor   : extracted value ([post_sho5_2_] : [VARCHAR]) - [Y]
2023-08-14 13:34:04.152 TRACE 8668 --- [    Test worker] o.h.type.descriptor.sql.BasicExtractor   : extracted value ([post_tit6_2_] : [VARCHAR]) - [테스트 글 제목 90]
2023-08-14 13:34:04.152 TRACE 8668 --- [    Test worker] o.h.type.descriptor.sql.BasicExtractor   : extracted value ([post_upd7_2_] : [TIMESTAMP]) - [2023-08-14 13:29:19.451]
2023-08-14 13:34:04.152 TRACE 8668 --- [    Test worker] o.h.type.descriptor.sql.BasicExtractor   : extracted value ([post_vie8_2_] : [INTEGER]) - [0]
2023-08-14 13:34:04.152 TRACE 8668 --- [    Test worker] o.h.type.descriptor.sql.BasicExtractor   : extracted value ([post_wri9_2_] : [VARCHAR]) - [자바]
2023-08-14 13:34:04.152 TRACE 8668 --- [    Test worker] o.h.type.descriptor.sql.BasicExtractor   : extracted value ([post_id1_2_] : [BIGINT]) - [293]
2023-08-14 13:34:04.152 TRACE 8668 --- [    Test worker] o.h.type.descriptor.sql.BasicExtractor   : extracted value ([board_id2_2_] : [BIGINT]) - [1]
2023-08-14 13:34:04.152 TRACE 8668 --- [    Test worker] o.h.type.descriptor.sql.BasicExtractor   : extracted value ([post_con3_2_] : [VARCHAR]) - [pRClaEDFf2]
2023-08-14 13:34:04.152 TRACE 8668 --- [    Test worker] o.h.type.descriptor.sql.BasicExtractor   : extracted value ([post_cre4_2_] : [TIMESTAMP]) - [2023-08-14 13:29:19.451]
2023-08-14 13:34:04.152 TRACE 8668 --- [    Test worker] o.h.type.descriptor.sql.BasicExtractor   : extracted value ([post_sho5_2_] : [VARCHAR]) - [Y]
2023-08-14 13:34:04.152 TRACE 8668 --- [    Test worker] o.h.type.descriptor.sql.BasicExtractor   : extracted value ([post_tit6_2_] : [VARCHAR]) - [테스트 글 제목 91]
2023-08-14 13:34:04.152 TRACE 8668 --- [    Test worker] o.h.type.descriptor.sql.BasicExtractor   : extracted value ([post_upd7_2_] : [TIMESTAMP]) - [2023-08-14 13:29:19.451]
2023-08-14 13:34:04.152 TRACE 8668 --- [    Test worker] o.h.type.descriptor.sql.BasicExtractor   : extracted value ([post_vie8_2_] : [INTEGER]) - [0]
2023-08-14 13:34:04.152 TRACE 8668 --- [    Test worker] o.h.type.descriptor.sql.BasicExtractor   : extracted value ([post_wri9_2_] : [VARCHAR]) - [자바]
2023-08-14 13:34:04.152 TRACE 8668 --- [    Test worker] o.h.type.descriptor.sql.BasicExtractor   : extracted value ([post_id1_2_] : [BIGINT]) - [294]
2023-08-14 13:34:04.152 TRACE 8668 --- [    Test worker] o.h.type.descriptor.sql.BasicExtractor   : extracted value ([board_id2_2_] : [BIGINT]) - [1]
2023-08-14 13:34:04.152 TRACE 8668 --- [    Test worker] o.h.type.descriptor.sql.BasicExtractor   : extracted value ([post_con3_2_] : [VARCHAR]) - [hpGe1NQDbY]
2023-08-14 13:34:04.152 TRACE 8668 --- [    Test worker] o.h.type.descriptor.sql.BasicExtractor   : extracted value ([post_cre4_2_] : [TIMESTAMP]) - [2023-08-14 13:29:19.451]
2023-08-14 13:34:04.152 TRACE 8668 --- [    Test worker] o.h.type.descriptor.sql.BasicExtractor   : extracted value ([post_sho5_2_] : [VARCHAR]) - [Y]
2023-08-14 13:34:04.152 TRACE 8668 --- [    Test worker] o.h.type.descriptor.sql.BasicExtractor   : extracted value ([post_tit6_2_] : [VARCHAR]) - [테스트 글 제목 92]
2023-08-14 13:34:04.152 TRACE 8668 --- [    Test worker] o.h.type.descriptor.sql.BasicExtractor   : extracted value ([post_upd7_2_] : [TIMESTAMP]) - [2023-08-14 13:29:19.451]
2023-08-14 13:34:04.152 TRACE 8668 --- [    Test worker] o.h.type.descriptor.sql.BasicExtractor   : extracted value ([post_vie8_2_] : [INTEGER]) - [0]
2023-08-14 13:34:04.152 TRACE 8668 --- [    Test worker] o.h.type.descriptor.sql.BasicExtractor   : extracted value ([post_wri9_2_] : [VARCHAR]) - [자바]
2023-08-14 13:34:04.152 TRACE 8668 --- [    Test worker] o.h.type.descriptor.sql.BasicExtractor   : extracted value ([post_id1_2_] : [BIGINT]) - [295]
2023-08-14 13:34:04.152 TRACE 8668 --- [    Test worker] o.h.type.descriptor.sql.BasicExtractor   : extracted value ([board_id2_2_] : [BIGINT]) - [1]
2023-08-14 13:34:04.152 TRACE 8668 --- [    Test worker] o.h.type.descriptor.sql.BasicExtractor   : extracted value ([post_con3_2_] : [VARCHAR]) - [fcTO4REzY7]
2023-08-14 13:34:04.152 TRACE 8668 --- [    Test worker] o.h.type.descriptor.sql.BasicExtractor   : extracted value ([post_cre4_2_] : [TIMESTAMP]) - [2023-08-14 13:29:19.451]
2023-08-14 13:34:04.152 TRACE 8668 --- [    Test worker] o.h.type.descriptor.sql.BasicExtractor   : extracted value ([post_sho5_2_] : [VARCHAR]) - [Y]
2023-08-14 13:34:04.152 TRACE 8668 --- [    Test worker] o.h.type.descriptor.sql.BasicExtractor   : extracted value ([post_tit6_2_] : [VARCHAR]) - [테스트 글 제목 93]
2023-08-14 13:34:04.152 TRACE 8668 --- [    Test worker] o.h.type.descriptor.sql.BasicExtractor   : extracted value ([post_upd7_2_] : [TIMESTAMP]) - [2023-08-14 13:29:19.451]
2023-08-14 13:34:04.152 TRACE 8668 --- [    Test worker] o.h.type.descriptor.sql.BasicExtractor   : extracted value ([post_vie8_2_] : [INTEGER]) - [0]
2023-08-14 13:34:04.152 TRACE 8668 --- [    Test worker] o.h.type.descriptor.sql.BasicExtractor   : extracted value ([post_wri9_2_] : [VARCHAR]) - [자바]
2023-08-14 13:34:04.152 TRACE 8668 --- [    Test worker] o.h.type.descriptor.sql.BasicExtractor   : extracted value ([post_id1_2_] : [BIGINT]) - [296]
2023-08-14 13:34:04.152 TRACE 8668 --- [    Test worker] o.h.type.descriptor.sql.BasicExtractor   : extracted value ([board_id2_2_] : [BIGINT]) - [1]
2023-08-14 13:34:04.152 TRACE 8668 --- [    Test worker] o.h.type.descriptor.sql.BasicExtractor   : extracted value ([post_con3_2_] : [VARCHAR]) - [h1qo5RtM0x]
2023-08-14 13:34:04.152 TRACE 8668 --- [    Test worker] o.h.type.descriptor.sql.BasicExtractor   : extracted value ([post_cre4_2_] : [TIMESTAMP]) - [2023-08-14 13:29:19.451]
2023-08-14 13:34:04.152 TRACE 8668 --- [    Test worker] o.h.type.descriptor.sql.BasicExtractor   : extracted value ([post_sho5_2_] : [VARCHAR]) - [Y]
2023-08-14 13:34:04.152 TRACE 8668 --- [    Test worker] o.h.type.descriptor.sql.BasicExtractor   : extracted value ([post_tit6_2_] : [VARCHAR]) - [테스트 글 제목 94]
2023-08-14 13:34:04.152 TRACE 8668 --- [    Test worker] o.h.type.descriptor.sql.BasicExtractor   : extracted value ([post_upd7_2_] : [TIMESTAMP]) - [2023-08-14 13:29:19.451]
2023-08-14 13:34:04.152 TRACE 8668 --- [    Test worker] o.h.type.descriptor.sql.BasicExtractor   : extracted value ([post_vie8_2_] : [INTEGER]) - [0]
2023-08-14 13:34:04.152 TRACE 8668 --- [    Test worker] o.h.type.descriptor.sql.BasicExtractor   : extracted value ([post_wri9_2_] : [VARCHAR]) - [자바]
2023-08-14 13:34:04.152 TRACE 8668 --- [    Test worker] o.h.type.descriptor.sql.BasicExtractor   : extracted value ([post_id1_2_] : [BIGINT]) - [297]
2023-08-14 13:34:04.152 TRACE 8668 --- [    Test worker] o.h.type.descriptor.sql.BasicExtractor   : extracted value ([board_id2_2_] : [BIGINT]) - [1]
2023-08-14 13:34:04.152 TRACE 8668 --- [    Test worker] o.h.type.descriptor.sql.BasicExtractor   : extracted value ([post_con3_2_] : [VARCHAR]) - [04MtGFoP4I]
2023-08-14 13:34:04.152 TRACE 8668 --- [    Test worker] o.h.type.descriptor.sql.BasicExtractor   : extracted value ([post_cre4_2_] : [TIMESTAMP]) - [2023-08-14 13:29:19.451]
2023-08-14 13:34:04.152 TRACE 8668 --- [    Test worker] o.h.type.descriptor.sql.BasicExtractor   : extracted value ([post_sho5_2_] : [VARCHAR]) - [Y]
2023-08-14 13:34:04.152 TRACE 8668 --- [    Test worker] o.h.type.descriptor.sql.BasicExtractor   : extracted value ([post_tit6_2_] : [VARCHAR]) - [테스트 글 제목 95]
2023-08-14 13:34:04.152 TRACE 8668 --- [    Test worker] o.h.type.descriptor.sql.BasicExtractor   : extracted value ([post_upd7_2_] : [TIMESTAMP]) - [2023-08-14 13:29:19.451]
2023-08-14 13:34:04.152 TRACE 8668 --- [    Test worker] o.h.type.descriptor.sql.BasicExtractor   : extracted value ([post_vie8_2_] : [INTEGER]) - [0]
2023-08-14 13:34:04.152 TRACE 8668 --- [    Test worker] o.h.type.descriptor.sql.BasicExtractor   : extracted value ([post_wri9_2_] : [VARCHAR]) - [자바]
2023-08-14 13:34:04.152 TRACE 8668 --- [    Test worker] o.h.type.descriptor.sql.BasicExtractor   : extracted value ([post_id1_2_] : [BIGINT]) - [298]
2023-08-14 13:34:04.152 TRACE 8668 --- [    Test worker] o.h.type.descriptor.sql.BasicExtractor   : extracted value ([board_id2_2_] : [BIGINT]) - [1]
2023-08-14 13:34:04.152 TRACE 8668 --- [    Test worker] o.h.type.descriptor.sql.BasicExtractor   : extracted value ([post_con3_2_] : [VARCHAR]) - [TazSjtWV8k]
2023-08-14 13:34:04.152 TRACE 8668 --- [    Test worker] o.h.type.descriptor.sql.BasicExtractor   : extracted value ([post_cre4_2_] : [TIMESTAMP]) - [2023-08-14 13:29:19.451]
2023-08-14 13:34:04.152 TRACE 8668 --- [    Test worker] o.h.type.descriptor.sql.BasicExtractor   : extracted value ([post_sho5_2_] : [VARCHAR]) - [Y]
2023-08-14 13:34:04.152 TRACE 8668 --- [    Test worker] o.h.type.descriptor.sql.BasicExtractor   : extracted value ([post_tit6_2_] : [VARCHAR]) - [테스트 글 제목 96]
2023-08-14 13:34:04.152 TRACE 8668 --- [    Test worker] o.h.type.descriptor.sql.BasicExtractor   : extracted value ([post_upd7_2_] : [TIMESTAMP]) - [2023-08-14 13:29:19.451]
2023-08-14 13:34:04.152 TRACE 8668 --- [    Test worker] o.h.type.descriptor.sql.BasicExtractor   : extracted value ([post_vie8_2_] : [INTEGER]) - [0]
2023-08-14 13:34:04.152 TRACE 8668 --- [    Test worker] o.h.type.descriptor.sql.BasicExtractor   : extracted value ([post_wri9_2_] : [VARCHAR]) - [자바]
2023-08-14 13:34:04.152 TRACE 8668 --- [    Test worker] o.h.type.descriptor.sql.BasicExtractor   : extracted value ([post_id1_2_] : [BIGINT]) - [299]
2023-08-14 13:34:04.152 TRACE 8668 --- [    Test worker] o.h.type.descriptor.sql.BasicExtractor   : extracted value ([board_id2_2_] : [BIGINT]) - [1]
2023-08-14 13:34:04.152 TRACE 8668 --- [    Test worker] o.h.type.descriptor.sql.BasicExtractor   : extracted value ([post_con3_2_] : [VARCHAR]) - [g6GM81gTgS]
2023-08-14 13:34:04.152 TRACE 8668 --- [    Test worker] o.h.type.descriptor.sql.BasicExtractor   : extracted value ([post_cre4_2_] : [TIMESTAMP]) - [2023-08-14 13:29:19.451]
2023-08-14 13:34:04.152 TRACE 8668 --- [    Test worker] o.h.type.descriptor.sql.BasicExtractor   : extracted value ([post_sho5_2_] : [VARCHAR]) - [Y]
2023-08-14 13:34:04.152 TRACE 8668 --- [    Test worker] o.h.type.descriptor.sql.BasicExtractor   : extracted value ([post_tit6_2_] : [VARCHAR]) - [테스트 글 제목 97]
2023-08-14 13:34:04.152 TRACE 8668 --- [    Test worker] o.h.type.descriptor.sql.BasicExtractor   : extracted value ([post_upd7_2_] : [TIMESTAMP]) - [2023-08-14 13:29:19.451]
2023-08-14 13:34:04.152 TRACE 8668 --- [    Test worker] o.h.type.descriptor.sql.BasicExtractor   : extracted value ([post_vie8_2_] : [INTEGER]) - [0]
2023-08-14 13:34:04.152 TRACE 8668 --- [    Test worker] o.h.type.descriptor.sql.BasicExtractor   : extracted value ([post_wri9_2_] : [VARCHAR]) - [자바]
2023-08-14 13:34:04.152 TRACE 8668 --- [    Test worker] o.h.type.descriptor.sql.BasicExtractor   : extracted value ([post_id1_2_] : [BIGINT]) - [300]
2023-08-14 13:34:04.152 TRACE 8668 --- [    Test worker] o.h.type.descriptor.sql.BasicExtractor   : extracted value ([board_id2_2_] : [BIGINT]) - [1]
2023-08-14 13:34:04.152 TRACE 8668 --- [    Test worker] o.h.type.descriptor.sql.BasicExtractor   : extracted value ([post_con3_2_] : [VARCHAR]) - [m4MMS4IpOL]
2023-08-14 13:34:04.152 TRACE 8668 --- [    Test worker] o.h.type.descriptor.sql.BasicExtractor   : extracted value ([post_cre4_2_] : [TIMESTAMP]) - [2023-08-14 13:29:19.466]
2023-08-14 13:34:04.152 TRACE 8668 --- [    Test worker] o.h.type.descriptor.sql.BasicExtractor   : extracted value ([post_sho5_2_] : [VARCHAR]) - [Y]
2023-08-14 13:34:04.152 TRACE 8668 --- [    Test worker] o.h.type.descriptor.sql.BasicExtractor   : extracted value ([post_tit6_2_] : [VARCHAR]) - [테스트 글 제목 98]
2023-08-14 13:34:04.152 TRACE 8668 --- [    Test worker] o.h.type.descriptor.sql.BasicExtractor   : extracted value ([post_upd7_2_] : [TIMESTAMP]) - [2023-08-14 13:29:19.466]
2023-08-14 13:34:04.152 TRACE 8668 --- [    Test worker] o.h.type.descriptor.sql.BasicExtractor   : extracted value ([post_vie8_2_] : [INTEGER]) - [0]
2023-08-14 13:34:04.152 TRACE 8668 --- [    Test worker] o.h.type.descriptor.sql.BasicExtractor   : extracted value ([post_wri9_2_] : [VARCHAR]) - [자바]
2023-08-14 13:34:04.152 TRACE 8668 --- [    Test worker] o.h.type.descriptor.sql.BasicExtractor   : extracted value ([post_id1_2_] : [BIGINT]) - [301]
2023-08-14 13:34:04.152 TRACE 8668 --- [    Test worker] o.h.type.descriptor.sql.BasicExtractor   : extracted value ([board_id2_2_] : [BIGINT]) - [1]
2023-08-14 13:34:04.152 TRACE 8668 --- [    Test worker] o.h.type.descriptor.sql.BasicExtractor   : extracted value ([post_con3_2_] : [VARCHAR]) - [K50p4xIBBr]
2023-08-14 13:34:04.152 TRACE 8668 --- [    Test worker] o.h.type.descriptor.sql.BasicExtractor   : extracted value ([post_cre4_2_] : [TIMESTAMP]) - [2023-08-14 13:29:19.466]
2023-08-14 13:34:04.152 TRACE 8668 --- [    Test worker] o.h.type.descriptor.sql.BasicExtractor   : extracted value ([post_sho5_2_] : [VARCHAR]) - [Y]
2023-08-14 13:34:04.152 TRACE 8668 --- [    Test worker] o.h.type.descriptor.sql.BasicExtractor   : extracted value ([post_tit6_2_] : [VARCHAR]) - [테스트 글 제목 99]
2023-08-14 13:34:04.152 TRACE 8668 --- [    Test worker] o.h.type.descriptor.sql.BasicExtractor   : extracted value ([post_upd7_2_] : [TIMESTAMP]) - [2023-08-14 13:29:19.466]
2023-08-14 13:34:04.152 TRACE 8668 --- [    Test worker] o.h.type.descriptor.sql.BasicExtractor   : extracted value ([post_vie8_2_] : [INTEGER]) - [0]
2023-08-14 13:34:04.152 TRACE 8668 --- [    Test worker] o.h.type.descriptor.sql.BasicExtractor   : extracted value ([post_wri9_2_] : [VARCHAR]) - [자바]
2023-08-14 13:34:04.152 TRACE 8668 --- [    Test worker] o.h.type.descriptor.sql.BasicExtractor   : extracted value ([post_id1_2_] : [BIGINT]) - [302]
2023-08-14 13:34:04.152 TRACE 8668 --- [    Test worker] o.h.type.descriptor.sql.BasicExtractor   : extracted value ([board_id2_2_] : [BIGINT]) - [1]
2023-08-14 13:34:04.152 TRACE 8668 --- [    Test worker] o.h.type.descriptor.sql.BasicExtractor   : extracted value ([post_con3_2_] : [VARCHAR]) - [9GaotIONiD]
2023-08-14 13:34:04.152 TRACE 8668 --- [    Test worker] o.h.type.descriptor.sql.BasicExtractor   : extracted value ([post_cre4_2_] : [TIMESTAMP]) - [2023-08-14 13:29:19.466]
2023-08-14 13:34:04.152 TRACE 8668 --- [    Test worker] o.h.type.descriptor.sql.BasicExtractor   : extracted value ([post_sho5_2_] : [VARCHAR]) - [Y]
2023-08-14 13:34:04.152 TRACE 8668 --- [    Test worker] o.h.type.descriptor.sql.BasicExtractor   : extracted value ([post_tit6_2_] : [VARCHAR]) - [테스트 글 제목 100]
2023-08-14 13:34:04.152 TRACE 8668 --- [    Test worker] o.h.type.descriptor.sql.BasicExtractor   : extracted value ([post_upd7_2_] : [TIMESTAMP]) - [2023-08-14 13:29:19.466]
2023-08-14 13:34:04.152 TRACE 8668 --- [    Test worker] o.h.type.descriptor.sql.BasicExtractor   : extracted value ([post_vie8_2_] : [INTEGER]) - [0]
2023-08-14 13:34:04.152 TRACE 8668 --- [    Test worker] o.h.type.descriptor.sql.BasicExtractor   : extracted value ([post_wri9_2_] : [VARCHAR]) - [자바]
2023-08-14 13:34:04.152 TRACE 8668 --- [    Test worker] o.h.type.descriptor.sql.BasicExtractor   : extracted value ([post_id1_2_] : [BIGINT]) - [303]
2023-08-14 13:34:04.152 TRACE 8668 --- [    Test worker] o.h.type.descriptor.sql.BasicExtractor   : extracted value ([board_id2_2_] : [BIGINT]) - [1]
2023-08-14 13:34:04.152 TRACE 8668 --- [    Test worker] o.h.type.descriptor.sql.BasicExtractor   : extracted value ([post_con3_2_] : [VARCHAR]) - [92TbJwbuN1]
2023-08-14 13:34:04.152 TRACE 8668 --- [    Test worker] o.h.type.descriptor.sql.BasicExtractor   : extracted value ([post_cre4_2_] : [TIMESTAMP]) - [2023-08-14 13:29:19.466]
2023-08-14 13:34:04.152 TRACE 8668 --- [    Test worker] o.h.type.descriptor.sql.BasicExtractor   : extracted value ([post_sho5_2_] : [VARCHAR]) - [Y]
2023-08-14 13:34:04.152 TRACE 8668 --- [    Test worker] o.h.type.descriptor.sql.BasicExtractor   : extracted value ([post_tit6_2_] : [VARCHAR]) - [테스트 글 제목 101]
2023-08-14 13:34:04.152 TRACE 8668 --- [    Test worker] o.h.type.descriptor.sql.BasicExtractor   : extracted value ([post_upd7_2_] : [TIMESTAMP]) - [2023-08-14 13:29:19.466]
2023-08-14 13:34:04.152 TRACE 8668 --- [    Test worker] o.h.type.descriptor.sql.BasicExtractor   : extracted value ([post_vie8_2_] : [INTEGER]) - [0]
2023-08-14 13:34:04.152 TRACE 8668 --- [    Test worker] o.h.type.descriptor.sql.BasicExtractor   : extracted value ([post_wri9_2_] : [VARCHAR]) - [자바]
2023-08-14 13:34:04.152 TRACE 8668 --- [    Test worker] o.h.type.descriptor.sql.BasicExtractor   : extracted value ([post_id1_2_] : [BIGINT]) - [304]
2023-08-14 13:34:04.152 TRACE 8668 --- [    Test worker] o.h.type.descriptor.sql.BasicExtractor   : extracted value ([board_id2_2_] : [BIGINT]) - [1]
2023-08-14 13:34:04.152 TRACE 8668 --- [    Test worker] o.h.type.descriptor.sql.BasicExtractor   : extracted value ([post_con3_2_] : [VARCHAR]) - [ZTUrsMkLGL]
2023-08-14 13:34:04.152 TRACE 8668 --- [    Test worker] o.h.type.descriptor.sql.BasicExtractor   : extracted value ([post_cre4_2_] : [TIMESTAMP]) - [2023-08-14 13:29:19.466]
2023-08-14 13:34:04.152 TRACE 8668 --- [    Test worker] o.h.type.descriptor.sql.BasicExtractor   : extracted value ([post_sho5_2_] : [VARCHAR]) - [Y]
2023-08-14 13:34:04.152 TRACE 8668 --- [    Test worker] o.h.type.descriptor.sql.BasicExtractor   : extracted value ([post_tit6_2_] : [VARCHAR]) - [테스트 글 제목 102]
2023-08-14 13:34:04.152 TRACE 8668 --- [    Test worker] o.h.type.descriptor.sql.BasicExtractor   : extracted value ([post_upd7_2_] : [TIMESTAMP]) - [2023-08-14 13:29:19.466]
2023-08-14 13:34:04.152 TRACE 8668 --- [    Test worker] o.h.type.descriptor.sql.BasicExtractor   : extracted value ([post_vie8_2_] : [INTEGER]) - [0]
2023-08-14 13:34:04.152 TRACE 8668 --- [    Test worker] o.h.type.descriptor.sql.BasicExtractor   : extracted value ([post_wri9_2_] : [VARCHAR]) - [자바]
2023-08-14 13:34:04.152 TRACE 8668 --- [    Test worker] o.h.type.descriptor.sql.BasicExtractor   : extracted value ([post_id1_2_] : [BIGINT]) - [305]
2023-08-14 13:34:04.152 TRACE 8668 --- [    Test worker] o.h.type.descriptor.sql.BasicExtractor   : extracted value ([board_id2_2_] : [BIGINT]) - [1]
2023-08-14 13:34:04.152 TRACE 8668 --- [    Test worker] o.h.type.descriptor.sql.BasicExtractor   : extracted value ([post_con3_2_] : [VARCHAR]) - [xhyb4GzjNq]
2023-08-14 13:34:04.152 TRACE 8668 --- [    Test worker] o.h.type.descriptor.sql.BasicExtractor   : extracted value ([post_cre4_2_] : [TIMESTAMP]) - [2023-08-14 13:29:19.466]
2023-08-14 13:34:04.152 TRACE 8668 --- [    Test worker] o.h.type.descriptor.sql.BasicExtractor   : extracted value ([post_sho5_2_] : [VARCHAR]) - [Y]
2023-08-14 13:34:04.152 TRACE 8668 --- [    Test worker] o.h.type.descriptor.sql.BasicExtractor   : extracted value ([post_tit6_2_] : [VARCHAR]) - [테스트 글 제목 103]
2023-08-14 13:34:04.152 TRACE 8668 --- [    Test worker] o.h.type.descriptor.sql.BasicExtractor   : extracted value ([post_upd7_2_] : [TIMESTAMP]) - [2023-08-14 13:29:19.466]
2023-08-14 13:34:04.152 TRACE 8668 --- [    Test worker] o.h.type.descriptor.sql.BasicExtractor   : extracted value ([post_vie8_2_] : [INTEGER]) - [0]
2023-08-14 13:34:04.152 TRACE 8668 --- [    Test worker] o.h.type.descriptor.sql.BasicExtractor   : extracted value ([post_wri9_2_] : [VARCHAR]) - [자바]
2023-08-14 13:34:04.152 TRACE 8668 --- [    Test worker] o.h.type.descriptor.sql.BasicExtractor   : extracted value ([post_id1_2_] : [BIGINT]) - [306]
2023-08-14 13:34:04.152 TRACE 8668 --- [    Test worker] o.h.type.descriptor.sql.BasicExtractor   : extracted value ([board_id2_2_] : [BIGINT]) - [1]
2023-08-14 13:34:04.152 TRACE 8668 --- [    Test worker] o.h.type.descriptor.sql.BasicExtractor   : extracted value ([post_con3_2_] : [VARCHAR]) - [BImBnCaUds]
2023-08-14 13:34:04.152 TRACE 8668 --- [    Test worker] o.h.type.descriptor.sql.BasicExtractor   : extracted value ([post_cre4_2_] : [TIMESTAMP]) - [2023-08-14 13:29:19.466]
2023-08-14 13:34:04.152 TRACE 8668 --- [    Test worker] o.h.type.descriptor.sql.BasicExtractor   : extracted value ([post_sho5_2_] : [VARCHAR]) - [Y]
2023-08-14 13:34:04.152 TRACE 8668 --- [    Test worker] o.h.type.descriptor.sql.BasicExtractor   : extracted value ([post_tit6_2_] : [VARCHAR]) - [테스트 글 제목 104]
2023-08-14 13:34:04.152 TRACE 8668 --- [    Test worker] o.h.type.descriptor.sql.BasicExtractor   : extracted value ([post_upd7_2_] : [TIMESTAMP]) - [2023-08-14 13:29:19.466]
2023-08-14 13:34:04.152 TRACE 8668 --- [    Test worker] o.h.type.descriptor.sql.BasicExtractor   : extracted value ([post_vie8_2_] : [INTEGER]) - [0]
2023-08-14 13:34:04.152 TRACE 8668 --- [    Test worker] o.h.type.descriptor.sql.BasicExtractor   : extracted value ([post_wri9_2_] : [VARCHAR]) - [자바]
2023-08-14 13:34:04.152 TRACE 8668 --- [    Test worker] o.h.type.descriptor.sql.BasicExtractor   : extracted value ([post_id1_2_] : [BIGINT]) - [307]
2023-08-14 13:34:04.152 TRACE 8668 --- [    Test worker] o.h.type.descriptor.sql.BasicExtractor   : extracted value ([board_id2_2_] : [BIGINT]) - [1]
2023-08-14 13:34:04.152 TRACE 8668 --- [    Test worker] o.h.type.descriptor.sql.BasicExtractor   : extracted value ([post_con3_2_] : [VARCHAR]) - [ubzsbBcI8X]
2023-08-14 13:34:04.152 TRACE 8668 --- [    Test worker] o.h.type.descriptor.sql.BasicExtractor   : extracted value ([post_cre4_2_] : [TIMESTAMP]) - [2023-08-14 13:29:19.466]
2023-08-14 13:34:04.152 TRACE 8668 --- [    Test worker] o.h.type.descriptor.sql.BasicExtractor   : extracted value ([post_sho5_2_] : [VARCHAR]) - [Y]
2023-08-14 13:34:04.152 TRACE 8668 --- [    Test worker] o.h.type.descriptor.sql.BasicExtractor   : extracted value ([post_tit6_2_] : [VARCHAR]) - [테스트 글 제목 105]
2023-08-14 13:34:04.152 TRACE 8668 --- [    Test worker] o.h.type.descriptor.sql.BasicExtractor   : extracted value ([post_upd7_2_] : [TIMESTAMP]) - [2023-08-14 13:29:19.466]
2023-08-14 13:34:04.152 TRACE 8668 --- [    Test worker] o.h.type.descriptor.sql.BasicExtractor   : extracted value ([post_vie8_2_] : [INTEGER]) - [0]
2023-08-14 13:34:04.152 TRACE 8668 --- [    Test worker] o.h.type.descriptor.sql.BasicExtractor   : extracted value ([post_wri9_2_] : [VARCHAR]) - [자바]
2023-08-14 13:34:04.152 TRACE 8668 --- [    Test worker] o.h.type.descriptor.sql.BasicExtractor   : extracted value ([post_id1_2_] : [BIGINT]) - [308]
2023-08-14 13:34:04.152 TRACE 8668 --- [    Test worker] o.h.type.descriptor.sql.BasicExtractor   : extracted value ([board_id2_2_] : [BIGINT]) - [1]
2023-08-14 13:34:04.152 TRACE 8668 --- [    Test worker] o.h.type.descriptor.sql.BasicExtractor   : extracted value ([post_con3_2_] : [VARCHAR]) - [nMz4Ex2dPf]
2023-08-14 13:34:04.152 TRACE 8668 --- [    Test worker] o.h.type.descriptor.sql.BasicExtractor   : extracted value ([post_cre4_2_] : [TIMESTAMP]) - [2023-08-14 13:29:19.466]
2023-08-14 13:34:04.152 TRACE 8668 --- [    Test worker] o.h.type.descriptor.sql.BasicExtractor   : extracted value ([post_sho5_2_] : [VARCHAR]) - [Y]
2023-08-14 13:34:04.152 TRACE 8668 --- [    Test worker] o.h.type.descriptor.sql.BasicExtractor   : extracted value ([post_tit6_2_] : [VARCHAR]) - [테스트 글 제목 106]
2023-08-14 13:34:04.152 TRACE 8668 --- [    Test worker] o.h.type.descriptor.sql.BasicExtractor   : extracted value ([post_upd7_2_] : [TIMESTAMP]) - [2023-08-14 13:29:19.466]
2023-08-14 13:34:04.152 TRACE 8668 --- [    Test worker] o.h.type.descriptor.sql.BasicExtractor   : extracted value ([post_vie8_2_] : [INTEGER]) - [0]
2023-08-14 13:34:04.152 TRACE 8668 --- [    Test worker] o.h.type.descriptor.sql.BasicExtractor   : extracted value ([post_wri9_2_] : [VARCHAR]) - [자바]
2023-08-14 13:34:04.152 TRACE 8668 --- [    Test worker] o.h.type.descriptor.sql.BasicExtractor   : extracted value ([post_id1_2_] : [BIGINT]) - [309]
2023-08-14 13:34:04.152 TRACE 8668 --- [    Test worker] o.h.type.descriptor.sql.BasicExtractor   : extracted value ([board_id2_2_] : [BIGINT]) - [1]
2023-08-14 13:34:04.152 TRACE 8668 --- [    Test worker] o.h.type.descriptor.sql.BasicExtractor   : extracted value ([post_con3_2_] : [VARCHAR]) - [PxDub6BC9U]
2023-08-14 13:34:04.152 TRACE 8668 --- [    Test worker] o.h.type.descriptor.sql.BasicExtractor   : extracted value ([post_cre4_2_] : [TIMESTAMP]) - [2023-08-14 13:29:19.482]
2023-08-14 13:34:04.152 TRACE 8668 --- [    Test worker] o.h.type.descriptor.sql.BasicExtractor   : extracted value ([post_sho5_2_] : [VARCHAR]) - [Y]
2023-08-14 13:34:04.152 TRACE 8668 --- [    Test worker] o.h.type.descriptor.sql.BasicExtractor   : extracted value ([post_tit6_2_] : [VARCHAR]) - [테스트 글 제목 107]
2023-08-14 13:34:04.152 TRACE 8668 --- [    Test worker] o.h.type.descriptor.sql.BasicExtractor   : extracted value ([post_upd7_2_] : [TIMESTAMP]) - [2023-08-14 13:29:19.482]
2023-08-14 13:34:04.152 TRACE 8668 --- [    Test worker] o.h.type.descriptor.sql.BasicExtractor   : extracted value ([post_vie8_2_] : [INTEGER]) - [0]
2023-08-14 13:34:04.152 TRACE 8668 --- [    Test worker] o.h.type.descriptor.sql.BasicExtractor   : extracted value ([post_wri9_2_] : [VARCHAR]) - [자바]
2023-08-14 13:34:04.152 TRACE 8668 --- [    Test worker] o.h.type.descriptor.sql.BasicExtractor   : extracted value ([post_id1_2_] : [BIGINT]) - [310]
2023-08-14 13:34:04.152 TRACE 8668 --- [    Test worker] o.h.type.descriptor.sql.BasicExtractor   : extracted value ([board_id2_2_] : [BIGINT]) - [1]
2023-08-14 13:34:04.152 TRACE 8668 --- [    Test worker] o.h.type.descriptor.sql.BasicExtractor   : extracted value ([post_con3_2_] : [VARCHAR]) - [n34ltXs9n0]
2023-08-14 13:34:04.152 TRACE 8668 --- [    Test worker] o.h.type.descriptor.sql.BasicExtractor   : extracted value ([post_cre4_2_] : [TIMESTAMP]) - [2023-08-14 13:29:19.482]
2023-08-14 13:34:04.152 TRACE 8668 --- [    Test worker] o.h.type.descriptor.sql.BasicExtractor   : extracted value ([post_sho5_2_] : [VARCHAR]) - [Y]
2023-08-14 13:34:04.152 TRACE 8668 --- [    Test worker] o.h.type.descriptor.sql.BasicExtractor   : extracted value ([post_tit6_2_] : [VARCHAR]) - [테스트 글 제목 108]
2023-08-14 13:34:04.152 TRACE 8668 --- [    Test worker] o.h.type.descriptor.sql.BasicExtractor   : extracted value ([post_upd7_2_] : [TIMESTAMP]) - [2023-08-14 13:29:19.482]
2023-08-14 13:34:04.152 TRACE 8668 --- [    Test worker] o.h.type.descriptor.sql.BasicExtractor   : extracted value ([post_vie8_2_] : [INTEGER]) - [0]
2023-08-14 13:34:04.152 TRACE 8668 --- [    Test worker] o.h.type.descriptor.sql.BasicExtractor   : extracted value ([post_wri9_2_] : [VARCHAR]) - [자바]
2023-08-14 13:34:04.152 TRACE 8668 --- [    Test worker] o.h.type.descriptor.sql.BasicExtractor   : extracted value ([post_id1_2_] : [BIGINT]) - [311]
2023-08-14 13:34:04.152 TRACE 8668 --- [    Test worker] o.h.type.descriptor.sql.BasicExtractor   : extracted value ([board_id2_2_] : [BIGINT]) - [1]
2023-08-14 13:34:04.152 TRACE 8668 --- [    Test worker] o.h.type.descriptor.sql.BasicExtractor   : extracted value ([post_con3_2_] : [VARCHAR]) - [33GoaBP4iO]
2023-08-14 13:34:04.152 TRACE 8668 --- [    Test worker] o.h.type.descriptor.sql.BasicExtractor   : extracted value ([post_cre4_2_] : [TIMESTAMP]) - [2023-08-14 13:29:19.482]
2023-08-14 13:34:04.152 TRACE 8668 --- [    Test worker] o.h.type.descriptor.sql.BasicExtractor   : extracted value ([post_sho5_2_] : [VARCHAR]) - [Y]
2023-08-14 13:34:04.152 TRACE 8668 --- [    Test worker] o.h.type.descriptor.sql.BasicExtractor   : extracted value ([post_tit6_2_] : [VARCHAR]) - [테스트 글 제목 109]
2023-08-14 13:34:04.152 TRACE 8668 --- [    Test worker] o.h.type.descriptor.sql.BasicExtractor   : extracted value ([post_upd7_2_] : [TIMESTAMP]) - [2023-08-14 13:29:19.482]
2023-08-14 13:34:04.152 TRACE 8668 --- [    Test worker] o.h.type.descriptor.sql.BasicExtractor   : extracted value ([post_vie8_2_] : [INTEGER]) - [0]
2023-08-14 13:34:04.152 TRACE 8668 --- [    Test worker] o.h.type.descriptor.sql.BasicExtractor   : extracted value ([post_wri9_2_] : [VARCHAR]) - [자바]
2023-08-14 13:34:04.152 TRACE 8668 --- [    Test worker] o.h.type.descriptor.sql.BasicExtractor   : extracted value ([post_id1_2_] : [BIGINT]) - [312]
2023-08-14 13:34:04.152 TRACE 8668 --- [    Test worker] o.h.type.descriptor.sql.BasicExtractor   : extracted value ([board_id2_2_] : [BIGINT]) - [1]
2023-08-14 13:34:04.152 TRACE 8668 --- [    Test worker] o.h.type.descriptor.sql.BasicExtractor   : extracted value ([post_con3_2_] : [VARCHAR]) - [w5uAbNuLCe]
2023-08-14 13:34:04.152 TRACE 8668 --- [    Test worker] o.h.type.descriptor.sql.BasicExtractor   : extracted value ([post_cre4_2_] : [TIMESTAMP]) - [2023-08-14 13:29:19.482]
2023-08-14 13:34:04.152 TRACE 8668 --- [    Test worker] o.h.type.descriptor.sql.BasicExtractor   : extracted value ([post_sho5_2_] : [VARCHAR]) - [Y]
2023-08-14 13:34:04.152 TRACE 8668 --- [    Test worker] o.h.type.descriptor.sql.BasicExtractor   : extracted value ([post_tit6_2_] : [VARCHAR]) - [테스트 글 제목 110]
2023-08-14 13:34:04.152 TRACE 8668 --- [    Test worker] o.h.type.descriptor.sql.BasicExtractor   : extracted value ([post_upd7_2_] : [TIMESTAMP]) - [2023-08-14 13:29:19.482]
2023-08-14 13:34:04.152 TRACE 8668 --- [    Test worker] o.h.type.descriptor.sql.BasicExtractor   : extracted value ([post_vie8_2_] : [INTEGER]) - [0]
2023-08-14 13:34:04.152 TRACE 8668 --- [    Test worker] o.h.type.descriptor.sql.BasicExtractor   : extracted value ([post_wri9_2_] : [VARCHAR]) - [자바]
2023-08-14 13:34:04.152 TRACE 8668 --- [    Test worker] o.h.type.descriptor.sql.BasicExtractor   : extracted value ([post_id1_2_] : [BIGINT]) - [313]
2023-08-14 13:34:04.152 TRACE 8668 --- [    Test worker] o.h.type.descriptor.sql.BasicExtractor   : extracted value ([board_id2_2_] : [BIGINT]) - [1]
2023-08-14 13:34:04.152 TRACE 8668 --- [    Test worker] o.h.type.descriptor.sql.BasicExtractor   : extracted value ([post_con3_2_] : [VARCHAR]) - [LNtnD5bgbd]
2023-08-14 13:34:04.152 TRACE 8668 --- [    Test worker] o.h.type.descriptor.sql.BasicExtractor   : extracted value ([post_cre4_2_] : [TIMESTAMP]) - [2023-08-14 13:29:19.482]
2023-08-14 13:34:04.152 TRACE 8668 --- [    Test worker] o.h.type.descriptor.sql.BasicExtractor   : extracted value ([post_sho5_2_] : [VARCHAR]) - [Y]
2023-08-14 13:34:04.152 TRACE 8668 --- [    Test worker] o.h.type.descriptor.sql.BasicExtractor   : extracted value ([post_tit6_2_] : [VARCHAR]) - [테스트 글 제목 111]
2023-08-14 13:34:04.152 TRACE 8668 --- [    Test worker] o.h.type.descriptor.sql.BasicExtractor   : extracted value ([post_upd7_2_] : [TIMESTAMP]) - [2023-08-14 13:29:19.482]
2023-08-14 13:34:04.152 TRACE 8668 --- [    Test worker] o.h.type.descriptor.sql.BasicExtractor   : extracted value ([post_vie8_2_] : [INTEGER]) - [0]
2023-08-14 13:34:04.152 TRACE 8668 --- [    Test worker] o.h.type.descriptor.sql.BasicExtractor   : extracted value ([post_wri9_2_] : [VARCHAR]) - [자바]
2023-08-14 13:34:04.152 TRACE 8668 --- [    Test worker] o.h.type.descriptor.sql.BasicExtractor   : extracted value ([post_id1_2_] : [BIGINT]) - [314]
2023-08-14 13:34:04.152 TRACE 8668 --- [    Test worker] o.h.type.descriptor.sql.BasicExtractor   : extracted value ([board_id2_2_] : [BIGINT]) - [1]
2023-08-14 13:34:04.152 TRACE 8668 --- [    Test worker] o.h.type.descriptor.sql.BasicExtractor   : extracted value ([post_con3_2_] : [VARCHAR]) - [Yv6U90aSV2]
2023-08-14 13:34:04.152 TRACE 8668 --- [    Test worker] o.h.type.descriptor.sql.BasicExtractor   : extracted value ([post_cre4_2_] : [TIMESTAMP]) - [2023-08-14 13:29:19.482]
2023-08-14 13:34:04.152 TRACE 8668 --- [    Test worker] o.h.type.descriptor.sql.BasicExtractor   : extracted value ([post_sho5_2_] : [VARCHAR]) - [Y]
2023-08-14 13:34:04.152 TRACE 8668 --- [    Test worker] o.h.type.descriptor.sql.BasicExtractor   : extracted value ([post_tit6_2_] : [VARCHAR]) - [테스트 글 제목 112]
2023-08-14 13:34:04.152 TRACE 8668 --- [    Test worker] o.h.type.descriptor.sql.BasicExtractor   : extracted value ([post_upd7_2_] : [TIMESTAMP]) - [2023-08-14 13:29:19.482]
2023-08-14 13:34:04.152 TRACE 8668 --- [    Test worker] o.h.type.descriptor.sql.BasicExtractor   : extracted value ([post_vie8_2_] : [INTEGER]) - [0]
2023-08-14 13:34:04.152 TRACE 8668 --- [    Test worker] o.h.type.descriptor.sql.BasicExtractor   : extracted value ([post_wri9_2_] : [VARCHAR]) - [자바]
2023-08-14 13:34:04.152 TRACE 8668 --- [    Test worker] o.h.type.descriptor.sql.BasicExtractor   : extracted value ([post_id1_2_] : [BIGINT]) - [315]
2023-08-14 13:34:04.152 TRACE 8668 --- [    Test worker] o.h.type.descriptor.sql.BasicExtractor   : extracted value ([board_id2_2_] : [BIGINT]) - [1]
2023-08-14 13:34:04.152 TRACE 8668 --- [    Test worker] o.h.type.descriptor.sql.BasicExtractor   : extracted value ([post_con3_2_] : [VARCHAR]) - [LCy3oq15NU]
2023-08-14 13:34:04.152 TRACE 8668 --- [    Test worker] o.h.type.descriptor.sql.BasicExtractor   : extracted value ([post_cre4_2_] : [TIMESTAMP]) - [2023-08-14 13:29:19.498]
2023-08-14 13:34:04.152 TRACE 8668 --- [    Test worker] o.h.type.descriptor.sql.BasicExtractor   : extracted value ([post_sho5_2_] : [VARCHAR]) - [Y]
2023-08-14 13:34:04.152 TRACE 8668 --- [    Test worker] o.h.type.descriptor.sql.BasicExtractor   : extracted value ([post_tit6_2_] : [VARCHAR]) - [테스트 글 제목 113]
2023-08-14 13:34:04.152 TRACE 8668 --- [    Test worker] o.h.type.descriptor.sql.BasicExtractor   : extracted value ([post_upd7_2_] : [TIMESTAMP]) - [2023-08-14 13:29:19.498]
2023-08-14 13:34:04.152 TRACE 8668 --- [    Test worker] o.h.type.descriptor.sql.BasicExtractor   : extracted value ([post_vie8_2_] : [INTEGER]) - [0]
2023-08-14 13:34:04.152 TRACE 8668 --- [    Test worker] o.h.type.descriptor.sql.BasicExtractor   : extracted value ([post_wri9_2_] : [VARCHAR]) - [자바]
2023-08-14 13:34:04.152 TRACE 8668 --- [    Test worker] o.h.type.descriptor.sql.BasicExtractor   : extracted value ([post_id1_2_] : [BIGINT]) - [316]
2023-08-14 13:34:04.152 TRACE 8668 --- [    Test worker] o.h.type.descriptor.sql.BasicExtractor   : extracted value ([board_id2_2_] : [BIGINT]) - [1]
2023-08-14 13:34:04.152 TRACE 8668 --- [    Test worker] o.h.type.descriptor.sql.BasicExtractor   : extracted value ([post_con3_2_] : [VARCHAR]) - [L5dlZC52Bx]
2023-08-14 13:34:04.152 TRACE 8668 --- [    Test worker] o.h.type.descriptor.sql.BasicExtractor   : extracted value ([post_cre4_2_] : [TIMESTAMP]) - [2023-08-14 13:29:19.498]
2023-08-14 13:34:04.152 TRACE 8668 --- [    Test worker] o.h.type.descriptor.sql.BasicExtractor   : extracted value ([post_sho5_2_] : [VARCHAR]) - [Y]
2023-08-14 13:34:04.152 TRACE 8668 --- [    Test worker] o.h.type.descriptor.sql.BasicExtractor   : extracted value ([post_tit6_2_] : [VARCHAR]) - [테스트 글 제목 114]
2023-08-14 13:34:04.152 TRACE 8668 --- [    Test worker] o.h.type.descriptor.sql.BasicExtractor   : extracted value ([post_upd7_2_] : [TIMESTAMP]) - [2023-08-14 13:29:19.498]
2023-08-14 13:34:04.152 TRACE 8668 --- [    Test worker] o.h.type.descriptor.sql.BasicExtractor   : extracted value ([post_vie8_2_] : [INTEGER]) - [0]
2023-08-14 13:34:04.152 TRACE 8668 --- [    Test worker] o.h.type.descriptor.sql.BasicExtractor   : extracted value ([post_wri9_2_] : [VARCHAR]) - [자바]
2023-08-14 13:34:04.152 TRACE 8668 --- [    Test worker] o.h.type.descriptor.sql.BasicExtractor   : extracted value ([post_id1_2_] : [BIGINT]) - [317]
2023-08-14 13:34:04.152 TRACE 8668 --- [    Test worker] o.h.type.descriptor.sql.BasicExtractor   : extracted value ([board_id2_2_] : [BIGINT]) - [1]
2023-08-14 13:34:04.152 TRACE 8668 --- [    Test worker] o.h.type.descriptor.sql.BasicExtractor   : extracted value ([post_con3_2_] : [VARCHAR]) - [BbEbdefo0h]
2023-08-14 13:34:04.152 TRACE 8668 --- [    Test worker] o.h.type.descriptor.sql.BasicExtractor   : extracted value ([post_cre4_2_] : [TIMESTAMP]) - [2023-08-14 13:29:19.498]
2023-08-14 13:34:04.152 TRACE 8668 --- [    Test worker] o.h.type.descriptor.sql.BasicExtractor   : extracted value ([post_sho5_2_] : [VARCHAR]) - [Y]
2023-08-14 13:34:04.152 TRACE 8668 --- [    Test worker] o.h.type.descriptor.sql.BasicExtractor   : extracted value ([post_tit6_2_] : [VARCHAR]) - [테스트 글 제목 115]
2023-08-14 13:34:04.152 TRACE 8668 --- [    Test worker] o.h.type.descriptor.sql.BasicExtractor   : extracted value ([post_upd7_2_] : [TIMESTAMP]) - [2023-08-14 13:29:19.498]
2023-08-14 13:34:04.152 TRACE 8668 --- [    Test worker] o.h.type.descriptor.sql.BasicExtractor   : extracted value ([post_vie8_2_] : [INTEGER]) - [0]
2023-08-14 13:34:04.152 TRACE 8668 --- [    Test worker] o.h.type.descriptor.sql.BasicExtractor   : extracted value ([post_wri9_2_] : [VARCHAR]) - [자바]
2023-08-14 13:34:04.152 TRACE 8668 --- [    Test worker] o.h.type.descriptor.sql.BasicExtractor   : extracted value ([post_id1_2_] : [BIGINT]) - [318]
2023-08-14 13:34:04.152 TRACE 8668 --- [    Test worker] o.h.type.descriptor.sql.BasicExtractor   : extracted value ([board_id2_2_] : [BIGINT]) - [1]
2023-08-14 13:34:04.152 TRACE 8668 --- [    Test worker] o.h.type.descriptor.sql.BasicExtractor   : extracted value ([post_con3_2_] : [VARCHAR]) - [4metZApNnq]
2023-08-14 13:34:04.152 TRACE 8668 --- [    Test worker] o.h.type.descriptor.sql.BasicExtractor   : extracted value ([post_cre4_2_] : [TIMESTAMP]) - [2023-08-14 13:29:19.498]
2023-08-14 13:34:04.152 TRACE 8668 --- [    Test worker] o.h.type.descriptor.sql.BasicExtractor   : extracted value ([post_sho5_2_] : [VARCHAR]) - [Y]
2023-08-14 13:34:04.152 TRACE 8668 --- [    Test worker] o.h.type.descriptor.sql.BasicExtractor   : extracted value ([post_tit6_2_] : [VARCHAR]) - [테스트 글 제목 116]
2023-08-14 13:34:04.152 TRACE 8668 --- [    Test worker] o.h.type.descriptor.sql.BasicExtractor   : extracted value ([post_upd7_2_] : [TIMESTAMP]) - [2023-08-14 13:29:19.498]
2023-08-14 13:34:04.152 TRACE 8668 --- [    Test worker] o.h.type.descriptor.sql.BasicExtractor   : extracted value ([post_vie8_2_] : [INTEGER]) - [0]
2023-08-14 13:34:04.152 TRACE 8668 --- [    Test worker] o.h.type.descriptor.sql.BasicExtractor   : extracted value ([post_wri9_2_] : [VARCHAR]) - [자바]
2023-08-14 13:34:04.152 TRACE 8668 --- [    Test worker] o.h.type.descriptor.sql.BasicExtractor   : extracted value ([post_id1_2_] : [BIGINT]) - [319]
2023-08-14 13:34:04.152 TRACE 8668 --- [    Test worker] o.h.type.descriptor.sql.BasicExtractor   : extracted value ([board_id2_2_] : [BIGINT]) - [1]
2023-08-14 13:34:04.152 TRACE 8668 --- [    Test worker] o.h.type.descriptor.sql.BasicExtractor   : extracted value ([post_con3_2_] : [VARCHAR]) - [GdZTaMe7Km]
2023-08-14 13:34:04.152 TRACE 8668 --- [    Test worker] o.h.type.descriptor.sql.BasicExtractor   : extracted value ([post_cre4_2_] : [TIMESTAMP]) - [2023-08-14 13:29:19.498]
2023-08-14 13:34:04.152 TRACE 8668 --- [    Test worker] o.h.type.descriptor.sql.BasicExtractor   : extracted value ([post_sho5_2_] : [VARCHAR]) - [Y]
2023-08-14 13:34:04.152 TRACE 8668 --- [    Test worker] o.h.type.descriptor.sql.BasicExtractor   : extracted value ([post_tit6_2_] : [VARCHAR]) - [테스트 글 제목 117]
2023-08-14 13:34:04.152 TRACE 8668 --- [    Test worker] o.h.type.descriptor.sql.BasicExtractor   : extracted value ([post_upd7_2_] : [TIMESTAMP]) - [2023-08-14 13:29:19.498]
2023-08-14 13:34:04.152 TRACE 8668 --- [    Test worker] o.h.type.descriptor.sql.BasicExtractor   : extracted value ([post_vie8_2_] : [INTEGER]) - [0]
2023-08-14 13:34:04.152 TRACE 8668 --- [    Test worker] o.h.type.descriptor.sql.BasicExtractor   : extracted value ([post_wri9_2_] : [VARCHAR]) - [자바]
2023-08-14 13:34:04.152 TRACE 8668 --- [    Test worker] o.h.type.descriptor.sql.BasicExtractor   : extracted value ([post_id1_2_] : [BIGINT]) - [320]
2023-08-14 13:34:04.152 TRACE 8668 --- [    Test worker] o.h.type.descriptor.sql.BasicExtractor   : extracted value ([board_id2_2_] : [BIGINT]) - [1]
2023-08-14 13:34:04.152 TRACE 8668 --- [    Test worker] o.h.type.descriptor.sql.BasicExtractor   : extracted value ([post_con3_2_] : [VARCHAR]) - [RXNjG2Wq40]
2023-08-14 13:34:04.152 TRACE 8668 --- [    Test worker] o.h.type.descriptor.sql.BasicExtractor   : extracted value ([post_cre4_2_] : [TIMESTAMP]) - [2023-08-14 13:29:19.498]
2023-08-14 13:34:04.152 TRACE 8668 --- [    Test worker] o.h.type.descriptor.sql.BasicExtractor   : extracted value ([post_sho5_2_] : [VARCHAR]) - [Y]
2023-08-14 13:34:04.152 TRACE 8668 --- [    Test worker] o.h.type.descriptor.sql.BasicExtractor   : extracted value ([post_tit6_2_] : [VARCHAR]) - [테스트 글 제목 118]
2023-08-14 13:34:04.152 TRACE 8668 --- [    Test worker] o.h.type.descriptor.sql.BasicExtractor   : extracted value ([post_upd7_2_] : [TIMESTAMP]) - [2023-08-14 13:29:19.498]
2023-08-14 13:34:04.152 TRACE 8668 --- [    Test worker] o.h.type.descriptor.sql.BasicExtractor   : extracted value ([post_vie8_2_] : [INTEGER]) - [0]
2023-08-14 13:34:04.152 TRACE 8668 --- [    Test worker] o.h.type.descriptor.sql.BasicExtractor   : extracted value ([post_wri9_2_] : [VARCHAR]) - [자바]
2023-08-14 13:34:04.152 TRACE 8668 --- [    Test worker] o.h.type.descriptor.sql.BasicExtractor   : extracted value ([post_id1_2_] : [BIGINT]) - [321]
2023-08-14 13:34:04.152 TRACE 8668 --- [    Test worker] o.h.type.descriptor.sql.BasicExtractor   : extracted value ([board_id2_2_] : [BIGINT]) - [1]
2023-08-14 13:34:04.152 TRACE 8668 --- [    Test worker] o.h.type.descriptor.sql.BasicExtractor   : extracted value ([post_con3_2_] : [VARCHAR]) - [obArCu91xe]
2023-08-14 13:34:04.152 TRACE 8668 --- [    Test worker] o.h.type.descriptor.sql.BasicExtractor   : extracted value ([post_cre4_2_] : [TIMESTAMP]) - [2023-08-14 13:29:19.498]
2023-08-14 13:34:04.152 TRACE 8668 --- [    Test worker] o.h.type.descriptor.sql.BasicExtractor   : extracted value ([post_sho5_2_] : [VARCHAR]) - [Y]
2023-08-14 13:34:04.152 TRACE 8668 --- [    Test worker] o.h.type.descriptor.sql.BasicExtractor   : extracted value ([post_tit6_2_] : [VARCHAR]) - [테스트 글 제목 119]
2023-08-14 13:34:04.152 TRACE 8668 --- [    Test worker] o.h.type.descriptor.sql.BasicExtractor   : extracted value ([post_upd7_2_] : [TIMESTAMP]) - [2023-08-14 13:29:19.498]
2023-08-14 13:34:04.152 TRACE 8668 --- [    Test worker] o.h.type.descriptor.sql.BasicExtractor   : extracted value ([post_vie8_2_] : [INTEGER]) - [0]
2023-08-14 13:34:04.152 TRACE 8668 --- [    Test worker] o.h.type.descriptor.sql.BasicExtractor   : extracted value ([post_wri9_2_] : [VARCHAR]) - [자바]
2023-08-14 13:34:04.152 TRACE 8668 --- [    Test worker] o.h.type.descriptor.sql.BasicExtractor   : extracted value ([post_id1_2_] : [BIGINT]) - [322]
2023-08-14 13:34:04.152 TRACE 8668 --- [    Test worker] o.h.type.descriptor.sql.BasicExtractor   : extracted value ([board_id2_2_] : [BIGINT]) - [1]
2023-08-14 13:34:04.152 TRACE 8668 --- [    Test worker] o.h.type.descriptor.sql.BasicExtractor   : extracted value ([post_con3_2_] : [VARCHAR]) - [87H9UqBSbm]
2023-08-14 13:34:04.152 TRACE 8668 --- [    Test worker] o.h.type.descriptor.sql.BasicExtractor   : extracted value ([post_cre4_2_] : [TIMESTAMP]) - [2023-08-14 13:29:19.498]
2023-08-14 13:34:04.152 TRACE 8668 --- [    Test worker] o.h.type.descriptor.sql.BasicExtractor   : extracted value ([post_sho5_2_] : [VARCHAR]) - [Y]
2023-08-14 13:34:04.152 TRACE 8668 --- [    Test worker] o.h.type.descriptor.sql.BasicExtractor   : extracted value ([post_tit6_2_] : [VARCHAR]) - [테스트 글 제목 120]
2023-08-14 13:34:04.152 TRACE 8668 --- [    Test worker] o.h.type.descriptor.sql.BasicExtractor   : extracted value ([post_upd7_2_] : [TIMESTAMP]) - [2023-08-14 13:29:19.498]
2023-08-14 13:34:04.152 TRACE 8668 --- [    Test worker] o.h.type.descriptor.sql.BasicExtractor   : extracted value ([post_vie8_2_] : [INTEGER]) - [0]
2023-08-14 13:34:04.152 TRACE 8668 --- [    Test worker] o.h.type.descriptor.sql.BasicExtractor   : extracted value ([post_wri9_2_] : [VARCHAR]) - [자바]
2023-08-14 13:34:04.152 TRACE 8668 --- [    Test worker] o.h.type.descriptor.sql.BasicExtractor   : extracted value ([post_id1_2_] : [BIGINT]) - [323]
2023-08-14 13:34:04.152 TRACE 8668 --- [    Test worker] o.h.type.descriptor.sql.BasicExtractor   : extracted value ([board_id2_2_] : [BIGINT]) - [1]
2023-08-14 13:34:04.152 TRACE 8668 --- [    Test worker] o.h.type.descriptor.sql.BasicExtractor   : extracted value ([post_con3_2_] : [VARCHAR]) - [ZsPh8rBDJy]
2023-08-14 13:34:04.152 TRACE 8668 --- [    Test worker] o.h.type.descriptor.sql.BasicExtractor   : extracted value ([post_cre4_2_] : [TIMESTAMP]) - [2023-08-14 13:29:19.498]
2023-08-14 13:34:04.152 TRACE 8668 --- [    Test worker] o.h.type.descriptor.sql.BasicExtractor   : extracted value ([post_sho5_2_] : [VARCHAR]) - [Y]
2023-08-14 13:34:04.152 TRACE 8668 --- [    Test worker] o.h.type.descriptor.sql.BasicExtractor   : extracted value ([post_tit6_2_] : [VARCHAR]) - [테스트 글 제목 121]
2023-08-14 13:34:04.152 TRACE 8668 --- [    Test worker] o.h.type.descriptor.sql.BasicExtractor   : extracted value ([post_upd7_2_] : [TIMESTAMP]) - [2023-08-14 13:29:19.498]
2023-08-14 13:34:04.152 TRACE 8668 --- [    Test worker] o.h.type.descriptor.sql.BasicExtractor   : extracted value ([post_vie8_2_] : [INTEGER]) - [0]
2023-08-14 13:34:04.152 TRACE 8668 --- [    Test worker] o.h.type.descriptor.sql.BasicExtractor   : extracted value ([post_wri9_2_] : [VARCHAR]) - [자바]
2023-08-14 13:34:04.152 TRACE 8668 --- [    Test worker] o.h.type.descriptor.sql.BasicExtractor   : extracted value ([post_id1_2_] : [BIGINT]) - [324]
2023-08-14 13:34:04.152 TRACE 8668 --- [    Test worker] o.h.type.descriptor.sql.BasicExtractor   : extracted value ([board_id2_2_] : [BIGINT]) - [1]
2023-08-14 13:34:04.152 TRACE 8668 --- [    Test worker] o.h.type.descriptor.sql.BasicExtractor   : extracted value ([post_con3_2_] : [VARCHAR]) - [RGL8epuYZg]
2023-08-14 13:34:04.152 TRACE 8668 --- [    Test worker] o.h.type.descriptor.sql.BasicExtractor   : extracted value ([post_cre4_2_] : [TIMESTAMP]) - [2023-08-14 13:29:19.498]
2023-08-14 13:34:04.152 TRACE 8668 --- [    Test worker] o.h.type.descriptor.sql.BasicExtractor   : extracted value ([post_sho5_2_] : [VARCHAR]) - [Y]
2023-08-14 13:34:04.152 TRACE 8668 --- [    Test worker] o.h.type.descriptor.sql.BasicExtractor   : extracted value ([post_tit6_2_] : [VARCHAR]) - [테스트 글 제목 122]
2023-08-14 13:34:04.152 TRACE 8668 --- [    Test worker] o.h.type.descriptor.sql.BasicExtractor   : extracted value ([post_upd7_2_] : [TIMESTAMP]) - [2023-08-14 13:29:19.498]
2023-08-14 13:34:04.152 TRACE 8668 --- [    Test worker] o.h.type.descriptor.sql.BasicExtractor   : extracted value ([post_vie8_2_] : [INTEGER]) - [0]
2023-08-14 13:34:04.152 TRACE 8668 --- [    Test worker] o.h.type.descriptor.sql.BasicExtractor   : extracted value ([post_wri9_2_] : [VARCHAR]) - [자바]
2023-08-14 13:34:04.152 TRACE 8668 --- [    Test worker] o.h.type.descriptor.sql.BasicExtractor   : extracted value ([post_id1_2_] : [BIGINT]) - [325]
2023-08-14 13:34:04.152 TRACE 8668 --- [    Test worker] o.h.type.descriptor.sql.BasicExtractor   : extracted value ([board_id2_2_] : [BIGINT]) - [1]
2023-08-14 13:34:04.152 TRACE 8668 --- [    Test worker] o.h.type.descriptor.sql.BasicExtractor   : extracted value ([post_con3_2_] : [VARCHAR]) - [ciqfXB3t5e]
2023-08-14 13:34:04.152 TRACE 8668 --- [    Test worker] o.h.type.descriptor.sql.BasicExtractor   : extracted value ([post_cre4_2_] : [TIMESTAMP]) - [2023-08-14 13:29:19.513]
2023-08-14 13:34:04.152 TRACE 8668 --- [    Test worker] o.h.type.descriptor.sql.BasicExtractor   : extracted value ([post_sho5_2_] : [VARCHAR]) - [Y]
2023-08-14 13:34:04.152 TRACE 8668 --- [    Test worker] o.h.type.descriptor.sql.BasicExtractor   : extracted value ([post_tit6_2_] : [VARCHAR]) - [테스트 글 제목 123]
2023-08-14 13:34:04.152 TRACE 8668 --- [    Test worker] o.h.type.descriptor.sql.BasicExtractor   : extracted value ([post_upd7_2_] : [TIMESTAMP]) - [2023-08-14 13:29:19.513]
2023-08-14 13:34:04.152 TRACE 8668 --- [    Test worker] o.h.type.descriptor.sql.BasicExtractor   : extracted value ([post_vie8_2_] : [INTEGER]) - [0]
2023-08-14 13:34:04.152 TRACE 8668 --- [    Test worker] o.h.type.descriptor.sql.BasicExtractor   : extracted value ([post_wri9_2_] : [VARCHAR]) - [자바]
2023-08-14 13:34:04.152 TRACE 8668 --- [    Test worker] o.h.type.descriptor.sql.BasicExtractor   : extracted value ([post_id1_2_] : [BIGINT]) - [326]
2023-08-14 13:34:04.152 TRACE 8668 --- [    Test worker] o.h.type.descriptor.sql.BasicExtractor   : extracted value ([board_id2_2_] : [BIGINT]) - [1]
2023-08-14 13:34:04.152 TRACE 8668 --- [    Test worker] o.h.type.descriptor.sql.BasicExtractor   : extracted value ([post_con3_2_] : [VARCHAR]) - [QoUajwEYgY]
2023-08-14 13:34:04.152 TRACE 8668 --- [    Test worker] o.h.type.descriptor.sql.BasicExtractor   : extracted value ([post_cre4_2_] : [TIMESTAMP]) - [2023-08-14 13:29:19.513]
2023-08-14 13:34:04.152 TRACE 8668 --- [    Test worker] o.h.type.descriptor.sql.BasicExtractor   : extracted value ([post_sho5_2_] : [VARCHAR]) - [Y]
2023-08-14 13:34:04.152 TRACE 8668 --- [    Test worker] o.h.type.descriptor.sql.BasicExtractor   : extracted value ([post_tit6_2_] : [VARCHAR]) - [테스트 글 제목 124]
2023-08-14 13:34:04.152 TRACE 8668 --- [    Test worker] o.h.type.descriptor.sql.BasicExtractor   : extracted value ([post_upd7_2_] : [TIMESTAMP]) - [2023-08-14 13:29:19.513]
2023-08-14 13:34:04.152 TRACE 8668 --- [    Test worker] o.h.type.descriptor.sql.BasicExtractor   : extracted value ([post_vie8_2_] : [INTEGER]) - [0]
2023-08-14 13:34:04.152 TRACE 8668 --- [    Test worker] o.h.type.descriptor.sql.BasicExtractor   : extracted value ([post_wri9_2_] : [VARCHAR]) - [자바]
2023-08-14 13:34:04.152 TRACE 8668 --- [    Test worker] o.h.type.descriptor.sql.BasicExtractor   : extracted value ([post_id1_2_] : [BIGINT]) - [327]
2023-08-14 13:34:04.152 TRACE 8668 --- [    Test worker] o.h.type.descriptor.sql.BasicExtractor   : extracted value ([board_id2_2_] : [BIGINT]) - [1]
2023-08-14 13:34:04.152 TRACE 8668 --- [    Test worker] o.h.type.descriptor.sql.BasicExtractor   : extracted value ([post_con3_2_] : [VARCHAR]) - [9apiHWMEwe]
2023-08-14 13:34:04.152 TRACE 8668 --- [    Test worker] o.h.type.descriptor.sql.BasicExtractor   : extracted value ([post_cre4_2_] : [TIMESTAMP]) - [2023-08-14 13:29:19.513]
2023-08-14 13:34:04.152 TRACE 8668 --- [    Test worker] o.h.type.descriptor.sql.BasicExtractor   : extracted value ([post_sho5_2_] : [VARCHAR]) - [Y]
2023-08-14 13:34:04.152 TRACE 8668 --- [    Test worker] o.h.type.descriptor.sql.BasicExtractor   : extracted value ([post_tit6_2_] : [VARCHAR]) - [테스트 글 제목 125]
2023-08-14 13:34:04.152 TRACE 8668 --- [    Test worker] o.h.type.descriptor.sql.BasicExtractor   : extracted value ([post_upd7_2_] : [TIMESTAMP]) - [2023-08-14 13:29:19.513]
2023-08-14 13:34:04.152 TRACE 8668 --- [    Test worker] o.h.type.descriptor.sql.BasicExtractor   : extracted value ([post_vie8_2_] : [INTEGER]) - [0]
2023-08-14 13:34:04.152 TRACE 8668 --- [    Test worker] o.h.type.descriptor.sql.BasicExtractor   : extracted value ([post_wri9_2_] : [VARCHAR]) - [자바]
2023-08-14 13:34:04.152 TRACE 8668 --- [    Test worker] o.h.type.descriptor.sql.BasicExtractor   : extracted value ([post_id1_2_] : [BIGINT]) - [328]
2023-08-14 13:34:04.152 TRACE 8668 --- [    Test worker] o.h.type.descriptor.sql.BasicExtractor   : extracted value ([board_id2_2_] : [BIGINT]) - [1]
2023-08-14 13:34:04.152 TRACE 8668 --- [    Test worker] o.h.type.descriptor.sql.BasicExtractor   : extracted value ([post_con3_2_] : [VARCHAR]) - [wPgoHGtrIW]
2023-08-14 13:34:04.152 TRACE 8668 --- [    Test worker] o.h.type.descriptor.sql.BasicExtractor   : extracted value ([post_cre4_2_] : [TIMESTAMP]) - [2023-08-14 13:29:19.513]
2023-08-14 13:34:04.152 TRACE 8668 --- [    Test worker] o.h.type.descriptor.sql.BasicExtractor   : extracted value ([post_sho5_2_] : [VARCHAR]) - [Y]
2023-08-14 13:34:04.152 TRACE 8668 --- [    Test worker] o.h.type.descriptor.sql.BasicExtractor   : extracted value ([post_tit6_2_] : [VARCHAR]) - [테스트 글 제목 126]
2023-08-14 13:34:04.152 TRACE 8668 --- [    Test worker] o.h.type.descriptor.sql.BasicExtractor   : extracted value ([post_upd7_2_] : [TIMESTAMP]) - [2023-08-14 13:29:19.513]
2023-08-14 13:34:04.152 TRACE 8668 --- [    Test worker] o.h.type.descriptor.sql.BasicExtractor   : extracted value ([post_vie8_2_] : [INTEGER]) - [0]
2023-08-14 13:34:04.152 TRACE 8668 --- [    Test worker] o.h.type.descriptor.sql.BasicExtractor   : extracted value ([post_wri9_2_] : [VARCHAR]) - [자바]
2023-08-14 13:34:04.152 TRACE 8668 --- [    Test worker] o.h.type.descriptor.sql.BasicExtractor   : extracted value ([post_id1_2_] : [BIGINT]) - [329]
2023-08-14 13:34:04.152 TRACE 8668 --- [    Test worker] o.h.type.descriptor.sql.BasicExtractor   : extracted value ([board_id2_2_] : [BIGINT]) - [1]
2023-08-14 13:34:04.152 TRACE 8668 --- [    Test worker] o.h.type.descriptor.sql.BasicExtractor   : extracted value ([post_con3_2_] : [VARCHAR]) - [pqhJ0lim5n]
2023-08-14 13:34:04.152 TRACE 8668 --- [    Test worker] o.h.type.descriptor.sql.BasicExtractor   : extracted value ([post_cre4_2_] : [TIMESTAMP]) - [2023-08-14 13:29:19.513]
2023-08-14 13:34:04.152 TRACE 8668 --- [    Test worker] o.h.type.descriptor.sql.BasicExtractor   : extracted value ([post_sho5_2_] : [VARCHAR]) - [Y]
2023-08-14 13:34:04.152 TRACE 8668 --- [    Test worker] o.h.type.descriptor.sql.BasicExtractor   : extracted value ([post_tit6_2_] : [VARCHAR]) - [테스트 글 제목 127]
2023-08-14 13:34:04.152 TRACE 8668 --- [    Test worker] o.h.type.descriptor.sql.BasicExtractor   : extracted value ([post_upd7_2_] : [TIMESTAMP]) - [2023-08-14 13:29:19.513]
2023-08-14 13:34:04.152 TRACE 8668 --- [    Test worker] o.h.type.descriptor.sql.BasicExtractor   : extracted value ([post_vie8_2_] : [INTEGER]) - [0]
2023-08-14 13:34:04.152 TRACE 8668 --- [    Test worker] o.h.type.descriptor.sql.BasicExtractor   : extracted value ([post_wri9_2_] : [VARCHAR]) - [자바]
2023-08-14 13:34:04.152 TRACE 8668 --- [    Test worker] o.h.type.descriptor.sql.BasicExtractor   : extracted value ([post_id1_2_] : [BIGINT]) - [330]
2023-08-14 13:34:04.152 TRACE 8668 --- [    Test worker] o.h.type.descriptor.sql.BasicExtractor   : extracted value ([board_id2_2_] : [BIGINT]) - [1]
2023-08-14 13:34:04.152 TRACE 8668 --- [    Test worker] o.h.type.descriptor.sql.BasicExtractor   : extracted value ([post_con3_2_] : [VARCHAR]) - [wf0ra5tDRL]
2023-08-14 13:34:04.152 TRACE 8668 --- [    Test worker] o.h.type.descriptor.sql.BasicExtractor   : extracted value ([post_cre4_2_] : [TIMESTAMP]) - [2023-08-14 13:29:19.513]
2023-08-14 13:34:04.152 TRACE 8668 --- [    Test worker] o.h.type.descriptor.sql.BasicExtractor   : extracted value ([post_sho5_2_] : [VARCHAR]) - [Y]
2023-08-14 13:34:04.152 TRACE 8668 --- [    Test worker] o.h.type.descriptor.sql.BasicExtractor   : extracted value ([post_tit6_2_] : [VARCHAR]) - [테스트 글 제목 128]
2023-08-14 13:34:04.152 TRACE 8668 --- [    Test worker] o.h.type.descriptor.sql.BasicExtractor   : extracted value ([post_upd7_2_] : [TIMESTAMP]) - [2023-08-14 13:29:19.513]
2023-08-14 13:34:04.152 TRACE 8668 --- [    Test worker] o.h.type.descriptor.sql.BasicExtractor   : extracted value ([post_vie8_2_] : [INTEGER]) - [0]
2023-08-14 13:34:04.152 TRACE 8668 --- [    Test worker] o.h.type.descriptor.sql.BasicExtractor   : extracted value ([post_wri9_2_] : [VARCHAR]) - [자바]
2023-08-14 13:34:04.152 TRACE 8668 --- [    Test worker] o.h.type.descriptor.sql.BasicExtractor   : extracted value ([post_id1_2_] : [BIGINT]) - [331]
2023-08-14 13:34:04.152 TRACE 8668 --- [    Test worker] o.h.type.descriptor.sql.BasicExtractor   : extracted value ([board_id2_2_] : [BIGINT]) - [1]
2023-08-14 13:34:04.152 TRACE 8668 --- [    Test worker] o.h.type.descriptor.sql.BasicExtractor   : extracted value ([post_con3_2_] : [VARCHAR]) - [LzFUS9APo2]
2023-08-14 13:34:04.152 TRACE 8668 --- [    Test worker] o.h.type.descriptor.sql.BasicExtractor   : extracted value ([post_cre4_2_] : [TIMESTAMP]) - [2023-08-14 13:29:19.513]
2023-08-14 13:34:04.152 TRACE 8668 --- [    Test worker] o.h.type.descriptor.sql.BasicExtractor   : extracted value ([post_sho5_2_] : [VARCHAR]) - [Y]
2023-08-14 13:34:04.152 TRACE 8668 --- [    Test worker] o.h.type.descriptor.sql.BasicExtractor   : extracted value ([post_tit6_2_] : [VARCHAR]) - [테스트 글 제목 129]
2023-08-14 13:34:04.152 TRACE 8668 --- [    Test worker] o.h.type.descriptor.sql.BasicExtractor   : extracted value ([post_upd7_2_] : [TIMESTAMP]) - [2023-08-14 13:29:19.513]
2023-08-14 13:34:04.152 TRACE 8668 --- [    Test worker] o.h.type.descriptor.sql.BasicExtractor   : extracted value ([post_vie8_2_] : [INTEGER]) - [0]
2023-08-14 13:34:04.152 TRACE 8668 --- [    Test worker] o.h.type.descriptor.sql.BasicExtractor   : extracted value ([post_wri9_2_] : [VARCHAR]) - [자바]
2023-08-14 13:34:04.152 TRACE 8668 --- [    Test worker] o.h.type.descriptor.sql.BasicExtractor   : extracted value ([post_id1_2_] : [BIGINT]) - [332]
2023-08-14 13:34:04.152 TRACE 8668 --- [    Test worker] o.h.type.descriptor.sql.BasicExtractor   : extracted value ([board_id2_2_] : [BIGINT]) - [1]
2023-08-14 13:34:04.152 TRACE 8668 --- [    Test worker] o.h.type.descriptor.sql.BasicExtractor   : extracted value ([post_con3_2_] : [VARCHAR]) - [2tnKg9NpZ7]
2023-08-14 13:34:04.152 TRACE 8668 --- [    Test worker] o.h.type.descriptor.sql.BasicExtractor   : extracted value ([post_cre4_2_] : [TIMESTAMP]) - [2023-08-14 13:29:19.513]
2023-08-14 13:34:04.152 TRACE 8668 --- [    Test worker] o.h.type.descriptor.sql.BasicExtractor   : extracted value ([post_sho5_2_] : [VARCHAR]) - [Y]
2023-08-14 13:34:04.152 TRACE 8668 --- [    Test worker] o.h.type.descriptor.sql.BasicExtractor   : extracted value ([post_tit6_2_] : [VARCHAR]) - [테스트 글 제목 130]
2023-08-14 13:34:04.152 TRACE 8668 --- [    Test worker] o.h.type.descriptor.sql.BasicExtractor   : extracted value ([post_upd7_2_] : [TIMESTAMP]) - [2023-08-14 13:29:19.513]
2023-08-14 13:34:04.152 TRACE 8668 --- [    Test worker] o.h.type.descriptor.sql.BasicExtractor   : extracted value ([post_vie8_2_] : [INTEGER]) - [0]
2023-08-14 13:34:04.152 TRACE 8668 --- [    Test worker] o.h.type.descriptor.sql.BasicExtractor   : extracted value ([post_wri9_2_] : [VARCHAR]) - [자바]
2023-08-14 13:34:04.152 TRACE 8668 --- [    Test worker] o.h.type.descriptor.sql.BasicExtractor   : extracted value ([post_id1_2_] : [BIGINT]) - [333]
2023-08-14 13:34:04.152 TRACE 8668 --- [    Test worker] o.h.type.descriptor.sql.BasicExtractor   : extracted value ([board_id2_2_] : [BIGINT]) - [1]
2023-08-14 13:34:04.152 TRACE 8668 --- [    Test worker] o.h.type.descriptor.sql.BasicExtractor   : extracted value ([post_con3_2_] : [VARCHAR]) - [Nuh6jEUpJO]
2023-08-14 13:34:04.152 TRACE 8668 --- [    Test worker] o.h.type.descriptor.sql.BasicExtractor   : extracted value ([post_cre4_2_] : [TIMESTAMP]) - [2023-08-14 13:29:19.513]
2023-08-14 13:34:04.152 TRACE 8668 --- [    Test worker] o.h.type.descriptor.sql.BasicExtractor   : extracted value ([post_sho5_2_] : [VARCHAR]) - [Y]
2023-08-14 13:34:04.152 TRACE 8668 --- [    Test worker] o.h.type.descriptor.sql.BasicExtractor   : extracted value ([post_tit6_2_] : [VARCHAR]) - [테스트 글 제목 131]
2023-08-14 13:34:04.152 TRACE 8668 --- [    Test worker] o.h.type.descriptor.sql.BasicExtractor   : extracted value ([post_upd7_2_] : [TIMESTAMP]) - [2023-08-14 13:29:19.513]
2023-08-14 13:34:04.152 TRACE 8668 --- [    Test worker] o.h.type.descriptor.sql.BasicExtractor   : extracted value ([post_vie8_2_] : [INTEGER]) - [0]
2023-08-14 13:34:04.152 TRACE 8668 --- [    Test worker] o.h.type.descriptor.sql.BasicExtractor   : extracted value ([post_wri9_2_] : [VARCHAR]) - [자바]
2023-08-14 13:34:04.152 TRACE 8668 --- [    Test worker] o.h.type.descriptor.sql.BasicExtractor   : extracted value ([post_id1_2_] : [BIGINT]) - [334]
2023-08-14 13:34:04.152 TRACE 8668 --- [    Test worker] o.h.type.descriptor.sql.BasicExtractor   : extracted value ([board_id2_2_] : [BIGINT]) - [1]
2023-08-14 13:34:04.152 TRACE 8668 --- [    Test worker] o.h.type.descriptor.sql.BasicExtractor   : extracted value ([post_con3_2_] : [VARCHAR]) - [IqsL4ORuXl]
2023-08-14 13:34:04.152 TRACE 8668 --- [    Test worker] o.h.type.descriptor.sql.BasicExtractor   : extracted value ([post_cre4_2_] : [TIMESTAMP]) - [2023-08-14 13:29:19.513]
2023-08-14 13:34:04.152 TRACE 8668 --- [    Test worker] o.h.type.descriptor.sql.BasicExtractor   : extracted value ([post_sho5_2_] : [VARCHAR]) - [Y]
2023-08-14 13:34:04.152 TRACE 8668 --- [    Test worker] o.h.type.descriptor.sql.BasicExtractor   : extracted value ([post_tit6_2_] : [VARCHAR]) - [테스트 글 제목 132]
2023-08-14 13:34:04.152 TRACE 8668 --- [    Test worker] o.h.type.descriptor.sql.BasicExtractor   : extracted value ([post_upd7_2_] : [TIMESTAMP]) - [2023-08-14 13:29:19.513]
2023-08-14 13:34:04.152 TRACE 8668 --- [    Test worker] o.h.type.descriptor.sql.BasicExtractor   : extracted value ([post_vie8_2_] : [INTEGER]) - [0]
2023-08-14 13:34:04.152 TRACE 8668 --- [    Test worker] o.h.type.descriptor.sql.BasicExtractor   : extracted value ([post_wri9_2_] : [VARCHAR]) - [자바]
2023-08-14 13:34:04.152 TRACE 8668 --- [    Test worker] o.h.type.descriptor.sql.BasicExtractor   : extracted value ([post_id1_2_] : [BIGINT]) - [335]
2023-08-14 13:34:04.152 TRACE 8668 --- [    Test worker] o.h.type.descriptor.sql.BasicExtractor   : extracted value ([board_id2_2_] : [BIGINT]) - [1]
2023-08-14 13:34:04.152 TRACE 8668 --- [    Test worker] o.h.type.descriptor.sql.BasicExtractor   : extracted value ([post_con3_2_] : [VARCHAR]) - [vjqNq2RaRs]
2023-08-14 13:34:04.152 TRACE 8668 --- [    Test worker] o.h.type.descriptor.sql.BasicExtractor   : extracted value ([post_cre4_2_] : [TIMESTAMP]) - [2023-08-14 13:29:19.513]
2023-08-14 13:34:04.152 TRACE 8668 --- [    Test worker] o.h.type.descriptor.sql.BasicExtractor   : extracted value ([post_sho5_2_] : [VARCHAR]) - [Y]
2023-08-14 13:34:04.152 TRACE 8668 --- [    Test worker] o.h.type.descriptor.sql.BasicExtractor   : extracted value ([post_tit6_2_] : [VARCHAR]) - [테스트 글 제목 133]
2023-08-14 13:34:04.152 TRACE 8668 --- [    Test worker] o.h.type.descriptor.sql.BasicExtractor   : extracted value ([post_upd7_2_] : [TIMESTAMP]) - [2023-08-14 13:29:19.513]
2023-08-14 13:34:04.152 TRACE 8668 --- [    Test worker] o.h.type.descriptor.sql.BasicExtractor   : extracted value ([post_vie8_2_] : [INTEGER]) - [0]
2023-08-14 13:34:04.152 TRACE 8668 --- [    Test worker] o.h.type.descriptor.sql.BasicExtractor   : extracted value ([post_wri9_2_] : [VARCHAR]) - [자바]
2023-08-14 13:34:04.152 TRACE 8668 --- [    Test worker] o.h.type.descriptor.sql.BasicExtractor   : extracted value ([post_id1_2_] : [BIGINT]) - [336]
2023-08-14 13:34:04.152 TRACE 8668 --- [    Test worker] o.h.type.descriptor.sql.BasicExtractor   : extracted value ([board_id2_2_] : [BIGINT]) - [1]
2023-08-14 13:34:04.152 TRACE 8668 --- [    Test worker] o.h.type.descriptor.sql.BasicExtractor   : extracted value ([post_con3_2_] : [VARCHAR]) - [edPIUY0Aft]
2023-08-14 13:34:04.152 TRACE 8668 --- [    Test worker] o.h.type.descriptor.sql.BasicExtractor   : extracted value ([post_cre4_2_] : [TIMESTAMP]) - [2023-08-14 13:29:19.529]
2023-08-14 13:34:04.152 TRACE 8668 --- [    Test worker] o.h.type.descriptor.sql.BasicExtractor   : extracted value ([post_sho5_2_] : [VARCHAR]) - [Y]
2023-08-14 13:34:04.152 TRACE 8668 --- [    Test worker] o.h.type.descriptor.sql.BasicExtractor   : extracted value ([post_tit6_2_] : [VARCHAR]) - [테스트 글 제목 134]
2023-08-14 13:34:04.152 TRACE 8668 --- [    Test worker] o.h.type.descriptor.sql.BasicExtractor   : extracted value ([post_upd7_2_] : [TIMESTAMP]) - [2023-08-14 13:29:19.529]
2023-08-14 13:34:04.152 TRACE 8668 --- [    Test worker] o.h.type.descriptor.sql.BasicExtractor   : extracted value ([post_vie8_2_] : [INTEGER]) - [0]
2023-08-14 13:34:04.152 TRACE 8668 --- [    Test worker] o.h.type.descriptor.sql.BasicExtractor   : extracted value ([post_wri9_2_] : [VARCHAR]) - [자바]
2023-08-14 13:34:04.152 TRACE 8668 --- [    Test worker] o.h.type.descriptor.sql.BasicExtractor   : extracted value ([post_id1_2_] : [BIGINT]) - [337]
2023-08-14 13:34:04.152 TRACE 8668 --- [    Test worker] o.h.type.descriptor.sql.BasicExtractor   : extracted value ([board_id2_2_] : [BIGINT]) - [1]
2023-08-14 13:34:04.152 TRACE 8668 --- [    Test worker] o.h.type.descriptor.sql.BasicExtractor   : extracted value ([post_con3_2_] : [VARCHAR]) - [qQ4cdOYKBO]
2023-08-14 13:34:04.152 TRACE 8668 --- [    Test worker] o.h.type.descriptor.sql.BasicExtractor   : extracted value ([post_cre4_2_] : [TIMESTAMP]) - [2023-08-14 13:29:19.529]
2023-08-14 13:34:04.152 TRACE 8668 --- [    Test worker] o.h.type.descriptor.sql.BasicExtractor   : extracted value ([post_sho5_2_] : [VARCHAR]) - [Y]
2023-08-14 13:34:04.152 TRACE 8668 --- [    Test worker] o.h.type.descriptor.sql.BasicExtractor   : extracted value ([post_tit6_2_] : [VARCHAR]) - [테스트 글 제목 135]
2023-08-14 13:34:04.152 TRACE 8668 --- [    Test worker] o.h.type.descriptor.sql.BasicExtractor   : extracted value ([post_upd7_2_] : [TIMESTAMP]) - [2023-08-14 13:29:19.529]
2023-08-14 13:34:04.152 TRACE 8668 --- [    Test worker] o.h.type.descriptor.sql.BasicExtractor   : extracted value ([post_vie8_2_] : [INTEGER]) - [0]
2023-08-14 13:34:04.152 TRACE 8668 --- [    Test worker] o.h.type.descriptor.sql.BasicExtractor   : extracted value ([post_wri9_2_] : [VARCHAR]) - [자바]
2023-08-14 13:34:04.152 TRACE 8668 --- [    Test worker] o.h.type.descriptor.sql.BasicExtractor   : extracted value ([post_id1_2_] : [BIGINT]) - [338]
2023-08-14 13:34:04.152 TRACE 8668 --- [    Test worker] o.h.type.descriptor.sql.BasicExtractor   : extracted value ([board_id2_2_] : [BIGINT]) - [1]
2023-08-14 13:34:04.152 TRACE 8668 --- [    Test worker] o.h.type.descriptor.sql.BasicExtractor   : extracted value ([post_con3_2_] : [VARCHAR]) - [fDGnljB2Ih]
2023-08-14 13:34:04.152 TRACE 8668 --- [    Test worker] o.h.type.descriptor.sql.BasicExtractor   : extracted value ([post_cre4_2_] : [TIMESTAMP]) - [2023-08-14 13:29:19.529]
2023-08-14 13:34:04.152 TRACE 8668 --- [    Test worker] o.h.type.descriptor.sql.BasicExtractor   : extracted value ([post_sho5_2_] : [VARCHAR]) - [Y]
2023-08-14 13:34:04.152 TRACE 8668 --- [    Test worker] o.h.type.descriptor.sql.BasicExtractor   : extracted value ([post_tit6_2_] : [VARCHAR]) - [테스트 글 제목 136]
2023-08-14 13:34:04.152 TRACE 8668 --- [    Test worker] o.h.type.descriptor.sql.BasicExtractor   : extracted value ([post_upd7_2_] : [TIMESTAMP]) - [2023-08-14 13:29:19.529]
2023-08-14 13:34:04.152 TRACE 8668 --- [    Test worker] o.h.type.descriptor.sql.BasicExtractor   : extracted value ([post_vie8_2_] : [INTEGER]) - [0]
2023-08-14 13:34:04.152 TRACE 8668 --- [    Test worker] o.h.type.descriptor.sql.BasicExtractor   : extracted value ([post_wri9_2_] : [VARCHAR]) - [자바]
2023-08-14 13:34:04.152 TRACE 8668 --- [    Test worker] o.h.type.descriptor.sql.BasicExtractor   : extracted value ([post_id1_2_] : [BIGINT]) - [339]
2023-08-14 13:34:04.152 TRACE 8668 --- [    Test worker] o.h.type.descriptor.sql.BasicExtractor   : extracted value ([board_id2_2_] : [BIGINT]) - [1]
2023-08-14 13:34:04.152 TRACE 8668 --- [    Test worker] o.h.type.descriptor.sql.BasicExtractor   : extracted value ([post_con3_2_] : [VARCHAR]) - [2ns3PE6XAL]
2023-08-14 13:34:04.152 TRACE 8668 --- [    Test worker] o.h.type.descriptor.sql.BasicExtractor   : extracted value ([post_cre4_2_] : [TIMESTAMP]) - [2023-08-14 13:29:19.529]
2023-08-14 13:34:04.152 TRACE 8668 --- [    Test worker] o.h.type.descriptor.sql.BasicExtractor   : extracted value ([post_sho5_2_] : [VARCHAR]) - [Y]
2023-08-14 13:34:04.152 TRACE 8668 --- [    Test worker] o.h.type.descriptor.sql.BasicExtractor   : extracted value ([post_tit6_2_] : [VARCHAR]) - [테스트 글 제목 137]
2023-08-14 13:34:04.152 TRACE 8668 --- [    Test worker] o.h.type.descriptor.sql.BasicExtractor   : extracted value ([post_upd7_2_] : [TIMESTAMP]) - [2023-08-14 13:29:19.529]
2023-08-14 13:34:04.152 TRACE 8668 --- [    Test worker] o.h.type.descriptor.sql.BasicExtractor   : extracted value ([post_vie8_2_] : [INTEGER]) - [0]
2023-08-14 13:34:04.152 TRACE 8668 --- [    Test worker] o.h.type.descriptor.sql.BasicExtractor   : extracted value ([post_wri9_2_] : [VARCHAR]) - [자바]
2023-08-14 13:34:04.152 TRACE 8668 --- [    Test worker] o.h.type.descriptor.sql.BasicExtractor   : extracted value ([post_id1_2_] : [BIGINT]) - [340]
2023-08-14 13:34:04.152 TRACE 8668 --- [    Test worker] o.h.type.descriptor.sql.BasicExtractor   : extracted value ([board_id2_2_] : [BIGINT]) - [1]
2023-08-14 13:34:04.152 TRACE 8668 --- [    Test worker] o.h.type.descriptor.sql.BasicExtractor   : extracted value ([post_con3_2_] : [VARCHAR]) - [uvNWFPEtLr]
2023-08-14 13:34:04.152 TRACE 8668 --- [    Test worker] o.h.type.descriptor.sql.BasicExtractor   : extracted value ([post_cre4_2_] : [TIMESTAMP]) - [2023-08-14 13:29:19.529]
2023-08-14 13:34:04.152 TRACE 8668 --- [    Test worker] o.h.type.descriptor.sql.BasicExtractor   : extracted value ([post_sho5_2_] : [VARCHAR]) - [Y]
2023-08-14 13:34:04.152 TRACE 8668 --- [    Test worker] o.h.type.descriptor.sql.BasicExtractor   : extracted value ([post_tit6_2_] : [VARCHAR]) - [테스트 글 제목 138]
2023-08-14 13:34:04.152 TRACE 8668 --- [    Test worker] o.h.type.descriptor.sql.BasicExtractor   : extracted value ([post_upd7_2_] : [TIMESTAMP]) - [2023-08-14 13:29:19.529]
2023-08-14 13:34:04.152 TRACE 8668 --- [    Test worker] o.h.type.descriptor.sql.BasicExtractor   : extracted value ([post_vie8_2_] : [INTEGER]) - [0]
2023-08-14 13:34:04.152 TRACE 8668 --- [    Test worker] o.h.type.descriptor.sql.BasicExtractor   : extracted value ([post_wri9_2_] : [VARCHAR]) - [자바]
2023-08-14 13:34:04.152 TRACE 8668 --- [    Test worker] o.h.type.descriptor.sql.BasicExtractor   : extracted value ([post_id1_2_] : [BIGINT]) - [341]
2023-08-14 13:34:04.152 TRACE 8668 --- [    Test worker] o.h.type.descriptor.sql.BasicExtractor   : extracted value ([board_id2_2_] : [BIGINT]) - [1]
2023-08-14 13:34:04.152 TRACE 8668 --- [    Test worker] o.h.type.descriptor.sql.BasicExtractor   : extracted value ([post_con3_2_] : [VARCHAR]) - [teiA1J8hxk]
2023-08-14 13:34:04.152 TRACE 8668 --- [    Test worker] o.h.type.descriptor.sql.BasicExtractor   : extracted value ([post_cre4_2_] : [TIMESTAMP]) - [2023-08-14 13:29:19.529]
2023-08-14 13:34:04.152 TRACE 8668 --- [    Test worker] o.h.type.descriptor.sql.BasicExtractor   : extracted value ([post_sho5_2_] : [VARCHAR]) - [Y]
2023-08-14 13:34:04.152 TRACE 8668 --- [    Test worker] o.h.type.descriptor.sql.BasicExtractor   : extracted value ([post_tit6_2_] : [VARCHAR]) - [테스트 글 제목 139]
2023-08-14 13:34:04.152 TRACE 8668 --- [    Test worker] o.h.type.descriptor.sql.BasicExtractor   : extracted value ([post_upd7_2_] : [TIMESTAMP]) - [2023-08-14 13:29:19.529]
2023-08-14 13:34:04.152 TRACE 8668 --- [    Test worker] o.h.type.descriptor.sql.BasicExtractor   : extracted value ([post_vie8_2_] : [INTEGER]) - [0]
2023-08-14 13:34:04.152 TRACE 8668 --- [    Test worker] o.h.type.descriptor.sql.BasicExtractor   : extracted value ([post_wri9_2_] : [VARCHAR]) - [자바]
2023-08-14 13:34:04.152 TRACE 8668 --- [    Test worker] o.h.type.descriptor.sql.BasicExtractor   : extracted value ([post_id1_2_] : [BIGINT]) - [342]
2023-08-14 13:34:04.152 TRACE 8668 --- [    Test worker] o.h.type.descriptor.sql.BasicExtractor   : extracted value ([board_id2_2_] : [BIGINT]) - [1]
2023-08-14 13:34:04.152 TRACE 8668 --- [    Test worker] o.h.type.descriptor.sql.BasicExtractor   : extracted value ([post_con3_2_] : [VARCHAR]) - [VznM8mk4SO]
2023-08-14 13:34:04.152 TRACE 8668 --- [    Test worker] o.h.type.descriptor.sql.BasicExtractor   : extracted value ([post_cre4_2_] : [TIMESTAMP]) - [2023-08-14 13:29:19.529]
2023-08-14 13:34:04.152 TRACE 8668 --- [    Test worker] o.h.type.descriptor.sql.BasicExtractor   : extracted value ([post_sho5_2_] : [VARCHAR]) - [Y]
2023-08-14 13:34:04.152 TRACE 8668 --- [    Test worker] o.h.type.descriptor.sql.BasicExtractor   : extracted value ([post_tit6_2_] : [VARCHAR]) - [테스트 글 제목 140]
2023-08-14 13:34:04.152 TRACE 8668 --- [    Test worker] o.h.type.descriptor.sql.BasicExtractor   : extracted value ([post_upd7_2_] : [TIMESTAMP]) - [2023-08-14 13:29:19.529]
2023-08-14 13:34:04.152 TRACE 8668 --- [    Test worker] o.h.type.descriptor.sql.BasicExtractor   : extracted value ([post_vie8_2_] : [INTEGER]) - [0]
2023-08-14 13:34:04.152 TRACE 8668 --- [    Test worker] o.h.type.descriptor.sql.BasicExtractor   : extracted value ([post_wri9_2_] : [VARCHAR]) - [자바]
2023-08-14 13:34:04.152 TRACE 8668 --- [    Test worker] o.h.type.descriptor.sql.BasicExtractor   : extracted value ([post_id1_2_] : [BIGINT]) - [343]
2023-08-14 13:34:04.152 TRACE 8668 --- [    Test worker] o.h.type.descriptor.sql.BasicExtractor   : extracted value ([board_id2_2_] : [BIGINT]) - [1]
2023-08-14 13:34:04.152 TRACE 8668 --- [    Test worker] o.h.type.descriptor.sql.BasicExtractor   : extracted value ([post_con3_2_] : [VARCHAR]) - [9ktzeFtqVL]
2023-08-14 13:34:04.152 TRACE 8668 --- [    Test worker] o.h.type.descriptor.sql.BasicExtractor   : extracted value ([post_cre4_2_] : [TIMESTAMP]) - [2023-08-14 13:29:19.529]
2023-08-14 13:34:04.152 TRACE 8668 --- [    Test worker] o.h.type.descriptor.sql.BasicExtractor   : extracted value ([post_sho5_2_] : [VARCHAR]) - [Y]
2023-08-14 13:34:04.152 TRACE 8668 --- [    Test worker] o.h.type.descriptor.sql.BasicExtractor   : extracted value ([post_tit6_2_] : [VARCHAR]) - [테스트 글 제목 141]
2023-08-14 13:34:04.152 TRACE 8668 --- [    Test worker] o.h.type.descriptor.sql.BasicExtractor   : extracted value ([post_upd7_2_] : [TIMESTAMP]) - [2023-08-14 13:29:19.529]
2023-08-14 13:34:04.152 TRACE 8668 --- [    Test worker] o.h.type.descriptor.sql.BasicExtractor   : extracted value ([post_vie8_2_] : [INTEGER]) - [0]
2023-08-14 13:34:04.152 TRACE 8668 --- [    Test worker] o.h.type.descriptor.sql.BasicExtractor   : extracted value ([post_wri9_2_] : [VARCHAR]) - [자바]
2023-08-14 13:34:04.152 TRACE 8668 --- [    Test worker] o.h.type.descriptor.sql.BasicExtractor   : extracted value ([post_id1_2_] : [BIGINT]) - [344]
2023-08-14 13:34:04.152 TRACE 8668 --- [    Test worker] o.h.type.descriptor.sql.BasicExtractor   : extracted value ([board_id2_2_] : [BIGINT]) - [1]
2023-08-14 13:34:04.152 TRACE 8668 --- [    Test worker] o.h.type.descriptor.sql.BasicExtractor   : extracted value ([post_con3_2_] : [VARCHAR]) - [NOlwHj8dsM]
2023-08-14 13:34:04.152 TRACE 8668 --- [    Test worker] o.h.type.descriptor.sql.BasicExtractor   : extracted value ([post_cre4_2_] : [TIMESTAMP]) - [2023-08-14 13:29:19.529]
2023-08-14 13:34:04.152 TRACE 8668 --- [    Test worker] o.h.type.descriptor.sql.BasicExtractor   : extracted value ([post_sho5_2_] : [VARCHAR]) - [Y]
2023-08-14 13:34:04.152 TRACE 8668 --- [    Test worker] o.h.type.descriptor.sql.BasicExtractor   : extracted value ([post_tit6_2_] : [VARCHAR]) - [테스트 글 제목 142]
2023-08-14 13:34:04.152 TRACE 8668 --- [    Test worker] o.h.type.descriptor.sql.BasicExtractor   : extracted value ([post_upd7_2_] : [TIMESTAMP]) - [2023-08-14 13:29:19.529]
2023-08-14 13:34:04.152 TRACE 8668 --- [    Test worker] o.h.type.descriptor.sql.BasicExtractor   : extracted value ([post_vie8_2_] : [INTEGER]) - [0]
2023-08-14 13:34:04.152 TRACE 8668 --- [    Test worker] o.h.type.descriptor.sql.BasicExtractor   : extracted value ([post_wri9_2_] : [VARCHAR]) - [자바]
2023-08-14 13:34:04.152 TRACE 8668 --- [    Test worker] o.h.type.descriptor.sql.BasicExtractor   : extracted value ([post_id1_2_] : [BIGINT]) - [345]
2023-08-14 13:34:04.152 TRACE 8668 --- [    Test worker] o.h.type.descriptor.sql.BasicExtractor   : extracted value ([board_id2_2_] : [BIGINT]) - [1]
2023-08-14 13:34:04.152 TRACE 8668 --- [    Test worker] o.h.type.descriptor.sql.BasicExtractor   : extracted value ([post_con3_2_] : [VARCHAR]) - [JOz6JTiQ9k]
2023-08-14 13:34:04.152 TRACE 8668 --- [    Test worker] o.h.type.descriptor.sql.BasicExtractor   : extracted value ([post_cre4_2_] : [TIMESTAMP]) - [2023-08-14 13:29:19.529]
2023-08-14 13:34:04.152 TRACE 8668 --- [    Test worker] o.h.type.descriptor.sql.BasicExtractor   : extracted value ([post_sho5_2_] : [VARCHAR]) - [Y]
2023-08-14 13:34:04.152 TRACE 8668 --- [    Test worker] o.h.type.descriptor.sql.BasicExtractor   : extracted value ([post_tit6_2_] : [VARCHAR]) - [테스트 글 제목 143]
2023-08-14 13:34:04.152 TRACE 8668 --- [    Test worker] o.h.type.descriptor.sql.BasicExtractor   : extracted value ([post_upd7_2_] : [TIMESTAMP]) - [2023-08-14 13:29:19.529]
2023-08-14 13:34:04.152 TRACE 8668 --- [    Test worker] o.h.type.descriptor.sql.BasicExtractor   : extracted value ([post_vie8_2_] : [INTEGER]) - [0]
2023-08-14 13:34:04.152 TRACE 8668 --- [    Test worker] o.h.type.descriptor.sql.BasicExtractor   : extracted value ([post_wri9_2_] : [VARCHAR]) - [자바]
2023-08-14 13:34:04.152 TRACE 8668 --- [    Test worker] o.h.type.descriptor.sql.BasicExtractor   : extracted value ([post_id1_2_] : [BIGINT]) - [346]
2023-08-14 13:34:04.152 TRACE 8668 --- [    Test worker] o.h.type.descriptor.sql.BasicExtractor   : extracted value ([board_id2_2_] : [BIGINT]) - [1]
2023-08-14 13:34:04.152 TRACE 8668 --- [    Test worker] o.h.type.descriptor.sql.BasicExtractor   : extracted value ([post_con3_2_] : [VARCHAR]) - [IhnB2rjCDh]
2023-08-14 13:34:04.152 TRACE 8668 --- [    Test worker] o.h.type.descriptor.sql.BasicExtractor   : extracted value ([post_cre4_2_] : [TIMESTAMP]) - [2023-08-14 13:29:19.529]
2023-08-14 13:34:04.152 TRACE 8668 --- [    Test worker] o.h.type.descriptor.sql.BasicExtractor   : extracted value ([post_sho5_2_] : [VARCHAR]) - [Y]
2023-08-14 13:34:04.152 TRACE 8668 --- [    Test worker] o.h.type.descriptor.sql.BasicExtractor   : extracted value ([post_tit6_2_] : [VARCHAR]) - [테스트 글 제목 144]
2023-08-14 13:34:04.152 TRACE 8668 --- [    Test worker] o.h.type.descriptor.sql.BasicExtractor   : extracted value ([post_upd7_2_] : [TIMESTAMP]) - [2023-08-14 13:29:19.529]
2023-08-14 13:34:04.152 TRACE 8668 --- [    Test worker] o.h.type.descriptor.sql.BasicExtractor   : extracted value ([post_vie8_2_] : [INTEGER]) - [0]
2023-08-14 13:34:04.152 TRACE 8668 --- [    Test worker] o.h.type.descriptor.sql.BasicExtractor   : extracted value ([post_wri9_2_] : [VARCHAR]) - [자바]
2023-08-14 13:34:04.152 TRACE 8668 --- [    Test worker] o.h.type.descriptor.sql.BasicExtractor   : extracted value ([post_id1_2_] : [BIGINT]) - [347]
2023-08-14 13:34:04.152 TRACE 8668 --- [    Test worker] o.h.type.descriptor.sql.BasicExtractor   : extracted value ([board_id2_2_] : [BIGINT]) - [1]
2023-08-14 13:34:04.152 TRACE 8668 --- [    Test worker] o.h.type.descriptor.sql.BasicExtractor   : extracted value ([post_con3_2_] : [VARCHAR]) - [2nHzxOcsV6]
2023-08-14 13:34:04.152 TRACE 8668 --- [    Test worker] o.h.type.descriptor.sql.BasicExtractor   : extracted value ([post_cre4_2_] : [TIMESTAMP]) - [2023-08-14 13:29:19.529]
2023-08-14 13:34:04.152 TRACE 8668 --- [    Test worker] o.h.type.descriptor.sql.BasicExtractor   : extracted value ([post_sho5_2_] : [VARCHAR]) - [Y]
2023-08-14 13:34:04.152 TRACE 8668 --- [    Test worker] o.h.type.descriptor.sql.BasicExtractor   : extracted value ([post_tit6_2_] : [VARCHAR]) - [테스트 글 제목 145]
2023-08-14 13:34:04.152 TRACE 8668 --- [    Test worker] o.h.type.descriptor.sql.BasicExtractor   : extracted value ([post_upd7_2_] : [TIMESTAMP]) - [2023-08-14 13:29:19.529]
2023-08-14 13:34:04.152 TRACE 8668 --- [    Test worker] o.h.type.descriptor.sql.BasicExtractor   : extracted value ([post_vie8_2_] : [INTEGER]) - [0]
2023-08-14 13:34:04.152 TRACE 8668 --- [    Test worker] o.h.type.descriptor.sql.BasicExtractor   : extracted value ([post_wri9_2_] : [VARCHAR]) - [자바]
2023-08-14 13:34:04.152 TRACE 8668 --- [    Test worker] o.h.type.descriptor.sql.BasicExtractor   : extracted value ([post_id1_2_] : [BIGINT]) - [348]
2023-08-14 13:34:04.152 TRACE 8668 --- [    Test worker] o.h.type.descriptor.sql.BasicExtractor   : extracted value ([board_id2_2_] : [BIGINT]) - [1]
2023-08-14 13:34:04.152 TRACE 8668 --- [    Test worker] o.h.type.descriptor.sql.BasicExtractor   : extracted value ([post_con3_2_] : [VARCHAR]) - [vRC6Bm2dT5]
2023-08-14 13:34:04.152 TRACE 8668 --- [    Test worker] o.h.type.descriptor.sql.BasicExtractor   : extracted value ([post_cre4_2_] : [TIMESTAMP]) - [2023-08-14 13:29:19.529]
2023-08-14 13:34:04.152 TRACE 8668 --- [    Test worker] o.h.type.descriptor.sql.BasicExtractor   : extracted value ([post_sho5_2_] : [VARCHAR]) - [Y]
2023-08-14 13:34:04.152 TRACE 8668 --- [    Test worker] o.h.type.descriptor.sql.BasicExtractor   : extracted value ([post_tit6_2_] : [VARCHAR]) - [테스트 글 제목 146]
2023-08-14 13:34:04.152 TRACE 8668 --- [    Test worker] o.h.type.descriptor.sql.BasicExtractor   : extracted value ([post_upd7_2_] : [TIMESTAMP]) - [2023-08-14 13:29:19.529]
2023-08-14 13:34:04.152 TRACE 8668 --- [    Test worker] o.h.type.descriptor.sql.BasicExtractor   : extracted value ([post_vie8_2_] : [INTEGER]) - [0]
2023-08-14 13:34:04.152 TRACE 8668 --- [    Test worker] o.h.type.descriptor.sql.BasicExtractor   : extracted value ([post_wri9_2_] : [VARCHAR]) - [자바]
2023-08-14 13:34:04.152 TRACE 8668 --- [    Test worker] o.h.type.descriptor.sql.BasicExtractor   : extracted value ([post_id1_2_] : [BIGINT]) - [349]
2023-08-14 13:34:04.152 TRACE 8668 --- [    Test worker] o.h.type.descriptor.sql.BasicExtractor   : extracted value ([board_id2_2_] : [BIGINT]) - [1]
2023-08-14 13:34:04.152 TRACE 8668 --- [    Test worker] o.h.type.descriptor.sql.BasicExtractor   : extracted value ([post_con3_2_] : [VARCHAR]) - [wvFdznPQdV]
2023-08-14 13:34:04.152 TRACE 8668 --- [    Test worker] o.h.type.descriptor.sql.BasicExtractor   : extracted value ([post_cre4_2_] : [TIMESTAMP]) - [2023-08-14 13:29:19.544]
2023-08-14 13:34:04.152 TRACE 8668 --- [    Test worker] o.h.type.descriptor.sql.BasicExtractor   : extracted value ([post_sho5_2_] : [VARCHAR]) - [Y]
2023-08-14 13:34:04.152 TRACE 8668 --- [    Test worker] o.h.type.descriptor.sql.BasicExtractor   : extracted value ([post_tit6_2_] : [VARCHAR]) - [테스트 글 제목 147]
2023-08-14 13:34:04.152 TRACE 8668 --- [    Test worker] o.h.type.descriptor.sql.BasicExtractor   : extracted value ([post_upd7_2_] : [TIMESTAMP]) - [2023-08-14 13:29:19.544]
2023-08-14 13:34:04.152 TRACE 8668 --- [    Test worker] o.h.type.descriptor.sql.BasicExtractor   : extracted value ([post_vie8_2_] : [INTEGER]) - [0]
2023-08-14 13:34:04.152 TRACE 8668 --- [    Test worker] o.h.type.descriptor.sql.BasicExtractor   : extracted value ([post_wri9_2_] : [VARCHAR]) - [자바]
2023-08-14 13:34:04.152 TRACE 8668 --- [    Test worker] o.h.type.descriptor.sql.BasicExtractor   : extracted value ([post_id1_2_] : [BIGINT]) - [350]
2023-08-14 13:34:04.152 TRACE 8668 --- [    Test worker] o.h.type.descriptor.sql.BasicExtractor   : extracted value ([board_id2_2_] : [BIGINT]) - [1]
2023-08-14 13:34:04.152 TRACE 8668 --- [    Test worker] o.h.type.descriptor.sql.BasicExtractor   : extracted value ([post_con3_2_] : [VARCHAR]) - [1UOFm43z2S]
2023-08-14 13:34:04.152 TRACE 8668 --- [    Test worker] o.h.type.descriptor.sql.BasicExtractor   : extracted value ([post_cre4_2_] : [TIMESTAMP]) - [2023-08-14 13:29:19.544]
2023-08-14 13:34:04.152 TRACE 8668 --- [    Test worker] o.h.type.descriptor.sql.BasicExtractor   : extracted value ([post_sho5_2_] : [VARCHAR]) - [Y]
2023-08-14 13:34:04.152 TRACE 8668 --- [    Test worker] o.h.type.descriptor.sql.BasicExtractor   : extracted value ([post_tit6_2_] : [VARCHAR]) - [테스트 글 제목 148]
2023-08-14 13:34:04.152 TRACE 8668 --- [    Test worker] o.h.type.descriptor.sql.BasicExtractor   : extracted value ([post_upd7_2_] : [TIMESTAMP]) - [2023-08-14 13:29:19.544]
2023-08-14 13:34:04.152 TRACE 8668 --- [    Test worker] o.h.type.descriptor.sql.BasicExtractor   : extracted value ([post_vie8_2_] : [INTEGER]) - [0]
2023-08-14 13:34:04.152 TRACE 8668 --- [    Test worker] o.h.type.descriptor.sql.BasicExtractor   : extracted value ([post_wri9_2_] : [VARCHAR]) - [자바]
2023-08-14 13:34:04.152 TRACE 8668 --- [    Test worker] o.h.type.descriptor.sql.BasicExtractor   : extracted value ([post_id1_2_] : [BIGINT]) - [351]
2023-08-14 13:34:04.152 TRACE 8668 --- [    Test worker] o.h.type.descriptor.sql.BasicExtractor   : extracted value ([board_id2_2_] : [BIGINT]) - [1]
2023-08-14 13:34:04.152 TRACE 8668 --- [    Test worker] o.h.type.descriptor.sql.BasicExtractor   : extracted value ([post_con3_2_] : [VARCHAR]) - [QX8rPOGeA2]
2023-08-14 13:34:04.152 TRACE 8668 --- [    Test worker] o.h.type.descriptor.sql.BasicExtractor   : extracted value ([post_cre4_2_] : [TIMESTAMP]) - [2023-08-14 13:29:19.544]
2023-08-14 13:34:04.152 TRACE 8668 --- [    Test worker] o.h.type.descriptor.sql.BasicExtractor   : extracted value ([post_sho5_2_] : [VARCHAR]) - [Y]
2023-08-14 13:34:04.152 TRACE 8668 --- [    Test worker] o.h.type.descriptor.sql.BasicExtractor   : extracted value ([post_tit6_2_] : [VARCHAR]) - [테스트 글 제목 149]
2023-08-14 13:34:04.152 TRACE 8668 --- [    Test worker] o.h.type.descriptor.sql.BasicExtractor   : extracted value ([post_upd7_2_] : [TIMESTAMP]) - [2023-08-14 13:29:19.544]
2023-08-14 13:34:04.152 TRACE 8668 --- [    Test worker] o.h.type.descriptor.sql.BasicExtractor   : extracted value ([post_vie8_2_] : [INTEGER]) - [0]
2023-08-14 13:34:04.152 TRACE 8668 --- [    Test worker] o.h.type.descriptor.sql.BasicExtractor   : extracted value ([post_wri9_2_] : [VARCHAR]) - [자바]
2023-08-14 13:34:04.152 TRACE 8668 --- [    Test worker] o.h.type.descriptor.sql.BasicExtractor   : extracted value ([post_id1_2_] : [BIGINT]) - [352]
2023-08-14 13:34:04.152 TRACE 8668 --- [    Test worker] o.h.type.descriptor.sql.BasicExtractor   : extracted value ([board_id2_2_] : [BIGINT]) - [1]
2023-08-14 13:34:04.152 TRACE 8668 --- [    Test worker] o.h.type.descriptor.sql.BasicExtractor   : extracted value ([post_con3_2_] : [VARCHAR]) - [0CpDHZx7Ak]
2023-08-14 13:34:04.152 TRACE 8668 --- [    Test worker] o.h.type.descriptor.sql.BasicExtractor   : extracted value ([post_cre4_2_] : [TIMESTAMP]) - [2023-08-14 13:29:19.544]
2023-08-14 13:34:04.152 TRACE 8668 --- [    Test worker] o.h.type.descriptor.sql.BasicExtractor   : extracted value ([post_sho5_2_] : [VARCHAR]) - [Y]
2023-08-14 13:34:04.152 TRACE 8668 --- [    Test worker] o.h.type.descriptor.sql.BasicExtractor   : extracted value ([post_tit6_2_] : [VARCHAR]) - [테스트 글 제목 150]
2023-08-14 13:34:04.152 TRACE 8668 --- [    Test worker] o.h.type.descriptor.sql.BasicExtractor   : extracted value ([post_upd7_2_] : [TIMESTAMP]) - [2023-08-14 13:29:19.544]
2023-08-14 13:34:04.152 TRACE 8668 --- [    Test worker] o.h.type.descriptor.sql.BasicExtractor   : extracted value ([post_vie8_2_] : [INTEGER]) - [0]
2023-08-14 13:34:04.152 TRACE 8668 --- [    Test worker] o.h.type.descriptor.sql.BasicExtractor   : extracted value ([post_wri9_2_] : [VARCHAR]) - [자바]
2023-08-14 13:34:04.152 TRACE 8668 --- [    Test worker] o.h.type.descriptor.sql.BasicExtractor   : extracted value ([post_id1_2_] : [BIGINT]) - [353]
2023-08-14 13:34:04.152 TRACE 8668 --- [    Test worker] o.h.type.descriptor.sql.BasicExtractor   : extracted value ([board_id2_2_] : [BIGINT]) - [1]
2023-08-14 13:34:04.152 TRACE 8668 --- [    Test worker] o.h.type.descriptor.sql.BasicExtractor   : extracted value ([post_con3_2_] : [VARCHAR]) - [N1sZptKdYq]
2023-08-14 13:34:04.152 TRACE 8668 --- [    Test worker] o.h.type.descriptor.sql.BasicExtractor   : extracted value ([post_cre4_2_] : [TIMESTAMP]) - [2023-08-14 13:29:19.544]
2023-08-14 13:34:04.152 TRACE 8668 --- [    Test worker] o.h.type.descriptor.sql.BasicExtractor   : extracted value ([post_sho5_2_] : [VARCHAR]) - [Y]
2023-08-14 13:34:04.152 TRACE 8668 --- [    Test worker] o.h.type.descriptor.sql.BasicExtractor   : extracted value ([post_tit6_2_] : [VARCHAR]) - [테스트 글 제목 151]
2023-08-14 13:34:04.152 TRACE 8668 --- [    Test worker] o.h.type.descriptor.sql.BasicExtractor   : extracted value ([post_upd7_2_] : [TIMESTAMP]) - [2023-08-14 13:29:19.544]
2023-08-14 13:34:04.152 TRACE 8668 --- [    Test worker] o.h.type.descriptor.sql.BasicExtractor   : extracted value ([post_vie8_2_] : [INTEGER]) - [0]
2023-08-14 13:34:04.152 TRACE 8668 --- [    Test worker] o.h.type.descriptor.sql.BasicExtractor   : extracted value ([post_wri9_2_] : [VARCHAR]) - [자바]
2023-08-14 13:34:04.152 TRACE 8668 --- [    Test worker] o.h.type.descriptor.sql.BasicExtractor   : extracted value ([post_id1_2_] : [BIGINT]) - [354]
2023-08-14 13:34:04.152 TRACE 8668 --- [    Test worker] o.h.type.descriptor.sql.BasicExtractor   : extracted value ([board_id2_2_] : [BIGINT]) - [1]
2023-08-14 13:34:04.152 TRACE 8668 --- [    Test worker] o.h.type.descriptor.sql.BasicExtractor   : extracted value ([post_con3_2_] : [VARCHAR]) - [SgooaNL0ZQ]
2023-08-14 13:34:04.152 TRACE 8668 --- [    Test worker] o.h.type.descriptor.sql.BasicExtractor   : extracted value ([post_cre4_2_] : [TIMESTAMP]) - [2023-08-14 13:29:19.544]
2023-08-14 13:34:04.152 TRACE 8668 --- [    Test worker] o.h.type.descriptor.sql.BasicExtractor   : extracted value ([post_sho5_2_] : [VARCHAR]) - [Y]
2023-08-14 13:34:04.152 TRACE 8668 --- [    Test worker] o.h.type.descriptor.sql.BasicExtractor   : extracted value ([post_tit6_2_] : [VARCHAR]) - [테스트 글 제목 152]
2023-08-14 13:34:04.152 TRACE 8668 --- [    Test worker] o.h.type.descriptor.sql.BasicExtractor   : extracted value ([post_upd7_2_] : [TIMESTAMP]) - [2023-08-14 13:29:19.544]
2023-08-14 13:34:04.152 TRACE 8668 --- [    Test worker] o.h.type.descriptor.sql.BasicExtractor   : extracted value ([post_vie8_2_] : [INTEGER]) - [0]
2023-08-14 13:34:04.152 TRACE 8668 --- [    Test worker] o.h.type.descriptor.sql.BasicExtractor   : extracted value ([post_wri9_2_] : [VARCHAR]) - [자바]
2023-08-14 13:34:04.152 TRACE 8668 --- [    Test worker] o.h.type.descriptor.sql.BasicExtractor   : extracted value ([post_id1_2_] : [BIGINT]) - [355]
2023-08-14 13:34:04.152 TRACE 8668 --- [    Test worker] o.h.type.descriptor.sql.BasicExtractor   : extracted value ([board_id2_2_] : [BIGINT]) - [1]
2023-08-14 13:34:04.152 TRACE 8668 --- [    Test worker] o.h.type.descriptor.sql.BasicExtractor   : extracted value ([post_con3_2_] : [VARCHAR]) - [IuBUs1qm2d]
2023-08-14 13:34:04.152 TRACE 8668 --- [    Test worker] o.h.type.descriptor.sql.BasicExtractor   : extracted value ([post_cre4_2_] : [TIMESTAMP]) - [2023-08-14 13:29:19.544]
2023-08-14 13:34:04.152 TRACE 8668 --- [    Test worker] o.h.type.descriptor.sql.BasicExtractor   : extracted value ([post_sho5_2_] : [VARCHAR]) - [Y]
2023-08-14 13:34:04.152 TRACE 8668 --- [    Test worker] o.h.type.descriptor.sql.BasicExtractor   : extracted value ([post_tit6_2_] : [VARCHAR]) - [테스트 글 제목 153]
2023-08-14 13:34:04.152 TRACE 8668 --- [    Test worker] o.h.type.descriptor.sql.BasicExtractor   : extracted value ([post_upd7_2_] : [TIMESTAMP]) - [2023-08-14 13:29:19.544]
2023-08-14 13:34:04.152 TRACE 8668 --- [    Test worker] o.h.type.descriptor.sql.BasicExtractor   : extracted value ([post_vie8_2_] : [INTEGER]) - [0]
2023-08-14 13:34:04.152 TRACE 8668 --- [    Test worker] o.h.type.descriptor.sql.BasicExtractor   : extracted value ([post_wri9_2_] : [VARCHAR]) - [자바]
2023-08-14 13:34:04.152 TRACE 8668 --- [    Test worker] o.h.type.descriptor.sql.BasicExtractor   : extracted value ([post_id1_2_] : [BIGINT]) - [356]
2023-08-14 13:34:04.152 TRACE 8668 --- [    Test worker] o.h.type.descriptor.sql.BasicExtractor   : extracted value ([board_id2_2_] : [BIGINT]) - [1]
2023-08-14 13:34:04.152 TRACE 8668 --- [    Test worker] o.h.type.descriptor.sql.BasicExtractor   : extracted value ([post_con3_2_] : [VARCHAR]) - [OgWPNNYMGr]
2023-08-14 13:34:04.152 TRACE 8668 --- [    Test worker] o.h.type.descriptor.sql.BasicExtractor   : extracted value ([post_cre4_2_] : [TIMESTAMP]) - [2023-08-14 13:29:19.544]
2023-08-14 13:34:04.152 TRACE 8668 --- [    Test worker] o.h.type.descriptor.sql.BasicExtractor   : extracted value ([post_sho5_2_] : [VARCHAR]) - [Y]
2023-08-14 13:34:04.152 TRACE 8668 --- [    Test worker] o.h.type.descriptor.sql.BasicExtractor   : extracted value ([post_tit6_2_] : [VARCHAR]) - [테스트 글 제목 154]
2023-08-14 13:34:04.152 TRACE 8668 --- [    Test worker] o.h.type.descriptor.sql.BasicExtractor   : extracted value ([post_upd7_2_] : [TIMESTAMP]) - [2023-08-14 13:29:19.544]
2023-08-14 13:34:04.152 TRACE 8668 --- [    Test worker] o.h.type.descriptor.sql.BasicExtractor   : extracted value ([post_vie8_2_] : [INTEGER]) - [0]
2023-08-14 13:34:04.152 TRACE 8668 --- [    Test worker] o.h.type.descriptor.sql.BasicExtractor   : extracted value ([post_wri9_2_] : [VARCHAR]) - [자바]
2023-08-14 13:34:04.152 TRACE 8668 --- [    Test worker] o.h.type.descriptor.sql.BasicExtractor   : extracted value ([post_id1_2_] : [BIGINT]) - [357]
2023-08-14 13:34:04.152 TRACE 8668 --- [    Test worker] o.h.type.descriptor.sql.BasicExtractor   : extracted value ([board_id2_2_] : [BIGINT]) - [1]
2023-08-14 13:34:04.152 TRACE 8668 --- [    Test worker] o.h.type.descriptor.sql.BasicExtractor   : extracted value ([post_con3_2_] : [VARCHAR]) - [dnlXaPJKgm]
2023-08-14 13:34:04.152 TRACE 8668 --- [    Test worker] o.h.type.descriptor.sql.BasicExtractor   : extracted value ([post_cre4_2_] : [TIMESTAMP]) - [2023-08-14 13:29:19.544]
2023-08-14 13:34:04.152 TRACE 8668 --- [    Test worker] o.h.type.descriptor.sql.BasicExtractor   : extracted value ([post_sho5_2_] : [VARCHAR]) - [Y]
2023-08-14 13:34:04.152 TRACE 8668 --- [    Test worker] o.h.type.descriptor.sql.BasicExtractor   : extracted value ([post_tit6_2_] : [VARCHAR]) - [테스트 글 제목 155]
2023-08-14 13:34:04.152 TRACE 8668 --- [    Test worker] o.h.type.descriptor.sql.BasicExtractor   : extracted value ([post_upd7_2_] : [TIMESTAMP]) - [2023-08-14 13:29:19.544]
2023-08-14 13:34:04.152 TRACE 8668 --- [    Test worker] o.h.type.descriptor.sql.BasicExtractor   : extracted value ([post_vie8_2_] : [INTEGER]) - [0]
2023-08-14 13:34:04.152 TRACE 8668 --- [    Test worker] o.h.type.descriptor.sql.BasicExtractor   : extracted value ([post_wri9_2_] : [VARCHAR]) - [자바]
2023-08-14 13:34:04.152 TRACE 8668 --- [    Test worker] o.h.type.descriptor.sql.BasicExtractor   : extracted value ([post_id1_2_] : [BIGINT]) - [358]
2023-08-14 13:34:04.152 TRACE 8668 --- [    Test worker] o.h.type.descriptor.sql.BasicExtractor   : extracted value ([board_id2_2_] : [BIGINT]) - [1]
2023-08-14 13:34:04.152 TRACE 8668 --- [    Test worker] o.h.type.descriptor.sql.BasicExtractor   : extracted value ([post_con3_2_] : [VARCHAR]) - [Settxv5JEs]
2023-08-14 13:34:04.152 TRACE 8668 --- [    Test worker] o.h.type.descriptor.sql.BasicExtractor   : extracted value ([post_cre4_2_] : [TIMESTAMP]) - [2023-08-14 13:29:19.544]
2023-08-14 13:34:04.152 TRACE 8668 --- [    Test worker] o.h.type.descriptor.sql.BasicExtractor   : extracted value ([post_sho5_2_] : [VARCHAR]) - [Y]
2023-08-14 13:34:04.152 TRACE 8668 --- [    Test worker] o.h.type.descriptor.sql.BasicExtractor   : extracted value ([post_tit6_2_] : [VARCHAR]) - [테스트 글 제목 156]
2023-08-14 13:34:04.152 TRACE 8668 --- [    Test worker] o.h.type.descriptor.sql.BasicExtractor   : extracted value ([post_upd7_2_] : [TIMESTAMP]) - [2023-08-14 13:29:19.544]
2023-08-14 13:34:04.152 TRACE 8668 --- [    Test worker] o.h.type.descriptor.sql.BasicExtractor   : extracted value ([post_vie8_2_] : [INTEGER]) - [0]
2023-08-14 13:34:04.152 TRACE 8668 --- [    Test worker] o.h.type.descriptor.sql.BasicExtractor   : extracted value ([post_wri9_2_] : [VARCHAR]) - [자바]
2023-08-14 13:34:04.152 TRACE 8668 --- [    Test worker] o.h.type.descriptor.sql.BasicExtractor   : extracted value ([post_id1_2_] : [BIGINT]) - [359]
2023-08-14 13:34:04.152 TRACE 8668 --- [    Test worker] o.h.type.descriptor.sql.BasicExtractor   : extracted value ([board_id2_2_] : [BIGINT]) - [1]
2023-08-14 13:34:04.152 TRACE 8668 --- [    Test worker] o.h.type.descriptor.sql.BasicExtractor   : extracted value ([post_con3_2_] : [VARCHAR]) - [lBTldg4187]
2023-08-14 13:34:04.152 TRACE 8668 --- [    Test worker] o.h.type.descriptor.sql.BasicExtractor   : extracted value ([post_cre4_2_] : [TIMESTAMP]) - [2023-08-14 13:29:19.544]
2023-08-14 13:34:04.152 TRACE 8668 --- [    Test worker] o.h.type.descriptor.sql.BasicExtractor   : extracted value ([post_sho5_2_] : [VARCHAR]) - [Y]
2023-08-14 13:34:04.152 TRACE 8668 --- [    Test worker] o.h.type.descriptor.sql.BasicExtractor   : extracted value ([post_tit6_2_] : [VARCHAR]) - [테스트 글 제목 157]
2023-08-14 13:34:04.152 TRACE 8668 --- [    Test worker] o.h.type.descriptor.sql.BasicExtractor   : extracted value ([post_upd7_2_] : [TIMESTAMP]) - [2023-08-14 13:29:19.544]
2023-08-14 13:34:04.152 TRACE 8668 --- [    Test worker] o.h.type.descriptor.sql.BasicExtractor   : extracted value ([post_vie8_2_] : [INTEGER]) - [0]
2023-08-14 13:34:04.152 TRACE 8668 --- [    Test worker] o.h.type.descriptor.sql.BasicExtractor   : extracted value ([post_wri9_2_] : [VARCHAR]) - [자바]
2023-08-14 13:34:04.152 TRACE 8668 --- [    Test worker] o.h.type.descriptor.sql.BasicExtractor   : extracted value ([post_id1_2_] : [BIGINT]) - [360]
2023-08-14 13:34:04.152 TRACE 8668 --- [    Test worker] o.h.type.descriptor.sql.BasicExtractor   : extracted value ([board_id2_2_] : [BIGINT]) - [1]
2023-08-14 13:34:04.152 TRACE 8668 --- [    Test worker] o.h.type.descriptor.sql.BasicExtractor   : extracted value ([post_con3_2_] : [VARCHAR]) - [pdhKOS9j5M]
2023-08-14 13:34:04.152 TRACE 8668 --- [    Test worker] o.h.type.descriptor.sql.BasicExtractor   : extracted value ([post_cre4_2_] : [TIMESTAMP]) - [2023-08-14 13:29:19.544]
2023-08-14 13:34:04.168 TRACE 8668 --- [    Test worker] o.h.type.descriptor.sql.BasicExtractor   : extracted value ([post_sho5_2_] : [VARCHAR]) - [Y]
2023-08-14 13:34:04.168 TRACE 8668 --- [    Test worker] o.h.type.descriptor.sql.BasicExtractor   : extracted value ([post_tit6_2_] : [VARCHAR]) - [테스트 글 제목 158]
2023-08-14 13:34:04.168 TRACE 8668 --- [    Test worker] o.h.type.descriptor.sql.BasicExtractor   : extracted value ([post_upd7_2_] : [TIMESTAMP]) - [2023-08-14 13:29:19.544]
2023-08-14 13:34:04.168 TRACE 8668 --- [    Test worker] o.h.type.descriptor.sql.BasicExtractor   : extracted value ([post_vie8_2_] : [INTEGER]) - [0]
2023-08-14 13:34:04.168 TRACE 8668 --- [    Test worker] o.h.type.descriptor.sql.BasicExtractor   : extracted value ([post_wri9_2_] : [VARCHAR]) - [자바]
2023-08-14 13:34:04.168 TRACE 8668 --- [    Test worker] o.h.type.descriptor.sql.BasicExtractor   : extracted value ([post_id1_2_] : [BIGINT]) - [361]
2023-08-14 13:34:04.168 TRACE 8668 --- [    Test worker] o.h.type.descriptor.sql.BasicExtractor   : extracted value ([board_id2_2_] : [BIGINT]) - [1]
2023-08-14 13:34:04.168 TRACE 8668 --- [    Test worker] o.h.type.descriptor.sql.BasicExtractor   : extracted value ([post_con3_2_] : [VARCHAR]) - [u7NWNJy082]
2023-08-14 13:34:04.168 TRACE 8668 --- [    Test worker] o.h.type.descriptor.sql.BasicExtractor   : extracted value ([post_cre4_2_] : [TIMESTAMP]) - [2023-08-14 13:29:19.56]
2023-08-14 13:34:04.168 TRACE 8668 --- [    Test worker] o.h.type.descriptor.sql.BasicExtractor   : extracted value ([post_sho5_2_] : [VARCHAR]) - [Y]
2023-08-14 13:34:04.168 TRACE 8668 --- [    Test worker] o.h.type.descriptor.sql.BasicExtractor   : extracted value ([post_tit6_2_] : [VARCHAR]) - [테스트 글 제목 159]
2023-08-14 13:34:04.168 TRACE 8668 --- [    Test worker] o.h.type.descriptor.sql.BasicExtractor   : extracted value ([post_upd7_2_] : [TIMESTAMP]) - [2023-08-14 13:29:19.56]
2023-08-14 13:34:04.168 TRACE 8668 --- [    Test worker] o.h.type.descriptor.sql.BasicExtractor   : extracted value ([post_vie8_2_] : [INTEGER]) - [0]
2023-08-14 13:34:04.168 TRACE 8668 --- [    Test worker] o.h.type.descriptor.sql.BasicExtractor   : extracted value ([post_wri9_2_] : [VARCHAR]) - [자바]
2023-08-14 13:34:04.168 TRACE 8668 --- [    Test worker] o.h.type.descriptor.sql.BasicExtractor   : extracted value ([post_id1_2_] : [BIGINT]) - [362]
2023-08-14 13:34:04.168 TRACE 8668 --- [    Test worker] o.h.type.descriptor.sql.BasicExtractor   : extracted value ([board_id2_2_] : [BIGINT]) - [1]
2023-08-14 13:34:04.168 TRACE 8668 --- [    Test worker] o.h.type.descriptor.sql.BasicExtractor   : extracted value ([post_con3_2_] : [VARCHAR]) - [1LR5YTOlKR]
2023-08-14 13:34:04.168 TRACE 8668 --- [    Test worker] o.h.type.descriptor.sql.BasicExtractor   : extracted value ([post_cre4_2_] : [TIMESTAMP]) - [2023-08-14 13:29:19.56]
2023-08-14 13:34:04.168 TRACE 8668 --- [    Test worker] o.h.type.descriptor.sql.BasicExtractor   : extracted value ([post_sho5_2_] : [VARCHAR]) - [Y]
2023-08-14 13:34:04.168 TRACE 8668 --- [    Test worker] o.h.type.descriptor.sql.BasicExtractor   : extracted value ([post_tit6_2_] : [VARCHAR]) - [테스트 글 제목 160]
2023-08-14 13:34:04.168 TRACE 8668 --- [    Test worker] o.h.type.descriptor.sql.BasicExtractor   : extracted value ([post_upd7_2_] : [TIMESTAMP]) - [2023-08-14 13:29:19.56]
2023-08-14 13:34:04.168 TRACE 8668 --- [    Test worker] o.h.type.descriptor.sql.BasicExtractor   : extracted value ([post_vie8_2_] : [INTEGER]) - [0]
2023-08-14 13:34:04.168 TRACE 8668 --- [    Test worker] o.h.type.descriptor.sql.BasicExtractor   : extracted value ([post_wri9_2_] : [VARCHAR]) - [자바]
2023-08-14 13:34:04.168 TRACE 8668 --- [    Test worker] o.h.type.descriptor.sql.BasicExtractor   : extracted value ([post_id1_2_] : [BIGINT]) - [363]
2023-08-14 13:34:04.168 TRACE 8668 --- [    Test worker] o.h.type.descriptor.sql.BasicExtractor   : extracted value ([board_id2_2_] : [BIGINT]) - [1]
2023-08-14 13:34:04.168 TRACE 8668 --- [    Test worker] o.h.type.descriptor.sql.BasicExtractor   : extracted value ([post_con3_2_] : [VARCHAR]) - [4fzfOt211B]
2023-08-14 13:34:04.168 TRACE 8668 --- [    Test worker] o.h.type.descriptor.sql.BasicExtractor   : extracted value ([post_cre4_2_] : [TIMESTAMP]) - [2023-08-14 13:29:19.56]
2023-08-14 13:34:04.168 TRACE 8668 --- [    Test worker] o.h.type.descriptor.sql.BasicExtractor   : extracted value ([post_sho5_2_] : [VARCHAR]) - [Y]
2023-08-14 13:34:04.168 TRACE 8668 --- [    Test worker] o.h.type.descriptor.sql.BasicExtractor   : extracted value ([post_tit6_2_] : [VARCHAR]) - [테스트 글 제목 161]
2023-08-14 13:34:04.168 TRACE 8668 --- [    Test worker] o.h.type.descriptor.sql.BasicExtractor   : extracted value ([post_upd7_2_] : [TIMESTAMP]) - [2023-08-14 13:29:19.56]
2023-08-14 13:34:04.168 TRACE 8668 --- [    Test worker] o.h.type.descriptor.sql.BasicExtractor   : extracted value ([post_vie8_2_] : [INTEGER]) - [0]
2023-08-14 13:34:04.168 TRACE 8668 --- [    Test worker] o.h.type.descriptor.sql.BasicExtractor   : extracted value ([post_wri9_2_] : [VARCHAR]) - [자바]
2023-08-14 13:34:04.168 TRACE 8668 --- [    Test worker] o.h.type.descriptor.sql.BasicExtractor   : extracted value ([post_id1_2_] : [BIGINT]) - [364]
2023-08-14 13:34:04.168 TRACE 8668 --- [    Test worker] o.h.type.descriptor.sql.BasicExtractor   : extracted value ([board_id2_2_] : [BIGINT]) - [1]
2023-08-14 13:34:04.168 TRACE 8668 --- [    Test worker] o.h.type.descriptor.sql.BasicExtractor   : extracted value ([post_con3_2_] : [VARCHAR]) - [1rjwo0Wkfe]
2023-08-14 13:34:04.168 TRACE 8668 --- [    Test worker] o.h.type.descriptor.sql.BasicExtractor   : extracted value ([post_cre4_2_] : [TIMESTAMP]) - [2023-08-14 13:29:19.56]
2023-08-14 13:34:04.168 TRACE 8668 --- [    Test worker] o.h.type.descriptor.sql.BasicExtractor   : extracted value ([post_sho5_2_] : [VARCHAR]) - [Y]
2023-08-14 13:34:04.168 TRACE 8668 --- [    Test worker] o.h.type.descriptor.sql.BasicExtractor   : extracted value ([post_tit6_2_] : [VARCHAR]) - [테스트 글 제목 162]
2023-08-14 13:34:04.168 TRACE 8668 --- [    Test worker] o.h.type.descriptor.sql.BasicExtractor   : extracted value ([post_upd7_2_] : [TIMESTAMP]) - [2023-08-14 13:29:19.56]
2023-08-14 13:34:04.168 TRACE 8668 --- [    Test worker] o.h.type.descriptor.sql.BasicExtractor   : extracted value ([post_vie8_2_] : [INTEGER]) - [0]
2023-08-14 13:34:04.168 TRACE 8668 --- [    Test worker] o.h.type.descriptor.sql.BasicExtractor   : extracted value ([post_wri9_2_] : [VARCHAR]) - [자바]
2023-08-14 13:34:04.168 TRACE 8668 --- [    Test worker] o.h.type.descriptor.sql.BasicExtractor   : extracted value ([post_id1_2_] : [BIGINT]) - [365]
2023-08-14 13:34:04.168 TRACE 8668 --- [    Test worker] o.h.type.descriptor.sql.BasicExtractor   : extracted value ([board_id2_2_] : [BIGINT]) - [1]
2023-08-14 13:34:04.168 TRACE 8668 --- [    Test worker] o.h.type.descriptor.sql.BasicExtractor   : extracted value ([post_con3_2_] : [VARCHAR]) - [mVIERtXbNx]
2023-08-14 13:34:04.168 TRACE 8668 --- [    Test worker] o.h.type.descriptor.sql.BasicExtractor   : extracted value ([post_cre4_2_] : [TIMESTAMP]) - [2023-08-14 13:29:19.56]
2023-08-14 13:34:04.168 TRACE 8668 --- [    Test worker] o.h.type.descriptor.sql.BasicExtractor   : extracted value ([post_sho5_2_] : [VARCHAR]) - [Y]
2023-08-14 13:34:04.168 TRACE 8668 --- [    Test worker] o.h.type.descriptor.sql.BasicExtractor   : extracted value ([post_tit6_2_] : [VARCHAR]) - [테스트 글 제목 163]
2023-08-14 13:34:04.168 TRACE 8668 --- [    Test worker] o.h.type.descriptor.sql.BasicExtractor   : extracted value ([post_upd7_2_] : [TIMESTAMP]) - [2023-08-14 13:29:19.56]
2023-08-14 13:34:04.168 TRACE 8668 --- [    Test worker] o.h.type.descriptor.sql.BasicExtractor   : extracted value ([post_vie8_2_] : [INTEGER]) - [0]
2023-08-14 13:34:04.168 TRACE 8668 --- [    Test worker] o.h.type.descriptor.sql.BasicExtractor   : extracted value ([post_wri9_2_] : [VARCHAR]) - [자바]
2023-08-14 13:34:04.168 TRACE 8668 --- [    Test worker] o.h.type.descriptor.sql.BasicExtractor   : extracted value ([post_id1_2_] : [BIGINT]) - [366]
2023-08-14 13:34:04.168 TRACE 8668 --- [    Test worker] o.h.type.descriptor.sql.BasicExtractor   : extracted value ([board_id2_2_] : [BIGINT]) - [1]
2023-08-14 13:34:04.168 TRACE 8668 --- [    Test worker] o.h.type.descriptor.sql.BasicExtractor   : extracted value ([post_con3_2_] : [VARCHAR]) - [trqCcF0pDx]
2023-08-14 13:34:04.168 TRACE 8668 --- [    Test worker] o.h.type.descriptor.sql.BasicExtractor   : extracted value ([post_cre4_2_] : [TIMESTAMP]) - [2023-08-14 13:29:19.56]
2023-08-14 13:34:04.168 TRACE 8668 --- [    Test worker] o.h.type.descriptor.sql.BasicExtractor   : extracted value ([post_sho5_2_] : [VARCHAR]) - [Y]
2023-08-14 13:34:04.168 TRACE 8668 --- [    Test worker] o.h.type.descriptor.sql.BasicExtractor   : extracted value ([post_tit6_2_] : [VARCHAR]) - [테스트 글 제목 164]
2023-08-14 13:34:04.168 TRACE 8668 --- [    Test worker] o.h.type.descriptor.sql.BasicExtractor   : extracted value ([post_upd7_2_] : [TIMESTAMP]) - [2023-08-14 13:29:19.56]
2023-08-14 13:34:04.168 TRACE 8668 --- [    Test worker] o.h.type.descriptor.sql.BasicExtractor   : extracted value ([post_vie8_2_] : [INTEGER]) - [0]
2023-08-14 13:34:04.168 TRACE 8668 --- [    Test worker] o.h.type.descriptor.sql.BasicExtractor   : extracted value ([post_wri9_2_] : [VARCHAR]) - [자바]
2023-08-14 13:34:04.168 TRACE 8668 --- [    Test worker] o.h.type.descriptor.sql.BasicExtractor   : extracted value ([post_id1_2_] : [BIGINT]) - [367]
2023-08-14 13:34:04.168 TRACE 8668 --- [    Test worker] o.h.type.descriptor.sql.BasicExtractor   : extracted value ([board_id2_2_] : [BIGINT]) - [1]
2023-08-14 13:34:04.168 TRACE 8668 --- [    Test worker] o.h.type.descriptor.sql.BasicExtractor   : extracted value ([post_con3_2_] : [VARCHAR]) - [AARYLIY7V5]
2023-08-14 13:34:04.168 TRACE 8668 --- [    Test worker] o.h.type.descriptor.sql.BasicExtractor   : extracted value ([post_cre4_2_] : [TIMESTAMP]) - [2023-08-14 13:29:19.56]
2023-08-14 13:34:04.168 TRACE 8668 --- [    Test worker] o.h.type.descriptor.sql.BasicExtractor   : extracted value ([post_sho5_2_] : [VARCHAR]) - [Y]
2023-08-14 13:34:04.168 TRACE 8668 --- [    Test worker] o.h.type.descriptor.sql.BasicExtractor   : extracted value ([post_tit6_2_] : [VARCHAR]) - [테스트 글 제목 165]
2023-08-14 13:34:04.168 TRACE 8668 --- [    Test worker] o.h.type.descriptor.sql.BasicExtractor   : extracted value ([post_upd7_2_] : [TIMESTAMP]) - [2023-08-14 13:29:19.56]
2023-08-14 13:34:04.168 TRACE 8668 --- [    Test worker] o.h.type.descriptor.sql.BasicExtractor   : extracted value ([post_vie8_2_] : [INTEGER]) - [0]
2023-08-14 13:34:04.168 TRACE 8668 --- [    Test worker] o.h.type.descriptor.sql.BasicExtractor   : extracted value ([post_wri9_2_] : [VARCHAR]) - [자바]
2023-08-14 13:34:04.168 TRACE 8668 --- [    Test worker] o.h.type.descriptor.sql.BasicExtractor   : extracted value ([post_id1_2_] : [BIGINT]) - [368]
2023-08-14 13:34:04.168 TRACE 8668 --- [    Test worker] o.h.type.descriptor.sql.BasicExtractor   : extracted value ([board_id2_2_] : [BIGINT]) - [1]
2023-08-14 13:34:04.168 TRACE 8668 --- [    Test worker] o.h.type.descriptor.sql.BasicExtractor   : extracted value ([post_con3_2_] : [VARCHAR]) - [05tJe94ul4]
2023-08-14 13:34:04.168 TRACE 8668 --- [    Test worker] o.h.type.descriptor.sql.BasicExtractor   : extracted value ([post_cre4_2_] : [TIMESTAMP]) - [2023-08-14 13:29:19.56]
2023-08-14 13:34:04.168 TRACE 8668 --- [    Test worker] o.h.type.descriptor.sql.BasicExtractor   : extracted value ([post_sho5_2_] : [VARCHAR]) - [Y]
2023-08-14 13:34:04.168 TRACE 8668 --- [    Test worker] o.h.type.descriptor.sql.BasicExtractor   : extracted value ([post_tit6_2_] : [VARCHAR]) - [테스트 글 제목 166]
2023-08-14 13:34:04.168 TRACE 8668 --- [    Test worker] o.h.type.descriptor.sql.BasicExtractor   : extracted value ([post_upd7_2_] : [TIMESTAMP]) - [2023-08-14 13:29:19.56]
2023-08-14 13:34:04.168 TRACE 8668 --- [    Test worker] o.h.type.descriptor.sql.BasicExtractor   : extracted value ([post_vie8_2_] : [INTEGER]) - [0]
2023-08-14 13:34:04.168 TRACE 8668 --- [    Test worker] o.h.type.descriptor.sql.BasicExtractor   : extracted value ([post_wri9_2_] : [VARCHAR]) - [자바]
2023-08-14 13:34:04.168 TRACE 8668 --- [    Test worker] o.h.type.descriptor.sql.BasicExtractor   : extracted value ([post_id1_2_] : [BIGINT]) - [369]
2023-08-14 13:34:04.168 TRACE 8668 --- [    Test worker] o.h.type.descriptor.sql.BasicExtractor   : extracted value ([board_id2_2_] : [BIGINT]) - [1]
2023-08-14 13:34:04.168 TRACE 8668 --- [    Test worker] o.h.type.descriptor.sql.BasicExtractor   : extracted value ([post_con3_2_] : [VARCHAR]) - [rRTSrmobPK]
2023-08-14 13:34:04.168 TRACE 8668 --- [    Test worker] o.h.type.descriptor.sql.BasicExtractor   : extracted value ([post_cre4_2_] : [TIMESTAMP]) - [2023-08-14 13:29:19.56]
2023-08-14 13:34:04.168 TRACE 8668 --- [    Test worker] o.h.type.descriptor.sql.BasicExtractor   : extracted value ([post_sho5_2_] : [VARCHAR]) - [Y]
2023-08-14 13:34:04.168 TRACE 8668 --- [    Test worker] o.h.type.descriptor.sql.BasicExtractor   : extracted value ([post_tit6_2_] : [VARCHAR]) - [테스트 글 제목 167]
2023-08-14 13:34:04.168 TRACE 8668 --- [    Test worker] o.h.type.descriptor.sql.BasicExtractor   : extracted value ([post_upd7_2_] : [TIMESTAMP]) - [2023-08-14 13:29:19.56]
2023-08-14 13:34:04.168 TRACE 8668 --- [    Test worker] o.h.type.descriptor.sql.BasicExtractor   : extracted value ([post_vie8_2_] : [INTEGER]) - [0]
2023-08-14 13:34:04.168 TRACE 8668 --- [    Test worker] o.h.type.descriptor.sql.BasicExtractor   : extracted value ([post_wri9_2_] : [VARCHAR]) - [자바]
2023-08-14 13:34:04.168 TRACE 8668 --- [    Test worker] o.h.type.descriptor.sql.BasicExtractor   : extracted value ([post_id1_2_] : [BIGINT]) - [370]
2023-08-14 13:34:04.168 TRACE 8668 --- [    Test worker] o.h.type.descriptor.sql.BasicExtractor   : extracted value ([board_id2_2_] : [BIGINT]) - [1]
2023-08-14 13:34:04.168 TRACE 8668 --- [    Test worker] o.h.type.descriptor.sql.BasicExtractor   : extracted value ([post_con3_2_] : [VARCHAR]) - [FgIeulrc6I]
2023-08-14 13:34:04.168 TRACE 8668 --- [    Test worker] o.h.type.descriptor.sql.BasicExtractor   : extracted value ([post_cre4_2_] : [TIMESTAMP]) - [2023-08-14 13:29:19.56]
2023-08-14 13:34:04.168 TRACE 8668 --- [    Test worker] o.h.type.descriptor.sql.BasicExtractor   : extracted value ([post_sho5_2_] : [VARCHAR]) - [Y]
2023-08-14 13:34:04.168 TRACE 8668 --- [    Test worker] o.h.type.descriptor.sql.BasicExtractor   : extracted value ([post_tit6_2_] : [VARCHAR]) - [테스트 글 제목 168]
2023-08-14 13:34:04.168 TRACE 8668 --- [    Test worker] o.h.type.descriptor.sql.BasicExtractor   : extracted value ([post_upd7_2_] : [TIMESTAMP]) - [2023-08-14 13:29:19.56]
2023-08-14 13:34:04.168 TRACE 8668 --- [    Test worker] o.h.type.descriptor.sql.BasicExtractor   : extracted value ([post_vie8_2_] : [INTEGER]) - [0]
2023-08-14 13:34:04.168 TRACE 8668 --- [    Test worker] o.h.type.descriptor.sql.BasicExtractor   : extracted value ([post_wri9_2_] : [VARCHAR]) - [자바]
2023-08-14 13:34:04.168 TRACE 8668 --- [    Test worker] o.h.type.descriptor.sql.BasicExtractor   : extracted value ([post_id1_2_] : [BIGINT]) - [371]
2023-08-14 13:34:04.168 TRACE 8668 --- [    Test worker] o.h.type.descriptor.sql.BasicExtractor   : extracted value ([board_id2_2_] : [BIGINT]) - [1]
2023-08-14 13:34:04.168 TRACE 8668 --- [    Test worker] o.h.type.descriptor.sql.BasicExtractor   : extracted value ([post_con3_2_] : [VARCHAR]) - [8nMqMJjLjF]
2023-08-14 13:34:04.168 TRACE 8668 --- [    Test worker] o.h.type.descriptor.sql.BasicExtractor   : extracted value ([post_cre4_2_] : [TIMESTAMP]) - [2023-08-14 13:29:19.56]
2023-08-14 13:34:04.168 TRACE 8668 --- [    Test worker] o.h.type.descriptor.sql.BasicExtractor   : extracted value ([post_sho5_2_] : [VARCHAR]) - [Y]
2023-08-14 13:34:04.168 TRACE 8668 --- [    Test worker] o.h.type.descriptor.sql.BasicExtractor   : extracted value ([post_tit6_2_] : [VARCHAR]) - [테스트 글 제목 169]
2023-08-14 13:34:04.168 TRACE 8668 --- [    Test worker] o.h.type.descriptor.sql.BasicExtractor   : extracted value ([post_upd7_2_] : [TIMESTAMP]) - [2023-08-14 13:29:19.56]
2023-08-14 13:34:04.168 TRACE 8668 --- [    Test worker] o.h.type.descriptor.sql.BasicExtractor   : extracted value ([post_vie8_2_] : [INTEGER]) - [0]
2023-08-14 13:34:04.168 TRACE 8668 --- [    Test worker] o.h.type.descriptor.sql.BasicExtractor   : extracted value ([post_wri9_2_] : [VARCHAR]) - [자바]
2023-08-14 13:34:04.168 TRACE 8668 --- [    Test worker] o.h.type.descriptor.sql.BasicExtractor   : extracted value ([post_id1_2_] : [BIGINT]) - [372]
2023-08-14 13:34:04.168 TRACE 8668 --- [    Test worker] o.h.type.descriptor.sql.BasicExtractor   : extracted value ([board_id2_2_] : [BIGINT]) - [1]
2023-08-14 13:34:04.168 TRACE 8668 --- [    Test worker] o.h.type.descriptor.sql.BasicExtractor   : extracted value ([post_con3_2_] : [VARCHAR]) - [PX9dFe3VYT]
2023-08-14 13:34:04.168 TRACE 8668 --- [    Test worker] o.h.type.descriptor.sql.BasicExtractor   : extracted value ([post_cre4_2_] : [TIMESTAMP]) - [2023-08-14 13:29:19.56]
2023-08-14 13:34:04.168 TRACE 8668 --- [    Test worker] o.h.type.descriptor.sql.BasicExtractor   : extracted value ([post_sho5_2_] : [VARCHAR]) - [Y]
2023-08-14 13:34:04.168 TRACE 8668 --- [    Test worker] o.h.type.descriptor.sql.BasicExtractor   : extracted value ([post_tit6_2_] : [VARCHAR]) - [테스트 글 제목 170]
2023-08-14 13:34:04.168 TRACE 8668 --- [    Test worker] o.h.type.descriptor.sql.BasicExtractor   : extracted value ([post_upd7_2_] : [TIMESTAMP]) - [2023-08-14 13:29:19.56]
2023-08-14 13:34:04.168 TRACE 8668 --- [    Test worker] o.h.type.descriptor.sql.BasicExtractor   : extracted value ([post_vie8_2_] : [INTEGER]) - [0]
2023-08-14 13:34:04.168 TRACE 8668 --- [    Test worker] o.h.type.descriptor.sql.BasicExtractor   : extracted value ([post_wri9_2_] : [VARCHAR]) - [자바]
2023-08-14 13:34:04.168 TRACE 8668 --- [    Test worker] o.h.type.descriptor.sql.BasicExtractor   : extracted value ([post_id1_2_] : [BIGINT]) - [373]
2023-08-14 13:34:04.168 TRACE 8668 --- [    Test worker] o.h.type.descriptor.sql.BasicExtractor   : extracted value ([board_id2_2_] : [BIGINT]) - [1]
2023-08-14 13:34:04.168 TRACE 8668 --- [    Test worker] o.h.type.descriptor.sql.BasicExtractor   : extracted value ([post_con3_2_] : [VARCHAR]) - [mSizrnwpRi]
2023-08-14 13:34:04.168 TRACE 8668 --- [    Test worker] o.h.type.descriptor.sql.BasicExtractor   : extracted value ([post_cre4_2_] : [TIMESTAMP]) - [2023-08-14 13:29:19.56]
2023-08-14 13:34:04.168 TRACE 8668 --- [    Test worker] o.h.type.descriptor.sql.BasicExtractor   : extracted value ([post_sho5_2_] : [VARCHAR]) - [Y]
2023-08-14 13:34:04.168 TRACE 8668 --- [    Test worker] o.h.type.descriptor.sql.BasicExtractor   : extracted value ([post_tit6_2_] : [VARCHAR]) - [테스트 글 제목 171]
2023-08-14 13:34:04.168 TRACE 8668 --- [    Test worker] o.h.type.descriptor.sql.BasicExtractor   : extracted value ([post_upd7_2_] : [TIMESTAMP]) - [2023-08-14 13:29:19.56]
2023-08-14 13:34:04.168 TRACE 8668 --- [    Test worker] o.h.type.descriptor.sql.BasicExtractor   : extracted value ([post_vie8_2_] : [INTEGER]) - [0]
2023-08-14 13:34:04.168 TRACE 8668 --- [    Test worker] o.h.type.descriptor.sql.BasicExtractor   : extracted value ([post_wri9_2_] : [VARCHAR]) - [자바]
2023-08-14 13:34:04.168 TRACE 8668 --- [    Test worker] o.h.type.descriptor.sql.BasicExtractor   : extracted value ([post_id1_2_] : [BIGINT]) - [374]
2023-08-14 13:34:04.168 TRACE 8668 --- [    Test worker] o.h.type.descriptor.sql.BasicExtractor   : extracted value ([board_id2_2_] : [BIGINT]) - [1]
2023-08-14 13:34:04.168 TRACE 8668 --- [    Test worker] o.h.type.descriptor.sql.BasicExtractor   : extracted value ([post_con3_2_] : [VARCHAR]) - [GUOHgruUR2]
2023-08-14 13:34:04.168 TRACE 8668 --- [    Test worker] o.h.type.descriptor.sql.BasicExtractor   : extracted value ([post_cre4_2_] : [TIMESTAMP]) - [2023-08-14 13:29:19.56]
2023-08-14 13:34:04.168 TRACE 8668 --- [    Test worker] o.h.type.descriptor.sql.BasicExtractor   : extracted value ([post_sho5_2_] : [VARCHAR]) - [Y]
2023-08-14 13:34:04.168 TRACE 8668 --- [    Test worker] o.h.type.descriptor.sql.BasicExtractor   : extracted value ([post_tit6_2_] : [VARCHAR]) - [테스트 글 제목 172]
2023-08-14 13:34:04.168 TRACE 8668 --- [    Test worker] o.h.type.descriptor.sql.BasicExtractor   : extracted value ([post_upd7_2_] : [TIMESTAMP]) - [2023-08-14 13:29:19.56]
2023-08-14 13:34:04.168 TRACE 8668 --- [    Test worker] o.h.type.descriptor.sql.BasicExtractor   : extracted value ([post_vie8_2_] : [INTEGER]) - [0]
2023-08-14 13:34:04.168 TRACE 8668 --- [    Test worker] o.h.type.descriptor.sql.BasicExtractor   : extracted value ([post_wri9_2_] : [VARCHAR]) - [자바]
2023-08-14 13:34:04.168 TRACE 8668 --- [    Test worker] o.h.type.descriptor.sql.BasicExtractor   : extracted value ([post_id1_2_] : [BIGINT]) - [375]
2023-08-14 13:34:04.168 TRACE 8668 --- [    Test worker] o.h.type.descriptor.sql.BasicExtractor   : extracted value ([board_id2_2_] : [BIGINT]) - [1]
2023-08-14 13:34:04.168 TRACE 8668 --- [    Test worker] o.h.type.descriptor.sql.BasicExtractor   : extracted value ([post_con3_2_] : [VARCHAR]) - [6Obt39yLpt]
2023-08-14 13:34:04.168 TRACE 8668 --- [    Test worker] o.h.type.descriptor.sql.BasicExtractor   : extracted value ([post_cre4_2_] : [TIMESTAMP]) - [2023-08-14 13:29:19.576]
2023-08-14 13:34:04.168 TRACE 8668 --- [    Test worker] o.h.type.descriptor.sql.BasicExtractor   : extracted value ([post_sho5_2_] : [VARCHAR]) - [Y]
2023-08-14 13:34:04.168 TRACE 8668 --- [    Test worker] o.h.type.descriptor.sql.BasicExtractor   : extracted value ([post_tit6_2_] : [VARCHAR]) - [테스트 글 제목 173]
2023-08-14 13:34:04.168 TRACE 8668 --- [    Test worker] o.h.type.descriptor.sql.BasicExtractor   : extracted value ([post_upd7_2_] : [TIMESTAMP]) - [2023-08-14 13:29:19.576]
2023-08-14 13:34:04.168 TRACE 8668 --- [    Test worker] o.h.type.descriptor.sql.BasicExtractor   : extracted value ([post_vie8_2_] : [INTEGER]) - [0]
2023-08-14 13:34:04.168 TRACE 8668 --- [    Test worker] o.h.type.descriptor.sql.BasicExtractor   : extracted value ([post_wri9_2_] : [VARCHAR]) - [자바]
2023-08-14 13:34:04.168 TRACE 8668 --- [    Test worker] o.h.type.descriptor.sql.BasicExtractor   : extracted value ([post_id1_2_] : [BIGINT]) - [376]
2023-08-14 13:34:04.168 TRACE 8668 --- [    Test worker] o.h.type.descriptor.sql.BasicExtractor   : extracted value ([board_id2_2_] : [BIGINT]) - [1]
2023-08-14 13:34:04.168 TRACE 8668 --- [    Test worker] o.h.type.descriptor.sql.BasicExtractor   : extracted value ([post_con3_2_] : [VARCHAR]) - [ytxGKILb8s]
2023-08-14 13:34:04.168 TRACE 8668 --- [    Test worker] o.h.type.descriptor.sql.BasicExtractor   : extracted value ([post_cre4_2_] : [TIMESTAMP]) - [2023-08-14 13:29:19.576]
2023-08-14 13:34:04.168 TRACE 8668 --- [    Test worker] o.h.type.descriptor.sql.BasicExtractor   : extracted value ([post_sho5_2_] : [VARCHAR]) - [Y]
2023-08-14 13:34:04.168 TRACE 8668 --- [    Test worker] o.h.type.descriptor.sql.BasicExtractor   : extracted value ([post_tit6_2_] : [VARCHAR]) - [테스트 글 제목 174]
2023-08-14 13:34:04.168 TRACE 8668 --- [    Test worker] o.h.type.descriptor.sql.BasicExtractor   : extracted value ([post_upd7_2_] : [TIMESTAMP]) - [2023-08-14 13:29:19.576]
2023-08-14 13:34:04.168 TRACE 8668 --- [    Test worker] o.h.type.descriptor.sql.BasicExtractor   : extracted value ([post_vie8_2_] : [INTEGER]) - [0]
2023-08-14 13:34:04.168 TRACE 8668 --- [    Test worker] o.h.type.descriptor.sql.BasicExtractor   : extracted value ([post_wri9_2_] : [VARCHAR]) - [자바]
2023-08-14 13:34:04.168 TRACE 8668 --- [    Test worker] o.h.type.descriptor.sql.BasicExtractor   : extracted value ([post_id1_2_] : [BIGINT]) - [377]
2023-08-14 13:34:04.168 TRACE 8668 --- [    Test worker] o.h.type.descriptor.sql.BasicExtractor   : extracted value ([board_id2_2_] : [BIGINT]) - [1]
2023-08-14 13:34:04.168 TRACE 8668 --- [    Test worker] o.h.type.descriptor.sql.BasicExtractor   : extracted value ([post_con3_2_] : [VARCHAR]) - [Sxb8QFDGjp]
2023-08-14 13:34:04.168 TRACE 8668 --- [    Test worker] o.h.type.descriptor.sql.BasicExtractor   : extracted value ([post_cre4_2_] : [TIMESTAMP]) - [2023-08-14 13:29:19.576]
2023-08-14 13:34:04.168 TRACE 8668 --- [    Test worker] o.h.type.descriptor.sql.BasicExtractor   : extracted value ([post_sho5_2_] : [VARCHAR]) - [Y]
2023-08-14 13:34:04.168 TRACE 8668 --- [    Test worker] o.h.type.descriptor.sql.BasicExtractor   : extracted value ([post_tit6_2_] : [VARCHAR]) - [테스트 글 제목 175]
2023-08-14 13:34:04.168 TRACE 8668 --- [    Test worker] o.h.type.descriptor.sql.BasicExtractor   : extracted value ([post_upd7_2_] : [TIMESTAMP]) - [2023-08-14 13:29:19.576]
2023-08-14 13:34:04.168 TRACE 8668 --- [    Test worker] o.h.type.descriptor.sql.BasicExtractor   : extracted value ([post_vie8_2_] : [INTEGER]) - [0]
2023-08-14 13:34:04.168 TRACE 8668 --- [    Test worker] o.h.type.descriptor.sql.BasicExtractor   : extracted value ([post_wri9_2_] : [VARCHAR]) - [자바]
2023-08-14 13:34:04.168 TRACE 8668 --- [    Test worker] o.h.type.descriptor.sql.BasicExtractor   : extracted value ([post_id1_2_] : [BIGINT]) - [378]
2023-08-14 13:34:04.168 TRACE 8668 --- [    Test worker] o.h.type.descriptor.sql.BasicExtractor   : extracted value ([board_id2_2_] : [BIGINT]) - [1]
2023-08-14 13:34:04.168 TRACE 8668 --- [    Test worker] o.h.type.descriptor.sql.BasicExtractor   : extracted value ([post_con3_2_] : [VARCHAR]) - [THGcGRH90q]
2023-08-14 13:34:04.168 TRACE 8668 --- [    Test worker] o.h.type.descriptor.sql.BasicExtractor   : extracted value ([post_cre4_2_] : [TIMESTAMP]) - [2023-08-14 13:29:19.576]
2023-08-14 13:34:04.168 TRACE 8668 --- [    Test worker] o.h.type.descriptor.sql.BasicExtractor   : extracted value ([post_sho5_2_] : [VARCHAR]) - [Y]
2023-08-14 13:34:04.168 TRACE 8668 --- [    Test worker] o.h.type.descriptor.sql.BasicExtractor   : extracted value ([post_tit6_2_] : [VARCHAR]) - [테스트 글 제목 176]
2023-08-14 13:34:04.168 TRACE 8668 --- [    Test worker] o.h.type.descriptor.sql.BasicExtractor   : extracted value ([post_upd7_2_] : [TIMESTAMP]) - [2023-08-14 13:29:19.576]
2023-08-14 13:34:04.168 TRACE 8668 --- [    Test worker] o.h.type.descriptor.sql.BasicExtractor   : extracted value ([post_vie8_2_] : [INTEGER]) - [0]
2023-08-14 13:34:04.168 TRACE 8668 --- [    Test worker] o.h.type.descriptor.sql.BasicExtractor   : extracted value ([post_wri9_2_] : [VARCHAR]) - [자바]
2023-08-14 13:34:04.168 TRACE 8668 --- [    Test worker] o.h.type.descriptor.sql.BasicExtractor   : extracted value ([post_id1_2_] : [BIGINT]) - [379]
2023-08-14 13:34:04.168 TRACE 8668 --- [    Test worker] o.h.type.descriptor.sql.BasicExtractor   : extracted value ([board_id2_2_] : [BIGINT]) - [1]
2023-08-14 13:34:04.168 TRACE 8668 --- [    Test worker] o.h.type.descriptor.sql.BasicExtractor   : extracted value ([post_con3_2_] : [VARCHAR]) - [kYKAcr8vbH]
2023-08-14 13:34:04.168 TRACE 8668 --- [    Test worker] o.h.type.descriptor.sql.BasicExtractor   : extracted value ([post_cre4_2_] : [TIMESTAMP]) - [2023-08-14 13:29:19.576]
2023-08-14 13:34:04.168 TRACE 8668 --- [    Test worker] o.h.type.descriptor.sql.BasicExtractor   : extracted value ([post_sho5_2_] : [VARCHAR]) - [Y]
2023-08-14 13:34:04.168 TRACE 8668 --- [    Test worker] o.h.type.descriptor.sql.BasicExtractor   : extracted value ([post_tit6_2_] : [VARCHAR]) - [테스트 글 제목 177]
2023-08-14 13:34:04.168 TRACE 8668 --- [    Test worker] o.h.type.descriptor.sql.BasicExtractor   : extracted value ([post_upd7_2_] : [TIMESTAMP]) - [2023-08-14 13:29:19.576]
2023-08-14 13:34:04.168 TRACE 8668 --- [    Test worker] o.h.type.descriptor.sql.BasicExtractor   : extracted value ([post_vie8_2_] : [INTEGER]) - [0]
2023-08-14 13:34:04.168 TRACE 8668 --- [    Test worker] o.h.type.descriptor.sql.BasicExtractor   : extracted value ([post_wri9_2_] : [VARCHAR]) - [자바]
2023-08-14 13:34:04.168 TRACE 8668 --- [    Test worker] o.h.type.descriptor.sql.BasicExtractor   : extracted value ([post_id1_2_] : [BIGINT]) - [380]
2023-08-14 13:34:04.168 TRACE 8668 --- [    Test worker] o.h.type.descriptor.sql.BasicExtractor   : extracted value ([board_id2_2_] : [BIGINT]) - [1]
2023-08-14 13:34:04.168 TRACE 8668 --- [    Test worker] o.h.type.descriptor.sql.BasicExtractor   : extracted value ([post_con3_2_] : [VARCHAR]) - [OgGebFPaKg]
2023-08-14 13:34:04.168 TRACE 8668 --- [    Test worker] o.h.type.descriptor.sql.BasicExtractor   : extracted value ([post_cre4_2_] : [TIMESTAMP]) - [2023-08-14 13:29:19.576]
2023-08-14 13:34:04.168 TRACE 8668 --- [    Test worker] o.h.type.descriptor.sql.BasicExtractor   : extracted value ([post_sho5_2_] : [VARCHAR]) - [Y]
2023-08-14 13:34:04.168 TRACE 8668 --- [    Test worker] o.h.type.descriptor.sql.BasicExtractor   : extracted value ([post_tit6_2_] : [VARCHAR]) - [테스트 글 제목 178]
2023-08-14 13:34:04.168 TRACE 8668 --- [    Test worker] o.h.type.descriptor.sql.BasicExtractor   : extracted value ([post_upd7_2_] : [TIMESTAMP]) - [2023-08-14 13:29:19.576]
2023-08-14 13:34:04.168 TRACE 8668 --- [    Test worker] o.h.type.descriptor.sql.BasicExtractor   : extracted value ([post_vie8_2_] : [INTEGER]) - [0]
2023-08-14 13:34:04.168 TRACE 8668 --- [    Test worker] o.h.type.descriptor.sql.BasicExtractor   : extracted value ([post_wri9_2_] : [VARCHAR]) - [자바]
2023-08-14 13:34:04.168 TRACE 8668 --- [    Test worker] o.h.type.descriptor.sql.BasicExtractor   : extracted value ([post_id1_2_] : [BIGINT]) - [381]
2023-08-14 13:34:04.168 TRACE 8668 --- [    Test worker] o.h.type.descriptor.sql.BasicExtractor   : extracted value ([board_id2_2_] : [BIGINT]) - [1]
2023-08-14 13:34:04.168 TRACE 8668 --- [    Test worker] o.h.type.descriptor.sql.BasicExtractor   : extracted value ([post_con3_2_] : [VARCHAR]) - [HMGU1ScxfM]
2023-08-14 13:34:04.168 TRACE 8668 --- [    Test worker] o.h.type.descriptor.sql.BasicExtractor   : extracted value ([post_cre4_2_] : [TIMESTAMP]) - [2023-08-14 13:29:19.576]
2023-08-14 13:34:04.168 TRACE 8668 --- [    Test worker] o.h.type.descriptor.sql.BasicExtractor   : extracted value ([post_sho5_2_] : [VARCHAR]) - [Y]
2023-08-14 13:34:04.168 TRACE 8668 --- [    Test worker] o.h.type.descriptor.sql.BasicExtractor   : extracted value ([post_tit6_2_] : [VARCHAR]) - [테스트 글 제목 179]
2023-08-14 13:34:04.168 TRACE 8668 --- [    Test worker] o.h.type.descriptor.sql.BasicExtractor   : extracted value ([post_upd7_2_] : [TIMESTAMP]) - [2023-08-14 13:29:19.576]
2023-08-14 13:34:04.168 TRACE 8668 --- [    Test worker] o.h.type.descriptor.sql.BasicExtractor   : extracted value ([post_vie8_2_] : [INTEGER]) - [0]
2023-08-14 13:34:04.168 TRACE 8668 --- [    Test worker] o.h.type.descriptor.sql.BasicExtractor   : extracted value ([post_wri9_2_] : [VARCHAR]) - [자바]
2023-08-14 13:34:04.168 TRACE 8668 --- [    Test worker] o.h.type.descriptor.sql.BasicExtractor   : extracted value ([post_id1_2_] : [BIGINT]) - [382]
2023-08-14 13:34:04.168 TRACE 8668 --- [    Test worker] o.h.type.descriptor.sql.BasicExtractor   : extracted value ([board_id2_2_] : [BIGINT]) - [1]
2023-08-14 13:34:04.168 TRACE 8668 --- [    Test worker] o.h.type.descriptor.sql.BasicExtractor   : extracted value ([post_con3_2_] : [VARCHAR]) - [dqSLgDCqGy]
2023-08-14 13:34:04.168 TRACE 8668 --- [    Test worker] o.h.type.descriptor.sql.BasicExtractor   : extracted value ([post_cre4_2_] : [TIMESTAMP]) - [2023-08-14 13:29:19.576]
2023-08-14 13:34:04.168 TRACE 8668 --- [    Test worker] o.h.type.descriptor.sql.BasicExtractor   : extracted value ([post_sho5_2_] : [VARCHAR]) - [Y]
2023-08-14 13:34:04.168 TRACE 8668 --- [    Test worker] o.h.type.descriptor.sql.BasicExtractor   : extracted value ([post_tit6_2_] : [VARCHAR]) - [테스트 글 제목 180]
2023-08-14 13:34:04.168 TRACE 8668 --- [    Test worker] o.h.type.descriptor.sql.BasicExtractor   : extracted value ([post_upd7_2_] : [TIMESTAMP]) - [2023-08-14 13:29:19.576]
2023-08-14 13:34:04.168 TRACE 8668 --- [    Test worker] o.h.type.descriptor.sql.BasicExtractor   : extracted value ([post_vie8_2_] : [INTEGER]) - [0]
2023-08-14 13:34:04.168 TRACE 8668 --- [    Test worker] o.h.type.descriptor.sql.BasicExtractor   : extracted value ([post_wri9_2_] : [VARCHAR]) - [자바]
2023-08-14 13:34:04.168 TRACE 8668 --- [    Test worker] o.h.type.descriptor.sql.BasicExtractor   : extracted value ([post_id1_2_] : [BIGINT]) - [383]
2023-08-14 13:34:04.168 TRACE 8668 --- [    Test worker] o.h.type.descriptor.sql.BasicExtractor   : extracted value ([board_id2_2_] : [BIGINT]) - [1]
2023-08-14 13:34:04.168 TRACE 8668 --- [    Test worker] o.h.type.descriptor.sql.BasicExtractor   : extracted value ([post_con3_2_] : [VARCHAR]) - [PbrMCuoYrO]
2023-08-14 13:34:04.168 TRACE 8668 --- [    Test worker] o.h.type.descriptor.sql.BasicExtractor   : extracted value ([post_cre4_2_] : [TIMESTAMP]) - [2023-08-14 13:29:19.576]
2023-08-14 13:34:04.168 TRACE 8668 --- [    Test worker] o.h.type.descriptor.sql.BasicExtractor   : extracted value ([post_sho5_2_] : [VARCHAR]) - [Y]
2023-08-14 13:34:04.168 TRACE 8668 --- [    Test worker] o.h.type.descriptor.sql.BasicExtractor   : extracted value ([post_tit6_2_] : [VARCHAR]) - [테스트 글 제목 181]
2023-08-14 13:34:04.168 TRACE 8668 --- [    Test worker] o.h.type.descriptor.sql.BasicExtractor   : extracted value ([post_upd7_2_] : [TIMESTAMP]) - [2023-08-14 13:29:19.576]
2023-08-14 13:34:04.168 TRACE 8668 --- [    Test worker] o.h.type.descriptor.sql.BasicExtractor   : extracted value ([post_vie8_2_] : [INTEGER]) - [0]
2023-08-14 13:34:04.168 TRACE 8668 --- [    Test worker] o.h.type.descriptor.sql.BasicExtractor   : extracted value ([post_wri9_2_] : [VARCHAR]) - [자바]
2023-08-14 13:34:04.168 TRACE 8668 --- [    Test worker] o.h.type.descriptor.sql.BasicExtractor   : extracted value ([post_id1_2_] : [BIGINT]) - [384]
2023-08-14 13:34:04.168 TRACE 8668 --- [    Test worker] o.h.type.descriptor.sql.BasicExtractor   : extracted value ([board_id2_2_] : [BIGINT]) - [1]
2023-08-14 13:34:04.168 TRACE 8668 --- [    Test worker] o.h.type.descriptor.sql.BasicExtractor   : extracted value ([post_con3_2_] : [VARCHAR]) - [cA91thGthG]
2023-08-14 13:34:04.168 TRACE 8668 --- [    Test worker] o.h.type.descriptor.sql.BasicExtractor   : extracted value ([post_cre4_2_] : [TIMESTAMP]) - [2023-08-14 13:29:19.576]
2023-08-14 13:34:04.168 TRACE 8668 --- [    Test worker] o.h.type.descriptor.sql.BasicExtractor   : extracted value ([post_sho5_2_] : [VARCHAR]) - [Y]
2023-08-14 13:34:04.168 TRACE 8668 --- [    Test worker] o.h.type.descriptor.sql.BasicExtractor   : extracted value ([post_tit6_2_] : [VARCHAR]) - [테스트 글 제목 182]
2023-08-14 13:34:04.168 TRACE 8668 --- [    Test worker] o.h.type.descriptor.sql.BasicExtractor   : extracted value ([post_upd7_2_] : [TIMESTAMP]) - [2023-08-14 13:29:19.576]
2023-08-14 13:34:04.168 TRACE 8668 --- [    Test worker] o.h.type.descriptor.sql.BasicExtractor   : extracted value ([post_vie8_2_] : [INTEGER]) - [0]
2023-08-14 13:34:04.168 TRACE 8668 --- [    Test worker] o.h.type.descriptor.sql.BasicExtractor   : extracted value ([post_wri9_2_] : [VARCHAR]) - [자바]
2023-08-14 13:34:04.168 TRACE 8668 --- [    Test worker] o.h.type.descriptor.sql.BasicExtractor   : extracted value ([post_id1_2_] : [BIGINT]) - [385]
2023-08-14 13:34:04.168 TRACE 8668 --- [    Test worker] o.h.type.descriptor.sql.BasicExtractor   : extracted value ([board_id2_2_] : [BIGINT]) - [1]
2023-08-14 13:34:04.168 TRACE 8668 --- [    Test worker] o.h.type.descriptor.sql.BasicExtractor   : extracted value ([post_con3_2_] : [VARCHAR]) - [TVsmmVJKrb]
2023-08-14 13:34:04.168 TRACE 8668 --- [    Test worker] o.h.type.descriptor.sql.BasicExtractor   : extracted value ([post_cre4_2_] : [TIMESTAMP]) - [2023-08-14 13:29:19.576]
2023-08-14 13:34:04.168 TRACE 8668 --- [    Test worker] o.h.type.descriptor.sql.BasicExtractor   : extracted value ([post_sho5_2_] : [VARCHAR]) - [Y]
2023-08-14 13:34:04.168 TRACE 8668 --- [    Test worker] o.h.type.descriptor.sql.BasicExtractor   : extracted value ([post_tit6_2_] : [VARCHAR]) - [테스트 글 제목 183]
2023-08-14 13:34:04.168 TRACE 8668 --- [    Test worker] o.h.type.descriptor.sql.BasicExtractor   : extracted value ([post_upd7_2_] : [TIMESTAMP]) - [2023-08-14 13:29:19.576]
2023-08-14 13:34:04.168 TRACE 8668 --- [    Test worker] o.h.type.descriptor.sql.BasicExtractor   : extracted value ([post_vie8_2_] : [INTEGER]) - [0]
2023-08-14 13:34:04.168 TRACE 8668 --- [    Test worker] o.h.type.descriptor.sql.BasicExtractor   : extracted value ([post_wri9_2_] : [VARCHAR]) - [자바]
2023-08-14 13:34:04.168 TRACE 8668 --- [    Test worker] o.h.type.descriptor.sql.BasicExtractor   : extracted value ([post_id1_2_] : [BIGINT]) - [386]
2023-08-14 13:34:04.168 TRACE 8668 --- [    Test worker] o.h.type.descriptor.sql.BasicExtractor   : extracted value ([board_id2_2_] : [BIGINT]) - [1]
2023-08-14 13:34:04.168 TRACE 8668 --- [    Test worker] o.h.type.descriptor.sql.BasicExtractor   : extracted value ([post_con3_2_] : [VARCHAR]) - [B6I8JQBvYK]
2023-08-14 13:34:04.168 TRACE 8668 --- [    Test worker] o.h.type.descriptor.sql.BasicExtractor   : extracted value ([post_cre4_2_] : [TIMESTAMP]) - [2023-08-14 13:29:19.576]
2023-08-14 13:34:04.168 TRACE 8668 --- [    Test worker] o.h.type.descriptor.sql.BasicExtractor   : extracted value ([post_sho5_2_] : [VARCHAR]) - [Y]
2023-08-14 13:34:04.168 TRACE 8668 --- [    Test worker] o.h.type.descriptor.sql.BasicExtractor   : extracted value ([post_tit6_2_] : [VARCHAR]) - [테스트 글 제목 184]
2023-08-14 13:34:04.168 TRACE 8668 --- [    Test worker] o.h.type.descriptor.sql.BasicExtractor   : extracted value ([post_upd7_2_] : [TIMESTAMP]) - [2023-08-14 13:29:19.576]
2023-08-14 13:34:04.168 TRACE 8668 --- [    Test worker] o.h.type.descriptor.sql.BasicExtractor   : extracted value ([post_vie8_2_] : [INTEGER]) - [0]
2023-08-14 13:34:04.168 TRACE 8668 --- [    Test worker] o.h.type.descriptor.sql.BasicExtractor   : extracted value ([post_wri9_2_] : [VARCHAR]) - [자바]
2023-08-14 13:34:04.168 TRACE 8668 --- [    Test worker] o.h.type.descriptor.sql.BasicExtractor   : extracted value ([post_id1_2_] : [BIGINT]) - [387]
2023-08-14 13:34:04.168 TRACE 8668 --- [    Test worker] o.h.type.descriptor.sql.BasicExtractor   : extracted value ([board_id2_2_] : [BIGINT]) - [1]
2023-08-14 13:34:04.168 TRACE 8668 --- [    Test worker] o.h.type.descriptor.sql.BasicExtractor   : extracted value ([post_con3_2_] : [VARCHAR]) - [5hPq2CtJUr]
2023-08-14 13:34:04.168 TRACE 8668 --- [    Test worker] o.h.type.descriptor.sql.BasicExtractor   : extracted value ([post_cre4_2_] : [TIMESTAMP]) - [2023-08-14 13:29:19.591]
2023-08-14 13:34:04.168 TRACE 8668 --- [    Test worker] o.h.type.descriptor.sql.BasicExtractor   : extracted value ([post_sho5_2_] : [VARCHAR]) - [Y]
2023-08-14 13:34:04.168 TRACE 8668 --- [    Test worker] o.h.type.descriptor.sql.BasicExtractor   : extracted value ([post_tit6_2_] : [VARCHAR]) - [테스트 글 제목 185]
2023-08-14 13:34:04.168 TRACE 8668 --- [    Test worker] o.h.type.descriptor.sql.BasicExtractor   : extracted value ([post_upd7_2_] : [TIMESTAMP]) - [2023-08-14 13:29:19.591]
2023-08-14 13:34:04.168 TRACE 8668 --- [    Test worker] o.h.type.descriptor.sql.BasicExtractor   : extracted value ([post_vie8_2_] : [INTEGER]) - [0]
2023-08-14 13:34:04.168 TRACE 8668 --- [    Test worker] o.h.type.descriptor.sql.BasicExtractor   : extracted value ([post_wri9_2_] : [VARCHAR]) - [자바]
2023-08-14 13:34:04.168 TRACE 8668 --- [    Test worker] o.h.type.descriptor.sql.BasicExtractor   : extracted value ([post_id1_2_] : [BIGINT]) - [388]
2023-08-14 13:34:04.168 TRACE 8668 --- [    Test worker] o.h.type.descriptor.sql.BasicExtractor   : extracted value ([board_id2_2_] : [BIGINT]) - [1]
2023-08-14 13:34:04.168 TRACE 8668 --- [    Test worker] o.h.type.descriptor.sql.BasicExtractor   : extracted value ([post_con3_2_] : [VARCHAR]) - [YSXX5Ovup6]
2023-08-14 13:34:04.168 TRACE 8668 --- [    Test worker] o.h.type.descriptor.sql.BasicExtractor   : extracted value ([post_cre4_2_] : [TIMESTAMP]) - [2023-08-14 13:29:19.591]
2023-08-14 13:34:04.168 TRACE 8668 --- [    Test worker] o.h.type.descriptor.sql.BasicExtractor   : extracted value ([post_sho5_2_] : [VARCHAR]) - [Y]
2023-08-14 13:34:04.168 TRACE 8668 --- [    Test worker] o.h.type.descriptor.sql.BasicExtractor   : extracted value ([post_tit6_2_] : [VARCHAR]) - [테스트 글 제목 186]
2023-08-14 13:34:04.168 TRACE 8668 --- [    Test worker] o.h.type.descriptor.sql.BasicExtractor   : extracted value ([post_upd7_2_] : [TIMESTAMP]) - [2023-08-14 13:29:19.591]
2023-08-14 13:34:04.168 TRACE 8668 --- [    Test worker] o.h.type.descriptor.sql.BasicExtractor   : extracted value ([post_vie8_2_] : [INTEGER]) - [0]
2023-08-14 13:34:04.168 TRACE 8668 --- [    Test worker] o.h.type.descriptor.sql.BasicExtractor   : extracted value ([post_wri9_2_] : [VARCHAR]) - [자바]
2023-08-14 13:34:04.168 TRACE 8668 --- [    Test worker] o.h.type.descriptor.sql.BasicExtractor   : extracted value ([post_id1_2_] : [BIGINT]) - [389]
2023-08-14 13:34:04.168 TRACE 8668 --- [    Test worker] o.h.type.descriptor.sql.BasicExtractor   : extracted value ([board_id2_2_] : [BIGINT]) - [1]
2023-08-14 13:34:04.168 TRACE 8668 --- [    Test worker] o.h.type.descriptor.sql.BasicExtractor   : extracted value ([post_con3_2_] : [VARCHAR]) - [yZwfDTk5fo]
2023-08-14 13:34:04.168 TRACE 8668 --- [    Test worker] o.h.type.descriptor.sql.BasicExtractor   : extracted value ([post_cre4_2_] : [TIMESTAMP]) - [2023-08-14 13:29:19.591]
2023-08-14 13:34:04.168 TRACE 8668 --- [    Test worker] o.h.type.descriptor.sql.BasicExtractor   : extracted value ([post_sho5_2_] : [VARCHAR]) - [Y]
2023-08-14 13:34:04.168 TRACE 8668 --- [    Test worker] o.h.type.descriptor.sql.BasicExtractor   : extracted value ([post_tit6_2_] : [VARCHAR]) - [테스트 글 제목 187]
2023-08-14 13:34:04.168 TRACE 8668 --- [    Test worker] o.h.type.descriptor.sql.BasicExtractor   : extracted value ([post_upd7_2_] : [TIMESTAMP]) - [2023-08-14 13:29:19.591]
2023-08-14 13:34:04.168 TRACE 8668 --- [    Test worker] o.h.type.descriptor.sql.BasicExtractor   : extracted value ([post_vie8_2_] : [INTEGER]) - [0]
2023-08-14 13:34:04.168 TRACE 8668 --- [    Test worker] o.h.type.descriptor.sql.BasicExtractor   : extracted value ([post_wri9_2_] : [VARCHAR]) - [자바]
2023-08-14 13:34:04.168 TRACE 8668 --- [    Test worker] o.h.type.descriptor.sql.BasicExtractor   : extracted value ([post_id1_2_] : [BIGINT]) - [390]
2023-08-14 13:34:04.168 TRACE 8668 --- [    Test worker] o.h.type.descriptor.sql.BasicExtractor   : extracted value ([board_id2_2_] : [BIGINT]) - [1]
2023-08-14 13:34:04.168 TRACE 8668 --- [    Test worker] o.h.type.descriptor.sql.BasicExtractor   : extracted value ([post_con3_2_] : [VARCHAR]) - [mRjwUBOjEa]
2023-08-14 13:34:04.168 TRACE 8668 --- [    Test worker] o.h.type.descriptor.sql.BasicExtractor   : extracted value ([post_cre4_2_] : [TIMESTAMP]) - [2023-08-14 13:29:19.591]
2023-08-14 13:34:04.168 TRACE 8668 --- [    Test worker] o.h.type.descriptor.sql.BasicExtractor   : extracted value ([post_sho5_2_] : [VARCHAR]) - [Y]
2023-08-14 13:34:04.168 TRACE 8668 --- [    Test worker] o.h.type.descriptor.sql.BasicExtractor   : extracted value ([post_tit6_2_] : [VARCHAR]) - [테스트 글 제목 188]
2023-08-14 13:34:04.168 TRACE 8668 --- [    Test worker] o.h.type.descriptor.sql.BasicExtractor   : extracted value ([post_upd7_2_] : [TIMESTAMP]) - [2023-08-14 13:29:19.591]
2023-08-14 13:34:04.168 TRACE 8668 --- [    Test worker] o.h.type.descriptor.sql.BasicExtractor   : extracted value ([post_vie8_2_] : [INTEGER]) - [0]
2023-08-14 13:34:04.168 TRACE 8668 --- [    Test worker] o.h.type.descriptor.sql.BasicExtractor   : extracted value ([post_wri9_2_] : [VARCHAR]) - [자바]
2023-08-14 13:34:04.168 TRACE 8668 --- [    Test worker] o.h.type.descriptor.sql.BasicExtractor   : extracted value ([post_id1_2_] : [BIGINT]) - [391]
2023-08-14 13:34:04.168 TRACE 8668 --- [    Test worker] o.h.type.descriptor.sql.BasicExtractor   : extracted value ([board_id2_2_] : [BIGINT]) - [1]
2023-08-14 13:34:04.168 TRACE 8668 --- [    Test worker] o.h.type.descriptor.sql.BasicExtractor   : extracted value ([post_con3_2_] : [VARCHAR]) - [GSK7Po1ZXl]
2023-08-14 13:34:04.168 TRACE 8668 --- [    Test worker] o.h.type.descriptor.sql.BasicExtractor   : extracted value ([post_cre4_2_] : [TIMESTAMP]) - [2023-08-14 13:29:19.591]
2023-08-14 13:34:04.168 TRACE 8668 --- [    Test worker] o.h.type.descriptor.sql.BasicExtractor   : extracted value ([post_sho5_2_] : [VARCHAR]) - [Y]
2023-08-14 13:34:04.168 TRACE 8668 --- [    Test worker] o.h.type.descriptor.sql.BasicExtractor   : extracted value ([post_tit6_2_] : [VARCHAR]) - [테스트 글 제목 189]
2023-08-14 13:34:04.168 TRACE 8668 --- [    Test worker] o.h.type.descriptor.sql.BasicExtractor   : extracted value ([post_upd7_2_] : [TIMESTAMP]) - [2023-08-14 13:29:19.591]
2023-08-14 13:34:04.168 TRACE 8668 --- [    Test worker] o.h.type.descriptor.sql.BasicExtractor   : extracted value ([post_vie8_2_] : [INTEGER]) - [0]
2023-08-14 13:34:04.168 TRACE 8668 --- [    Test worker] o.h.type.descriptor.sql.BasicExtractor   : extracted value ([post_wri9_2_] : [VARCHAR]) - [자바]
2023-08-14 13:34:04.168 TRACE 8668 --- [    Test worker] o.h.type.descriptor.sql.BasicExtractor   : extracted value ([post_id1_2_] : [BIGINT]) - [392]
2023-08-14 13:34:04.168 TRACE 8668 --- [    Test worker] o.h.type.descriptor.sql.BasicExtractor   : extracted value ([board_id2_2_] : [BIGINT]) - [1]
2023-08-14 13:34:04.168 TRACE 8668 --- [    Test worker] o.h.type.descriptor.sql.BasicExtractor   : extracted value ([post_con3_2_] : [VARCHAR]) - [jr0Wpx6RNH]
2023-08-14 13:34:04.168 TRACE 8668 --- [    Test worker] o.h.type.descriptor.sql.BasicExtractor   : extracted value ([post_cre4_2_] : [TIMESTAMP]) - [2023-08-14 13:29:19.591]
2023-08-14 13:34:04.168 TRACE 8668 --- [    Test worker] o.h.type.descriptor.sql.BasicExtractor   : extracted value ([post_sho5_2_] : [VARCHAR]) - [Y]
2023-08-14 13:34:04.168 TRACE 8668 --- [    Test worker] o.h.type.descriptor.sql.BasicExtractor   : extracted value ([post_tit6_2_] : [VARCHAR]) - [테스트 글 제목 190]
2023-08-14 13:34:04.168 TRACE 8668 --- [    Test worker] o.h.type.descriptor.sql.BasicExtractor   : extracted value ([post_upd7_2_] : [TIMESTAMP]) - [2023-08-14 13:29:19.591]
2023-08-14 13:34:04.168 TRACE 8668 --- [    Test worker] o.h.type.descriptor.sql.BasicExtractor   : extracted value ([post_vie8_2_] : [INTEGER]) - [0]
2023-08-14 13:34:04.168 TRACE 8668 --- [    Test worker] o.h.type.descriptor.sql.BasicExtractor   : extracted value ([post_wri9_2_] : [VARCHAR]) - [자바]
2023-08-14 13:34:04.168 TRACE 8668 --- [    Test worker] o.h.type.descriptor.sql.BasicExtractor   : extracted value ([post_id1_2_] : [BIGINT]) - [393]
2023-08-14 13:34:04.168 TRACE 8668 --- [    Test worker] o.h.type.descriptor.sql.BasicExtractor   : extracted value ([board_id2_2_] : [BIGINT]) - [1]
2023-08-14 13:34:04.168 TRACE 8668 --- [    Test worker] o.h.type.descriptor.sql.BasicExtractor   : extracted value ([post_con3_2_] : [VARCHAR]) - [5Mh06K6N6l]
2023-08-14 13:34:04.168 TRACE 8668 --- [    Test worker] o.h.type.descriptor.sql.BasicExtractor   : extracted value ([post_cre4_2_] : [TIMESTAMP]) - [2023-08-14 13:29:19.591]
2023-08-14 13:34:04.168 TRACE 8668 --- [    Test worker] o.h.type.descriptor.sql.BasicExtractor   : extracted value ([post_sho5_2_] : [VARCHAR]) - [Y]
2023-08-14 13:34:04.168 TRACE 8668 --- [    Test worker] o.h.type.descriptor.sql.BasicExtractor   : extracted value ([post_tit6_2_] : [VARCHAR]) - [테스트 글 제목 191]
2023-08-14 13:34:04.168 TRACE 8668 --- [    Test worker] o.h.type.descriptor.sql.BasicExtractor   : extracted value ([post_upd7_2_] : [TIMESTAMP]) - [2023-08-14 13:29:19.591]
2023-08-14 13:34:04.168 TRACE 8668 --- [    Test worker] o.h.type.descriptor.sql.BasicExtractor   : extracted value ([post_vie8_2_] : [INTEGER]) - [0]
2023-08-14 13:34:04.168 TRACE 8668 --- [    Test worker] o.h.type.descriptor.sql.BasicExtractor   : extracted value ([post_wri9_2_] : [VARCHAR]) - [자바]
2023-08-14 13:34:04.168 TRACE 8668 --- [    Test worker] o.h.type.descriptor.sql.BasicExtractor   : extracted value ([post_id1_2_] : [BIGINT]) - [394]
2023-08-14 13:34:04.168 TRACE 8668 --- [    Test worker] o.h.type.descriptor.sql.BasicExtractor   : extracted value ([board_id2_2_] : [BIGINT]) - [1]
2023-08-14 13:34:04.168 TRACE 8668 --- [    Test worker] o.h.type.descriptor.sql.BasicExtractor   : extracted value ([post_con3_2_] : [VARCHAR]) - [o5tFcuxsZt]
2023-08-14 13:34:04.168 TRACE 8668 --- [    Test worker] o.h.type.descriptor.sql.BasicExtractor   : extracted value ([post_cre4_2_] : [TIMESTAMP]) - [2023-08-14 13:29:19.591]
2023-08-14 13:34:04.168 TRACE 8668 --- [    Test worker] o.h.type.descriptor.sql.BasicExtractor   : extracted value ([post_sho5_2_] : [VARCHAR]) - [Y]
2023-08-14 13:34:04.168 TRACE 8668 --- [    Test worker] o.h.type.descriptor.sql.BasicExtractor   : extracted value ([post_tit6_2_] : [VARCHAR]) - [테스트 글 제목 192]
2023-08-14 13:34:04.168 TRACE 8668 --- [    Test worker] o.h.type.descriptor.sql.BasicExtractor   : extracted value ([post_upd7_2_] : [TIMESTAMP]) - [2023-08-14 13:29:19.591]
2023-08-14 13:34:04.168 TRACE 8668 --- [    Test worker] o.h.type.descriptor.sql.BasicExtractor   : extracted value ([post_vie8_2_] : [INTEGER]) - [0]
2023-08-14 13:34:04.168 TRACE 8668 --- [    Test worker] o.h.type.descriptor.sql.BasicExtractor   : extracted value ([post_wri9_2_] : [VARCHAR]) - [자바]
2023-08-14 13:34:04.168 TRACE 8668 --- [    Test worker] o.h.type.descriptor.sql.BasicExtractor   : extracted value ([post_id1_2_] : [BIGINT]) - [395]
2023-08-14 13:34:04.168 TRACE 8668 --- [    Test worker] o.h.type.descriptor.sql.BasicExtractor   : extracted value ([board_id2_2_] : [BIGINT]) - [1]
2023-08-14 13:34:04.168 TRACE 8668 --- [    Test worker] o.h.type.descriptor.sql.BasicExtractor   : extracted value ([post_con3_2_] : [VARCHAR]) - [VTTo7bKi7C]
2023-08-14 13:34:04.168 TRACE 8668 --- [    Test worker] o.h.type.descriptor.sql.BasicExtractor   : extracted value ([post_cre4_2_] : [TIMESTAMP]) - [2023-08-14 13:29:19.591]
2023-08-14 13:34:04.168 TRACE 8668 --- [    Test worker] o.h.type.descriptor.sql.BasicExtractor   : extracted value ([post_sho5_2_] : [VARCHAR]) - [Y]
2023-08-14 13:34:04.168 TRACE 8668 --- [    Test worker] o.h.type.descriptor.sql.BasicExtractor   : extracted value ([post_tit6_2_] : [VARCHAR]) - [테스트 글 제목 193]
2023-08-14 13:34:04.168 TRACE 8668 --- [    Test worker] o.h.type.descriptor.sql.BasicExtractor   : extracted value ([post_upd7_2_] : [TIMESTAMP]) - [2023-08-14 13:29:19.591]
2023-08-14 13:34:04.168 TRACE 8668 --- [    Test worker] o.h.type.descriptor.sql.BasicExtractor   : extracted value ([post_vie8_2_] : [INTEGER]) - [0]
2023-08-14 13:34:04.168 TRACE 8668 --- [    Test worker] o.h.type.descriptor.sql.BasicExtractor   : extracted value ([post_wri9_2_] : [VARCHAR]) - [자바]
2023-08-14 13:34:04.168 TRACE 8668 --- [    Test worker] o.h.type.descriptor.sql.BasicExtractor   : extracted value ([post_id1_2_] : [BIGINT]) - [396]
2023-08-14 13:34:04.168 TRACE 8668 --- [    Test worker] o.h.type.descriptor.sql.BasicExtractor   : extracted value ([board_id2_2_] : [BIGINT]) - [1]
2023-08-14 13:34:04.168 TRACE 8668 --- [    Test worker] o.h.type.descriptor.sql.BasicExtractor   : extracted value ([post_con3_2_] : [VARCHAR]) - [RPyosLAHle]
2023-08-14 13:34:04.168 TRACE 8668 --- [    Test worker] o.h.type.descriptor.sql.BasicExtractor   : extracted value ([post_cre4_2_] : [TIMESTAMP]) - [2023-08-14 13:29:19.607]
2023-08-14 13:34:04.168 TRACE 8668 --- [    Test worker] o.h.type.descriptor.sql.BasicExtractor   : extracted value ([post_sho5_2_] : [VARCHAR]) - [Y]
2023-08-14 13:34:04.168 TRACE 8668 --- [    Test worker] o.h.type.descriptor.sql.BasicExtractor   : extracted value ([post_tit6_2_] : [VARCHAR]) - [테스트 글 제목 194]
2023-08-14 13:34:04.168 TRACE 8668 --- [    Test worker] o.h.type.descriptor.sql.BasicExtractor   : extracted value ([post_upd7_2_] : [TIMESTAMP]) - [2023-08-14 13:29:19.607]
2023-08-14 13:34:04.168 TRACE 8668 --- [    Test worker] o.h.type.descriptor.sql.BasicExtractor   : extracted value ([post_vie8_2_] : [INTEGER]) - [0]
2023-08-14 13:34:04.168 TRACE 8668 --- [    Test worker] o.h.type.descriptor.sql.BasicExtractor   : extracted value ([post_wri9_2_] : [VARCHAR]) - [자바]
2023-08-14 13:34:04.168 TRACE 8668 --- [    Test worker] o.h.type.descriptor.sql.BasicExtractor   : extracted value ([post_id1_2_] : [BIGINT]) - [397]
2023-08-14 13:34:04.168 TRACE 8668 --- [    Test worker] o.h.type.descriptor.sql.BasicExtractor   : extracted value ([board_id2_2_] : [BIGINT]) - [1]
2023-08-14 13:34:04.168 TRACE 8668 --- [    Test worker] o.h.type.descriptor.sql.BasicExtractor   : extracted value ([post_con3_2_] : [VARCHAR]) - [Mi9cRoLQ1K]
2023-08-14 13:34:04.168 TRACE 8668 --- [    Test worker] o.h.type.descriptor.sql.BasicExtractor   : extracted value ([post_cre4_2_] : [TIMESTAMP]) - [2023-08-14 13:29:19.607]
2023-08-14 13:34:04.168 TRACE 8668 --- [    Test worker] o.h.type.descriptor.sql.BasicExtractor   : extracted value ([post_sho5_2_] : [VARCHAR]) - [Y]
2023-08-14 13:34:04.168 TRACE 8668 --- [    Test worker] o.h.type.descriptor.sql.BasicExtractor   : extracted value ([post_tit6_2_] : [VARCHAR]) - [테스트 글 제목 195]
2023-08-14 13:34:04.168 TRACE 8668 --- [    Test worker] o.h.type.descriptor.sql.BasicExtractor   : extracted value ([post_upd7_2_] : [TIMESTAMP]) - [2023-08-14 13:29:19.607]
2023-08-14 13:34:04.168 TRACE 8668 --- [    Test worker] o.h.type.descriptor.sql.BasicExtractor   : extracted value ([post_vie8_2_] : [INTEGER]) - [0]
2023-08-14 13:34:04.168 TRACE 8668 --- [    Test worker] o.h.type.descriptor.sql.BasicExtractor   : extracted value ([post_wri9_2_] : [VARCHAR]) - [자바]
2023-08-14 13:34:04.168 TRACE 8668 --- [    Test worker] o.h.type.descriptor.sql.BasicExtractor   : extracted value ([post_id1_2_] : [BIGINT]) - [398]
2023-08-14 13:34:04.168 TRACE 8668 --- [    Test worker] o.h.type.descriptor.sql.BasicExtractor   : extracted value ([board_id2_2_] : [BIGINT]) - [1]
2023-08-14 13:34:04.168 TRACE 8668 --- [    Test worker] o.h.type.descriptor.sql.BasicExtractor   : extracted value ([post_con3_2_] : [VARCHAR]) - [MCOgJjyXcr]
2023-08-14 13:34:04.168 TRACE 8668 --- [    Test worker] o.h.type.descriptor.sql.BasicExtractor   : extracted value ([post_cre4_2_] : [TIMESTAMP]) - [2023-08-14 13:29:19.607]
2023-08-14 13:34:04.168 TRACE 8668 --- [    Test worker] o.h.type.descriptor.sql.BasicExtractor   : extracted value ([post_sho5_2_] : [VARCHAR]) - [Y]
2023-08-14 13:34:04.168 TRACE 8668 --- [    Test worker] o.h.type.descriptor.sql.BasicExtractor   : extracted value ([post_tit6_2_] : [VARCHAR]) - [테스트 글 제목 196]
2023-08-14 13:34:04.168 TRACE 8668 --- [    Test worker] o.h.type.descriptor.sql.BasicExtractor   : extracted value ([post_upd7_2_] : [TIMESTAMP]) - [2023-08-14 13:29:19.607]
2023-08-14 13:34:04.168 TRACE 8668 --- [    Test worker] o.h.type.descriptor.sql.BasicExtractor   : extracted value ([post_vie8_2_] : [INTEGER]) - [0]
2023-08-14 13:34:04.168 TRACE 8668 --- [    Test worker] o.h.type.descriptor.sql.BasicExtractor   : extracted value ([post_wri9_2_] : [VARCHAR]) - [자바]
2023-08-14 13:34:04.168 TRACE 8668 --- [    Test worker] o.h.type.descriptor.sql.BasicExtractor   : extracted value ([post_id1_2_] : [BIGINT]) - [399]
2023-08-14 13:34:04.168 TRACE 8668 --- [    Test worker] o.h.type.descriptor.sql.BasicExtractor   : extracted value ([board_id2_2_] : [BIGINT]) - [1]
2023-08-14 13:34:04.168 TRACE 8668 --- [    Test worker] o.h.type.descriptor.sql.BasicExtractor   : extracted value ([post_con3_2_] : [VARCHAR]) - [YYsEY2LZhu]
2023-08-14 13:34:04.168 TRACE 8668 --- [    Test worker] o.h.type.descriptor.sql.BasicExtractor   : extracted value ([post_cre4_2_] : [TIMESTAMP]) - [2023-08-14 13:29:19.607]
2023-08-14 13:34:04.168 TRACE 8668 --- [    Test worker] o.h.type.descriptor.sql.BasicExtractor   : extracted value ([post_sho5_2_] : [VARCHAR]) - [Y]
2023-08-14 13:34:04.168 TRACE 8668 --- [    Test worker] o.h.type.descriptor.sql.BasicExtractor   : extracted value ([post_tit6_2_] : [VARCHAR]) - [테스트 글 제목 197]
2023-08-14 13:34:04.168 TRACE 8668 --- [    Test worker] o.h.type.descriptor.sql.BasicExtractor   : extracted value ([post_upd7_2_] : [TIMESTAMP]) - [2023-08-14 13:29:19.607]
2023-08-14 13:34:04.168 TRACE 8668 --- [    Test worker] o.h.type.descriptor.sql.BasicExtractor   : extracted value ([post_vie8_2_] : [INTEGER]) - [0]
2023-08-14 13:34:04.168 TRACE 8668 --- [    Test worker] o.h.type.descriptor.sql.BasicExtractor   : extracted value ([post_wri9_2_] : [VARCHAR]) - [자바]
2023-08-14 13:34:04.168 TRACE 8668 --- [    Test worker] o.h.type.descriptor.sql.BasicExtractor   : extracted value ([post_id1_2_] : [BIGINT]) - [400]
2023-08-14 13:34:04.168 TRACE 8668 --- [    Test worker] o.h.type.descriptor.sql.BasicExtractor   : extracted value ([board_id2_2_] : [BIGINT]) - [1]
2023-08-14 13:34:04.168 TRACE 8668 --- [    Test worker] o.h.type.descriptor.sql.BasicExtractor   : extracted value ([post_con3_2_] : [VARCHAR]) - [FbFJ3A089D]
2023-08-14 13:34:04.168 TRACE 8668 --- [    Test worker] o.h.type.descriptor.sql.BasicExtractor   : extracted value ([post_cre4_2_] : [TIMESTAMP]) - [2023-08-14 13:29:19.607]
2023-08-14 13:34:04.168 TRACE 8668 --- [    Test worker] o.h.type.descriptor.sql.BasicExtractor   : extracted value ([post_sho5_2_] : [VARCHAR]) - [Y]
2023-08-14 13:34:04.168 TRACE 8668 --- [    Test worker] o.h.type.descriptor.sql.BasicExtractor   : extracted value ([post_tit6_2_] : [VARCHAR]) - [테스트 글 제목 198]
2023-08-14 13:34:04.168 TRACE 8668 --- [    Test worker] o.h.type.descriptor.sql.BasicExtractor   : extracted value ([post_upd7_2_] : [TIMESTAMP]) - [2023-08-14 13:29:19.607]
2023-08-14 13:34:04.168 TRACE 8668 --- [    Test worker] o.h.type.descriptor.sql.BasicExtractor   : extracted value ([post_vie8_2_] : [INTEGER]) - [0]
2023-08-14 13:34:04.168 TRACE 8668 --- [    Test worker] o.h.type.descriptor.sql.BasicExtractor   : extracted value ([post_wri9_2_] : [VARCHAR]) - [자바]
2023-08-14 13:34:04.168 TRACE 8668 --- [    Test worker] o.h.type.descriptor.sql.BasicExtractor   : extracted value ([post_id1_2_] : [BIGINT]) - [401]
2023-08-14 13:34:04.168 TRACE 8668 --- [    Test worker] o.h.type.descriptor.sql.BasicExtractor   : extracted value ([board_id2_2_] : [BIGINT]) - [1]
2023-08-14 13:34:04.168 TRACE 8668 --- [    Test worker] o.h.type.descriptor.sql.BasicExtractor   : extracted value ([post_con3_2_] : [VARCHAR]) - [Jr6r88SmDK]
2023-08-14 13:34:04.168 TRACE 8668 --- [    Test worker] o.h.type.descriptor.sql.BasicExtractor   : extracted value ([post_cre4_2_] : [TIMESTAMP]) - [2023-08-14 13:29:19.607]
2023-08-14 13:34:04.168 TRACE 8668 --- [    Test worker] o.h.type.descriptor.sql.BasicExtractor   : extracted value ([post_sho5_2_] : [VARCHAR]) - [Y]
2023-08-14 13:34:04.168 TRACE 8668 --- [    Test worker] o.h.type.descriptor.sql.BasicExtractor   : extracted value ([post_tit6_2_] : [VARCHAR]) - [테스트 글 제목 199]
2023-08-14 13:34:04.168 TRACE 8668 --- [    Test worker] o.h.type.descriptor.sql.BasicExtractor   : extracted value ([post_upd7_2_] : [TIMESTAMP]) - [2023-08-14 13:29:19.607]
2023-08-14 13:34:04.168 TRACE 8668 --- [    Test worker] o.h.type.descriptor.sql.BasicExtractor   : extracted value ([post_vie8_2_] : [INTEGER]) - [0]
2023-08-14 13:34:04.168 TRACE 8668 --- [    Test worker] o.h.type.descriptor.sql.BasicExtractor   : extracted value ([post_wri9_2_] : [VARCHAR]) - [자바]
2023-08-14 13:34:04.168 TRACE 8668 --- [    Test worker] o.h.type.descriptor.sql.BasicExtractor   : extracted value ([post_id1_2_] : [BIGINT]) - [402]
2023-08-14 13:34:04.168 TRACE 8668 --- [    Test worker] o.h.type.descriptor.sql.BasicExtractor   : extracted value ([board_id2_2_] : [BIGINT]) - [1]
2023-08-14 13:34:04.168 TRACE 8668 --- [    Test worker] o.h.type.descriptor.sql.BasicExtractor   : extracted value ([post_con3_2_] : [VARCHAR]) - [bpWuEGoFQ9]
2023-08-14 13:34:04.168 TRACE 8668 --- [    Test worker] o.h.type.descriptor.sql.BasicExtractor   : extracted value ([post_cre4_2_] : [TIMESTAMP]) - [2023-08-14 13:29:19.607]
2023-08-14 13:34:04.168 TRACE 8668 --- [    Test worker] o.h.type.descriptor.sql.BasicExtractor   : extracted value ([post_sho5_2_] : [VARCHAR]) - [Y]
2023-08-14 13:34:04.168 TRACE 8668 --- [    Test worker] o.h.type.descriptor.sql.BasicExtractor   : extracted value ([post_tit6_2_] : [VARCHAR]) - [테스트 글 제목 200]
2023-08-14 13:34:04.168 TRACE 8668 --- [    Test worker] o.h.type.descriptor.sql.BasicExtractor   : extracted value ([post_upd7_2_] : [TIMESTAMP]) - [2023-08-14 13:29:19.607]
2023-08-14 13:34:04.168 TRACE 8668 --- [    Test worker] o.h.type.descriptor.sql.BasicExtractor   : extracted value ([post_vie8_2_] : [INTEGER]) - [0]
2023-08-14 13:34:04.168 TRACE 8668 --- [    Test worker] o.h.type.descriptor.sql.BasicExtractor   : extracted value ([post_wri9_2_] : [VARCHAR]) - [자바]
Post(postId=3, boardId=1, postTitle=테스트 글 제목 2, postContent=l5fVLfq1ec, postShowYN=Y, postWriter=자바, postViewCount=0, postCreateDate=2023-08-14 11:35:13.349, postUpdateDate=2023-08-14 11:35:13.349)
Post(postId=4, boardId=1, postTitle=테스트 글 제목 3, postContent=Q7oviAmPj6, postShowYN=Y, postWriter=자바, postViewCount=0, postCreateDate=2023-08-14 11:35:13.349, postUpdateDate=2023-08-14 11:35:13.349)
Post(postId=5, boardId=1, postTitle=테스트 글 제목 4, postContent=CBGAO9Kt0V, postShowYN=Y, postWriter=자바, postViewCount=0, postCreateDate=2023-08-14 11:35:13.349, postUpdateDate=2023-08-14 11:35:13.349)
Post(postId=6, boardId=1, postTitle=테스트 글 제목 5, postContent=sfaRicGFhc, postShowYN=Y, postWriter=자바, postViewCount=0, postCreateDate=2023-08-14 11:35:13.349, postUpdateDate=2023-08-14 11:35:13.349)
Post(postId=7, boardId=1, postTitle=테스트 글 제목 6, postContent=2r1rOcj2mC, postShowYN=Y, postWriter=자바, postViewCount=0, postCreateDate=2023-08-14 11:35:13.349, postUpdateDate=2023-08-14 11:35:13.349)
Post(postId=8, boardId=1, postTitle=테스트 글 제목 7, postContent=PDpWudJKSx, postShowYN=Y, postWriter=자바, postViewCount=0, postCreateDate=2023-08-14 11:35:13.349, postUpdateDate=2023-08-14 11:35:13.349)
Post(postId=9, boardId=1, postTitle=테스트 글 제목 8, postContent=p3qMpz7id3, postShowYN=Y, postWriter=자바, postViewCount=0, postCreateDate=2023-08-14 11:35:13.364, postUpdateDate=2023-08-14 11:35:13.364)
Post(postId=10, boardId=1, postTitle=테스트 글 제목 9, postContent=t4kEm9HUxA, postShowYN=Y, postWriter=자바, postViewCount=0, postCreateDate=2023-08-14 11:35:13.364, postUpdateDate=2023-08-14 11:35:13.364)
Post(postId=11, boardId=1, postTitle=테스트 글 제목 10, postContent=bmgWcMaCYF, postShowYN=Y, postWriter=자바, postViewCount=0, postCreateDate=2023-08-14 11:35:13.364, postUpdateDate=2023-08-14 11:35:13.364)
Post(postId=12, boardId=1, postTitle=테스트 글 제목 11, postContent=XedKswfiGU, postShowYN=Y, postWriter=자바, postViewCount=0, postCreateDate=2023-08-14 11:35:13.364, postUpdateDate=2023-08-14 11:35:13.364)
Post(postId=13, boardId=1, postTitle=테스트 글 제목 12, postContent=yXqusGg5nH, postShowYN=Y, postWriter=자바, postViewCount=0, postCreateDate=2023-08-14 11:35:13.364, postUpdateDate=2023-08-14 11:35:13.364)
Post(postId=14, boardId=1, postTitle=테스트 글 제목 13, postContent=0Bhmnq70gQ, postShowYN=Y, postWriter=자바, postViewCount=0, postCreateDate=2023-08-14 11:35:13.364, postUpdateDate=2023-08-14 11:35:13.364)
Post(postId=15, boardId=1, postTitle=테스트 글 제목 14, postContent=WwlxgRSuzb, postShowYN=Y, postWriter=자바, postViewCount=0, postCreateDate=2023-08-14 11:35:13.364, postUpdateDate=2023-08-14 11:35:13.364)
Post(postId=16, boardId=1, postTitle=테스트 글 제목 15, postContent=YZjvcIVrpo, postShowYN=Y, postWriter=자바, postViewCount=0, postCreateDate=2023-08-14 11:35:13.38, postUpdateDate=2023-08-14 11:35:13.38)
Post(postId=17, boardId=1, postTitle=테스트 글 제목 16, postContent=FRGPad7tuY, postShowYN=Y, postWriter=자바, postViewCount=0, postCreateDate=2023-08-14 11:35:13.38, postUpdateDate=2023-08-14 11:35:13.38)
Post(postId=18, boardId=1, postTitle=테스트 글 제목 17, postContent=U4zsVKEdyI, postShowYN=Y, postWriter=자바, postViewCount=0, postCreateDate=2023-08-14 11:35:13.38, postUpdateDate=2023-08-14 11:35:13.38)
Post(postId=19, boardId=1, postTitle=테스트 글 제목 18, postContent=7za6tlf6RZ, postShowYN=Y, postWriter=자바, postViewCount=0, postCreateDate=2023-08-14 11:35:13.38, postUpdateDate=2023-08-14 11:35:13.38)
Post(postId=20, boardId=1, postTitle=테스트 글 제목 19, postContent=wMtpEI1N8M, postShowYN=Y, postWriter=자바, postViewCount=0, postCreateDate=2023-08-14 11:35:13.38, postUpdateDate=2023-08-14 11:35:13.38)
Post(postId=21, boardId=1, postTitle=테스트 글 제목 20, postContent=uiGRKlwsqW, postShowYN=Y, postWriter=자바, postViewCount=0, postCreateDate=2023-08-14 11:35:13.396, postUpdateDate=2023-08-14 11:35:13.396)
Post(postId=22, boardId=1, postTitle=테스트 글 제목 21, postContent=Z2aJ9hPxHk, postShowYN=Y, postWriter=자바, postViewCount=0, postCreateDate=2023-08-14 11:35:13.396, postUpdateDate=2023-08-14 11:35:13.396)
Post(postId=23, boardId=1, postTitle=테스트 글 제목 22, postContent=nlA4Ha8rTI, postShowYN=Y, postWriter=자바, postViewCount=0, postCreateDate=2023-08-14 11:35:13.396, postUpdateDate=2023-08-14 11:35:13.396)
Post(postId=24, boardId=1, postTitle=테스트 글 제목 23, postContent=34QwoQ4rDn, postShowYN=Y, postWriter=자바, postViewCount=0, postCreateDate=2023-08-14 11:35:13.396, postUpdateDate=2023-08-14 11:35:13.396)
Post(postId=25, boardId=1, postTitle=테스트 글 제목 24, postContent=qW90gEGLxu, postShowYN=Y, postWriter=자바, postViewCount=0, postCreateDate=2023-08-14 11:35:13.396, postUpdateDate=2023-08-14 11:35:13.396)
Post(postId=26, boardId=1, postTitle=테스트 글 제목 25, postContent=tGjqBohzgB, postShowYN=Y, postWriter=자바, postViewCount=0, postCreateDate=2023-08-14 11:35:13.396, postUpdateDate=2023-08-14 11:35:13.396)
Post(postId=27, boardId=1, postTitle=테스트 글 제목 26, postContent=kCzAQsw4xG, postShowYN=Y, postWriter=자바, postViewCount=0, postCreateDate=2023-08-14 11:35:13.396, postUpdateDate=2023-08-14 11:35:13.396)
Post(postId=28, boardId=1, postTitle=테스트 글 제목 27, postContent=cDJ7HVkaT8, postShowYN=Y, postWriter=자바, postViewCount=0, postCreateDate=2023-08-14 11:35:13.396, postUpdateDate=2023-08-14 11:35:13.396)
Post(postId=29, boardId=1, postTitle=테스트 글 제목 28, postContent=DpnvhZIJVm, postShowYN=Y, postWriter=자바, postViewCount=0, postCreateDate=2023-08-14 11:35:13.411, postUpdateDate=2023-08-14 11:35:13.411)
Post(postId=30, boardId=1, postTitle=테스트 글 제목 29, postContent=3sU15G25sJ, postShowYN=Y, postWriter=자바, postViewCount=0, postCreateDate=2023-08-14 11:35:13.411, postUpdateDate=2023-08-14 11:35:13.411)
Post(postId=31, boardId=1, postTitle=테스트 글 제목 30, postContent=OSuGLUQu7v, postShowYN=Y, postWriter=자바, postViewCount=0, postCreateDate=2023-08-14 11:35:13.411, postUpdateDate=2023-08-14 11:35:13.411)
Post(postId=32, boardId=1, postTitle=테스트 글 제목 31, postContent=HkNAATnVVI, postShowYN=Y, postWriter=자바, postViewCount=0, postCreateDate=2023-08-14 11:35:13.411, postUpdateDate=2023-08-14 11:35:13.411)
Post(postId=33, boardId=1, postTitle=테스트 글 제목 32, postContent=WX6X64YiyA, postShowYN=Y, postWriter=자바, postViewCount=0, postCreateDate=2023-08-14 11:35:13.411, postUpdateDate=2023-08-14 11:35:13.411)
Post(postId=34, boardId=1, postTitle=테스트 글 제목 33, postContent=m5Fg2WjYzY, postShowYN=Y, postWriter=자바, postViewCount=0, postCreateDate=2023-08-14 11:35:13.411, postUpdateDate=2023-08-14 11:35:13.411)
Post(postId=35, boardId=1, postTitle=테스트 글 제목 34, postContent=ddnYI1gHob, postShowYN=Y, postWriter=자바, postViewCount=0, postCreateDate=2023-08-14 11:35:13.427, postUpdateDate=2023-08-14 11:35:13.427)
Post(postId=36, boardId=1, postTitle=테스트 글 제목 35, postContent=y1QeRuFLUf, postShowYN=Y, postWriter=자바, postViewCount=0, postCreateDate=2023-08-14 11:35:13.427, postUpdateDate=2023-08-14 11:35:13.427)
Post(postId=37, boardId=1, postTitle=테스트 글 제목 36, postContent=oFKi9TS5rq, postShowYN=Y, postWriter=자바, postViewCount=0, postCreateDate=2023-08-14 11:35:13.427, postUpdateDate=2023-08-14 11:35:13.427)
Post(postId=38, boardId=1, postTitle=테스트 글 제목 37, postContent=5v3p4RncbR, postShowYN=Y, postWriter=자바, postViewCount=0, postCreateDate=2023-08-14 11:35:13.427, postUpdateDate=2023-08-14 11:35:13.427)
Post(postId=39, boardId=1, postTitle=테스트 글 제목 38, postContent=BmuH4vJAW9, postShowYN=Y, postWriter=자바, postViewCount=0, postCreateDate=2023-08-14 11:35:13.427, postUpdateDate=2023-08-14 11:35:13.427)
Post(postId=40, boardId=1, postTitle=테스트 글 제목 39, postContent=onTGJ4XqPg, postShowYN=Y, postWriter=자바, postViewCount=0, postCreateDate=2023-08-14 11:35:13.427, postUpdateDate=2023-08-14 11:35:13.427)
Post(postId=41, boardId=1, postTitle=테스트 글 제목 40, postContent=kfTSQxaEwu, postShowYN=Y, postWriter=자바, postViewCount=0, postCreateDate=2023-08-14 11:35:13.427, postUpdateDate=2023-08-14 11:35:13.427)
Post(postId=42, boardId=1, postTitle=테스트 글 제목 41, postContent=O83VRcLzS1, postShowYN=Y, postWriter=자바, postViewCount=0, postCreateDate=2023-08-14 11:35:13.427, postUpdateDate=2023-08-14 11:35:13.427)
Post(postId=43, boardId=1, postTitle=테스트 글 제목 42, postContent=Ip1uZ71glb, postShowYN=Y, postWriter=자바, postViewCount=0, postCreateDate=2023-08-14 11:35:13.443, postUpdateDate=2023-08-14 11:35:13.443)
Post(postId=44, boardId=1, postTitle=테스트 글 제목 43, postContent=CYhYdW0jDx, postShowYN=Y, postWriter=자바, postViewCount=0, postCreateDate=2023-08-14 11:35:13.443, postUpdateDate=2023-08-14 11:35:13.443)
Post(postId=45, boardId=1, postTitle=테스트 글 제목 44, postContent=Kat6jvgU1R, postShowYN=Y, postWriter=자바, postViewCount=0, postCreateDate=2023-08-14 11:35:13.443, postUpdateDate=2023-08-14 11:35:13.443)
Post(postId=46, boardId=1, postTitle=테스트 글 제목 45, postContent=SmLJXnZmby, postShowYN=Y, postWriter=자바, postViewCount=0, postCreateDate=2023-08-14 11:35:13.443, postUpdateDate=2023-08-14 11:35:13.443)
Post(postId=47, boardId=1, postTitle=테스트 글 제목 46, postContent=avRxqkpzvI, postShowYN=Y, postWriter=자바, postViewCount=0, postCreateDate=2023-08-14 11:35:13.443, postUpdateDate=2023-08-14 11:35:13.443)
Post(postId=48, boardId=1, postTitle=테스트 글 제목 47, postContent=Sm9K5jBJ5F, postShowYN=Y, postWriter=자바, postViewCount=0, postCreateDate=2023-08-14 11:35:13.443, postUpdateDate=2023-08-14 11:35:13.443)
Post(postId=49, boardId=1, postTitle=테스트 글 제목 48, postContent=oCKNEp1lCd, postShowYN=Y, postWriter=자바, postViewCount=0, postCreateDate=2023-08-14 11:35:13.443, postUpdateDate=2023-08-14 11:35:13.443)
Post(postId=50, boardId=1, postTitle=테스트 글 제목 49, postContent=MkhQxlqMGf, postShowYN=Y, postWriter=자바, postViewCount=0, postCreateDate=2023-08-14 11:35:13.443, postUpdateDate=2023-08-14 11:35:13.443)
Post(postId=51, boardId=1, postTitle=테스트 글 제목 50, postContent=TYhZ5rnm2c, postShowYN=Y, postWriter=자바, postViewCount=0, postCreateDate=2023-08-14 11:35:13.443, postUpdateDate=2023-08-14 11:35:13.443)
Post(postId=52, boardId=1, postTitle=테스트 글 제목 51, postContent=3lbltmpdLp, postShowYN=Y, postWriter=자바, postViewCount=0, postCreateDate=2023-08-14 11:35:13.458, postUpdateDate=2023-08-14 11:35:13.458)
Post(postId=53, boardId=1, postTitle=테스트 글 제목 52, postContent=OkY1kTiQD3, postShowYN=Y, postWriter=자바, postViewCount=0, postCreateDate=2023-08-14 11:35:13.458, postUpdateDate=2023-08-14 11:35:13.458)
Post(postId=54, boardId=1, postTitle=테스트 글 제목 53, postContent=wO4aCrIuoN, postShowYN=Y, postWriter=자바, postViewCount=0, postCreateDate=2023-08-14 11:35:13.458, postUpdateDate=2023-08-14 11:35:13.458)
Post(postId=55, boardId=1, postTitle=테스트 글 제목 54, postContent=NYNRVXNdn9, postShowYN=Y, postWriter=자바, postViewCount=0, postCreateDate=2023-08-14 11:35:13.458, postUpdateDate=2023-08-14 11:35:13.458)
Post(postId=56, boardId=1, postTitle=테스트 글 제목 55, postContent=SycriCVooR, postShowYN=Y, postWriter=자바, postViewCount=0, postCreateDate=2023-08-14 11:35:13.458, postUpdateDate=2023-08-14 11:35:13.458)
Post(postId=57, boardId=1, postTitle=테스트 글 제목 56, postContent=3IjXAATD7n, postShowYN=Y, postWriter=자바, postViewCount=0, postCreateDate=2023-08-14 11:35:13.458, postUpdateDate=2023-08-14 11:35:13.458)
Post(postId=58, boardId=1, postTitle=테스트 글 제목 57, postContent=yHb3rmte95, postShowYN=Y, postWriter=자바, postViewCount=0, postCreateDate=2023-08-14 11:35:13.458, postUpdateDate=2023-08-14 11:35:13.458)
Post(postId=59, boardId=1, postTitle=테스트 글 제목 58, postContent=kwmS2J1Jma, postShowYN=Y, postWriter=자바, postViewCount=0, postCreateDate=2023-08-14 11:35:13.474, postUpdateDate=2023-08-14 11:35:13.474)
Post(postId=60, boardId=1, postTitle=테스트 글 제목 59, postContent=GlboEC4HIT, postShowYN=Y, postWriter=자바, postViewCount=0, postCreateDate=2023-08-14 11:35:13.474, postUpdateDate=2023-08-14 11:35:13.474)
Post(postId=61, boardId=1, postTitle=테스트 글 제목 60, postContent=upqXUwEoYn, postShowYN=Y, postWriter=자바, postViewCount=0, postCreateDate=2023-08-14 11:35:13.474, postUpdateDate=2023-08-14 11:35:13.474)
Post(postId=62, boardId=1, postTitle=테스트 글 제목 61, postContent=zYwrp1RaIC, postShowYN=Y, postWriter=자바, postViewCount=0, postCreateDate=2023-08-14 11:35:13.474, postUpdateDate=2023-08-14 11:35:13.474)
Post(postId=63, boardId=1, postTitle=테스트 글 제목 62, postContent=pQHUngCT4V, postShowYN=Y, postWriter=자바, postViewCount=0, postCreateDate=2023-08-14 11:35:13.474, postUpdateDate=2023-08-14 11:35:13.474)
Post(postId=64, boardId=1, postTitle=테스트 글 제목 63, postContent=6TN0iwpZ8c, postShowYN=Y, postWriter=자바, postViewCount=0, postCreateDate=2023-08-14 11:35:13.474, postUpdateDate=2023-08-14 11:35:13.474)
Post(postId=65, boardId=1, postTitle=테스트 글 제목 64, postContent=SXdaaWqCgx, postShowYN=Y, postWriter=자바, postViewCount=0, postCreateDate=2023-08-14 11:35:13.474, postUpdateDate=2023-08-14 11:35:13.474)
Post(postId=66, boardId=1, postTitle=테스트 글 제목 65, postContent=hIfRTMArrr, postShowYN=Y, postWriter=자바, postViewCount=0, postCreateDate=2023-08-14 11:35:13.489, postUpdateDate=2023-08-14 11:35:13.489)
Post(postId=67, boardId=1, postTitle=테스트 글 제목 66, postContent=4uyBVqGo5e, postShowYN=Y, postWriter=자바, postViewCount=0, postCreateDate=2023-08-14 11:35:13.489, postUpdateDate=2023-08-14 11:35:13.489)
Post(postId=68, boardId=1, postTitle=테스트 글 제목 67, postContent=lQJbHFSpQa, postShowYN=Y, postWriter=자바, postViewCount=0, postCreateDate=2023-08-14 11:35:13.489, postUpdateDate=2023-08-14 11:35:13.489)
Post(postId=69, boardId=1, postTitle=테스트 글 제목 68, postContent=pBicahBEWm, postShowYN=Y, postWriter=자바, postViewCount=0, postCreateDate=2023-08-14 11:35:13.489, postUpdateDate=2023-08-14 11:35:13.489)
Post(postId=70, boardId=1, postTitle=테스트 글 제목 69, postContent=b6UBPSUixA, postShowYN=Y, postWriter=자바, postViewCount=0, postCreateDate=2023-08-14 11:35:13.489, postUpdateDate=2023-08-14 11:35:13.489)
Post(postId=71, boardId=1, postTitle=테스트 글 제목 70, postContent=eDlFMLqvcG, postShowYN=Y, postWriter=자바, postViewCount=0, postCreateDate=2023-08-14 11:35:13.489, postUpdateDate=2023-08-14 11:35:13.489)
Post(postId=72, boardId=1, postTitle=테스트 글 제목 71, postContent=stkcGzZ7S7, postShowYN=Y, postWriter=자바, postViewCount=0, postCreateDate=2023-08-14 11:35:13.489, postUpdateDate=2023-08-14 11:35:13.489)
Post(postId=73, boardId=1, postTitle=테스트 글 제목 72, postContent=TCuZYj2x8u, postShowYN=Y, postWriter=자바, postViewCount=0, postCreateDate=2023-08-14 11:35:13.489, postUpdateDate=2023-08-14 11:35:13.489)
Post(postId=74, boardId=1, postTitle=테스트 글 제목 73, postContent=0GMDd568SM, postShowYN=Y, postWriter=자바, postViewCount=0, postCreateDate=2023-08-14 11:35:13.489, postUpdateDate=2023-08-14 11:35:13.489)
Post(postId=75, boardId=1, postTitle=테스트 글 제목 74, postContent=QEp6VupVQE, postShowYN=Y, postWriter=자바, postViewCount=0, postCreateDate=2023-08-14 11:35:13.505, postUpdateDate=2023-08-14 11:35:13.505)
Post(postId=76, boardId=1, postTitle=테스트 글 제목 75, postContent=dfbYuSmwv2, postShowYN=Y, postWriter=자바, postViewCount=0, postCreateDate=2023-08-14 11:35:13.505, postUpdateDate=2023-08-14 11:35:13.505)
Post(postId=77, boardId=1, postTitle=테스트 글 제목 76, postContent=Xtkk8y3a6l, postShowYN=Y, postWriter=자바, postViewCount=0, postCreateDate=2023-08-14 11:35:13.505, postUpdateDate=2023-08-14 11:35:13.505)
Post(postId=78, boardId=1, postTitle=테스트 글 제목 77, postContent=gc4AIVtfkZ, postShowYN=Y, postWriter=자바, postViewCount=0, postCreateDate=2023-08-14 11:35:13.505, postUpdateDate=2023-08-14 11:35:13.505)
Post(postId=79, boardId=1, postTitle=테스트 글 제목 78, postContent=6IibcXyC5K, postShowYN=Y, postWriter=자바, postViewCount=0, postCreateDate=2023-08-14 11:35:13.505, postUpdateDate=2023-08-14 11:35:13.505)
Post(postId=80, boardId=1, postTitle=테스트 글 제목 79, postContent=mPssAgBQuT, postShowYN=Y, postWriter=자바, postViewCount=0, postCreateDate=2023-08-14 11:35:13.505, postUpdateDate=2023-08-14 11:35:13.505)
Post(postId=81, boardId=1, postTitle=테스트 글 제목 80, postContent=mfXa5vD2jV, postShowYN=Y, postWriter=자바, postViewCount=0, postCreateDate=2023-08-14 11:35:13.505, postUpdateDate=2023-08-14 11:35:13.505)
Post(postId=82, boardId=1, postTitle=테스트 글 제목 81, postContent=6V4V7igQb3, postShowYN=Y, postWriter=자바, postViewCount=0, postCreateDate=2023-08-14 11:35:13.505, postUpdateDate=2023-08-14 11:35:13.505)
Post(postId=83, boardId=1, postTitle=테스트 글 제목 82, postContent=EYQq8ulmja, postShowYN=Y, postWriter=자바, postViewCount=0, postCreateDate=2023-08-14 11:35:13.505, postUpdateDate=2023-08-14 11:35:13.505)
Post(postId=84, boardId=1, postTitle=테스트 글 제목 83, postContent=yWTqEp9CSa, postShowYN=Y, postWriter=자바, postViewCount=0, postCreateDate=2023-08-14 11:35:13.521, postUpdateDate=2023-08-14 11:35:13.521)
Post(postId=85, boardId=1, postTitle=테스트 글 제목 84, postContent=d36CZ615as, postShowYN=Y, postWriter=자바, postViewCount=0, postCreateDate=2023-08-14 11:35:13.521, postUpdateDate=2023-08-14 11:35:13.521)
Post(postId=86, boardId=1, postTitle=테스트 글 제목 85, postContent=7pZP2aM8nN, postShowYN=Y, postWriter=자바, postViewCount=0, postCreateDate=2023-08-14 11:35:13.521, postUpdateDate=2023-08-14 11:35:13.521)
Post(postId=87, boardId=1, postTitle=테스트 글 제목 86, postContent=AGpxI4noFq, postShowYN=Y, postWriter=자바, postViewCount=0, postCreateDate=2023-08-14 11:35:13.521, postUpdateDate=2023-08-14 11:35:13.521)
Post(postId=88, boardId=1, postTitle=테스트 글 제목 87, postContent=XgqH97LFiJ, postShowYN=Y, postWriter=자바, postViewCount=0, postCreateDate=2023-08-14 11:35:13.521, postUpdateDate=2023-08-14 11:35:13.521)
Post(postId=89, boardId=1, postTitle=테스트 글 제목 88, postContent=jvAddPrTSB, postShowYN=Y, postWriter=자바, postViewCount=0, postCreateDate=2023-08-14 11:35:13.521, postUpdateDate=2023-08-14 11:35:13.521)
Post(postId=90, boardId=1, postTitle=테스트 글 제목 89, postContent=yxXAuQpuKI, postShowYN=Y, postWriter=자바, postViewCount=0, postCreateDate=2023-08-14 11:35:13.521, postUpdateDate=2023-08-14 11:35:13.521)
Post(postId=91, boardId=1, postTitle=테스트 글 제목 90, postContent=37MTy5Ol5V, postShowYN=Y, postWriter=자바, postViewCount=0, postCreateDate=2023-08-14 11:35:13.521, postUpdateDate=2023-08-14 11:35:13.521)
Post(postId=92, boardId=1, postTitle=테스트 글 제목 91, postContent=00ydKDNV1A, postShowYN=Y, postWriter=자바, postViewCount=0, postCreateDate=2023-08-14 11:35:13.536, postUpdateDate=2023-08-14 11:35:13.536)
Post(postId=93, boardId=1, postTitle=테스트 글 제목 92, postContent=3ljMwMS2I0, postShowYN=Y, postWriter=자바, postViewCount=0, postCreateDate=2023-08-14 11:35:13.536, postUpdateDate=2023-08-14 11:35:13.536)
Post(postId=94, boardId=1, postTitle=테스트 글 제목 93, postContent=psju4r2jmM, postShowYN=Y, postWriter=자바, postViewCount=0, postCreateDate=2023-08-14 11:35:13.536, postUpdateDate=2023-08-14 11:35:13.536)
Post(postId=95, boardId=1, postTitle=테스트 글 제목 94, postContent=tOnLldMH04, postShowYN=Y, postWriter=자바, postViewCount=0, postCreateDate=2023-08-14 11:35:13.536, postUpdateDate=2023-08-14 11:35:13.536)
Post(postId=96, boardId=1, postTitle=테스트 글 제목 95, postContent=4N5doUAGXm, postShowYN=Y, postWriter=자바, postViewCount=0, postCreateDate=2023-08-14 11:35:13.536, postUpdateDate=2023-08-14 11:35:13.536)
Post(postId=97, boardId=1, postTitle=테스트 글 제목 96, postContent=d1PF69sjef, postShowYN=Y, postWriter=자바, postViewCount=0, postCreateDate=2023-08-14 11:35:13.536, postUpdateDate=2023-08-14 11:35:13.536)
Post(postId=98, boardId=1, postTitle=테스트 글 제목 97, postContent=NfGtLbihAa, postShowYN=Y, postWriter=자바, postViewCount=0, postCreateDate=2023-08-14 11:35:13.536, postUpdateDate=2023-08-14 11:35:13.536)
Post(postId=99, boardId=1, postTitle=테스트 글 제목 98, postContent=oUhJTC0oOa, postShowYN=Y, postWriter=자바, postViewCount=0, postCreateDate=2023-08-14 11:35:13.536, postUpdateDate=2023-08-14 11:35:13.536)
Post(postId=100, boardId=1, postTitle=테스트 글 제목 99, postContent=7jYKFV2AB5, postShowYN=Y, postWriter=자바, postViewCount=0, postCreateDate=2023-08-14 11:35:13.536, postUpdateDate=2023-08-14 11:35:13.536)
Post(postId=101, boardId=1, postTitle=테스트 글 제목 100, postContent=ZQJgG1Hghl, postShowYN=Y, postWriter=자바, postViewCount=0, postCreateDate=2023-08-14 11:35:13.536, postUpdateDate=2023-08-14 11:35:13.536)
Post(postId=102, boardId=1, postTitle=테스트 글 제목 101, postContent=7PvPMDTYBP, postShowYN=Y, postWriter=자바, postViewCount=0, postCreateDate=2023-08-14 11:35:13.552, postUpdateDate=2023-08-14 11:35:13.552)
Post(postId=103, boardId=1, postTitle=테스트 글 제목 102, postContent=Ir3pdls9ph, postShowYN=Y, postWriter=자바, postViewCount=0, postCreateDate=2023-08-14 11:35:13.552, postUpdateDate=2023-08-14 11:35:13.552)
Post(postId=104, boardId=1, postTitle=테스트 글 제목 103, postContent=ImvvxMcXki, postShowYN=Y, postWriter=자바, postViewCount=0, postCreateDate=2023-08-14 11:35:13.552, postUpdateDate=2023-08-14 11:35:13.552)
Post(postId=105, boardId=1, postTitle=테스트 글 제목 104, postContent=JuzpvI16uI, postShowYN=Y, postWriter=자바, postViewCount=0, postCreateDate=2023-08-14 11:35:13.552, postUpdateDate=2023-08-14 11:35:13.552)
Post(postId=106, boardId=1, postTitle=테스트 글 제목 105, postContent=7ZFuc4M5hv, postShowYN=Y, postWriter=자바, postViewCount=0, postCreateDate=2023-08-14 11:35:13.552, postUpdateDate=2023-08-14 11:35:13.552)
Post(postId=107, boardId=1, postTitle=테스트 글 제목 106, postContent=1SDMR4j0Kh, postShowYN=Y, postWriter=자바, postViewCount=0, postCreateDate=2023-08-14 11:35:13.552, postUpdateDate=2023-08-14 11:35:13.552)
Post(postId=108, boardId=1, postTitle=테스트 글 제목 107, postContent=TM6TnO8OYo, postShowYN=Y, postWriter=자바, postViewCount=0, postCreateDate=2023-08-14 11:35:13.552, postUpdateDate=2023-08-14 11:35:13.552)
Post(postId=109, boardId=1, postTitle=테스트 글 제목 108, postContent=s68Rw3KiAU, postShowYN=Y, postWriter=자바, postViewCount=0, postCreateDate=2023-08-14 11:35:13.552, postUpdateDate=2023-08-14 11:35:13.552)
Post(postId=110, boardId=1, postTitle=테스트 글 제목 109, postContent=36MWfM9CfL, postShowYN=Y, postWriter=자바, postViewCount=0, postCreateDate=2023-08-14 11:35:13.552, postUpdateDate=2023-08-14 11:35:13.552)
Post(postId=111, boardId=1, postTitle=테스트 글 제목 110, postContent=uRqdShbgpF, postShowYN=Y, postWriter=자바, postViewCount=0, postCreateDate=2023-08-14 11:35:13.552, postUpdateDate=2023-08-14 11:35:13.552)
Post(postId=112, boardId=1, postTitle=테스트 글 제목 111, postContent=mk2S3JR2LC, postShowYN=Y, postWriter=자바, postViewCount=0, postCreateDate=2023-08-14 11:35:13.568, postUpdateDate=2023-08-14 11:35:13.568)
Post(postId=113, boardId=1, postTitle=테스트 글 제목 112, postContent=tjag6AqH68, postShowYN=Y, postWriter=자바, postViewCount=0, postCreateDate=2023-08-14 11:35:13.568, postUpdateDate=2023-08-14 11:35:13.568)
Post(postId=114, boardId=1, postTitle=테스트 글 제목 113, postContent=jQ8lyrA8JI, postShowYN=Y, postWriter=자바, postViewCount=0, postCreateDate=2023-08-14 11:35:13.568, postUpdateDate=2023-08-14 11:35:13.568)
Post(postId=115, boardId=1, postTitle=테스트 글 제목 114, postContent=egsNjqsHJh, postShowYN=Y, postWriter=자바, postViewCount=0, postCreateDate=2023-08-14 11:35:13.568, postUpdateDate=2023-08-14 11:35:13.568)
Post(postId=116, boardId=1, postTitle=테스트 글 제목 115, postContent=iZVSMGifnR, postShowYN=Y, postWriter=자바, postViewCount=0, postCreateDate=2023-08-14 11:35:13.568, postUpdateDate=2023-08-14 11:35:13.568)
Post(postId=117, boardId=1, postTitle=테스트 글 제목 116, postContent=4dHM6ZyO0E, postShowYN=Y, postWriter=자바, postViewCount=0, postCreateDate=2023-08-14 11:35:13.568, postUpdateDate=2023-08-14 11:35:13.568)
Post(postId=118, boardId=1, postTitle=테스트 글 제목 117, postContent=JWH3RR50Ds, postShowYN=Y, postWriter=자바, postViewCount=0, postCreateDate=2023-08-14 11:35:13.568, postUpdateDate=2023-08-14 11:35:13.568)
Post(postId=119, boardId=1, postTitle=테스트 글 제목 118, postContent=tyqLPJs2vn, postShowYN=Y, postWriter=자바, postViewCount=0, postCreateDate=2023-08-14 11:35:13.568, postUpdateDate=2023-08-14 11:35:13.568)
Post(postId=120, boardId=1, postTitle=테스트 글 제목 119, postContent=N3Es04nVng, postShowYN=Y, postWriter=자바, postViewCount=0, postCreateDate=2023-08-14 11:35:13.568, postUpdateDate=2023-08-14 11:35:13.568)
Post(postId=121, boardId=1, postTitle=테스트 글 제목 120, postContent=8copRB0wGS, postShowYN=Y, postWriter=자바, postViewCount=0, postCreateDate=2023-08-14 11:35:13.583, postUpdateDate=2023-08-14 11:35:13.583)
Post(postId=122, boardId=1, postTitle=테스트 글 제목 121, postContent=1gzW3OrvGL, postShowYN=Y, postWriter=자바, postViewCount=0, postCreateDate=2023-08-14 11:35:13.583, postUpdateDate=2023-08-14 11:35:13.583)
Post(postId=123, boardId=1, postTitle=테스트 글 제목 122, postContent=5myyKd223t, postShowYN=Y, postWriter=자바, postViewCount=0, postCreateDate=2023-08-14 11:35:13.583, postUpdateDate=2023-08-14 11:35:13.583)
Post(postId=124, boardId=1, postTitle=테스트 글 제목 123, postContent=imDqItqKx8, postShowYN=Y, postWriter=자바, postViewCount=0, postCreateDate=2023-08-14 11:35:13.583, postUpdateDate=2023-08-14 11:35:13.583)
Post(postId=125, boardId=1, postTitle=테스트 글 제목 124, postContent=6tEMEj8oKW, postShowYN=Y, postWriter=자바, postViewCount=0, postCreateDate=2023-08-14 11:35:13.583, postUpdateDate=2023-08-14 11:35:13.583)
Post(postId=126, boardId=1, postTitle=테스트 글 제목 125, postContent=1XZjUi4JwQ, postShowYN=Y, postWriter=자바, postViewCount=0, postCreateDate=2023-08-14 11:35:13.583, postUpdateDate=2023-08-14 11:35:13.583)
Post(postId=127, boardId=1, postTitle=테스트 글 제목 126, postContent=CmSxEV0Sgs, postShowYN=Y, postWriter=자바, postViewCount=0, postCreateDate=2023-08-14 11:35:13.583, postUpdateDate=2023-08-14 11:35:13.583)
Post(postId=128, boardId=1, postTitle=테스트 글 제목 127, postContent=blN6GzbFeI, postShowYN=Y, postWriter=자바, postViewCount=0, postCreateDate=2023-08-14 11:35:13.583, postUpdateDate=2023-08-14 11:35:13.583)
Post(postId=129, boardId=1, postTitle=테스트 글 제목 128, postContent=q0jjp1mVxy, postShowYN=Y, postWriter=자바, postViewCount=0, postCreateDate=2023-08-14 11:35:13.599, postUpdateDate=2023-08-14 11:35:13.599)
Post(postId=130, boardId=1, postTitle=테스트 글 제목 129, postContent=eGFubR3CzN, postShowYN=Y, postWriter=자바, postViewCount=0, postCreateDate=2023-08-14 11:35:13.599, postUpdateDate=2023-08-14 11:35:13.599)
Post(postId=131, boardId=1, postTitle=테스트 글 제목 130, postContent=mnEfX0iQcm, postShowYN=Y, postWriter=자바, postViewCount=0, postCreateDate=2023-08-14 11:35:13.599, postUpdateDate=2023-08-14 11:35:13.599)
Post(postId=132, boardId=1, postTitle=테스트 글 제목 131, postContent=rEfq4A82BG, postShowYN=Y, postWriter=자바, postViewCount=0, postCreateDate=2023-08-14 11:35:13.599, postUpdateDate=2023-08-14 11:35:13.599)
Post(postId=133, boardId=1, postTitle=테스트 글 제목 132, postContent=1vvt1PsTMx, postShowYN=Y, postWriter=자바, postViewCount=0, postCreateDate=2023-08-14 11:35:13.599, postUpdateDate=2023-08-14 11:35:13.599)
Post(postId=134, boardId=1, postTitle=테스트 글 제목 133, postContent=Q4vOe3VUpz, postShowYN=Y, postWriter=자바, postViewCount=0, postCreateDate=2023-08-14 11:35:13.599, postUpdateDate=2023-08-14 11:35:13.599)
Post(postId=135, boardId=1, postTitle=테스트 글 제목 134, postContent=WsDPAcSBhv, postShowYN=Y, postWriter=자바, postViewCount=0, postCreateDate=2023-08-14 11:35:13.599, postUpdateDate=2023-08-14 11:35:13.599)
Post(postId=136, boardId=1, postTitle=테스트 글 제목 135, postContent=yKO6AVH9h9, postShowYN=Y, postWriter=자바, postViewCount=0, postCreateDate=2023-08-14 11:35:13.599, postUpdateDate=2023-08-14 11:35:13.599)
Post(postId=137, boardId=1, postTitle=테스트 글 제목 136, postContent=hqfeojk2e5, postShowYN=Y, postWriter=자바, postViewCount=0, postCreateDate=2023-08-14 11:35:13.599, postUpdateDate=2023-08-14 11:35:13.599)
Post(postId=138, boardId=1, postTitle=테스트 글 제목 137, postContent=pvCcofuIRR, postShowYN=Y, postWriter=자바, postViewCount=0, postCreateDate=2023-08-14 11:35:13.599, postUpdateDate=2023-08-14 11:35:13.599)
Post(postId=139, boardId=1, postTitle=테스트 글 제목 138, postContent=nKqcwkfHbb, postShowYN=Y, postWriter=자바, postViewCount=0, postCreateDate=2023-08-14 11:35:13.599, postUpdateDate=2023-08-14 11:35:13.599)
Post(postId=140, boardId=1, postTitle=테스트 글 제목 139, postContent=Y7ESf13ZGa, postShowYN=Y, postWriter=자바, postViewCount=0, postCreateDate=2023-08-14 11:35:13.599, postUpdateDate=2023-08-14 11:35:13.599)
Post(postId=141, boardId=1, postTitle=테스트 글 제목 140, postContent=CLPd0UvAM7, postShowYN=Y, postWriter=자바, postViewCount=0, postCreateDate=2023-08-14 11:35:13.599, postUpdateDate=2023-08-14 11:35:13.599)
Post(postId=142, boardId=1, postTitle=테스트 글 제목 141, postContent=kcqDWCifsE, postShowYN=Y, postWriter=자바, postViewCount=0, postCreateDate=2023-08-14 11:35:13.614, postUpdateDate=2023-08-14 11:35:13.614)
Post(postId=143, boardId=1, postTitle=테스트 글 제목 142, postContent=r3UrXxnmJ2, postShowYN=Y, postWriter=자바, postViewCount=0, postCreateDate=2023-08-14 11:35:13.614, postUpdateDate=2023-08-14 11:35:13.614)
Post(postId=144, boardId=1, postTitle=테스트 글 제목 143, postContent=NvSrwOrIW7, postShowYN=Y, postWriter=자바, postViewCount=0, postCreateDate=2023-08-14 11:35:13.614, postUpdateDate=2023-08-14 11:35:13.614)
Post(postId=145, boardId=1, postTitle=테스트 글 제목 144, postContent=JAlPSREs7i, postShowYN=Y, postWriter=자바, postViewCount=0, postCreateDate=2023-08-14 11:35:13.614, postUpdateDate=2023-08-14 11:35:13.614)
Post(postId=146, boardId=1, postTitle=테스트 글 제목 145, postContent=6RRDg2SgMh, postShowYN=Y, postWriter=자바, postViewCount=0, postCreateDate=2023-08-14 11:35:13.614, postUpdateDate=2023-08-14 11:35:13.614)
Post(postId=147, boardId=1, postTitle=테스트 글 제목 146, postContent=QgfEFqUA76, postShowYN=Y, postWriter=자바, postViewCount=0, postCreateDate=2023-08-14 11:35:13.614, postUpdateDate=2023-08-14 11:35:13.614)
Post(postId=148, boardId=1, postTitle=테스트 글 제목 147, postContent=bjD296DSGk, postShowYN=Y, postWriter=자바, postViewCount=0, postCreateDate=2023-08-14 11:35:13.614, postUpdateDate=2023-08-14 11:35:13.614)
Post(postId=149, boardId=1, postTitle=테스트 글 제목 148, postContent=ia3Ko44WaV, postShowYN=Y, postWriter=자바, postViewCount=0, postCreateDate=2023-08-14 11:35:13.614, postUpdateDate=2023-08-14 11:35:13.614)
Post(postId=150, boardId=1, postTitle=테스트 글 제목 149, postContent=mrRSvBLDXn, postShowYN=Y, postWriter=자바, postViewCount=0, postCreateDate=2023-08-14 11:35:13.614, postUpdateDate=2023-08-14 11:35:13.614)
Post(postId=151, boardId=1, postTitle=테스트 글 제목 150, postContent=GzhdzazFR5, postShowYN=Y, postWriter=자바, postViewCount=0, postCreateDate=2023-08-14 11:35:13.614, postUpdateDate=2023-08-14 11:35:13.614)
Post(postId=152, boardId=1, postTitle=테스트 글 제목 151, postContent=VjpJBkXEhe, postShowYN=Y, postWriter=자바, postViewCount=0, postCreateDate=2023-08-14 11:35:13.63, postUpdateDate=2023-08-14 11:35:13.63)
Post(postId=153, boardId=1, postTitle=테스트 글 제목 152, postContent=6W4tuWKPxo, postShowYN=Y, postWriter=자바, postViewCount=0, postCreateDate=2023-08-14 11:35:13.63, postUpdateDate=2023-08-14 11:35:13.63)
Post(postId=154, boardId=1, postTitle=테스트 글 제목 153, postContent=3b0LYn13rI, postShowYN=Y, postWriter=자바, postViewCount=0, postCreateDate=2023-08-14 11:35:13.63, postUpdateDate=2023-08-14 11:35:13.63)
Post(postId=155, boardId=1, postTitle=테스트 글 제목 154, postContent=PRjsg9QelI, postShowYN=Y, postWriter=자바, postViewCount=0, postCreateDate=2023-08-14 11:35:13.63, postUpdateDate=2023-08-14 11:35:13.63)
Post(postId=156, boardId=1, postTitle=테스트 글 제목 155, postContent=jEprWGOLoT, postShowYN=Y, postWriter=자바, postViewCount=0, postCreateDate=2023-08-14 11:35:13.63, postUpdateDate=2023-08-14 11:35:13.63)
Post(postId=157, boardId=1, postTitle=테스트 글 제목 156, postContent=4FO6Xwm68k, postShowYN=Y, postWriter=자바, postViewCount=0, postCreateDate=2023-08-14 11:35:13.63, postUpdateDate=2023-08-14 11:35:13.63)
Post(postId=158, boardId=1, postTitle=테스트 글 제목 157, postContent=rbAdKfcxvF, postShowYN=Y, postWriter=자바, postViewCount=0, postCreateDate=2023-08-14 11:35:13.63, postUpdateDate=2023-08-14 11:35:13.63)
Post(postId=159, boardId=1, postTitle=테스트 글 제목 158, postContent=NzkrlmQfUV, postShowYN=Y, postWriter=자바, postViewCount=0, postCreateDate=2023-08-14 11:35:13.63, postUpdateDate=2023-08-14 11:35:13.63)
Post(postId=160, boardId=1, postTitle=테스트 글 제목 159, postContent=uun3R7LYHL, postShowYN=Y, postWriter=자바, postViewCount=0, postCreateDate=2023-08-14 11:35:13.63, postUpdateDate=2023-08-14 11:35:13.63)
Post(postId=161, boardId=1, postTitle=테스트 글 제목 160, postContent=ICxmDRTYEe, postShowYN=Y, postWriter=자바, postViewCount=0, postCreateDate=2023-08-14 11:35:13.63, postUpdateDate=2023-08-14 11:35:13.63)
Post(postId=162, boardId=1, postTitle=테스트 글 제목 161, postContent=RP7yukuc04, postShowYN=Y, postWriter=자바, postViewCount=0, postCreateDate=2023-08-14 11:35:13.63, postUpdateDate=2023-08-14 11:35:13.63)
Post(postId=163, boardId=1, postTitle=테스트 글 제목 162, postContent=KktGgwKqLx, postShowYN=Y, postWriter=자바, postViewCount=0, postCreateDate=2023-08-14 11:35:13.63, postUpdateDate=2023-08-14 11:35:13.63)
Post(postId=164, boardId=1, postTitle=테스트 글 제목 163, postContent=aqxnr8YKlf, postShowYN=Y, postWriter=자바, postViewCount=0, postCreateDate=2023-08-14 11:35:13.646, postUpdateDate=2023-08-14 11:35:13.646)
Post(postId=165, boardId=1, postTitle=테스트 글 제목 164, postContent=TfevM9Xukk, postShowYN=Y, postWriter=자바, postViewCount=0, postCreateDate=2023-08-14 11:35:13.646, postUpdateDate=2023-08-14 11:35:13.646)
Post(postId=166, boardId=1, postTitle=테스트 글 제목 165, postContent=VioTmiUepP, postShowYN=Y, postWriter=자바, postViewCount=0, postCreateDate=2023-08-14 11:35:13.646, postUpdateDate=2023-08-14 11:35:13.646)
Post(postId=167, boardId=1, postTitle=테스트 글 제목 166, postContent=VSyrJV3atD, postShowYN=Y, postWriter=자바, postViewCount=0, postCreateDate=2023-08-14 11:35:13.646, postUpdateDate=2023-08-14 11:35:13.646)
Post(postId=168, boardId=1, postTitle=테스트 글 제목 167, postContent=OeXEYp2FeS, postShowYN=Y, postWriter=자바, postViewCount=0, postCreateDate=2023-08-14 11:35:13.646, postUpdateDate=2023-08-14 11:35:13.646)
Post(postId=169, boardId=1, postTitle=테스트 글 제목 168, postContent=v6SqPkTB5y, postShowYN=Y, postWriter=자바, postViewCount=0, postCreateDate=2023-08-14 11:35:13.646, postUpdateDate=2023-08-14 11:35:13.646)
Post(postId=170, boardId=1, postTitle=테스트 글 제목 169, postContent=0Z7EMWruMD, postShowYN=Y, postWriter=자바, postViewCount=0, postCreateDate=2023-08-14 11:35:13.646, postUpdateDate=2023-08-14 11:35:13.646)
Post(postId=171, boardId=1, postTitle=테스트 글 제목 170, postContent=kQt4UdCM6F, postShowYN=Y, postWriter=자바, postViewCount=0, postCreateDate=2023-08-14 11:35:13.646, postUpdateDate=2023-08-14 11:35:13.646)
Post(postId=172, boardId=1, postTitle=테스트 글 제목 171, postContent=fzVJALC2oX, postShowYN=Y, postWriter=자바, postViewCount=0, postCreateDate=2023-08-14 11:35:13.646, postUpdateDate=2023-08-14 11:35:13.646)
Post(postId=173, boardId=1, postTitle=테스트 글 제목 172, postContent=oWs6EmX6mN, postShowYN=Y, postWriter=자바, postViewCount=0, postCreateDate=2023-08-14 11:35:13.646, postUpdateDate=2023-08-14 11:35:13.646)
Post(postId=174, boardId=1, postTitle=테스트 글 제목 173, postContent=gXnFxgPNEv, postShowYN=Y, postWriter=자바, postViewCount=0, postCreateDate=2023-08-14 11:35:13.646, postUpdateDate=2023-08-14 11:35:13.646)
Post(postId=175, boardId=1, postTitle=테스트 글 제목 174, postContent=R1RsE5IIp9, postShowYN=Y, postWriter=자바, postViewCount=0, postCreateDate=2023-08-14 11:35:13.646, postUpdateDate=2023-08-14 11:35:13.646)
Post(postId=176, boardId=1, postTitle=테스트 글 제목 175, postContent=TUnCMckZG0, postShowYN=Y, postWriter=자바, postViewCount=0, postCreateDate=2023-08-14 11:35:13.646, postUpdateDate=2023-08-14 11:35:13.646)
Post(postId=177, boardId=1, postTitle=테스트 글 제목 176, postContent=sc4dsoTeqq, postShowYN=Y, postWriter=자바, postViewCount=0, postCreateDate=2023-08-14 11:35:13.661, postUpdateDate=2023-08-14 11:35:13.661)
Post(postId=178, boardId=1, postTitle=테스트 글 제목 177, postContent=9VmM2KKrA3, postShowYN=Y, postWriter=자바, postViewCount=0, postCreateDate=2023-08-14 11:35:13.661, postUpdateDate=2023-08-14 11:35:13.661)
Post(postId=179, boardId=1, postTitle=테스트 글 제목 178, postContent=QJEcMH00CJ, postShowYN=Y, postWriter=자바, postViewCount=0, postCreateDate=2023-08-14 11:35:13.661, postUpdateDate=2023-08-14 11:35:13.661)
Post(postId=180, boardId=1, postTitle=테스트 글 제목 179, postContent=KMiqqmCyxT, postShowYN=Y, postWriter=자바, postViewCount=0, postCreateDate=2023-08-14 11:35:13.661, postUpdateDate=2023-08-14 11:35:13.661)
Post(postId=181, boardId=1, postTitle=테스트 글 제목 180, postContent=zct9GHffma, postShowYN=Y, postWriter=자바, postViewCount=0, postCreateDate=2023-08-14 11:35:13.661, postUpdateDate=2023-08-14 11:35:13.661)
Post(postId=182, boardId=1, postTitle=테스트 글 제목 181, postContent=GhQ9IMjZeZ, postShowYN=Y, postWriter=자바, postViewCount=0, postCreateDate=2023-08-14 11:35:13.677, postUpdateDate=2023-08-14 11:35:13.677)
Post(postId=183, boardId=1, postTitle=테스트 글 제목 182, postContent=5n3SKPx8L7, postShowYN=Y, postWriter=자바, postViewCount=0, postCreateDate=2023-08-14 11:35:13.677, postUpdateDate=2023-08-14 11:35:13.677)
Post(postId=184, boardId=1, postTitle=테스트 글 제목 183, postContent=VPmQ8sqEQ1, postShowYN=Y, postWriter=자바, postViewCount=0, postCreateDate=2023-08-14 11:35:13.677, postUpdateDate=2023-08-14 11:35:13.677)
Post(postId=185, boardId=1, postTitle=테스트 글 제목 184, postContent=qiIbfA2Nx8, postShowYN=Y, postWriter=자바, postViewCount=0, postCreateDate=2023-08-14 11:35:13.677, postUpdateDate=2023-08-14 11:35:13.677)
Post(postId=186, boardId=1, postTitle=테스트 글 제목 185, postContent=dbGPnD7TYC, postShowYN=Y, postWriter=자바, postViewCount=0, postCreateDate=2023-08-14 11:35:13.677, postUpdateDate=2023-08-14 11:35:13.677)
Post(postId=187, boardId=1, postTitle=테스트 글 제목 186, postContent=qsMogAYvwr, postShowYN=Y, postWriter=자바, postViewCount=0, postCreateDate=2023-08-14 11:35:13.677, postUpdateDate=2023-08-14 11:35:13.677)
Post(postId=188, boardId=1, postTitle=테스트 글 제목 187, postContent=wKilh8PJmG, postShowYN=Y, postWriter=자바, postViewCount=0, postCreateDate=2023-08-14 11:35:13.693, postUpdateDate=2023-08-14 11:35:13.693)
Post(postId=189, boardId=1, postTitle=테스트 글 제목 188, postContent=XQYj4fPc1p, postShowYN=Y, postWriter=자바, postViewCount=0, postCreateDate=2023-08-14 11:35:13.693, postUpdateDate=2023-08-14 11:35:13.693)
Post(postId=190, boardId=1, postTitle=테스트 글 제목 189, postContent=JtkvU3HDnl, postShowYN=Y, postWriter=자바, postViewCount=0, postCreateDate=2023-08-14 11:35:13.693, postUpdateDate=2023-08-14 11:35:13.693)
Post(postId=191, boardId=1, postTitle=테스트 글 제목 190, postContent=nCnMxTYxgE, postShowYN=Y, postWriter=자바, postViewCount=0, postCreateDate=2023-08-14 11:35:13.693, postUpdateDate=2023-08-14 11:35:13.693)
Post(postId=192, boardId=1, postTitle=테스트 글 제목 191, postContent=2mt92HNOeq, postShowYN=Y, postWriter=자바, postViewCount=0, postCreateDate=2023-08-14 11:35:13.693, postUpdateDate=2023-08-14 11:35:13.693)
Post(postId=193, boardId=1, postTitle=테스트 글 제목 192, postContent=WffYvtMVDj, postShowYN=Y, postWriter=자바, postViewCount=0, postCreateDate=2023-08-14 11:35:13.693, postUpdateDate=2023-08-14 11:35:13.693)
Post(postId=194, boardId=1, postTitle=테스트 글 제목 193, postContent=0CKFEuN6r8, postShowYN=Y, postWriter=자바, postViewCount=0, postCreateDate=2023-08-14 11:35:13.693, postUpdateDate=2023-08-14 11:35:13.693)
Post(postId=195, boardId=1, postTitle=테스트 글 제목 194, postContent=ga9vEYNahO, postShowYN=Y, postWriter=자바, postViewCount=0, postCreateDate=2023-08-14 11:35:13.693, postUpdateDate=2023-08-14 11:35:13.693)
Post(postId=196, boardId=1, postTitle=테스트 글 제목 195, postContent=BsDq5bLC2Y, postShowYN=Y, postWriter=자바, postViewCount=0, postCreateDate=2023-08-14 11:35:13.693, postUpdateDate=2023-08-14 11:35:13.693)
Post(postId=197, boardId=1, postTitle=테스트 글 제목 196, postContent=7hlhtoUcTp, postShowYN=Y, postWriter=자바, postViewCount=0, postCreateDate=2023-08-14 11:35:13.708, postUpdateDate=2023-08-14 11:35:13.708)
Post(postId=198, boardId=1, postTitle=테스트 글 제목 197, postContent=1X2ggiSavp, postShowYN=Y, postWriter=자바, postViewCount=0, postCreateDate=2023-08-14 11:35:13.708, postUpdateDate=2023-08-14 11:35:13.708)
Post(postId=199, boardId=1, postTitle=테스트 글 제목 198, postContent=Y68JErmbGz, postShowYN=Y, postWriter=자바, postViewCount=0, postCreateDate=2023-08-14 11:35:13.708, postUpdateDate=2023-08-14 11:35:13.708)
Post(postId=200, boardId=1, postTitle=테스트 글 제목 199, postContent=bMQvRIHpyF, postShowYN=Y, postWriter=자바, postViewCount=0, postCreateDate=2023-08-14 11:35:13.708, postUpdateDate=2023-08-14 11:35:13.708)
Post(postId=201, boardId=1, postTitle=테스트 글 제목 200, postContent=7XvEoSXiTd, postShowYN=Y, postWriter=자바, postViewCount=0, postCreateDate=2023-08-14 11:35:13.708, postUpdateDate=2023-08-14 11:35:13.708)
Post(postId=203, boardId=1, postTitle=테스트 글 제목 1, postContent=cM3bJSVjU7, postShowYN=Y, postWriter=자바, postViewCount=0, postCreateDate=2023-08-14 13:29:19.294, postUpdateDate=2023-08-14 13:29:19.294)
Post(postId=204, boardId=1, postTitle=테스트 글 제목 2, postContent=XCbOjgQeWf, postShowYN=Y, postWriter=자바, postViewCount=0, postCreateDate=2023-08-14 13:29:19.294, postUpdateDate=2023-08-14 13:29:19.294)
Post(postId=205, boardId=1, postTitle=테스트 글 제목 3, postContent=lmSxbre5qZ, postShowYN=Y, postWriter=자바, postViewCount=0, postCreateDate=2023-08-14 13:29:19.294, postUpdateDate=2023-08-14 13:29:19.294)
Post(postId=206, boardId=1, postTitle=테스트 글 제목 4, postContent=ZV2w4c5BUE, postShowYN=Y, postWriter=자바, postViewCount=0, postCreateDate=2023-08-14 13:29:19.294, postUpdateDate=2023-08-14 13:29:19.294)
Post(postId=207, boardId=1, postTitle=테스트 글 제목 5, postContent=wxTd6m3sSp, postShowYN=Y, postWriter=자바, postViewCount=0, postCreateDate=2023-08-14 13:29:19.294, postUpdateDate=2023-08-14 13:29:19.294)
Post(postId=208, boardId=1, postTitle=테스트 글 제목 6, postContent=8O74iYlhbI, postShowYN=Y, postWriter=자바, postViewCount=0, postCreateDate=2023-08-14 13:29:19.294, postUpdateDate=2023-08-14 13:29:19.294)
Post(postId=209, boardId=1, postTitle=테스트 글 제목 7, postContent=1t7LhHTRh4, postShowYN=Y, postWriter=자바, postViewCount=0, postCreateDate=2023-08-14 13:29:19.294, postUpdateDate=2023-08-14 13:29:19.294)
Post(postId=210, boardId=1, postTitle=테스트 글 제목 8, postContent=2DF4xfDlRL, postShowYN=Y, postWriter=자바, postViewCount=0, postCreateDate=2023-08-14 13:29:19.294, postUpdateDate=2023-08-14 13:29:19.294)
Post(postId=211, boardId=1, postTitle=테스트 글 제목 9, postContent=MuzbxyGerz, postShowYN=Y, postWriter=자바, postViewCount=0, postCreateDate=2023-08-14 13:29:19.31, postUpdateDate=2023-08-14 13:29:19.31)
Post(postId=212, boardId=1, postTitle=테스트 글 제목 10, postContent=wN0atKIZ2z, postShowYN=Y, postWriter=자바, postViewCount=0, postCreateDate=2023-08-14 13:29:19.31, postUpdateDate=2023-08-14 13:29:19.31)
Post(postId=213, boardId=1, postTitle=테스트 글 제목 11, postContent=VLiory1DpQ, postShowYN=Y, postWriter=자바, postViewCount=0, postCreateDate=2023-08-14 13:29:19.31, postUpdateDate=2023-08-14 13:29:19.31)
Post(postId=214, boardId=1, postTitle=테스트 글 제목 12, postContent=P85DE1azB7, postShowYN=Y, postWriter=자바, postViewCount=0, postCreateDate=2023-08-14 13:29:19.31, postUpdateDate=2023-08-14 13:29:19.31)
Post(postId=215, boardId=1, postTitle=테스트 글 제목 13, postContent=CfnP86TBYY, postShowYN=Y, postWriter=자바, postViewCount=0, postCreateDate=2023-08-14 13:29:19.31, postUpdateDate=2023-08-14 13:29:19.31)
Post(postId=216, boardId=1, postTitle=테스트 글 제목 14, postContent=dMHcfsvMYm, postShowYN=Y, postWriter=자바, postViewCount=0, postCreateDate=2023-08-14 13:29:19.31, postUpdateDate=2023-08-14 13:29:19.31)
Post(postId=217, boardId=1, postTitle=테스트 글 제목 15, postContent=ChoNSKuC9w, postShowYN=Y, postWriter=자바, postViewCount=0, postCreateDate=2023-08-14 13:29:19.31, postUpdateDate=2023-08-14 13:29:19.31)
Post(postId=218, boardId=1, postTitle=테스트 글 제목 16, postContent=SQzxIyscz4, postShowYN=Y, postWriter=자바, postViewCount=0, postCreateDate=2023-08-14 13:29:19.31, postUpdateDate=2023-08-14 13:29:19.31)
Post(postId=219, boardId=1, postTitle=테스트 글 제목 17, postContent=9F8q7Hv7zi, postShowYN=Y, postWriter=자바, postViewCount=0, postCreateDate=2023-08-14 13:29:19.31, postUpdateDate=2023-08-14 13:29:19.31)
Post(postId=220, boardId=1, postTitle=테스트 글 제목 18, postContent=rOcDStyujh, postShowYN=Y, postWriter=자바, postViewCount=0, postCreateDate=2023-08-14 13:29:19.326, postUpdateDate=2023-08-14 13:29:19.326)
Post(postId=221, boardId=1, postTitle=테스트 글 제목 19, postContent=g6EEpq8UTU, postShowYN=Y, postWriter=자바, postViewCount=0, postCreateDate=2023-08-14 13:29:19.326, postUpdateDate=2023-08-14 13:29:19.326)
Post(postId=222, boardId=1, postTitle=테스트 글 제목 20, postContent=cQhmEcqoO6, postShowYN=Y, postWriter=자바, postViewCount=0, postCreateDate=2023-08-14 13:29:19.326, postUpdateDate=2023-08-14 13:29:19.326)
Post(postId=223, boardId=1, postTitle=테스트 글 제목 21, postContent=OecRF8Od5V, postShowYN=Y, postWriter=자바, postViewCount=0, postCreateDate=2023-08-14 13:29:19.326, postUpdateDate=2023-08-14 13:29:19.326)
Post(postId=224, boardId=1, postTitle=테스트 글 제목 22, postContent=3ECYhsBRZX, postShowYN=Y, postWriter=자바, postViewCount=0, postCreateDate=2023-08-14 13:29:19.326, postUpdateDate=2023-08-14 13:29:19.326)
Post(postId=225, boardId=1, postTitle=테스트 글 제목 23, postContent=OVyJxrWEso, postShowYN=Y, postWriter=자바, postViewCount=0, postCreateDate=2023-08-14 13:29:19.326, postUpdateDate=2023-08-14 13:29:19.326)
Post(postId=226, boardId=1, postTitle=테스트 글 제목 24, postContent=so8RzU5Mwn, postShowYN=Y, postWriter=자바, postViewCount=0, postCreateDate=2023-08-14 13:29:19.326, postUpdateDate=2023-08-14 13:29:19.326)
Post(postId=227, boardId=1, postTitle=테스트 글 제목 25, postContent=vpvbmxhQ4l, postShowYN=Y, postWriter=자바, postViewCount=0, postCreateDate=2023-08-14 13:29:19.326, postUpdateDate=2023-08-14 13:29:19.326)
Post(postId=228, boardId=1, postTitle=테스트 글 제목 26, postContent=dF3vYV0DLc, postShowYN=Y, postWriter=자바, postViewCount=0, postCreateDate=2023-08-14 13:29:19.341, postUpdateDate=2023-08-14 13:29:19.341)
Post(postId=229, boardId=1, postTitle=테스트 글 제목 27, postContent=Lcnbt7TnOH, postShowYN=Y, postWriter=자바, postViewCount=0, postCreateDate=2023-08-14 13:29:19.341, postUpdateDate=2023-08-14 13:29:19.341)
Post(postId=230, boardId=1, postTitle=테스트 글 제목 28, postContent=9BUnTEdE6S, postShowYN=Y, postWriter=자바, postViewCount=0, postCreateDate=2023-08-14 13:29:19.341, postUpdateDate=2023-08-14 13:29:19.341)
Post(postId=231, boardId=1, postTitle=테스트 글 제목 29, postContent=Nxqyh5AjIb, postShowYN=Y, postWriter=자바, postViewCount=0, postCreateDate=2023-08-14 13:29:19.341, postUpdateDate=2023-08-14 13:29:19.341)
Post(postId=232, boardId=1, postTitle=테스트 글 제목 30, postContent=cyZ77OwNMZ, postShowYN=Y, postWriter=자바, postViewCount=0, postCreateDate=2023-08-14 13:29:19.341, postUpdateDate=2023-08-14 13:29:19.341)
Post(postId=233, boardId=1, postTitle=테스트 글 제목 31, postContent=lUa04Xl1k8, postShowYN=Y, postWriter=자바, postViewCount=0, postCreateDate=2023-08-14 13:29:19.341, postUpdateDate=2023-08-14 13:29:19.341)
Post(postId=234, boardId=1, postTitle=테스트 글 제목 32, postContent=3oxmKoRZJD, postShowYN=Y, postWriter=자바, postViewCount=0, postCreateDate=2023-08-14 13:29:19.357, postUpdateDate=2023-08-14 13:29:19.357)
Post(postId=235, boardId=1, postTitle=테스트 글 제목 33, postContent=2af1BRzzkF, postShowYN=Y, postWriter=자바, postViewCount=0, postCreateDate=2023-08-14 13:29:19.357, postUpdateDate=2023-08-14 13:29:19.357)
Post(postId=236, boardId=1, postTitle=테스트 글 제목 34, postContent=719bGxW303, postShowYN=Y, postWriter=자바, postViewCount=0, postCreateDate=2023-08-14 13:29:19.357, postUpdateDate=2023-08-14 13:29:19.357)
Post(postId=237, boardId=1, postTitle=테스트 글 제목 35, postContent=1vLkLZjcwi, postShowYN=Y, postWriter=자바, postViewCount=0, postCreateDate=2023-08-14 13:29:19.357, postUpdateDate=2023-08-14 13:29:19.357)
Post(postId=238, boardId=1, postTitle=테스트 글 제목 36, postContent=cS1PT0qcEs, postShowYN=Y, postWriter=자바, postViewCount=0, postCreateDate=2023-08-14 13:29:19.357, postUpdateDate=2023-08-14 13:29:19.357)
Post(postId=239, boardId=1, postTitle=테스트 글 제목 37, postContent=BHI8bvKsYz, postShowYN=Y, postWriter=자바, postViewCount=0, postCreateDate=2023-08-14 13:29:19.357, postUpdateDate=2023-08-14 13:29:19.357)
Post(postId=240, boardId=1, postTitle=테스트 글 제목 38, postContent=LK3t3BT7Z7, postShowYN=Y, postWriter=자바, postViewCount=0, postCreateDate=2023-08-14 13:29:19.357, postUpdateDate=2023-08-14 13:29:19.357)
Post(postId=241, boardId=1, postTitle=테스트 글 제목 39, postContent=VZo6ZiLBe7, postShowYN=Y, postWriter=자바, postViewCount=0, postCreateDate=2023-08-14 13:29:19.357, postUpdateDate=2023-08-14 13:29:19.357)
Post(postId=242, boardId=1, postTitle=테스트 글 제목 40, postContent=3aThuw0ZBY, postShowYN=Y, postWriter=자바, postViewCount=0, postCreateDate=2023-08-14 13:29:19.373, postUpdateDate=2023-08-14 13:29:19.373)
Post(postId=243, boardId=1, postTitle=테스트 글 제목 41, postContent=T2ECJmGQG6, postShowYN=Y, postWriter=자바, postViewCount=0, postCreateDate=2023-08-14 13:29:19.373, postUpdateDate=2023-08-14 13:29:19.373)
Post(postId=244, boardId=1, postTitle=테스트 글 제목 42, postContent=w3H2DIm7jR, postShowYN=Y, postWriter=자바, postViewCount=0, postCreateDate=2023-08-14 13:29:19.373, postUpdateDate=2023-08-14 13:29:19.373)
Post(postId=245, boardId=1, postTitle=테스트 글 제목 43, postContent=CZRZdq6zIF, postShowYN=Y, postWriter=자바, postViewCount=0, postCreateDate=2023-08-14 13:29:19.373, postUpdateDate=2023-08-14 13:29:19.373)
Post(postId=246, boardId=1, postTitle=테스트 글 제목 44, postContent=qiGvvgG2R8, postShowYN=Y, postWriter=자바, postViewCount=0, postCreateDate=2023-08-14 13:29:19.373, postUpdateDate=2023-08-14 13:29:19.373)
Post(postId=247, boardId=1, postTitle=테스트 글 제목 45, postContent=AymKXvlYO5, postShowYN=Y, postWriter=자바, postViewCount=0, postCreateDate=2023-08-14 13:29:19.373, postUpdateDate=2023-08-14 13:29:19.373)
Post(postId=248, boardId=1, postTitle=테스트 글 제목 46, postContent=VE65uxZQ46, postShowYN=Y, postWriter=자바, postViewCount=0, postCreateDate=2023-08-14 13:29:19.373, postUpdateDate=2023-08-14 13:29:19.373)
Post(postId=249, boardId=1, postTitle=테스트 글 제목 47, postContent=YAceDTwLWj, postShowYN=Y, postWriter=자바, postViewCount=0, postCreateDate=2023-08-14 13:29:19.373, postUpdateDate=2023-08-14 13:29:19.373)
Post(postId=250, boardId=1, postTitle=테스트 글 제목 48, postContent=gO4LbweyZO, postShowYN=Y, postWriter=자바, postViewCount=0, postCreateDate=2023-08-14 13:29:19.388, postUpdateDate=2023-08-14 13:29:19.388)
Post(postId=251, boardId=1, postTitle=테스트 글 제목 49, postContent=jg9u5ZGFld, postShowYN=Y, postWriter=자바, postViewCount=0, postCreateDate=2023-08-14 13:29:19.388, postUpdateDate=2023-08-14 13:29:19.388)
Post(postId=252, boardId=1, postTitle=테스트 글 제목 50, postContent=OBLvc21W2j, postShowYN=Y, postWriter=자바, postViewCount=0, postCreateDate=2023-08-14 13:29:19.388, postUpdateDate=2023-08-14 13:29:19.388)
Post(postId=253, boardId=1, postTitle=테스트 글 제목 51, postContent=TiDQIqBZb3, postShowYN=Y, postWriter=자바, postViewCount=0, postCreateDate=2023-08-14 13:29:19.388, postUpdateDate=2023-08-14 13:29:19.388)
Post(postId=254, boardId=1, postTitle=테스트 글 제목 52, postContent=wXyuB9DgFl, postShowYN=Y, postWriter=자바, postViewCount=0, postCreateDate=2023-08-14 13:29:19.388, postUpdateDate=2023-08-14 13:29:19.388)
Post(postId=255, boardId=1, postTitle=테스트 글 제목 53, postContent=wxE7ByNpTp, postShowYN=Y, postWriter=자바, postViewCount=0, postCreateDate=2023-08-14 13:29:19.388, postUpdateDate=2023-08-14 13:29:19.388)
Post(postId=256, boardId=1, postTitle=테스트 글 제목 54, postContent=cRDKv3iSJX, postShowYN=Y, postWriter=자바, postViewCount=0, postCreateDate=2023-08-14 13:29:19.388, postUpdateDate=2023-08-14 13:29:19.388)
Post(postId=257, boardId=1, postTitle=테스트 글 제목 55, postContent=FY7hQhnFwg, postShowYN=Y, postWriter=자바, postViewCount=0, postCreateDate=2023-08-14 13:29:19.388, postUpdateDate=2023-08-14 13:29:19.388)
Post(postId=258, boardId=1, postTitle=테스트 글 제목 56, postContent=LKe3q6uV6p, postShowYN=Y, postWriter=자바, postViewCount=0, postCreateDate=2023-08-14 13:29:19.388, postUpdateDate=2023-08-14 13:29:19.388)
Post(postId=259, boardId=1, postTitle=테스트 글 제목 57, postContent=jkl2f8CP7U, postShowYN=Y, postWriter=자바, postViewCount=0, postCreateDate=2023-08-14 13:29:19.388, postUpdateDate=2023-08-14 13:29:19.388)
Post(postId=260, boardId=1, postTitle=테스트 글 제목 58, postContent=NCA7kOY7dg, postShowYN=Y, postWriter=자바, postViewCount=0, postCreateDate=2023-08-14 13:29:19.404, postUpdateDate=2023-08-14 13:29:19.404)
Post(postId=261, boardId=1, postTitle=테스트 글 제목 59, postContent=mGBJ4jibK8, postShowYN=Y, postWriter=자바, postViewCount=0, postCreateDate=2023-08-14 13:29:19.404, postUpdateDate=2023-08-14 13:29:19.404)
Post(postId=262, boardId=1, postTitle=테스트 글 제목 60, postContent=nHtaU9PKLx, postShowYN=Y, postWriter=자바, postViewCount=0, postCreateDate=2023-08-14 13:29:19.404, postUpdateDate=2023-08-14 13:29:19.404)
Post(postId=263, boardId=1, postTitle=테스트 글 제목 61, postContent=f2AdZ4j53Y, postShowYN=Y, postWriter=자바, postViewCount=0, postCreateDate=2023-08-14 13:29:19.404, postUpdateDate=2023-08-14 13:29:19.404)
Post(postId=264, boardId=1, postTitle=테스트 글 제목 62, postContent=hMF8bIARV9, postShowYN=Y, postWriter=자바, postViewCount=0, postCreateDate=2023-08-14 13:29:19.404, postUpdateDate=2023-08-14 13:29:19.404)
Post(postId=265, boardId=1, postTitle=테스트 글 제목 63, postContent=4HAx8xn2ku, postShowYN=Y, postWriter=자바, postViewCount=0, postCreateDate=2023-08-14 13:29:19.404, postUpdateDate=2023-08-14 13:29:19.404)
Post(postId=266, boardId=1, postTitle=테스트 글 제목 64, postContent=CxEHBpmW63, postShowYN=Y, postWriter=자바, postViewCount=0, postCreateDate=2023-08-14 13:29:19.404, postUpdateDate=2023-08-14 13:29:19.404)
Post(postId=267, boardId=1, postTitle=테스트 글 제목 65, postContent=S8se5x2R6W, postShowYN=Y, postWriter=자바, postViewCount=0, postCreateDate=2023-08-14 13:29:19.404, postUpdateDate=2023-08-14 13:29:19.404)
Post(postId=268, boardId=1, postTitle=테스트 글 제목 66, postContent=ZNzeuLraf6, postShowYN=Y, postWriter=자바, postViewCount=0, postCreateDate=2023-08-14 13:29:19.404, postUpdateDate=2023-08-14 13:29:19.404)
Post(postId=269, boardId=1, postTitle=테스트 글 제목 67, postContent=4MCbOEHeSr, postShowYN=Y, postWriter=자바, postViewCount=0, postCreateDate=2023-08-14 13:29:19.404, postUpdateDate=2023-08-14 13:29:19.404)
Post(postId=270, boardId=1, postTitle=테스트 글 제목 68, postContent=mozttzQEss, postShowYN=Y, postWriter=자바, postViewCount=0, postCreateDate=2023-08-14 13:29:19.404, postUpdateDate=2023-08-14 13:29:19.404)
Post(postId=271, boardId=1, postTitle=테스트 글 제목 69, postContent=KdPy301EvA, postShowYN=Y, postWriter=자바, postViewCount=0, postCreateDate=2023-08-14 13:29:19.419, postUpdateDate=2023-08-14 13:29:19.419)
Post(postId=272, boardId=1, postTitle=테스트 글 제목 70, postContent=EALRTIRddY, postShowYN=Y, postWriter=자바, postViewCount=0, postCreateDate=2023-08-14 13:29:19.419, postUpdateDate=2023-08-14 13:29:19.419)
Post(postId=273, boardId=1, postTitle=테스트 글 제목 71, postContent=nZzAikHVO2, postShowYN=Y, postWriter=자바, postViewCount=0, postCreateDate=2023-08-14 13:29:19.419, postUpdateDate=2023-08-14 13:29:19.419)
Post(postId=274, boardId=1, postTitle=테스트 글 제목 72, postContent=1l39AfJrlL, postShowYN=Y, postWriter=자바, postViewCount=0, postCreateDate=2023-08-14 13:29:19.419, postUpdateDate=2023-08-14 13:29:19.419)
Post(postId=275, boardId=1, postTitle=테스트 글 제목 73, postContent=eSVPdsq4pZ, postShowYN=Y, postWriter=자바, postViewCount=0, postCreateDate=2023-08-14 13:29:19.419, postUpdateDate=2023-08-14 13:29:19.419)
Post(postId=276, boardId=1, postTitle=테스트 글 제목 74, postContent=f14I9Iksuf, postShowYN=Y, postWriter=자바, postViewCount=0, postCreateDate=2023-08-14 13:29:19.419, postUpdateDate=2023-08-14 13:29:19.419)
Post(postId=277, boardId=1, postTitle=테스트 글 제목 75, postContent=L3oxu89Nx5, postShowYN=Y, postWriter=자바, postViewCount=0, postCreateDate=2023-08-14 13:29:19.419, postUpdateDate=2023-08-14 13:29:19.419)
Post(postId=278, boardId=1, postTitle=테스트 글 제목 76, postContent=dPRVyUer3T, postShowYN=Y, postWriter=자바, postViewCount=0, postCreateDate=2023-08-14 13:29:19.419, postUpdateDate=2023-08-14 13:29:19.419)
Post(postId=279, boardId=1, postTitle=테스트 글 제목 77, postContent=u8JLXml7Hh, postShowYN=Y, postWriter=자바, postViewCount=0, postCreateDate=2023-08-14 13:29:19.419, postUpdateDate=2023-08-14 13:29:19.419)
Post(postId=280, boardId=1, postTitle=테스트 글 제목 78, postContent=s4yTNNJenn, postShowYN=Y, postWriter=자바, postViewCount=0, postCreateDate=2023-08-14 13:29:19.419, postUpdateDate=2023-08-14 13:29:19.419)
Post(postId=281, boardId=1, postTitle=테스트 글 제목 79, postContent=dknh4gsF5m, postShowYN=Y, postWriter=자바, postViewCount=0, postCreateDate=2023-08-14 13:29:19.419, postUpdateDate=2023-08-14 13:29:19.419)
Post(postId=282, boardId=1, postTitle=테스트 글 제목 80, postContent=3PdMIthDdP, postShowYN=Y, postWriter=자바, postViewCount=0, postCreateDate=2023-08-14 13:29:19.435, postUpdateDate=2023-08-14 13:29:19.435)
Post(postId=283, boardId=1, postTitle=테스트 글 제목 81, postContent=jUXzt2RjUb, postShowYN=Y, postWriter=자바, postViewCount=0, postCreateDate=2023-08-14 13:29:19.435, postUpdateDate=2023-08-14 13:29:19.435)
Post(postId=284, boardId=1, postTitle=테스트 글 제목 82, postContent=Sf3grXDXqv, postShowYN=Y, postWriter=자바, postViewCount=0, postCreateDate=2023-08-14 13:29:19.435, postUpdateDate=2023-08-14 13:29:19.435)
Post(postId=285, boardId=1, postTitle=테스트 글 제목 83, postContent=iMMJJZgTut, postShowYN=Y, postWriter=자바, postViewCount=0, postCreateDate=2023-08-14 13:29:19.435, postUpdateDate=2023-08-14 13:29:19.435)
Post(postId=286, boardId=1, postTitle=테스트 글 제목 84, postContent=VHHGJxdipb, postShowYN=Y, postWriter=자바, postViewCount=0, postCreateDate=2023-08-14 13:29:19.435, postUpdateDate=2023-08-14 13:29:19.435)
Post(postId=287, boardId=1, postTitle=테스트 글 제목 85, postContent=UTIYaMmliG, postShowYN=Y, postWriter=자바, postViewCount=0, postCreateDate=2023-08-14 13:29:19.435, postUpdateDate=2023-08-14 13:29:19.435)
Post(postId=288, boardId=1, postTitle=테스트 글 제목 86, postContent=EqyMO5YnKA, postShowYN=Y, postWriter=자바, postViewCount=0, postCreateDate=2023-08-14 13:29:19.435, postUpdateDate=2023-08-14 13:29:19.435)
Post(postId=289, boardId=1, postTitle=테스트 글 제목 87, postContent=AiD3qwYXkp, postShowYN=Y, postWriter=자바, postViewCount=0, postCreateDate=2023-08-14 13:29:19.435, postUpdateDate=2023-08-14 13:29:19.435)
Post(postId=290, boardId=1, postTitle=테스트 글 제목 88, postContent=kIPDdiBSle, postShowYN=Y, postWriter=자바, postViewCount=0, postCreateDate=2023-08-14 13:29:19.435, postUpdateDate=2023-08-14 13:29:19.435)
Post(postId=291, boardId=1, postTitle=테스트 글 제목 89, postContent=0pZt7N5dcp, postShowYN=Y, postWriter=자바, postViewCount=0, postCreateDate=2023-08-14 13:29:19.451, postUpdateDate=2023-08-14 13:29:19.451)
Post(postId=292, boardId=1, postTitle=테스트 글 제목 90, postContent=z8eqqU4mIA, postShowYN=Y, postWriter=자바, postViewCount=0, postCreateDate=2023-08-14 13:29:19.451, postUpdateDate=2023-08-14 13:29:19.451)
Post(postId=293, boardId=1, postTitle=테스트 글 제목 91, postContent=pRClaEDFf2, postShowYN=Y, postWriter=자바, postViewCount=0, postCreateDate=2023-08-14 13:29:19.451, postUpdateDate=2023-08-14 13:29:19.451)
Post(postId=294, boardId=1, postTitle=테스트 글 제목 92, postContent=hpGe1NQDbY, postShowYN=Y, postWriter=자바, postViewCount=0, postCreateDate=2023-08-14 13:29:19.451, postUpdateDate=2023-08-14 13:29:19.451)
Post(postId=295, boardId=1, postTitle=테스트 글 제목 93, postContent=fcTO4REzY7, postShowYN=Y, postWriter=자바, postViewCount=0, postCreateDate=2023-08-14 13:29:19.451, postUpdateDate=2023-08-14 13:29:19.451)
Post(postId=296, boardId=1, postTitle=테스트 글 제목 94, postContent=h1qo5RtM0x, postShowYN=Y, postWriter=자바, postViewCount=0, postCreateDate=2023-08-14 13:29:19.451, postUpdateDate=2023-08-14 13:29:19.451)
Post(postId=297, boardId=1, postTitle=테스트 글 제목 95, postContent=04MtGFoP4I, postShowYN=Y, postWriter=자바, postViewCount=0, postCreateDate=2023-08-14 13:29:19.451, postUpdateDate=2023-08-14 13:29:19.451)
Post(postId=298, boardId=1, postTitle=테스트 글 제목 96, postContent=TazSjtWV8k, postShowYN=Y, postWriter=자바, postViewCount=0, postCreateDate=2023-08-14 13:29:19.451, postUpdateDate=2023-08-14 13:29:19.451)
Post(postId=299, boardId=1, postTitle=테스트 글 제목 97, postContent=g6GM81gTgS, postShowYN=Y, postWriter=자바, postViewCount=0, postCreateDate=2023-08-14 13:29:19.451, postUpdateDate=2023-08-14 13:29:19.451)
Post(postId=300, boardId=1, postTitle=테스트 글 제목 98, postContent=m4MMS4IpOL, postShowYN=Y, postWriter=자바, postViewCount=0, postCreateDate=2023-08-14 13:29:19.466, postUpdateDate=2023-08-14 13:29:19.466)
Post(postId=301, boardId=1, postTitle=테스트 글 제목 99, postContent=K50p4xIBBr, postShowYN=Y, postWriter=자바, postViewCount=0, postCreateDate=2023-08-14 13:29:19.466, postUpdateDate=2023-08-14 13:29:19.466)
Post(postId=302, boardId=1, postTitle=테스트 글 제목 100, postContent=9GaotIONiD, postShowYN=Y, postWriter=자바, postViewCount=0, postCreateDate=2023-08-14 13:29:19.466, postUpdateDate=2023-08-14 13:29:19.466)
Post(postId=303, boardId=1, postTitle=테스트 글 제목 101, postContent=92TbJwbuN1, postShowYN=Y, postWriter=자바, postViewCount=0, postCreateDate=2023-08-14 13:29:19.466, postUpdateDate=2023-08-14 13:29:19.466)
Post(postId=304, boardId=1, postTitle=테스트 글 제목 102, postContent=ZTUrsMkLGL, postShowYN=Y, postWriter=자바, postViewCount=0, postCreateDate=2023-08-14 13:29:19.466, postUpdateDate=2023-08-14 13:29:19.466)
Post(postId=305, boardId=1, postTitle=테스트 글 제목 103, postContent=xhyb4GzjNq, postShowYN=Y, postWriter=자바, postViewCount=0, postCreateDate=2023-08-14 13:29:19.466, postUpdateDate=2023-08-14 13:29:19.466)
Post(postId=306, boardId=1, postTitle=테스트 글 제목 104, postContent=BImBnCaUds, postShowYN=Y, postWriter=자바, postViewCount=0, postCreateDate=2023-08-14 13:29:19.466, postUpdateDate=2023-08-14 13:29:19.466)
Post(postId=307, boardId=1, postTitle=테스트 글 제목 105, postContent=ubzsbBcI8X, postShowYN=Y, postWriter=자바, postViewCount=0, postCreateDate=2023-08-14 13:29:19.466, postUpdateDate=2023-08-14 13:29:19.466)
Post(postId=308, boardId=1, postTitle=테스트 글 제목 106, postContent=nMz4Ex2dPf, postShowYN=Y, postWriter=자바, postViewCount=0, postCreateDate=2023-08-14 13:29:19.466, postUpdateDate=2023-08-14 13:29:19.466)
Post(postId=309, boardId=1, postTitle=테스트 글 제목 107, postContent=PxDub6BC9U, postShowYN=Y, postWriter=자바, postViewCount=0, postCreateDate=2023-08-14 13:29:19.482, postUpdateDate=2023-08-14 13:29:19.482)
Post(postId=310, boardId=1, postTitle=테스트 글 제목 108, postContent=n34ltXs9n0, postShowYN=Y, postWriter=자바, postViewCount=0, postCreateDate=2023-08-14 13:29:19.482, postUpdateDate=2023-08-14 13:29:19.482)
Post(postId=311, boardId=1, postTitle=테스트 글 제목 109, postContent=33GoaBP4iO, postShowYN=Y, postWriter=자바, postViewCount=0, postCreateDate=2023-08-14 13:29:19.482, postUpdateDate=2023-08-14 13:29:19.482)
Post(postId=312, boardId=1, postTitle=테스트 글 제목 110, postContent=w5uAbNuLCe, postShowYN=Y, postWriter=자바, postViewCount=0, postCreateDate=2023-08-14 13:29:19.482, postUpdateDate=2023-08-14 13:29:19.482)
Post(postId=313, boardId=1, postTitle=테스트 글 제목 111, postContent=LNtnD5bgbd, postShowYN=Y, postWriter=자바, postViewCount=0, postCreateDate=2023-08-14 13:29:19.482, postUpdateDate=2023-08-14 13:29:19.482)
Post(postId=314, boardId=1, postTitle=테스트 글 제목 112, postContent=Yv6U90aSV2, postShowYN=Y, postWriter=자바, postViewCount=0, postCreateDate=2023-08-14 13:29:19.482, postUpdateDate=2023-08-14 13:29:19.482)
Post(postId=315, boardId=1, postTitle=테스트 글 제목 113, postContent=LCy3oq15NU, postShowYN=Y, postWriter=자바, postViewCount=0, postCreateDate=2023-08-14 13:29:19.498, postUpdateDate=2023-08-14 13:29:19.498)
Post(postId=316, boardId=1, postTitle=테스트 글 제목 114, postContent=L5dlZC52Bx, postShowYN=Y, postWriter=자바, postViewCount=0, postCreateDate=2023-08-14 13:29:19.498, postUpdateDate=2023-08-14 13:29:19.498)
Post(postId=317, boardId=1, postTitle=테스트 글 제목 115, postContent=BbEbdefo0h, postShowYN=Y, postWriter=자바, postViewCount=0, postCreateDate=2023-08-14 13:29:19.498, postUpdateDate=2023-08-14 13:29:19.498)
Post(postId=318, boardId=1, postTitle=테스트 글 제목 116, postContent=4metZApNnq, postShowYN=Y, postWriter=자바, postViewCount=0, postCreateDate=2023-08-14 13:29:19.498, postUpdateDate=2023-08-14 13:29:19.498)
Post(postId=319, boardId=1, postTitle=테스트 글 제목 117, postContent=GdZTaMe7Km, postShowYN=Y, postWriter=자바, postViewCount=0, postCreateDate=2023-08-14 13:29:19.498, postUpdateDate=2023-08-14 13:29:19.498)
Post(postId=320, boardId=1, postTitle=테스트 글 제목 118, postContent=RXNjG2Wq40, postShowYN=Y, postWriter=자바, postViewCount=0, postCreateDate=2023-08-14 13:29:19.498, postUpdateDate=2023-08-14 13:29:19.498)
Post(postId=321, boardId=1, postTitle=테스트 글 제목 119, postContent=obArCu91xe, postShowYN=Y, postWriter=자바, postViewCount=0, postCreateDate=2023-08-14 13:29:19.498, postUpdateDate=2023-08-14 13:29:19.498)
Post(postId=322, boardId=1, postTitle=테스트 글 제목 120, postContent=87H9UqBSbm, postShowYN=Y, postWriter=자바, postViewCount=0, postCreateDate=2023-08-14 13:29:19.498, postUpdateDate=2023-08-14 13:29:19.498)
Post(postId=323, boardId=1, postTitle=테스트 글 제목 121, postContent=ZsPh8rBDJy, postShowYN=Y, postWriter=자바, postViewCount=0, postCreateDate=2023-08-14 13:29:19.498, postUpdateDate=2023-08-14 13:29:19.498)
Post(postId=324, boardId=1, postTitle=테스트 글 제목 122, postContent=RGL8epuYZg, postShowYN=Y, postWriter=자바, postViewCount=0, postCreateDate=2023-08-14 13:29:19.498, postUpdateDate=2023-08-14 13:29:19.498)
Post(postId=325, boardId=1, postTitle=테스트 글 제목 123, postContent=ciqfXB3t5e, postShowYN=Y, postWriter=자바, postViewCount=0, postCreateDate=2023-08-14 13:29:19.513, postUpdateDate=2023-08-14 13:29:19.513)
Post(postId=326, boardId=1, postTitle=테스트 글 제목 124, postContent=QoUajwEYgY, postShowYN=Y, postWriter=자바, postViewCount=0, postCreateDate=2023-08-14 13:29:19.513, postUpdateDate=2023-08-14 13:29:19.513)
Post(postId=327, boardId=1, postTitle=테스트 글 제목 125, postContent=9apiHWMEwe, postShowYN=Y, postWriter=자바, postViewCount=0, postCreateDate=2023-08-14 13:29:19.513, postUpdateDate=2023-08-14 13:29:19.513)
Post(postId=328, boardId=1, postTitle=테스트 글 제목 126, postContent=wPgoHGtrIW, postShowYN=Y, postWriter=자바, postViewCount=0, postCreateDate=2023-08-14 13:29:19.513, postUpdateDate=2023-08-14 13:29:19.513)
Post(postId=329, boardId=1, postTitle=테스트 글 제목 127, postContent=pqhJ0lim5n, postShowYN=Y, postWriter=자바, postViewCount=0, postCreateDate=2023-08-14 13:29:19.513, postUpdateDate=2023-08-14 13:29:19.513)
Post(postId=330, boardId=1, postTitle=테스트 글 제목 128, postContent=wf0ra5tDRL, postShowYN=Y, postWriter=자바, postViewCount=0, postCreateDate=2023-08-14 13:29:19.513, postUpdateDate=2023-08-14 13:29:19.513)
Post(postId=331, boardId=1, postTitle=테스트 글 제목 129, postContent=LzFUS9APo2, postShowYN=Y, postWriter=자바, postViewCount=0, postCreateDate=2023-08-14 13:29:19.513, postUpdateDate=2023-08-14 13:29:19.513)
Post(postId=332, boardId=1, postTitle=테스트 글 제목 130, postContent=2tnKg9NpZ7, postShowYN=Y, postWriter=자바, postViewCount=0, postCreateDate=2023-08-14 13:29:19.513, postUpdateDate=2023-08-14 13:29:19.513)
Post(postId=333, boardId=1, postTitle=테스트 글 제목 131, postContent=Nuh6jEUpJO, postShowYN=Y, postWriter=자바, postViewCount=0, postCreateDate=2023-08-14 13:29:19.513, postUpdateDate=2023-08-14 13:29:19.513)
Post(postId=334, boardId=1, postTitle=테스트 글 제목 132, postContent=IqsL4ORuXl, postShowYN=Y, postWriter=자바, postViewCount=0, postCreateDate=2023-08-14 13:29:19.513, postUpdateDate=2023-08-14 13:29:19.513)
Post(postId=335, boardId=1, postTitle=테스트 글 제목 133, postContent=vjqNq2RaRs, postShowYN=Y, postWriter=자바, postViewCount=0, postCreateDate=2023-08-14 13:29:19.513, postUpdateDate=2023-08-14 13:29:19.513)
Post(postId=336, boardId=1, postTitle=테스트 글 제목 134, postContent=edPIUY0Aft, postShowYN=Y, postWriter=자바, postViewCount=0, postCreateDate=2023-08-14 13:29:19.529, postUpdateDate=2023-08-14 13:29:19.529)
Post(postId=337, boardId=1, postTitle=테스트 글 제목 135, postContent=qQ4cdOYKBO, postShowYN=Y, postWriter=자바, postViewCount=0, postCreateDate=2023-08-14 13:29:19.529, postUpdateDate=2023-08-14 13:29:19.529)
Post(postId=338, boardId=1, postTitle=테스트 글 제목 136, postContent=fDGnljB2Ih, postShowYN=Y, postWriter=자바, postViewCount=0, postCreateDate=2023-08-14 13:29:19.529, postUpdateDate=2023-08-14 13:29:19.529)
Post(postId=339, boardId=1, postTitle=테스트 글 제목 137, postContent=2ns3PE6XAL, postShowYN=Y, postWriter=자바, postViewCount=0, postCreateDate=2023-08-14 13:29:19.529, postUpdateDate=2023-08-14 13:29:19.529)
Post(postId=340, boardId=1, postTitle=테스트 글 제목 138, postContent=uvNWFPEtLr, postShowYN=Y, postWriter=자바, postViewCount=0, postCreateDate=2023-08-14 13:29:19.529, postUpdateDate=2023-08-14 13:29:19.529)
Post(postId=341, boardId=1, postTitle=테스트 글 제목 139, postContent=teiA1J8hxk, postShowYN=Y, postWriter=자바, postViewCount=0, postCreateDate=2023-08-14 13:29:19.529, postUpdateDate=2023-08-14 13:29:19.529)
Post(postId=342, boardId=1, postTitle=테스트 글 제목 140, postContent=VznM8mk4SO, postShowYN=Y, postWriter=자바, postViewCount=0, postCreateDate=2023-08-14 13:29:19.529, postUpdateDate=2023-08-14 13:29:19.529)
Post(postId=343, boardId=1, postTitle=테스트 글 제목 141, postContent=9ktzeFtqVL, postShowYN=Y, postWriter=자바, postViewCount=0, postCreateDate=2023-08-14 13:29:19.529, postUpdateDate=2023-08-14 13:29:19.529)
Post(postId=344, boardId=1, postTitle=테스트 글 제목 142, postContent=NOlwHj8dsM, postShowYN=Y, postWriter=자바, postViewCount=0, postCreateDate=2023-08-14 13:29:19.529, postUpdateDate=2023-08-14 13:29:19.529)
Post(postId=345, boardId=1, postTitle=테스트 글 제목 143, postContent=JOz6JTiQ9k, postShowYN=Y, postWriter=자바, postViewCount=0, postCreateDate=2023-08-14 13:29:19.529, postUpdateDate=2023-08-14 13:29:19.529)
Post(postId=346, boardId=1, postTitle=테스트 글 제목 144, postContent=IhnB2rjCDh, postShowYN=Y, postWriter=자바, postViewCount=0, postCreateDate=2023-08-14 13:29:19.529, postUpdateDate=2023-08-14 13:29:19.529)
Post(postId=347, boardId=1, postTitle=테스트 글 제목 145, postContent=2nHzxOcsV6, postShowYN=Y, postWriter=자바, postViewCount=0, postCreateDate=2023-08-14 13:29:19.529, postUpdateDate=2023-08-14 13:29:19.529)
Post(postId=348, boardId=1, postTitle=테스트 글 제목 146, postContent=vRC6Bm2dT5, postShowYN=Y, postWriter=자바, postViewCount=0, postCreateDate=2023-08-14 13:29:19.529, postUpdateDate=2023-08-14 13:29:19.529)
Post(postId=349, boardId=1, postTitle=테스트 글 제목 147, postContent=wvFdznPQdV, postShowYN=Y, postWriter=자바, postViewCount=0, postCreateDate=2023-08-14 13:29:19.544, postUpdateDate=2023-08-14 13:29:19.544)
Post(postId=350, boardId=1, postTitle=테스트 글 제목 148, postContent=1UOFm43z2S, postShowYN=Y, postWriter=자바, postViewCount=0, postCreateDate=2023-08-14 13:29:19.544, postUpdateDate=2023-08-14 13:29:19.544)
Post(postId=351, boardId=1, postTitle=테스트 글 제목 149, postContent=QX8rPOGeA2, postShowYN=Y, postWriter=자바, postViewCount=0, postCreateDate=2023-08-14 13:29:19.544, postUpdateDate=2023-08-14 13:29:19.544)
Post(postId=352, boardId=1, postTitle=테스트 글 제목 150, postContent=0CpDHZx7Ak, postShowYN=Y, postWriter=자바, postViewCount=0, postCreateDate=2023-08-14 13:29:19.544, postUpdateDate=2023-08-14 13:29:19.544)
Post(postId=353, boardId=1, postTitle=테스트 글 제목 151, postContent=N1sZptKdYq, postShowYN=Y, postWriter=자바, postViewCount=0, postCreateDate=2023-08-14 13:29:19.544, postUpdateDate=2023-08-14 13:29:19.544)
Post(postId=354, boardId=1, postTitle=테스트 글 제목 152, postContent=SgooaNL0ZQ, postShowYN=Y, postWriter=자바, postViewCount=0, postCreateDate=2023-08-14 13:29:19.544, postUpdateDate=2023-08-14 13:29:19.544)
Post(postId=355, boardId=1, postTitle=테스트 글 제목 153, postContent=IuBUs1qm2d, postShowYN=Y, postWriter=자바, postViewCount=0, postCreateDate=2023-08-14 13:29:19.544, postUpdateDate=2023-08-14 13:29:19.544)
Post(postId=356, boardId=1, postTitle=테스트 글 제목 154, postContent=OgWPNNYMGr, postShowYN=Y, postWriter=자바, postViewCount=0, postCreateDate=2023-08-14 13:29:19.544, postUpdateDate=2023-08-14 13:29:19.544)
Post(postId=357, boardId=1, postTitle=테스트 글 제목 155, postContent=dnlXaPJKgm, postShowYN=Y, postWriter=자바, postViewCount=0, postCreateDate=2023-08-14 13:29:19.544, postUpdateDate=2023-08-14 13:29:19.544)
Post(postId=358, boardId=1, postTitle=테스트 글 제목 156, postContent=Settxv5JEs, postShowYN=Y, postWriter=자바, postViewCount=0, postCreateDate=2023-08-14 13:29:19.544, postUpdateDate=2023-08-14 13:29:19.544)
Post(postId=359, boardId=1, postTitle=테스트 글 제목 157, postContent=lBTldg4187, postShowYN=Y, postWriter=자바, postViewCount=0, postCreateDate=2023-08-14 13:29:19.544, postUpdateDate=2023-08-14 13:29:19.544)
Post(postId=360, boardId=1, postTitle=테스트 글 제목 158, postContent=pdhKOS9j5M, postShowYN=Y, postWriter=자바, postViewCount=0, postCreateDate=2023-08-14 13:29:19.544, postUpdateDate=2023-08-14 13:29:19.544)
Post(postId=361, boardId=1, postTitle=테스트 글 제목 159, postContent=u7NWNJy082, postShowYN=Y, postWriter=자바, postViewCount=0, postCreateDate=2023-08-14 13:29:19.56, postUpdateDate=2023-08-14 13:29:19.56)
Post(postId=362, boardId=1, postTitle=테스트 글 제목 160, postContent=1LR5YTOlKR, postShowYN=Y, postWriter=자바, postViewCount=0, postCreateDate=2023-08-14 13:29:19.56, postUpdateDate=2023-08-14 13:29:19.56)
Post(postId=363, boardId=1, postTitle=테스트 글 제목 161, postContent=4fzfOt211B, postShowYN=Y, postWriter=자바, postViewCount=0, postCreateDate=2023-08-14 13:29:19.56, postUpdateDate=2023-08-14 13:29:19.56)
Post(postId=364, boardId=1, postTitle=테스트 글 제목 162, postContent=1rjwo0Wkfe, postShowYN=Y, postWriter=자바, postViewCount=0, postCreateDate=2023-08-14 13:29:19.56, postUpdateDate=2023-08-14 13:29:19.56)
Post(postId=365, boardId=1, postTitle=테스트 글 제목 163, postContent=mVIERtXbNx, postShowYN=Y, postWriter=자바, postViewCount=0, postCreateDate=2023-08-14 13:29:19.56, postUpdateDate=2023-08-14 13:29:19.56)
Post(postId=366, boardId=1, postTitle=테스트 글 제목 164, postContent=trqCcF0pDx, postShowYN=Y, postWriter=자바, postViewCount=0, postCreateDate=2023-08-14 13:29:19.56, postUpdateDate=2023-08-14 13:29:19.56)
Post(postId=367, boardId=1, postTitle=테스트 글 제목 165, postContent=AARYLIY7V5, postShowYN=Y, postWriter=자바, postViewCount=0, postCreateDate=2023-08-14 13:29:19.56, postUpdateDate=2023-08-14 13:29:19.56)
Post(postId=368, boardId=1, postTitle=테스트 글 제목 166, postContent=05tJe94ul4, postShowYN=Y, postWriter=자바, postViewCount=0, postCreateDate=2023-08-14 13:29:19.56, postUpdateDate=2023-08-14 13:29:19.56)
Post(postId=369, boardId=1, postTitle=테스트 글 제목 167, postContent=rRTSrmobPK, postShowYN=Y, postWriter=자바, postViewCount=0, postCreateDate=2023-08-14 13:29:19.56, postUpdateDate=2023-08-14 13:29:19.56)
Post(postId=370, boardId=1, postTitle=테스트 글 제목 168, postContent=FgIeulrc6I, postShowYN=Y, postWriter=자바, postViewCount=0, postCreateDate=2023-08-14 13:29:19.56, postUpdateDate=2023-08-14 13:29:19.56)
Post(postId=371, boardId=1, postTitle=테스트 글 제목 169, postContent=8nMqMJjLjF, postShowYN=Y, postWriter=자바, postViewCount=0, postCreateDate=2023-08-14 13:29:19.56, postUpdateDate=2023-08-14 13:29:19.56)
Post(postId=372, boardId=1, postTitle=테스트 글 제목 170, postContent=PX9dFe3VYT, postShowYN=Y, postWriter=자바, postViewCount=0, postCreateDate=2023-08-14 13:29:19.56, postUpdateDate=2023-08-14 13:29:19.56)
Post(postId=373, boardId=1, postTitle=테스트 글 제목 171, postContent=mSizrnwpRi, postShowYN=Y, postWriter=자바, postViewCount=0, postCreateDate=2023-08-14 13:29:19.56, postUpdateDate=2023-08-14 13:29:19.56)
Post(postId=374, boardId=1, postTitle=테스트 글 제목 172, postContent=GUOHgruUR2, postShowYN=Y, postWriter=자바, postViewCount=0, postCreateDate=2023-08-14 13:29:19.56, postUpdateDate=2023-08-14 13:29:19.56)
Post(postId=375, boardId=1, postTitle=테스트 글 제목 173, postContent=6Obt39yLpt, postShowYN=Y, postWriter=자바, postViewCount=0, postCreateDate=2023-08-14 13:29:19.576, postUpdateDate=2023-08-14 13:29:19.576)
Post(postId=376, boardId=1, postTitle=테스트 글 제목 174, postContent=ytxGKILb8s, postShowYN=Y, postWriter=자바, postViewCount=0, postCreateDate=2023-08-14 13:29:19.576, postUpdateDate=2023-08-14 13:29:19.576)
Post(postId=377, boardId=1, postTitle=테스트 글 제목 175, postContent=Sxb8QFDGjp, postShowYN=Y, postWriter=자바, postViewCount=0, postCreateDate=2023-08-14 13:29:19.576, postUpdateDate=2023-08-14 13:29:19.576)
Post(postId=378, boardId=1, postTitle=테스트 글 제목 176, postContent=THGcGRH90q, postShowYN=Y, postWriter=자바, postViewCount=0, postCreateDate=2023-08-14 13:29:19.576, postUpdateDate=2023-08-14 13:29:19.576)
Post(postId=379, boardId=1, postTitle=테스트 글 제목 177, postContent=kYKAcr8vbH, postShowYN=Y, postWriter=자바, postViewCount=0, postCreateDate=2023-08-14 13:29:19.576, postUpdateDate=2023-08-14 13:29:19.576)
Post(postId=380, boardId=1, postTitle=테스트 글 제목 178, postContent=OgGebFPaKg, postShowYN=Y, postWriter=자바, postViewCount=0, postCreateDate=2023-08-14 13:29:19.576, postUpdateDate=2023-08-14 13:29:19.576)
Post(postId=381, boardId=1, postTitle=테스트 글 제목 179, postContent=HMGU1ScxfM, postShowYN=Y, postWriter=자바, postViewCount=0, postCreateDate=2023-08-14 13:29:19.576, postUpdateDate=2023-08-14 13:29:19.576)
Post(postId=382, boardId=1, postTitle=테스트 글 제목 180, postContent=dqSLgDCqGy, postShowYN=Y, postWriter=자바, postViewCount=0, postCreateDate=2023-08-14 13:29:19.576, postUpdateDate=2023-08-14 13:29:19.576)
Post(postId=383, boardId=1, postTitle=테스트 글 제목 181, postContent=PbrMCuoYrO, postShowYN=Y, postWriter=자바, postViewCount=0, postCreateDate=2023-08-14 13:29:19.576, postUpdateDate=2023-08-14 13:29:19.576)
Post(postId=384, boardId=1, postTitle=테스트 글 제목 182, postContent=cA91thGthG, postShowYN=Y, postWriter=자바, postViewCount=0, postCreateDate=2023-08-14 13:29:19.576, postUpdateDate=2023-08-14 13:29:19.576)
Post(postId=385, boardId=1, postTitle=테스트 글 제목 183, postContent=TVsmmVJKrb, postShowYN=Y, postWriter=자바, postViewCount=0, postCreateDate=2023-08-14 13:29:19.576, postUpdateDate=2023-08-14 13:29:19.576)
Post(postId=386, boardId=1, postTitle=테스트 글 제목 184, postContent=B6I8JQBvYK, postShowYN=Y, postWriter=자바, postViewCount=0, postCreateDate=2023-08-14 13:29:19.576, postUpdateDate=2023-08-14 13:29:19.576)
Post(postId=387, boardId=1, postTitle=테스트 글 제목 185, postContent=5hPq2CtJUr, postShowYN=Y, postWriter=자바, postViewCount=0, postCreateDate=2023-08-14 13:29:19.591, postUpdateDate=2023-08-14 13:29:19.591)
Post(postId=388, boardId=1, postTitle=테스트 글 제목 186, postContent=YSXX5Ovup6, postShowYN=Y, postWriter=자바, postViewCount=0, postCreateDate=2023-08-14 13:29:19.591, postUpdateDate=2023-08-14 13:29:19.591)
Post(postId=389, boardId=1, postTitle=테스트 글 제목 187, postContent=yZwfDTk5fo, postShowYN=Y, postWriter=자바, postViewCount=0, postCreateDate=2023-08-14 13:29:19.591, postUpdateDate=2023-08-14 13:29:19.591)
Post(postId=390, boardId=1, postTitle=테스트 글 제목 188, postContent=mRjwUBOjEa, postShowYN=Y, postWriter=자바, postViewCount=0, postCreateDate=2023-08-14 13:29:19.591, postUpdateDate=2023-08-14 13:29:19.591)
Post(postId=391, boardId=1, postTitle=테스트 글 제목 189, postContent=GSK7Po1ZXl, postShowYN=Y, postWriter=자바, postViewCount=0, postCreateDate=2023-08-14 13:29:19.591, postUpdateDate=2023-08-14 13:29:19.591)
Post(postId=392, boardId=1, postTitle=테스트 글 제목 190, postContent=jr0Wpx6RNH, postShowYN=Y, postWriter=자바, postViewCount=0, postCreateDate=2023-08-14 13:29:19.591, postUpdateDate=2023-08-14 13:29:19.591)
Post(postId=393, boardId=1, postTitle=테스트 글 제목 191, postContent=5Mh06K6N6l, postShowYN=Y, postWriter=자바, postViewCount=0, postCreateDate=2023-08-14 13:29:19.591, postUpdateDate=2023-08-14 13:29:19.591)
Post(postId=394, boardId=1, postTitle=테스트 글 제목 192, postContent=o5tFcuxsZt, postShowYN=Y, postWriter=자바, postViewCount=0, postCreateDate=2023-08-14 13:29:19.591, postUpdateDate=2023-08-14 13:29:19.591)
Post(postId=395, boardId=1, postTitle=테스트 글 제목 193, postContent=VTTo7bKi7C, postShowYN=Y, postWriter=자바, postViewCount=0, postCreateDate=2023-08-14 13:29:19.591, postUpdateDate=2023-08-14 13:29:19.591)
Post(postId=396, boardId=1, postTitle=테스트 글 제목 194, postContent=RPyosLAHle, postShowYN=Y, postWriter=자바, postViewCount=0, postCreateDate=2023-08-14 13:29:19.607, postUpdateDate=2023-08-14 13:29:19.607)
Post(postId=397, boardId=1, postTitle=테스트 글 제목 195, postContent=Mi9cRoLQ1K, postShowYN=Y, postWriter=자바, postViewCount=0, postCreateDate=2023-08-14 13:29:19.607, postUpdateDate=2023-08-14 13:29:19.607)
Post(postId=398, boardId=1, postTitle=테스트 글 제목 196, postContent=MCOgJjyXcr, postShowYN=Y, postWriter=자바, postViewCount=0, postCreateDate=2023-08-14 13:29:19.607, postUpdateDate=2023-08-14 13:29:19.607)
Post(postId=399, boardId=1, postTitle=테스트 글 제목 197, postContent=YYsEY2LZhu, postShowYN=Y, postWriter=자바, postViewCount=0, postCreateDate=2023-08-14 13:29:19.607, postUpdateDate=2023-08-14 13:29:19.607)
Post(postId=400, boardId=1, postTitle=테스트 글 제목 198, postContent=FbFJ3A089D, postShowYN=Y, postWriter=자바, postViewCount=0, postCreateDate=2023-08-14 13:29:19.607, postUpdateDate=2023-08-14 13:29:19.607)
Post(postId=401, boardId=1, postTitle=테스트 글 제목 199, postContent=Jr6r88SmDK, postShowYN=Y, postWriter=자바, postViewCount=0, postCreateDate=2023-08-14 13:29:19.607, postUpdateDate=2023-08-14 13:29:19.607)
Post(postId=402, boardId=1, postTitle=테스트 글 제목 200, postContent=bpWuEGoFQ9, postShowYN=Y, postWriter=자바, postViewCount=0, postCreateDate=2023-08-14 13:29:19.607, postUpdateDate=2023-08-14 13:29:19.607)
399개의 게시글을 조회하였습니다.
2023-08-14 13:34:04.246 DEBUG 8668 --- [    Test worker] org.hibernate.SQL                        : 
    select
        post0_.post_id as post_id1_2_0_,
        post0_.board_id as board_id2_2_0_,
        post0_.post_content as post_con3_2_0_,
        post0_.post_create_date as post_cre4_2_0_,
        post0_.post_showyn as post_sho5_2_0_,
        post0_.post_title as post_tit6_2_0_,
        post0_.post_update_date as post_upd7_2_0_,
        post0_.post_view_count as post_vie8_2_0_,
        post0_.post_writer as post_wri9_2_0_ 
    from
        tb_post post0_ 
    where
        post0_.post_id=?
Hibernate: 
    select
        post0_.post_id as post_id1_2_0_,
        post0_.board_id as board_id2_2_0_,
        post0_.post_content as post_con3_2_0_,
        post0_.post_create_date as post_cre4_2_0_,
        post0_.post_showyn as post_sho5_2_0_,
        post0_.post_title as post_tit6_2_0_,
        post0_.post_update_date as post_upd7_2_0_,
        post0_.post_view_count as post_vie8_2_0_,
        post0_.post_writer as post_wri9_2_0_ 
    from
        tb_post post0_ 
    where
        post0_.post_id=?
2023-08-14 13:34:04.246 TRACE 8668 --- [    Test worker] o.h.type.descriptor.sql.BasicBinder      : binding parameter [1] as [BIGINT] - [1]
2023-08-14 13:34:04.261 TRACE 8668 --- [    Test worker] o.h.type.descriptor.sql.BasicExtractor   : extracted value ([board_id2_2_0_] : [BIGINT]) - [1]
2023-08-14 13:34:04.261 TRACE 8668 --- [    Test worker] o.h.type.descriptor.sql.BasicExtractor   : extracted value ([post_con3_2_0_] : [VARCHAR]) - [독서실에 와서 공부 중입니다.]
2023-08-14 13:34:04.261 TRACE 8668 --- [    Test worker] o.h.type.descriptor.sql.BasicExtractor   : extracted value ([post_cre4_2_0_] : [TIMESTAMP]) - [2023-08-14 11:35:13.286]
2023-08-14 13:34:04.261 TRACE 8668 --- [    Test worker] o.h.type.descriptor.sql.BasicExtractor   : extracted value ([post_sho5_2_0_] : [VARCHAR]) - [Y]
2023-08-14 13:34:04.261 TRACE 8668 --- [    Test worker] o.h.type.descriptor.sql.BasicExtractor   : extracted value ([post_tit6_2_0_] : [VARCHAR]) - [오늘의 날씨 update]
2023-08-14 13:34:04.261 TRACE 8668 --- [    Test worker] o.h.type.descriptor.sql.BasicExtractor   : extracted value ([post_upd7_2_0_] : [TIMESTAMP]) - [2023-08-14 13:29:19.248]
2023-08-14 13:34:04.261 TRACE 8668 --- [    Test worker] o.h.type.descriptor.sql.BasicExtractor   : extracted value ([post_vie8_2_0_] : [INTEGER]) - [0]
2023-08-14 13:34:04.261 TRACE 8668 --- [    Test worker] o.h.type.descriptor.sql.BasicExtractor   : extracted value ([post_wri9_2_0_] : [VARCHAR]) - [자바]
Post(postId=1, boardId=1, postTitle=오늘의 날씨 update, postContent=독서실에 와서 공부 중입니다., postShowYN=Y, postWriter=자바, postViewCount=0, postCreateDate=2023-08-14 11:35:13.286, postUpdateDate=2023-08-14 13:29:19.248)
2023-08-14 13:34:04.277 DEBUG 8668 --- [    Test worker] org.hibernate.SQL                        : 
    select
        post0_.post_id as post_id1_2_0_,
        post0_.board_id as board_id2_2_0_,
        post0_.post_content as post_con3_2_0_,
        post0_.post_create_date as post_cre4_2_0_,
        post0_.post_showyn as post_sho5_2_0_,
        post0_.post_title as post_tit6_2_0_,
        post0_.post_update_date as post_upd7_2_0_,
        post0_.post_view_count as post_vie8_2_0_,
        post0_.post_writer as post_wri9_2_0_ 
    from
        tb_post post0_ 
    where
        post0_.post_id=?
Hibernate: 
    select
        post0_.post_id as post_id1_2_0_,
        post0_.board_id as board_id2_2_0_,
        post0_.post_content as post_con3_2_0_,
        post0_.post_create_date as post_cre4_2_0_,
        post0_.post_showyn as post_sho5_2_0_,
        post0_.post_title as post_tit6_2_0_,
        post0_.post_update_date as post_upd7_2_0_,
        post0_.post_view_count as post_vie8_2_0_,
        post0_.post_writer as post_wri9_2_0_ 
    from
        tb_post post0_ 
    where
        post0_.post_id=?
2023-08-14 13:34:04.277 TRACE 8668 --- [    Test worker] o.h.type.descriptor.sql.BasicBinder      : binding parameter [1] as [BIGINT] - [1]
2023-08-14 13:34:04.277 TRACE 8668 --- [    Test worker] o.h.type.descriptor.sql.BasicExtractor   : extracted value ([board_id2_2_0_] : [BIGINT]) - [1]
2023-08-14 13:34:04.277 TRACE 8668 --- [    Test worker] o.h.type.descriptor.sql.BasicExtractor   : extracted value ([post_con3_2_0_] : [VARCHAR]) - [독서실에 와서 공부 중입니다.]
2023-08-14 13:34:04.277 TRACE 8668 --- [    Test worker] o.h.type.descriptor.sql.BasicExtractor   : extracted value ([post_cre4_2_0_] : [TIMESTAMP]) - [2023-08-14 11:35:13.286]
2023-08-14 13:34:04.277 TRACE 8668 --- [    Test worker] o.h.type.descriptor.sql.BasicExtractor   : extracted value ([post_sho5_2_0_] : [VARCHAR]) - [Y]
2023-08-14 13:34:04.277 TRACE 8668 --- [    Test worker] o.h.type.descriptor.sql.BasicExtractor   : extracted value ([post_tit6_2_0_] : [VARCHAR]) - [오늘의 날씨 update]
2023-08-14 13:34:04.277 TRACE 8668 --- [    Test worker] o.h.type.descriptor.sql.BasicExtractor   : extracted value ([post_upd7_2_0_] : [TIMESTAMP]) - [2023-08-14 13:29:19.248]
2023-08-14 13:34:04.277 TRACE 8668 --- [    Test worker] o.h.type.descriptor.sql.BasicExtractor   : extracted value ([post_vie8_2_0_] : [INTEGER]) - [0]
2023-08-14 13:34:04.277 TRACE 8668 --- [    Test worker] o.h.type.descriptor.sql.BasicExtractor   : extracted value ([post_wri9_2_0_] : [VARCHAR]) - [자바]
게시글 수정 완료
2023-08-14 13:34:04.277 DEBUG 8668 --- [    Test worker] org.hibernate.SQL                        : 
    select
        board0_.board_id as board_id1_0_0_,
        board0_.board_create_date as board_cr2_0_0_,
        board0_.board_create_user as board_cr3_0_0_,
        board0_.board_name as board_na4_0_0_,
        board0_.board_update_date as board_up5_0_0_,
        board0_.board_update_user as board_up6_0_0_,
        board0_.board_useyn as board_us7_0_0_,
        board0_.board_nav_bar_id as board_na8_0_0_ 
    from
        tb_board board0_ 
    where
        board0_.board_id=?
Hibernate: 
    select
        board0_.board_id as board_id1_0_0_,
        board0_.board_create_date as board_cr2_0_0_,
        board0_.board_create_user as board_cr3_0_0_,
        board0_.board_name as board_na4_0_0_,
        board0_.board_update_date as board_up5_0_0_,
        board0_.board_update_user as board_up6_0_0_,
        board0_.board_useyn as board_us7_0_0_,
        board0_.board_nav_bar_id as board_na8_0_0_ 
    from
        tb_board board0_ 
    where
        board0_.board_id=?
2023-08-14 13:34:04.277 TRACE 8668 --- [    Test worker] o.h.type.descriptor.sql.BasicBinder      : binding parameter [1] as [BIGINT] - [1]
2023-08-14 13:34:04.277 TRACE 8668 --- [    Test worker] o.h.type.descriptor.sql.BasicExtractor   : extracted value ([board_cr2_0_0_] : [TIMESTAMP]) - [2023-08-14 11:35:13.255]
2023-08-14 13:34:04.277 TRACE 8668 --- [    Test worker] o.h.type.descriptor.sql.BasicExtractor   : extracted value ([board_cr3_0_0_] : [VARCHAR]) - [자바]
2023-08-14 13:34:04.277 TRACE 8668 --- [    Test worker] o.h.type.descriptor.sql.BasicExtractor   : extracted value ([board_na4_0_0_] : [VARCHAR]) - [임시 게시판]
2023-08-14 13:34:04.277 TRACE 8668 --- [    Test worker] o.h.type.descriptor.sql.BasicExtractor   : extracted value ([board_up5_0_0_] : [TIMESTAMP]) - [2023-08-14 11:35:13.255]
2023-08-14 13:34:04.277 TRACE 8668 --- [    Test worker] o.h.type.descriptor.sql.BasicExtractor   : extracted value ([board_up6_0_0_] : [VARCHAR]) - [null]
2023-08-14 13:34:04.277 TRACE 8668 --- [    Test worker] o.h.type.descriptor.sql.BasicExtractor   : extracted value ([board_us7_0_0_] : [VARCHAR]) - [Y]
2023-08-14 13:34:04.277 TRACE 8668 --- [    Test worker] o.h.type.descriptor.sql.BasicExtractor   : extracted value ([board_na8_0_0_] : [BIGINT]) - [1]
2023-08-14 13:34:04.293 DEBUG 8668 --- [    Test worker] org.hibernate.SQL                        : 
    select
        nextval(post_seq)
Hibernate: 
    select
        nextval(post_seq)
2023-08-14 13:34:04.308 DEBUG 8668 --- [    Test worker] org.hibernate.SQL                        : 
    insert 
    into
        tb_post
        (board_id, post_content, post_create_date, post_title, post_update_date, post_view_count, post_writer, post_id) 
    values
        (?, ?, ?, ?, ?, ?, ?, ?)
Hibernate: 
    insert 
    into
        tb_post
        (board_id, post_content, post_create_date, post_title, post_update_date, post_view_count, post_writer, post_id) 
    values
        (?, ?, ?, ?, ?, ?, ?, ?)
2023-08-14 13:34:04.308 TRACE 8668 --- [    Test worker] o.h.type.descriptor.sql.BasicBinder      : binding parameter [1] as [BIGINT] - [1]
2023-08-14 13:34:04.308 TRACE 8668 --- [    Test worker] o.h.type.descriptor.sql.BasicBinder      : binding parameter [2] as [VARCHAR] - [독서실에 와서 공부 중입니다.]
2023-08-14 13:34:04.308 TRACE 8668 --- [    Test worker] o.h.type.descriptor.sql.BasicBinder      : binding parameter [3] as [TIMESTAMP] - [2023-08-14 13:34:04.293]
2023-08-14 13:34:04.308 TRACE 8668 --- [    Test worker] o.h.type.descriptor.sql.BasicBinder      : binding parameter [4] as [VARCHAR] - [오늘은 8월 셋째주 월요일입니다.]
2023-08-14 13:34:04.308 TRACE 8668 --- [    Test worker] o.h.type.descriptor.sql.BasicBinder      : binding parameter [5] as [TIMESTAMP] - [2023-08-14 13:34:04.293]
2023-08-14 13:34:04.308 TRACE 8668 --- [    Test worker] o.h.type.descriptor.sql.BasicBinder      : binding parameter [6] as [INTEGER] - [0]
2023-08-14 13:34:04.308 TRACE 8668 --- [    Test worker] o.h.type.descriptor.sql.BasicBinder      : binding parameter [7] as [VARCHAR] - [자바]
2023-08-14 13:34:04.308 TRACE 8668 --- [    Test worker] o.h.type.descriptor.sql.BasicBinder      : binding parameter [8] as [BIGINT] - [403]
Post(postId=403, boardId=1, postTitle=오늘은 8월 셋째주 월요일입니다., postContent=독서실에 와서 공부 중입니다., postShowYN=null, postWriter=자바, postViewCount=0, postCreateDate=2023-08-14 13:34:04.293, postUpdateDate=2023-08-14 13:34:04.293)
2023-08-14 13:34:04.308 DEBUG 8668 --- [    Test worker] org.hibernate.SQL                        : 
    select
        post0_.post_id as post_id1_2_,
        post0_.board_id as board_id2_2_,
        post0_.post_content as post_con3_2_,
        post0_.post_create_date as post_cre4_2_,
        post0_.post_showyn as post_sho5_2_,
        post0_.post_title as post_tit6_2_,
        post0_.post_update_date as post_upd7_2_,
        post0_.post_view_count as post_vie8_2_,
        post0_.post_writer as post_wri9_2_ 
    from
        tb_post post0_ 
    where
        (
            post0_.post_title like ? escape ?
        ) 
        and post0_.post_id>? 
        and post0_.post_id<? 
    order by
        post0_.post_id desc limit ?
Hibernate: 
    select
        post0_.post_id as post_id1_2_,
        post0_.board_id as board_id2_2_,
        post0_.post_content as post_con3_2_,
        post0_.post_create_date as post_cre4_2_,
        post0_.post_showyn as post_sho5_2_,
        post0_.post_title as post_tit6_2_,
        post0_.post_update_date as post_upd7_2_,
        post0_.post_view_count as post_vie8_2_,
        post0_.post_writer as post_wri9_2_ 
    from
        tb_post post0_ 
    where
        (
            post0_.post_title like ? escape ?
        ) 
        and post0_.post_id>? 
        and post0_.post_id<? 
    order by
        post0_.post_id desc limit ?
2023-08-14 13:34:04.308 TRACE 8668 --- [    Test worker] o.h.type.descriptor.sql.BasicBinder      : binding parameter [1] as [VARCHAR] - [%테스트%]
2023-08-14 13:34:04.308 TRACE 8668 --- [    Test worker] o.h.type.descriptor.sql.BasicBinder      : binding parameter [2] as [CHAR] - [\]
2023-08-14 13:34:04.308 TRACE 8668 --- [    Test worker] o.h.type.descriptor.sql.BasicBinder      : binding parameter [3] as [BIGINT] - [0]
2023-08-14 13:34:04.308 TRACE 8668 --- [    Test worker] o.h.type.descriptor.sql.BasicBinder      : binding parameter [4] as [BIGINT] - [51]
2023-08-14 13:34:04.324 TRACE 8668 --- [    Test worker] o.h.type.descriptor.sql.BasicExtractor   : extracted value ([post_id1_2_] : [BIGINT]) - [50]
2023-08-14 13:34:04.324 TRACE 8668 --- [    Test worker] o.h.type.descriptor.sql.BasicExtractor   : extracted value ([board_id2_2_] : [BIGINT]) - [1]
2023-08-14 13:34:04.324 TRACE 8668 --- [    Test worker] o.h.type.descriptor.sql.BasicExtractor   : extracted value ([post_con3_2_] : [VARCHAR]) - [MkhQxlqMGf]
2023-08-14 13:34:04.324 TRACE 8668 --- [    Test worker] o.h.type.descriptor.sql.BasicExtractor   : extracted value ([post_cre4_2_] : [TIMESTAMP]) - [2023-08-14 11:35:13.443]
2023-08-14 13:34:04.324 TRACE 8668 --- [    Test worker] o.h.type.descriptor.sql.BasicExtractor   : extracted value ([post_sho5_2_] : [VARCHAR]) - [Y]
2023-08-14 13:34:04.324 TRACE 8668 --- [    Test worker] o.h.type.descriptor.sql.BasicExtractor   : extracted value ([post_tit6_2_] : [VARCHAR]) - [테스트 글 제목 49]
2023-08-14 13:34:04.324 TRACE 8668 --- [    Test worker] o.h.type.descriptor.sql.BasicExtractor   : extracted value ([post_upd7_2_] : [TIMESTAMP]) - [2023-08-14 11:35:13.443]
2023-08-14 13:34:04.324 TRACE 8668 --- [    Test worker] o.h.type.descriptor.sql.BasicExtractor   : extracted value ([post_vie8_2_] : [INTEGER]) - [0]
2023-08-14 13:34:04.324 TRACE 8668 --- [    Test worker] o.h.type.descriptor.sql.BasicExtractor   : extracted value ([post_wri9_2_] : [VARCHAR]) - [자바]
2023-08-14 13:34:04.324 TRACE 8668 --- [    Test worker] o.h.type.descriptor.sql.BasicExtractor   : extracted value ([post_id1_2_] : [BIGINT]) - [49]
2023-08-14 13:34:04.324 TRACE 8668 --- [    Test worker] o.h.type.descriptor.sql.BasicExtractor   : extracted value ([board_id2_2_] : [BIGINT]) - [1]
2023-08-14 13:34:04.324 TRACE 8668 --- [    Test worker] o.h.type.descriptor.sql.BasicExtractor   : extracted value ([post_con3_2_] : [VARCHAR]) - [oCKNEp1lCd]
2023-08-14 13:34:04.324 TRACE 8668 --- [    Test worker] o.h.type.descriptor.sql.BasicExtractor   : extracted value ([post_cre4_2_] : [TIMESTAMP]) - [2023-08-14 11:35:13.443]
2023-08-14 13:34:04.324 TRACE 8668 --- [    Test worker] o.h.type.descriptor.sql.BasicExtractor   : extracted value ([post_sho5_2_] : [VARCHAR]) - [Y]
2023-08-14 13:34:04.324 TRACE 8668 --- [    Test worker] o.h.type.descriptor.sql.BasicExtractor   : extracted value ([post_tit6_2_] : [VARCHAR]) - [테스트 글 제목 48]
2023-08-14 13:34:04.324 TRACE 8668 --- [    Test worker] o.h.type.descriptor.sql.BasicExtractor   : extracted value ([post_upd7_2_] : [TIMESTAMP]) - [2023-08-14 11:35:13.443]
2023-08-14 13:34:04.324 TRACE 8668 --- [    Test worker] o.h.type.descriptor.sql.BasicExtractor   : extracted value ([post_vie8_2_] : [INTEGER]) - [0]
2023-08-14 13:34:04.324 TRACE 8668 --- [    Test worker] o.h.type.descriptor.sql.BasicExtractor   : extracted value ([post_wri9_2_] : [VARCHAR]) - [자바]
2023-08-14 13:34:04.324 TRACE 8668 --- [    Test worker] o.h.type.descriptor.sql.BasicExtractor   : extracted value ([post_id1_2_] : [BIGINT]) - [48]
2023-08-14 13:34:04.324 TRACE 8668 --- [    Test worker] o.h.type.descriptor.sql.BasicExtractor   : extracted value ([board_id2_2_] : [BIGINT]) - [1]
2023-08-14 13:34:04.324 TRACE 8668 --- [    Test worker] o.h.type.descriptor.sql.BasicExtractor   : extracted value ([post_con3_2_] : [VARCHAR]) - [Sm9K5jBJ5F]
2023-08-14 13:34:04.324 TRACE 8668 --- [    Test worker] o.h.type.descriptor.sql.BasicExtractor   : extracted value ([post_cre4_2_] : [TIMESTAMP]) - [2023-08-14 11:35:13.443]
2023-08-14 13:34:04.324 TRACE 8668 --- [    Test worker] o.h.type.descriptor.sql.BasicExtractor   : extracted value ([post_sho5_2_] : [VARCHAR]) - [Y]
2023-08-14 13:34:04.324 TRACE 8668 --- [    Test worker] o.h.type.descriptor.sql.BasicExtractor   : extracted value ([post_tit6_2_] : [VARCHAR]) - [테스트 글 제목 47]
2023-08-14 13:34:04.324 TRACE 8668 --- [    Test worker] o.h.type.descriptor.sql.BasicExtractor   : extracted value ([post_upd7_2_] : [TIMESTAMP]) - [2023-08-14 11:35:13.443]
2023-08-14 13:34:04.324 TRACE 8668 --- [    Test worker] o.h.type.descriptor.sql.BasicExtractor   : extracted value ([post_vie8_2_] : [INTEGER]) - [0]
2023-08-14 13:34:04.324 TRACE 8668 --- [    Test worker] o.h.type.descriptor.sql.BasicExtractor   : extracted value ([post_wri9_2_] : [VARCHAR]) - [자바]
2023-08-14 13:34:04.324 TRACE 8668 --- [    Test worker] o.h.type.descriptor.sql.BasicExtractor   : extracted value ([post_id1_2_] : [BIGINT]) - [47]
2023-08-14 13:34:04.324 TRACE 8668 --- [    Test worker] o.h.type.descriptor.sql.BasicExtractor   : extracted value ([board_id2_2_] : [BIGINT]) - [1]
2023-08-14 13:34:04.324 TRACE 8668 --- [    Test worker] o.h.type.descriptor.sql.BasicExtractor   : extracted value ([post_con3_2_] : [VARCHAR]) - [avRxqkpzvI]
2023-08-14 13:34:04.324 TRACE 8668 --- [    Test worker] o.h.type.descriptor.sql.BasicExtractor   : extracted value ([post_cre4_2_] : [TIMESTAMP]) - [2023-08-14 11:35:13.443]
2023-08-14 13:34:04.324 TRACE 8668 --- [    Test worker] o.h.type.descriptor.sql.BasicExtractor   : extracted value ([post_sho5_2_] : [VARCHAR]) - [Y]
2023-08-14 13:34:04.324 TRACE 8668 --- [    Test worker] o.h.type.descriptor.sql.BasicExtractor   : extracted value ([post_tit6_2_] : [VARCHAR]) - [테스트 글 제목 46]
2023-08-14 13:34:04.324 TRACE 8668 --- [    Test worker] o.h.type.descriptor.sql.BasicExtractor   : extracted value ([post_upd7_2_] : [TIMESTAMP]) - [2023-08-14 11:35:13.443]
2023-08-14 13:34:04.324 TRACE 8668 --- [    Test worker] o.h.type.descriptor.sql.BasicExtractor   : extracted value ([post_vie8_2_] : [INTEGER]) - [0]
2023-08-14 13:34:04.324 TRACE 8668 --- [    Test worker] o.h.type.descriptor.sql.BasicExtractor   : extracted value ([post_wri9_2_] : [VARCHAR]) - [자바]
2023-08-14 13:34:04.324 TRACE 8668 --- [    Test worker] o.h.type.descriptor.sql.BasicExtractor   : extracted value ([post_id1_2_] : [BIGINT]) - [46]
2023-08-14 13:34:04.324 TRACE 8668 --- [    Test worker] o.h.type.descriptor.sql.BasicExtractor   : extracted value ([board_id2_2_] : [BIGINT]) - [1]
2023-08-14 13:34:04.324 TRACE 8668 --- [    Test worker] o.h.type.descriptor.sql.BasicExtractor   : extracted value ([post_con3_2_] : [VARCHAR]) - [SmLJXnZmby]
2023-08-14 13:34:04.324 TRACE 8668 --- [    Test worker] o.h.type.descriptor.sql.BasicExtractor   : extracted value ([post_cre4_2_] : [TIMESTAMP]) - [2023-08-14 11:35:13.443]
2023-08-14 13:34:04.324 TRACE 8668 --- [    Test worker] o.h.type.descriptor.sql.BasicExtractor   : extracted value ([post_sho5_2_] : [VARCHAR]) - [Y]
2023-08-14 13:34:04.324 TRACE 8668 --- [    Test worker] o.h.type.descriptor.sql.BasicExtractor   : extracted value ([post_tit6_2_] : [VARCHAR]) - [테스트 글 제목 45]
2023-08-14 13:34:04.324 TRACE 8668 --- [    Test worker] o.h.type.descriptor.sql.BasicExtractor   : extracted value ([post_upd7_2_] : [TIMESTAMP]) - [2023-08-14 11:35:13.443]
2023-08-14 13:34:04.324 TRACE 8668 --- [    Test worker] o.h.type.descriptor.sql.BasicExtractor   : extracted value ([post_vie8_2_] : [INTEGER]) - [0]
2023-08-14 13:34:04.324 TRACE 8668 --- [    Test worker] o.h.type.descriptor.sql.BasicExtractor   : extracted value ([post_wri9_2_] : [VARCHAR]) - [자바]
Post(postId=50, boardId=1, postTitle=테스트 글 제목 49, postContent=MkhQxlqMGf, postShowYN=Y, postWriter=자바, postViewCount=0, postCreateDate=2023-08-14 11:35:13.443, postUpdateDate=2023-08-14 11:35:13.443)
Post(postId=49, boardId=1, postTitle=테스트 글 제목 48, postContent=oCKNEp1lCd, postShowYN=Y, postWriter=자바, postViewCount=0, postCreateDate=2023-08-14 11:35:13.443, postUpdateDate=2023-08-14 11:35:13.443)
Post(postId=48, boardId=1, postTitle=테스트 글 제목 47, postContent=Sm9K5jBJ5F, postShowYN=Y, postWriter=자바, postViewCount=0, postCreateDate=2023-08-14 11:35:13.443, postUpdateDate=2023-08-14 11:35:13.443)
Post(postId=47, boardId=1, postTitle=테스트 글 제목 46, postContent=avRxqkpzvI, postShowYN=Y, postWriter=자바, postViewCount=0, postCreateDate=2023-08-14 11:35:13.443, postUpdateDate=2023-08-14 11:35:13.443)
Post(postId=46, boardId=1, postTitle=테스트 글 제목 45, postContent=SmLJXnZmby, postShowYN=Y, postWriter=자바, postViewCount=0, postCreateDate=2023-08-14 11:35:13.443, postUpdateDate=2023-08-14 11:35:13.443)
5개의 게시글을 조회하였습니다.
2023-08-14 13:34:04.324 DEBUG 8668 --- [    Test worker] org.hibernate.SQL                        : 
    select
        board0_.board_id as board_id1_0_0_,
        board0_.board_create_date as board_cr2_0_0_,
        board0_.board_create_user as board_cr3_0_0_,
        board0_.board_name as board_na4_0_0_,
        board0_.board_update_date as board_up5_0_0_,
        board0_.board_update_user as board_up6_0_0_,
        board0_.board_useyn as board_us7_0_0_,
        board0_.board_nav_bar_id as board_na8_0_0_ 
    from
        tb_board board0_ 
    where
        board0_.board_id=?
Hibernate: 
    select
        board0_.board_id as board_id1_0_0_,
        board0_.board_create_date as board_cr2_0_0_,
        board0_.board_create_user as board_cr3_0_0_,
        board0_.board_name as board_na4_0_0_,
        board0_.board_update_date as board_up5_0_0_,
        board0_.board_update_user as board_up6_0_0_,
        board0_.board_useyn as board_us7_0_0_,
        board0_.board_nav_bar_id as board_na8_0_0_ 
    from
        tb_board board0_ 
    where
        board0_.board_id=?
2023-08-14 13:34:04.324 TRACE 8668 --- [    Test worker] o.h.type.descriptor.sql.BasicBinder      : binding parameter [1] as [BIGINT] - [1]
2023-08-14 13:34:04.324 TRACE 8668 --- [    Test worker] o.h.type.descriptor.sql.BasicExtractor   : extracted value ([board_cr2_0_0_] : [TIMESTAMP]) - [2023-08-14 11:35:13.255]
2023-08-14 13:34:04.324 TRACE 8668 --- [    Test worker] o.h.type.descriptor.sql.BasicExtractor   : extracted value ([board_cr3_0_0_] : [VARCHAR]) - [자바]
2023-08-14 13:34:04.324 TRACE 8668 --- [    Test worker] o.h.type.descriptor.sql.BasicExtractor   : extracted value ([board_na4_0_0_] : [VARCHAR]) - [임시 게시판]
2023-08-14 13:34:04.324 TRACE 8668 --- [    Test worker] o.h.type.descriptor.sql.BasicExtractor   : extracted value ([board_up5_0_0_] : [TIMESTAMP]) - [2023-08-14 11:35:13.255]
2023-08-14 13:34:04.324 TRACE 8668 --- [    Test worker] o.h.type.descriptor.sql.BasicExtractor   : extracted value ([board_up6_0_0_] : [VARCHAR]) - [null]
2023-08-14 13:34:04.324 TRACE 8668 --- [    Test worker] o.h.type.descriptor.sql.BasicExtractor   : extracted value ([board_us7_0_0_] : [VARCHAR]) - [Y]
2023-08-14 13:34:04.324 TRACE 8668 --- [    Test worker] o.h.type.descriptor.sql.BasicExtractor   : extracted value ([board_na8_0_0_] : [BIGINT]) - [1]
2023-08-14 13:34:04.324 DEBUG 8668 --- [    Test worker] org.hibernate.SQL                        : 
    select
        nextval(post_seq)
Hibernate: 
    select
        nextval(post_seq)
2023-08-14 13:34:04.324 DEBUG 8668 --- [    Test worker] org.hibernate.SQL                        : 
    insert 
    into
        tb_post
        (board_id, post_content, post_create_date, post_title, post_update_date, post_view_count, post_writer, post_id) 
    values
        (?, ?, ?, ?, ?, ?, ?, ?)
Hibernate: 
    insert 
    into
        tb_post
        (board_id, post_content, post_create_date, post_title, post_update_date, post_view_count, post_writer, post_id) 
    values
        (?, ?, ?, ?, ?, ?, ?, ?)
2023-08-14 13:34:04.324 TRACE 8668 --- [    Test worker] o.h.type.descriptor.sql.BasicBinder      : binding parameter [1] as [BIGINT] - [1]
2023-08-14 13:34:04.324 TRACE 8668 --- [    Test worker] o.h.type.descriptor.sql.BasicBinder      : binding parameter [2] as [VARCHAR] - [QE3yUFRsHB]
2023-08-14 13:34:04.324 TRACE 8668 --- [    Test worker] o.h.type.descriptor.sql.BasicBinder      : binding parameter [3] as [TIMESTAMP] - [2023-08-14 13:34:04.324]
2023-08-14 13:34:04.324 TRACE 8668 --- [    Test worker] o.h.type.descriptor.sql.BasicBinder      : binding parameter [4] as [VARCHAR] - [테스트 글 제목 1]
2023-08-14 13:34:04.324 TRACE 8668 --- [    Test worker] o.h.type.descriptor.sql.BasicBinder      : binding parameter [5] as [TIMESTAMP] - [2023-08-14 13:34:04.324]
2023-08-14 13:34:04.324 TRACE 8668 --- [    Test worker] o.h.type.descriptor.sql.BasicBinder      : binding parameter [6] as [INTEGER] - [0]
2023-08-14 13:34:04.324 TRACE 8668 --- [    Test worker] o.h.type.descriptor.sql.BasicBinder      : binding parameter [7] as [VARCHAR] - [자바]
2023-08-14 13:34:04.324 TRACE 8668 --- [    Test worker] o.h.type.descriptor.sql.BasicBinder      : binding parameter [8] as [BIGINT] - [404]
2023-08-14 13:34:04.324 DEBUG 8668 --- [    Test worker] org.hibernate.SQL                        : 
    select
        nextval(post_seq)
Hibernate: 
    select
        nextval(post_seq)
2023-08-14 13:34:04.324 DEBUG 8668 --- [    Test worker] org.hibernate.SQL                        : 
    insert 
    into
        tb_post
        (board_id, post_content, post_create_date, post_title, post_update_date, post_view_count, post_writer, post_id) 
    values
        (?, ?, ?, ?, ?, ?, ?, ?)
Hibernate: 
    insert 
    into
        tb_post
        (board_id, post_content, post_create_date, post_title, post_update_date, post_view_count, post_writer, post_id) 
    values
        (?, ?, ?, ?, ?, ?, ?, ?)
2023-08-14 13:34:04.324 TRACE 8668 --- [    Test worker] o.h.type.descriptor.sql.BasicBinder      : binding parameter [1] as [BIGINT] - [1]
2023-08-14 13:34:04.324 TRACE 8668 --- [    Test worker] o.h.type.descriptor.sql.BasicBinder      : binding parameter [2] as [VARCHAR] - [6Rct3YxGYC]
2023-08-14 13:34:04.324 TRACE 8668 --- [    Test worker] o.h.type.descriptor.sql.BasicBinder      : binding parameter [3] as [TIMESTAMP] - [2023-08-14 13:34:04.324]
2023-08-14 13:34:04.324 TRACE 8668 --- [    Test worker] o.h.type.descriptor.sql.BasicBinder      : binding parameter [4] as [VARCHAR] - [테스트 글 제목 2]
2023-08-14 13:34:04.324 TRACE 8668 --- [    Test worker] o.h.type.descriptor.sql.BasicBinder      : binding parameter [5] as [TIMESTAMP] - [2023-08-14 13:34:04.324]
2023-08-14 13:34:04.324 TRACE 8668 --- [    Test worker] o.h.type.descriptor.sql.BasicBinder      : binding parameter [6] as [INTEGER] - [0]
2023-08-14 13:34:04.324 TRACE 8668 --- [    Test worker] o.h.type.descriptor.sql.BasicBinder      : binding parameter [7] as [VARCHAR] - [자바]
2023-08-14 13:34:04.324 TRACE 8668 --- [    Test worker] o.h.type.descriptor.sql.BasicBinder      : binding parameter [8] as [BIGINT] - [405]
2023-08-14 13:34:04.324 DEBUG 8668 --- [    Test worker] org.hibernate.SQL                        : 
    select
        nextval(post_seq)
Hibernate: 
    select
        nextval(post_seq)
2023-08-14 13:34:04.324 DEBUG 8668 --- [    Test worker] org.hibernate.SQL                        : 
    insert 
    into
        tb_post
        (board_id, post_content, post_create_date, post_title, post_update_date, post_view_count, post_writer, post_id) 
    values
        (?, ?, ?, ?, ?, ?, ?, ?)
Hibernate: 
    insert 
    into
        tb_post
        (board_id, post_content, post_create_date, post_title, post_update_date, post_view_count, post_writer, post_id) 
    values
        (?, ?, ?, ?, ?, ?, ?, ?)
2023-08-14 13:34:04.324 TRACE 8668 --- [    Test worker] o.h.type.descriptor.sql.BasicBinder      : binding parameter [1] as [BIGINT] - [1]
2023-08-14 13:34:04.324 TRACE 8668 --- [    Test worker] o.h.type.descriptor.sql.BasicBinder      : binding parameter [2] as [VARCHAR] - [9DLMr4HS2B]
2023-08-14 13:34:04.324 TRACE 8668 --- [    Test worker] o.h.type.descriptor.sql.BasicBinder      : binding parameter [3] as [TIMESTAMP] - [2023-08-14 13:34:04.324]
2023-08-14 13:34:04.324 TRACE 8668 --- [    Test worker] o.h.type.descriptor.sql.BasicBinder      : binding parameter [4] as [VARCHAR] - [테스트 글 제목 3]
2023-08-14 13:34:04.324 TRACE 8668 --- [    Test worker] o.h.type.descriptor.sql.BasicBinder      : binding parameter [5] as [TIMESTAMP] - [2023-08-14 13:34:04.324]
2023-08-14 13:34:04.324 TRACE 8668 --- [    Test worker] o.h.type.descriptor.sql.BasicBinder      : binding parameter [6] as [INTEGER] - [0]
2023-08-14 13:34:04.324 TRACE 8668 --- [    Test worker] o.h.type.descriptor.sql.BasicBinder      : binding parameter [7] as [VARCHAR] - [자바]
2023-08-14 13:34:04.324 TRACE 8668 --- [    Test worker] o.h.type.descriptor.sql.BasicBinder      : binding parameter [8] as [BIGINT] - [406]
2023-08-14 13:34:04.324 DEBUG 8668 --- [    Test worker] org.hibernate.SQL                        : 
    select
        nextval(post_seq)
Hibernate: 
    select
        nextval(post_seq)
2023-08-14 13:34:04.324 DEBUG 8668 --- [    Test worker] org.hibernate.SQL                        : 
    insert 
    into
        tb_post
        (board_id, post_content, post_create_date, post_title, post_update_date, post_view_count, post_writer, post_id) 
    values
        (?, ?, ?, ?, ?, ?, ?, ?)
Hibernate: 
    insert 
    into
        tb_post
        (board_id, post_content, post_create_date, post_title, post_update_date, post_view_count, post_writer, post_id) 
    values
        (?, ?, ?, ?, ?, ?, ?, ?)
2023-08-14 13:34:04.324 TRACE 8668 --- [    Test worker] o.h.type.descriptor.sql.BasicBinder      : binding parameter [1] as [BIGINT] - [1]
2023-08-14 13:34:04.324 TRACE 8668 --- [    Test worker] o.h.type.descriptor.sql.BasicBinder      : binding parameter [2] as [VARCHAR] - [lFdXqfzSJe]
2023-08-14 13:34:04.324 TRACE 8668 --- [    Test worker] o.h.type.descriptor.sql.BasicBinder      : binding parameter [3] as [TIMESTAMP] - [2023-08-14 13:34:04.324]
2023-08-14 13:34:04.324 TRACE 8668 --- [    Test worker] o.h.type.descriptor.sql.BasicBinder      : binding parameter [4] as [VARCHAR] - [테스트 글 제목 4]
2023-08-14 13:34:04.324 TRACE 8668 --- [    Test worker] o.h.type.descriptor.sql.BasicBinder      : binding parameter [5] as [TIMESTAMP] - [2023-08-14 13:34:04.324]
2023-08-14 13:34:04.324 TRACE 8668 --- [    Test worker] o.h.type.descriptor.sql.BasicBinder      : binding parameter [6] as [INTEGER] - [0]
2023-08-14 13:34:04.324 TRACE 8668 --- [    Test worker] o.h.type.descriptor.sql.BasicBinder      : binding parameter [7] as [VARCHAR] - [자바]
2023-08-14 13:34:04.324 TRACE 8668 --- [    Test worker] o.h.type.descriptor.sql.BasicBinder      : binding parameter [8] as [BIGINT] - [407]
2023-08-14 13:34:04.324 DEBUG 8668 --- [    Test worker] org.hibernate.SQL                        : 
    select
        nextval(post_seq)
Hibernate: 
    select
        nextval(post_seq)
2023-08-14 13:34:04.324 DEBUG 8668 --- [    Test worker] org.hibernate.SQL                        : 
    insert 
    into
        tb_post
        (board_id, post_content, post_create_date, post_title, post_update_date, post_view_count, post_writer, post_id) 
    values
        (?, ?, ?, ?, ?, ?, ?, ?)
Hibernate: 
    insert 
    into
        tb_post
        (board_id, post_content, post_create_date, post_title, post_update_date, post_view_count, post_writer, post_id) 
    values
        (?, ?, ?, ?, ?, ?, ?, ?)
2023-08-14 13:34:04.324 TRACE 8668 --- [    Test worker] o.h.type.descriptor.sql.BasicBinder      : binding parameter [1] as [BIGINT] - [1]
2023-08-14 13:34:04.324 TRACE 8668 --- [    Test worker] o.h.type.descriptor.sql.BasicBinder      : binding parameter [2] as [VARCHAR] - [LC82N8fZPY]
2023-08-14 13:34:04.324 TRACE 8668 --- [    Test worker] o.h.type.descriptor.sql.BasicBinder      : binding parameter [3] as [TIMESTAMP] - [2023-08-14 13:34:04.324]
2023-08-14 13:34:04.324 TRACE 8668 --- [    Test worker] o.h.type.descriptor.sql.BasicBinder      : binding parameter [4] as [VARCHAR] - [테스트 글 제목 5]
2023-08-14 13:34:04.324 TRACE 8668 --- [    Test worker] o.h.type.descriptor.sql.BasicBinder      : binding parameter [5] as [TIMESTAMP] - [2023-08-14 13:34:04.324]
2023-08-14 13:34:04.324 TRACE 8668 --- [    Test worker] o.h.type.descriptor.sql.BasicBinder      : binding parameter [6] as [INTEGER] - [0]
2023-08-14 13:34:04.324 TRACE 8668 --- [    Test worker] o.h.type.descriptor.sql.BasicBinder      : binding parameter [7] as [VARCHAR] - [자바]
2023-08-14 13:34:04.324 TRACE 8668 --- [    Test worker] o.h.type.descriptor.sql.BasicBinder      : binding parameter [8] as [BIGINT] - [408]
2023-08-14 13:34:04.324 DEBUG 8668 --- [    Test worker] org.hibernate.SQL                        : 
    select
        nextval(post_seq)
Hibernate: 
    select
        nextval(post_seq)
2023-08-14 13:34:04.324 DEBUG 8668 --- [    Test worker] org.hibernate.SQL                        : 
    insert 
    into
        tb_post
        (board_id, post_content, post_create_date, post_title, post_update_date, post_view_count, post_writer, post_id) 
    values
        (?, ?, ?, ?, ?, ?, ?, ?)
Hibernate: 
    insert 
    into
        tb_post
        (board_id, post_content, post_create_date, post_title, post_update_date, post_view_count, post_writer, post_id) 
    values
        (?, ?, ?, ?, ?, ?, ?, ?)
2023-08-14 13:34:04.324 TRACE 8668 --- [    Test worker] o.h.type.descriptor.sql.BasicBinder      : binding parameter [1] as [BIGINT] - [1]
2023-08-14 13:34:04.324 TRACE 8668 --- [    Test worker] o.h.type.descriptor.sql.BasicBinder      : binding parameter [2] as [VARCHAR] - [EH118mqtAy]
2023-08-14 13:34:04.324 TRACE 8668 --- [    Test worker] o.h.type.descriptor.sql.BasicBinder      : binding parameter [3] as [TIMESTAMP] - [2023-08-14 13:34:04.324]
2023-08-14 13:34:04.324 TRACE 8668 --- [    Test worker] o.h.type.descriptor.sql.BasicBinder      : binding parameter [4] as [VARCHAR] - [테스트 글 제목 6]
2023-08-14 13:34:04.324 TRACE 8668 --- [    Test worker] o.h.type.descriptor.sql.BasicBinder      : binding parameter [5] as [TIMESTAMP] - [2023-08-14 13:34:04.324]
2023-08-14 13:34:04.324 TRACE 8668 --- [    Test worker] o.h.type.descriptor.sql.BasicBinder      : binding parameter [6] as [INTEGER] - [0]
2023-08-14 13:34:04.324 TRACE 8668 --- [    Test worker] o.h.type.descriptor.sql.BasicBinder      : binding parameter [7] as [VARCHAR] - [자바]
2023-08-14 13:34:04.324 TRACE 8668 --- [    Test worker] o.h.type.descriptor.sql.BasicBinder      : binding parameter [8] as [BIGINT] - [409]
2023-08-14 13:34:04.339 DEBUG 8668 --- [    Test worker] org.hibernate.SQL                        : 
    select
        nextval(post_seq)
Hibernate: 
    select
        nextval(post_seq)
2023-08-14 13:34:04.339 DEBUG 8668 --- [    Test worker] org.hibernate.SQL                        : 
    insert 
    into
        tb_post
        (board_id, post_content, post_create_date, post_title, post_update_date, post_view_count, post_writer, post_id) 
    values
        (?, ?, ?, ?, ?, ?, ?, ?)
Hibernate: 
    insert 
    into
        tb_post
        (board_id, post_content, post_create_date, post_title, post_update_date, post_view_count, post_writer, post_id) 
    values
        (?, ?, ?, ?, ?, ?, ?, ?)
2023-08-14 13:34:04.339 TRACE 8668 --- [    Test worker] o.h.type.descriptor.sql.BasicBinder      : binding parameter [1] as [BIGINT] - [1]
2023-08-14 13:34:04.339 TRACE 8668 --- [    Test worker] o.h.type.descriptor.sql.BasicBinder      : binding parameter [2] as [VARCHAR] - [2Onu78XBy5]
2023-08-14 13:34:04.339 TRACE 8668 --- [    Test worker] o.h.type.descriptor.sql.BasicBinder      : binding parameter [3] as [TIMESTAMP] - [2023-08-14 13:34:04.339]
2023-08-14 13:34:04.339 TRACE 8668 --- [    Test worker] o.h.type.descriptor.sql.BasicBinder      : binding parameter [4] as [VARCHAR] - [테스트 글 제목 7]
2023-08-14 13:34:04.339 TRACE 8668 --- [    Test worker] o.h.type.descriptor.sql.BasicBinder      : binding parameter [5] as [TIMESTAMP] - [2023-08-14 13:34:04.339]
2023-08-14 13:34:04.339 TRACE 8668 --- [    Test worker] o.h.type.descriptor.sql.BasicBinder      : binding parameter [6] as [INTEGER] - [0]
2023-08-14 13:34:04.339 TRACE 8668 --- [    Test worker] o.h.type.descriptor.sql.BasicBinder      : binding parameter [7] as [VARCHAR] - [자바]
2023-08-14 13:34:04.339 TRACE 8668 --- [    Test worker] o.h.type.descriptor.sql.BasicBinder      : binding parameter [8] as [BIGINT] - [410]
2023-08-14 13:34:04.339 DEBUG 8668 --- [    Test worker] org.hibernate.SQL                        : 
    select
        nextval(post_seq)
Hibernate: 
    select
        nextval(post_seq)
2023-08-14 13:34:04.339 DEBUG 8668 --- [    Test worker] org.hibernate.SQL                        : 
    insert 
    into
        tb_post
        (board_id, post_content, post_create_date, post_title, post_update_date, post_view_count, post_writer, post_id) 
    values
        (?, ?, ?, ?, ?, ?, ?, ?)
Hibernate: 
    insert 
    into
        tb_post
        (board_id, post_content, post_create_date, post_title, post_update_date, post_view_count, post_writer, post_id) 
    values
        (?, ?, ?, ?, ?, ?, ?, ?)
2023-08-14 13:34:04.339 TRACE 8668 --- [    Test worker] o.h.type.descriptor.sql.BasicBinder      : binding parameter [1] as [BIGINT] - [1]
2023-08-14 13:34:04.339 TRACE 8668 --- [    Test worker] o.h.type.descriptor.sql.BasicBinder      : binding parameter [2] as [VARCHAR] - [cfxACH8NJm]
2023-08-14 13:34:04.339 TRACE 8668 --- [    Test worker] o.h.type.descriptor.sql.BasicBinder      : binding parameter [3] as [TIMESTAMP] - [2023-08-14 13:34:04.339]
2023-08-14 13:34:04.339 TRACE 8668 --- [    Test worker] o.h.type.descriptor.sql.BasicBinder      : binding parameter [4] as [VARCHAR] - [테스트 글 제목 8]
2023-08-14 13:34:04.339 TRACE 8668 --- [    Test worker] o.h.type.descriptor.sql.BasicBinder      : binding parameter [5] as [TIMESTAMP] - [2023-08-14 13:34:04.339]
2023-08-14 13:34:04.339 TRACE 8668 --- [    Test worker] o.h.type.descriptor.sql.BasicBinder      : binding parameter [6] as [INTEGER] - [0]
2023-08-14 13:34:04.339 TRACE 8668 --- [    Test worker] o.h.type.descriptor.sql.BasicBinder      : binding parameter [7] as [VARCHAR] - [자바]
2023-08-14 13:34:04.339 TRACE 8668 --- [    Test worker] o.h.type.descriptor.sql.BasicBinder      : binding parameter [8] as [BIGINT] - [411]
2023-08-14 13:34:04.339 DEBUG 8668 --- [    Test worker] org.hibernate.SQL                        : 
    select
        nextval(post_seq)
Hibernate: 
    select
        nextval(post_seq)
2023-08-14 13:34:04.339 DEBUG 8668 --- [    Test worker] org.hibernate.SQL                        : 
    insert 
    into
        tb_post
        (board_id, post_content, post_create_date, post_title, post_update_date, post_view_count, post_writer, post_id) 
    values
        (?, ?, ?, ?, ?, ?, ?, ?)
Hibernate: 
    insert 
    into
        tb_post
        (board_id, post_content, post_create_date, post_title, post_update_date, post_view_count, post_writer, post_id) 
    values
        (?, ?, ?, ?, ?, ?, ?, ?)
2023-08-14 13:34:04.339 TRACE 8668 --- [    Test worker] o.h.type.descriptor.sql.BasicBinder      : binding parameter [1] as [BIGINT] - [1]
2023-08-14 13:34:04.339 TRACE 8668 --- [    Test worker] o.h.type.descriptor.sql.BasicBinder      : binding parameter [2] as [VARCHAR] - [ZS2EGsZqMn]
2023-08-14 13:34:04.339 TRACE 8668 --- [    Test worker] o.h.type.descriptor.sql.BasicBinder      : binding parameter [3] as [TIMESTAMP] - [2023-08-14 13:34:04.339]
2023-08-14 13:34:04.339 TRACE 8668 --- [    Test worker] o.h.type.descriptor.sql.BasicBinder      : binding parameter [4] as [VARCHAR] - [테스트 글 제목 9]
2023-08-14 13:34:04.339 TRACE 8668 --- [    Test worker] o.h.type.descriptor.sql.BasicBinder      : binding parameter [5] as [TIMESTAMP] - [2023-08-14 13:34:04.339]
2023-08-14 13:34:04.339 TRACE 8668 --- [    Test worker] o.h.type.descriptor.sql.BasicBinder      : binding parameter [6] as [INTEGER] - [0]
2023-08-14 13:34:04.339 TRACE 8668 --- [    Test worker] o.h.type.descriptor.sql.BasicBinder      : binding parameter [7] as [VARCHAR] - [자바]
2023-08-14 13:34:04.339 TRACE 8668 --- [    Test worker] o.h.type.descriptor.sql.BasicBinder      : binding parameter [8] as [BIGINT] - [412]
2023-08-14 13:34:04.339 DEBUG 8668 --- [    Test worker] org.hibernate.SQL                        : 
    select
        nextval(post_seq)
Hibernate: 
    select
        nextval(post_seq)
2023-08-14 13:34:04.339 DEBUG 8668 --- [    Test worker] org.hibernate.SQL                        : 
    insert 
    into
        tb_post
        (board_id, post_content, post_create_date, post_title, post_update_date, post_view_count, post_writer, post_id) 
    values
        (?, ?, ?, ?, ?, ?, ?, ?)
Hibernate: 
    insert 
    into
        tb_post
        (board_id, post_content, post_create_date, post_title, post_update_date, post_view_count, post_writer, post_id) 
    values
        (?, ?, ?, ?, ?, ?, ?, ?)
2023-08-14 13:34:04.339 TRACE 8668 --- [    Test worker] o.h.type.descriptor.sql.BasicBinder      : binding parameter [1] as [BIGINT] - [1]
2023-08-14 13:34:04.339 TRACE 8668 --- [    Test worker] o.h.type.descriptor.sql.BasicBinder      : binding parameter [2] as [VARCHAR] - [QHJGrLTxmp]
2023-08-14 13:34:04.339 TRACE 8668 --- [    Test worker] o.h.type.descriptor.sql.BasicBinder      : binding parameter [3] as [TIMESTAMP] - [2023-08-14 13:34:04.339]
2023-08-14 13:34:04.339 TRACE 8668 --- [    Test worker] o.h.type.descriptor.sql.BasicBinder      : binding parameter [4] as [VARCHAR] - [테스트 글 제목 10]
2023-08-14 13:34:04.339 TRACE 8668 --- [    Test worker] o.h.type.descriptor.sql.BasicBinder      : binding parameter [5] as [TIMESTAMP] - [2023-08-14 13:34:04.339]
2023-08-14 13:34:04.339 TRACE 8668 --- [    Test worker] o.h.type.descriptor.sql.BasicBinder      : binding parameter [6] as [INTEGER] - [0]
2023-08-14 13:34:04.339 TRACE 8668 --- [    Test worker] o.h.type.descriptor.sql.BasicBinder      : binding parameter [7] as [VARCHAR] - [자바]
2023-08-14 13:34:04.339 TRACE 8668 --- [    Test worker] o.h.type.descriptor.sql.BasicBinder      : binding parameter [8] as [BIGINT] - [413]
2023-08-14 13:34:04.339 DEBUG 8668 --- [    Test worker] org.hibernate.SQL                        : 
    select
        nextval(post_seq)
Hibernate: 
    select
        nextval(post_seq)
2023-08-14 13:34:04.339 DEBUG 8668 --- [    Test worker] org.hibernate.SQL                        : 
    insert 
    into
        tb_post
        (board_id, post_content, post_create_date, post_title, post_update_date, post_view_count, post_writer, post_id) 
    values
        (?, ?, ?, ?, ?, ?, ?, ?)
Hibernate: 
    insert 
    into
        tb_post
        (board_id, post_content, post_create_date, post_title, post_update_date, post_view_count, post_writer, post_id) 
    values
        (?, ?, ?, ?, ?, ?, ?, ?)
2023-08-14 13:34:04.339 TRACE 8668 --- [    Test worker] o.h.type.descriptor.sql.BasicBinder      : binding parameter [1] as [BIGINT] - [1]
2023-08-14 13:34:04.339 TRACE 8668 --- [    Test worker] o.h.type.descriptor.sql.BasicBinder      : binding parameter [2] as [VARCHAR] - [Rbxui6q4kX]
2023-08-14 13:34:04.339 TRACE 8668 --- [    Test worker] o.h.type.descriptor.sql.BasicBinder      : binding parameter [3] as [TIMESTAMP] - [2023-08-14 13:34:04.339]
2023-08-14 13:34:04.339 TRACE 8668 --- [    Test worker] o.h.type.descriptor.sql.BasicBinder      : binding parameter [4] as [VARCHAR] - [테스트 글 제목 11]
2023-08-14 13:34:04.339 TRACE 8668 --- [    Test worker] o.h.type.descriptor.sql.BasicBinder      : binding parameter [5] as [TIMESTAMP] - [2023-08-14 13:34:04.339]
2023-08-14 13:34:04.339 TRACE 8668 --- [    Test worker] o.h.type.descriptor.sql.BasicBinder      : binding parameter [6] as [INTEGER] - [0]
2023-08-14 13:34:04.339 TRACE 8668 --- [    Test worker] o.h.type.descriptor.sql.BasicBinder      : binding parameter [7] as [VARCHAR] - [자바]
2023-08-14 13:34:04.339 TRACE 8668 --- [    Test worker] o.h.type.descriptor.sql.BasicBinder      : binding parameter [8] as [BIGINT] - [414]
2023-08-14 13:34:04.339 DEBUG 8668 --- [    Test worker] org.hibernate.SQL                        : 
    select
        nextval(post_seq)
Hibernate: 
    select
        nextval(post_seq)
2023-08-14 13:34:04.339 DEBUG 8668 --- [    Test worker] org.hibernate.SQL                        : 
    insert 
    into
        tb_post
        (board_id, post_content, post_create_date, post_title, post_update_date, post_view_count, post_writer, post_id) 
    values
        (?, ?, ?, ?, ?, ?, ?, ?)
Hibernate: 
    insert 
    into
        tb_post
        (board_id, post_content, post_create_date, post_title, post_update_date, post_view_count, post_writer, post_id) 
    values
        (?, ?, ?, ?, ?, ?, ?, ?)
2023-08-14 13:34:04.339 TRACE 8668 --- [    Test worker] o.h.type.descriptor.sql.BasicBinder      : binding parameter [1] as [BIGINT] - [1]
2023-08-14 13:34:04.339 TRACE 8668 --- [    Test worker] o.h.type.descriptor.sql.BasicBinder      : binding parameter [2] as [VARCHAR] - [VNv66uR8ES]
2023-08-14 13:34:04.339 TRACE 8668 --- [    Test worker] o.h.type.descriptor.sql.BasicBinder      : binding parameter [3] as [TIMESTAMP] - [2023-08-14 13:34:04.339]
2023-08-14 13:34:04.339 TRACE 8668 --- [    Test worker] o.h.type.descriptor.sql.BasicBinder      : binding parameter [4] as [VARCHAR] - [테스트 글 제목 12]
2023-08-14 13:34:04.339 TRACE 8668 --- [    Test worker] o.h.type.descriptor.sql.BasicBinder      : binding parameter [5] as [TIMESTAMP] - [2023-08-14 13:34:04.339]
2023-08-14 13:34:04.339 TRACE 8668 --- [    Test worker] o.h.type.descriptor.sql.BasicBinder      : binding parameter [6] as [INTEGER] - [0]
2023-08-14 13:34:04.339 TRACE 8668 --- [    Test worker] o.h.type.descriptor.sql.BasicBinder      : binding parameter [7] as [VARCHAR] - [자바]
2023-08-14 13:34:04.339 TRACE 8668 --- [    Test worker] o.h.type.descriptor.sql.BasicBinder      : binding parameter [8] as [BIGINT] - [415]
2023-08-14 13:34:04.339 DEBUG 8668 --- [    Test worker] org.hibernate.SQL                        : 
    select
        nextval(post_seq)
Hibernate: 
    select
        nextval(post_seq)
2023-08-14 13:34:04.339 DEBUG 8668 --- [    Test worker] org.hibernate.SQL                        : 
    insert 
    into
        tb_post
        (board_id, post_content, post_create_date, post_title, post_update_date, post_view_count, post_writer, post_id) 
    values
        (?, ?, ?, ?, ?, ?, ?, ?)
Hibernate: 
    insert 
    into
        tb_post
        (board_id, post_content, post_create_date, post_title, post_update_date, post_view_count, post_writer, post_id) 
    values
        (?, ?, ?, ?, ?, ?, ?, ?)
2023-08-14 13:34:04.339 TRACE 8668 --- [    Test worker] o.h.type.descriptor.sql.BasicBinder      : binding parameter [1] as [BIGINT] - [1]
2023-08-14 13:34:04.339 TRACE 8668 --- [    Test worker] o.h.type.descriptor.sql.BasicBinder      : binding parameter [2] as [VARCHAR] - [6v0iGiHYsM]
2023-08-14 13:34:04.339 TRACE 8668 --- [    Test worker] o.h.type.descriptor.sql.BasicBinder      : binding parameter [3] as [TIMESTAMP] - [2023-08-14 13:34:04.339]
2023-08-14 13:34:04.339 TRACE 8668 --- [    Test worker] o.h.type.descriptor.sql.BasicBinder      : binding parameter [4] as [VARCHAR] - [테스트 글 제목 13]
2023-08-14 13:34:04.339 TRACE 8668 --- [    Test worker] o.h.type.descriptor.sql.BasicBinder      : binding parameter [5] as [TIMESTAMP] - [2023-08-14 13:34:04.339]
2023-08-14 13:34:04.339 TRACE 8668 --- [    Test worker] o.h.type.descriptor.sql.BasicBinder      : binding parameter [6] as [INTEGER] - [0]
2023-08-14 13:34:04.339 TRACE 8668 --- [    Test worker] o.h.type.descriptor.sql.BasicBinder      : binding parameter [7] as [VARCHAR] - [자바]
2023-08-14 13:34:04.339 TRACE 8668 --- [    Test worker] o.h.type.descriptor.sql.BasicBinder      : binding parameter [8] as [BIGINT] - [416]
2023-08-14 13:34:04.339 DEBUG 8668 --- [    Test worker] org.hibernate.SQL                        : 
    select
        nextval(post_seq)
Hibernate: 
    select
        nextval(post_seq)
2023-08-14 13:34:04.339 DEBUG 8668 --- [    Test worker] org.hibernate.SQL                        : 
    insert 
    into
        tb_post
        (board_id, post_content, post_create_date, post_title, post_update_date, post_view_count, post_writer, post_id) 
    values
        (?, ?, ?, ?, ?, ?, ?, ?)
Hibernate: 
    insert 
    into
        tb_post
        (board_id, post_content, post_create_date, post_title, post_update_date, post_view_count, post_writer, post_id) 
    values
        (?, ?, ?, ?, ?, ?, ?, ?)
2023-08-14 13:34:04.339 TRACE 8668 --- [    Test worker] o.h.type.descriptor.sql.BasicBinder      : binding parameter [1] as [BIGINT] - [1]
2023-08-14 13:34:04.339 TRACE 8668 --- [    Test worker] o.h.type.descriptor.sql.BasicBinder      : binding parameter [2] as [VARCHAR] - [QAmNJwq5VT]
2023-08-14 13:34:04.339 TRACE 8668 --- [    Test worker] o.h.type.descriptor.sql.BasicBinder      : binding parameter [3] as [TIMESTAMP] - [2023-08-14 13:34:04.339]
2023-08-14 13:34:04.339 TRACE 8668 --- [    Test worker] o.h.type.descriptor.sql.BasicBinder      : binding parameter [4] as [VARCHAR] - [테스트 글 제목 14]
2023-08-14 13:34:04.339 TRACE 8668 --- [    Test worker] o.h.type.descriptor.sql.BasicBinder      : binding parameter [5] as [TIMESTAMP] - [2023-08-14 13:34:04.339]
2023-08-14 13:34:04.339 TRACE 8668 --- [    Test worker] o.h.type.descriptor.sql.BasicBinder      : binding parameter [6] as [INTEGER] - [0]
2023-08-14 13:34:04.339 TRACE 8668 --- [    Test worker] o.h.type.descriptor.sql.BasicBinder      : binding parameter [7] as [VARCHAR] - [자바]
2023-08-14 13:34:04.339 TRACE 8668 --- [    Test worker] o.h.type.descriptor.sql.BasicBinder      : binding parameter [8] as [BIGINT] - [417]
2023-08-14 13:34:04.339 DEBUG 8668 --- [    Test worker] org.hibernate.SQL                        : 
    select
        nextval(post_seq)
Hibernate: 
    select
        nextval(post_seq)
2023-08-14 13:34:04.339 DEBUG 8668 --- [    Test worker] org.hibernate.SQL                        : 
    insert 
    into
        tb_post
        (board_id, post_content, post_create_date, post_title, post_update_date, post_view_count, post_writer, post_id) 
    values
        (?, ?, ?, ?, ?, ?, ?, ?)
Hibernate: 
    insert 
    into
        tb_post
        (board_id, post_content, post_create_date, post_title, post_update_date, post_view_count, post_writer, post_id) 
    values
        (?, ?, ?, ?, ?, ?, ?, ?)
2023-08-14 13:34:04.339 TRACE 8668 --- [    Test worker] o.h.type.descriptor.sql.BasicBinder      : binding parameter [1] as [BIGINT] - [1]
2023-08-14 13:34:04.339 TRACE 8668 --- [    Test worker] o.h.type.descriptor.sql.BasicBinder      : binding parameter [2] as [VARCHAR] - [ALuvrYchyD]
2023-08-14 13:34:04.339 TRACE 8668 --- [    Test worker] o.h.type.descriptor.sql.BasicBinder      : binding parameter [3] as [TIMESTAMP] - [2023-08-14 13:34:04.339]
2023-08-14 13:34:04.339 TRACE 8668 --- [    Test worker] o.h.type.descriptor.sql.BasicBinder      : binding parameter [4] as [VARCHAR] - [테스트 글 제목 15]
2023-08-14 13:34:04.339 TRACE 8668 --- [    Test worker] o.h.type.descriptor.sql.BasicBinder      : binding parameter [5] as [TIMESTAMP] - [2023-08-14 13:34:04.339]
2023-08-14 13:34:04.339 TRACE 8668 --- [    Test worker] o.h.type.descriptor.sql.BasicBinder      : binding parameter [6] as [INTEGER] - [0]
2023-08-14 13:34:04.339 TRACE 8668 --- [    Test worker] o.h.type.descriptor.sql.BasicBinder      : binding parameter [7] as [VARCHAR] - [자바]
2023-08-14 13:34:04.339 TRACE 8668 --- [    Test worker] o.h.type.descriptor.sql.BasicBinder      : binding parameter [8] as [BIGINT] - [418]
2023-08-14 13:34:04.339 DEBUG 8668 --- [    Test worker] org.hibernate.SQL                        : 
    select
        nextval(post_seq)
Hibernate: 
    select
        nextval(post_seq)
2023-08-14 13:34:04.339 DEBUG 8668 --- [    Test worker] org.hibernate.SQL                        : 
    insert 
    into
        tb_post
        (board_id, post_content, post_create_date, post_title, post_update_date, post_view_count, post_writer, post_id) 
    values
        (?, ?, ?, ?, ?, ?, ?, ?)
Hibernate: 
    insert 
    into
        tb_post
        (board_id, post_content, post_create_date, post_title, post_update_date, post_view_count, post_writer, post_id) 
    values
        (?, ?, ?, ?, ?, ?, ?, ?)
2023-08-14 13:34:04.339 TRACE 8668 --- [    Test worker] o.h.type.descriptor.sql.BasicBinder      : binding parameter [1] as [BIGINT] - [1]
2023-08-14 13:34:04.339 TRACE 8668 --- [    Test worker] o.h.type.descriptor.sql.BasicBinder      : binding parameter [2] as [VARCHAR] - [jbP0hp1ELN]
2023-08-14 13:34:04.339 TRACE 8668 --- [    Test worker] o.h.type.descriptor.sql.BasicBinder      : binding parameter [3] as [TIMESTAMP] - [2023-08-14 13:34:04.339]
2023-08-14 13:34:04.339 TRACE 8668 --- [    Test worker] o.h.type.descriptor.sql.BasicBinder      : binding parameter [4] as [VARCHAR] - [테스트 글 제목 16]
2023-08-14 13:34:04.339 TRACE 8668 --- [    Test worker] o.h.type.descriptor.sql.BasicBinder      : binding parameter [5] as [TIMESTAMP] - [2023-08-14 13:34:04.339]
2023-08-14 13:34:04.339 TRACE 8668 --- [    Test worker] o.h.type.descriptor.sql.BasicBinder      : binding parameter [6] as [INTEGER] - [0]
2023-08-14 13:34:04.339 TRACE 8668 --- [    Test worker] o.h.type.descriptor.sql.BasicBinder      : binding parameter [7] as [VARCHAR] - [자바]
2023-08-14 13:34:04.339 TRACE 8668 --- [    Test worker] o.h.type.descriptor.sql.BasicBinder      : binding parameter [8] as [BIGINT] - [419]
2023-08-14 13:34:04.355 DEBUG 8668 --- [    Test worker] org.hibernate.SQL                        : 
    select
        nextval(post_seq)
Hibernate: 
    select
        nextval(post_seq)
2023-08-14 13:34:04.355 DEBUG 8668 --- [    Test worker] org.hibernate.SQL                        : 
    insert 
    into
        tb_post
        (board_id, post_content, post_create_date, post_title, post_update_date, post_view_count, post_writer, post_id) 
    values
        (?, ?, ?, ?, ?, ?, ?, ?)
Hibernate: 
    insert 
    into
        tb_post
        (board_id, post_content, post_create_date, post_title, post_update_date, post_view_count, post_writer, post_id) 
    values
        (?, ?, ?, ?, ?, ?, ?, ?)
2023-08-14 13:34:04.355 TRACE 8668 --- [    Test worker] o.h.type.descriptor.sql.BasicBinder      : binding parameter [1] as [BIGINT] - [1]
2023-08-14 13:34:04.355 TRACE 8668 --- [    Test worker] o.h.type.descriptor.sql.BasicBinder      : binding parameter [2] as [VARCHAR] - [8sy1vcqhFi]
2023-08-14 13:34:04.355 TRACE 8668 --- [    Test worker] o.h.type.descriptor.sql.BasicBinder      : binding parameter [3] as [TIMESTAMP] - [2023-08-14 13:34:04.355]
2023-08-14 13:34:04.355 TRACE 8668 --- [    Test worker] o.h.type.descriptor.sql.BasicBinder      : binding parameter [4] as [VARCHAR] - [테스트 글 제목 17]
2023-08-14 13:34:04.355 TRACE 8668 --- [    Test worker] o.h.type.descriptor.sql.BasicBinder      : binding parameter [5] as [TIMESTAMP] - [2023-08-14 13:34:04.355]
2023-08-14 13:34:04.355 TRACE 8668 --- [    Test worker] o.h.type.descriptor.sql.BasicBinder      : binding parameter [6] as [INTEGER] - [0]
2023-08-14 13:34:04.355 TRACE 8668 --- [    Test worker] o.h.type.descriptor.sql.BasicBinder      : binding parameter [7] as [VARCHAR] - [자바]
2023-08-14 13:34:04.355 TRACE 8668 --- [    Test worker] o.h.type.descriptor.sql.BasicBinder      : binding parameter [8] as [BIGINT] - [420]
2023-08-14 13:34:04.355 DEBUG 8668 --- [    Test worker] org.hibernate.SQL                        : 
    select
        nextval(post_seq)
Hibernate: 
    select
        nextval(post_seq)
2023-08-14 13:34:04.355 DEBUG 8668 --- [    Test worker] org.hibernate.SQL                        : 
    insert 
    into
        tb_post
        (board_id, post_content, post_create_date, post_title, post_update_date, post_view_count, post_writer, post_id) 
    values
        (?, ?, ?, ?, ?, ?, ?, ?)
Hibernate: 
    insert 
    into
        tb_post
        (board_id, post_content, post_create_date, post_title, post_update_date, post_view_count, post_writer, post_id) 
    values
        (?, ?, ?, ?, ?, ?, ?, ?)
2023-08-14 13:34:04.355 TRACE 8668 --- [    Test worker] o.h.type.descriptor.sql.BasicBinder      : binding parameter [1] as [BIGINT] - [1]
2023-08-14 13:34:04.355 TRACE 8668 --- [    Test worker] o.h.type.descriptor.sql.BasicBinder      : binding parameter [2] as [VARCHAR] - [hwUdvCXM7z]
2023-08-14 13:34:04.355 TRACE 8668 --- [    Test worker] o.h.type.descriptor.sql.BasicBinder      : binding parameter [3] as [TIMESTAMP] - [2023-08-14 13:34:04.355]
2023-08-14 13:34:04.355 TRACE 8668 --- [    Test worker] o.h.type.descriptor.sql.BasicBinder      : binding parameter [4] as [VARCHAR] - [테스트 글 제목 18]
2023-08-14 13:34:04.355 TRACE 8668 --- [    Test worker] o.h.type.descriptor.sql.BasicBinder      : binding parameter [5] as [TIMESTAMP] - [2023-08-14 13:34:04.355]
2023-08-14 13:34:04.355 TRACE 8668 --- [    Test worker] o.h.type.descriptor.sql.BasicBinder      : binding parameter [6] as [INTEGER] - [0]
2023-08-14 13:34:04.355 TRACE 8668 --- [    Test worker] o.h.type.descriptor.sql.BasicBinder      : binding parameter [7] as [VARCHAR] - [자바]
2023-08-14 13:34:04.355 TRACE 8668 --- [    Test worker] o.h.type.descriptor.sql.BasicBinder      : binding parameter [8] as [BIGINT] - [421]
2023-08-14 13:34:04.355 DEBUG 8668 --- [    Test worker] org.hibernate.SQL                        : 
    select
        nextval(post_seq)
Hibernate: 
    select
        nextval(post_seq)
2023-08-14 13:34:04.355 DEBUG 8668 --- [    Test worker] org.hibernate.SQL                        : 
    insert 
    into
        tb_post
        (board_id, post_content, post_create_date, post_title, post_update_date, post_view_count, post_writer, post_id) 
    values
        (?, ?, ?, ?, ?, ?, ?, ?)
Hibernate: 
    insert 
    into
        tb_post
        (board_id, post_content, post_create_date, post_title, post_update_date, post_view_count, post_writer, post_id) 
    values
        (?, ?, ?, ?, ?, ?, ?, ?)
2023-08-14 13:34:04.355 TRACE 8668 --- [    Test worker] o.h.type.descriptor.sql.BasicBinder      : binding parameter [1] as [BIGINT] - [1]
2023-08-14 13:34:04.355 TRACE 8668 --- [    Test worker] o.h.type.descriptor.sql.BasicBinder      : binding parameter [2] as [VARCHAR] - [ggY3mDVTWy]
2023-08-14 13:34:04.355 TRACE 8668 --- [    Test worker] o.h.type.descriptor.sql.BasicBinder      : binding parameter [3] as [TIMESTAMP] - [2023-08-14 13:34:04.355]
2023-08-14 13:34:04.355 TRACE 8668 --- [    Test worker] o.h.type.descriptor.sql.BasicBinder      : binding parameter [4] as [VARCHAR] - [테스트 글 제목 19]
2023-08-14 13:34:04.355 TRACE 8668 --- [    Test worker] o.h.type.descriptor.sql.BasicBinder      : binding parameter [5] as [TIMESTAMP] - [2023-08-14 13:34:04.355]
2023-08-14 13:34:04.355 TRACE 8668 --- [    Test worker] o.h.type.descriptor.sql.BasicBinder      : binding parameter [6] as [INTEGER] - [0]
2023-08-14 13:34:04.355 TRACE 8668 --- [    Test worker] o.h.type.descriptor.sql.BasicBinder      : binding parameter [7] as [VARCHAR] - [자바]
2023-08-14 13:34:04.355 TRACE 8668 --- [    Test worker] o.h.type.descriptor.sql.BasicBinder      : binding parameter [8] as [BIGINT] - [422]
2023-08-14 13:34:04.355 DEBUG 8668 --- [    Test worker] org.hibernate.SQL                        : 
    select
        nextval(post_seq)
Hibernate: 
    select
        nextval(post_seq)
2023-08-14 13:34:04.355 DEBUG 8668 --- [    Test worker] org.hibernate.SQL                        : 
    insert 
    into
        tb_post
        (board_id, post_content, post_create_date, post_title, post_update_date, post_view_count, post_writer, post_id) 
    values
        (?, ?, ?, ?, ?, ?, ?, ?)
Hibernate: 
    insert 
    into
        tb_post
        (board_id, post_content, post_create_date, post_title, post_update_date, post_view_count, post_writer, post_id) 
    values
        (?, ?, ?, ?, ?, ?, ?, ?)
2023-08-14 13:34:04.355 TRACE 8668 --- [    Test worker] o.h.type.descriptor.sql.BasicBinder      : binding parameter [1] as [BIGINT] - [1]
2023-08-14 13:34:04.355 TRACE 8668 --- [    Test worker] o.h.type.descriptor.sql.BasicBinder      : binding parameter [2] as [VARCHAR] - [3RcekohhC3]
2023-08-14 13:34:04.355 TRACE 8668 --- [    Test worker] o.h.type.descriptor.sql.BasicBinder      : binding parameter [3] as [TIMESTAMP] - [2023-08-14 13:34:04.355]
2023-08-14 13:34:04.355 TRACE 8668 --- [    Test worker] o.h.type.descriptor.sql.BasicBinder      : binding parameter [4] as [VARCHAR] - [테스트 글 제목 20]
2023-08-14 13:34:04.355 TRACE 8668 --- [    Test worker] o.h.type.descriptor.sql.BasicBinder      : binding parameter [5] as [TIMESTAMP] - [2023-08-14 13:34:04.355]
2023-08-14 13:34:04.355 TRACE 8668 --- [    Test worker] o.h.type.descriptor.sql.BasicBinder      : binding parameter [6] as [INTEGER] - [0]
2023-08-14 13:34:04.355 TRACE 8668 --- [    Test worker] o.h.type.descriptor.sql.BasicBinder      : binding parameter [7] as [VARCHAR] - [자바]
2023-08-14 13:34:04.355 TRACE 8668 --- [    Test worker] o.h.type.descriptor.sql.BasicBinder      : binding parameter [8] as [BIGINT] - [423]
2023-08-14 13:34:04.355 DEBUG 8668 --- [    Test worker] org.hibernate.SQL                        : 
    select
        nextval(post_seq)
Hibernate: 
    select
        nextval(post_seq)
2023-08-14 13:34:04.355 DEBUG 8668 --- [    Test worker] org.hibernate.SQL                        : 
    insert 
    into
        tb_post
        (board_id, post_content, post_create_date, post_title, post_update_date, post_view_count, post_writer, post_id) 
    values
        (?, ?, ?, ?, ?, ?, ?, ?)
Hibernate: 
    insert 
    into
        tb_post
        (board_id, post_content, post_create_date, post_title, post_update_date, post_view_count, post_writer, post_id) 
    values
        (?, ?, ?, ?, ?, ?, ?, ?)
2023-08-14 13:34:04.355 TRACE 8668 --- [    Test worker] o.h.type.descriptor.sql.BasicBinder      : binding parameter [1] as [BIGINT] - [1]
2023-08-14 13:34:04.355 TRACE 8668 --- [    Test worker] o.h.type.descriptor.sql.BasicBinder      : binding parameter [2] as [VARCHAR] - [kFCjPx7byH]
2023-08-14 13:34:04.355 TRACE 8668 --- [    Test worker] o.h.type.descriptor.sql.BasicBinder      : binding parameter [3] as [TIMESTAMP] - [2023-08-14 13:34:04.355]
2023-08-14 13:34:04.355 TRACE 8668 --- [    Test worker] o.h.type.descriptor.sql.BasicBinder      : binding parameter [4] as [VARCHAR] - [테스트 글 제목 21]
2023-08-14 13:34:04.355 TRACE 8668 --- [    Test worker] o.h.type.descriptor.sql.BasicBinder      : binding parameter [5] as [TIMESTAMP] - [2023-08-14 13:34:04.355]
2023-08-14 13:34:04.355 TRACE 8668 --- [    Test worker] o.h.type.descriptor.sql.BasicBinder      : binding parameter [6] as [INTEGER] - [0]
2023-08-14 13:34:04.355 TRACE 8668 --- [    Test worker] o.h.type.descriptor.sql.BasicBinder      : binding parameter [7] as [VARCHAR] - [자바]
2023-08-14 13:34:04.355 TRACE 8668 --- [    Test worker] o.h.type.descriptor.sql.BasicBinder      : binding parameter [8] as [BIGINT] - [424]
2023-08-14 13:34:04.355 DEBUG 8668 --- [    Test worker] org.hibernate.SQL                        : 
    select
        nextval(post_seq)
Hibernate: 
    select
        nextval(post_seq)
2023-08-14 13:34:04.355 DEBUG 8668 --- [    Test worker] org.hibernate.SQL                        : 
    insert 
    into
        tb_post
        (board_id, post_content, post_create_date, post_title, post_update_date, post_view_count, post_writer, post_id) 
    values
        (?, ?, ?, ?, ?, ?, ?, ?)
Hibernate: 
    insert 
    into
        tb_post
        (board_id, post_content, post_create_date, post_title, post_update_date, post_view_count, post_writer, post_id) 
    values
        (?, ?, ?, ?, ?, ?, ?, ?)
2023-08-14 13:34:04.355 TRACE 8668 --- [    Test worker] o.h.type.descriptor.sql.BasicBinder      : binding parameter [1] as [BIGINT] - [1]
2023-08-14 13:34:04.355 TRACE 8668 --- [    Test worker] o.h.type.descriptor.sql.BasicBinder      : binding parameter [2] as [VARCHAR] - [mRfQrTMy5P]
2023-08-14 13:34:04.355 TRACE 8668 --- [    Test worker] o.h.type.descriptor.sql.BasicBinder      : binding parameter [3] as [TIMESTAMP] - [2023-08-14 13:34:04.355]
2023-08-14 13:34:04.355 TRACE 8668 --- [    Test worker] o.h.type.descriptor.sql.BasicBinder      : binding parameter [4] as [VARCHAR] - [테스트 글 제목 22]
2023-08-14 13:34:04.355 TRACE 8668 --- [    Test worker] o.h.type.descriptor.sql.BasicBinder      : binding parameter [5] as [TIMESTAMP] - [2023-08-14 13:34:04.355]
2023-08-14 13:34:04.355 TRACE 8668 --- [    Test worker] o.h.type.descriptor.sql.BasicBinder      : binding parameter [6] as [INTEGER] - [0]
2023-08-14 13:34:04.355 TRACE 8668 --- [    Test worker] o.h.type.descriptor.sql.BasicBinder      : binding parameter [7] as [VARCHAR] - [자바]
2023-08-14 13:34:04.355 TRACE 8668 --- [    Test worker] o.h.type.descriptor.sql.BasicBinder      : binding parameter [8] as [BIGINT] - [425]
2023-08-14 13:34:04.355 DEBUG 8668 --- [    Test worker] org.hibernate.SQL                        : 
    select
        nextval(post_seq)
Hibernate: 
    select
        nextval(post_seq)
2023-08-14 13:34:04.355 DEBUG 8668 --- [    Test worker] org.hibernate.SQL                        : 
    insert 
    into
        tb_post
        (board_id, post_content, post_create_date, post_title, post_update_date, post_view_count, post_writer, post_id) 
    values
        (?, ?, ?, ?, ?, ?, ?, ?)
Hibernate: 
    insert 
    into
        tb_post
        (board_id, post_content, post_create_date, post_title, post_update_date, post_view_count, post_writer, post_id) 
    values
        (?, ?, ?, ?, ?, ?, ?, ?)
2023-08-14 13:34:04.355 TRACE 8668 --- [    Test worker] o.h.type.descriptor.sql.BasicBinder      : binding parameter [1] as [BIGINT] - [1]
2023-08-14 13:34:04.355 TRACE 8668 --- [    Test worker] o.h.type.descriptor.sql.BasicBinder      : binding parameter [2] as [VARCHAR] - [Evw2SMO1Lv]
2023-08-14 13:34:04.355 TRACE 8668 --- [    Test worker] o.h.type.descriptor.sql.BasicBinder      : binding parameter [3] as [TIMESTAMP] - [2023-08-14 13:34:04.355]
2023-08-14 13:34:04.355 TRACE 8668 --- [    Test worker] o.h.type.descriptor.sql.BasicBinder      : binding parameter [4] as [VARCHAR] - [테스트 글 제목 23]
2023-08-14 13:34:04.355 TRACE 8668 --- [    Test worker] o.h.type.descriptor.sql.BasicBinder      : binding parameter [5] as [TIMESTAMP] - [2023-08-14 13:34:04.355]
2023-08-14 13:34:04.355 TRACE 8668 --- [    Test worker] o.h.type.descriptor.sql.BasicBinder      : binding parameter [6] as [INTEGER] - [0]
2023-08-14 13:34:04.355 TRACE 8668 --- [    Test worker] o.h.type.descriptor.sql.BasicBinder      : binding parameter [7] as [VARCHAR] - [자바]
2023-08-14 13:34:04.355 TRACE 8668 --- [    Test worker] o.h.type.descriptor.sql.BasicBinder      : binding parameter [8] as [BIGINT] - [426]
2023-08-14 13:34:04.355 DEBUG 8668 --- [    Test worker] org.hibernate.SQL                        : 
    select
        nextval(post_seq)
Hibernate: 
    select
        nextval(post_seq)
2023-08-14 13:34:04.355 DEBUG 8668 --- [    Test worker] org.hibernate.SQL                        : 
    insert 
    into
        tb_post
        (board_id, post_content, post_create_date, post_title, post_update_date, post_view_count, post_writer, post_id) 
    values
        (?, ?, ?, ?, ?, ?, ?, ?)
Hibernate: 
    insert 
    into
        tb_post
        (board_id, post_content, post_create_date, post_title, post_update_date, post_view_count, post_writer, post_id) 
    values
        (?, ?, ?, ?, ?, ?, ?, ?)
2023-08-14 13:34:04.355 TRACE 8668 --- [    Test worker] o.h.type.descriptor.sql.BasicBinder      : binding parameter [1] as [BIGINT] - [1]
2023-08-14 13:34:04.355 TRACE 8668 --- [    Test worker] o.h.type.descriptor.sql.BasicBinder      : binding parameter [2] as [VARCHAR] - [nTo2gJEV6v]
2023-08-14 13:34:04.355 TRACE 8668 --- [    Test worker] o.h.type.descriptor.sql.BasicBinder      : binding parameter [3] as [TIMESTAMP] - [2023-08-14 13:34:04.355]
2023-08-14 13:34:04.355 TRACE 8668 --- [    Test worker] o.h.type.descriptor.sql.BasicBinder      : binding parameter [4] as [VARCHAR] - [테스트 글 제목 24]
2023-08-14 13:34:04.355 TRACE 8668 --- [    Test worker] o.h.type.descriptor.sql.BasicBinder      : binding parameter [5] as [TIMESTAMP] - [2023-08-14 13:34:04.355]
2023-08-14 13:34:04.355 TRACE 8668 --- [    Test worker] o.h.type.descriptor.sql.BasicBinder      : binding parameter [6] as [INTEGER] - [0]
2023-08-14 13:34:04.355 TRACE 8668 --- [    Test worker] o.h.type.descriptor.sql.BasicBinder      : binding parameter [7] as [VARCHAR] - [자바]
2023-08-14 13:34:04.355 TRACE 8668 --- [    Test worker] o.h.type.descriptor.sql.BasicBinder      : binding parameter [8] as [BIGINT] - [427]
2023-08-14 13:34:04.355 DEBUG 8668 --- [    Test worker] org.hibernate.SQL                        : 
    select
        nextval(post_seq)
Hibernate: 
    select
        nextval(post_seq)
2023-08-14 13:34:04.355 DEBUG 8668 --- [    Test worker] org.hibernate.SQL                        : 
    insert 
    into
        tb_post
        (board_id, post_content, post_create_date, post_title, post_update_date, post_view_count, post_writer, post_id) 
    values
        (?, ?, ?, ?, ?, ?, ?, ?)
Hibernate: 
    insert 
    into
        tb_post
        (board_id, post_content, post_create_date, post_title, post_update_date, post_view_count, post_writer, post_id) 
    values
        (?, ?, ?, ?, ?, ?, ?, ?)
2023-08-14 13:34:04.355 TRACE 8668 --- [    Test worker] o.h.type.descriptor.sql.BasicBinder      : binding parameter [1] as [BIGINT] - [1]
2023-08-14 13:34:04.355 TRACE 8668 --- [    Test worker] o.h.type.descriptor.sql.BasicBinder      : binding parameter [2] as [VARCHAR] - [n68ocBsXfG]
2023-08-14 13:34:04.355 TRACE 8668 --- [    Test worker] o.h.type.descriptor.sql.BasicBinder      : binding parameter [3] as [TIMESTAMP] - [2023-08-14 13:34:04.355]
2023-08-14 13:34:04.355 TRACE 8668 --- [    Test worker] o.h.type.descriptor.sql.BasicBinder      : binding parameter [4] as [VARCHAR] - [테스트 글 제목 25]
2023-08-14 13:34:04.355 TRACE 8668 --- [    Test worker] o.h.type.descriptor.sql.BasicBinder      : binding parameter [5] as [TIMESTAMP] - [2023-08-14 13:34:04.355]
2023-08-14 13:34:04.355 TRACE 8668 --- [    Test worker] o.h.type.descriptor.sql.BasicBinder      : binding parameter [6] as [INTEGER] - [0]
2023-08-14 13:34:04.355 TRACE 8668 --- [    Test worker] o.h.type.descriptor.sql.BasicBinder      : binding parameter [7] as [VARCHAR] - [자바]
2023-08-14 13:34:04.355 TRACE 8668 --- [    Test worker] o.h.type.descriptor.sql.BasicBinder      : binding parameter [8] as [BIGINT] - [428]
2023-08-14 13:34:04.355 DEBUG 8668 --- [    Test worker] org.hibernate.SQL                        : 
    select
        nextval(post_seq)
Hibernate: 
    select
        nextval(post_seq)
2023-08-14 13:34:04.355 DEBUG 8668 --- [    Test worker] org.hibernate.SQL                        : 
    insert 
    into
        tb_post
        (board_id, post_content, post_create_date, post_title, post_update_date, post_view_count, post_writer, post_id) 
    values
        (?, ?, ?, ?, ?, ?, ?, ?)
Hibernate: 
    insert 
    into
        tb_post
        (board_id, post_content, post_create_date, post_title, post_update_date, post_view_count, post_writer, post_id) 
    values
        (?, ?, ?, ?, ?, ?, ?, ?)
2023-08-14 13:34:04.355 TRACE 8668 --- [    Test worker] o.h.type.descriptor.sql.BasicBinder      : binding parameter [1] as [BIGINT] - [1]
2023-08-14 13:34:04.355 TRACE 8668 --- [    Test worker] o.h.type.descriptor.sql.BasicBinder      : binding parameter [2] as [VARCHAR] - [QlvWdegQB8]
2023-08-14 13:34:04.355 TRACE 8668 --- [    Test worker] o.h.type.descriptor.sql.BasicBinder      : binding parameter [3] as [TIMESTAMP] - [2023-08-14 13:34:04.355]
2023-08-14 13:34:04.355 TRACE 8668 --- [    Test worker] o.h.type.descriptor.sql.BasicBinder      : binding parameter [4] as [VARCHAR] - [테스트 글 제목 26]
2023-08-14 13:34:04.355 TRACE 8668 --- [    Test worker] o.h.type.descriptor.sql.BasicBinder      : binding parameter [5] as [TIMESTAMP] - [2023-08-14 13:34:04.355]
2023-08-14 13:34:04.355 TRACE 8668 --- [    Test worker] o.h.type.descriptor.sql.BasicBinder      : binding parameter [6] as [INTEGER] - [0]
2023-08-14 13:34:04.355 TRACE 8668 --- [    Test worker] o.h.type.descriptor.sql.BasicBinder      : binding parameter [7] as [VARCHAR] - [자바]
2023-08-14 13:34:04.355 TRACE 8668 --- [    Test worker] o.h.type.descriptor.sql.BasicBinder      : binding parameter [8] as [BIGINT] - [429]
2023-08-14 13:34:04.355 DEBUG 8668 --- [    Test worker] org.hibernate.SQL                        : 
    select
        nextval(post_seq)
Hibernate: 
    select
        nextval(post_seq)
2023-08-14 13:34:04.355 DEBUG 8668 --- [    Test worker] org.hibernate.SQL                        : 
    insert 
    into
        tb_post
        (board_id, post_content, post_create_date, post_title, post_update_date, post_view_count, post_writer, post_id) 
    values
        (?, ?, ?, ?, ?, ?, ?, ?)
Hibernate: 
    insert 
    into
        tb_post
        (board_id, post_content, post_create_date, post_title, post_update_date, post_view_count, post_writer, post_id) 
    values
        (?, ?, ?, ?, ?, ?, ?, ?)
2023-08-14 13:34:04.355 TRACE 8668 --- [    Test worker] o.h.type.descriptor.sql.BasicBinder      : binding parameter [1] as [BIGINT] - [1]
2023-08-14 13:34:04.355 TRACE 8668 --- [    Test worker] o.h.type.descriptor.sql.BasicBinder      : binding parameter [2] as [VARCHAR] - [RVxCsyDnLm]
2023-08-14 13:34:04.355 TRACE 8668 --- [    Test worker] o.h.type.descriptor.sql.BasicBinder      : binding parameter [3] as [TIMESTAMP] - [2023-08-14 13:34:04.355]
2023-08-14 13:34:04.355 TRACE 8668 --- [    Test worker] o.h.type.descriptor.sql.BasicBinder      : binding parameter [4] as [VARCHAR] - [테스트 글 제목 27]
2023-08-14 13:34:04.355 TRACE 8668 --- [    Test worker] o.h.type.descriptor.sql.BasicBinder      : binding parameter [5] as [TIMESTAMP] - [2023-08-14 13:34:04.355]
2023-08-14 13:34:04.355 TRACE 8668 --- [    Test worker] o.h.type.descriptor.sql.BasicBinder      : binding parameter [6] as [INTEGER] - [0]
2023-08-14 13:34:04.355 TRACE 8668 --- [    Test worker] o.h.type.descriptor.sql.BasicBinder      : binding parameter [7] as [VARCHAR] - [자바]
2023-08-14 13:34:04.355 TRACE 8668 --- [    Test worker] o.h.type.descriptor.sql.BasicBinder      : binding parameter [8] as [BIGINT] - [430]
2023-08-14 13:34:04.371 DEBUG 8668 --- [    Test worker] org.hibernate.SQL                        : 
    select
        nextval(post_seq)
Hibernate: 
    select
        nextval(post_seq)
2023-08-14 13:34:04.371 DEBUG 8668 --- [    Test worker] org.hibernate.SQL                        : 
    insert 
    into
        tb_post
        (board_id, post_content, post_create_date, post_title, post_update_date, post_view_count, post_writer, post_id) 
    values
        (?, ?, ?, ?, ?, ?, ?, ?)
Hibernate: 
    insert 
    into
        tb_post
        (board_id, post_content, post_create_date, post_title, post_update_date, post_view_count, post_writer, post_id) 
    values
        (?, ?, ?, ?, ?, ?, ?, ?)
2023-08-14 13:34:04.371 TRACE 8668 --- [    Test worker] o.h.type.descriptor.sql.BasicBinder      : binding parameter [1] as [BIGINT] - [1]
2023-08-14 13:34:04.371 TRACE 8668 --- [    Test worker] o.h.type.descriptor.sql.BasicBinder      : binding parameter [2] as [VARCHAR] - [7NK53SqrUX]
2023-08-14 13:34:04.371 TRACE 8668 --- [    Test worker] o.h.type.descriptor.sql.BasicBinder      : binding parameter [3] as [TIMESTAMP] - [2023-08-14 13:34:04.371]
2023-08-14 13:34:04.371 TRACE 8668 --- [    Test worker] o.h.type.descriptor.sql.BasicBinder      : binding parameter [4] as [VARCHAR] - [테스트 글 제목 28]
2023-08-14 13:34:04.371 TRACE 8668 --- [    Test worker] o.h.type.descriptor.sql.BasicBinder      : binding parameter [5] as [TIMESTAMP] - [2023-08-14 13:34:04.371]
2023-08-14 13:34:04.371 TRACE 8668 --- [    Test worker] o.h.type.descriptor.sql.BasicBinder      : binding parameter [6] as [INTEGER] - [0]
2023-08-14 13:34:04.371 TRACE 8668 --- [    Test worker] o.h.type.descriptor.sql.BasicBinder      : binding parameter [7] as [VARCHAR] - [자바]
2023-08-14 13:34:04.371 TRACE 8668 --- [    Test worker] o.h.type.descriptor.sql.BasicBinder      : binding parameter [8] as [BIGINT] - [431]
2023-08-14 13:34:04.371 DEBUG 8668 --- [    Test worker] org.hibernate.SQL                        : 
    select
        nextval(post_seq)
Hibernate: 
    select
        nextval(post_seq)
2023-08-14 13:34:04.371 DEBUG 8668 --- [    Test worker] org.hibernate.SQL                        : 
    insert 
    into
        tb_post
        (board_id, post_content, post_create_date, post_title, post_update_date, post_view_count, post_writer, post_id) 
    values
        (?, ?, ?, ?, ?, ?, ?, ?)
Hibernate: 
    insert 
    into
        tb_post
        (board_id, post_content, post_create_date, post_title, post_update_date, post_view_count, post_writer, post_id) 
    values
        (?, ?, ?, ?, ?, ?, ?, ?)
2023-08-14 13:34:04.371 TRACE 8668 --- [    Test worker] o.h.type.descriptor.sql.BasicBinder      : binding parameter [1] as [BIGINT] - [1]
2023-08-14 13:34:04.371 TRACE 8668 --- [    Test worker] o.h.type.descriptor.sql.BasicBinder      : binding parameter [2] as [VARCHAR] - [CGYVtAkwHj]
2023-08-14 13:34:04.371 TRACE 8668 --- [    Test worker] o.h.type.descriptor.sql.BasicBinder      : binding parameter [3] as [TIMESTAMP] - [2023-08-14 13:34:04.371]
2023-08-14 13:34:04.371 TRACE 8668 --- [    Test worker] o.h.type.descriptor.sql.BasicBinder      : binding parameter [4] as [VARCHAR] - [테스트 글 제목 29]
2023-08-14 13:34:04.371 TRACE 8668 --- [    Test worker] o.h.type.descriptor.sql.BasicBinder      : binding parameter [5] as [TIMESTAMP] - [2023-08-14 13:34:04.371]
2023-08-14 13:34:04.371 TRACE 8668 --- [    Test worker] o.h.type.descriptor.sql.BasicBinder      : binding parameter [6] as [INTEGER] - [0]
2023-08-14 13:34:04.371 TRACE 8668 --- [    Test worker] o.h.type.descriptor.sql.BasicBinder      : binding parameter [7] as [VARCHAR] - [자바]
2023-08-14 13:34:04.371 TRACE 8668 --- [    Test worker] o.h.type.descriptor.sql.BasicBinder      : binding parameter [8] as [BIGINT] - [432]
2023-08-14 13:34:04.371 DEBUG 8668 --- [    Test worker] org.hibernate.SQL                        : 
    select
        nextval(post_seq)
Hibernate: 
    select
        nextval(post_seq)
2023-08-14 13:34:04.371 DEBUG 8668 --- [    Test worker] org.hibernate.SQL                        : 
    insert 
    into
        tb_post
        (board_id, post_content, post_create_date, post_title, post_update_date, post_view_count, post_writer, post_id) 
    values
        (?, ?, ?, ?, ?, ?, ?, ?)
Hibernate: 
    insert 
    into
        tb_post
        (board_id, post_content, post_create_date, post_title, post_update_date, post_view_count, post_writer, post_id) 
    values
        (?, ?, ?, ?, ?, ?, ?, ?)
2023-08-14 13:34:04.371 TRACE 8668 --- [    Test worker] o.h.type.descriptor.sql.BasicBinder      : binding parameter [1] as [BIGINT] - [1]
2023-08-14 13:34:04.371 TRACE 8668 --- [    Test worker] o.h.type.descriptor.sql.BasicBinder      : binding parameter [2] as [VARCHAR] - [FNKW6gxfIA]
2023-08-14 13:34:04.371 TRACE 8668 --- [    Test worker] o.h.type.descriptor.sql.BasicBinder      : binding parameter [3] as [TIMESTAMP] - [2023-08-14 13:34:04.371]
2023-08-14 13:34:04.371 TRACE 8668 --- [    Test worker] o.h.type.descriptor.sql.BasicBinder      : binding parameter [4] as [VARCHAR] - [테스트 글 제목 30]
2023-08-14 13:34:04.371 TRACE 8668 --- [    Test worker] o.h.type.descriptor.sql.BasicBinder      : binding parameter [5] as [TIMESTAMP] - [2023-08-14 13:34:04.371]
2023-08-14 13:34:04.371 TRACE 8668 --- [    Test worker] o.h.type.descriptor.sql.BasicBinder      : binding parameter [6] as [INTEGER] - [0]
2023-08-14 13:34:04.371 TRACE 8668 --- [    Test worker] o.h.type.descriptor.sql.BasicBinder      : binding parameter [7] as [VARCHAR] - [자바]
2023-08-14 13:34:04.371 TRACE 8668 --- [    Test worker] o.h.type.descriptor.sql.BasicBinder      : binding parameter [8] as [BIGINT] - [433]
2023-08-14 13:34:04.371 DEBUG 8668 --- [    Test worker] org.hibernate.SQL                        : 
    select
        nextval(post_seq)
Hibernate: 
    select
        nextval(post_seq)
2023-08-14 13:34:04.371 DEBUG 8668 --- [    Test worker] org.hibernate.SQL                        : 
    insert 
    into
        tb_post
        (board_id, post_content, post_create_date, post_title, post_update_date, post_view_count, post_writer, post_id) 
    values
        (?, ?, ?, ?, ?, ?, ?, ?)
Hibernate: 
    insert 
    into
        tb_post
        (board_id, post_content, post_create_date, post_title, post_update_date, post_view_count, post_writer, post_id) 
    values
        (?, ?, ?, ?, ?, ?, ?, ?)
2023-08-14 13:34:04.371 TRACE 8668 --- [    Test worker] o.h.type.descriptor.sql.BasicBinder      : binding parameter [1] as [BIGINT] - [1]
2023-08-14 13:34:04.371 TRACE 8668 --- [    Test worker] o.h.type.descriptor.sql.BasicBinder      : binding parameter [2] as [VARCHAR] - [gsm0eKdVBj]
2023-08-14 13:34:04.371 TRACE 8668 --- [    Test worker] o.h.type.descriptor.sql.BasicBinder      : binding parameter [3] as [TIMESTAMP] - [2023-08-14 13:34:04.371]
2023-08-14 13:34:04.371 TRACE 8668 --- [    Test worker] o.h.type.descriptor.sql.BasicBinder      : binding parameter [4] as [VARCHAR] - [테스트 글 제목 31]
2023-08-14 13:34:04.371 TRACE 8668 --- [    Test worker] o.h.type.descriptor.sql.BasicBinder      : binding parameter [5] as [TIMESTAMP] - [2023-08-14 13:34:04.371]
2023-08-14 13:34:04.371 TRACE 8668 --- [    Test worker] o.h.type.descriptor.sql.BasicBinder      : binding parameter [6] as [INTEGER] - [0]
2023-08-14 13:34:04.371 TRACE 8668 --- [    Test worker] o.h.type.descriptor.sql.BasicBinder      : binding parameter [7] as [VARCHAR] - [자바]
2023-08-14 13:34:04.371 TRACE 8668 --- [    Test worker] o.h.type.descriptor.sql.BasicBinder      : binding parameter [8] as [BIGINT] - [434]
2023-08-14 13:34:04.371 DEBUG 8668 --- [    Test worker] org.hibernate.SQL                        : 
    select
        nextval(post_seq)
Hibernate: 
    select
        nextval(post_seq)
2023-08-14 13:34:04.371 DEBUG 8668 --- [    Test worker] org.hibernate.SQL                        : 
    insert 
    into
        tb_post
        (board_id, post_content, post_create_date, post_title, post_update_date, post_view_count, post_writer, post_id) 
    values
        (?, ?, ?, ?, ?, ?, ?, ?)
Hibernate: 
    insert 
    into
        tb_post
        (board_id, post_content, post_create_date, post_title, post_update_date, post_view_count, post_writer, post_id) 
    values
        (?, ?, ?, ?, ?, ?, ?, ?)
2023-08-14 13:34:04.371 TRACE 8668 --- [    Test worker] o.h.type.descriptor.sql.BasicBinder      : binding parameter [1] as [BIGINT] - [1]
2023-08-14 13:34:04.371 TRACE 8668 --- [    Test worker] o.h.type.descriptor.sql.BasicBinder      : binding parameter [2] as [VARCHAR] - [TrgQJRKQlV]
2023-08-14 13:34:04.371 TRACE 8668 --- [    Test worker] o.h.type.descriptor.sql.BasicBinder      : binding parameter [3] as [TIMESTAMP] - [2023-08-14 13:34:04.371]
2023-08-14 13:34:04.371 TRACE 8668 --- [    Test worker] o.h.type.descriptor.sql.BasicBinder      : binding parameter [4] as [VARCHAR] - [테스트 글 제목 32]
2023-08-14 13:34:04.371 TRACE 8668 --- [    Test worker] o.h.type.descriptor.sql.BasicBinder      : binding parameter [5] as [TIMESTAMP] - [2023-08-14 13:34:04.371]
2023-08-14 13:34:04.371 TRACE 8668 --- [    Test worker] o.h.type.descriptor.sql.BasicBinder      : binding parameter [6] as [INTEGER] - [0]
2023-08-14 13:34:04.371 TRACE 8668 --- [    Test worker] o.h.type.descriptor.sql.BasicBinder      : binding parameter [7] as [VARCHAR] - [자바]
2023-08-14 13:34:04.371 TRACE 8668 --- [    Test worker] o.h.type.descriptor.sql.BasicBinder      : binding parameter [8] as [BIGINT] - [435]
2023-08-14 13:34:04.371 DEBUG 8668 --- [    Test worker] org.hibernate.SQL                        : 
    select
        nextval(post_seq)
Hibernate: 
    select
        nextval(post_seq)
2023-08-14 13:34:04.371 DEBUG 8668 --- [    Test worker] org.hibernate.SQL                        : 
    insert 
    into
        tb_post
        (board_id, post_content, post_create_date, post_title, post_update_date, post_view_count, post_writer, post_id) 
    values
        (?, ?, ?, ?, ?, ?, ?, ?)
Hibernate: 
    insert 
    into
        tb_post
        (board_id, post_content, post_create_date, post_title, post_update_date, post_view_count, post_writer, post_id) 
    values
        (?, ?, ?, ?, ?, ?, ?, ?)
2023-08-14 13:34:04.371 TRACE 8668 --- [    Test worker] o.h.type.descriptor.sql.BasicBinder      : binding parameter [1] as [BIGINT] - [1]
2023-08-14 13:34:04.371 TRACE 8668 --- [    Test worker] o.h.type.descriptor.sql.BasicBinder      : binding parameter [2] as [VARCHAR] - [HOoBlqDc1T]
2023-08-14 13:34:04.371 TRACE 8668 --- [    Test worker] o.h.type.descriptor.sql.BasicBinder      : binding parameter [3] as [TIMESTAMP] - [2023-08-14 13:34:04.371]
2023-08-14 13:34:04.371 TRACE 8668 --- [    Test worker] o.h.type.descriptor.sql.BasicBinder      : binding parameter [4] as [VARCHAR] - [테스트 글 제목 33]
2023-08-14 13:34:04.371 TRACE 8668 --- [    Test worker] o.h.type.descriptor.sql.BasicBinder      : binding parameter [5] as [TIMESTAMP] - [2023-08-14 13:34:04.371]
2023-08-14 13:34:04.371 TRACE 8668 --- [    Test worker] o.h.type.descriptor.sql.BasicBinder      : binding parameter [6] as [INTEGER] - [0]
2023-08-14 13:34:04.371 TRACE 8668 --- [    Test worker] o.h.type.descriptor.sql.BasicBinder      : binding parameter [7] as [VARCHAR] - [자바]
2023-08-14 13:34:04.371 TRACE 8668 --- [    Test worker] o.h.type.descriptor.sql.BasicBinder      : binding parameter [8] as [BIGINT] - [436]
2023-08-14 13:34:04.371 DEBUG 8668 --- [    Test worker] org.hibernate.SQL                        : 
    select
        nextval(post_seq)
Hibernate: 
    select
        nextval(post_seq)
2023-08-14 13:34:04.371 DEBUG 8668 --- [    Test worker] org.hibernate.SQL                        : 
    insert 
    into
        tb_post
        (board_id, post_content, post_create_date, post_title, post_update_date, post_view_count, post_writer, post_id) 
    values
        (?, ?, ?, ?, ?, ?, ?, ?)
Hibernate: 
    insert 
    into
        tb_post
        (board_id, post_content, post_create_date, post_title, post_update_date, post_view_count, post_writer, post_id) 
    values
        (?, ?, ?, ?, ?, ?, ?, ?)
2023-08-14 13:34:04.371 TRACE 8668 --- [    Test worker] o.h.type.descriptor.sql.BasicBinder      : binding parameter [1] as [BIGINT] - [1]
2023-08-14 13:34:04.371 TRACE 8668 --- [    Test worker] o.h.type.descriptor.sql.BasicBinder      : binding parameter [2] as [VARCHAR] - [ppSYzX0tga]
2023-08-14 13:34:04.371 TRACE 8668 --- [    Test worker] o.h.type.descriptor.sql.BasicBinder      : binding parameter [3] as [TIMESTAMP] - [2023-08-14 13:34:04.371]
2023-08-14 13:34:04.371 TRACE 8668 --- [    Test worker] o.h.type.descriptor.sql.BasicBinder      : binding parameter [4] as [VARCHAR] - [테스트 글 제목 34]
2023-08-14 13:34:04.371 TRACE 8668 --- [    Test worker] o.h.type.descriptor.sql.BasicBinder      : binding parameter [5] as [TIMESTAMP] - [2023-08-14 13:34:04.371]
2023-08-14 13:34:04.371 TRACE 8668 --- [    Test worker] o.h.type.descriptor.sql.BasicBinder      : binding parameter [6] as [INTEGER] - [0]
2023-08-14 13:34:04.371 TRACE 8668 --- [    Test worker] o.h.type.descriptor.sql.BasicBinder      : binding parameter [7] as [VARCHAR] - [자바]
2023-08-14 13:34:04.371 TRACE 8668 --- [    Test worker] o.h.type.descriptor.sql.BasicBinder      : binding parameter [8] as [BIGINT] - [437]
2023-08-14 13:34:04.371 DEBUG 8668 --- [    Test worker] org.hibernate.SQL                        : 
    select
        nextval(post_seq)
Hibernate: 
    select
        nextval(post_seq)
2023-08-14 13:34:04.371 DEBUG 8668 --- [    Test worker] org.hibernate.SQL                        : 
    insert 
    into
        tb_post
        (board_id, post_content, post_create_date, post_title, post_update_date, post_view_count, post_writer, post_id) 
    values
        (?, ?, ?, ?, ?, ?, ?, ?)
Hibernate: 
    insert 
    into
        tb_post
        (board_id, post_content, post_create_date, post_title, post_update_date, post_view_count, post_writer, post_id) 
    values
        (?, ?, ?, ?, ?, ?, ?, ?)
2023-08-14 13:34:04.371 TRACE 8668 --- [    Test worker] o.h.type.descriptor.sql.BasicBinder      : binding parameter [1] as [BIGINT] - [1]
2023-08-14 13:34:04.371 TRACE 8668 --- [    Test worker] o.h.type.descriptor.sql.BasicBinder      : binding parameter [2] as [VARCHAR] - [SZM9Kt1TSr]
2023-08-14 13:34:04.371 TRACE 8668 --- [    Test worker] o.h.type.descriptor.sql.BasicBinder      : binding parameter [3] as [TIMESTAMP] - [2023-08-14 13:34:04.371]
2023-08-14 13:34:04.371 TRACE 8668 --- [    Test worker] o.h.type.descriptor.sql.BasicBinder      : binding parameter [4] as [VARCHAR] - [테스트 글 제목 35]
2023-08-14 13:34:04.371 TRACE 8668 --- [    Test worker] o.h.type.descriptor.sql.BasicBinder      : binding parameter [5] as [TIMESTAMP] - [2023-08-14 13:34:04.371]
2023-08-14 13:34:04.371 TRACE 8668 --- [    Test worker] o.h.type.descriptor.sql.BasicBinder      : binding parameter [6] as [INTEGER] - [0]
2023-08-14 13:34:04.371 TRACE 8668 --- [    Test worker] o.h.type.descriptor.sql.BasicBinder      : binding parameter [7] as [VARCHAR] - [자바]
2023-08-14 13:34:04.371 TRACE 8668 --- [    Test worker] o.h.type.descriptor.sql.BasicBinder      : binding parameter [8] as [BIGINT] - [438]
2023-08-14 13:34:04.371 DEBUG 8668 --- [    Test worker] org.hibernate.SQL                        : 
    select
        nextval(post_seq)
Hibernate: 
    select
        nextval(post_seq)
2023-08-14 13:34:04.371 DEBUG 8668 --- [    Test worker] org.hibernate.SQL                        : 
    insert 
    into
        tb_post
        (board_id, post_content, post_create_date, post_title, post_update_date, post_view_count, post_writer, post_id) 
    values
        (?, ?, ?, ?, ?, ?, ?, ?)
Hibernate: 
    insert 
    into
        tb_post
        (board_id, post_content, post_create_date, post_title, post_update_date, post_view_count, post_writer, post_id) 
    values
        (?, ?, ?, ?, ?, ?, ?, ?)
2023-08-14 13:34:04.386 TRACE 8668 --- [    Test worker] o.h.type.descriptor.sql.BasicBinder      : binding parameter [1] as [BIGINT] - [1]
2023-08-14 13:34:04.386 TRACE 8668 --- [    Test worker] o.h.type.descriptor.sql.BasicBinder      : binding parameter [2] as [VARCHAR] - [vWlXRR8r53]
2023-08-14 13:34:04.386 TRACE 8668 --- [    Test worker] o.h.type.descriptor.sql.BasicBinder      : binding parameter [3] as [TIMESTAMP] - [2023-08-14 13:34:04.371]
2023-08-14 13:34:04.386 TRACE 8668 --- [    Test worker] o.h.type.descriptor.sql.BasicBinder      : binding parameter [4] as [VARCHAR] - [테스트 글 제목 36]
2023-08-14 13:34:04.386 TRACE 8668 --- [    Test worker] o.h.type.descriptor.sql.BasicBinder      : binding parameter [5] as [TIMESTAMP] - [2023-08-14 13:34:04.371]
2023-08-14 13:34:04.386 TRACE 8668 --- [    Test worker] o.h.type.descriptor.sql.BasicBinder      : binding parameter [6] as [INTEGER] - [0]
2023-08-14 13:34:04.386 TRACE 8668 --- [    Test worker] o.h.type.descriptor.sql.BasicBinder      : binding parameter [7] as [VARCHAR] - [자바]
2023-08-14 13:34:04.386 TRACE 8668 --- [    Test worker] o.h.type.descriptor.sql.BasicBinder      : binding parameter [8] as [BIGINT] - [439]
2023-08-14 13:34:04.386 DEBUG 8668 --- [    Test worker] org.hibernate.SQL                        : 
    select
        nextval(post_seq)
Hibernate: 
    select
        nextval(post_seq)
2023-08-14 13:34:04.386 DEBUG 8668 --- [    Test worker] org.hibernate.SQL                        : 
    insert 
    into
        tb_post
        (board_id, post_content, post_create_date, post_title, post_update_date, post_view_count, post_writer, post_id) 
    values
        (?, ?, ?, ?, ?, ?, ?, ?)
Hibernate: 
    insert 
    into
        tb_post
        (board_id, post_content, post_create_date, post_title, post_update_date, post_view_count, post_writer, post_id) 
    values
        (?, ?, ?, ?, ?, ?, ?, ?)
2023-08-14 13:34:04.386 TRACE 8668 --- [    Test worker] o.h.type.descriptor.sql.BasicBinder      : binding parameter [1] as [BIGINT] - [1]
2023-08-14 13:34:04.386 TRACE 8668 --- [    Test worker] o.h.type.descriptor.sql.BasicBinder      : binding parameter [2] as [VARCHAR] - [rpnvJZESki]
2023-08-14 13:34:04.386 TRACE 8668 --- [    Test worker] o.h.type.descriptor.sql.BasicBinder      : binding parameter [3] as [TIMESTAMP] - [2023-08-14 13:34:04.386]
2023-08-14 13:34:04.386 TRACE 8668 --- [    Test worker] o.h.type.descriptor.sql.BasicBinder      : binding parameter [4] as [VARCHAR] - [테스트 글 제목 37]
2023-08-14 13:34:04.386 TRACE 8668 --- [    Test worker] o.h.type.descriptor.sql.BasicBinder      : binding parameter [5] as [TIMESTAMP] - [2023-08-14 13:34:04.386]
2023-08-14 13:34:04.386 TRACE 8668 --- [    Test worker] o.h.type.descriptor.sql.BasicBinder      : binding parameter [6] as [INTEGER] - [0]
2023-08-14 13:34:04.386 TRACE 8668 --- [    Test worker] o.h.type.descriptor.sql.BasicBinder      : binding parameter [7] as [VARCHAR] - [자바]
2023-08-14 13:34:04.386 TRACE 8668 --- [    Test worker] o.h.type.descriptor.sql.BasicBinder      : binding parameter [8] as [BIGINT] - [440]
2023-08-14 13:34:04.386 DEBUG 8668 --- [    Test worker] org.hibernate.SQL                        : 
    select
        nextval(post_seq)
Hibernate: 
    select
        nextval(post_seq)
2023-08-14 13:34:04.386 DEBUG 8668 --- [    Test worker] org.hibernate.SQL                        : 
    insert 
    into
        tb_post
        (board_id, post_content, post_create_date, post_title, post_update_date, post_view_count, post_writer, post_id) 
    values
        (?, ?, ?, ?, ?, ?, ?, ?)
Hibernate: 
    insert 
    into
        tb_post
        (board_id, post_content, post_create_date, post_title, post_update_date, post_view_count, post_writer, post_id) 
    values
        (?, ?, ?, ?, ?, ?, ?, ?)
2023-08-14 13:34:04.386 TRACE 8668 --- [    Test worker] o.h.type.descriptor.sql.BasicBinder      : binding parameter [1] as [BIGINT] - [1]
2023-08-14 13:34:04.386 TRACE 8668 --- [    Test worker] o.h.type.descriptor.sql.BasicBinder      : binding parameter [2] as [VARCHAR] - [ZmSREOL2GT]
2023-08-14 13:34:04.386 TRACE 8668 --- [    Test worker] o.h.type.descriptor.sql.BasicBinder      : binding parameter [3] as [TIMESTAMP] - [2023-08-14 13:34:04.386]
2023-08-14 13:34:04.386 TRACE 8668 --- [    Test worker] o.h.type.descriptor.sql.BasicBinder      : binding parameter [4] as [VARCHAR] - [테스트 글 제목 38]
2023-08-14 13:34:04.386 TRACE 8668 --- [    Test worker] o.h.type.descriptor.sql.BasicBinder      : binding parameter [5] as [TIMESTAMP] - [2023-08-14 13:34:04.386]
2023-08-14 13:34:04.386 TRACE 8668 --- [    Test worker] o.h.type.descriptor.sql.BasicBinder      : binding parameter [6] as [INTEGER] - [0]
2023-08-14 13:34:04.386 TRACE 8668 --- [    Test worker] o.h.type.descriptor.sql.BasicBinder      : binding parameter [7] as [VARCHAR] - [자바]
2023-08-14 13:34:04.386 TRACE 8668 --- [    Test worker] o.h.type.descriptor.sql.BasicBinder      : binding parameter [8] as [BIGINT] - [441]
2023-08-14 13:34:04.386 DEBUG 8668 --- [    Test worker] org.hibernate.SQL                        : 
    select
        nextval(post_seq)
Hibernate: 
    select
        nextval(post_seq)
2023-08-14 13:34:04.386 DEBUG 8668 --- [    Test worker] org.hibernate.SQL                        : 
    insert 
    into
        tb_post
        (board_id, post_content, post_create_date, post_title, post_update_date, post_view_count, post_writer, post_id) 
    values
        (?, ?, ?, ?, ?, ?, ?, ?)
Hibernate: 
    insert 
    into
        tb_post
        (board_id, post_content, post_create_date, post_title, post_update_date, post_view_count, post_writer, post_id) 
    values
        (?, ?, ?, ?, ?, ?, ?, ?)
2023-08-14 13:34:04.386 TRACE 8668 --- [    Test worker] o.h.type.descriptor.sql.BasicBinder      : binding parameter [1] as [BIGINT] - [1]
2023-08-14 13:34:04.386 TRACE 8668 --- [    Test worker] o.h.type.descriptor.sql.BasicBinder      : binding parameter [2] as [VARCHAR] - [DbqT2i0e7O]
2023-08-14 13:34:04.386 TRACE 8668 --- [    Test worker] o.h.type.descriptor.sql.BasicBinder      : binding parameter [3] as [TIMESTAMP] - [2023-08-14 13:34:04.386]
2023-08-14 13:34:04.386 TRACE 8668 --- [    Test worker] o.h.type.descriptor.sql.BasicBinder      : binding parameter [4] as [VARCHAR] - [테스트 글 제목 39]
2023-08-14 13:34:04.386 TRACE 8668 --- [    Test worker] o.h.type.descriptor.sql.BasicBinder      : binding parameter [5] as [TIMESTAMP] - [2023-08-14 13:34:04.386]
2023-08-14 13:34:04.386 TRACE 8668 --- [    Test worker] o.h.type.descriptor.sql.BasicBinder      : binding parameter [6] as [INTEGER] - [0]
2023-08-14 13:34:04.386 TRACE 8668 --- [    Test worker] o.h.type.descriptor.sql.BasicBinder      : binding parameter [7] as [VARCHAR] - [자바]
2023-08-14 13:34:04.386 TRACE 8668 --- [    Test worker] o.h.type.descriptor.sql.BasicBinder      : binding parameter [8] as [BIGINT] - [442]
2023-08-14 13:34:04.386 DEBUG 8668 --- [    Test worker] org.hibernate.SQL                        : 
    select
        nextval(post_seq)
Hibernate: 
    select
        nextval(post_seq)
2023-08-14 13:34:04.386 DEBUG 8668 --- [    Test worker] org.hibernate.SQL                        : 
    insert 
    into
        tb_post
        (board_id, post_content, post_create_date, post_title, post_update_date, post_view_count, post_writer, post_id) 
    values
        (?, ?, ?, ?, ?, ?, ?, ?)
Hibernate: 
    insert 
    into
        tb_post
        (board_id, post_content, post_create_date, post_title, post_update_date, post_view_count, post_writer, post_id) 
    values
        (?, ?, ?, ?, ?, ?, ?, ?)
2023-08-14 13:34:04.386 TRACE 8668 --- [    Test worker] o.h.type.descriptor.sql.BasicBinder      : binding parameter [1] as [BIGINT] - [1]
2023-08-14 13:34:04.386 TRACE 8668 --- [    Test worker] o.h.type.descriptor.sql.BasicBinder      : binding parameter [2] as [VARCHAR] - [DRc0gWupbN]
2023-08-14 13:34:04.386 TRACE 8668 --- [    Test worker] o.h.type.descriptor.sql.BasicBinder      : binding parameter [3] as [TIMESTAMP] - [2023-08-14 13:34:04.386]
2023-08-14 13:34:04.386 TRACE 8668 --- [    Test worker] o.h.type.descriptor.sql.BasicBinder      : binding parameter [4] as [VARCHAR] - [테스트 글 제목 40]
2023-08-14 13:34:04.386 TRACE 8668 --- [    Test worker] o.h.type.descriptor.sql.BasicBinder      : binding parameter [5] as [TIMESTAMP] - [2023-08-14 13:34:04.386]
2023-08-14 13:34:04.386 TRACE 8668 --- [    Test worker] o.h.type.descriptor.sql.BasicBinder      : binding parameter [6] as [INTEGER] - [0]
2023-08-14 13:34:04.386 TRACE 8668 --- [    Test worker] o.h.type.descriptor.sql.BasicBinder      : binding parameter [7] as [VARCHAR] - [자바]
2023-08-14 13:34:04.386 TRACE 8668 --- [    Test worker] o.h.type.descriptor.sql.BasicBinder      : binding parameter [8] as [BIGINT] - [443]
2023-08-14 13:34:04.386 DEBUG 8668 --- [    Test worker] org.hibernate.SQL                        : 
    select
        nextval(post_seq)
Hibernate: 
    select
        nextval(post_seq)
2023-08-14 13:34:04.386 DEBUG 8668 --- [    Test worker] org.hibernate.SQL                        : 
    insert 
    into
        tb_post
        (board_id, post_content, post_create_date, post_title, post_update_date, post_view_count, post_writer, post_id) 
    values
        (?, ?, ?, ?, ?, ?, ?, ?)
Hibernate: 
    insert 
    into
        tb_post
        (board_id, post_content, post_create_date, post_title, post_update_date, post_view_count, post_writer, post_id) 
    values
        (?, ?, ?, ?, ?, ?, ?, ?)
2023-08-14 13:34:04.386 TRACE 8668 --- [    Test worker] o.h.type.descriptor.sql.BasicBinder      : binding parameter [1] as [BIGINT] - [1]
2023-08-14 13:34:04.386 TRACE 8668 --- [    Test worker] o.h.type.descriptor.sql.BasicBinder      : binding parameter [2] as [VARCHAR] - [Ny7v3Oknhi]
2023-08-14 13:34:04.386 TRACE 8668 --- [    Test worker] o.h.type.descriptor.sql.BasicBinder      : binding parameter [3] as [TIMESTAMP] - [2023-08-14 13:34:04.386]
2023-08-14 13:34:04.386 TRACE 8668 --- [    Test worker] o.h.type.descriptor.sql.BasicBinder      : binding parameter [4] as [VARCHAR] - [테스트 글 제목 41]
2023-08-14 13:34:04.386 TRACE 8668 --- [    Test worker] o.h.type.descriptor.sql.BasicBinder      : binding parameter [5] as [TIMESTAMP] - [2023-08-14 13:34:04.386]
2023-08-14 13:34:04.386 TRACE 8668 --- [    Test worker] o.h.type.descriptor.sql.BasicBinder      : binding parameter [6] as [INTEGER] - [0]
2023-08-14 13:34:04.386 TRACE 8668 --- [    Test worker] o.h.type.descriptor.sql.BasicBinder      : binding parameter [7] as [VARCHAR] - [자바]
2023-08-14 13:34:04.386 TRACE 8668 --- [    Test worker] o.h.type.descriptor.sql.BasicBinder      : binding parameter [8] as [BIGINT] - [444]
2023-08-14 13:34:04.386 DEBUG 8668 --- [    Test worker] org.hibernate.SQL                        : 
    select
        nextval(post_seq)
Hibernate: 
    select
        nextval(post_seq)
2023-08-14 13:34:04.386 DEBUG 8668 --- [    Test worker] org.hibernate.SQL                        : 
    insert 
    into
        tb_post
        (board_id, post_content, post_create_date, post_title, post_update_date, post_view_count, post_writer, post_id) 
    values
        (?, ?, ?, ?, ?, ?, ?, ?)
Hibernate: 
    insert 
    into
        tb_post
        (board_id, post_content, post_create_date, post_title, post_update_date, post_view_count, post_writer, post_id) 
    values
        (?, ?, ?, ?, ?, ?, ?, ?)
2023-08-14 13:34:04.386 TRACE 8668 --- [    Test worker] o.h.type.descriptor.sql.BasicBinder      : binding parameter [1] as [BIGINT] - [1]
2023-08-14 13:34:04.402 TRACE 8668 --- [    Test worker] o.h.type.descriptor.sql.BasicBinder      : binding parameter [2] as [VARCHAR] - [Z1H6y1R7NJ]
2023-08-14 13:34:04.402 TRACE 8668 --- [    Test worker] o.h.type.descriptor.sql.BasicBinder      : binding parameter [3] as [TIMESTAMP] - [2023-08-14 13:34:04.386]
2023-08-14 13:34:04.402 TRACE 8668 --- [    Test worker] o.h.type.descriptor.sql.BasicBinder      : binding parameter [4] as [VARCHAR] - [테스트 글 제목 42]
2023-08-14 13:34:04.402 TRACE 8668 --- [    Test worker] o.h.type.descriptor.sql.BasicBinder      : binding parameter [5] as [TIMESTAMP] - [2023-08-14 13:34:04.386]
2023-08-14 13:34:04.402 TRACE 8668 --- [    Test worker] o.h.type.descriptor.sql.BasicBinder      : binding parameter [6] as [INTEGER] - [0]
2023-08-14 13:34:04.402 TRACE 8668 --- [    Test worker] o.h.type.descriptor.sql.BasicBinder      : binding parameter [7] as [VARCHAR] - [자바]
2023-08-14 13:34:04.402 TRACE 8668 --- [    Test worker] o.h.type.descriptor.sql.BasicBinder      : binding parameter [8] as [BIGINT] - [445]
2023-08-14 13:34:04.402 DEBUG 8668 --- [    Test worker] org.hibernate.SQL                        : 
    select
        nextval(post_seq)
Hibernate: 
    select
        nextval(post_seq)
2023-08-14 13:34:04.402 DEBUG 8668 --- [    Test worker] org.hibernate.SQL                        : 
    insert 
    into
        tb_post
        (board_id, post_content, post_create_date, post_title, post_update_date, post_view_count, post_writer, post_id) 
    values
        (?, ?, ?, ?, ?, ?, ?, ?)
Hibernate: 
    insert 
    into
        tb_post
        (board_id, post_content, post_create_date, post_title, post_update_date, post_view_count, post_writer, post_id) 
    values
        (?, ?, ?, ?, ?, ?, ?, ?)
2023-08-14 13:34:04.402 TRACE 8668 --- [    Test worker] o.h.type.descriptor.sql.BasicBinder      : binding parameter [1] as [BIGINT] - [1]
2023-08-14 13:34:04.402 TRACE 8668 --- [    Test worker] o.h.type.descriptor.sql.BasicBinder      : binding parameter [2] as [VARCHAR] - [EEAi2osBVu]
2023-08-14 13:34:04.402 TRACE 8668 --- [    Test worker] o.h.type.descriptor.sql.BasicBinder      : binding parameter [3] as [TIMESTAMP] - [2023-08-14 13:34:04.402]
2023-08-14 13:34:04.402 TRACE 8668 --- [    Test worker] o.h.type.descriptor.sql.BasicBinder      : binding parameter [4] as [VARCHAR] - [테스트 글 제목 43]
2023-08-14 13:34:04.402 TRACE 8668 --- [    Test worker] o.h.type.descriptor.sql.BasicBinder      : binding parameter [5] as [TIMESTAMP] - [2023-08-14 13:34:04.402]
2023-08-14 13:34:04.402 TRACE 8668 --- [    Test worker] o.h.type.descriptor.sql.BasicBinder      : binding parameter [6] as [INTEGER] - [0]
2023-08-14 13:34:04.402 TRACE 8668 --- [    Test worker] o.h.type.descriptor.sql.BasicBinder      : binding parameter [7] as [VARCHAR] - [자바]
2023-08-14 13:34:04.402 TRACE 8668 --- [    Test worker] o.h.type.descriptor.sql.BasicBinder      : binding parameter [8] as [BIGINT] - [446]
2023-08-14 13:34:04.402 DEBUG 8668 --- [    Test worker] org.hibernate.SQL                        : 
    select
        nextval(post_seq)
Hibernate: 
    select
        nextval(post_seq)
2023-08-14 13:34:04.402 DEBUG 8668 --- [    Test worker] org.hibernate.SQL                        : 
    insert 
    into
        tb_post
        (board_id, post_content, post_create_date, post_title, post_update_date, post_view_count, post_writer, post_id) 
    values
        (?, ?, ?, ?, ?, ?, ?, ?)
Hibernate: 
    insert 
    into
        tb_post
        (board_id, post_content, post_create_date, post_title, post_update_date, post_view_count, post_writer, post_id) 
    values
        (?, ?, ?, ?, ?, ?, ?, ?)
2023-08-14 13:34:04.402 TRACE 8668 --- [    Test worker] o.h.type.descriptor.sql.BasicBinder      : binding parameter [1] as [BIGINT] - [1]
2023-08-14 13:34:04.402 TRACE 8668 --- [    Test worker] o.h.type.descriptor.sql.BasicBinder      : binding parameter [2] as [VARCHAR] - [ODLpcdlnNZ]
2023-08-14 13:34:04.402 TRACE 8668 --- [    Test worker] o.h.type.descriptor.sql.BasicBinder      : binding parameter [3] as [TIMESTAMP] - [2023-08-14 13:34:04.402]
2023-08-14 13:34:04.402 TRACE 8668 --- [    Test worker] o.h.type.descriptor.sql.BasicBinder      : binding parameter [4] as [VARCHAR] - [테스트 글 제목 44]
2023-08-14 13:34:04.402 TRACE 8668 --- [    Test worker] o.h.type.descriptor.sql.BasicBinder      : binding parameter [5] as [TIMESTAMP] - [2023-08-14 13:34:04.402]
2023-08-14 13:34:04.402 TRACE 8668 --- [    Test worker] o.h.type.descriptor.sql.BasicBinder      : binding parameter [6] as [INTEGER] - [0]
2023-08-14 13:34:04.402 TRACE 8668 --- [    Test worker] o.h.type.descriptor.sql.BasicBinder      : binding parameter [7] as [VARCHAR] - [자바]
2023-08-14 13:34:04.402 TRACE 8668 --- [    Test worker] o.h.type.descriptor.sql.BasicBinder      : binding parameter [8] as [BIGINT] - [447]
2023-08-14 13:34:04.402 DEBUG 8668 --- [    Test worker] org.hibernate.SQL                        : 
    select
        nextval(post_seq)
Hibernate: 
    select
        nextval(post_seq)
2023-08-14 13:34:04.402 DEBUG 8668 --- [    Test worker] org.hibernate.SQL                        : 
    insert 
    into
        tb_post
        (board_id, post_content, post_create_date, post_title, post_update_date, post_view_count, post_writer, post_id) 
    values
        (?, ?, ?, ?, ?, ?, ?, ?)
Hibernate: 
    insert 
    into
        tb_post
        (board_id, post_content, post_create_date, post_title, post_update_date, post_view_count, post_writer, post_id) 
    values
        (?, ?, ?, ?, ?, ?, ?, ?)
2023-08-14 13:34:04.402 TRACE 8668 --- [    Test worker] o.h.type.descriptor.sql.BasicBinder      : binding parameter [1] as [BIGINT] - [1]
2023-08-14 13:34:04.402 TRACE 8668 --- [    Test worker] o.h.type.descriptor.sql.BasicBinder      : binding parameter [2] as [VARCHAR] - [KtuPyFLAjV]
2023-08-14 13:34:04.402 TRACE 8668 --- [    Test worker] o.h.type.descriptor.sql.BasicBinder      : binding parameter [3] as [TIMESTAMP] - [2023-08-14 13:34:04.402]
2023-08-14 13:34:04.402 TRACE 8668 --- [    Test worker] o.h.type.descriptor.sql.BasicBinder      : binding parameter [4] as [VARCHAR] - [테스트 글 제목 45]
2023-08-14 13:34:04.402 TRACE 8668 --- [    Test worker] o.h.type.descriptor.sql.BasicBinder      : binding parameter [5] as [TIMESTAMP] - [2023-08-14 13:34:04.402]
2023-08-14 13:34:04.402 TRACE 8668 --- [    Test worker] o.h.type.descriptor.sql.BasicBinder      : binding parameter [6] as [INTEGER] - [0]
2023-08-14 13:34:04.402 TRACE 8668 --- [    Test worker] o.h.type.descriptor.sql.BasicBinder      : binding parameter [7] as [VARCHAR] - [자바]
2023-08-14 13:34:04.402 TRACE 8668 --- [    Test worker] o.h.type.descriptor.sql.BasicBinder      : binding parameter [8] as [BIGINT] - [448]
2023-08-14 13:34:04.402 DEBUG 8668 --- [    Test worker] org.hibernate.SQL                        : 
    select
        nextval(post_seq)
Hibernate: 
    select
        nextval(post_seq)
2023-08-14 13:34:04.402 DEBUG 8668 --- [    Test worker] org.hibernate.SQL                        : 
    insert 
    into
        tb_post
        (board_id, post_content, post_create_date, post_title, post_update_date, post_view_count, post_writer, post_id) 
    values
        (?, ?, ?, ?, ?, ?, ?, ?)
Hibernate: 
    insert 
    into
        tb_post
        (board_id, post_content, post_create_date, post_title, post_update_date, post_view_count, post_writer, post_id) 
    values
        (?, ?, ?, ?, ?, ?, ?, ?)
2023-08-14 13:34:04.402 TRACE 8668 --- [    Test worker] o.h.type.descriptor.sql.BasicBinder      : binding parameter [1] as [BIGINT] - [1]
2023-08-14 13:34:04.402 TRACE 8668 --- [    Test worker] o.h.type.descriptor.sql.BasicBinder      : binding parameter [2] as [VARCHAR] - [0dSuUSWQEK]
2023-08-14 13:34:04.402 TRACE 8668 --- [    Test worker] o.h.type.descriptor.sql.BasicBinder      : binding parameter [3] as [TIMESTAMP] - [2023-08-14 13:34:04.402]
2023-08-14 13:34:04.402 TRACE 8668 --- [    Test worker] o.h.type.descriptor.sql.BasicBinder      : binding parameter [4] as [VARCHAR] - [테스트 글 제목 46]
2023-08-14 13:34:04.402 TRACE 8668 --- [    Test worker] o.h.type.descriptor.sql.BasicBinder      : binding parameter [5] as [TIMESTAMP] - [2023-08-14 13:34:04.402]
2023-08-14 13:34:04.402 TRACE 8668 --- [    Test worker] o.h.type.descriptor.sql.BasicBinder      : binding parameter [6] as [INTEGER] - [0]
2023-08-14 13:34:04.402 TRACE 8668 --- [    Test worker] o.h.type.descriptor.sql.BasicBinder      : binding parameter [7] as [VARCHAR] - [자바]
2023-08-14 13:34:04.402 TRACE 8668 --- [    Test worker] o.h.type.descriptor.sql.BasicBinder      : binding parameter [8] as [BIGINT] - [449]
2023-08-14 13:34:04.402 DEBUG 8668 --- [    Test worker] org.hibernate.SQL                        : 
    select
        nextval(post_seq)
Hibernate: 
    select
        nextval(post_seq)
2023-08-14 13:34:04.402 DEBUG 8668 --- [    Test worker] org.hibernate.SQL                        : 
    insert 
    into
        tb_post
        (board_id, post_content, post_create_date, post_title, post_update_date, post_view_count, post_writer, post_id) 
    values
        (?, ?, ?, ?, ?, ?, ?, ?)
Hibernate: 
    insert 
    into
        tb_post
        (board_id, post_content, post_create_date, post_title, post_update_date, post_view_count, post_writer, post_id) 
    values
        (?, ?, ?, ?, ?, ?, ?, ?)
2023-08-14 13:34:04.402 TRACE 8668 --- [    Test worker] o.h.type.descriptor.sql.BasicBinder      : binding parameter [1] as [BIGINT] - [1]
2023-08-14 13:34:04.402 TRACE 8668 --- [    Test worker] o.h.type.descriptor.sql.BasicBinder      : binding parameter [2] as [VARCHAR] - [4bWkyfTU9F]
2023-08-14 13:34:04.402 TRACE 8668 --- [    Test worker] o.h.type.descriptor.sql.BasicBinder      : binding parameter [3] as [TIMESTAMP] - [2023-08-14 13:34:04.402]
2023-08-14 13:34:04.402 TRACE 8668 --- [    Test worker] o.h.type.descriptor.sql.BasicBinder      : binding parameter [4] as [VARCHAR] - [테스트 글 제목 47]
2023-08-14 13:34:04.402 TRACE 8668 --- [    Test worker] o.h.type.descriptor.sql.BasicBinder      : binding parameter [5] as [TIMESTAMP] - [2023-08-14 13:34:04.402]
2023-08-14 13:34:04.402 TRACE 8668 --- [    Test worker] o.h.type.descriptor.sql.BasicBinder      : binding parameter [6] as [INTEGER] - [0]
2023-08-14 13:34:04.402 TRACE 8668 --- [    Test worker] o.h.type.descriptor.sql.BasicBinder      : binding parameter [7] as [VARCHAR] - [자바]
2023-08-14 13:34:04.402 TRACE 8668 --- [    Test worker] o.h.type.descriptor.sql.BasicBinder      : binding parameter [8] as [BIGINT] - [450]
2023-08-14 13:34:04.402 DEBUG 8668 --- [    Test worker] org.hibernate.SQL                        : 
    select
        nextval(post_seq)
Hibernate: 
    select
        nextval(post_seq)
2023-08-14 13:34:04.402 DEBUG 8668 --- [    Test worker] org.hibernate.SQL                        : 
    insert 
    into
        tb_post
        (board_id, post_content, post_create_date, post_title, post_update_date, post_view_count, post_writer, post_id) 
    values
        (?, ?, ?, ?, ?, ?, ?, ?)
Hibernate: 
    insert 
    into
        tb_post
        (board_id, post_content, post_create_date, post_title, post_update_date, post_view_count, post_writer, post_id) 
    values
        (?, ?, ?, ?, ?, ?, ?, ?)
2023-08-14 13:34:04.402 TRACE 8668 --- [    Test worker] o.h.type.descriptor.sql.BasicBinder      : binding parameter [1] as [BIGINT] - [1]
2023-08-14 13:34:04.402 TRACE 8668 --- [    Test worker] o.h.type.descriptor.sql.BasicBinder      : binding parameter [2] as [VARCHAR] - [vMju0w4gXH]
2023-08-14 13:34:04.402 TRACE 8668 --- [    Test worker] o.h.type.descriptor.sql.BasicBinder      : binding parameter [3] as [TIMESTAMP] - [2023-08-14 13:34:04.402]
2023-08-14 13:34:04.402 TRACE 8668 --- [    Test worker] o.h.type.descriptor.sql.BasicBinder      : binding parameter [4] as [VARCHAR] - [테스트 글 제목 48]
2023-08-14 13:34:04.402 TRACE 8668 --- [    Test worker] o.h.type.descriptor.sql.BasicBinder      : binding parameter [5] as [TIMESTAMP] - [2023-08-14 13:34:04.402]
2023-08-14 13:34:04.402 TRACE 8668 --- [    Test worker] o.h.type.descriptor.sql.BasicBinder      : binding parameter [6] as [INTEGER] - [0]
2023-08-14 13:34:04.402 TRACE 8668 --- [    Test worker] o.h.type.descriptor.sql.BasicBinder      : binding parameter [7] as [VARCHAR] - [자바]
2023-08-14 13:34:04.402 TRACE 8668 --- [    Test worker] o.h.type.descriptor.sql.BasicBinder      : binding parameter [8] as [BIGINT] - [451]
2023-08-14 13:34:04.402 DEBUG 8668 --- [    Test worker] org.hibernate.SQL                        : 
    select
        nextval(post_seq)
Hibernate: 
    select
        nextval(post_seq)
2023-08-14 13:34:04.402 DEBUG 8668 --- [    Test worker] org.hibernate.SQL                        : 
    insert 
    into
        tb_post
        (board_id, post_content, post_create_date, post_title, post_update_date, post_view_count, post_writer, post_id) 
    values
        (?, ?, ?, ?, ?, ?, ?, ?)
Hibernate: 
    insert 
    into
        tb_post
        (board_id, post_content, post_create_date, post_title, post_update_date, post_view_count, post_writer, post_id) 
    values
        (?, ?, ?, ?, ?, ?, ?, ?)
2023-08-14 13:34:04.402 TRACE 8668 --- [    Test worker] o.h.type.descriptor.sql.BasicBinder      : binding parameter [1] as [BIGINT] - [1]
2023-08-14 13:34:04.402 TRACE 8668 --- [    Test worker] o.h.type.descriptor.sql.BasicBinder      : binding parameter [2] as [VARCHAR] - [D2FADdJjRa]
2023-08-14 13:34:04.402 TRACE 8668 --- [    Test worker] o.h.type.descriptor.sql.BasicBinder      : binding parameter [3] as [TIMESTAMP] - [2023-08-14 13:34:04.402]
2023-08-14 13:34:04.402 TRACE 8668 --- [    Test worker] o.h.type.descriptor.sql.BasicBinder      : binding parameter [4] as [VARCHAR] - [테스트 글 제목 49]
2023-08-14 13:34:04.402 TRACE 8668 --- [    Test worker] o.h.type.descriptor.sql.BasicBinder      : binding parameter [5] as [TIMESTAMP] - [2023-08-14 13:34:04.402]
2023-08-14 13:34:04.402 TRACE 8668 --- [    Test worker] o.h.type.descriptor.sql.BasicBinder      : binding parameter [6] as [INTEGER] - [0]
2023-08-14 13:34:04.402 TRACE 8668 --- [    Test worker] o.h.type.descriptor.sql.BasicBinder      : binding parameter [7] as [VARCHAR] - [자바]
2023-08-14 13:34:04.402 TRACE 8668 --- [    Test worker] o.h.type.descriptor.sql.BasicBinder      : binding parameter [8] as [BIGINT] - [452]
2023-08-14 13:34:04.402 DEBUG 8668 --- [    Test worker] org.hibernate.SQL                        : 
    select
        nextval(post_seq)
Hibernate: 
    select
        nextval(post_seq)
2023-08-14 13:34:04.402 DEBUG 8668 --- [    Test worker] org.hibernate.SQL                        : 
    insert 
    into
        tb_post
        (board_id, post_content, post_create_date, post_title, post_update_date, post_view_count, post_writer, post_id) 
    values
        (?, ?, ?, ?, ?, ?, ?, ?)
Hibernate: 
    insert 
    into
        tb_post
        (board_id, post_content, post_create_date, post_title, post_update_date, post_view_count, post_writer, post_id) 
    values
        (?, ?, ?, ?, ?, ?, ?, ?)
2023-08-14 13:34:04.402 TRACE 8668 --- [    Test worker] o.h.type.descriptor.sql.BasicBinder      : binding parameter [1] as [BIGINT] - [1]
2023-08-14 13:34:04.402 TRACE 8668 --- [    Test worker] o.h.type.descriptor.sql.BasicBinder      : binding parameter [2] as [VARCHAR] - [rA1UeT5rnD]
2023-08-14 13:34:04.402 TRACE 8668 --- [    Test worker] o.h.type.descriptor.sql.BasicBinder      : binding parameter [3] as [TIMESTAMP] - [2023-08-14 13:34:04.402]
2023-08-14 13:34:04.402 TRACE 8668 --- [    Test worker] o.h.type.descriptor.sql.BasicBinder      : binding parameter [4] as [VARCHAR] - [테스트 글 제목 50]
2023-08-14 13:34:04.402 TRACE 8668 --- [    Test worker] o.h.type.descriptor.sql.BasicBinder      : binding parameter [5] as [TIMESTAMP] - [2023-08-14 13:34:04.402]
2023-08-14 13:34:04.402 TRACE 8668 --- [    Test worker] o.h.type.descriptor.sql.BasicBinder      : binding parameter [6] as [INTEGER] - [0]
2023-08-14 13:34:04.402 TRACE 8668 --- [    Test worker] o.h.type.descriptor.sql.BasicBinder      : binding parameter [7] as [VARCHAR] - [자바]
2023-08-14 13:34:04.402 TRACE 8668 --- [    Test worker] o.h.type.descriptor.sql.BasicBinder      : binding parameter [8] as [BIGINT] - [453]
2023-08-14 13:34:04.418 DEBUG 8668 --- [    Test worker] org.hibernate.SQL                        : 
    select
        nextval(post_seq)
Hibernate: 
    select
        nextval(post_seq)
2023-08-14 13:34:04.418 DEBUG 8668 --- [    Test worker] org.hibernate.SQL                        : 
    insert 
    into
        tb_post
        (board_id, post_content, post_create_date, post_title, post_update_date, post_view_count, post_writer, post_id) 
    values
        (?, ?, ?, ?, ?, ?, ?, ?)
Hibernate: 
    insert 
    into
        tb_post
        (board_id, post_content, post_create_date, post_title, post_update_date, post_view_count, post_writer, post_id) 
    values
        (?, ?, ?, ?, ?, ?, ?, ?)
2023-08-14 13:34:04.418 TRACE 8668 --- [    Test worker] o.h.type.descriptor.sql.BasicBinder      : binding parameter [1] as [BIGINT] - [1]
2023-08-14 13:34:04.418 TRACE 8668 --- [    Test worker] o.h.type.descriptor.sql.BasicBinder      : binding parameter [2] as [VARCHAR] - [59NySoyupe]
2023-08-14 13:34:04.418 TRACE 8668 --- [    Test worker] o.h.type.descriptor.sql.BasicBinder      : binding parameter [3] as [TIMESTAMP] - [2023-08-14 13:34:04.418]
2023-08-14 13:34:04.418 TRACE 8668 --- [    Test worker] o.h.type.descriptor.sql.BasicBinder      : binding parameter [4] as [VARCHAR] - [테스트 글 제목 51]
2023-08-14 13:34:04.418 TRACE 8668 --- [    Test worker] o.h.type.descriptor.sql.BasicBinder      : binding parameter [5] as [TIMESTAMP] - [2023-08-14 13:34:04.418]
2023-08-14 13:34:04.418 TRACE 8668 --- [    Test worker] o.h.type.descriptor.sql.BasicBinder      : binding parameter [6] as [INTEGER] - [0]
2023-08-14 13:34:04.418 TRACE 8668 --- [    Test worker] o.h.type.descriptor.sql.BasicBinder      : binding parameter [7] as [VARCHAR] - [자바]
2023-08-14 13:34:04.418 TRACE 8668 --- [    Test worker] o.h.type.descriptor.sql.BasicBinder      : binding parameter [8] as [BIGINT] - [454]
2023-08-14 13:34:04.418 DEBUG 8668 --- [    Test worker] org.hibernate.SQL                        : 
    select
        nextval(post_seq)
Hibernate: 
    select
        nextval(post_seq)
2023-08-14 13:34:04.418 DEBUG 8668 --- [    Test worker] org.hibernate.SQL                        : 
    insert 
    into
        tb_post
        (board_id, post_content, post_create_date, post_title, post_update_date, post_view_count, post_writer, post_id) 
    values
        (?, ?, ?, ?, ?, ?, ?, ?)
Hibernate: 
    insert 
    into
        tb_post
        (board_id, post_content, post_create_date, post_title, post_update_date, post_view_count, post_writer, post_id) 
    values
        (?, ?, ?, ?, ?, ?, ?, ?)
2023-08-14 13:34:04.418 TRACE 8668 --- [    Test worker] o.h.type.descriptor.sql.BasicBinder      : binding parameter [1] as [BIGINT] - [1]
2023-08-14 13:34:04.418 TRACE 8668 --- [    Test worker] o.h.type.descriptor.sql.BasicBinder      : binding parameter [2] as [VARCHAR] - [PGlpeDyDyG]
2023-08-14 13:34:04.418 TRACE 8668 --- [    Test worker] o.h.type.descriptor.sql.BasicBinder      : binding parameter [3] as [TIMESTAMP] - [2023-08-14 13:34:04.418]
2023-08-14 13:34:04.418 TRACE 8668 --- [    Test worker] o.h.type.descriptor.sql.BasicBinder      : binding parameter [4] as [VARCHAR] - [테스트 글 제목 52]
2023-08-14 13:34:04.418 TRACE 8668 --- [    Test worker] o.h.type.descriptor.sql.BasicBinder      : binding parameter [5] as [TIMESTAMP] - [2023-08-14 13:34:04.418]
2023-08-14 13:34:04.418 TRACE 8668 --- [    Test worker] o.h.type.descriptor.sql.BasicBinder      : binding parameter [6] as [INTEGER] - [0]
2023-08-14 13:34:04.418 TRACE 8668 --- [    Test worker] o.h.type.descriptor.sql.BasicBinder      : binding parameter [7] as [VARCHAR] - [자바]
2023-08-14 13:34:04.418 TRACE 8668 --- [    Test worker] o.h.type.descriptor.sql.BasicBinder      : binding parameter [8] as [BIGINT] - [455]
2023-08-14 13:34:04.418 DEBUG 8668 --- [    Test worker] org.hibernate.SQL                        : 
    select
        nextval(post_seq)
Hibernate: 
    select
        nextval(post_seq)
2023-08-14 13:34:04.418 DEBUG 8668 --- [    Test worker] org.hibernate.SQL                        : 
    insert 
    into
        tb_post
        (board_id, post_content, post_create_date, post_title, post_update_date, post_view_count, post_writer, post_id) 
    values
        (?, ?, ?, ?, ?, ?, ?, ?)
Hibernate: 
    insert 
    into
        tb_post
        (board_id, post_content, post_create_date, post_title, post_update_date, post_view_count, post_writer, post_id) 
    values
        (?, ?, ?, ?, ?, ?, ?, ?)
2023-08-14 13:34:04.418 TRACE 8668 --- [    Test worker] o.h.type.descriptor.sql.BasicBinder      : binding parameter [1] as [BIGINT] - [1]
2023-08-14 13:34:04.418 TRACE 8668 --- [    Test worker] o.h.type.descriptor.sql.BasicBinder      : binding parameter [2] as [VARCHAR] - [7nKcjwfqoV]
2023-08-14 13:34:04.418 TRACE 8668 --- [    Test worker] o.h.type.descriptor.sql.BasicBinder      : binding parameter [3] as [TIMESTAMP] - [2023-08-14 13:34:04.418]
2023-08-14 13:34:04.418 TRACE 8668 --- [    Test worker] o.h.type.descriptor.sql.BasicBinder      : binding parameter [4] as [VARCHAR] - [테스트 글 제목 53]
2023-08-14 13:34:04.418 TRACE 8668 --- [    Test worker] o.h.type.descriptor.sql.BasicBinder      : binding parameter [5] as [TIMESTAMP] - [2023-08-14 13:34:04.418]
2023-08-14 13:34:04.418 TRACE 8668 --- [    Test worker] o.h.type.descriptor.sql.BasicBinder      : binding parameter [6] as [INTEGER] - [0]
2023-08-14 13:34:04.418 TRACE 8668 --- [    Test worker] o.h.type.descriptor.sql.BasicBinder      : binding parameter [7] as [VARCHAR] - [자바]
2023-08-14 13:34:04.418 TRACE 8668 --- [    Test worker] o.h.type.descriptor.sql.BasicBinder      : binding parameter [8] as [BIGINT] - [456]
2023-08-14 13:34:04.418 DEBUG 8668 --- [    Test worker] org.hibernate.SQL                        : 
    select
        nextval(post_seq)
Hibernate: 
    select
        nextval(post_seq)
2023-08-14 13:34:04.418 DEBUG 8668 --- [    Test worker] org.hibernate.SQL                        : 
    insert 
    into
        tb_post
        (board_id, post_content, post_create_date, post_title, post_update_date, post_view_count, post_writer, post_id) 
    values
        (?, ?, ?, ?, ?, ?, ?, ?)
Hibernate: 
    insert 
    into
        tb_post
        (board_id, post_content, post_create_date, post_title, post_update_date, post_view_count, post_writer, post_id) 
    values
        (?, ?, ?, ?, ?, ?, ?, ?)
2023-08-14 13:34:04.418 TRACE 8668 --- [    Test worker] o.h.type.descriptor.sql.BasicBinder      : binding parameter [1] as [BIGINT] - [1]
2023-08-14 13:34:04.418 TRACE 8668 --- [    Test worker] o.h.type.descriptor.sql.BasicBinder      : binding parameter [2] as [VARCHAR] - [jO6VU5IMfq]
2023-08-14 13:34:04.418 TRACE 8668 --- [    Test worker] o.h.type.descriptor.sql.BasicBinder      : binding parameter [3] as [TIMESTAMP] - [2023-08-14 13:34:04.418]
2023-08-14 13:34:04.418 TRACE 8668 --- [    Test worker] o.h.type.descriptor.sql.BasicBinder      : binding parameter [4] as [VARCHAR] - [테스트 글 제목 54]
2023-08-14 13:34:04.418 TRACE 8668 --- [    Test worker] o.h.type.descriptor.sql.BasicBinder      : binding parameter [5] as [TIMESTAMP] - [2023-08-14 13:34:04.418]
2023-08-14 13:34:04.418 TRACE 8668 --- [    Test worker] o.h.type.descriptor.sql.BasicBinder      : binding parameter [6] as [INTEGER] - [0]
2023-08-14 13:34:04.418 TRACE 8668 --- [    Test worker] o.h.type.descriptor.sql.BasicBinder      : binding parameter [7] as [VARCHAR] - [자바]
2023-08-14 13:34:04.418 TRACE 8668 --- [    Test worker] o.h.type.descriptor.sql.BasicBinder      : binding parameter [8] as [BIGINT] - [457]
2023-08-14 13:34:04.418 DEBUG 8668 --- [    Test worker] org.hibernate.SQL                        : 
    select
        nextval(post_seq)
Hibernate: 
    select
        nextval(post_seq)
2023-08-14 13:34:04.418 DEBUG 8668 --- [    Test worker] org.hibernate.SQL                        : 
    insert 
    into
        tb_post
        (board_id, post_content, post_create_date, post_title, post_update_date, post_view_count, post_writer, post_id) 
    values
        (?, ?, ?, ?, ?, ?, ?, ?)
Hibernate: 
    insert 
    into
        tb_post
        (board_id, post_content, post_create_date, post_title, post_update_date, post_view_count, post_writer, post_id) 
    values
        (?, ?, ?, ?, ?, ?, ?, ?)
2023-08-14 13:34:04.418 TRACE 8668 --- [    Test worker] o.h.type.descriptor.sql.BasicBinder      : binding parameter [1] as [BIGINT] - [1]
2023-08-14 13:34:04.418 TRACE 8668 --- [    Test worker] o.h.type.descriptor.sql.BasicBinder      : binding parameter [2] as [VARCHAR] - [KBGnAnvCvw]
2023-08-14 13:34:04.418 TRACE 8668 --- [    Test worker] o.h.type.descriptor.sql.BasicBinder      : binding parameter [3] as [TIMESTAMP] - [2023-08-14 13:34:04.418]
2023-08-14 13:34:04.418 TRACE 8668 --- [    Test worker] o.h.type.descriptor.sql.BasicBinder      : binding parameter [4] as [VARCHAR] - [테스트 글 제목 55]
2023-08-14 13:34:04.418 TRACE 8668 --- [    Test worker] o.h.type.descriptor.sql.BasicBinder      : binding parameter [5] as [TIMESTAMP] - [2023-08-14 13:34:04.418]
2023-08-14 13:34:04.418 TRACE 8668 --- [    Test worker] o.h.type.descriptor.sql.BasicBinder      : binding parameter [6] as [INTEGER] - [0]
2023-08-14 13:34:04.418 TRACE 8668 --- [    Test worker] o.h.type.descriptor.sql.BasicBinder      : binding parameter [7] as [VARCHAR] - [자바]
2023-08-14 13:34:04.418 TRACE 8668 --- [    Test worker] o.h.type.descriptor.sql.BasicBinder      : binding parameter [8] as [BIGINT] - [458]
2023-08-14 13:34:04.418 DEBUG 8668 --- [    Test worker] org.hibernate.SQL                        : 
    select
        nextval(post_seq)
Hibernate: 
    select
        nextval(post_seq)
2023-08-14 13:34:04.418 DEBUG 8668 --- [    Test worker] org.hibernate.SQL                        : 
    insert 
    into
        tb_post
        (board_id, post_content, post_create_date, post_title, post_update_date, post_view_count, post_writer, post_id) 
    values
        (?, ?, ?, ?, ?, ?, ?, ?)
Hibernate: 
    insert 
    into
        tb_post
        (board_id, post_content, post_create_date, post_title, post_update_date, post_view_count, post_writer, post_id) 
    values
        (?, ?, ?, ?, ?, ?, ?, ?)
2023-08-14 13:34:04.418 TRACE 8668 --- [    Test worker] o.h.type.descriptor.sql.BasicBinder      : binding parameter [1] as [BIGINT] - [1]
2023-08-14 13:34:04.418 TRACE 8668 --- [    Test worker] o.h.type.descriptor.sql.BasicBinder      : binding parameter [2] as [VARCHAR] - [z6MK76Lo5f]
2023-08-14 13:34:04.418 TRACE 8668 --- [    Test worker] o.h.type.descriptor.sql.BasicBinder      : binding parameter [3] as [TIMESTAMP] - [2023-08-14 13:34:04.418]
2023-08-14 13:34:04.418 TRACE 8668 --- [    Test worker] o.h.type.descriptor.sql.BasicBinder      : binding parameter [4] as [VARCHAR] - [테스트 글 제목 56]
2023-08-14 13:34:04.418 TRACE 8668 --- [    Test worker] o.h.type.descriptor.sql.BasicBinder      : binding parameter [5] as [TIMESTAMP] - [2023-08-14 13:34:04.418]
2023-08-14 13:34:04.418 TRACE 8668 --- [    Test worker] o.h.type.descriptor.sql.BasicBinder      : binding parameter [6] as [INTEGER] - [0]
2023-08-14 13:34:04.418 TRACE 8668 --- [    Test worker] o.h.type.descriptor.sql.BasicBinder      : binding parameter [7] as [VARCHAR] - [자바]
2023-08-14 13:34:04.418 TRACE 8668 --- [    Test worker] o.h.type.descriptor.sql.BasicBinder      : binding parameter [8] as [BIGINT] - [459]
2023-08-14 13:34:04.418 DEBUG 8668 --- [    Test worker] org.hibernate.SQL                        : 
    select
        nextval(post_seq)
Hibernate: 
    select
        nextval(post_seq)
2023-08-14 13:34:04.418 DEBUG 8668 --- [    Test worker] org.hibernate.SQL                        : 
    insert 
    into
        tb_post
        (board_id, post_content, post_create_date, post_title, post_update_date, post_view_count, post_writer, post_id) 
    values
        (?, ?, ?, ?, ?, ?, ?, ?)
Hibernate: 
    insert 
    into
        tb_post
        (board_id, post_content, post_create_date, post_title, post_update_date, post_view_count, post_writer, post_id) 
    values
        (?, ?, ?, ?, ?, ?, ?, ?)
2023-08-14 13:34:04.418 TRACE 8668 --- [    Test worker] o.h.type.descriptor.sql.BasicBinder      : binding parameter [1] as [BIGINT] - [1]
2023-08-14 13:34:04.418 TRACE 8668 --- [    Test worker] o.h.type.descriptor.sql.BasicBinder      : binding parameter [2] as [VARCHAR] - [skxYI0qqMK]
2023-08-14 13:34:04.418 TRACE 8668 --- [    Test worker] o.h.type.descriptor.sql.BasicBinder      : binding parameter [3] as [TIMESTAMP] - [2023-08-14 13:34:04.418]
2023-08-14 13:34:04.418 TRACE 8668 --- [    Test worker] o.h.type.descriptor.sql.BasicBinder      : binding parameter [4] as [VARCHAR] - [테스트 글 제목 57]
2023-08-14 13:34:04.418 TRACE 8668 --- [    Test worker] o.h.type.descriptor.sql.BasicBinder      : binding parameter [5] as [TIMESTAMP] - [2023-08-14 13:34:04.418]
2023-08-14 13:34:04.418 TRACE 8668 --- [    Test worker] o.h.type.descriptor.sql.BasicBinder      : binding parameter [6] as [INTEGER] - [0]
2023-08-14 13:34:04.418 TRACE 8668 --- [    Test worker] o.h.type.descriptor.sql.BasicBinder      : binding parameter [7] as [VARCHAR] - [자바]
2023-08-14 13:34:04.418 TRACE 8668 --- [    Test worker] o.h.type.descriptor.sql.BasicBinder      : binding parameter [8] as [BIGINT] - [460]
2023-08-14 13:34:04.418 DEBUG 8668 --- [    Test worker] org.hibernate.SQL                        : 
    select
        nextval(post_seq)
Hibernate: 
    select
        nextval(post_seq)
2023-08-14 13:34:04.418 DEBUG 8668 --- [    Test worker] org.hibernate.SQL                        : 
    insert 
    into
        tb_post
        (board_id, post_content, post_create_date, post_title, post_update_date, post_view_count, post_writer, post_id) 
    values
        (?, ?, ?, ?, ?, ?, ?, ?)
Hibernate: 
    insert 
    into
        tb_post
        (board_id, post_content, post_create_date, post_title, post_update_date, post_view_count, post_writer, post_id) 
    values
        (?, ?, ?, ?, ?, ?, ?, ?)
2023-08-14 13:34:04.418 TRACE 8668 --- [    Test worker] o.h.type.descriptor.sql.BasicBinder      : binding parameter [1] as [BIGINT] - [1]
2023-08-14 13:34:04.418 TRACE 8668 --- [    Test worker] o.h.type.descriptor.sql.BasicBinder      : binding parameter [2] as [VARCHAR] - [TbtqSIgSKK]
2023-08-14 13:34:04.418 TRACE 8668 --- [    Test worker] o.h.type.descriptor.sql.BasicBinder      : binding parameter [3] as [TIMESTAMP] - [2023-08-14 13:34:04.418]
2023-08-14 13:34:04.418 TRACE 8668 --- [    Test worker] o.h.type.descriptor.sql.BasicBinder      : binding parameter [4] as [VARCHAR] - [테스트 글 제목 58]
2023-08-14 13:34:04.418 TRACE 8668 --- [    Test worker] o.h.type.descriptor.sql.BasicBinder      : binding parameter [5] as [TIMESTAMP] - [2023-08-14 13:34:04.418]
2023-08-14 13:34:04.418 TRACE 8668 --- [    Test worker] o.h.type.descriptor.sql.BasicBinder      : binding parameter [6] as [INTEGER] - [0]
2023-08-14 13:34:04.418 TRACE 8668 --- [    Test worker] o.h.type.descriptor.sql.BasicBinder      : binding parameter [7] as [VARCHAR] - [자바]
2023-08-14 13:34:04.418 TRACE 8668 --- [    Test worker] o.h.type.descriptor.sql.BasicBinder      : binding parameter [8] as [BIGINT] - [461]
2023-08-14 13:34:04.418 DEBUG 8668 --- [    Test worker] org.hibernate.SQL                        : 
    select
        nextval(post_seq)
Hibernate: 
    select
        nextval(post_seq)
2023-08-14 13:34:04.418 DEBUG 8668 --- [    Test worker] org.hibernate.SQL                        : 
    insert 
    into
        tb_post
        (board_id, post_content, post_create_date, post_title, post_update_date, post_view_count, post_writer, post_id) 
    values
        (?, ?, ?, ?, ?, ?, ?, ?)
Hibernate: 
    insert 
    into
        tb_post
        (board_id, post_content, post_create_date, post_title, post_update_date, post_view_count, post_writer, post_id) 
    values
        (?, ?, ?, ?, ?, ?, ?, ?)
2023-08-14 13:34:04.418 TRACE 8668 --- [    Test worker] o.h.type.descriptor.sql.BasicBinder      : binding parameter [1] as [BIGINT] - [1]
2023-08-14 13:34:04.418 TRACE 8668 --- [    Test worker] o.h.type.descriptor.sql.BasicBinder      : binding parameter [2] as [VARCHAR] - [DySaeNONGs]
2023-08-14 13:34:04.418 TRACE 8668 --- [    Test worker] o.h.type.descriptor.sql.BasicBinder      : binding parameter [3] as [TIMESTAMP] - [2023-08-14 13:34:04.418]
2023-08-14 13:34:04.418 TRACE 8668 --- [    Test worker] o.h.type.descriptor.sql.BasicBinder      : binding parameter [4] as [VARCHAR] - [테스트 글 제목 59]
2023-08-14 13:34:04.418 TRACE 8668 --- [    Test worker] o.h.type.descriptor.sql.BasicBinder      : binding parameter [5] as [TIMESTAMP] - [2023-08-14 13:34:04.418]
2023-08-14 13:34:04.418 TRACE 8668 --- [    Test worker] o.h.type.descriptor.sql.BasicBinder      : binding parameter [6] as [INTEGER] - [0]
2023-08-14 13:34:04.418 TRACE 8668 --- [    Test worker] o.h.type.descriptor.sql.BasicBinder      : binding parameter [7] as [VARCHAR] - [자바]
2023-08-14 13:34:04.418 TRACE 8668 --- [    Test worker] o.h.type.descriptor.sql.BasicBinder      : binding parameter [8] as [BIGINT] - [462]
2023-08-14 13:34:04.418 DEBUG 8668 --- [    Test worker] org.hibernate.SQL                        : 
    select
        nextval(post_seq)
Hibernate: 
    select
        nextval(post_seq)
2023-08-14 13:34:04.418 DEBUG 8668 --- [    Test worker] org.hibernate.SQL                        : 
    insert 
    into
        tb_post
        (board_id, post_content, post_create_date, post_title, post_update_date, post_view_count, post_writer, post_id) 
    values
        (?, ?, ?, ?, ?, ?, ?, ?)
Hibernate: 
    insert 
    into
        tb_post
        (board_id, post_content, post_create_date, post_title, post_update_date, post_view_count, post_writer, post_id) 
    values
        (?, ?, ?, ?, ?, ?, ?, ?)
2023-08-14 13:34:04.418 TRACE 8668 --- [    Test worker] o.h.type.descriptor.sql.BasicBinder      : binding parameter [1] as [BIGINT] - [1]
2023-08-14 13:34:04.418 TRACE 8668 --- [    Test worker] o.h.type.descriptor.sql.BasicBinder      : binding parameter [2] as [VARCHAR] - [bUKBkWq5sB]
2023-08-14 13:34:04.418 TRACE 8668 --- [    Test worker] o.h.type.descriptor.sql.BasicBinder      : binding parameter [3] as [TIMESTAMP] - [2023-08-14 13:34:04.418]
2023-08-14 13:34:04.418 TRACE 8668 --- [    Test worker] o.h.type.descriptor.sql.BasicBinder      : binding parameter [4] as [VARCHAR] - [테스트 글 제목 60]
2023-08-14 13:34:04.418 TRACE 8668 --- [    Test worker] o.h.type.descriptor.sql.BasicBinder      : binding parameter [5] as [TIMESTAMP] - [2023-08-14 13:34:04.418]
2023-08-14 13:34:04.418 TRACE 8668 --- [    Test worker] o.h.type.descriptor.sql.BasicBinder      : binding parameter [6] as [INTEGER] - [0]
2023-08-14 13:34:04.418 TRACE 8668 --- [    Test worker] o.h.type.descriptor.sql.BasicBinder      : binding parameter [7] as [VARCHAR] - [자바]
2023-08-14 13:34:04.418 TRACE 8668 --- [    Test worker] o.h.type.descriptor.sql.BasicBinder      : binding parameter [8] as [BIGINT] - [463]
2023-08-14 13:34:04.418 DEBUG 8668 --- [    Test worker] org.hibernate.SQL                        : 
    select
        nextval(post_seq)
Hibernate: 
    select
        nextval(post_seq)
2023-08-14 13:34:04.418 DEBUG 8668 --- [    Test worker] org.hibernate.SQL                        : 
    insert 
    into
        tb_post
        (board_id, post_content, post_create_date, post_title, post_update_date, post_view_count, post_writer, post_id) 
    values
        (?, ?, ?, ?, ?, ?, ?, ?)
Hibernate: 
    insert 
    into
        tb_post
        (board_id, post_content, post_create_date, post_title, post_update_date, post_view_count, post_writer, post_id) 
    values
        (?, ?, ?, ?, ?, ?, ?, ?)
2023-08-14 13:34:04.418 TRACE 8668 --- [    Test worker] o.h.type.descriptor.sql.BasicBinder      : binding parameter [1] as [BIGINT] - [1]
2023-08-14 13:34:04.418 TRACE 8668 --- [    Test worker] o.h.type.descriptor.sql.BasicBinder      : binding parameter [2] as [VARCHAR] - [YKojOXScvv]
2023-08-14 13:34:04.418 TRACE 8668 --- [    Test worker] o.h.type.descriptor.sql.BasicBinder      : binding parameter [3] as [TIMESTAMP] - [2023-08-14 13:34:04.418]
2023-08-14 13:34:04.418 TRACE 8668 --- [    Test worker] o.h.type.descriptor.sql.BasicBinder      : binding parameter [4] as [VARCHAR] - [테스트 글 제목 61]
2023-08-14 13:34:04.418 TRACE 8668 --- [    Test worker] o.h.type.descriptor.sql.BasicBinder      : binding parameter [5] as [TIMESTAMP] - [2023-08-14 13:34:04.418]
2023-08-14 13:34:04.418 TRACE 8668 --- [    Test worker] o.h.type.descriptor.sql.BasicBinder      : binding parameter [6] as [INTEGER] - [0]
2023-08-14 13:34:04.418 TRACE 8668 --- [    Test worker] o.h.type.descriptor.sql.BasicBinder      : binding parameter [7] as [VARCHAR] - [자바]
2023-08-14 13:34:04.418 TRACE 8668 --- [    Test worker] o.h.type.descriptor.sql.BasicBinder      : binding parameter [8] as [BIGINT] - [464]
2023-08-14 13:34:04.433 DEBUG 8668 --- [    Test worker] org.hibernate.SQL                        : 
    select
        nextval(post_seq)
Hibernate: 
    select
        nextval(post_seq)
2023-08-14 13:34:04.433 DEBUG 8668 --- [    Test worker] org.hibernate.SQL                        : 
    insert 
    into
        tb_post
        (board_id, post_content, post_create_date, post_title, post_update_date, post_view_count, post_writer, post_id) 
    values
        (?, ?, ?, ?, ?, ?, ?, ?)
Hibernate: 
    insert 
    into
        tb_post
        (board_id, post_content, post_create_date, post_title, post_update_date, post_view_count, post_writer, post_id) 
    values
        (?, ?, ?, ?, ?, ?, ?, ?)
2023-08-14 13:34:04.433 TRACE 8668 --- [    Test worker] o.h.type.descriptor.sql.BasicBinder      : binding parameter [1] as [BIGINT] - [1]
2023-08-14 13:34:04.433 TRACE 8668 --- [    Test worker] o.h.type.descriptor.sql.BasicBinder      : binding parameter [2] as [VARCHAR] - [LACR7W9eaz]
2023-08-14 13:34:04.433 TRACE 8668 --- [    Test worker] o.h.type.descriptor.sql.BasicBinder      : binding parameter [3] as [TIMESTAMP] - [2023-08-14 13:34:04.433]
2023-08-14 13:34:04.433 TRACE 8668 --- [    Test worker] o.h.type.descriptor.sql.BasicBinder      : binding parameter [4] as [VARCHAR] - [테스트 글 제목 62]
2023-08-14 13:34:04.433 TRACE 8668 --- [    Test worker] o.h.type.descriptor.sql.BasicBinder      : binding parameter [5] as [TIMESTAMP] - [2023-08-14 13:34:04.433]
2023-08-14 13:34:04.433 TRACE 8668 --- [    Test worker] o.h.type.descriptor.sql.BasicBinder      : binding parameter [6] as [INTEGER] - [0]
2023-08-14 13:34:04.433 TRACE 8668 --- [    Test worker] o.h.type.descriptor.sql.BasicBinder      : binding parameter [7] as [VARCHAR] - [자바]
2023-08-14 13:34:04.433 TRACE 8668 --- [    Test worker] o.h.type.descriptor.sql.BasicBinder      : binding parameter [8] as [BIGINT] - [465]
2023-08-14 13:34:04.433 DEBUG 8668 --- [    Test worker] org.hibernate.SQL                        : 
    select
        nextval(post_seq)
Hibernate: 
    select
        nextval(post_seq)
2023-08-14 13:34:04.433 DEBUG 8668 --- [    Test worker] org.hibernate.SQL                        : 
    insert 
    into
        tb_post
        (board_id, post_content, post_create_date, post_title, post_update_date, post_view_count, post_writer, post_id) 
    values
        (?, ?, ?, ?, ?, ?, ?, ?)
Hibernate: 
    insert 
    into
        tb_post
        (board_id, post_content, post_create_date, post_title, post_update_date, post_view_count, post_writer, post_id) 
    values
        (?, ?, ?, ?, ?, ?, ?, ?)
2023-08-14 13:34:04.433 TRACE 8668 --- [    Test worker] o.h.type.descriptor.sql.BasicBinder      : binding parameter [1] as [BIGINT] - [1]
2023-08-14 13:34:04.433 TRACE 8668 --- [    Test worker] o.h.type.descriptor.sql.BasicBinder      : binding parameter [2] as [VARCHAR] - [p6XIvPW4Wh]
2023-08-14 13:34:04.433 TRACE 8668 --- [    Test worker] o.h.type.descriptor.sql.BasicBinder      : binding parameter [3] as [TIMESTAMP] - [2023-08-14 13:34:04.433]
2023-08-14 13:34:04.433 TRACE 8668 --- [    Test worker] o.h.type.descriptor.sql.BasicBinder      : binding parameter [4] as [VARCHAR] - [테스트 글 제목 63]
2023-08-14 13:34:04.433 TRACE 8668 --- [    Test worker] o.h.type.descriptor.sql.BasicBinder      : binding parameter [5] as [TIMESTAMP] - [2023-08-14 13:34:04.433]
2023-08-14 13:34:04.433 TRACE 8668 --- [    Test worker] o.h.type.descriptor.sql.BasicBinder      : binding parameter [6] as [INTEGER] - [0]
2023-08-14 13:34:04.433 TRACE 8668 --- [    Test worker] o.h.type.descriptor.sql.BasicBinder      : binding parameter [7] as [VARCHAR] - [자바]
2023-08-14 13:34:04.433 TRACE 8668 --- [    Test worker] o.h.type.descriptor.sql.BasicBinder      : binding parameter [8] as [BIGINT] - [466]
2023-08-14 13:34:04.433 DEBUG 8668 --- [    Test worker] org.hibernate.SQL                        : 
    select
        nextval(post_seq)
Hibernate: 
    select
        nextval(post_seq)
2023-08-14 13:34:04.433 DEBUG 8668 --- [    Test worker] org.hibernate.SQL                        : 
    insert 
    into
        tb_post
        (board_id, post_content, post_create_date, post_title, post_update_date, post_view_count, post_writer, post_id) 
    values
        (?, ?, ?, ?, ?, ?, ?, ?)
Hibernate: 
    insert 
    into
        tb_post
        (board_id, post_content, post_create_date, post_title, post_update_date, post_view_count, post_writer, post_id) 
    values
        (?, ?, ?, ?, ?, ?, ?, ?)
2023-08-14 13:34:04.433 TRACE 8668 --- [    Test worker] o.h.type.descriptor.sql.BasicBinder      : binding parameter [1] as [BIGINT] - [1]
2023-08-14 13:34:04.433 TRACE 8668 --- [    Test worker] o.h.type.descriptor.sql.BasicBinder      : binding parameter [2] as [VARCHAR] - [67GmM0Fysj]
2023-08-14 13:34:04.433 TRACE 8668 --- [    Test worker] o.h.type.descriptor.sql.BasicBinder      : binding parameter [3] as [TIMESTAMP] - [2023-08-14 13:34:04.433]
2023-08-14 13:34:04.433 TRACE 8668 --- [    Test worker] o.h.type.descriptor.sql.BasicBinder      : binding parameter [4] as [VARCHAR] - [테스트 글 제목 64]
2023-08-14 13:34:04.433 TRACE 8668 --- [    Test worker] o.h.type.descriptor.sql.BasicBinder      : binding parameter [5] as [TIMESTAMP] - [2023-08-14 13:34:04.433]
2023-08-14 13:34:04.433 TRACE 8668 --- [    Test worker] o.h.type.descriptor.sql.BasicBinder      : binding parameter [6] as [INTEGER] - [0]
2023-08-14 13:34:04.433 TRACE 8668 --- [    Test worker] o.h.type.descriptor.sql.BasicBinder      : binding parameter [7] as [VARCHAR] - [자바]
2023-08-14 13:34:04.433 TRACE 8668 --- [    Test worker] o.h.type.descriptor.sql.BasicBinder      : binding parameter [8] as [BIGINT] - [467]
2023-08-14 13:34:04.433 DEBUG 8668 --- [    Test worker] org.hibernate.SQL                        : 
    select
        nextval(post_seq)
Hibernate: 
    select
        nextval(post_seq)
2023-08-14 13:34:04.433 DEBUG 8668 --- [    Test worker] org.hibernate.SQL                        : 
    insert 
    into
        tb_post
        (board_id, post_content, post_create_date, post_title, post_update_date, post_view_count, post_writer, post_id) 
    values
        (?, ?, ?, ?, ?, ?, ?, ?)
Hibernate: 
    insert 
    into
        tb_post
        (board_id, post_content, post_create_date, post_title, post_update_date, post_view_count, post_writer, post_id) 
    values
        (?, ?, ?, ?, ?, ?, ?, ?)
2023-08-14 13:34:04.433 TRACE 8668 --- [    Test worker] o.h.type.descriptor.sql.BasicBinder      : binding parameter [1] as [BIGINT] - [1]
2023-08-14 13:34:04.433 TRACE 8668 --- [    Test worker] o.h.type.descriptor.sql.BasicBinder      : binding parameter [2] as [VARCHAR] - [CAn7a8FGf4]
2023-08-14 13:34:04.433 TRACE 8668 --- [    Test worker] o.h.type.descriptor.sql.BasicBinder      : binding parameter [3] as [TIMESTAMP] - [2023-08-14 13:34:04.433]
2023-08-14 13:34:04.433 TRACE 8668 --- [    Test worker] o.h.type.descriptor.sql.BasicBinder      : binding parameter [4] as [VARCHAR] - [테스트 글 제목 65]
2023-08-14 13:34:04.433 TRACE 8668 --- [    Test worker] o.h.type.descriptor.sql.BasicBinder      : binding parameter [5] as [TIMESTAMP] - [2023-08-14 13:34:04.433]
2023-08-14 13:34:04.433 TRACE 8668 --- [    Test worker] o.h.type.descriptor.sql.BasicBinder      : binding parameter [6] as [INTEGER] - [0]
2023-08-14 13:34:04.433 TRACE 8668 --- [    Test worker] o.h.type.descriptor.sql.BasicBinder      : binding parameter [7] as [VARCHAR] - [자바]
2023-08-14 13:34:04.433 TRACE 8668 --- [    Test worker] o.h.type.descriptor.sql.BasicBinder      : binding parameter [8] as [BIGINT] - [468]
2023-08-14 13:34:04.433 DEBUG 8668 --- [    Test worker] org.hibernate.SQL                        : 
    select
        nextval(post_seq)
Hibernate: 
    select
        nextval(post_seq)
2023-08-14 13:34:04.433 DEBUG 8668 --- [    Test worker] org.hibernate.SQL                        : 
    insert 
    into
        tb_post
        (board_id, post_content, post_create_date, post_title, post_update_date, post_view_count, post_writer, post_id) 
    values
        (?, ?, ?, ?, ?, ?, ?, ?)
Hibernate: 
    insert 
    into
        tb_post
        (board_id, post_content, post_create_date, post_title, post_update_date, post_view_count, post_writer, post_id) 
    values
        (?, ?, ?, ?, ?, ?, ?, ?)
2023-08-14 13:34:04.433 TRACE 8668 --- [    Test worker] o.h.type.descriptor.sql.BasicBinder      : binding parameter [1] as [BIGINT] - [1]
2023-08-14 13:34:04.433 TRACE 8668 --- [    Test worker] o.h.type.descriptor.sql.BasicBinder      : binding parameter [2] as [VARCHAR] - [kzAvxQvP0b]
2023-08-14 13:34:04.433 TRACE 8668 --- [    Test worker] o.h.type.descriptor.sql.BasicBinder      : binding parameter [3] as [TIMESTAMP] - [2023-08-14 13:34:04.433]
2023-08-14 13:34:04.433 TRACE 8668 --- [    Test worker] o.h.type.descriptor.sql.BasicBinder      : binding parameter [4] as [VARCHAR] - [테스트 글 제목 66]
2023-08-14 13:34:04.433 TRACE 8668 --- [    Test worker] o.h.type.descriptor.sql.BasicBinder      : binding parameter [5] as [TIMESTAMP] - [2023-08-14 13:34:04.433]
2023-08-14 13:34:04.433 TRACE 8668 --- [    Test worker] o.h.type.descriptor.sql.BasicBinder      : binding parameter [6] as [INTEGER] - [0]
2023-08-14 13:34:04.433 TRACE 8668 --- [    Test worker] o.h.type.descriptor.sql.BasicBinder      : binding parameter [7] as [VARCHAR] - [자바]
2023-08-14 13:34:04.433 TRACE 8668 --- [    Test worker] o.h.type.descriptor.sql.BasicBinder      : binding parameter [8] as [BIGINT] - [469]
2023-08-14 13:34:04.433 DEBUG 8668 --- [    Test worker] org.hibernate.SQL                        : 
    select
        nextval(post_seq)
Hibernate: 
    select
        nextval(post_seq)
2023-08-14 13:34:04.433 DEBUG 8668 --- [    Test worker] org.hibernate.SQL                        : 
    insert 
    into
        tb_post
        (board_id, post_content, post_create_date, post_title, post_update_date, post_view_count, post_writer, post_id) 
    values
        (?, ?, ?, ?, ?, ?, ?, ?)
Hibernate: 
    insert 
    into
        tb_post
        (board_id, post_content, post_create_date, post_title, post_update_date, post_view_count, post_writer, post_id) 
    values
        (?, ?, ?, ?, ?, ?, ?, ?)
2023-08-14 13:34:04.433 TRACE 8668 --- [    Test worker] o.h.type.descriptor.sql.BasicBinder      : binding parameter [1] as [BIGINT] - [1]
2023-08-14 13:34:04.433 TRACE 8668 --- [    Test worker] o.h.type.descriptor.sql.BasicBinder      : binding parameter [2] as [VARCHAR] - [rCrJEj4XkT]
2023-08-14 13:34:04.433 TRACE 8668 --- [    Test worker] o.h.type.descriptor.sql.BasicBinder      : binding parameter [3] as [TIMESTAMP] - [2023-08-14 13:34:04.433]
2023-08-14 13:34:04.433 TRACE 8668 --- [    Test worker] o.h.type.descriptor.sql.BasicBinder      : binding parameter [4] as [VARCHAR] - [테스트 글 제목 67]
2023-08-14 13:34:04.433 TRACE 8668 --- [    Test worker] o.h.type.descriptor.sql.BasicBinder      : binding parameter [5] as [TIMESTAMP] - [2023-08-14 13:34:04.433]
2023-08-14 13:34:04.433 TRACE 8668 --- [    Test worker] o.h.type.descriptor.sql.BasicBinder      : binding parameter [6] as [INTEGER] - [0]
2023-08-14 13:34:04.433 TRACE 8668 --- [    Test worker] o.h.type.descriptor.sql.BasicBinder      : binding parameter [7] as [VARCHAR] - [자바]
2023-08-14 13:34:04.433 TRACE 8668 --- [    Test worker] o.h.type.descriptor.sql.BasicBinder      : binding parameter [8] as [BIGINT] - [470]
2023-08-14 13:34:04.433 DEBUG 8668 --- [    Test worker] org.hibernate.SQL                        : 
    select
        nextval(post_seq)
Hibernate: 
    select
        nextval(post_seq)
2023-08-14 13:34:04.433 DEBUG 8668 --- [    Test worker] org.hibernate.SQL                        : 
    insert 
    into
        tb_post
        (board_id, post_content, post_create_date, post_title, post_update_date, post_view_count, post_writer, post_id) 
    values
        (?, ?, ?, ?, ?, ?, ?, ?)
Hibernate: 
    insert 
    into
        tb_post
        (board_id, post_content, post_create_date, post_title, post_update_date, post_view_count, post_writer, post_id) 
    values
        (?, ?, ?, ?, ?, ?, ?, ?)
2023-08-14 13:34:04.433 TRACE 8668 --- [    Test worker] o.h.type.descriptor.sql.BasicBinder      : binding parameter [1] as [BIGINT] - [1]
2023-08-14 13:34:04.433 TRACE 8668 --- [    Test worker] o.h.type.descriptor.sql.BasicBinder      : binding parameter [2] as [VARCHAR] - [ngxdBDLwPR]
2023-08-14 13:34:04.433 TRACE 8668 --- [    Test worker] o.h.type.descriptor.sql.BasicBinder      : binding parameter [3] as [TIMESTAMP] - [2023-08-14 13:34:04.433]
2023-08-14 13:34:04.433 TRACE 8668 --- [    Test worker] o.h.type.descriptor.sql.BasicBinder      : binding parameter [4] as [VARCHAR] - [테스트 글 제목 68]
2023-08-14 13:34:04.433 TRACE 8668 --- [    Test worker] o.h.type.descriptor.sql.BasicBinder      : binding parameter [5] as [TIMESTAMP] - [2023-08-14 13:34:04.433]
2023-08-14 13:34:04.433 TRACE 8668 --- [    Test worker] o.h.type.descriptor.sql.BasicBinder      : binding parameter [6] as [INTEGER] - [0]
2023-08-14 13:34:04.433 TRACE 8668 --- [    Test worker] o.h.type.descriptor.sql.BasicBinder      : binding parameter [7] as [VARCHAR] - [자바]
2023-08-14 13:34:04.433 TRACE 8668 --- [    Test worker] o.h.type.descriptor.sql.BasicBinder      : binding parameter [8] as [BIGINT] - [471]
2023-08-14 13:34:04.433 DEBUG 8668 --- [    Test worker] org.hibernate.SQL                        : 
    select
        nextval(post_seq)
Hibernate: 
    select
        nextval(post_seq)
2023-08-14 13:34:04.433 DEBUG 8668 --- [    Test worker] org.hibernate.SQL                        : 
    insert 
    into
        tb_post
        (board_id, post_content, post_create_date, post_title, post_update_date, post_view_count, post_writer, post_id) 
    values
        (?, ?, ?, ?, ?, ?, ?, ?)
Hibernate: 
    insert 
    into
        tb_post
        (board_id, post_content, post_create_date, post_title, post_update_date, post_view_count, post_writer, post_id) 
    values
        (?, ?, ?, ?, ?, ?, ?, ?)
2023-08-14 13:34:04.433 TRACE 8668 --- [    Test worker] o.h.type.descriptor.sql.BasicBinder      : binding parameter [1] as [BIGINT] - [1]
2023-08-14 13:34:04.433 TRACE 8668 --- [    Test worker] o.h.type.descriptor.sql.BasicBinder      : binding parameter [2] as [VARCHAR] - [ypqgjvmfSy]
2023-08-14 13:34:04.433 TRACE 8668 --- [    Test worker] o.h.type.descriptor.sql.BasicBinder      : binding parameter [3] as [TIMESTAMP] - [2023-08-14 13:34:04.433]
2023-08-14 13:34:04.433 TRACE 8668 --- [    Test worker] o.h.type.descriptor.sql.BasicBinder      : binding parameter [4] as [VARCHAR] - [테스트 글 제목 69]
2023-08-14 13:34:04.433 TRACE 8668 --- [    Test worker] o.h.type.descriptor.sql.BasicBinder      : binding parameter [5] as [TIMESTAMP] - [2023-08-14 13:34:04.433]
2023-08-14 13:34:04.433 TRACE 8668 --- [    Test worker] o.h.type.descriptor.sql.BasicBinder      : binding parameter [6] as [INTEGER] - [0]
2023-08-14 13:34:04.433 TRACE 8668 --- [    Test worker] o.h.type.descriptor.sql.BasicBinder      : binding parameter [7] as [VARCHAR] - [자바]
2023-08-14 13:34:04.433 TRACE 8668 --- [    Test worker] o.h.type.descriptor.sql.BasicBinder      : binding parameter [8] as [BIGINT] - [472]
2023-08-14 13:34:04.433 DEBUG 8668 --- [    Test worker] org.hibernate.SQL                        : 
    select
        nextval(post_seq)
Hibernate: 
    select
        nextval(post_seq)
2023-08-14 13:34:04.433 DEBUG 8668 --- [    Test worker] org.hibernate.SQL                        : 
    insert 
    into
        tb_post
        (board_id, post_content, post_create_date, post_title, post_update_date, post_view_count, post_writer, post_id) 
    values
        (?, ?, ?, ?, ?, ?, ?, ?)
Hibernate: 
    insert 
    into
        tb_post
        (board_id, post_content, post_create_date, post_title, post_update_date, post_view_count, post_writer, post_id) 
    values
        (?, ?, ?, ?, ?, ?, ?, ?)
2023-08-14 13:34:04.433 TRACE 8668 --- [    Test worker] o.h.type.descriptor.sql.BasicBinder      : binding parameter [1] as [BIGINT] - [1]
2023-08-14 13:34:04.433 TRACE 8668 --- [    Test worker] o.h.type.descriptor.sql.BasicBinder      : binding parameter [2] as [VARCHAR] - [Hk74cHl84V]
2023-08-14 13:34:04.433 TRACE 8668 --- [    Test worker] o.h.type.descriptor.sql.BasicBinder      : binding parameter [3] as [TIMESTAMP] - [2023-08-14 13:34:04.433]
2023-08-14 13:34:04.433 TRACE 8668 --- [    Test worker] o.h.type.descriptor.sql.BasicBinder      : binding parameter [4] as [VARCHAR] - [테스트 글 제목 70]
2023-08-14 13:34:04.433 TRACE 8668 --- [    Test worker] o.h.type.descriptor.sql.BasicBinder      : binding parameter [5] as [TIMESTAMP] - [2023-08-14 13:34:04.433]
2023-08-14 13:34:04.433 TRACE 8668 --- [    Test worker] o.h.type.descriptor.sql.BasicBinder      : binding parameter [6] as [INTEGER] - [0]
2023-08-14 13:34:04.433 TRACE 8668 --- [    Test worker] o.h.type.descriptor.sql.BasicBinder      : binding parameter [7] as [VARCHAR] - [자바]
2023-08-14 13:34:04.433 TRACE 8668 --- [    Test worker] o.h.type.descriptor.sql.BasicBinder      : binding parameter [8] as [BIGINT] - [473]
2023-08-14 13:34:04.433 DEBUG 8668 --- [    Test worker] org.hibernate.SQL                        : 
    select
        nextval(post_seq)
Hibernate: 
    select
        nextval(post_seq)
2023-08-14 13:34:04.433 DEBUG 8668 --- [    Test worker] org.hibernate.SQL                        : 
    insert 
    into
        tb_post
        (board_id, post_content, post_create_date, post_title, post_update_date, post_view_count, post_writer, post_id) 
    values
        (?, ?, ?, ?, ?, ?, ?, ?)
Hibernate: 
    insert 
    into
        tb_post
        (board_id, post_content, post_create_date, post_title, post_update_date, post_view_count, post_writer, post_id) 
    values
        (?, ?, ?, ?, ?, ?, ?, ?)
2023-08-14 13:34:04.433 TRACE 8668 --- [    Test worker] o.h.type.descriptor.sql.BasicBinder      : binding parameter [1] as [BIGINT] - [1]
2023-08-14 13:34:04.433 TRACE 8668 --- [    Test worker] o.h.type.descriptor.sql.BasicBinder      : binding parameter [2] as [VARCHAR] - [IpGC5Aly5H]
2023-08-14 13:34:04.433 TRACE 8668 --- [    Test worker] o.h.type.descriptor.sql.BasicBinder      : binding parameter [3] as [TIMESTAMP] - [2023-08-14 13:34:04.433]
2023-08-14 13:34:04.433 TRACE 8668 --- [    Test worker] o.h.type.descriptor.sql.BasicBinder      : binding parameter [4] as [VARCHAR] - [테스트 글 제목 71]
2023-08-14 13:34:04.433 TRACE 8668 --- [    Test worker] o.h.type.descriptor.sql.BasicBinder      : binding parameter [5] as [TIMESTAMP] - [2023-08-14 13:34:04.433]
2023-08-14 13:34:04.433 TRACE 8668 --- [    Test worker] o.h.type.descriptor.sql.BasicBinder      : binding parameter [6] as [INTEGER] - [0]
2023-08-14 13:34:04.433 TRACE 8668 --- [    Test worker] o.h.type.descriptor.sql.BasicBinder      : binding parameter [7] as [VARCHAR] - [자바]
2023-08-14 13:34:04.433 TRACE 8668 --- [    Test worker] o.h.type.descriptor.sql.BasicBinder      : binding parameter [8] as [BIGINT] - [474]
2023-08-14 13:34:04.433 DEBUG 8668 --- [    Test worker] org.hibernate.SQL                        : 
    select
        nextval(post_seq)
Hibernate: 
    select
        nextval(post_seq)
2023-08-14 13:34:04.433 DEBUG 8668 --- [    Test worker] org.hibernate.SQL                        : 
    insert 
    into
        tb_post
        (board_id, post_content, post_create_date, post_title, post_update_date, post_view_count, post_writer, post_id) 
    values
        (?, ?, ?, ?, ?, ?, ?, ?)
Hibernate: 
    insert 
    into
        tb_post
        (board_id, post_content, post_create_date, post_title, post_update_date, post_view_count, post_writer, post_id) 
    values
        (?, ?, ?, ?, ?, ?, ?, ?)
2023-08-14 13:34:04.433 TRACE 8668 --- [    Test worker] o.h.type.descriptor.sql.BasicBinder      : binding parameter [1] as [BIGINT] - [1]
2023-08-14 13:34:04.433 TRACE 8668 --- [    Test worker] o.h.type.descriptor.sql.BasicBinder      : binding parameter [2] as [VARCHAR] - [H3XDZ5BUap]
2023-08-14 13:34:04.433 TRACE 8668 --- [    Test worker] o.h.type.descriptor.sql.BasicBinder      : binding parameter [3] as [TIMESTAMP] - [2023-08-14 13:34:04.433]
2023-08-14 13:34:04.433 TRACE 8668 --- [    Test worker] o.h.type.descriptor.sql.BasicBinder      : binding parameter [4] as [VARCHAR] - [테스트 글 제목 72]
2023-08-14 13:34:04.433 TRACE 8668 --- [    Test worker] o.h.type.descriptor.sql.BasicBinder      : binding parameter [5] as [TIMESTAMP] - [2023-08-14 13:34:04.433]
2023-08-14 13:34:04.433 TRACE 8668 --- [    Test worker] o.h.type.descriptor.sql.BasicBinder      : binding parameter [6] as [INTEGER] - [0]
2023-08-14 13:34:04.433 TRACE 8668 --- [    Test worker] o.h.type.descriptor.sql.BasicBinder      : binding parameter [7] as [VARCHAR] - [자바]
2023-08-14 13:34:04.433 TRACE 8668 --- [    Test worker] o.h.type.descriptor.sql.BasicBinder      : binding parameter [8] as [BIGINT] - [475]
2023-08-14 13:34:04.449 DEBUG 8668 --- [    Test worker] org.hibernate.SQL                        : 
    select
        nextval(post_seq)
Hibernate: 
    select
        nextval(post_seq)
2023-08-14 13:34:04.449 DEBUG 8668 --- [    Test worker] org.hibernate.SQL                        : 
    insert 
    into
        tb_post
        (board_id, post_content, post_create_date, post_title, post_update_date, post_view_count, post_writer, post_id) 
    values
        (?, ?, ?, ?, ?, ?, ?, ?)
Hibernate: 
    insert 
    into
        tb_post
        (board_id, post_content, post_create_date, post_title, post_update_date, post_view_count, post_writer, post_id) 
    values
        (?, ?, ?, ?, ?, ?, ?, ?)
2023-08-14 13:34:04.449 TRACE 8668 --- [    Test worker] o.h.type.descriptor.sql.BasicBinder      : binding parameter [1] as [BIGINT] - [1]
2023-08-14 13:34:04.449 TRACE 8668 --- [    Test worker] o.h.type.descriptor.sql.BasicBinder      : binding parameter [2] as [VARCHAR] - [XFGcUjghDL]
2023-08-14 13:34:04.449 TRACE 8668 --- [    Test worker] o.h.type.descriptor.sql.BasicBinder      : binding parameter [3] as [TIMESTAMP] - [2023-08-14 13:34:04.449]
2023-08-14 13:34:04.449 TRACE 8668 --- [    Test worker] o.h.type.descriptor.sql.BasicBinder      : binding parameter [4] as [VARCHAR] - [테스트 글 제목 73]
2023-08-14 13:34:04.449 TRACE 8668 --- [    Test worker] o.h.type.descriptor.sql.BasicBinder      : binding parameter [5] as [TIMESTAMP] - [2023-08-14 13:34:04.449]
2023-08-14 13:34:04.449 TRACE 8668 --- [    Test worker] o.h.type.descriptor.sql.BasicBinder      : binding parameter [6] as [INTEGER] - [0]
2023-08-14 13:34:04.449 TRACE 8668 --- [    Test worker] o.h.type.descriptor.sql.BasicBinder      : binding parameter [7] as [VARCHAR] - [자바]
2023-08-14 13:34:04.449 TRACE 8668 --- [    Test worker] o.h.type.descriptor.sql.BasicBinder      : binding parameter [8] as [BIGINT] - [476]
2023-08-14 13:34:04.449 DEBUG 8668 --- [    Test worker] org.hibernate.SQL                        : 
    select
        nextval(post_seq)
Hibernate: 
    select
        nextval(post_seq)
2023-08-14 13:34:04.449 DEBUG 8668 --- [    Test worker] org.hibernate.SQL                        : 
    insert 
    into
        tb_post
        (board_id, post_content, post_create_date, post_title, post_update_date, post_view_count, post_writer, post_id) 
    values
        (?, ?, ?, ?, ?, ?, ?, ?)
Hibernate: 
    insert 
    into
        tb_post
        (board_id, post_content, post_create_date, post_title, post_update_date, post_view_count, post_writer, post_id) 
    values
        (?, ?, ?, ?, ?, ?, ?, ?)
2023-08-14 13:34:04.449 TRACE 8668 --- [    Test worker] o.h.type.descriptor.sql.BasicBinder      : binding parameter [1] as [BIGINT] - [1]
2023-08-14 13:34:04.449 TRACE 8668 --- [    Test worker] o.h.type.descriptor.sql.BasicBinder      : binding parameter [2] as [VARCHAR] - [5JSLcuUw2x]
2023-08-14 13:34:04.449 TRACE 8668 --- [    Test worker] o.h.type.descriptor.sql.BasicBinder      : binding parameter [3] as [TIMESTAMP] - [2023-08-14 13:34:04.449]
2023-08-14 13:34:04.449 TRACE 8668 --- [    Test worker] o.h.type.descriptor.sql.BasicBinder      : binding parameter [4] as [VARCHAR] - [테스트 글 제목 74]
2023-08-14 13:34:04.449 TRACE 8668 --- [    Test worker] o.h.type.descriptor.sql.BasicBinder      : binding parameter [5] as [TIMESTAMP] - [2023-08-14 13:34:04.449]
2023-08-14 13:34:04.449 TRACE 8668 --- [    Test worker] o.h.type.descriptor.sql.BasicBinder      : binding parameter [6] as [INTEGER] - [0]
2023-08-14 13:34:04.449 TRACE 8668 --- [    Test worker] o.h.type.descriptor.sql.BasicBinder      : binding parameter [7] as [VARCHAR] - [자바]
2023-08-14 13:34:04.449 TRACE 8668 --- [    Test worker] o.h.type.descriptor.sql.BasicBinder      : binding parameter [8] as [BIGINT] - [477]
2023-08-14 13:34:04.449 DEBUG 8668 --- [    Test worker] org.hibernate.SQL                        : 
    select
        nextval(post_seq)
Hibernate: 
    select
        nextval(post_seq)
2023-08-14 13:34:04.449 DEBUG 8668 --- [    Test worker] org.hibernate.SQL                        : 
    insert 
    into
        tb_post
        (board_id, post_content, post_create_date, post_title, post_update_date, post_view_count, post_writer, post_id) 
    values
        (?, ?, ?, ?, ?, ?, ?, ?)
Hibernate: 
    insert 
    into
        tb_post
        (board_id, post_content, post_create_date, post_title, post_update_date, post_view_count, post_writer, post_id) 
    values
        (?, ?, ?, ?, ?, ?, ?, ?)
2023-08-14 13:34:04.449 TRACE 8668 --- [    Test worker] o.h.type.descriptor.sql.BasicBinder      : binding parameter [1] as [BIGINT] - [1]
2023-08-14 13:34:04.449 TRACE 8668 --- [    Test worker] o.h.type.descriptor.sql.BasicBinder      : binding parameter [2] as [VARCHAR] - [gWb8QEjY0U]
2023-08-14 13:34:04.449 TRACE 8668 --- [    Test worker] o.h.type.descriptor.sql.BasicBinder      : binding parameter [3] as [TIMESTAMP] - [2023-08-14 13:34:04.449]
2023-08-14 13:34:04.449 TRACE 8668 --- [    Test worker] o.h.type.descriptor.sql.BasicBinder      : binding parameter [4] as [VARCHAR] - [테스트 글 제목 75]
2023-08-14 13:34:04.449 TRACE 8668 --- [    Test worker] o.h.type.descriptor.sql.BasicBinder      : binding parameter [5] as [TIMESTAMP] - [2023-08-14 13:34:04.449]
2023-08-14 13:34:04.449 TRACE 8668 --- [    Test worker] o.h.type.descriptor.sql.BasicBinder      : binding parameter [6] as [INTEGER] - [0]
2023-08-14 13:34:04.449 TRACE 8668 --- [    Test worker] o.h.type.descriptor.sql.BasicBinder      : binding parameter [7] as [VARCHAR] - [자바]
2023-08-14 13:34:04.449 TRACE 8668 --- [    Test worker] o.h.type.descriptor.sql.BasicBinder      : binding parameter [8] as [BIGINT] - [478]
2023-08-14 13:34:04.449 DEBUG 8668 --- [    Test worker] org.hibernate.SQL                        : 
    select
        nextval(post_seq)
Hibernate: 
    select
        nextval(post_seq)
2023-08-14 13:34:04.449 DEBUG 8668 --- [    Test worker] org.hibernate.SQL                        : 
    insert 
    into
        tb_post
        (board_id, post_content, post_create_date, post_title, post_update_date, post_view_count, post_writer, post_id) 
    values
        (?, ?, ?, ?, ?, ?, ?, ?)
Hibernate: 
    insert 
    into
        tb_post
        (board_id, post_content, post_create_date, post_title, post_update_date, post_view_count, post_writer, post_id) 
    values
        (?, ?, ?, ?, ?, ?, ?, ?)
2023-08-14 13:34:04.449 TRACE 8668 --- [    Test worker] o.h.type.descriptor.sql.BasicBinder      : binding parameter [1] as [BIGINT] - [1]
2023-08-14 13:34:04.449 TRACE 8668 --- [    Test worker] o.h.type.descriptor.sql.BasicBinder      : binding parameter [2] as [VARCHAR] - [2mELLOAX1s]
2023-08-14 13:34:04.449 TRACE 8668 --- [    Test worker] o.h.type.descriptor.sql.BasicBinder      : binding parameter [3] as [TIMESTAMP] - [2023-08-14 13:34:04.449]
2023-08-14 13:34:04.449 TRACE 8668 --- [    Test worker] o.h.type.descriptor.sql.BasicBinder      : binding parameter [4] as [VARCHAR] - [테스트 글 제목 76]
2023-08-14 13:34:04.449 TRACE 8668 --- [    Test worker] o.h.type.descriptor.sql.BasicBinder      : binding parameter [5] as [TIMESTAMP] - [2023-08-14 13:34:04.449]
2023-08-14 13:34:04.449 TRACE 8668 --- [    Test worker] o.h.type.descriptor.sql.BasicBinder      : binding parameter [6] as [INTEGER] - [0]
2023-08-14 13:34:04.449 TRACE 8668 --- [    Test worker] o.h.type.descriptor.sql.BasicBinder      : binding parameter [7] as [VARCHAR] - [자바]
2023-08-14 13:34:04.449 TRACE 8668 --- [    Test worker] o.h.type.descriptor.sql.BasicBinder      : binding parameter [8] as [BIGINT] - [479]
2023-08-14 13:34:04.449 DEBUG 8668 --- [    Test worker] org.hibernate.SQL                        : 
    select
        nextval(post_seq)
Hibernate: 
    select
        nextval(post_seq)
2023-08-14 13:34:04.449 DEBUG 8668 --- [    Test worker] org.hibernate.SQL                        : 
    insert 
    into
        tb_post
        (board_id, post_content, post_create_date, post_title, post_update_date, post_view_count, post_writer, post_id) 
    values
        (?, ?, ?, ?, ?, ?, ?, ?)
Hibernate: 
    insert 
    into
        tb_post
        (board_id, post_content, post_create_date, post_title, post_update_date, post_view_count, post_writer, post_id) 
    values
        (?, ?, ?, ?, ?, ?, ?, ?)
2023-08-14 13:34:04.449 TRACE 8668 --- [    Test worker] o.h.type.descriptor.sql.BasicBinder      : binding parameter [1] as [BIGINT] - [1]
2023-08-14 13:34:04.449 TRACE 8668 --- [    Test worker] o.h.type.descriptor.sql.BasicBinder      : binding parameter [2] as [VARCHAR] - [15zUVTD5CZ]
2023-08-14 13:34:04.449 TRACE 8668 --- [    Test worker] o.h.type.descriptor.sql.BasicBinder      : binding parameter [3] as [TIMESTAMP] - [2023-08-14 13:34:04.449]
2023-08-14 13:34:04.449 TRACE 8668 --- [    Test worker] o.h.type.descriptor.sql.BasicBinder      : binding parameter [4] as [VARCHAR] - [테스트 글 제목 77]
2023-08-14 13:34:04.449 TRACE 8668 --- [    Test worker] o.h.type.descriptor.sql.BasicBinder      : binding parameter [5] as [TIMESTAMP] - [2023-08-14 13:34:04.449]
2023-08-14 13:34:04.449 TRACE 8668 --- [    Test worker] o.h.type.descriptor.sql.BasicBinder      : binding parameter [6] as [INTEGER] - [0]
2023-08-14 13:34:04.449 TRACE 8668 --- [    Test worker] o.h.type.descriptor.sql.BasicBinder      : binding parameter [7] as [VARCHAR] - [자바]
2023-08-14 13:34:04.449 TRACE 8668 --- [    Test worker] o.h.type.descriptor.sql.BasicBinder      : binding parameter [8] as [BIGINT] - [480]
2023-08-14 13:34:04.449 DEBUG 8668 --- [    Test worker] org.hibernate.SQL                        : 
    select
        nextval(post_seq)
Hibernate: 
    select
        nextval(post_seq)
2023-08-14 13:34:04.449 DEBUG 8668 --- [    Test worker] org.hibernate.SQL                        : 
    insert 
    into
        tb_post
        (board_id, post_content, post_create_date, post_title, post_update_date, post_view_count, post_writer, post_id) 
    values
        (?, ?, ?, ?, ?, ?, ?, ?)
Hibernate: 
    insert 
    into
        tb_post
        (board_id, post_content, post_create_date, post_title, post_update_date, post_view_count, post_writer, post_id) 
    values
        (?, ?, ?, ?, ?, ?, ?, ?)
2023-08-14 13:34:04.449 TRACE 8668 --- [    Test worker] o.h.type.descriptor.sql.BasicBinder      : binding parameter [1] as [BIGINT] - [1]
2023-08-14 13:34:04.449 TRACE 8668 --- [    Test worker] o.h.type.descriptor.sql.BasicBinder      : binding parameter [2] as [VARCHAR] - [J0936OPAZb]
2023-08-14 13:34:04.449 TRACE 8668 --- [    Test worker] o.h.type.descriptor.sql.BasicBinder      : binding parameter [3] as [TIMESTAMP] - [2023-08-14 13:34:04.449]
2023-08-14 13:34:04.449 TRACE 8668 --- [    Test worker] o.h.type.descriptor.sql.BasicBinder      : binding parameter [4] as [VARCHAR] - [테스트 글 제목 78]
2023-08-14 13:34:04.449 TRACE 8668 --- [    Test worker] o.h.type.descriptor.sql.BasicBinder      : binding parameter [5] as [TIMESTAMP] - [2023-08-14 13:34:04.449]
2023-08-14 13:34:04.449 TRACE 8668 --- [    Test worker] o.h.type.descriptor.sql.BasicBinder      : binding parameter [6] as [INTEGER] - [0]
2023-08-14 13:34:04.449 TRACE 8668 --- [    Test worker] o.h.type.descriptor.sql.BasicBinder      : binding parameter [7] as [VARCHAR] - [자바]
2023-08-14 13:34:04.449 TRACE 8668 --- [    Test worker] o.h.type.descriptor.sql.BasicBinder      : binding parameter [8] as [BIGINT] - [481]
2023-08-14 13:34:04.449 DEBUG 8668 --- [    Test worker] org.hibernate.SQL                        : 
    select
        nextval(post_seq)
Hibernate: 
    select
        nextval(post_seq)
2023-08-14 13:34:04.449 DEBUG 8668 --- [    Test worker] org.hibernate.SQL                        : 
    insert 
    into
        tb_post
        (board_id, post_content, post_create_date, post_title, post_update_date, post_view_count, post_writer, post_id) 
    values
        (?, ?, ?, ?, ?, ?, ?, ?)
Hibernate: 
    insert 
    into
        tb_post
        (board_id, post_content, post_create_date, post_title, post_update_date, post_view_count, post_writer, post_id) 
    values
        (?, ?, ?, ?, ?, ?, ?, ?)
2023-08-14 13:34:04.449 TRACE 8668 --- [    Test worker] o.h.type.descriptor.sql.BasicBinder      : binding parameter [1] as [BIGINT] - [1]
2023-08-14 13:34:04.449 TRACE 8668 --- [    Test worker] o.h.type.descriptor.sql.BasicBinder      : binding parameter [2] as [VARCHAR] - [aSpKyhMYlb]
2023-08-14 13:34:04.449 TRACE 8668 --- [    Test worker] o.h.type.descriptor.sql.BasicBinder      : binding parameter [3] as [TIMESTAMP] - [2023-08-14 13:34:04.449]
2023-08-14 13:34:04.449 TRACE 8668 --- [    Test worker] o.h.type.descriptor.sql.BasicBinder      : binding parameter [4] as [VARCHAR] - [테스트 글 제목 79]
2023-08-14 13:34:04.449 TRACE 8668 --- [    Test worker] o.h.type.descriptor.sql.BasicBinder      : binding parameter [5] as [TIMESTAMP] - [2023-08-14 13:34:04.449]
2023-08-14 13:34:04.449 TRACE 8668 --- [    Test worker] o.h.type.descriptor.sql.BasicBinder      : binding parameter [6] as [INTEGER] - [0]
2023-08-14 13:34:04.449 TRACE 8668 --- [    Test worker] o.h.type.descriptor.sql.BasicBinder      : binding parameter [7] as [VARCHAR] - [자바]
2023-08-14 13:34:04.449 TRACE 8668 --- [    Test worker] o.h.type.descriptor.sql.BasicBinder      : binding parameter [8] as [BIGINT] - [482]
2023-08-14 13:34:04.449 DEBUG 8668 --- [    Test worker] org.hibernate.SQL                        : 
    select
        nextval(post_seq)
Hibernate: 
    select
        nextval(post_seq)
2023-08-14 13:34:04.449 DEBUG 8668 --- [    Test worker] org.hibernate.SQL                        : 
    insert 
    into
        tb_post
        (board_id, post_content, post_create_date, post_title, post_update_date, post_view_count, post_writer, post_id) 
    values
        (?, ?, ?, ?, ?, ?, ?, ?)
Hibernate: 
    insert 
    into
        tb_post
        (board_id, post_content, post_create_date, post_title, post_update_date, post_view_count, post_writer, post_id) 
    values
        (?, ?, ?, ?, ?, ?, ?, ?)
2023-08-14 13:34:04.449 TRACE 8668 --- [    Test worker] o.h.type.descriptor.sql.BasicBinder      : binding parameter [1] as [BIGINT] - [1]
2023-08-14 13:34:04.449 TRACE 8668 --- [    Test worker] o.h.type.descriptor.sql.BasicBinder      : binding parameter [2] as [VARCHAR] - [y1d9xuX9iE]
2023-08-14 13:34:04.449 TRACE 8668 --- [    Test worker] o.h.type.descriptor.sql.BasicBinder      : binding parameter [3] as [TIMESTAMP] - [2023-08-14 13:34:04.449]
2023-08-14 13:34:04.449 TRACE 8668 --- [    Test worker] o.h.type.descriptor.sql.BasicBinder      : binding parameter [4] as [VARCHAR] - [테스트 글 제목 80]
2023-08-14 13:34:04.449 TRACE 8668 --- [    Test worker] o.h.type.descriptor.sql.BasicBinder      : binding parameter [5] as [TIMESTAMP] - [2023-08-14 13:34:04.449]
2023-08-14 13:34:04.449 TRACE 8668 --- [    Test worker] o.h.type.descriptor.sql.BasicBinder      : binding parameter [6] as [INTEGER] - [0]
2023-08-14 13:34:04.449 TRACE 8668 --- [    Test worker] o.h.type.descriptor.sql.BasicBinder      : binding parameter [7] as [VARCHAR] - [자바]
2023-08-14 13:34:04.449 TRACE 8668 --- [    Test worker] o.h.type.descriptor.sql.BasicBinder      : binding parameter [8] as [BIGINT] - [483]
2023-08-14 13:34:04.464 DEBUG 8668 --- [    Test worker] org.hibernate.SQL                        : 
    select
        nextval(post_seq)
Hibernate: 
    select
        nextval(post_seq)
2023-08-14 13:34:04.464 DEBUG 8668 --- [    Test worker] org.hibernate.SQL                        : 
    insert 
    into
        tb_post
        (board_id, post_content, post_create_date, post_title, post_update_date, post_view_count, post_writer, post_id) 
    values
        (?, ?, ?, ?, ?, ?, ?, ?)
Hibernate: 
    insert 
    into
        tb_post
        (board_id, post_content, post_create_date, post_title, post_update_date, post_view_count, post_writer, post_id) 
    values
        (?, ?, ?, ?, ?, ?, ?, ?)
2023-08-14 13:34:04.464 TRACE 8668 --- [    Test worker] o.h.type.descriptor.sql.BasicBinder      : binding parameter [1] as [BIGINT] - [1]
2023-08-14 13:34:04.464 TRACE 8668 --- [    Test worker] o.h.type.descriptor.sql.BasicBinder      : binding parameter [2] as [VARCHAR] - [BCLVAbFIsi]
2023-08-14 13:34:04.464 TRACE 8668 --- [    Test worker] o.h.type.descriptor.sql.BasicBinder      : binding parameter [3] as [TIMESTAMP] - [2023-08-14 13:34:04.464]
2023-08-14 13:34:04.464 TRACE 8668 --- [    Test worker] o.h.type.descriptor.sql.BasicBinder      : binding parameter [4] as [VARCHAR] - [테스트 글 제목 81]
2023-08-14 13:34:04.464 TRACE 8668 --- [    Test worker] o.h.type.descriptor.sql.BasicBinder      : binding parameter [5] as [TIMESTAMP] - [2023-08-14 13:34:04.464]
2023-08-14 13:34:04.464 TRACE 8668 --- [    Test worker] o.h.type.descriptor.sql.BasicBinder      : binding parameter [6] as [INTEGER] - [0]
2023-08-14 13:34:04.464 TRACE 8668 --- [    Test worker] o.h.type.descriptor.sql.BasicBinder      : binding parameter [7] as [VARCHAR] - [자바]
2023-08-14 13:34:04.464 TRACE 8668 --- [    Test worker] o.h.type.descriptor.sql.BasicBinder      : binding parameter [8] as [BIGINT] - [484]
2023-08-14 13:34:04.464 DEBUG 8668 --- [    Test worker] org.hibernate.SQL                        : 
    select
        nextval(post_seq)
Hibernate: 
    select
        nextval(post_seq)
2023-08-14 13:34:04.464 DEBUG 8668 --- [    Test worker] org.hibernate.SQL                        : 
    insert 
    into
        tb_post
        (board_id, post_content, post_create_date, post_title, post_update_date, post_view_count, post_writer, post_id) 
    values
        (?, ?, ?, ?, ?, ?, ?, ?)
Hibernate: 
    insert 
    into
        tb_post
        (board_id, post_content, post_create_date, post_title, post_update_date, post_view_count, post_writer, post_id) 
    values
        (?, ?, ?, ?, ?, ?, ?, ?)
2023-08-14 13:34:04.464 TRACE 8668 --- [    Test worker] o.h.type.descriptor.sql.BasicBinder      : binding parameter [1] as [BIGINT] - [1]
2023-08-14 13:34:04.464 TRACE 8668 --- [    Test worker] o.h.type.descriptor.sql.BasicBinder      : binding parameter [2] as [VARCHAR] - [DRXw7dtlA9]
2023-08-14 13:34:04.464 TRACE 8668 --- [    Test worker] o.h.type.descriptor.sql.BasicBinder      : binding parameter [3] as [TIMESTAMP] - [2023-08-14 13:34:04.464]
2023-08-14 13:34:04.464 TRACE 8668 --- [    Test worker] o.h.type.descriptor.sql.BasicBinder      : binding parameter [4] as [VARCHAR] - [테스트 글 제목 82]
2023-08-14 13:34:04.464 TRACE 8668 --- [    Test worker] o.h.type.descriptor.sql.BasicBinder      : binding parameter [5] as [TIMESTAMP] - [2023-08-14 13:34:04.464]
2023-08-14 13:34:04.464 TRACE 8668 --- [    Test worker] o.h.type.descriptor.sql.BasicBinder      : binding parameter [6] as [INTEGER] - [0]
2023-08-14 13:34:04.464 TRACE 8668 --- [    Test worker] o.h.type.descriptor.sql.BasicBinder      : binding parameter [7] as [VARCHAR] - [자바]
2023-08-14 13:34:04.464 TRACE 8668 --- [    Test worker] o.h.type.descriptor.sql.BasicBinder      : binding parameter [8] as [BIGINT] - [485]
2023-08-14 13:34:04.464 DEBUG 8668 --- [    Test worker] org.hibernate.SQL                        : 
    select
        nextval(post_seq)
Hibernate: 
    select
        nextval(post_seq)
2023-08-14 13:34:04.464 DEBUG 8668 --- [    Test worker] org.hibernate.SQL                        : 
    insert 
    into
        tb_post
        (board_id, post_content, post_create_date, post_title, post_update_date, post_view_count, post_writer, post_id) 
    values
        (?, ?, ?, ?, ?, ?, ?, ?)
Hibernate: 
    insert 
    into
        tb_post
        (board_id, post_content, post_create_date, post_title, post_update_date, post_view_count, post_writer, post_id) 
    values
        (?, ?, ?, ?, ?, ?, ?, ?)
2023-08-14 13:34:04.464 TRACE 8668 --- [    Test worker] o.h.type.descriptor.sql.BasicBinder      : binding parameter [1] as [BIGINT] - [1]
2023-08-14 13:34:04.464 TRACE 8668 --- [    Test worker] o.h.type.descriptor.sql.BasicBinder      : binding parameter [2] as [VARCHAR] - [wsvmzxZr4A]
2023-08-14 13:34:04.464 TRACE 8668 --- [    Test worker] o.h.type.descriptor.sql.BasicBinder      : binding parameter [3] as [TIMESTAMP] - [2023-08-14 13:34:04.464]
2023-08-14 13:34:04.464 TRACE 8668 --- [    Test worker] o.h.type.descriptor.sql.BasicBinder      : binding parameter [4] as [VARCHAR] - [테스트 글 제목 83]
2023-08-14 13:34:04.464 TRACE 8668 --- [    Test worker] o.h.type.descriptor.sql.BasicBinder      : binding parameter [5] as [TIMESTAMP] - [2023-08-14 13:34:04.464]
2023-08-14 13:34:04.464 TRACE 8668 --- [    Test worker] o.h.type.descriptor.sql.BasicBinder      : binding parameter [6] as [INTEGER] - [0]
2023-08-14 13:34:04.464 TRACE 8668 --- [    Test worker] o.h.type.descriptor.sql.BasicBinder      : binding parameter [7] as [VARCHAR] - [자바]
2023-08-14 13:34:04.464 TRACE 8668 --- [    Test worker] o.h.type.descriptor.sql.BasicBinder      : binding parameter [8] as [BIGINT] - [486]
2023-08-14 13:34:04.464 DEBUG 8668 --- [    Test worker] org.hibernate.SQL                        : 
    select
        nextval(post_seq)
Hibernate: 
    select
        nextval(post_seq)
2023-08-14 13:34:04.464 DEBUG 8668 --- [    Test worker] org.hibernate.SQL                        : 
    insert 
    into
        tb_post
        (board_id, post_content, post_create_date, post_title, post_update_date, post_view_count, post_writer, post_id) 
    values
        (?, ?, ?, ?, ?, ?, ?, ?)
Hibernate: 
    insert 
    into
        tb_post
        (board_id, post_content, post_create_date, post_title, post_update_date, post_view_count, post_writer, post_id) 
    values
        (?, ?, ?, ?, ?, ?, ?, ?)
2023-08-14 13:34:04.464 TRACE 8668 --- [    Test worker] o.h.type.descriptor.sql.BasicBinder      : binding parameter [1] as [BIGINT] - [1]
2023-08-14 13:34:04.464 TRACE 8668 --- [    Test worker] o.h.type.descriptor.sql.BasicBinder      : binding parameter [2] as [VARCHAR] - [y3MZj8JofD]
2023-08-14 13:34:04.464 TRACE 8668 --- [    Test worker] o.h.type.descriptor.sql.BasicBinder      : binding parameter [3] as [TIMESTAMP] - [2023-08-14 13:34:04.464]
2023-08-14 13:34:04.464 TRACE 8668 --- [    Test worker] o.h.type.descriptor.sql.BasicBinder      : binding parameter [4] as [VARCHAR] - [테스트 글 제목 84]
2023-08-14 13:34:04.464 TRACE 8668 --- [    Test worker] o.h.type.descriptor.sql.BasicBinder      : binding parameter [5] as [TIMESTAMP] - [2023-08-14 13:34:04.464]
2023-08-14 13:34:04.464 TRACE 8668 --- [    Test worker] o.h.type.descriptor.sql.BasicBinder      : binding parameter [6] as [INTEGER] - [0]
2023-08-14 13:34:04.464 TRACE 8668 --- [    Test worker] o.h.type.descriptor.sql.BasicBinder      : binding parameter [7] as [VARCHAR] - [자바]
2023-08-14 13:34:04.464 TRACE 8668 --- [    Test worker] o.h.type.descriptor.sql.BasicBinder      : binding parameter [8] as [BIGINT] - [487]
2023-08-14 13:34:04.464 DEBUG 8668 --- [    Test worker] org.hibernate.SQL                        : 
    select
        nextval(post_seq)
Hibernate: 
    select
        nextval(post_seq)
2023-08-14 13:34:04.464 DEBUG 8668 --- [    Test worker] org.hibernate.SQL                        : 
    insert 
    into
        tb_post
        (board_id, post_content, post_create_date, post_title, post_update_date, post_view_count, post_writer, post_id) 
    values
        (?, ?, ?, ?, ?, ?, ?, ?)
Hibernate: 
    insert 
    into
        tb_post
        (board_id, post_content, post_create_date, post_title, post_update_date, post_view_count, post_writer, post_id) 
    values
        (?, ?, ?, ?, ?, ?, ?, ?)
2023-08-14 13:34:04.464 TRACE 8668 --- [    Test worker] o.h.type.descriptor.sql.BasicBinder      : binding parameter [1] as [BIGINT] - [1]
2023-08-14 13:34:04.464 TRACE 8668 --- [    Test worker] o.h.type.descriptor.sql.BasicBinder      : binding parameter [2] as [VARCHAR] - [bOe8cNX7YV]
2023-08-14 13:34:04.464 TRACE 8668 --- [    Test worker] o.h.type.descriptor.sql.BasicBinder      : binding parameter [3] as [TIMESTAMP] - [2023-08-14 13:34:04.464]
2023-08-14 13:34:04.464 TRACE 8668 --- [    Test worker] o.h.type.descriptor.sql.BasicBinder      : binding parameter [4] as [VARCHAR] - [테스트 글 제목 85]
2023-08-14 13:34:04.464 TRACE 8668 --- [    Test worker] o.h.type.descriptor.sql.BasicBinder      : binding parameter [5] as [TIMESTAMP] - [2023-08-14 13:34:04.464]
2023-08-14 13:34:04.464 TRACE 8668 --- [    Test worker] o.h.type.descriptor.sql.BasicBinder      : binding parameter [6] as [INTEGER] - [0]
2023-08-14 13:34:04.464 TRACE 8668 --- [    Test worker] o.h.type.descriptor.sql.BasicBinder      : binding parameter [7] as [VARCHAR] - [자바]
2023-08-14 13:34:04.464 TRACE 8668 --- [    Test worker] o.h.type.descriptor.sql.BasicBinder      : binding parameter [8] as [BIGINT] - [488]
2023-08-14 13:34:04.464 DEBUG 8668 --- [    Test worker] org.hibernate.SQL                        : 
    select
        nextval(post_seq)
Hibernate: 
    select
        nextval(post_seq)
2023-08-14 13:34:04.464 DEBUG 8668 --- [    Test worker] org.hibernate.SQL                        : 
    insert 
    into
        tb_post
        (board_id, post_content, post_create_date, post_title, post_update_date, post_view_count, post_writer, post_id) 
    values
        (?, ?, ?, ?, ?, ?, ?, ?)
Hibernate: 
    insert 
    into
        tb_post
        (board_id, post_content, post_create_date, post_title, post_update_date, post_view_count, post_writer, post_id) 
    values
        (?, ?, ?, ?, ?, ?, ?, ?)
2023-08-14 13:34:04.464 TRACE 8668 --- [    Test worker] o.h.type.descriptor.sql.BasicBinder      : binding parameter [1] as [BIGINT] - [1]
2023-08-14 13:34:04.464 TRACE 8668 --- [    Test worker] o.h.type.descriptor.sql.BasicBinder      : binding parameter [2] as [VARCHAR] - [hH8jgAr1Ks]
2023-08-14 13:34:04.464 TRACE 8668 --- [    Test worker] o.h.type.descriptor.sql.BasicBinder      : binding parameter [3] as [TIMESTAMP] - [2023-08-14 13:34:04.464]
2023-08-14 13:34:04.464 TRACE 8668 --- [    Test worker] o.h.type.descriptor.sql.BasicBinder      : binding parameter [4] as [VARCHAR] - [테스트 글 제목 86]
2023-08-14 13:34:04.464 TRACE 8668 --- [    Test worker] o.h.type.descriptor.sql.BasicBinder      : binding parameter [5] as [TIMESTAMP] - [2023-08-14 13:34:04.464]
2023-08-14 13:34:04.464 TRACE 8668 --- [    Test worker] o.h.type.descriptor.sql.BasicBinder      : binding parameter [6] as [INTEGER] - [0]
2023-08-14 13:34:04.464 TRACE 8668 --- [    Test worker] o.h.type.descriptor.sql.BasicBinder      : binding parameter [7] as [VARCHAR] - [자바]
2023-08-14 13:34:04.464 TRACE 8668 --- [    Test worker] o.h.type.descriptor.sql.BasicBinder      : binding parameter [8] as [BIGINT] - [489]
2023-08-14 13:34:04.464 DEBUG 8668 --- [    Test worker] org.hibernate.SQL                        : 
    select
        nextval(post_seq)
Hibernate: 
    select
        nextval(post_seq)
2023-08-14 13:34:04.464 DEBUG 8668 --- [    Test worker] org.hibernate.SQL                        : 
    insert 
    into
        tb_post
        (board_id, post_content, post_create_date, post_title, post_update_date, post_view_count, post_writer, post_id) 
    values
        (?, ?, ?, ?, ?, ?, ?, ?)
Hibernate: 
    insert 
    into
        tb_post
        (board_id, post_content, post_create_date, post_title, post_update_date, post_view_count, post_writer, post_id) 
    values
        (?, ?, ?, ?, ?, ?, ?, ?)
2023-08-14 13:34:04.464 TRACE 8668 --- [    Test worker] o.h.type.descriptor.sql.BasicBinder      : binding parameter [1] as [BIGINT] - [1]
2023-08-14 13:34:04.464 TRACE 8668 --- [    Test worker] o.h.type.descriptor.sql.BasicBinder      : binding parameter [2] as [VARCHAR] - [wIa7XAyHmF]
2023-08-14 13:34:04.464 TRACE 8668 --- [    Test worker] o.h.type.descriptor.sql.BasicBinder      : binding parameter [3] as [TIMESTAMP] - [2023-08-14 13:34:04.464]
2023-08-14 13:34:04.464 TRACE 8668 --- [    Test worker] o.h.type.descriptor.sql.BasicBinder      : binding parameter [4] as [VARCHAR] - [테스트 글 제목 87]
2023-08-14 13:34:04.464 TRACE 8668 --- [    Test worker] o.h.type.descriptor.sql.BasicBinder      : binding parameter [5] as [TIMESTAMP] - [2023-08-14 13:34:04.464]
2023-08-14 13:34:04.464 TRACE 8668 --- [    Test worker] o.h.type.descriptor.sql.BasicBinder      : binding parameter [6] as [INTEGER] - [0]
2023-08-14 13:34:04.464 TRACE 8668 --- [    Test worker] o.h.type.descriptor.sql.BasicBinder      : binding parameter [7] as [VARCHAR] - [자바]
2023-08-14 13:34:04.464 TRACE 8668 --- [    Test worker] o.h.type.descriptor.sql.BasicBinder      : binding parameter [8] as [BIGINT] - [490]
2023-08-14 13:34:04.464 DEBUG 8668 --- [    Test worker] org.hibernate.SQL                        : 
    select
        nextval(post_seq)
Hibernate: 
    select
        nextval(post_seq)
2023-08-14 13:34:04.464 DEBUG 8668 --- [    Test worker] org.hibernate.SQL                        : 
    insert 
    into
        tb_post
        (board_id, post_content, post_create_date, post_title, post_update_date, post_view_count, post_writer, post_id) 
    values
        (?, ?, ?, ?, ?, ?, ?, ?)
Hibernate: 
    insert 
    into
        tb_post
        (board_id, post_content, post_create_date, post_title, post_update_date, post_view_count, post_writer, post_id) 
    values
        (?, ?, ?, ?, ?, ?, ?, ?)
2023-08-14 13:34:04.464 TRACE 8668 --- [    Test worker] o.h.type.descriptor.sql.BasicBinder      : binding parameter [1] as [BIGINT] - [1]
2023-08-14 13:34:04.464 TRACE 8668 --- [    Test worker] o.h.type.descriptor.sql.BasicBinder      : binding parameter [2] as [VARCHAR] - [gtBpWwEMb2]
2023-08-14 13:34:04.464 TRACE 8668 --- [    Test worker] o.h.type.descriptor.sql.BasicBinder      : binding parameter [3] as [TIMESTAMP] - [2023-08-14 13:34:04.464]
2023-08-14 13:34:04.464 TRACE 8668 --- [    Test worker] o.h.type.descriptor.sql.BasicBinder      : binding parameter [4] as [VARCHAR] - [테스트 글 제목 88]
2023-08-14 13:34:04.464 TRACE 8668 --- [    Test worker] o.h.type.descriptor.sql.BasicBinder      : binding parameter [5] as [TIMESTAMP] - [2023-08-14 13:34:04.464]
2023-08-14 13:34:04.464 TRACE 8668 --- [    Test worker] o.h.type.descriptor.sql.BasicBinder      : binding parameter [6] as [INTEGER] - [0]
2023-08-14 13:34:04.464 TRACE 8668 --- [    Test worker] o.h.type.descriptor.sql.BasicBinder      : binding parameter [7] as [VARCHAR] - [자바]
2023-08-14 13:34:04.464 TRACE 8668 --- [    Test worker] o.h.type.descriptor.sql.BasicBinder      : binding parameter [8] as [BIGINT] - [491]
2023-08-14 13:34:04.464 DEBUG 8668 --- [    Test worker] org.hibernate.SQL                        : 
    select
        nextval(post_seq)
Hibernate: 
    select
        nextval(post_seq)
2023-08-14 13:34:04.464 DEBUG 8668 --- [    Test worker] org.hibernate.SQL                        : 
    insert 
    into
        tb_post
        (board_id, post_content, post_create_date, post_title, post_update_date, post_view_count, post_writer, post_id) 
    values
        (?, ?, ?, ?, ?, ?, ?, ?)
Hibernate: 
    insert 
    into
        tb_post
        (board_id, post_content, post_create_date, post_title, post_update_date, post_view_count, post_writer, post_id) 
    values
        (?, ?, ?, ?, ?, ?, ?, ?)
2023-08-14 13:34:04.464 TRACE 8668 --- [    Test worker] o.h.type.descriptor.sql.BasicBinder      : binding parameter [1] as [BIGINT] - [1]
2023-08-14 13:34:04.464 TRACE 8668 --- [    Test worker] o.h.type.descriptor.sql.BasicBinder      : binding parameter [2] as [VARCHAR] - [Ii0Bans22z]
2023-08-14 13:34:04.464 TRACE 8668 --- [    Test worker] o.h.type.descriptor.sql.BasicBinder      : binding parameter [3] as [TIMESTAMP] - [2023-08-14 13:34:04.464]
2023-08-14 13:34:04.464 TRACE 8668 --- [    Test worker] o.h.type.descriptor.sql.BasicBinder      : binding parameter [4] as [VARCHAR] - [테스트 글 제목 89]
2023-08-14 13:34:04.464 TRACE 8668 --- [    Test worker] o.h.type.descriptor.sql.BasicBinder      : binding parameter [5] as [TIMESTAMP] - [2023-08-14 13:34:04.464]
2023-08-14 13:34:04.464 TRACE 8668 --- [    Test worker] o.h.type.descriptor.sql.BasicBinder      : binding parameter [6] as [INTEGER] - [0]
2023-08-14 13:34:04.464 TRACE 8668 --- [    Test worker] o.h.type.descriptor.sql.BasicBinder      : binding parameter [7] as [VARCHAR] - [자바]
2023-08-14 13:34:04.464 TRACE 8668 --- [    Test worker] o.h.type.descriptor.sql.BasicBinder      : binding parameter [8] as [BIGINT] - [492]
2023-08-14 13:34:04.464 DEBUG 8668 --- [    Test worker] org.hibernate.SQL                        : 
    select
        nextval(post_seq)
Hibernate: 
    select
        nextval(post_seq)
2023-08-14 13:34:04.464 DEBUG 8668 --- [    Test worker] org.hibernate.SQL                        : 
    insert 
    into
        tb_post
        (board_id, post_content, post_create_date, post_title, post_update_date, post_view_count, post_writer, post_id) 
    values
        (?, ?, ?, ?, ?, ?, ?, ?)
Hibernate: 
    insert 
    into
        tb_post
        (board_id, post_content, post_create_date, post_title, post_update_date, post_view_count, post_writer, post_id) 
    values
        (?, ?, ?, ?, ?, ?, ?, ?)
2023-08-14 13:34:04.464 TRACE 8668 --- [    Test worker] o.h.type.descriptor.sql.BasicBinder      : binding parameter [1] as [BIGINT] - [1]
2023-08-14 13:34:04.464 TRACE 8668 --- [    Test worker] o.h.type.descriptor.sql.BasicBinder      : binding parameter [2] as [VARCHAR] - [yHP1tyIlvr]
2023-08-14 13:34:04.464 TRACE 8668 --- [    Test worker] o.h.type.descriptor.sql.BasicBinder      : binding parameter [3] as [TIMESTAMP] - [2023-08-14 13:34:04.464]
2023-08-14 13:34:04.464 TRACE 8668 --- [    Test worker] o.h.type.descriptor.sql.BasicBinder      : binding parameter [4] as [VARCHAR] - [테스트 글 제목 90]
2023-08-14 13:34:04.464 TRACE 8668 --- [    Test worker] o.h.type.descriptor.sql.BasicBinder      : binding parameter [5] as [TIMESTAMP] - [2023-08-14 13:34:04.464]
2023-08-14 13:34:04.464 TRACE 8668 --- [    Test worker] o.h.type.descriptor.sql.BasicBinder      : binding parameter [6] as [INTEGER] - [0]
2023-08-14 13:34:04.464 TRACE 8668 --- [    Test worker] o.h.type.descriptor.sql.BasicBinder      : binding parameter [7] as [VARCHAR] - [자바]
2023-08-14 13:34:04.464 TRACE 8668 --- [    Test worker] o.h.type.descriptor.sql.BasicBinder      : binding parameter [8] as [BIGINT] - [493]
2023-08-14 13:34:04.464 DEBUG 8668 --- [    Test worker] org.hibernate.SQL                        : 
    select
        nextval(post_seq)
Hibernate: 
    select
        nextval(post_seq)
2023-08-14 13:34:04.464 DEBUG 8668 --- [    Test worker] org.hibernate.SQL                        : 
    insert 
    into
        tb_post
        (board_id, post_content, post_create_date, post_title, post_update_date, post_view_count, post_writer, post_id) 
    values
        (?, ?, ?, ?, ?, ?, ?, ?)
Hibernate: 
    insert 
    into
        tb_post
        (board_id, post_content, post_create_date, post_title, post_update_date, post_view_count, post_writer, post_id) 
    values
        (?, ?, ?, ?, ?, ?, ?, ?)
2023-08-14 13:34:04.464 TRACE 8668 --- [    Test worker] o.h.type.descriptor.sql.BasicBinder      : binding parameter [1] as [BIGINT] - [1]
2023-08-14 13:34:04.464 TRACE 8668 --- [    Test worker] o.h.type.descriptor.sql.BasicBinder      : binding parameter [2] as [VARCHAR] - [SH8RvLAF1G]
2023-08-14 13:34:04.464 TRACE 8668 --- [    Test worker] o.h.type.descriptor.sql.BasicBinder      : binding parameter [3] as [TIMESTAMP] - [2023-08-14 13:34:04.464]
2023-08-14 13:34:04.464 TRACE 8668 --- [    Test worker] o.h.type.descriptor.sql.BasicBinder      : binding parameter [4] as [VARCHAR] - [테스트 글 제목 91]
2023-08-14 13:34:04.464 TRACE 8668 --- [    Test worker] o.h.type.descriptor.sql.BasicBinder      : binding parameter [5] as [TIMESTAMP] - [2023-08-14 13:34:04.464]
2023-08-14 13:34:04.464 TRACE 8668 --- [    Test worker] o.h.type.descriptor.sql.BasicBinder      : binding parameter [6] as [INTEGER] - [0]
2023-08-14 13:34:04.464 TRACE 8668 --- [    Test worker] o.h.type.descriptor.sql.BasicBinder      : binding parameter [7] as [VARCHAR] - [자바]
2023-08-14 13:34:04.464 TRACE 8668 --- [    Test worker] o.h.type.descriptor.sql.BasicBinder      : binding parameter [8] as [BIGINT] - [494]
2023-08-14 13:34:04.480 DEBUG 8668 --- [    Test worker] org.hibernate.SQL                        : 
    select
        nextval(post_seq)
Hibernate: 
    select
        nextval(post_seq)
2023-08-14 13:34:04.480 DEBUG 8668 --- [    Test worker] org.hibernate.SQL                        : 
    insert 
    into
        tb_post
        (board_id, post_content, post_create_date, post_title, post_update_date, post_view_count, post_writer, post_id) 
    values
        (?, ?, ?, ?, ?, ?, ?, ?)
Hibernate: 
    insert 
    into
        tb_post
        (board_id, post_content, post_create_date, post_title, post_update_date, post_view_count, post_writer, post_id) 
    values
        (?, ?, ?, ?, ?, ?, ?, ?)
2023-08-14 13:34:04.480 TRACE 8668 --- [    Test worker] o.h.type.descriptor.sql.BasicBinder      : binding parameter [1] as [BIGINT] - [1]
2023-08-14 13:34:04.480 TRACE 8668 --- [    Test worker] o.h.type.descriptor.sql.BasicBinder      : binding parameter [2] as [VARCHAR] - [efArCaEAf4]
2023-08-14 13:34:04.480 TRACE 8668 --- [    Test worker] o.h.type.descriptor.sql.BasicBinder      : binding parameter [3] as [TIMESTAMP] - [2023-08-14 13:34:04.48]
2023-08-14 13:34:04.480 TRACE 8668 --- [    Test worker] o.h.type.descriptor.sql.BasicBinder      : binding parameter [4] as [VARCHAR] - [테스트 글 제목 92]
2023-08-14 13:34:04.480 TRACE 8668 --- [    Test worker] o.h.type.descriptor.sql.BasicBinder      : binding parameter [5] as [TIMESTAMP] - [2023-08-14 13:34:04.48]
2023-08-14 13:34:04.480 TRACE 8668 --- [    Test worker] o.h.type.descriptor.sql.BasicBinder      : binding parameter [6] as [INTEGER] - [0]
2023-08-14 13:34:04.480 TRACE 8668 --- [    Test worker] o.h.type.descriptor.sql.BasicBinder      : binding parameter [7] as [VARCHAR] - [자바]
2023-08-14 13:34:04.480 TRACE 8668 --- [    Test worker] o.h.type.descriptor.sql.BasicBinder      : binding parameter [8] as [BIGINT] - [495]
2023-08-14 13:34:04.480 DEBUG 8668 --- [    Test worker] org.hibernate.SQL                        : 
    select
        nextval(post_seq)
Hibernate: 
    select
        nextval(post_seq)
2023-08-14 13:34:04.480 DEBUG 8668 --- [    Test worker] org.hibernate.SQL                        : 
    insert 
    into
        tb_post
        (board_id, post_content, post_create_date, post_title, post_update_date, post_view_count, post_writer, post_id) 
    values
        (?, ?, ?, ?, ?, ?, ?, ?)
Hibernate: 
    insert 
    into
        tb_post
        (board_id, post_content, post_create_date, post_title, post_update_date, post_view_count, post_writer, post_id) 
    values
        (?, ?, ?, ?, ?, ?, ?, ?)
2023-08-14 13:34:04.480 TRACE 8668 --- [    Test worker] o.h.type.descriptor.sql.BasicBinder      : binding parameter [1] as [BIGINT] - [1]
2023-08-14 13:34:04.480 TRACE 8668 --- [    Test worker] o.h.type.descriptor.sql.BasicBinder      : binding parameter [2] as [VARCHAR] - [zDVtRrLBop]
2023-08-14 13:34:04.480 TRACE 8668 --- [    Test worker] o.h.type.descriptor.sql.BasicBinder      : binding parameter [3] as [TIMESTAMP] - [2023-08-14 13:34:04.48]
2023-08-14 13:34:04.480 TRACE 8668 --- [    Test worker] o.h.type.descriptor.sql.BasicBinder      : binding parameter [4] as [VARCHAR] - [테스트 글 제목 93]
2023-08-14 13:34:04.480 TRACE 8668 --- [    Test worker] o.h.type.descriptor.sql.BasicBinder      : binding parameter [5] as [TIMESTAMP] - [2023-08-14 13:34:04.48]
2023-08-14 13:34:04.480 TRACE 8668 --- [    Test worker] o.h.type.descriptor.sql.BasicBinder      : binding parameter [6] as [INTEGER] - [0]
2023-08-14 13:34:04.480 TRACE 8668 --- [    Test worker] o.h.type.descriptor.sql.BasicBinder      : binding parameter [7] as [VARCHAR] - [자바]
2023-08-14 13:34:04.480 TRACE 8668 --- [    Test worker] o.h.type.descriptor.sql.BasicBinder      : binding parameter [8] as [BIGINT] - [496]
2023-08-14 13:34:04.480 DEBUG 8668 --- [    Test worker] org.hibernate.SQL                        : 
    select
        nextval(post_seq)
Hibernate: 
    select
        nextval(post_seq)
2023-08-14 13:34:04.480 DEBUG 8668 --- [    Test worker] org.hibernate.SQL                        : 
    insert 
    into
        tb_post
        (board_id, post_content, post_create_date, post_title, post_update_date, post_view_count, post_writer, post_id) 
    values
        (?, ?, ?, ?, ?, ?, ?, ?)
Hibernate: 
    insert 
    into
        tb_post
        (board_id, post_content, post_create_date, post_title, post_update_date, post_view_count, post_writer, post_id) 
    values
        (?, ?, ?, ?, ?, ?, ?, ?)
2023-08-14 13:34:04.480 TRACE 8668 --- [    Test worker] o.h.type.descriptor.sql.BasicBinder      : binding parameter [1] as [BIGINT] - [1]
2023-08-14 13:34:04.480 TRACE 8668 --- [    Test worker] o.h.type.descriptor.sql.BasicBinder      : binding parameter [2] as [VARCHAR] - [vrnpmZ7g8t]
2023-08-14 13:34:04.480 TRACE 8668 --- [    Test worker] o.h.type.descriptor.sql.BasicBinder      : binding parameter [3] as [TIMESTAMP] - [2023-08-14 13:34:04.48]
2023-08-14 13:34:04.480 TRACE 8668 --- [    Test worker] o.h.type.descriptor.sql.BasicBinder      : binding parameter [4] as [VARCHAR] - [테스트 글 제목 94]
2023-08-14 13:34:04.480 TRACE 8668 --- [    Test worker] o.h.type.descriptor.sql.BasicBinder      : binding parameter [5] as [TIMESTAMP] - [2023-08-14 13:34:04.48]
2023-08-14 13:34:04.480 TRACE 8668 --- [    Test worker] o.h.type.descriptor.sql.BasicBinder      : binding parameter [6] as [INTEGER] - [0]
2023-08-14 13:34:04.480 TRACE 8668 --- [    Test worker] o.h.type.descriptor.sql.BasicBinder      : binding parameter [7] as [VARCHAR] - [자바]
2023-08-14 13:34:04.480 TRACE 8668 --- [    Test worker] o.h.type.descriptor.sql.BasicBinder      : binding parameter [8] as [BIGINT] - [497]
2023-08-14 13:34:04.480 DEBUG 8668 --- [    Test worker] org.hibernate.SQL                        : 
    select
        nextval(post_seq)
Hibernate: 
    select
        nextval(post_seq)
2023-08-14 13:34:04.480 DEBUG 8668 --- [    Test worker] org.hibernate.SQL                        : 
    insert 
    into
        tb_post
        (board_id, post_content, post_create_date, post_title, post_update_date, post_view_count, post_writer, post_id) 
    values
        (?, ?, ?, ?, ?, ?, ?, ?)
Hibernate: 
    insert 
    into
        tb_post
        (board_id, post_content, post_create_date, post_title, post_update_date, post_view_count, post_writer, post_id) 
    values
        (?, ?, ?, ?, ?, ?, ?, ?)
2023-08-14 13:34:04.480 TRACE 8668 --- [    Test worker] o.h.type.descriptor.sql.BasicBinder      : binding parameter [1] as [BIGINT] - [1]
2023-08-14 13:34:04.480 TRACE 8668 --- [    Test worker] o.h.type.descriptor.sql.BasicBinder      : binding parameter [2] as [VARCHAR] - [LSoX8XQHoV]
2023-08-14 13:34:04.480 TRACE 8668 --- [    Test worker] o.h.type.descriptor.sql.BasicBinder      : binding parameter [3] as [TIMESTAMP] - [2023-08-14 13:34:04.48]
2023-08-14 13:34:04.480 TRACE 8668 --- [    Test worker] o.h.type.descriptor.sql.BasicBinder      : binding parameter [4] as [VARCHAR] - [테스트 글 제목 95]
2023-08-14 13:34:04.480 TRACE 8668 --- [    Test worker] o.h.type.descriptor.sql.BasicBinder      : binding parameter [5] as [TIMESTAMP] - [2023-08-14 13:34:04.48]
2023-08-14 13:34:04.480 TRACE 8668 --- [    Test worker] o.h.type.descriptor.sql.BasicBinder      : binding parameter [6] as [INTEGER] - [0]
2023-08-14 13:34:04.480 TRACE 8668 --- [    Test worker] o.h.type.descriptor.sql.BasicBinder      : binding parameter [7] as [VARCHAR] - [자바]
2023-08-14 13:34:04.480 TRACE 8668 --- [    Test worker] o.h.type.descriptor.sql.BasicBinder      : binding parameter [8] as [BIGINT] - [498]
2023-08-14 13:34:04.480 DEBUG 8668 --- [    Test worker] org.hibernate.SQL                        : 
    select
        nextval(post_seq)
Hibernate: 
    select
        nextval(post_seq)
2023-08-14 13:34:04.480 DEBUG 8668 --- [    Test worker] org.hibernate.SQL                        : 
    insert 
    into
        tb_post
        (board_id, post_content, post_create_date, post_title, post_update_date, post_view_count, post_writer, post_id) 
    values
        (?, ?, ?, ?, ?, ?, ?, ?)
Hibernate: 
    insert 
    into
        tb_post
        (board_id, post_content, post_create_date, post_title, post_update_date, post_view_count, post_writer, post_id) 
    values
        (?, ?, ?, ?, ?, ?, ?, ?)
2023-08-14 13:34:04.480 TRACE 8668 --- [    Test worker] o.h.type.descriptor.sql.BasicBinder      : binding parameter [1] as [BIGINT] - [1]
2023-08-14 13:34:04.480 TRACE 8668 --- [    Test worker] o.h.type.descriptor.sql.BasicBinder      : binding parameter [2] as [VARCHAR] - [5DySQSBAES]
2023-08-14 13:34:04.480 TRACE 8668 --- [    Test worker] o.h.type.descriptor.sql.BasicBinder      : binding parameter [3] as [TIMESTAMP] - [2023-08-14 13:34:04.48]
2023-08-14 13:34:04.480 TRACE 8668 --- [    Test worker] o.h.type.descriptor.sql.BasicBinder      : binding parameter [4] as [VARCHAR] - [테스트 글 제목 96]
2023-08-14 13:34:04.480 TRACE 8668 --- [    Test worker] o.h.type.descriptor.sql.BasicBinder      : binding parameter [5] as [TIMESTAMP] - [2023-08-14 13:34:04.48]
2023-08-14 13:34:04.480 TRACE 8668 --- [    Test worker] o.h.type.descriptor.sql.BasicBinder      : binding parameter [6] as [INTEGER] - [0]
2023-08-14 13:34:04.480 TRACE 8668 --- [    Test worker] o.h.type.descriptor.sql.BasicBinder      : binding parameter [7] as [VARCHAR] - [자바]
2023-08-14 13:34:04.480 TRACE 8668 --- [    Test worker] o.h.type.descriptor.sql.BasicBinder      : binding parameter [8] as [BIGINT] - [499]
2023-08-14 13:34:04.480 DEBUG 8668 --- [    Test worker] org.hibernate.SQL                        : 
    select
        nextval(post_seq)
Hibernate: 
    select
        nextval(post_seq)
2023-08-14 13:34:04.480 DEBUG 8668 --- [    Test worker] org.hibernate.SQL                        : 
    insert 
    into
        tb_post
        (board_id, post_content, post_create_date, post_title, post_update_date, post_view_count, post_writer, post_id) 
    values
        (?, ?, ?, ?, ?, ?, ?, ?)
Hibernate: 
    insert 
    into
        tb_post
        (board_id, post_content, post_create_date, post_title, post_update_date, post_view_count, post_writer, post_id) 
    values
        (?, ?, ?, ?, ?, ?, ?, ?)
2023-08-14 13:34:04.480 TRACE 8668 --- [    Test worker] o.h.type.descriptor.sql.BasicBinder      : binding parameter [1] as [BIGINT] - [1]
2023-08-14 13:34:04.480 TRACE 8668 --- [    Test worker] o.h.type.descriptor.sql.BasicBinder      : binding parameter [2] as [VARCHAR] - [LecYoErE81]
2023-08-14 13:34:04.480 TRACE 8668 --- [    Test worker] o.h.type.descriptor.sql.BasicBinder      : binding parameter [3] as [TIMESTAMP] - [2023-08-14 13:34:04.48]
2023-08-14 13:34:04.480 TRACE 8668 --- [    Test worker] o.h.type.descriptor.sql.BasicBinder      : binding parameter [4] as [VARCHAR] - [테스트 글 제목 97]
2023-08-14 13:34:04.480 TRACE 8668 --- [    Test worker] o.h.type.descriptor.sql.BasicBinder      : binding parameter [5] as [TIMESTAMP] - [2023-08-14 13:34:04.48]
2023-08-14 13:34:04.480 TRACE 8668 --- [    Test worker] o.h.type.descriptor.sql.BasicBinder      : binding parameter [6] as [INTEGER] - [0]
2023-08-14 13:34:04.480 TRACE 8668 --- [    Test worker] o.h.type.descriptor.sql.BasicBinder      : binding parameter [7] as [VARCHAR] - [자바]
2023-08-14 13:34:04.480 TRACE 8668 --- [    Test worker] o.h.type.descriptor.sql.BasicBinder      : binding parameter [8] as [BIGINT] - [500]
2023-08-14 13:34:04.480 DEBUG 8668 --- [    Test worker] org.hibernate.SQL                        : 
    select
        nextval(post_seq)
Hibernate: 
    select
        nextval(post_seq)
2023-08-14 13:34:04.480 DEBUG 8668 --- [    Test worker] org.hibernate.SQL                        : 
    insert 
    into
        tb_post
        (board_id, post_content, post_create_date, post_title, post_update_date, post_view_count, post_writer, post_id) 
    values
        (?, ?, ?, ?, ?, ?, ?, ?)
Hibernate: 
    insert 
    into
        tb_post
        (board_id, post_content, post_create_date, post_title, post_update_date, post_view_count, post_writer, post_id) 
    values
        (?, ?, ?, ?, ?, ?, ?, ?)
2023-08-14 13:34:04.480 TRACE 8668 --- [    Test worker] o.h.type.descriptor.sql.BasicBinder      : binding parameter [1] as [BIGINT] - [1]
2023-08-14 13:34:04.480 TRACE 8668 --- [    Test worker] o.h.type.descriptor.sql.BasicBinder      : binding parameter [2] as [VARCHAR] - [l3QoBdWVvL]
2023-08-14 13:34:04.480 TRACE 8668 --- [    Test worker] o.h.type.descriptor.sql.BasicBinder      : binding parameter [3] as [TIMESTAMP] - [2023-08-14 13:34:04.48]
2023-08-14 13:34:04.480 TRACE 8668 --- [    Test worker] o.h.type.descriptor.sql.BasicBinder      : binding parameter [4] as [VARCHAR] - [테스트 글 제목 98]
2023-08-14 13:34:04.480 TRACE 8668 --- [    Test worker] o.h.type.descriptor.sql.BasicBinder      : binding parameter [5] as [TIMESTAMP] - [2023-08-14 13:34:04.48]
2023-08-14 13:34:04.480 TRACE 8668 --- [    Test worker] o.h.type.descriptor.sql.BasicBinder      : binding parameter [6] as [INTEGER] - [0]
2023-08-14 13:34:04.480 TRACE 8668 --- [    Test worker] o.h.type.descriptor.sql.BasicBinder      : binding parameter [7] as [VARCHAR] - [자바]
2023-08-14 13:34:04.480 TRACE 8668 --- [    Test worker] o.h.type.descriptor.sql.BasicBinder      : binding parameter [8] as [BIGINT] - [501]
2023-08-14 13:34:04.480 DEBUG 8668 --- [    Test worker] org.hibernate.SQL                        : 
    select
        nextval(post_seq)
Hibernate: 
    select
        nextval(post_seq)
2023-08-14 13:34:04.480 DEBUG 8668 --- [    Test worker] org.hibernate.SQL                        : 
    insert 
    into
        tb_post
        (board_id, post_content, post_create_date, post_title, post_update_date, post_view_count, post_writer, post_id) 
    values
        (?, ?, ?, ?, ?, ?, ?, ?)
Hibernate: 
    insert 
    into
        tb_post
        (board_id, post_content, post_create_date, post_title, post_update_date, post_view_count, post_writer, post_id) 
    values
        (?, ?, ?, ?, ?, ?, ?, ?)
2023-08-14 13:34:04.480 TRACE 8668 --- [    Test worker] o.h.type.descriptor.sql.BasicBinder      : binding parameter [1] as [BIGINT] - [1]
2023-08-14 13:34:04.480 TRACE 8668 --- [    Test worker] o.h.type.descriptor.sql.BasicBinder      : binding parameter [2] as [VARCHAR] - [1nfLlbtT8o]
2023-08-14 13:34:04.480 TRACE 8668 --- [    Test worker] o.h.type.descriptor.sql.BasicBinder      : binding parameter [3] as [TIMESTAMP] - [2023-08-14 13:34:04.48]
2023-08-14 13:34:04.480 TRACE 8668 --- [    Test worker] o.h.type.descriptor.sql.BasicBinder      : binding parameter [4] as [VARCHAR] - [테스트 글 제목 99]
2023-08-14 13:34:04.480 TRACE 8668 --- [    Test worker] o.h.type.descriptor.sql.BasicBinder      : binding parameter [5] as [TIMESTAMP] - [2023-08-14 13:34:04.48]
2023-08-14 13:34:04.480 TRACE 8668 --- [    Test worker] o.h.type.descriptor.sql.BasicBinder      : binding parameter [6] as [INTEGER] - [0]
2023-08-14 13:34:04.480 TRACE 8668 --- [    Test worker] o.h.type.descriptor.sql.BasicBinder      : binding parameter [7] as [VARCHAR] - [자바]
2023-08-14 13:34:04.480 TRACE 8668 --- [    Test worker] o.h.type.descriptor.sql.BasicBinder      : binding parameter [8] as [BIGINT] - [502]
2023-08-14 13:34:04.480 DEBUG 8668 --- [    Test worker] org.hibernate.SQL                        : 
    select
        nextval(post_seq)
Hibernate: 
    select
        nextval(post_seq)
2023-08-14 13:34:04.480 DEBUG 8668 --- [    Test worker] org.hibernate.SQL                        : 
    insert 
    into
        tb_post
        (board_id, post_content, post_create_date, post_title, post_update_date, post_view_count, post_writer, post_id) 
    values
        (?, ?, ?, ?, ?, ?, ?, ?)
Hibernate: 
    insert 
    into
        tb_post
        (board_id, post_content, post_create_date, post_title, post_update_date, post_view_count, post_writer, post_id) 
    values
        (?, ?, ?, ?, ?, ?, ?, ?)
2023-08-14 13:34:04.480 TRACE 8668 --- [    Test worker] o.h.type.descriptor.sql.BasicBinder      : binding parameter [1] as [BIGINT] - [1]
2023-08-14 13:34:04.480 TRACE 8668 --- [    Test worker] o.h.type.descriptor.sql.BasicBinder      : binding parameter [2] as [VARCHAR] - [WKNDWQnQop]
2023-08-14 13:34:04.480 TRACE 8668 --- [    Test worker] o.h.type.descriptor.sql.BasicBinder      : binding parameter [3] as [TIMESTAMP] - [2023-08-14 13:34:04.48]
2023-08-14 13:34:04.480 TRACE 8668 --- [    Test worker] o.h.type.descriptor.sql.BasicBinder      : binding parameter [4] as [VARCHAR] - [테스트 글 제목 100]
2023-08-14 13:34:04.480 TRACE 8668 --- [    Test worker] o.h.type.descriptor.sql.BasicBinder      : binding parameter [5] as [TIMESTAMP] - [2023-08-14 13:34:04.48]
2023-08-14 13:34:04.480 TRACE 8668 --- [    Test worker] o.h.type.descriptor.sql.BasicBinder      : binding parameter [6] as [INTEGER] - [0]
2023-08-14 13:34:04.480 TRACE 8668 --- [    Test worker] o.h.type.descriptor.sql.BasicBinder      : binding parameter [7] as [VARCHAR] - [자바]
2023-08-14 13:34:04.480 TRACE 8668 --- [    Test worker] o.h.type.descriptor.sql.BasicBinder      : binding parameter [8] as [BIGINT] - [503]
2023-08-14 13:34:04.480 DEBUG 8668 --- [    Test worker] org.hibernate.SQL                        : 
    select
        nextval(post_seq)
Hibernate: 
    select
        nextval(post_seq)
2023-08-14 13:34:04.480 DEBUG 8668 --- [    Test worker] org.hibernate.SQL                        : 
    insert 
    into
        tb_post
        (board_id, post_content, post_create_date, post_title, post_update_date, post_view_count, post_writer, post_id) 
    values
        (?, ?, ?, ?, ?, ?, ?, ?)
Hibernate: 
    insert 
    into
        tb_post
        (board_id, post_content, post_create_date, post_title, post_update_date, post_view_count, post_writer, post_id) 
    values
        (?, ?, ?, ?, ?, ?, ?, ?)
2023-08-14 13:34:04.480 TRACE 8668 --- [    Test worker] o.h.type.descriptor.sql.BasicBinder      : binding parameter [1] as [BIGINT] - [1]
2023-08-14 13:34:04.480 TRACE 8668 --- [    Test worker] o.h.type.descriptor.sql.BasicBinder      : binding parameter [2] as [VARCHAR] - [cfm1BlF0fU]
2023-08-14 13:34:04.480 TRACE 8668 --- [    Test worker] o.h.type.descriptor.sql.BasicBinder      : binding parameter [3] as [TIMESTAMP] - [2023-08-14 13:34:04.48]
2023-08-14 13:34:04.480 TRACE 8668 --- [    Test worker] o.h.type.descriptor.sql.BasicBinder      : binding parameter [4] as [VARCHAR] - [테스트 글 제목 101]
2023-08-14 13:34:04.480 TRACE 8668 --- [    Test worker] o.h.type.descriptor.sql.BasicBinder      : binding parameter [5] as [TIMESTAMP] - [2023-08-14 13:34:04.48]
2023-08-14 13:34:04.480 TRACE 8668 --- [    Test worker] o.h.type.descriptor.sql.BasicBinder      : binding parameter [6] as [INTEGER] - [0]
2023-08-14 13:34:04.480 TRACE 8668 --- [    Test worker] o.h.type.descriptor.sql.BasicBinder      : binding parameter [7] as [VARCHAR] - [자바]
2023-08-14 13:34:04.480 TRACE 8668 --- [    Test worker] o.h.type.descriptor.sql.BasicBinder      : binding parameter [8] as [BIGINT] - [504]
2023-08-14 13:34:04.480 DEBUG 8668 --- [    Test worker] org.hibernate.SQL                        : 
    select
        nextval(post_seq)
Hibernate: 
    select
        nextval(post_seq)
2023-08-14 13:34:04.480 DEBUG 8668 --- [    Test worker] org.hibernate.SQL                        : 
    insert 
    into
        tb_post
        (board_id, post_content, post_create_date, post_title, post_update_date, post_view_count, post_writer, post_id) 
    values
        (?, ?, ?, ?, ?, ?, ?, ?)
Hibernate: 
    insert 
    into
        tb_post
        (board_id, post_content, post_create_date, post_title, post_update_date, post_view_count, post_writer, post_id) 
    values
        (?, ?, ?, ?, ?, ?, ?, ?)
2023-08-14 13:34:04.480 TRACE 8668 --- [    Test worker] o.h.type.descriptor.sql.BasicBinder      : binding parameter [1] as [BIGINT] - [1]
2023-08-14 13:34:04.480 TRACE 8668 --- [    Test worker] o.h.type.descriptor.sql.BasicBinder      : binding parameter [2] as [VARCHAR] - [Gy91E2zms3]
2023-08-14 13:34:04.480 TRACE 8668 --- [    Test worker] o.h.type.descriptor.sql.BasicBinder      : binding parameter [3] as [TIMESTAMP] - [2023-08-14 13:34:04.48]
2023-08-14 13:34:04.480 TRACE 8668 --- [    Test worker] o.h.type.descriptor.sql.BasicBinder      : binding parameter [4] as [VARCHAR] - [테스트 글 제목 102]
2023-08-14 13:34:04.480 TRACE 8668 --- [    Test worker] o.h.type.descriptor.sql.BasicBinder      : binding parameter [5] as [TIMESTAMP] - [2023-08-14 13:34:04.48]
2023-08-14 13:34:04.480 TRACE 8668 --- [    Test worker] o.h.type.descriptor.sql.BasicBinder      : binding parameter [6] as [INTEGER] - [0]
2023-08-14 13:34:04.480 TRACE 8668 --- [    Test worker] o.h.type.descriptor.sql.BasicBinder      : binding parameter [7] as [VARCHAR] - [자바]
2023-08-14 13:34:04.480 TRACE 8668 --- [    Test worker] o.h.type.descriptor.sql.BasicBinder      : binding parameter [8] as [BIGINT] - [505]
2023-08-14 13:34:04.496 DEBUG 8668 --- [    Test worker] org.hibernate.SQL                        : 
    select
        nextval(post_seq)
Hibernate: 
    select
        nextval(post_seq)
2023-08-14 13:34:04.496 DEBUG 8668 --- [    Test worker] org.hibernate.SQL                        : 
    insert 
    into
        tb_post
        (board_id, post_content, post_create_date, post_title, post_update_date, post_view_count, post_writer, post_id) 
    values
        (?, ?, ?, ?, ?, ?, ?, ?)
Hibernate: 
    insert 
    into
        tb_post
        (board_id, post_content, post_create_date, post_title, post_update_date, post_view_count, post_writer, post_id) 
    values
        (?, ?, ?, ?, ?, ?, ?, ?)
2023-08-14 13:34:04.496 TRACE 8668 --- [    Test worker] o.h.type.descriptor.sql.BasicBinder      : binding parameter [1] as [BIGINT] - [1]
2023-08-14 13:34:04.496 TRACE 8668 --- [    Test worker] o.h.type.descriptor.sql.BasicBinder      : binding parameter [2] as [VARCHAR] - [jzJ6Vk7n4U]
2023-08-14 13:34:04.496 TRACE 8668 --- [    Test worker] o.h.type.descriptor.sql.BasicBinder      : binding parameter [3] as [TIMESTAMP] - [2023-08-14 13:34:04.496]
2023-08-14 13:34:04.496 TRACE 8668 --- [    Test worker] o.h.type.descriptor.sql.BasicBinder      : binding parameter [4] as [VARCHAR] - [테스트 글 제목 103]
2023-08-14 13:34:04.496 TRACE 8668 --- [    Test worker] o.h.type.descriptor.sql.BasicBinder      : binding parameter [5] as [TIMESTAMP] - [2023-08-14 13:34:04.496]
2023-08-14 13:34:04.496 TRACE 8668 --- [    Test worker] o.h.type.descriptor.sql.BasicBinder      : binding parameter [6] as [INTEGER] - [0]
2023-08-14 13:34:04.496 TRACE 8668 --- [    Test worker] o.h.type.descriptor.sql.BasicBinder      : binding parameter [7] as [VARCHAR] - [자바]
2023-08-14 13:34:04.496 TRACE 8668 --- [    Test worker] o.h.type.descriptor.sql.BasicBinder      : binding parameter [8] as [BIGINT] - [506]
2023-08-14 13:34:04.496 DEBUG 8668 --- [    Test worker] org.hibernate.SQL                        : 
    select
        nextval(post_seq)
Hibernate: 
    select
        nextval(post_seq)
2023-08-14 13:34:04.496 DEBUG 8668 --- [    Test worker] org.hibernate.SQL                        : 
    insert 
    into
        tb_post
        (board_id, post_content, post_create_date, post_title, post_update_date, post_view_count, post_writer, post_id) 
    values
        (?, ?, ?, ?, ?, ?, ?, ?)
Hibernate: 
    insert 
    into
        tb_post
        (board_id, post_content, post_create_date, post_title, post_update_date, post_view_count, post_writer, post_id) 
    values
        (?, ?, ?, ?, ?, ?, ?, ?)
2023-08-14 13:34:04.496 TRACE 8668 --- [    Test worker] o.h.type.descriptor.sql.BasicBinder      : binding parameter [1] as [BIGINT] - [1]
2023-08-14 13:34:04.496 TRACE 8668 --- [    Test worker] o.h.type.descriptor.sql.BasicBinder      : binding parameter [2] as [VARCHAR] - [E1i8AOsoCy]
2023-08-14 13:34:04.496 TRACE 8668 --- [    Test worker] o.h.type.descriptor.sql.BasicBinder      : binding parameter [3] as [TIMESTAMP] - [2023-08-14 13:34:04.496]
2023-08-14 13:34:04.496 TRACE 8668 --- [    Test worker] o.h.type.descriptor.sql.BasicBinder      : binding parameter [4] as [VARCHAR] - [테스트 글 제목 104]
2023-08-14 13:34:04.496 TRACE 8668 --- [    Test worker] o.h.type.descriptor.sql.BasicBinder      : binding parameter [5] as [TIMESTAMP] - [2023-08-14 13:34:04.496]
2023-08-14 13:34:04.496 TRACE 8668 --- [    Test worker] o.h.type.descriptor.sql.BasicBinder      : binding parameter [6] as [INTEGER] - [0]
2023-08-14 13:34:04.496 TRACE 8668 --- [    Test worker] o.h.type.descriptor.sql.BasicBinder      : binding parameter [7] as [VARCHAR] - [자바]
2023-08-14 13:34:04.496 TRACE 8668 --- [    Test worker] o.h.type.descriptor.sql.BasicBinder      : binding parameter [8] as [BIGINT] - [507]
2023-08-14 13:34:04.496 DEBUG 8668 --- [    Test worker] org.hibernate.SQL                        : 
    select
        nextval(post_seq)
Hibernate: 
    select
        nextval(post_seq)
2023-08-14 13:34:04.496 DEBUG 8668 --- [    Test worker] org.hibernate.SQL                        : 
    insert 
    into
        tb_post
        (board_id, post_content, post_create_date, post_title, post_update_date, post_view_count, post_writer, post_id) 
    values
        (?, ?, ?, ?, ?, ?, ?, ?)
Hibernate: 
    insert 
    into
        tb_post
        (board_id, post_content, post_create_date, post_title, post_update_date, post_view_count, post_writer, post_id) 
    values
        (?, ?, ?, ?, ?, ?, ?, ?)
2023-08-14 13:34:04.496 TRACE 8668 --- [    Test worker] o.h.type.descriptor.sql.BasicBinder      : binding parameter [1] as [BIGINT] - [1]
2023-08-14 13:34:04.496 TRACE 8668 --- [    Test worker] o.h.type.descriptor.sql.BasicBinder      : binding parameter [2] as [VARCHAR] - [4k3rUlEliw]
2023-08-14 13:34:04.496 TRACE 8668 --- [    Test worker] o.h.type.descriptor.sql.BasicBinder      : binding parameter [3] as [TIMESTAMP] - [2023-08-14 13:34:04.496]
2023-08-14 13:34:04.496 TRACE 8668 --- [    Test worker] o.h.type.descriptor.sql.BasicBinder      : binding parameter [4] as [VARCHAR] - [테스트 글 제목 105]
2023-08-14 13:34:04.496 TRACE 8668 --- [    Test worker] o.h.type.descriptor.sql.BasicBinder      : binding parameter [5] as [TIMESTAMP] - [2023-08-14 13:34:04.496]
2023-08-14 13:34:04.496 TRACE 8668 --- [    Test worker] o.h.type.descriptor.sql.BasicBinder      : binding parameter [6] as [INTEGER] - [0]
2023-08-14 13:34:04.496 TRACE 8668 --- [    Test worker] o.h.type.descriptor.sql.BasicBinder      : binding parameter [7] as [VARCHAR] - [자바]
2023-08-14 13:34:04.496 TRACE 8668 --- [    Test worker] o.h.type.descriptor.sql.BasicBinder      : binding parameter [8] as [BIGINT] - [508]
2023-08-14 13:34:04.496 DEBUG 8668 --- [    Test worker] org.hibernate.SQL                        : 
    select
        nextval(post_seq)
Hibernate: 
    select
        nextval(post_seq)
2023-08-14 13:34:04.496 DEBUG 8668 --- [    Test worker] org.hibernate.SQL                        : 
    insert 
    into
        tb_post
        (board_id, post_content, post_create_date, post_title, post_update_date, post_view_count, post_writer, post_id) 
    values
        (?, ?, ?, ?, ?, ?, ?, ?)
Hibernate: 
    insert 
    into
        tb_post
        (board_id, post_content, post_create_date, post_title, post_update_date, post_view_count, post_writer, post_id) 
    values
        (?, ?, ?, ?, ?, ?, ?, ?)
2023-08-14 13:34:04.496 TRACE 8668 --- [    Test worker] o.h.type.descriptor.sql.BasicBinder      : binding parameter [1] as [BIGINT] - [1]
2023-08-14 13:34:04.496 TRACE 8668 --- [    Test worker] o.h.type.descriptor.sql.BasicBinder      : binding parameter [2] as [VARCHAR] - [2vO5bW8E7r]
2023-08-14 13:34:04.496 TRACE 8668 --- [    Test worker] o.h.type.descriptor.sql.BasicBinder      : binding parameter [3] as [TIMESTAMP] - [2023-08-14 13:34:04.496]
2023-08-14 13:34:04.496 TRACE 8668 --- [    Test worker] o.h.type.descriptor.sql.BasicBinder      : binding parameter [4] as [VARCHAR] - [테스트 글 제목 106]
2023-08-14 13:34:04.496 TRACE 8668 --- [    Test worker] o.h.type.descriptor.sql.BasicBinder      : binding parameter [5] as [TIMESTAMP] - [2023-08-14 13:34:04.496]
2023-08-14 13:34:04.496 TRACE 8668 --- [    Test worker] o.h.type.descriptor.sql.BasicBinder      : binding parameter [6] as [INTEGER] - [0]
2023-08-14 13:34:04.496 TRACE 8668 --- [    Test worker] o.h.type.descriptor.sql.BasicBinder      : binding parameter [7] as [VARCHAR] - [자바]
2023-08-14 13:34:04.496 TRACE 8668 --- [    Test worker] o.h.type.descriptor.sql.BasicBinder      : binding parameter [8] as [BIGINT] - [509]
2023-08-14 13:34:04.496 DEBUG 8668 --- [    Test worker] org.hibernate.SQL                        : 
    select
        nextval(post_seq)
Hibernate: 
    select
        nextval(post_seq)
2023-08-14 13:34:04.496 DEBUG 8668 --- [    Test worker] org.hibernate.SQL                        : 
    insert 
    into
        tb_post
        (board_id, post_content, post_create_date, post_title, post_update_date, post_view_count, post_writer, post_id) 
    values
        (?, ?, ?, ?, ?, ?, ?, ?)
Hibernate: 
    insert 
    into
        tb_post
        (board_id, post_content, post_create_date, post_title, post_update_date, post_view_count, post_writer, post_id) 
    values
        (?, ?, ?, ?, ?, ?, ?, ?)
2023-08-14 13:34:04.496 TRACE 8668 --- [    Test worker] o.h.type.descriptor.sql.BasicBinder      : binding parameter [1] as [BIGINT] - [1]
2023-08-14 13:34:04.496 TRACE 8668 --- [    Test worker] o.h.type.descriptor.sql.BasicBinder      : binding parameter [2] as [VARCHAR] - [uzv8RvJaLS]
2023-08-14 13:34:04.496 TRACE 8668 --- [    Test worker] o.h.type.descriptor.sql.BasicBinder      : binding parameter [3] as [TIMESTAMP] - [2023-08-14 13:34:04.496]
2023-08-14 13:34:04.496 TRACE 8668 --- [    Test worker] o.h.type.descriptor.sql.BasicBinder      : binding parameter [4] as [VARCHAR] - [테스트 글 제목 107]
2023-08-14 13:34:04.496 TRACE 8668 --- [    Test worker] o.h.type.descriptor.sql.BasicBinder      : binding parameter [5] as [TIMESTAMP] - [2023-08-14 13:34:04.496]
2023-08-14 13:34:04.496 TRACE 8668 --- [    Test worker] o.h.type.descriptor.sql.BasicBinder      : binding parameter [6] as [INTEGER] - [0]
2023-08-14 13:34:04.496 TRACE 8668 --- [    Test worker] o.h.type.descriptor.sql.BasicBinder      : binding parameter [7] as [VARCHAR] - [자바]
2023-08-14 13:34:04.496 TRACE 8668 --- [    Test worker] o.h.type.descriptor.sql.BasicBinder      : binding parameter [8] as [BIGINT] - [510]
2023-08-14 13:34:04.496 DEBUG 8668 --- [    Test worker] org.hibernate.SQL                        : 
    select
        nextval(post_seq)
Hibernate: 
    select
        nextval(post_seq)
2023-08-14 13:34:04.496 DEBUG 8668 --- [    Test worker] org.hibernate.SQL                        : 
    insert 
    into
        tb_post
        (board_id, post_content, post_create_date, post_title, post_update_date, post_view_count, post_writer, post_id) 
    values
        (?, ?, ?, ?, ?, ?, ?, ?)
Hibernate: 
    insert 
    into
        tb_post
        (board_id, post_content, post_create_date, post_title, post_update_date, post_view_count, post_writer, post_id) 
    values
        (?, ?, ?, ?, ?, ?, ?, ?)
2023-08-14 13:34:04.496 TRACE 8668 --- [    Test worker] o.h.type.descriptor.sql.BasicBinder      : binding parameter [1] as [BIGINT] - [1]
2023-08-14 13:34:04.496 TRACE 8668 --- [    Test worker] o.h.type.descriptor.sql.BasicBinder      : binding parameter [2] as [VARCHAR] - [Q6mjUHsZRH]
2023-08-14 13:34:04.496 TRACE 8668 --- [    Test worker] o.h.type.descriptor.sql.BasicBinder      : binding parameter [3] as [TIMESTAMP] - [2023-08-14 13:34:04.496]
2023-08-14 13:34:04.496 TRACE 8668 --- [    Test worker] o.h.type.descriptor.sql.BasicBinder      : binding parameter [4] as [VARCHAR] - [테스트 글 제목 108]
2023-08-14 13:34:04.496 TRACE 8668 --- [    Test worker] o.h.type.descriptor.sql.BasicBinder      : binding parameter [5] as [TIMESTAMP] - [2023-08-14 13:34:04.496]
2023-08-14 13:34:04.496 TRACE 8668 --- [    Test worker] o.h.type.descriptor.sql.BasicBinder      : binding parameter [6] as [INTEGER] - [0]
2023-08-14 13:34:04.496 TRACE 8668 --- [    Test worker] o.h.type.descriptor.sql.BasicBinder      : binding parameter [7] as [VARCHAR] - [자바]
2023-08-14 13:34:04.496 TRACE 8668 --- [    Test worker] o.h.type.descriptor.sql.BasicBinder      : binding parameter [8] as [BIGINT] - [511]
2023-08-14 13:34:04.496 DEBUG 8668 --- [    Test worker] org.hibernate.SQL                        : 
    select
        nextval(post_seq)
Hibernate: 
    select
        nextval(post_seq)
2023-08-14 13:34:04.496 DEBUG 8668 --- [    Test worker] org.hibernate.SQL                        : 
    insert 
    into
        tb_post
        (board_id, post_content, post_create_date, post_title, post_update_date, post_view_count, post_writer, post_id) 
    values
        (?, ?, ?, ?, ?, ?, ?, ?)
Hibernate: 
    insert 
    into
        tb_post
        (board_id, post_content, post_create_date, post_title, post_update_date, post_view_count, post_writer, post_id) 
    values
        (?, ?, ?, ?, ?, ?, ?, ?)
2023-08-14 13:34:04.496 TRACE 8668 --- [    Test worker] o.h.type.descriptor.sql.BasicBinder      : binding parameter [1] as [BIGINT] - [1]
2023-08-14 13:34:04.496 TRACE 8668 --- [    Test worker] o.h.type.descriptor.sql.BasicBinder      : binding parameter [2] as [VARCHAR] - [Z8pO9zWQJi]
2023-08-14 13:34:04.496 TRACE 8668 --- [    Test worker] o.h.type.descriptor.sql.BasicBinder      : binding parameter [3] as [TIMESTAMP] - [2023-08-14 13:34:04.496]
2023-08-14 13:34:04.496 TRACE 8668 --- [    Test worker] o.h.type.descriptor.sql.BasicBinder      : binding parameter [4] as [VARCHAR] - [테스트 글 제목 109]
2023-08-14 13:34:04.496 TRACE 8668 --- [    Test worker] o.h.type.descriptor.sql.BasicBinder      : binding parameter [5] as [TIMESTAMP] - [2023-08-14 13:34:04.496]
2023-08-14 13:34:04.496 TRACE 8668 --- [    Test worker] o.h.type.descriptor.sql.BasicBinder      : binding parameter [6] as [INTEGER] - [0]
2023-08-14 13:34:04.496 TRACE 8668 --- [    Test worker] o.h.type.descriptor.sql.BasicBinder      : binding parameter [7] as [VARCHAR] - [자바]
2023-08-14 13:34:04.496 TRACE 8668 --- [    Test worker] o.h.type.descriptor.sql.BasicBinder      : binding parameter [8] as [BIGINT] - [512]
2023-08-14 13:34:04.496 DEBUG 8668 --- [    Test worker] org.hibernate.SQL                        : 
    select
        nextval(post_seq)
Hibernate: 
    select
        nextval(post_seq)
2023-08-14 13:34:04.496 DEBUG 8668 --- [    Test worker] org.hibernate.SQL                        : 
    insert 
    into
        tb_post
        (board_id, post_content, post_create_date, post_title, post_update_date, post_view_count, post_writer, post_id) 
    values
        (?, ?, ?, ?, ?, ?, ?, ?)
Hibernate: 
    insert 
    into
        tb_post
        (board_id, post_content, post_create_date, post_title, post_update_date, post_view_count, post_writer, post_id) 
    values
        (?, ?, ?, ?, ?, ?, ?, ?)
2023-08-14 13:34:04.496 TRACE 8668 --- [    Test worker] o.h.type.descriptor.sql.BasicBinder      : binding parameter [1] as [BIGINT] - [1]
2023-08-14 13:34:04.496 TRACE 8668 --- [    Test worker] o.h.type.descriptor.sql.BasicBinder      : binding parameter [2] as [VARCHAR] - [nx08jIzMLm]
2023-08-14 13:34:04.496 TRACE 8668 --- [    Test worker] o.h.type.descriptor.sql.BasicBinder      : binding parameter [3] as [TIMESTAMP] - [2023-08-14 13:34:04.496]
2023-08-14 13:34:04.496 TRACE 8668 --- [    Test worker] o.h.type.descriptor.sql.BasicBinder      : binding parameter [4] as [VARCHAR] - [테스트 글 제목 110]
2023-08-14 13:34:04.496 TRACE 8668 --- [    Test worker] o.h.type.descriptor.sql.BasicBinder      : binding parameter [5] as [TIMESTAMP] - [2023-08-14 13:34:04.496]
2023-08-14 13:34:04.496 TRACE 8668 --- [    Test worker] o.h.type.descriptor.sql.BasicBinder      : binding parameter [6] as [INTEGER] - [0]
2023-08-14 13:34:04.496 TRACE 8668 --- [    Test worker] o.h.type.descriptor.sql.BasicBinder      : binding parameter [7] as [VARCHAR] - [자바]
2023-08-14 13:34:04.496 TRACE 8668 --- [    Test worker] o.h.type.descriptor.sql.BasicBinder      : binding parameter [8] as [BIGINT] - [513]
2023-08-14 13:34:04.496 DEBUG 8668 --- [    Test worker] org.hibernate.SQL                        : 
    select
        nextval(post_seq)
Hibernate: 
    select
        nextval(post_seq)
2023-08-14 13:34:04.496 DEBUG 8668 --- [    Test worker] org.hibernate.SQL                        : 
    insert 
    into
        tb_post
        (board_id, post_content, post_create_date, post_title, post_update_date, post_view_count, post_writer, post_id) 
    values
        (?, ?, ?, ?, ?, ?, ?, ?)
Hibernate: 
    insert 
    into
        tb_post
        (board_id, post_content, post_create_date, post_title, post_update_date, post_view_count, post_writer, post_id) 
    values
        (?, ?, ?, ?, ?, ?, ?, ?)
2023-08-14 13:34:04.496 TRACE 8668 --- [    Test worker] o.h.type.descriptor.sql.BasicBinder      : binding parameter [1] as [BIGINT] - [1]
2023-08-14 13:34:04.496 TRACE 8668 --- [    Test worker] o.h.type.descriptor.sql.BasicBinder      : binding parameter [2] as [VARCHAR] - [yC2OZjFrtd]
2023-08-14 13:34:04.496 TRACE 8668 --- [    Test worker] o.h.type.descriptor.sql.BasicBinder      : binding parameter [3] as [TIMESTAMP] - [2023-08-14 13:34:04.496]
2023-08-14 13:34:04.496 TRACE 8668 --- [    Test worker] o.h.type.descriptor.sql.BasicBinder      : binding parameter [4] as [VARCHAR] - [테스트 글 제목 111]
2023-08-14 13:34:04.496 TRACE 8668 --- [    Test worker] o.h.type.descriptor.sql.BasicBinder      : binding parameter [5] as [TIMESTAMP] - [2023-08-14 13:34:04.496]
2023-08-14 13:34:04.496 TRACE 8668 --- [    Test worker] o.h.type.descriptor.sql.BasicBinder      : binding parameter [6] as [INTEGER] - [0]
2023-08-14 13:34:04.496 TRACE 8668 --- [    Test worker] o.h.type.descriptor.sql.BasicBinder      : binding parameter [7] as [VARCHAR] - [자바]
2023-08-14 13:34:04.496 TRACE 8668 --- [    Test worker] o.h.type.descriptor.sql.BasicBinder      : binding parameter [8] as [BIGINT] - [514]
2023-08-14 13:34:04.496 DEBUG 8668 --- [    Test worker] org.hibernate.SQL                        : 
    select
        nextval(post_seq)
Hibernate: 
    select
        nextval(post_seq)
2023-08-14 13:34:04.496 DEBUG 8668 --- [    Test worker] org.hibernate.SQL                        : 
    insert 
    into
        tb_post
        (board_id, post_content, post_create_date, post_title, post_update_date, post_view_count, post_writer, post_id) 
    values
        (?, ?, ?, ?, ?, ?, ?, ?)
Hibernate: 
    insert 
    into
        tb_post
        (board_id, post_content, post_create_date, post_title, post_update_date, post_view_count, post_writer, post_id) 
    values
        (?, ?, ?, ?, ?, ?, ?, ?)
2023-08-14 13:34:04.496 TRACE 8668 --- [    Test worker] o.h.type.descriptor.sql.BasicBinder      : binding parameter [1] as [BIGINT] - [1]
2023-08-14 13:34:04.496 TRACE 8668 --- [    Test worker] o.h.type.descriptor.sql.BasicBinder      : binding parameter [2] as [VARCHAR] - [LeodM0yIfZ]
2023-08-14 13:34:04.496 TRACE 8668 --- [    Test worker] o.h.type.descriptor.sql.BasicBinder      : binding parameter [3] as [TIMESTAMP] - [2023-08-14 13:34:04.496]
2023-08-14 13:34:04.496 TRACE 8668 --- [    Test worker] o.h.type.descriptor.sql.BasicBinder      : binding parameter [4] as [VARCHAR] - [테스트 글 제목 112]
2023-08-14 13:34:04.496 TRACE 8668 --- [    Test worker] o.h.type.descriptor.sql.BasicBinder      : binding parameter [5] as [TIMESTAMP] - [2023-08-14 13:34:04.496]
2023-08-14 13:34:04.496 TRACE 8668 --- [    Test worker] o.h.type.descriptor.sql.BasicBinder      : binding parameter [6] as [INTEGER] - [0]
2023-08-14 13:34:04.496 TRACE 8668 --- [    Test worker] o.h.type.descriptor.sql.BasicBinder      : binding parameter [7] as [VARCHAR] - [자바]
2023-08-14 13:34:04.496 TRACE 8668 --- [    Test worker] o.h.type.descriptor.sql.BasicBinder      : binding parameter [8] as [BIGINT] - [515]
2023-08-14 13:34:04.496 DEBUG 8668 --- [    Test worker] org.hibernate.SQL                        : 
    select
        nextval(post_seq)
Hibernate: 
    select
        nextval(post_seq)
2023-08-14 13:34:04.496 DEBUG 8668 --- [    Test worker] org.hibernate.SQL                        : 
    insert 
    into
        tb_post
        (board_id, post_content, post_create_date, post_title, post_update_date, post_view_count, post_writer, post_id) 
    values
        (?, ?, ?, ?, ?, ?, ?, ?)
Hibernate: 
    insert 
    into
        tb_post
        (board_id, post_content, post_create_date, post_title, post_update_date, post_view_count, post_writer, post_id) 
    values
        (?, ?, ?, ?, ?, ?, ?, ?)
2023-08-14 13:34:04.496 TRACE 8668 --- [    Test worker] o.h.type.descriptor.sql.BasicBinder      : binding parameter [1] as [BIGINT] - [1]
2023-08-14 13:34:04.496 TRACE 8668 --- [    Test worker] o.h.type.descriptor.sql.BasicBinder      : binding parameter [2] as [VARCHAR] - [t6DxCTocjm]
2023-08-14 13:34:04.496 TRACE 8668 --- [    Test worker] o.h.type.descriptor.sql.BasicBinder      : binding parameter [3] as [TIMESTAMP] - [2023-08-14 13:34:04.496]
2023-08-14 13:34:04.496 TRACE 8668 --- [    Test worker] o.h.type.descriptor.sql.BasicBinder      : binding parameter [4] as [VARCHAR] - [테스트 글 제목 113]
2023-08-14 13:34:04.496 TRACE 8668 --- [    Test worker] o.h.type.descriptor.sql.BasicBinder      : binding parameter [5] as [TIMESTAMP] - [2023-08-14 13:34:04.496]
2023-08-14 13:34:04.496 TRACE 8668 --- [    Test worker] o.h.type.descriptor.sql.BasicBinder      : binding parameter [6] as [INTEGER] - [0]
2023-08-14 13:34:04.496 TRACE 8668 --- [    Test worker] o.h.type.descriptor.sql.BasicBinder      : binding parameter [7] as [VARCHAR] - [자바]
2023-08-14 13:34:04.496 TRACE 8668 --- [    Test worker] o.h.type.descriptor.sql.BasicBinder      : binding parameter [8] as [BIGINT] - [516]
2023-08-14 13:34:04.511 DEBUG 8668 --- [    Test worker] org.hibernate.SQL                        : 
    select
        nextval(post_seq)
Hibernate: 
    select
        nextval(post_seq)
2023-08-14 13:34:04.511 DEBUG 8668 --- [    Test worker] org.hibernate.SQL                        : 
    insert 
    into
        tb_post
        (board_id, post_content, post_create_date, post_title, post_update_date, post_view_count, post_writer, post_id) 
    values
        (?, ?, ?, ?, ?, ?, ?, ?)
Hibernate: 
    insert 
    into
        tb_post
        (board_id, post_content, post_create_date, post_title, post_update_date, post_view_count, post_writer, post_id) 
    values
        (?, ?, ?, ?, ?, ?, ?, ?)
2023-08-14 13:34:04.511 TRACE 8668 --- [    Test worker] o.h.type.descriptor.sql.BasicBinder      : binding parameter [1] as [BIGINT] - [1]
2023-08-14 13:34:04.511 TRACE 8668 --- [    Test worker] o.h.type.descriptor.sql.BasicBinder      : binding parameter [2] as [VARCHAR] - [pEz1tEndz1]
2023-08-14 13:34:04.511 TRACE 8668 --- [    Test worker] o.h.type.descriptor.sql.BasicBinder      : binding parameter [3] as [TIMESTAMP] - [2023-08-14 13:34:04.511]
2023-08-14 13:34:04.511 TRACE 8668 --- [    Test worker] o.h.type.descriptor.sql.BasicBinder      : binding parameter [4] as [VARCHAR] - [테스트 글 제목 114]
2023-08-14 13:34:04.511 TRACE 8668 --- [    Test worker] o.h.type.descriptor.sql.BasicBinder      : binding parameter [5] as [TIMESTAMP] - [2023-08-14 13:34:04.511]
2023-08-14 13:34:04.511 TRACE 8668 --- [    Test worker] o.h.type.descriptor.sql.BasicBinder      : binding parameter [6] as [INTEGER] - [0]
2023-08-14 13:34:04.511 TRACE 8668 --- [    Test worker] o.h.type.descriptor.sql.BasicBinder      : binding parameter [7] as [VARCHAR] - [자바]
2023-08-14 13:34:04.511 TRACE 8668 --- [    Test worker] o.h.type.descriptor.sql.BasicBinder      : binding parameter [8] as [BIGINT] - [517]
2023-08-14 13:34:04.511 DEBUG 8668 --- [    Test worker] org.hibernate.SQL                        : 
    select
        nextval(post_seq)
Hibernate: 
    select
        nextval(post_seq)
2023-08-14 13:34:04.511 DEBUG 8668 --- [    Test worker] org.hibernate.SQL                        : 
    insert 
    into
        tb_post
        (board_id, post_content, post_create_date, post_title, post_update_date, post_view_count, post_writer, post_id) 
    values
        (?, ?, ?, ?, ?, ?, ?, ?)
Hibernate: 
    insert 
    into
        tb_post
        (board_id, post_content, post_create_date, post_title, post_update_date, post_view_count, post_writer, post_id) 
    values
        (?, ?, ?, ?, ?, ?, ?, ?)
2023-08-14 13:34:04.511 TRACE 8668 --- [    Test worker] o.h.type.descriptor.sql.BasicBinder      : binding parameter [1] as [BIGINT] - [1]
2023-08-14 13:34:04.511 TRACE 8668 --- [    Test worker] o.h.type.descriptor.sql.BasicBinder      : binding parameter [2] as [VARCHAR] - [7ejZ59K155]
2023-08-14 13:34:04.511 TRACE 8668 --- [    Test worker] o.h.type.descriptor.sql.BasicBinder      : binding parameter [3] as [TIMESTAMP] - [2023-08-14 13:34:04.511]
2023-08-14 13:34:04.511 TRACE 8668 --- [    Test worker] o.h.type.descriptor.sql.BasicBinder      : binding parameter [4] as [VARCHAR] - [테스트 글 제목 115]
2023-08-14 13:34:04.511 TRACE 8668 --- [    Test worker] o.h.type.descriptor.sql.BasicBinder      : binding parameter [5] as [TIMESTAMP] - [2023-08-14 13:34:04.511]
2023-08-14 13:34:04.511 TRACE 8668 --- [    Test worker] o.h.type.descriptor.sql.BasicBinder      : binding parameter [6] as [INTEGER] - [0]
2023-08-14 13:34:04.511 TRACE 8668 --- [    Test worker] o.h.type.descriptor.sql.BasicBinder      : binding parameter [7] as [VARCHAR] - [자바]
2023-08-14 13:34:04.511 TRACE 8668 --- [    Test worker] o.h.type.descriptor.sql.BasicBinder      : binding parameter [8] as [BIGINT] - [518]
2023-08-14 13:34:04.511 DEBUG 8668 --- [    Test worker] org.hibernate.SQL                        : 
    select
        nextval(post_seq)
Hibernate: 
    select
        nextval(post_seq)
2023-08-14 13:34:04.511 DEBUG 8668 --- [    Test worker] org.hibernate.SQL                        : 
    insert 
    into
        tb_post
        (board_id, post_content, post_create_date, post_title, post_update_date, post_view_count, post_writer, post_id) 
    values
        (?, ?, ?, ?, ?, ?, ?, ?)
Hibernate: 
    insert 
    into
        tb_post
        (board_id, post_content, post_create_date, post_title, post_update_date, post_view_count, post_writer, post_id) 
    values
        (?, ?, ?, ?, ?, ?, ?, ?)
2023-08-14 13:34:04.511 TRACE 8668 --- [    Test worker] o.h.type.descriptor.sql.BasicBinder      : binding parameter [1] as [BIGINT] - [1]
2023-08-14 13:34:04.511 TRACE 8668 --- [    Test worker] o.h.type.descriptor.sql.BasicBinder      : binding parameter [2] as [VARCHAR] - [ezrFVmTgEx]
2023-08-14 13:34:04.511 TRACE 8668 --- [    Test worker] o.h.type.descriptor.sql.BasicBinder      : binding parameter [3] as [TIMESTAMP] - [2023-08-14 13:34:04.511]
2023-08-14 13:34:04.511 TRACE 8668 --- [    Test worker] o.h.type.descriptor.sql.BasicBinder      : binding parameter [4] as [VARCHAR] - [테스트 글 제목 116]
2023-08-14 13:34:04.511 TRACE 8668 --- [    Test worker] o.h.type.descriptor.sql.BasicBinder      : binding parameter [5] as [TIMESTAMP] - [2023-08-14 13:34:04.511]
2023-08-14 13:34:04.511 TRACE 8668 --- [    Test worker] o.h.type.descriptor.sql.BasicBinder      : binding parameter [6] as [INTEGER] - [0]
2023-08-14 13:34:04.511 TRACE 8668 --- [    Test worker] o.h.type.descriptor.sql.BasicBinder      : binding parameter [7] as [VARCHAR] - [자바]
2023-08-14 13:34:04.511 TRACE 8668 --- [    Test worker] o.h.type.descriptor.sql.BasicBinder      : binding parameter [8] as [BIGINT] - [519]
2023-08-14 13:34:04.511 DEBUG 8668 --- [    Test worker] org.hibernate.SQL                        : 
    select
        nextval(post_seq)
Hibernate: 
    select
        nextval(post_seq)
2023-08-14 13:34:04.511 DEBUG 8668 --- [    Test worker] org.hibernate.SQL                        : 
    insert 
    into
        tb_post
        (board_id, post_content, post_create_date, post_title, post_update_date, post_view_count, post_writer, post_id) 
    values
        (?, ?, ?, ?, ?, ?, ?, ?)
Hibernate: 
    insert 
    into
        tb_post
        (board_id, post_content, post_create_date, post_title, post_update_date, post_view_count, post_writer, post_id) 
    values
        (?, ?, ?, ?, ?, ?, ?, ?)
2023-08-14 13:34:04.511 TRACE 8668 --- [    Test worker] o.h.type.descriptor.sql.BasicBinder      : binding parameter [1] as [BIGINT] - [1]
2023-08-14 13:34:04.511 TRACE 8668 --- [    Test worker] o.h.type.descriptor.sql.BasicBinder      : binding parameter [2] as [VARCHAR] - [XbLqDVJLoH]
2023-08-14 13:34:04.511 TRACE 8668 --- [    Test worker] o.h.type.descriptor.sql.BasicBinder      : binding parameter [3] as [TIMESTAMP] - [2023-08-14 13:34:04.511]
2023-08-14 13:34:04.511 TRACE 8668 --- [    Test worker] o.h.type.descriptor.sql.BasicBinder      : binding parameter [4] as [VARCHAR] - [테스트 글 제목 117]
2023-08-14 13:34:04.511 TRACE 8668 --- [    Test worker] o.h.type.descriptor.sql.BasicBinder      : binding parameter [5] as [TIMESTAMP] - [2023-08-14 13:34:04.511]
2023-08-14 13:34:04.511 TRACE 8668 --- [    Test worker] o.h.type.descriptor.sql.BasicBinder      : binding parameter [6] as [INTEGER] - [0]
2023-08-14 13:34:04.511 TRACE 8668 --- [    Test worker] o.h.type.descriptor.sql.BasicBinder      : binding parameter [7] as [VARCHAR] - [자바]
2023-08-14 13:34:04.511 TRACE 8668 --- [    Test worker] o.h.type.descriptor.sql.BasicBinder      : binding parameter [8] as [BIGINT] - [520]
2023-08-14 13:34:04.511 DEBUG 8668 --- [    Test worker] org.hibernate.SQL                        : 
    select
        nextval(post_seq)
Hibernate: 
    select
        nextval(post_seq)
2023-08-14 13:34:04.511 DEBUG 8668 --- [    Test worker] org.hibernate.SQL                        : 
    insert 
    into
        tb_post
        (board_id, post_content, post_create_date, post_title, post_update_date, post_view_count, post_writer, post_id) 
    values
        (?, ?, ?, ?, ?, ?, ?, ?)
Hibernate: 
    insert 
    into
        tb_post
        (board_id, post_content, post_create_date, post_title, post_update_date, post_view_count, post_writer, post_id) 
    values
        (?, ?, ?, ?, ?, ?, ?, ?)
2023-08-14 13:34:04.511 TRACE 8668 --- [    Test worker] o.h.type.descriptor.sql.BasicBinder      : binding parameter [1] as [BIGINT] - [1]
2023-08-14 13:34:04.511 TRACE 8668 --- [    Test worker] o.h.type.descriptor.sql.BasicBinder      : binding parameter [2] as [VARCHAR] - [b0EqQEy4RT]
2023-08-14 13:34:04.511 TRACE 8668 --- [    Test worker] o.h.type.descriptor.sql.BasicBinder      : binding parameter [3] as [TIMESTAMP] - [2023-08-14 13:34:04.511]
2023-08-14 13:34:04.511 TRACE 8668 --- [    Test worker] o.h.type.descriptor.sql.BasicBinder      : binding parameter [4] as [VARCHAR] - [테스트 글 제목 118]
2023-08-14 13:34:04.511 TRACE 8668 --- [    Test worker] o.h.type.descriptor.sql.BasicBinder      : binding parameter [5] as [TIMESTAMP] - [2023-08-14 13:34:04.511]
2023-08-14 13:34:04.511 TRACE 8668 --- [    Test worker] o.h.type.descriptor.sql.BasicBinder      : binding parameter [6] as [INTEGER] - [0]
2023-08-14 13:34:04.511 TRACE 8668 --- [    Test worker] o.h.type.descriptor.sql.BasicBinder      : binding parameter [7] as [VARCHAR] - [자바]
2023-08-14 13:34:04.511 TRACE 8668 --- [    Test worker] o.h.type.descriptor.sql.BasicBinder      : binding parameter [8] as [BIGINT] - [521]
2023-08-14 13:34:04.511 DEBUG 8668 --- [    Test worker] org.hibernate.SQL                        : 
    select
        nextval(post_seq)
Hibernate: 
    select
        nextval(post_seq)
2023-08-14 13:34:04.511 DEBUG 8668 --- [    Test worker] org.hibernate.SQL                        : 
    insert 
    into
        tb_post
        (board_id, post_content, post_create_date, post_title, post_update_date, post_view_count, post_writer, post_id) 
    values
        (?, ?, ?, ?, ?, ?, ?, ?)
Hibernate: 
    insert 
    into
        tb_post
        (board_id, post_content, post_create_date, post_title, post_update_date, post_view_count, post_writer, post_id) 
    values
        (?, ?, ?, ?, ?, ?, ?, ?)
2023-08-14 13:34:04.511 TRACE 8668 --- [    Test worker] o.h.type.descriptor.sql.BasicBinder      : binding parameter [1] as [BIGINT] - [1]
2023-08-14 13:34:04.511 TRACE 8668 --- [    Test worker] o.h.type.descriptor.sql.BasicBinder      : binding parameter [2] as [VARCHAR] - [gL5HjnvCHE]
2023-08-14 13:34:04.511 TRACE 8668 --- [    Test worker] o.h.type.descriptor.sql.BasicBinder      : binding parameter [3] as [TIMESTAMP] - [2023-08-14 13:34:04.511]
2023-08-14 13:34:04.511 TRACE 8668 --- [    Test worker] o.h.type.descriptor.sql.BasicBinder      : binding parameter [4] as [VARCHAR] - [테스트 글 제목 119]
2023-08-14 13:34:04.511 TRACE 8668 --- [    Test worker] o.h.type.descriptor.sql.BasicBinder      : binding parameter [5] as [TIMESTAMP] - [2023-08-14 13:34:04.511]
2023-08-14 13:34:04.511 TRACE 8668 --- [    Test worker] o.h.type.descriptor.sql.BasicBinder      : binding parameter [6] as [INTEGER] - [0]
2023-08-14 13:34:04.511 TRACE 8668 --- [    Test worker] o.h.type.descriptor.sql.BasicBinder      : binding parameter [7] as [VARCHAR] - [자바]
2023-08-14 13:34:04.511 TRACE 8668 --- [    Test worker] o.h.type.descriptor.sql.BasicBinder      : binding parameter [8] as [BIGINT] - [522]
2023-08-14 13:34:04.511 DEBUG 8668 --- [    Test worker] org.hibernate.SQL                        : 
    select
        nextval(post_seq)
Hibernate: 
    select
        nextval(post_seq)
2023-08-14 13:34:04.511 DEBUG 8668 --- [    Test worker] org.hibernate.SQL                        : 
    insert 
    into
        tb_post
        (board_id, post_content, post_create_date, post_title, post_update_date, post_view_count, post_writer, post_id) 
    values
        (?, ?, ?, ?, ?, ?, ?, ?)
Hibernate: 
    insert 
    into
        tb_post
        (board_id, post_content, post_create_date, post_title, post_update_date, post_view_count, post_writer, post_id) 
    values
        (?, ?, ?, ?, ?, ?, ?, ?)
2023-08-14 13:34:04.511 TRACE 8668 --- [    Test worker] o.h.type.descriptor.sql.BasicBinder      : binding parameter [1] as [BIGINT] - [1]
2023-08-14 13:34:04.511 TRACE 8668 --- [    Test worker] o.h.type.descriptor.sql.BasicBinder      : binding parameter [2] as [VARCHAR] - [MkxBIhVBw1]
2023-08-14 13:34:04.511 TRACE 8668 --- [    Test worker] o.h.type.descriptor.sql.BasicBinder      : binding parameter [3] as [TIMESTAMP] - [2023-08-14 13:34:04.511]
2023-08-14 13:34:04.511 TRACE 8668 --- [    Test worker] o.h.type.descriptor.sql.BasicBinder      : binding parameter [4] as [VARCHAR] - [테스트 글 제목 120]
2023-08-14 13:34:04.511 TRACE 8668 --- [    Test worker] o.h.type.descriptor.sql.BasicBinder      : binding parameter [5] as [TIMESTAMP] - [2023-08-14 13:34:04.511]
2023-08-14 13:34:04.511 TRACE 8668 --- [    Test worker] o.h.type.descriptor.sql.BasicBinder      : binding parameter [6] as [INTEGER] - [0]
2023-08-14 13:34:04.511 TRACE 8668 --- [    Test worker] o.h.type.descriptor.sql.BasicBinder      : binding parameter [7] as [VARCHAR] - [자바]
2023-08-14 13:34:04.511 TRACE 8668 --- [    Test worker] o.h.type.descriptor.sql.BasicBinder      : binding parameter [8] as [BIGINT] - [523]
2023-08-14 13:34:04.511 DEBUG 8668 --- [    Test worker] org.hibernate.SQL                        : 
    select
        nextval(post_seq)
Hibernate: 
    select
        nextval(post_seq)
2023-08-14 13:34:04.511 DEBUG 8668 --- [    Test worker] org.hibernate.SQL                        : 
    insert 
    into
        tb_post
        (board_id, post_content, post_create_date, post_title, post_update_date, post_view_count, post_writer, post_id) 
    values
        (?, ?, ?, ?, ?, ?, ?, ?)
Hibernate: 
    insert 
    into
        tb_post
        (board_id, post_content, post_create_date, post_title, post_update_date, post_view_count, post_writer, post_id) 
    values
        (?, ?, ?, ?, ?, ?, ?, ?)
2023-08-14 13:34:04.511 TRACE 8668 --- [    Test worker] o.h.type.descriptor.sql.BasicBinder      : binding parameter [1] as [BIGINT] - [1]
2023-08-14 13:34:04.511 TRACE 8668 --- [    Test worker] o.h.type.descriptor.sql.BasicBinder      : binding parameter [2] as [VARCHAR] - [sX5xemJQj6]
2023-08-14 13:34:04.511 TRACE 8668 --- [    Test worker] o.h.type.descriptor.sql.BasicBinder      : binding parameter [3] as [TIMESTAMP] - [2023-08-14 13:34:04.511]
2023-08-14 13:34:04.511 TRACE 8668 --- [    Test worker] o.h.type.descriptor.sql.BasicBinder      : binding parameter [4] as [VARCHAR] - [테스트 글 제목 121]
2023-08-14 13:34:04.511 TRACE 8668 --- [    Test worker] o.h.type.descriptor.sql.BasicBinder      : binding parameter [5] as [TIMESTAMP] - [2023-08-14 13:34:04.511]
2023-08-14 13:34:04.511 TRACE 8668 --- [    Test worker] o.h.type.descriptor.sql.BasicBinder      : binding parameter [6] as [INTEGER] - [0]
2023-08-14 13:34:04.511 TRACE 8668 --- [    Test worker] o.h.type.descriptor.sql.BasicBinder      : binding parameter [7] as [VARCHAR] - [자바]
2023-08-14 13:34:04.511 TRACE 8668 --- [    Test worker] o.h.type.descriptor.sql.BasicBinder      : binding parameter [8] as [BIGINT] - [524]
2023-08-14 13:34:04.511 DEBUG 8668 --- [    Test worker] org.hibernate.SQL                        : 
    select
        nextval(post_seq)
Hibernate: 
    select
        nextval(post_seq)
2023-08-14 13:34:04.527 DEBUG 8668 --- [    Test worker] org.hibernate.SQL                        : 
    insert 
    into
        tb_post
        (board_id, post_content, post_create_date, post_title, post_update_date, post_view_count, post_writer, post_id) 
    values
        (?, ?, ?, ?, ?, ?, ?, ?)
Hibernate: 
    insert 
    into
        tb_post
        (board_id, post_content, post_create_date, post_title, post_update_date, post_view_count, post_writer, post_id) 
    values
        (?, ?, ?, ?, ?, ?, ?, ?)
2023-08-14 13:34:04.527 TRACE 8668 --- [    Test worker] o.h.type.descriptor.sql.BasicBinder      : binding parameter [1] as [BIGINT] - [1]
2023-08-14 13:34:04.527 TRACE 8668 --- [    Test worker] o.h.type.descriptor.sql.BasicBinder      : binding parameter [2] as [VARCHAR] - [HvdkD2EdE8]
2023-08-14 13:34:04.527 TRACE 8668 --- [    Test worker] o.h.type.descriptor.sql.BasicBinder      : binding parameter [3] as [TIMESTAMP] - [2023-08-14 13:34:04.527]
2023-08-14 13:34:04.527 TRACE 8668 --- [    Test worker] o.h.type.descriptor.sql.BasicBinder      : binding parameter [4] as [VARCHAR] - [테스트 글 제목 122]
2023-08-14 13:34:04.527 TRACE 8668 --- [    Test worker] o.h.type.descriptor.sql.BasicBinder      : binding parameter [5] as [TIMESTAMP] - [2023-08-14 13:34:04.527]
2023-08-14 13:34:04.527 TRACE 8668 --- [    Test worker] o.h.type.descriptor.sql.BasicBinder      : binding parameter [6] as [INTEGER] - [0]
2023-08-14 13:34:04.527 TRACE 8668 --- [    Test worker] o.h.type.descriptor.sql.BasicBinder      : binding parameter [7] as [VARCHAR] - [자바]
2023-08-14 13:34:04.527 TRACE 8668 --- [    Test worker] o.h.type.descriptor.sql.BasicBinder      : binding parameter [8] as [BIGINT] - [525]
2023-08-14 13:34:04.527 DEBUG 8668 --- [    Test worker] org.hibernate.SQL                        : 
    select
        nextval(post_seq)
Hibernate: 
    select
        nextval(post_seq)
2023-08-14 13:34:04.527 DEBUG 8668 --- [    Test worker] org.hibernate.SQL                        : 
    insert 
    into
        tb_post
        (board_id, post_content, post_create_date, post_title, post_update_date, post_view_count, post_writer, post_id) 
    values
        (?, ?, ?, ?, ?, ?, ?, ?)
Hibernate: 
    insert 
    into
        tb_post
        (board_id, post_content, post_create_date, post_title, post_update_date, post_view_count, post_writer, post_id) 
    values
        (?, ?, ?, ?, ?, ?, ?, ?)
2023-08-14 13:34:04.527 TRACE 8668 --- [    Test worker] o.h.type.descriptor.sql.BasicBinder      : binding parameter [1] as [BIGINT] - [1]
2023-08-14 13:34:04.527 TRACE 8668 --- [    Test worker] o.h.type.descriptor.sql.BasicBinder      : binding parameter [2] as [VARCHAR] - [63FLU0UAh3]
2023-08-14 13:34:04.527 TRACE 8668 --- [    Test worker] o.h.type.descriptor.sql.BasicBinder      : binding parameter [3] as [TIMESTAMP] - [2023-08-14 13:34:04.527]
2023-08-14 13:34:04.527 TRACE 8668 --- [    Test worker] o.h.type.descriptor.sql.BasicBinder      : binding parameter [4] as [VARCHAR] - [테스트 글 제목 123]
2023-08-14 13:34:04.527 TRACE 8668 --- [    Test worker] o.h.type.descriptor.sql.BasicBinder      : binding parameter [5] as [TIMESTAMP] - [2023-08-14 13:34:04.527]
2023-08-14 13:34:04.527 TRACE 8668 --- [    Test worker] o.h.type.descriptor.sql.BasicBinder      : binding parameter [6] as [INTEGER] - [0]
2023-08-14 13:34:04.527 TRACE 8668 --- [    Test worker] o.h.type.descriptor.sql.BasicBinder      : binding parameter [7] as [VARCHAR] - [자바]
2023-08-14 13:34:04.527 TRACE 8668 --- [    Test worker] o.h.type.descriptor.sql.BasicBinder      : binding parameter [8] as [BIGINT] - [526]
2023-08-14 13:34:04.527 DEBUG 8668 --- [    Test worker] org.hibernate.SQL                        : 
    select
        nextval(post_seq)
Hibernate: 
    select
        nextval(post_seq)
2023-08-14 13:34:04.527 DEBUG 8668 --- [    Test worker] org.hibernate.SQL                        : 
    insert 
    into
        tb_post
        (board_id, post_content, post_create_date, post_title, post_update_date, post_view_count, post_writer, post_id) 
    values
        (?, ?, ?, ?, ?, ?, ?, ?)
Hibernate: 
    insert 
    into
        tb_post
        (board_id, post_content, post_create_date, post_title, post_update_date, post_view_count, post_writer, post_id) 
    values
        (?, ?, ?, ?, ?, ?, ?, ?)
2023-08-14 13:34:04.527 TRACE 8668 --- [    Test worker] o.h.type.descriptor.sql.BasicBinder      : binding parameter [1] as [BIGINT] - [1]
2023-08-14 13:34:04.527 TRACE 8668 --- [    Test worker] o.h.type.descriptor.sql.BasicBinder      : binding parameter [2] as [VARCHAR] - [Dz0ta4eGht]
2023-08-14 13:34:04.527 TRACE 8668 --- [    Test worker] o.h.type.descriptor.sql.BasicBinder      : binding parameter [3] as [TIMESTAMP] - [2023-08-14 13:34:04.527]
2023-08-14 13:34:04.527 TRACE 8668 --- [    Test worker] o.h.type.descriptor.sql.BasicBinder      : binding parameter [4] as [VARCHAR] - [테스트 글 제목 124]
2023-08-14 13:34:04.527 TRACE 8668 --- [    Test worker] o.h.type.descriptor.sql.BasicBinder      : binding parameter [5] as [TIMESTAMP] - [2023-08-14 13:34:04.527]
2023-08-14 13:34:04.527 TRACE 8668 --- [    Test worker] o.h.type.descriptor.sql.BasicBinder      : binding parameter [6] as [INTEGER] - [0]
2023-08-14 13:34:04.527 TRACE 8668 --- [    Test worker] o.h.type.descriptor.sql.BasicBinder      : binding parameter [7] as [VARCHAR] - [자바]
2023-08-14 13:34:04.527 TRACE 8668 --- [    Test worker] o.h.type.descriptor.sql.BasicBinder      : binding parameter [8] as [BIGINT] - [527]
2023-08-14 13:34:04.527 DEBUG 8668 --- [    Test worker] org.hibernate.SQL                        : 
    select
        nextval(post_seq)
Hibernate: 
    select
        nextval(post_seq)
2023-08-14 13:34:04.527 DEBUG 8668 --- [    Test worker] org.hibernate.SQL                        : 
    insert 
    into
        tb_post
        (board_id, post_content, post_create_date, post_title, post_update_date, post_view_count, post_writer, post_id) 
    values
        (?, ?, ?, ?, ?, ?, ?, ?)
Hibernate: 
    insert 
    into
        tb_post
        (board_id, post_content, post_create_date, post_title, post_update_date, post_view_count, post_writer, post_id) 
    values
        (?, ?, ?, ?, ?, ?, ?, ?)
2023-08-14 13:34:04.527 TRACE 8668 --- [    Test worker] o.h.type.descriptor.sql.BasicBinder      : binding parameter [1] as [BIGINT] - [1]
2023-08-14 13:34:04.527 TRACE 8668 --- [    Test worker] o.h.type.descriptor.sql.BasicBinder      : binding parameter [2] as [VARCHAR] - [MnCS6K9S7A]
2023-08-14 13:34:04.527 TRACE 8668 --- [    Test worker] o.h.type.descriptor.sql.BasicBinder      : binding parameter [3] as [TIMESTAMP] - [2023-08-14 13:34:04.527]
2023-08-14 13:34:04.527 TRACE 8668 --- [    Test worker] o.h.type.descriptor.sql.BasicBinder      : binding parameter [4] as [VARCHAR] - [테스트 글 제목 125]
2023-08-14 13:34:04.527 TRACE 8668 --- [    Test worker] o.h.type.descriptor.sql.BasicBinder      : binding parameter [5] as [TIMESTAMP] - [2023-08-14 13:34:04.527]
2023-08-14 13:34:04.527 TRACE 8668 --- [    Test worker] o.h.type.descriptor.sql.BasicBinder      : binding parameter [6] as [INTEGER] - [0]
2023-08-14 13:34:04.527 TRACE 8668 --- [    Test worker] o.h.type.descriptor.sql.BasicBinder      : binding parameter [7] as [VARCHAR] - [자바]
2023-08-14 13:34:04.527 TRACE 8668 --- [    Test worker] o.h.type.descriptor.sql.BasicBinder      : binding parameter [8] as [BIGINT] - [528]
2023-08-14 13:34:04.527 DEBUG 8668 --- [    Test worker] org.hibernate.SQL                        : 
    select
        nextval(post_seq)
Hibernate: 
    select
        nextval(post_seq)
2023-08-14 13:34:04.527 DEBUG 8668 --- [    Test worker] org.hibernate.SQL                        : 
    insert 
    into
        tb_post
        (board_id, post_content, post_create_date, post_title, post_update_date, post_view_count, post_writer, post_id) 
    values
        (?, ?, ?, ?, ?, ?, ?, ?)
Hibernate: 
    insert 
    into
        tb_post
        (board_id, post_content, post_create_date, post_title, post_update_date, post_view_count, post_writer, post_id) 
    values
        (?, ?, ?, ?, ?, ?, ?, ?)
2023-08-14 13:34:04.527 TRACE 8668 --- [    Test worker] o.h.type.descriptor.sql.BasicBinder      : binding parameter [1] as [BIGINT] - [1]
2023-08-14 13:34:04.527 TRACE 8668 --- [    Test worker] o.h.type.descriptor.sql.BasicBinder      : binding parameter [2] as [VARCHAR] - [XE5dVhpsLH]
2023-08-14 13:34:04.527 TRACE 8668 --- [    Test worker] o.h.type.descriptor.sql.BasicBinder      : binding parameter [3] as [TIMESTAMP] - [2023-08-14 13:34:04.527]
2023-08-14 13:34:04.527 TRACE 8668 --- [    Test worker] o.h.type.descriptor.sql.BasicBinder      : binding parameter [4] as [VARCHAR] - [테스트 글 제목 126]
2023-08-14 13:34:04.527 TRACE 8668 --- [    Test worker] o.h.type.descriptor.sql.BasicBinder      : binding parameter [5] as [TIMESTAMP] - [2023-08-14 13:34:04.527]
2023-08-14 13:34:04.527 TRACE 8668 --- [    Test worker] o.h.type.descriptor.sql.BasicBinder      : binding parameter [6] as [INTEGER] - [0]
2023-08-14 13:34:04.527 TRACE 8668 --- [    Test worker] o.h.type.descriptor.sql.BasicBinder      : binding parameter [7] as [VARCHAR] - [자바]
2023-08-14 13:34:04.527 TRACE 8668 --- [    Test worker] o.h.type.descriptor.sql.BasicBinder      : binding parameter [8] as [BIGINT] - [529]
2023-08-14 13:34:04.527 DEBUG 8668 --- [    Test worker] org.hibernate.SQL                        : 
    select
        nextval(post_seq)
Hibernate: 
    select
        nextval(post_seq)
2023-08-14 13:34:04.527 DEBUG 8668 --- [    Test worker] org.hibernate.SQL                        : 
    insert 
    into
        tb_post
        (board_id, post_content, post_create_date, post_title, post_update_date, post_view_count, post_writer, post_id) 
    values
        (?, ?, ?, ?, ?, ?, ?, ?)
Hibernate: 
    insert 
    into
        tb_post
        (board_id, post_content, post_create_date, post_title, post_update_date, post_view_count, post_writer, post_id) 
    values
        (?, ?, ?, ?, ?, ?, ?, ?)
2023-08-14 13:34:04.527 TRACE 8668 --- [    Test worker] o.h.type.descriptor.sql.BasicBinder      : binding parameter [1] as [BIGINT] - [1]
2023-08-14 13:34:04.527 TRACE 8668 --- [    Test worker] o.h.type.descriptor.sql.BasicBinder      : binding parameter [2] as [VARCHAR] - [L8Xpg4gksT]
2023-08-14 13:34:04.527 TRACE 8668 --- [    Test worker] o.h.type.descriptor.sql.BasicBinder      : binding parameter [3] as [TIMESTAMP] - [2023-08-14 13:34:04.527]
2023-08-14 13:34:04.527 TRACE 8668 --- [    Test worker] o.h.type.descriptor.sql.BasicBinder      : binding parameter [4] as [VARCHAR] - [테스트 글 제목 127]
2023-08-14 13:34:04.527 TRACE 8668 --- [    Test worker] o.h.type.descriptor.sql.BasicBinder      : binding parameter [5] as [TIMESTAMP] - [2023-08-14 13:34:04.527]
2023-08-14 13:34:04.527 TRACE 8668 --- [    Test worker] o.h.type.descriptor.sql.BasicBinder      : binding parameter [6] as [INTEGER] - [0]
2023-08-14 13:34:04.527 TRACE 8668 --- [    Test worker] o.h.type.descriptor.sql.BasicBinder      : binding parameter [7] as [VARCHAR] - [자바]
2023-08-14 13:34:04.527 TRACE 8668 --- [    Test worker] o.h.type.descriptor.sql.BasicBinder      : binding parameter [8] as [BIGINT] - [530]
2023-08-14 13:34:04.527 DEBUG 8668 --- [    Test worker] org.hibernate.SQL                        : 
    select
        nextval(post_seq)
Hibernate: 
    select
        nextval(post_seq)
2023-08-14 13:34:04.527 DEBUG 8668 --- [    Test worker] org.hibernate.SQL                        : 
    insert 
    into
        tb_post
        (board_id, post_content, post_create_date, post_title, post_update_date, post_view_count, post_writer, post_id) 
    values
        (?, ?, ?, ?, ?, ?, ?, ?)
Hibernate: 
    insert 
    into
        tb_post
        (board_id, post_content, post_create_date, post_title, post_update_date, post_view_count, post_writer, post_id) 
    values
        (?, ?, ?, ?, ?, ?, ?, ?)
2023-08-14 13:34:04.527 TRACE 8668 --- [    Test worker] o.h.type.descriptor.sql.BasicBinder      : binding parameter [1] as [BIGINT] - [1]
2023-08-14 13:34:04.527 TRACE 8668 --- [    Test worker] o.h.type.descriptor.sql.BasicBinder      : binding parameter [2] as [VARCHAR] - [jfKmyMNzkT]
2023-08-14 13:34:04.527 TRACE 8668 --- [    Test worker] o.h.type.descriptor.sql.BasicBinder      : binding parameter [3] as [TIMESTAMP] - [2023-08-14 13:34:04.527]
2023-08-14 13:34:04.527 TRACE 8668 --- [    Test worker] o.h.type.descriptor.sql.BasicBinder      : binding parameter [4] as [VARCHAR] - [테스트 글 제목 128]
2023-08-14 13:34:04.527 TRACE 8668 --- [    Test worker] o.h.type.descriptor.sql.BasicBinder      : binding parameter [5] as [TIMESTAMP] - [2023-08-14 13:34:04.527]
2023-08-14 13:34:04.527 TRACE 8668 --- [    Test worker] o.h.type.descriptor.sql.BasicBinder      : binding parameter [6] as [INTEGER] - [0]
2023-08-14 13:34:04.527 TRACE 8668 --- [    Test worker] o.h.type.descriptor.sql.BasicBinder      : binding parameter [7] as [VARCHAR] - [자바]
2023-08-14 13:34:04.527 TRACE 8668 --- [    Test worker] o.h.type.descriptor.sql.BasicBinder      : binding parameter [8] as [BIGINT] - [531]
2023-08-14 13:34:04.527 DEBUG 8668 --- [    Test worker] org.hibernate.SQL                        : 
    select
        nextval(post_seq)
Hibernate: 
    select
        nextval(post_seq)
2023-08-14 13:34:04.527 DEBUG 8668 --- [    Test worker] org.hibernate.SQL                        : 
    insert 
    into
        tb_post
        (board_id, post_content, post_create_date, post_title, post_update_date, post_view_count, post_writer, post_id) 
    values
        (?, ?, ?, ?, ?, ?, ?, ?)
Hibernate: 
    insert 
    into
        tb_post
        (board_id, post_content, post_create_date, post_title, post_update_date, post_view_count, post_writer, post_id) 
    values
        (?, ?, ?, ?, ?, ?, ?, ?)
2023-08-14 13:34:04.527 TRACE 8668 --- [    Test worker] o.h.type.descriptor.sql.BasicBinder      : binding parameter [1] as [BIGINT] - [1]
2023-08-14 13:34:04.527 TRACE 8668 --- [    Test worker] o.h.type.descriptor.sql.BasicBinder      : binding parameter [2] as [VARCHAR] - [uWCdwYQPYD]
2023-08-14 13:34:04.527 TRACE 8668 --- [    Test worker] o.h.type.descriptor.sql.BasicBinder      : binding parameter [3] as [TIMESTAMP] - [2023-08-14 13:34:04.527]
2023-08-14 13:34:04.527 TRACE 8668 --- [    Test worker] o.h.type.descriptor.sql.BasicBinder      : binding parameter [4] as [VARCHAR] - [테스트 글 제목 129]
2023-08-14 13:34:04.527 TRACE 8668 --- [    Test worker] o.h.type.descriptor.sql.BasicBinder      : binding parameter [5] as [TIMESTAMP] - [2023-08-14 13:34:04.527]
2023-08-14 13:34:04.527 TRACE 8668 --- [    Test worker] o.h.type.descriptor.sql.BasicBinder      : binding parameter [6] as [INTEGER] - [0]
2023-08-14 13:34:04.527 TRACE 8668 --- [    Test worker] o.h.type.descriptor.sql.BasicBinder      : binding parameter [7] as [VARCHAR] - [자바]
2023-08-14 13:34:04.527 TRACE 8668 --- [    Test worker] o.h.type.descriptor.sql.BasicBinder      : binding parameter [8] as [BIGINT] - [532]
2023-08-14 13:34:04.543 DEBUG 8668 --- [    Test worker] org.hibernate.SQL                        : 
    select
        nextval(post_seq)
Hibernate: 
    select
        nextval(post_seq)
2023-08-14 13:34:04.543 DEBUG 8668 --- [    Test worker] org.hibernate.SQL                        : 
    insert 
    into
        tb_post
        (board_id, post_content, post_create_date, post_title, post_update_date, post_view_count, post_writer, post_id) 
    values
        (?, ?, ?, ?, ?, ?, ?, ?)
Hibernate: 
    insert 
    into
        tb_post
        (board_id, post_content, post_create_date, post_title, post_update_date, post_view_count, post_writer, post_id) 
    values
        (?, ?, ?, ?, ?, ?, ?, ?)
2023-08-14 13:34:04.543 TRACE 8668 --- [    Test worker] o.h.type.descriptor.sql.BasicBinder      : binding parameter [1] as [BIGINT] - [1]
2023-08-14 13:34:04.543 TRACE 8668 --- [    Test worker] o.h.type.descriptor.sql.BasicBinder      : binding parameter [2] as [VARCHAR] - [Pyx8au5BbB]
2023-08-14 13:34:04.543 TRACE 8668 --- [    Test worker] o.h.type.descriptor.sql.BasicBinder      : binding parameter [3] as [TIMESTAMP] - [2023-08-14 13:34:04.543]
2023-08-14 13:34:04.543 TRACE 8668 --- [    Test worker] o.h.type.descriptor.sql.BasicBinder      : binding parameter [4] as [VARCHAR] - [테스트 글 제목 130]
2023-08-14 13:34:04.543 TRACE 8668 --- [    Test worker] o.h.type.descriptor.sql.BasicBinder      : binding parameter [5] as [TIMESTAMP] - [2023-08-14 13:34:04.543]
2023-08-14 13:34:04.543 TRACE 8668 --- [    Test worker] o.h.type.descriptor.sql.BasicBinder      : binding parameter [6] as [INTEGER] - [0]
2023-08-14 13:34:04.543 TRACE 8668 --- [    Test worker] o.h.type.descriptor.sql.BasicBinder      : binding parameter [7] as [VARCHAR] - [자바]
2023-08-14 13:34:04.543 TRACE 8668 --- [    Test worker] o.h.type.descriptor.sql.BasicBinder      : binding parameter [8] as [BIGINT] - [533]
2023-08-14 13:34:04.543 DEBUG 8668 --- [    Test worker] org.hibernate.SQL                        : 
    select
        nextval(post_seq)
Hibernate: 
    select
        nextval(post_seq)
2023-08-14 13:34:04.543 DEBUG 8668 --- [    Test worker] org.hibernate.SQL                        : 
    insert 
    into
        tb_post
        (board_id, post_content, post_create_date, post_title, post_update_date, post_view_count, post_writer, post_id) 
    values
        (?, ?, ?, ?, ?, ?, ?, ?)
Hibernate: 
    insert 
    into
        tb_post
        (board_id, post_content, post_create_date, post_title, post_update_date, post_view_count, post_writer, post_id) 
    values
        (?, ?, ?, ?, ?, ?, ?, ?)
2023-08-14 13:34:04.543 TRACE 8668 --- [    Test worker] o.h.type.descriptor.sql.BasicBinder      : binding parameter [1] as [BIGINT] - [1]
2023-08-14 13:34:04.543 TRACE 8668 --- [    Test worker] o.h.type.descriptor.sql.BasicBinder      : binding parameter [2] as [VARCHAR] - [8njnTEQQrf]
2023-08-14 13:34:04.543 TRACE 8668 --- [    Test worker] o.h.type.descriptor.sql.BasicBinder      : binding parameter [3] as [TIMESTAMP] - [2023-08-14 13:34:04.543]
2023-08-14 13:34:04.543 TRACE 8668 --- [    Test worker] o.h.type.descriptor.sql.BasicBinder      : binding parameter [4] as [VARCHAR] - [테스트 글 제목 131]
2023-08-14 13:34:04.543 TRACE 8668 --- [    Test worker] o.h.type.descriptor.sql.BasicBinder      : binding parameter [5] as [TIMESTAMP] - [2023-08-14 13:34:04.543]
2023-08-14 13:34:04.543 TRACE 8668 --- [    Test worker] o.h.type.descriptor.sql.BasicBinder      : binding parameter [6] as [INTEGER] - [0]
2023-08-14 13:34:04.543 TRACE 8668 --- [    Test worker] o.h.type.descriptor.sql.BasicBinder      : binding parameter [7] as [VARCHAR] - [자바]
2023-08-14 13:34:04.543 TRACE 8668 --- [    Test worker] o.h.type.descriptor.sql.BasicBinder      : binding parameter [8] as [BIGINT] - [534]
2023-08-14 13:34:04.543 DEBUG 8668 --- [    Test worker] org.hibernate.SQL                        : 
    select
        nextval(post_seq)
Hibernate: 
    select
        nextval(post_seq)
2023-08-14 13:34:04.543 DEBUG 8668 --- [    Test worker] org.hibernate.SQL                        : 
    insert 
    into
        tb_post
        (board_id, post_content, post_create_date, post_title, post_update_date, post_view_count, post_writer, post_id) 
    values
        (?, ?, ?, ?, ?, ?, ?, ?)
Hibernate: 
    insert 
    into
        tb_post
        (board_id, post_content, post_create_date, post_title, post_update_date, post_view_count, post_writer, post_id) 
    values
        (?, ?, ?, ?, ?, ?, ?, ?)
2023-08-14 13:34:04.543 TRACE 8668 --- [    Test worker] o.h.type.descriptor.sql.BasicBinder      : binding parameter [1] as [BIGINT] - [1]
2023-08-14 13:34:04.543 TRACE 8668 --- [    Test worker] o.h.type.descriptor.sql.BasicBinder      : binding parameter [2] as [VARCHAR] - [2NPD15rMXF]
2023-08-14 13:34:04.543 TRACE 8668 --- [    Test worker] o.h.type.descriptor.sql.BasicBinder      : binding parameter [3] as [TIMESTAMP] - [2023-08-14 13:34:04.543]
2023-08-14 13:34:04.543 TRACE 8668 --- [    Test worker] o.h.type.descriptor.sql.BasicBinder      : binding parameter [4] as [VARCHAR] - [테스트 글 제목 132]
2023-08-14 13:34:04.543 TRACE 8668 --- [    Test worker] o.h.type.descriptor.sql.BasicBinder      : binding parameter [5] as [TIMESTAMP] - [2023-08-14 13:34:04.543]
2023-08-14 13:34:04.543 TRACE 8668 --- [    Test worker] o.h.type.descriptor.sql.BasicBinder      : binding parameter [6] as [INTEGER] - [0]
2023-08-14 13:34:04.543 TRACE 8668 --- [    Test worker] o.h.type.descriptor.sql.BasicBinder      : binding parameter [7] as [VARCHAR] - [자바]
2023-08-14 13:34:04.543 TRACE 8668 --- [    Test worker] o.h.type.descriptor.sql.BasicBinder      : binding parameter [8] as [BIGINT] - [535]
2023-08-14 13:34:04.543 DEBUG 8668 --- [    Test worker] org.hibernate.SQL                        : 
    select
        nextval(post_seq)
Hibernate: 
    select
        nextval(post_seq)
2023-08-14 13:34:04.543 DEBUG 8668 --- [    Test worker] org.hibernate.SQL                        : 
    insert 
    into
        tb_post
        (board_id, post_content, post_create_date, post_title, post_update_date, post_view_count, post_writer, post_id) 
    values
        (?, ?, ?, ?, ?, ?, ?, ?)
Hibernate: 
    insert 
    into
        tb_post
        (board_id, post_content, post_create_date, post_title, post_update_date, post_view_count, post_writer, post_id) 
    values
        (?, ?, ?, ?, ?, ?, ?, ?)
2023-08-14 13:34:04.543 TRACE 8668 --- [    Test worker] o.h.type.descriptor.sql.BasicBinder      : binding parameter [1] as [BIGINT] - [1]
2023-08-14 13:34:04.543 TRACE 8668 --- [    Test worker] o.h.type.descriptor.sql.BasicBinder      : binding parameter [2] as [VARCHAR] - [YKrUqV3b64]
2023-08-14 13:34:04.543 TRACE 8668 --- [    Test worker] o.h.type.descriptor.sql.BasicBinder      : binding parameter [3] as [TIMESTAMP] - [2023-08-14 13:34:04.543]
2023-08-14 13:34:04.543 TRACE 8668 --- [    Test worker] o.h.type.descriptor.sql.BasicBinder      : binding parameter [4] as [VARCHAR] - [테스트 글 제목 133]
2023-08-14 13:34:04.543 TRACE 8668 --- [    Test worker] o.h.type.descriptor.sql.BasicBinder      : binding parameter [5] as [TIMESTAMP] - [2023-08-14 13:34:04.543]
2023-08-14 13:34:04.543 TRACE 8668 --- [    Test worker] o.h.type.descriptor.sql.BasicBinder      : binding parameter [6] as [INTEGER] - [0]
2023-08-14 13:34:04.543 TRACE 8668 --- [    Test worker] o.h.type.descriptor.sql.BasicBinder      : binding parameter [7] as [VARCHAR] - [자바]
2023-08-14 13:34:04.543 TRACE 8668 --- [    Test worker] o.h.type.descriptor.sql.BasicBinder      : binding parameter [8] as [BIGINT] - [536]
2023-08-14 13:34:04.543 DEBUG 8668 --- [    Test worker] org.hibernate.SQL                        : 
    select
        nextval(post_seq)
Hibernate: 
    select
        nextval(post_seq)
2023-08-14 13:34:04.543 DEBUG 8668 --- [    Test worker] org.hibernate.SQL                        : 
    insert 
    into
        tb_post
        (board_id, post_content, post_create_date, post_title, post_update_date, post_view_count, post_writer, post_id) 
    values
        (?, ?, ?, ?, ?, ?, ?, ?)
Hibernate: 
    insert 
    into
        tb_post
        (board_id, post_content, post_create_date, post_title, post_update_date, post_view_count, post_writer, post_id) 
    values
        (?, ?, ?, ?, ?, ?, ?, ?)
2023-08-14 13:34:04.543 TRACE 8668 --- [    Test worker] o.h.type.descriptor.sql.BasicBinder      : binding parameter [1] as [BIGINT] - [1]
2023-08-14 13:34:04.543 TRACE 8668 --- [    Test worker] o.h.type.descriptor.sql.BasicBinder      : binding parameter [2] as [VARCHAR] - [9vmfKDEPHT]
2023-08-14 13:34:04.543 TRACE 8668 --- [    Test worker] o.h.type.descriptor.sql.BasicBinder      : binding parameter [3] as [TIMESTAMP] - [2023-08-14 13:34:04.543]
2023-08-14 13:34:04.543 TRACE 8668 --- [    Test worker] o.h.type.descriptor.sql.BasicBinder      : binding parameter [4] as [VARCHAR] - [테스트 글 제목 134]
2023-08-14 13:34:04.543 TRACE 8668 --- [    Test worker] o.h.type.descriptor.sql.BasicBinder      : binding parameter [5] as [TIMESTAMP] - [2023-08-14 13:34:04.543]
2023-08-14 13:34:04.543 TRACE 8668 --- [    Test worker] o.h.type.descriptor.sql.BasicBinder      : binding parameter [6] as [INTEGER] - [0]
2023-08-14 13:34:04.543 TRACE 8668 --- [    Test worker] o.h.type.descriptor.sql.BasicBinder      : binding parameter [7] as [VARCHAR] - [자바]
2023-08-14 13:34:04.543 TRACE 8668 --- [    Test worker] o.h.type.descriptor.sql.BasicBinder      : binding parameter [8] as [BIGINT] - [537]
2023-08-14 13:34:04.543 DEBUG 8668 --- [    Test worker] org.hibernate.SQL                        : 
    select
        nextval(post_seq)
Hibernate: 
    select
        nextval(post_seq)
2023-08-14 13:34:04.543 DEBUG 8668 --- [    Test worker] org.hibernate.SQL                        : 
    insert 
    into
        tb_post
        (board_id, post_content, post_create_date, post_title, post_update_date, post_view_count, post_writer, post_id) 
    values
        (?, ?, ?, ?, ?, ?, ?, ?)
Hibernate: 
    insert 
    into
        tb_post
        (board_id, post_content, post_create_date, post_title, post_update_date, post_view_count, post_writer, post_id) 
    values
        (?, ?, ?, ?, ?, ?, ?, ?)
2023-08-14 13:34:04.543 TRACE 8668 --- [    Test worker] o.h.type.descriptor.sql.BasicBinder      : binding parameter [1] as [BIGINT] - [1]
2023-08-14 13:34:04.543 TRACE 8668 --- [    Test worker] o.h.type.descriptor.sql.BasicBinder      : binding parameter [2] as [VARCHAR] - [VAQ8ZZgXxC]
2023-08-14 13:34:04.543 TRACE 8668 --- [    Test worker] o.h.type.descriptor.sql.BasicBinder      : binding parameter [3] as [TIMESTAMP] - [2023-08-14 13:34:04.543]
2023-08-14 13:34:04.543 TRACE 8668 --- [    Test worker] o.h.type.descriptor.sql.BasicBinder      : binding parameter [4] as [VARCHAR] - [테스트 글 제목 135]
2023-08-14 13:34:04.543 TRACE 8668 --- [    Test worker] o.h.type.descriptor.sql.BasicBinder      : binding parameter [5] as [TIMESTAMP] - [2023-08-14 13:34:04.543]
2023-08-14 13:34:04.543 TRACE 8668 --- [    Test worker] o.h.type.descriptor.sql.BasicBinder      : binding parameter [6] as [INTEGER] - [0]
2023-08-14 13:34:04.543 TRACE 8668 --- [    Test worker] o.h.type.descriptor.sql.BasicBinder      : binding parameter [7] as [VARCHAR] - [자바]
2023-08-14 13:34:04.543 TRACE 8668 --- [    Test worker] o.h.type.descriptor.sql.BasicBinder      : binding parameter [8] as [BIGINT] - [538]
2023-08-14 13:34:04.543 DEBUG 8668 --- [    Test worker] org.hibernate.SQL                        : 
    select
        nextval(post_seq)
Hibernate: 
    select
        nextval(post_seq)
2023-08-14 13:34:04.543 DEBUG 8668 --- [    Test worker] org.hibernate.SQL                        : 
    insert 
    into
        tb_post
        (board_id, post_content, post_create_date, post_title, post_update_date, post_view_count, post_writer, post_id) 
    values
        (?, ?, ?, ?, ?, ?, ?, ?)
Hibernate: 
    insert 
    into
        tb_post
        (board_id, post_content, post_create_date, post_title, post_update_date, post_view_count, post_writer, post_id) 
    values
        (?, ?, ?, ?, ?, ?, ?, ?)
2023-08-14 13:34:04.543 TRACE 8668 --- [    Test worker] o.h.type.descriptor.sql.BasicBinder      : binding parameter [1] as [BIGINT] - [1]
2023-08-14 13:34:04.543 TRACE 8668 --- [    Test worker] o.h.type.descriptor.sql.BasicBinder      : binding parameter [2] as [VARCHAR] - [62foXHtQcv]
2023-08-14 13:34:04.543 TRACE 8668 --- [    Test worker] o.h.type.descriptor.sql.BasicBinder      : binding parameter [3] as [TIMESTAMP] - [2023-08-14 13:34:04.543]
2023-08-14 13:34:04.543 TRACE 8668 --- [    Test worker] o.h.type.descriptor.sql.BasicBinder      : binding parameter [4] as [VARCHAR] - [테스트 글 제목 136]
2023-08-14 13:34:04.543 TRACE 8668 --- [    Test worker] o.h.type.descriptor.sql.BasicBinder      : binding parameter [5] as [TIMESTAMP] - [2023-08-14 13:34:04.543]
2023-08-14 13:34:04.543 TRACE 8668 --- [    Test worker] o.h.type.descriptor.sql.BasicBinder      : binding parameter [6] as [INTEGER] - [0]
2023-08-14 13:34:04.543 TRACE 8668 --- [    Test worker] o.h.type.descriptor.sql.BasicBinder      : binding parameter [7] as [VARCHAR] - [자바]
2023-08-14 13:34:04.543 TRACE 8668 --- [    Test worker] o.h.type.descriptor.sql.BasicBinder      : binding parameter [8] as [BIGINT] - [539]
2023-08-14 13:34:04.543 DEBUG 8668 --- [    Test worker] org.hibernate.SQL                        : 
    select
        nextval(post_seq)
Hibernate: 
    select
        nextval(post_seq)
2023-08-14 13:34:04.543 DEBUG 8668 --- [    Test worker] org.hibernate.SQL                        : 
    insert 
    into
        tb_post
        (board_id, post_content, post_create_date, post_title, post_update_date, post_view_count, post_writer, post_id) 
    values
        (?, ?, ?, ?, ?, ?, ?, ?)
Hibernate: 
    insert 
    into
        tb_post
        (board_id, post_content, post_create_date, post_title, post_update_date, post_view_count, post_writer, post_id) 
    values
        (?, ?, ?, ?, ?, ?, ?, ?)
2023-08-14 13:34:04.543 TRACE 8668 --- [    Test worker] o.h.type.descriptor.sql.BasicBinder      : binding parameter [1] as [BIGINT] - [1]
2023-08-14 13:34:04.543 TRACE 8668 --- [    Test worker] o.h.type.descriptor.sql.BasicBinder      : binding parameter [2] as [VARCHAR] - [6gcLuBQ6a3]
2023-08-14 13:34:04.543 TRACE 8668 --- [    Test worker] o.h.type.descriptor.sql.BasicBinder      : binding parameter [3] as [TIMESTAMP] - [2023-08-14 13:34:04.543]
2023-08-14 13:34:04.543 TRACE 8668 --- [    Test worker] o.h.type.descriptor.sql.BasicBinder      : binding parameter [4] as [VARCHAR] - [테스트 글 제목 137]
2023-08-14 13:34:04.543 TRACE 8668 --- [    Test worker] o.h.type.descriptor.sql.BasicBinder      : binding parameter [5] as [TIMESTAMP] - [2023-08-14 13:34:04.543]
2023-08-14 13:34:04.543 TRACE 8668 --- [    Test worker] o.h.type.descriptor.sql.BasicBinder      : binding parameter [6] as [INTEGER] - [0]
2023-08-14 13:34:04.543 TRACE 8668 --- [    Test worker] o.h.type.descriptor.sql.BasicBinder      : binding parameter [7] as [VARCHAR] - [자바]
2023-08-14 13:34:04.543 TRACE 8668 --- [    Test worker] o.h.type.descriptor.sql.BasicBinder      : binding parameter [8] as [BIGINT] - [540]
2023-08-14 13:34:04.543 DEBUG 8668 --- [    Test worker] org.hibernate.SQL                        : 
    select
        nextval(post_seq)
Hibernate: 
    select
        nextval(post_seq)
2023-08-14 13:34:04.543 DEBUG 8668 --- [    Test worker] org.hibernate.SQL                        : 
    insert 
    into
        tb_post
        (board_id, post_content, post_create_date, post_title, post_update_date, post_view_count, post_writer, post_id) 
    values
        (?, ?, ?, ?, ?, ?, ?, ?)
Hibernate: 
    insert 
    into
        tb_post
        (board_id, post_content, post_create_date, post_title, post_update_date, post_view_count, post_writer, post_id) 
    values
        (?, ?, ?, ?, ?, ?, ?, ?)
2023-08-14 13:34:04.543 TRACE 8668 --- [    Test worker] o.h.type.descriptor.sql.BasicBinder      : binding parameter [1] as [BIGINT] - [1]
2023-08-14 13:34:04.543 TRACE 8668 --- [    Test worker] o.h.type.descriptor.sql.BasicBinder      : binding parameter [2] as [VARCHAR] - [EguEnekZKt]
2023-08-14 13:34:04.543 TRACE 8668 --- [    Test worker] o.h.type.descriptor.sql.BasicBinder      : binding parameter [3] as [TIMESTAMP] - [2023-08-14 13:34:04.543]
2023-08-14 13:34:04.543 TRACE 8668 --- [    Test worker] o.h.type.descriptor.sql.BasicBinder      : binding parameter [4] as [VARCHAR] - [테스트 글 제목 138]
2023-08-14 13:34:04.543 TRACE 8668 --- [    Test worker] o.h.type.descriptor.sql.BasicBinder      : binding parameter [5] as [TIMESTAMP] - [2023-08-14 13:34:04.543]
2023-08-14 13:34:04.543 TRACE 8668 --- [    Test worker] o.h.type.descriptor.sql.BasicBinder      : binding parameter [6] as [INTEGER] - [0]
2023-08-14 13:34:04.543 TRACE 8668 --- [    Test worker] o.h.type.descriptor.sql.BasicBinder      : binding parameter [7] as [VARCHAR] - [자바]
2023-08-14 13:34:04.543 TRACE 8668 --- [    Test worker] o.h.type.descriptor.sql.BasicBinder      : binding parameter [8] as [BIGINT] - [541]
2023-08-14 13:34:04.543 DEBUG 8668 --- [    Test worker] org.hibernate.SQL                        : 
    select
        nextval(post_seq)
Hibernate: 
    select
        nextval(post_seq)
2023-08-14 13:34:04.543 DEBUG 8668 --- [    Test worker] org.hibernate.SQL                        : 
    insert 
    into
        tb_post
        (board_id, post_content, post_create_date, post_title, post_update_date, post_view_count, post_writer, post_id) 
    values
        (?, ?, ?, ?, ?, ?, ?, ?)
Hibernate: 
    insert 
    into
        tb_post
        (board_id, post_content, post_create_date, post_title, post_update_date, post_view_count, post_writer, post_id) 
    values
        (?, ?, ?, ?, ?, ?, ?, ?)
2023-08-14 13:34:04.543 TRACE 8668 --- [    Test worker] o.h.type.descriptor.sql.BasicBinder      : binding parameter [1] as [BIGINT] - [1]
2023-08-14 13:34:04.543 TRACE 8668 --- [    Test worker] o.h.type.descriptor.sql.BasicBinder      : binding parameter [2] as [VARCHAR] - [E23CM166Xw]
2023-08-14 13:34:04.543 TRACE 8668 --- [    Test worker] o.h.type.descriptor.sql.BasicBinder      : binding parameter [3] as [TIMESTAMP] - [2023-08-14 13:34:04.543]
2023-08-14 13:34:04.543 TRACE 8668 --- [    Test worker] o.h.type.descriptor.sql.BasicBinder      : binding parameter [4] as [VARCHAR] - [테스트 글 제목 139]
2023-08-14 13:34:04.543 TRACE 8668 --- [    Test worker] o.h.type.descriptor.sql.BasicBinder      : binding parameter [5] as [TIMESTAMP] - [2023-08-14 13:34:04.543]
2023-08-14 13:34:04.543 TRACE 8668 --- [    Test worker] o.h.type.descriptor.sql.BasicBinder      : binding parameter [6] as [INTEGER] - [0]
2023-08-14 13:34:04.543 TRACE 8668 --- [    Test worker] o.h.type.descriptor.sql.BasicBinder      : binding parameter [7] as [VARCHAR] - [자바]
2023-08-14 13:34:04.543 TRACE 8668 --- [    Test worker] o.h.type.descriptor.sql.BasicBinder      : binding parameter [8] as [BIGINT] - [542]
2023-08-14 13:34:04.543 DEBUG 8668 --- [    Test worker] org.hibernate.SQL                        : 
    select
        nextval(post_seq)
Hibernate: 
    select
        nextval(post_seq)
2023-08-14 13:34:04.543 DEBUG 8668 --- [    Test worker] org.hibernate.SQL                        : 
    insert 
    into
        tb_post
        (board_id, post_content, post_create_date, post_title, post_update_date, post_view_count, post_writer, post_id) 
    values
        (?, ?, ?, ?, ?, ?, ?, ?)
Hibernate: 
    insert 
    into
        tb_post
        (board_id, post_content, post_create_date, post_title, post_update_date, post_view_count, post_writer, post_id) 
    values
        (?, ?, ?, ?, ?, ?, ?, ?)
2023-08-14 13:34:04.543 TRACE 8668 --- [    Test worker] o.h.type.descriptor.sql.BasicBinder      : binding parameter [1] as [BIGINT] - [1]
2023-08-14 13:34:04.543 TRACE 8668 --- [    Test worker] o.h.type.descriptor.sql.BasicBinder      : binding parameter [2] as [VARCHAR] - [ITfwtEeE2U]
2023-08-14 13:34:04.543 TRACE 8668 --- [    Test worker] o.h.type.descriptor.sql.BasicBinder      : binding parameter [3] as [TIMESTAMP] - [2023-08-14 13:34:04.543]
2023-08-14 13:34:04.543 TRACE 8668 --- [    Test worker] o.h.type.descriptor.sql.BasicBinder      : binding parameter [4] as [VARCHAR] - [테스트 글 제목 140]
2023-08-14 13:34:04.543 TRACE 8668 --- [    Test worker] o.h.type.descriptor.sql.BasicBinder      : binding parameter [5] as [TIMESTAMP] - [2023-08-14 13:34:04.543]
2023-08-14 13:34:04.543 TRACE 8668 --- [    Test worker] o.h.type.descriptor.sql.BasicBinder      : binding parameter [6] as [INTEGER] - [0]
2023-08-14 13:34:04.543 TRACE 8668 --- [    Test worker] o.h.type.descriptor.sql.BasicBinder      : binding parameter [7] as [VARCHAR] - [자바]
2023-08-14 13:34:04.543 TRACE 8668 --- [    Test worker] o.h.type.descriptor.sql.BasicBinder      : binding parameter [8] as [BIGINT] - [543]
2023-08-14 13:34:04.543 DEBUG 8668 --- [    Test worker] org.hibernate.SQL                        : 
    select
        nextval(post_seq)
Hibernate: 
    select
        nextval(post_seq)
2023-08-14 13:34:04.543 DEBUG 8668 --- [    Test worker] org.hibernate.SQL                        : 
    insert 
    into
        tb_post
        (board_id, post_content, post_create_date, post_title, post_update_date, post_view_count, post_writer, post_id) 
    values
        (?, ?, ?, ?, ?, ?, ?, ?)
Hibernate: 
    insert 
    into
        tb_post
        (board_id, post_content, post_create_date, post_title, post_update_date, post_view_count, post_writer, post_id) 
    values
        (?, ?, ?, ?, ?, ?, ?, ?)
2023-08-14 13:34:04.543 TRACE 8668 --- [    Test worker] o.h.type.descriptor.sql.BasicBinder      : binding parameter [1] as [BIGINT] - [1]
2023-08-14 13:34:04.543 TRACE 8668 --- [    Test worker] o.h.type.descriptor.sql.BasicBinder      : binding parameter [2] as [VARCHAR] - [CPMmKAZdAu]
2023-08-14 13:34:04.543 TRACE 8668 --- [    Test worker] o.h.type.descriptor.sql.BasicBinder      : binding parameter [3] as [TIMESTAMP] - [2023-08-14 13:34:04.543]
2023-08-14 13:34:04.543 TRACE 8668 --- [    Test worker] o.h.type.descriptor.sql.BasicBinder      : binding parameter [4] as [VARCHAR] - [테스트 글 제목 141]
2023-08-14 13:34:04.543 TRACE 8668 --- [    Test worker] o.h.type.descriptor.sql.BasicBinder      : binding parameter [5] as [TIMESTAMP] - [2023-08-14 13:34:04.543]
2023-08-14 13:34:04.543 TRACE 8668 --- [    Test worker] o.h.type.descriptor.sql.BasicBinder      : binding parameter [6] as [INTEGER] - [0]
2023-08-14 13:34:04.543 TRACE 8668 --- [    Test worker] o.h.type.descriptor.sql.BasicBinder      : binding parameter [7] as [VARCHAR] - [자바]
2023-08-14 13:34:04.543 TRACE 8668 --- [    Test worker] o.h.type.descriptor.sql.BasicBinder      : binding parameter [8] as [BIGINT] - [544]
2023-08-14 13:34:04.558 DEBUG 8668 --- [    Test worker] org.hibernate.SQL                        : 
    select
        nextval(post_seq)
Hibernate: 
    select
        nextval(post_seq)
2023-08-14 13:34:04.558 DEBUG 8668 --- [    Test worker] org.hibernate.SQL                        : 
    insert 
    into
        tb_post
        (board_id, post_content, post_create_date, post_title, post_update_date, post_view_count, post_writer, post_id) 
    values
        (?, ?, ?, ?, ?, ?, ?, ?)
Hibernate: 
    insert 
    into
        tb_post
        (board_id, post_content, post_create_date, post_title, post_update_date, post_view_count, post_writer, post_id) 
    values
        (?, ?, ?, ?, ?, ?, ?, ?)
2023-08-14 13:34:04.558 TRACE 8668 --- [    Test worker] o.h.type.descriptor.sql.BasicBinder      : binding parameter [1] as [BIGINT] - [1]
2023-08-14 13:34:04.558 TRACE 8668 --- [    Test worker] o.h.type.descriptor.sql.BasicBinder      : binding parameter [2] as [VARCHAR] - [lhTxUGdMyG]
2023-08-14 13:34:04.558 TRACE 8668 --- [    Test worker] o.h.type.descriptor.sql.BasicBinder      : binding parameter [3] as [TIMESTAMP] - [2023-08-14 13:34:04.558]
2023-08-14 13:34:04.558 TRACE 8668 --- [    Test worker] o.h.type.descriptor.sql.BasicBinder      : binding parameter [4] as [VARCHAR] - [테스트 글 제목 142]
2023-08-14 13:34:04.558 TRACE 8668 --- [    Test worker] o.h.type.descriptor.sql.BasicBinder      : binding parameter [5] as [TIMESTAMP] - [2023-08-14 13:34:04.558]
2023-08-14 13:34:04.558 TRACE 8668 --- [    Test worker] o.h.type.descriptor.sql.BasicBinder      : binding parameter [6] as [INTEGER] - [0]
2023-08-14 13:34:04.558 TRACE 8668 --- [    Test worker] o.h.type.descriptor.sql.BasicBinder      : binding parameter [7] as [VARCHAR] - [자바]
2023-08-14 13:34:04.558 TRACE 8668 --- [    Test worker] o.h.type.descriptor.sql.BasicBinder      : binding parameter [8] as [BIGINT] - [545]
2023-08-14 13:34:04.558 DEBUG 8668 --- [    Test worker] org.hibernate.SQL                        : 
    select
        nextval(post_seq)
Hibernate: 
    select
        nextval(post_seq)
2023-08-14 13:34:04.558 DEBUG 8668 --- [    Test worker] org.hibernate.SQL                        : 
    insert 
    into
        tb_post
        (board_id, post_content, post_create_date, post_title, post_update_date, post_view_count, post_writer, post_id) 
    values
        (?, ?, ?, ?, ?, ?, ?, ?)
Hibernate: 
    insert 
    into
        tb_post
        (board_id, post_content, post_create_date, post_title, post_update_date, post_view_count, post_writer, post_id) 
    values
        (?, ?, ?, ?, ?, ?, ?, ?)
2023-08-14 13:34:04.558 TRACE 8668 --- [    Test worker] o.h.type.descriptor.sql.BasicBinder      : binding parameter [1] as [BIGINT] - [1]
2023-08-14 13:34:04.558 TRACE 8668 --- [    Test worker] o.h.type.descriptor.sql.BasicBinder      : binding parameter [2] as [VARCHAR] - [HJUQOVkCAT]
2023-08-14 13:34:04.558 TRACE 8668 --- [    Test worker] o.h.type.descriptor.sql.BasicBinder      : binding parameter [3] as [TIMESTAMP] - [2023-08-14 13:34:04.558]
2023-08-14 13:34:04.558 TRACE 8668 --- [    Test worker] o.h.type.descriptor.sql.BasicBinder      : binding parameter [4] as [VARCHAR] - [테스트 글 제목 143]
2023-08-14 13:34:04.558 TRACE 8668 --- [    Test worker] o.h.type.descriptor.sql.BasicBinder      : binding parameter [5] as [TIMESTAMP] - [2023-08-14 13:34:04.558]
2023-08-14 13:34:04.558 TRACE 8668 --- [    Test worker] o.h.type.descriptor.sql.BasicBinder      : binding parameter [6] as [INTEGER] - [0]
2023-08-14 13:34:04.558 TRACE 8668 --- [    Test worker] o.h.type.descriptor.sql.BasicBinder      : binding parameter [7] as [VARCHAR] - [자바]
2023-08-14 13:34:04.558 TRACE 8668 --- [    Test worker] o.h.type.descriptor.sql.BasicBinder      : binding parameter [8] as [BIGINT] - [546]
2023-08-14 13:34:04.558 DEBUG 8668 --- [    Test worker] org.hibernate.SQL                        : 
    select
        nextval(post_seq)
Hibernate: 
    select
        nextval(post_seq)
2023-08-14 13:34:04.558 DEBUG 8668 --- [    Test worker] org.hibernate.SQL                        : 
    insert 
    into
        tb_post
        (board_id, post_content, post_create_date, post_title, post_update_date, post_view_count, post_writer, post_id) 
    values
        (?, ?, ?, ?, ?, ?, ?, ?)
Hibernate: 
    insert 
    into
        tb_post
        (board_id, post_content, post_create_date, post_title, post_update_date, post_view_count, post_writer, post_id) 
    values
        (?, ?, ?, ?, ?, ?, ?, ?)
2023-08-14 13:34:04.558 TRACE 8668 --- [    Test worker] o.h.type.descriptor.sql.BasicBinder      : binding parameter [1] as [BIGINT] - [1]
2023-08-14 13:34:04.558 TRACE 8668 --- [    Test worker] o.h.type.descriptor.sql.BasicBinder      : binding parameter [2] as [VARCHAR] - [EPWFkqlLF7]
2023-08-14 13:34:04.558 TRACE 8668 --- [    Test worker] o.h.type.descriptor.sql.BasicBinder      : binding parameter [3] as [TIMESTAMP] - [2023-08-14 13:34:04.558]
2023-08-14 13:34:04.558 TRACE 8668 --- [    Test worker] o.h.type.descriptor.sql.BasicBinder      : binding parameter [4] as [VARCHAR] - [테스트 글 제목 144]
2023-08-14 13:34:04.558 TRACE 8668 --- [    Test worker] o.h.type.descriptor.sql.BasicBinder      : binding parameter [5] as [TIMESTAMP] - [2023-08-14 13:34:04.558]
2023-08-14 13:34:04.558 TRACE 8668 --- [    Test worker] o.h.type.descriptor.sql.BasicBinder      : binding parameter [6] as [INTEGER] - [0]
2023-08-14 13:34:04.558 TRACE 8668 --- [    Test worker] o.h.type.descriptor.sql.BasicBinder      : binding parameter [7] as [VARCHAR] - [자바]
2023-08-14 13:34:04.558 TRACE 8668 --- [    Test worker] o.h.type.descriptor.sql.BasicBinder      : binding parameter [8] as [BIGINT] - [547]
2023-08-14 13:34:04.558 DEBUG 8668 --- [    Test worker] org.hibernate.SQL                        : 
    select
        nextval(post_seq)
Hibernate: 
    select
        nextval(post_seq)
2023-08-14 13:34:04.558 DEBUG 8668 --- [    Test worker] org.hibernate.SQL                        : 
    insert 
    into
        tb_post
        (board_id, post_content, post_create_date, post_title, post_update_date, post_view_count, post_writer, post_id) 
    values
        (?, ?, ?, ?, ?, ?, ?, ?)
Hibernate: 
    insert 
    into
        tb_post
        (board_id, post_content, post_create_date, post_title, post_update_date, post_view_count, post_writer, post_id) 
    values
        (?, ?, ?, ?, ?, ?, ?, ?)
2023-08-14 13:34:04.558 TRACE 8668 --- [    Test worker] o.h.type.descriptor.sql.BasicBinder      : binding parameter [1] as [BIGINT] - [1]
2023-08-14 13:34:04.558 TRACE 8668 --- [    Test worker] o.h.type.descriptor.sql.BasicBinder      : binding parameter [2] as [VARCHAR] - [8NfSbJ9U8a]
2023-08-14 13:34:04.558 TRACE 8668 --- [    Test worker] o.h.type.descriptor.sql.BasicBinder      : binding parameter [3] as [TIMESTAMP] - [2023-08-14 13:34:04.558]
2023-08-14 13:34:04.558 TRACE 8668 --- [    Test worker] o.h.type.descriptor.sql.BasicBinder      : binding parameter [4] as [VARCHAR] - [테스트 글 제목 145]
2023-08-14 13:34:04.558 TRACE 8668 --- [    Test worker] o.h.type.descriptor.sql.BasicBinder      : binding parameter [5] as [TIMESTAMP] - [2023-08-14 13:34:04.558]
2023-08-14 13:34:04.558 TRACE 8668 --- [    Test worker] o.h.type.descriptor.sql.BasicBinder      : binding parameter [6] as [INTEGER] - [0]
2023-08-14 13:34:04.558 TRACE 8668 --- [    Test worker] o.h.type.descriptor.sql.BasicBinder      : binding parameter [7] as [VARCHAR] - [자바]
2023-08-14 13:34:04.558 TRACE 8668 --- [    Test worker] o.h.type.descriptor.sql.BasicBinder      : binding parameter [8] as [BIGINT] - [548]
2023-08-14 13:34:04.558 DEBUG 8668 --- [    Test worker] org.hibernate.SQL                        : 
    select
        nextval(post_seq)
Hibernate: 
    select
        nextval(post_seq)
2023-08-14 13:34:04.558 DEBUG 8668 --- [    Test worker] org.hibernate.SQL                        : 
    insert 
    into
        tb_post
        (board_id, post_content, post_create_date, post_title, post_update_date, post_view_count, post_writer, post_id) 
    values
        (?, ?, ?, ?, ?, ?, ?, ?)
Hibernate: 
    insert 
    into
        tb_post
        (board_id, post_content, post_create_date, post_title, post_update_date, post_view_count, post_writer, post_id) 
    values
        (?, ?, ?, ?, ?, ?, ?, ?)
2023-08-14 13:34:04.558 TRACE 8668 --- [    Test worker] o.h.type.descriptor.sql.BasicBinder      : binding parameter [1] as [BIGINT] - [1]
2023-08-14 13:34:04.558 TRACE 8668 --- [    Test worker] o.h.type.descriptor.sql.BasicBinder      : binding parameter [2] as [VARCHAR] - [ShkzNsb6uP]
2023-08-14 13:34:04.558 TRACE 8668 --- [    Test worker] o.h.type.descriptor.sql.BasicBinder      : binding parameter [3] as [TIMESTAMP] - [2023-08-14 13:34:04.558]
2023-08-14 13:34:04.558 TRACE 8668 --- [    Test worker] o.h.type.descriptor.sql.BasicBinder      : binding parameter [4] as [VARCHAR] - [테스트 글 제목 146]
2023-08-14 13:34:04.558 TRACE 8668 --- [    Test worker] o.h.type.descriptor.sql.BasicBinder      : binding parameter [5] as [TIMESTAMP] - [2023-08-14 13:34:04.558]
2023-08-14 13:34:04.558 TRACE 8668 --- [    Test worker] o.h.type.descriptor.sql.BasicBinder      : binding parameter [6] as [INTEGER] - [0]
2023-08-14 13:34:04.558 TRACE 8668 --- [    Test worker] o.h.type.descriptor.sql.BasicBinder      : binding parameter [7] as [VARCHAR] - [자바]
2023-08-14 13:34:04.558 TRACE 8668 --- [    Test worker] o.h.type.descriptor.sql.BasicBinder      : binding parameter [8] as [BIGINT] - [549]
2023-08-14 13:34:04.558 DEBUG 8668 --- [    Test worker] org.hibernate.SQL                        : 
    select
        nextval(post_seq)
Hibernate: 
    select
        nextval(post_seq)
2023-08-14 13:34:04.558 DEBUG 8668 --- [    Test worker] org.hibernate.SQL                        : 
    insert 
    into
        tb_post
        (board_id, post_content, post_create_date, post_title, post_update_date, post_view_count, post_writer, post_id) 
    values
        (?, ?, ?, ?, ?, ?, ?, ?)
Hibernate: 
    insert 
    into
        tb_post
        (board_id, post_content, post_create_date, post_title, post_update_date, post_view_count, post_writer, post_id) 
    values
        (?, ?, ?, ?, ?, ?, ?, ?)
2023-08-14 13:34:04.558 TRACE 8668 --- [    Test worker] o.h.type.descriptor.sql.BasicBinder      : binding parameter [1] as [BIGINT] - [1]
2023-08-14 13:34:04.558 TRACE 8668 --- [    Test worker] o.h.type.descriptor.sql.BasicBinder      : binding parameter [2] as [VARCHAR] - [6c6situ4xX]
2023-08-14 13:34:04.558 TRACE 8668 --- [    Test worker] o.h.type.descriptor.sql.BasicBinder      : binding parameter [3] as [TIMESTAMP] - [2023-08-14 13:34:04.558]
2023-08-14 13:34:04.558 TRACE 8668 --- [    Test worker] o.h.type.descriptor.sql.BasicBinder      : binding parameter [4] as [VARCHAR] - [테스트 글 제목 147]
2023-08-14 13:34:04.558 TRACE 8668 --- [    Test worker] o.h.type.descriptor.sql.BasicBinder      : binding parameter [5] as [TIMESTAMP] - [2023-08-14 13:34:04.558]
2023-08-14 13:34:04.558 TRACE 8668 --- [    Test worker] o.h.type.descriptor.sql.BasicBinder      : binding parameter [6] as [INTEGER] - [0]
2023-08-14 13:34:04.558 TRACE 8668 --- [    Test worker] o.h.type.descriptor.sql.BasicBinder      : binding parameter [7] as [VARCHAR] - [자바]
2023-08-14 13:34:04.558 TRACE 8668 --- [    Test worker] o.h.type.descriptor.sql.BasicBinder      : binding parameter [8] as [BIGINT] - [550]
2023-08-14 13:34:04.558 DEBUG 8668 --- [    Test worker] org.hibernate.SQL                        : 
    select
        nextval(post_seq)
Hibernate: 
    select
        nextval(post_seq)
2023-08-14 13:34:04.558 DEBUG 8668 --- [    Test worker] org.hibernate.SQL                        : 
    insert 
    into
        tb_post
        (board_id, post_content, post_create_date, post_title, post_update_date, post_view_count, post_writer, post_id) 
    values
        (?, ?, ?, ?, ?, ?, ?, ?)
Hibernate: 
    insert 
    into
        tb_post
        (board_id, post_content, post_create_date, post_title, post_update_date, post_view_count, post_writer, post_id) 
    values
        (?, ?, ?, ?, ?, ?, ?, ?)
2023-08-14 13:34:04.558 TRACE 8668 --- [    Test worker] o.h.type.descriptor.sql.BasicBinder      : binding parameter [1] as [BIGINT] - [1]
2023-08-14 13:34:04.558 TRACE 8668 --- [    Test worker] o.h.type.descriptor.sql.BasicBinder      : binding parameter [2] as [VARCHAR] - [gbq0Lkpc7A]
2023-08-14 13:34:04.558 TRACE 8668 --- [    Test worker] o.h.type.descriptor.sql.BasicBinder      : binding parameter [3] as [TIMESTAMP] - [2023-08-14 13:34:04.558]
2023-08-14 13:34:04.558 TRACE 8668 --- [    Test worker] o.h.type.descriptor.sql.BasicBinder      : binding parameter [4] as [VARCHAR] - [테스트 글 제목 148]
2023-08-14 13:34:04.558 TRACE 8668 --- [    Test worker] o.h.type.descriptor.sql.BasicBinder      : binding parameter [5] as [TIMESTAMP] - [2023-08-14 13:34:04.558]
2023-08-14 13:34:04.558 TRACE 8668 --- [    Test worker] o.h.type.descriptor.sql.BasicBinder      : binding parameter [6] as [INTEGER] - [0]
2023-08-14 13:34:04.558 TRACE 8668 --- [    Test worker] o.h.type.descriptor.sql.BasicBinder      : binding parameter [7] as [VARCHAR] - [자바]
2023-08-14 13:34:04.558 TRACE 8668 --- [    Test worker] o.h.type.descriptor.sql.BasicBinder      : binding parameter [8] as [BIGINT] - [551]
2023-08-14 13:34:04.558 DEBUG 8668 --- [    Test worker] org.hibernate.SQL                        : 
    select
        nextval(post_seq)
Hibernate: 
    select
        nextval(post_seq)
2023-08-14 13:34:04.558 DEBUG 8668 --- [    Test worker] org.hibernate.SQL                        : 
    insert 
    into
        tb_post
        (board_id, post_content, post_create_date, post_title, post_update_date, post_view_count, post_writer, post_id) 
    values
        (?, ?, ?, ?, ?, ?, ?, ?)
Hibernate: 
    insert 
    into
        tb_post
        (board_id, post_content, post_create_date, post_title, post_update_date, post_view_count, post_writer, post_id) 
    values
        (?, ?, ?, ?, ?, ?, ?, ?)
2023-08-14 13:34:04.558 TRACE 8668 --- [    Test worker] o.h.type.descriptor.sql.BasicBinder      : binding parameter [1] as [BIGINT] - [1]
2023-08-14 13:34:04.558 TRACE 8668 --- [    Test worker] o.h.type.descriptor.sql.BasicBinder      : binding parameter [2] as [VARCHAR] - [cXyDXhsHw2]
2023-08-14 13:34:04.558 TRACE 8668 --- [    Test worker] o.h.type.descriptor.sql.BasicBinder      : binding parameter [3] as [TIMESTAMP] - [2023-08-14 13:34:04.558]
2023-08-14 13:34:04.558 TRACE 8668 --- [    Test worker] o.h.type.descriptor.sql.BasicBinder      : binding parameter [4] as [VARCHAR] - [테스트 글 제목 149]
2023-08-14 13:34:04.558 TRACE 8668 --- [    Test worker] o.h.type.descriptor.sql.BasicBinder      : binding parameter [5] as [TIMESTAMP] - [2023-08-14 13:34:04.558]
2023-08-14 13:34:04.558 TRACE 8668 --- [    Test worker] o.h.type.descriptor.sql.BasicBinder      : binding parameter [6] as [INTEGER] - [0]
2023-08-14 13:34:04.558 TRACE 8668 --- [    Test worker] o.h.type.descriptor.sql.BasicBinder      : binding parameter [7] as [VARCHAR] - [자바]
2023-08-14 13:34:04.558 TRACE 8668 --- [    Test worker] o.h.type.descriptor.sql.BasicBinder      : binding parameter [8] as [BIGINT] - [552]
2023-08-14 13:34:04.558 DEBUG 8668 --- [    Test worker] org.hibernate.SQL                        : 
    select
        nextval(post_seq)
Hibernate: 
    select
        nextval(post_seq)
2023-08-14 13:34:04.558 DEBUG 8668 --- [    Test worker] org.hibernate.SQL                        : 
    insert 
    into
        tb_post
        (board_id, post_content, post_create_date, post_title, post_update_date, post_view_count, post_writer, post_id) 
    values
        (?, ?, ?, ?, ?, ?, ?, ?)
Hibernate: 
    insert 
    into
        tb_post
        (board_id, post_content, post_create_date, post_title, post_update_date, post_view_count, post_writer, post_id) 
    values
        (?, ?, ?, ?, ?, ?, ?, ?)
2023-08-14 13:34:04.558 TRACE 8668 --- [    Test worker] o.h.type.descriptor.sql.BasicBinder      : binding parameter [1] as [BIGINT] - [1]
2023-08-14 13:34:04.558 TRACE 8668 --- [    Test worker] o.h.type.descriptor.sql.BasicBinder      : binding parameter [2] as [VARCHAR] - [iEB0zZNZts]
2023-08-14 13:34:04.558 TRACE 8668 --- [    Test worker] o.h.type.descriptor.sql.BasicBinder      : binding parameter [3] as [TIMESTAMP] - [2023-08-14 13:34:04.558]
2023-08-14 13:34:04.558 TRACE 8668 --- [    Test worker] o.h.type.descriptor.sql.BasicBinder      : binding parameter [4] as [VARCHAR] - [테스트 글 제목 150]
2023-08-14 13:34:04.558 TRACE 8668 --- [    Test worker] o.h.type.descriptor.sql.BasicBinder      : binding parameter [5] as [TIMESTAMP] - [2023-08-14 13:34:04.558]
2023-08-14 13:34:04.558 TRACE 8668 --- [    Test worker] o.h.type.descriptor.sql.BasicBinder      : binding parameter [6] as [INTEGER] - [0]
2023-08-14 13:34:04.558 TRACE 8668 --- [    Test worker] o.h.type.descriptor.sql.BasicBinder      : binding parameter [7] as [VARCHAR] - [자바]
2023-08-14 13:34:04.558 TRACE 8668 --- [    Test worker] o.h.type.descriptor.sql.BasicBinder      : binding parameter [8] as [BIGINT] - [553]
2023-08-14 13:34:04.558 DEBUG 8668 --- [    Test worker] org.hibernate.SQL                        : 
    select
        nextval(post_seq)
Hibernate: 
    select
        nextval(post_seq)
2023-08-14 13:34:04.558 DEBUG 8668 --- [    Test worker] org.hibernate.SQL                        : 
    insert 
    into
        tb_post
        (board_id, post_content, post_create_date, post_title, post_update_date, post_view_count, post_writer, post_id) 
    values
        (?, ?, ?, ?, ?, ?, ?, ?)
Hibernate: 
    insert 
    into
        tb_post
        (board_id, post_content, post_create_date, post_title, post_update_date, post_view_count, post_writer, post_id) 
    values
        (?, ?, ?, ?, ?, ?, ?, ?)
2023-08-14 13:34:04.558 TRACE 8668 --- [    Test worker] o.h.type.descriptor.sql.BasicBinder      : binding parameter [1] as [BIGINT] - [1]
2023-08-14 13:34:04.558 TRACE 8668 --- [    Test worker] o.h.type.descriptor.sql.BasicBinder      : binding parameter [2] as [VARCHAR] - [l5AuTC2V88]
2023-08-14 13:34:04.558 TRACE 8668 --- [    Test worker] o.h.type.descriptor.sql.BasicBinder      : binding parameter [3] as [TIMESTAMP] - [2023-08-14 13:34:04.558]
2023-08-14 13:34:04.558 TRACE 8668 --- [    Test worker] o.h.type.descriptor.sql.BasicBinder      : binding parameter [4] as [VARCHAR] - [테스트 글 제목 151]
2023-08-14 13:34:04.558 TRACE 8668 --- [    Test worker] o.h.type.descriptor.sql.BasicBinder      : binding parameter [5] as [TIMESTAMP] - [2023-08-14 13:34:04.558]
2023-08-14 13:34:04.558 TRACE 8668 --- [    Test worker] o.h.type.descriptor.sql.BasicBinder      : binding parameter [6] as [INTEGER] - [0]
2023-08-14 13:34:04.558 TRACE 8668 --- [    Test worker] o.h.type.descriptor.sql.BasicBinder      : binding parameter [7] as [VARCHAR] - [자바]
2023-08-14 13:34:04.558 TRACE 8668 --- [    Test worker] o.h.type.descriptor.sql.BasicBinder      : binding parameter [8] as [BIGINT] - [554]
2023-08-14 13:34:04.574 DEBUG 8668 --- [    Test worker] org.hibernate.SQL                        : 
    select
        nextval(post_seq)
Hibernate: 
    select
        nextval(post_seq)
2023-08-14 13:34:04.574 DEBUG 8668 --- [    Test worker] org.hibernate.SQL                        : 
    insert 
    into
        tb_post
        (board_id, post_content, post_create_date, post_title, post_update_date, post_view_count, post_writer, post_id) 
    values
        (?, ?, ?, ?, ?, ?, ?, ?)
Hibernate: 
    insert 
    into
        tb_post
        (board_id, post_content, post_create_date, post_title, post_update_date, post_view_count, post_writer, post_id) 
    values
        (?, ?, ?, ?, ?, ?, ?, ?)
2023-08-14 13:34:04.574 TRACE 8668 --- [    Test worker] o.h.type.descriptor.sql.BasicBinder      : binding parameter [1] as [BIGINT] - [1]
2023-08-14 13:34:04.574 TRACE 8668 --- [    Test worker] o.h.type.descriptor.sql.BasicBinder      : binding parameter [2] as [VARCHAR] - [Hl6EhLpqZX]
2023-08-14 13:34:04.574 TRACE 8668 --- [    Test worker] o.h.type.descriptor.sql.BasicBinder      : binding parameter [3] as [TIMESTAMP] - [2023-08-14 13:34:04.574]
2023-08-14 13:34:04.574 TRACE 8668 --- [    Test worker] o.h.type.descriptor.sql.BasicBinder      : binding parameter [4] as [VARCHAR] - [테스트 글 제목 152]
2023-08-14 13:34:04.574 TRACE 8668 --- [    Test worker] o.h.type.descriptor.sql.BasicBinder      : binding parameter [5] as [TIMESTAMP] - [2023-08-14 13:34:04.574]
2023-08-14 13:34:04.574 TRACE 8668 --- [    Test worker] o.h.type.descriptor.sql.BasicBinder      : binding parameter [6] as [INTEGER] - [0]
2023-08-14 13:34:04.574 TRACE 8668 --- [    Test worker] o.h.type.descriptor.sql.BasicBinder      : binding parameter [7] as [VARCHAR] - [자바]
2023-08-14 13:34:04.574 TRACE 8668 --- [    Test worker] o.h.type.descriptor.sql.BasicBinder      : binding parameter [8] as [BIGINT] - [555]
2023-08-14 13:34:04.574 DEBUG 8668 --- [    Test worker] org.hibernate.SQL                        : 
    select
        nextval(post_seq)
Hibernate: 
    select
        nextval(post_seq)
2023-08-14 13:34:04.574 DEBUG 8668 --- [    Test worker] org.hibernate.SQL                        : 
    insert 
    into
        tb_post
        (board_id, post_content, post_create_date, post_title, post_update_date, post_view_count, post_writer, post_id) 
    values
        (?, ?, ?, ?, ?, ?, ?, ?)
Hibernate: 
    insert 
    into
        tb_post
        (board_id, post_content, post_create_date, post_title, post_update_date, post_view_count, post_writer, post_id) 
    values
        (?, ?, ?, ?, ?, ?, ?, ?)
2023-08-14 13:34:04.574 TRACE 8668 --- [    Test worker] o.h.type.descriptor.sql.BasicBinder      : binding parameter [1] as [BIGINT] - [1]
2023-08-14 13:34:04.574 TRACE 8668 --- [    Test worker] o.h.type.descriptor.sql.BasicBinder      : binding parameter [2] as [VARCHAR] - [d1eNFJa4YC]
2023-08-14 13:34:04.574 TRACE 8668 --- [    Test worker] o.h.type.descriptor.sql.BasicBinder      : binding parameter [3] as [TIMESTAMP] - [2023-08-14 13:34:04.574]
2023-08-14 13:34:04.574 TRACE 8668 --- [    Test worker] o.h.type.descriptor.sql.BasicBinder      : binding parameter [4] as [VARCHAR] - [테스트 글 제목 153]
2023-08-14 13:34:04.574 TRACE 8668 --- [    Test worker] o.h.type.descriptor.sql.BasicBinder      : binding parameter [5] as [TIMESTAMP] - [2023-08-14 13:34:04.574]
2023-08-14 13:34:04.574 TRACE 8668 --- [    Test worker] o.h.type.descriptor.sql.BasicBinder      : binding parameter [6] as [INTEGER] - [0]
2023-08-14 13:34:04.574 TRACE 8668 --- [    Test worker] o.h.type.descriptor.sql.BasicBinder      : binding parameter [7] as [VARCHAR] - [자바]
2023-08-14 13:34:04.574 TRACE 8668 --- [    Test worker] o.h.type.descriptor.sql.BasicBinder      : binding parameter [8] as [BIGINT] - [556]
2023-08-14 13:34:04.574 DEBUG 8668 --- [    Test worker] org.hibernate.SQL                        : 
    select
        nextval(post_seq)
Hibernate: 
    select
        nextval(post_seq)
2023-08-14 13:34:04.574 DEBUG 8668 --- [    Test worker] org.hibernate.SQL                        : 
    insert 
    into
        tb_post
        (board_id, post_content, post_create_date, post_title, post_update_date, post_view_count, post_writer, post_id) 
    values
        (?, ?, ?, ?, ?, ?, ?, ?)
Hibernate: 
    insert 
    into
        tb_post
        (board_id, post_content, post_create_date, post_title, post_update_date, post_view_count, post_writer, post_id) 
    values
        (?, ?, ?, ?, ?, ?, ?, ?)
2023-08-14 13:34:04.574 TRACE 8668 --- [    Test worker] o.h.type.descriptor.sql.BasicBinder      : binding parameter [1] as [BIGINT] - [1]
2023-08-14 13:34:04.574 TRACE 8668 --- [    Test worker] o.h.type.descriptor.sql.BasicBinder      : binding parameter [2] as [VARCHAR] - [29kFZLgCuw]
2023-08-14 13:34:04.574 TRACE 8668 --- [    Test worker] o.h.type.descriptor.sql.BasicBinder      : binding parameter [3] as [TIMESTAMP] - [2023-08-14 13:34:04.574]
2023-08-14 13:34:04.574 TRACE 8668 --- [    Test worker] o.h.type.descriptor.sql.BasicBinder      : binding parameter [4] as [VARCHAR] - [테스트 글 제목 154]
2023-08-14 13:34:04.574 TRACE 8668 --- [    Test worker] o.h.type.descriptor.sql.BasicBinder      : binding parameter [5] as [TIMESTAMP] - [2023-08-14 13:34:04.574]
2023-08-14 13:34:04.574 TRACE 8668 --- [    Test worker] o.h.type.descriptor.sql.BasicBinder      : binding parameter [6] as [INTEGER] - [0]
2023-08-14 13:34:04.574 TRACE 8668 --- [    Test worker] o.h.type.descriptor.sql.BasicBinder      : binding parameter [7] as [VARCHAR] - [자바]
2023-08-14 13:34:04.574 TRACE 8668 --- [    Test worker] o.h.type.descriptor.sql.BasicBinder      : binding parameter [8] as [BIGINT] - [557]
2023-08-14 13:34:04.574 DEBUG 8668 --- [    Test worker] org.hibernate.SQL                        : 
    select
        nextval(post_seq)
Hibernate: 
    select
        nextval(post_seq)
2023-08-14 13:34:04.574 DEBUG 8668 --- [    Test worker] org.hibernate.SQL                        : 
    insert 
    into
        tb_post
        (board_id, post_content, post_create_date, post_title, post_update_date, post_view_count, post_writer, post_id) 
    values
        (?, ?, ?, ?, ?, ?, ?, ?)
Hibernate: 
    insert 
    into
        tb_post
        (board_id, post_content, post_create_date, post_title, post_update_date, post_view_count, post_writer, post_id) 
    values
        (?, ?, ?, ?, ?, ?, ?, ?)
2023-08-14 13:34:04.574 TRACE 8668 --- [    Test worker] o.h.type.descriptor.sql.BasicBinder      : binding parameter [1] as [BIGINT] - [1]
2023-08-14 13:34:04.574 TRACE 8668 --- [    Test worker] o.h.type.descriptor.sql.BasicBinder      : binding parameter [2] as [VARCHAR] - [ZGEmGXDIou]
2023-08-14 13:34:04.574 TRACE 8668 --- [    Test worker] o.h.type.descriptor.sql.BasicBinder      : binding parameter [3] as [TIMESTAMP] - [2023-08-14 13:34:04.574]
2023-08-14 13:34:04.574 TRACE 8668 --- [    Test worker] o.h.type.descriptor.sql.BasicBinder      : binding parameter [4] as [VARCHAR] - [테스트 글 제목 155]
2023-08-14 13:34:04.574 TRACE 8668 --- [    Test worker] o.h.type.descriptor.sql.BasicBinder      : binding parameter [5] as [TIMESTAMP] - [2023-08-14 13:34:04.574]
2023-08-14 13:34:04.574 TRACE 8668 --- [    Test worker] o.h.type.descriptor.sql.BasicBinder      : binding parameter [6] as [INTEGER] - [0]
2023-08-14 13:34:04.574 TRACE 8668 --- [    Test worker] o.h.type.descriptor.sql.BasicBinder      : binding parameter [7] as [VARCHAR] - [자바]
2023-08-14 13:34:04.574 TRACE 8668 --- [    Test worker] o.h.type.descriptor.sql.BasicBinder      : binding parameter [8] as [BIGINT] - [558]
2023-08-14 13:34:04.574 DEBUG 8668 --- [    Test worker] org.hibernate.SQL                        : 
    select
        nextval(post_seq)
Hibernate: 
    select
        nextval(post_seq)
2023-08-14 13:34:04.574 DEBUG 8668 --- [    Test worker] org.hibernate.SQL                        : 
    insert 
    into
        tb_post
        (board_id, post_content, post_create_date, post_title, post_update_date, post_view_count, post_writer, post_id) 
    values
        (?, ?, ?, ?, ?, ?, ?, ?)
Hibernate: 
    insert 
    into
        tb_post
        (board_id, post_content, post_create_date, post_title, post_update_date, post_view_count, post_writer, post_id) 
    values
        (?, ?, ?, ?, ?, ?, ?, ?)
2023-08-14 13:34:04.574 TRACE 8668 --- [    Test worker] o.h.type.descriptor.sql.BasicBinder      : binding parameter [1] as [BIGINT] - [1]
2023-08-14 13:34:04.574 TRACE 8668 --- [    Test worker] o.h.type.descriptor.sql.BasicBinder      : binding parameter [2] as [VARCHAR] - [GG1Ek3qy5B]
2023-08-14 13:34:04.574 TRACE 8668 --- [    Test worker] o.h.type.descriptor.sql.BasicBinder      : binding parameter [3] as [TIMESTAMP] - [2023-08-14 13:34:04.574]
2023-08-14 13:34:04.574 TRACE 8668 --- [    Test worker] o.h.type.descriptor.sql.BasicBinder      : binding parameter [4] as [VARCHAR] - [테스트 글 제목 156]
2023-08-14 13:34:04.574 TRACE 8668 --- [    Test worker] o.h.type.descriptor.sql.BasicBinder      : binding parameter [5] as [TIMESTAMP] - [2023-08-14 13:34:04.574]
2023-08-14 13:34:04.574 TRACE 8668 --- [    Test worker] o.h.type.descriptor.sql.BasicBinder      : binding parameter [6] as [INTEGER] - [0]
2023-08-14 13:34:04.574 TRACE 8668 --- [    Test worker] o.h.type.descriptor.sql.BasicBinder      : binding parameter [7] as [VARCHAR] - [자바]
2023-08-14 13:34:04.574 TRACE 8668 --- [    Test worker] o.h.type.descriptor.sql.BasicBinder      : binding parameter [8] as [BIGINT] - [559]
2023-08-14 13:34:04.574 DEBUG 8668 --- [    Test worker] org.hibernate.SQL                        : 
    select
        nextval(post_seq)
Hibernate: 
    select
        nextval(post_seq)
2023-08-14 13:34:04.574 DEBUG 8668 --- [    Test worker] org.hibernate.SQL                        : 
    insert 
    into
        tb_post
        (board_id, post_content, post_create_date, post_title, post_update_date, post_view_count, post_writer, post_id) 
    values
        (?, ?, ?, ?, ?, ?, ?, ?)
Hibernate: 
    insert 
    into
        tb_post
        (board_id, post_content, post_create_date, post_title, post_update_date, post_view_count, post_writer, post_id) 
    values
        (?, ?, ?, ?, ?, ?, ?, ?)
2023-08-14 13:34:04.574 TRACE 8668 --- [    Test worker] o.h.type.descriptor.sql.BasicBinder      : binding parameter [1] as [BIGINT] - [1]
2023-08-14 13:34:04.574 TRACE 8668 --- [    Test worker] o.h.type.descriptor.sql.BasicBinder      : binding parameter [2] as [VARCHAR] - [rcq1B6Fnt4]
2023-08-14 13:34:04.574 TRACE 8668 --- [    Test worker] o.h.type.descriptor.sql.BasicBinder      : binding parameter [3] as [TIMESTAMP] - [2023-08-14 13:34:04.574]
2023-08-14 13:34:04.574 TRACE 8668 --- [    Test worker] o.h.type.descriptor.sql.BasicBinder      : binding parameter [4] as [VARCHAR] - [테스트 글 제목 157]
2023-08-14 13:34:04.574 TRACE 8668 --- [    Test worker] o.h.type.descriptor.sql.BasicBinder      : binding parameter [5] as [TIMESTAMP] - [2023-08-14 13:34:04.574]
2023-08-14 13:34:04.574 TRACE 8668 --- [    Test worker] o.h.type.descriptor.sql.BasicBinder      : binding parameter [6] as [INTEGER] - [0]
2023-08-14 13:34:04.574 TRACE 8668 --- [    Test worker] o.h.type.descriptor.sql.BasicBinder      : binding parameter [7] as [VARCHAR] - [자바]
2023-08-14 13:34:04.574 TRACE 8668 --- [    Test worker] o.h.type.descriptor.sql.BasicBinder      : binding parameter [8] as [BIGINT] - [560]
2023-08-14 13:34:04.574 DEBUG 8668 --- [    Test worker] org.hibernate.SQL                        : 
    select
        nextval(post_seq)
Hibernate: 
    select
        nextval(post_seq)
2023-08-14 13:34:04.574 DEBUG 8668 --- [    Test worker] org.hibernate.SQL                        : 
    insert 
    into
        tb_post
        (board_id, post_content, post_create_date, post_title, post_update_date, post_view_count, post_writer, post_id) 
    values
        (?, ?, ?, ?, ?, ?, ?, ?)
Hibernate: 
    insert 
    into
        tb_post
        (board_id, post_content, post_create_date, post_title, post_update_date, post_view_count, post_writer, post_id) 
    values
        (?, ?, ?, ?, ?, ?, ?, ?)
2023-08-14 13:34:04.574 TRACE 8668 --- [    Test worker] o.h.type.descriptor.sql.BasicBinder      : binding parameter [1] as [BIGINT] - [1]
2023-08-14 13:34:04.574 TRACE 8668 --- [    Test worker] o.h.type.descriptor.sql.BasicBinder      : binding parameter [2] as [VARCHAR] - [r3Pux5XDXU]
2023-08-14 13:34:04.574 TRACE 8668 --- [    Test worker] o.h.type.descriptor.sql.BasicBinder      : binding parameter [3] as [TIMESTAMP] - [2023-08-14 13:34:04.574]
2023-08-14 13:34:04.574 TRACE 8668 --- [    Test worker] o.h.type.descriptor.sql.BasicBinder      : binding parameter [4] as [VARCHAR] - [테스트 글 제목 158]
2023-08-14 13:34:04.574 TRACE 8668 --- [    Test worker] o.h.type.descriptor.sql.BasicBinder      : binding parameter [5] as [TIMESTAMP] - [2023-08-14 13:34:04.574]
2023-08-14 13:34:04.574 TRACE 8668 --- [    Test worker] o.h.type.descriptor.sql.BasicBinder      : binding parameter [6] as [INTEGER] - [0]
2023-08-14 13:34:04.574 TRACE 8668 --- [    Test worker] o.h.type.descriptor.sql.BasicBinder      : binding parameter [7] as [VARCHAR] - [자바]
2023-08-14 13:34:04.574 TRACE 8668 --- [    Test worker] o.h.type.descriptor.sql.BasicBinder      : binding parameter [8] as [BIGINT] - [561]
2023-08-14 13:34:04.574 DEBUG 8668 --- [    Test worker] org.hibernate.SQL                        : 
    select
        nextval(post_seq)
Hibernate: 
    select
        nextval(post_seq)
2023-08-14 13:34:04.574 DEBUG 8668 --- [    Test worker] org.hibernate.SQL                        : 
    insert 
    into
        tb_post
        (board_id, post_content, post_create_date, post_title, post_update_date, post_view_count, post_writer, post_id) 
    values
        (?, ?, ?, ?, ?, ?, ?, ?)
Hibernate: 
    insert 
    into
        tb_post
        (board_id, post_content, post_create_date, post_title, post_update_date, post_view_count, post_writer, post_id) 
    values
        (?, ?, ?, ?, ?, ?, ?, ?)
2023-08-14 13:34:04.574 TRACE 8668 --- [    Test worker] o.h.type.descriptor.sql.BasicBinder      : binding parameter [1] as [BIGINT] - [1]
2023-08-14 13:34:04.574 TRACE 8668 --- [    Test worker] o.h.type.descriptor.sql.BasicBinder      : binding parameter [2] as [VARCHAR] - [y9Igwh1E9o]
2023-08-14 13:34:04.574 TRACE 8668 --- [    Test worker] o.h.type.descriptor.sql.BasicBinder      : binding parameter [3] as [TIMESTAMP] - [2023-08-14 13:34:04.574]
2023-08-14 13:34:04.574 TRACE 8668 --- [    Test worker] o.h.type.descriptor.sql.BasicBinder      : binding parameter [4] as [VARCHAR] - [테스트 글 제목 159]
2023-08-14 13:34:04.574 TRACE 8668 --- [    Test worker] o.h.type.descriptor.sql.BasicBinder      : binding parameter [5] as [TIMESTAMP] - [2023-08-14 13:34:04.574]
2023-08-14 13:34:04.574 TRACE 8668 --- [    Test worker] o.h.type.descriptor.sql.BasicBinder      : binding parameter [6] as [INTEGER] - [0]
2023-08-14 13:34:04.574 TRACE 8668 --- [    Test worker] o.h.type.descriptor.sql.BasicBinder      : binding parameter [7] as [VARCHAR] - [자바]
2023-08-14 13:34:04.574 TRACE 8668 --- [    Test worker] o.h.type.descriptor.sql.BasicBinder      : binding parameter [8] as [BIGINT] - [562]
2023-08-14 13:34:04.574 DEBUG 8668 --- [    Test worker] org.hibernate.SQL                        : 
    select
        nextval(post_seq)
Hibernate: 
    select
        nextval(post_seq)
2023-08-14 13:34:04.574 DEBUG 8668 --- [    Test worker] org.hibernate.SQL                        : 
    insert 
    into
        tb_post
        (board_id, post_content, post_create_date, post_title, post_update_date, post_view_count, post_writer, post_id) 
    values
        (?, ?, ?, ?, ?, ?, ?, ?)
Hibernate: 
    insert 
    into
        tb_post
        (board_id, post_content, post_create_date, post_title, post_update_date, post_view_count, post_writer, post_id) 
    values
        (?, ?, ?, ?, ?, ?, ?, ?)
2023-08-14 13:34:04.574 TRACE 8668 --- [    Test worker] o.h.type.descriptor.sql.BasicBinder      : binding parameter [1] as [BIGINT] - [1]
2023-08-14 13:34:04.574 TRACE 8668 --- [    Test worker] o.h.type.descriptor.sql.BasicBinder      : binding parameter [2] as [VARCHAR] - [bj5ZHpZc0j]
2023-08-14 13:34:04.574 TRACE 8668 --- [    Test worker] o.h.type.descriptor.sql.BasicBinder      : binding parameter [3] as [TIMESTAMP] - [2023-08-14 13:34:04.574]
2023-08-14 13:34:04.574 TRACE 8668 --- [    Test worker] o.h.type.descriptor.sql.BasicBinder      : binding parameter [4] as [VARCHAR] - [테스트 글 제목 160]
2023-08-14 13:34:04.574 TRACE 8668 --- [    Test worker] o.h.type.descriptor.sql.BasicBinder      : binding parameter [5] as [TIMESTAMP] - [2023-08-14 13:34:04.574]
2023-08-14 13:34:04.574 TRACE 8668 --- [    Test worker] o.h.type.descriptor.sql.BasicBinder      : binding parameter [6] as [INTEGER] - [0]
2023-08-14 13:34:04.574 TRACE 8668 --- [    Test worker] o.h.type.descriptor.sql.BasicBinder      : binding parameter [7] as [VARCHAR] - [자바]
2023-08-14 13:34:04.574 TRACE 8668 --- [    Test worker] o.h.type.descriptor.sql.BasicBinder      : binding parameter [8] as [BIGINT] - [563]
2023-08-14 13:34:04.574 DEBUG 8668 --- [    Test worker] org.hibernate.SQL                        : 
    select
        nextval(post_seq)
Hibernate: 
    select
        nextval(post_seq)
2023-08-14 13:34:04.574 DEBUG 8668 --- [    Test worker] org.hibernate.SQL                        : 
    insert 
    into
        tb_post
        (board_id, post_content, post_create_date, post_title, post_update_date, post_view_count, post_writer, post_id) 
    values
        (?, ?, ?, ?, ?, ?, ?, ?)
Hibernate: 
    insert 
    into
        tb_post
        (board_id, post_content, post_create_date, post_title, post_update_date, post_view_count, post_writer, post_id) 
    values
        (?, ?, ?, ?, ?, ?, ?, ?)
2023-08-14 13:34:04.574 TRACE 8668 --- [    Test worker] o.h.type.descriptor.sql.BasicBinder      : binding parameter [1] as [BIGINT] - [1]
2023-08-14 13:34:04.574 TRACE 8668 --- [    Test worker] o.h.type.descriptor.sql.BasicBinder      : binding parameter [2] as [VARCHAR] - [0dRpGQjX1W]
2023-08-14 13:34:04.574 TRACE 8668 --- [    Test worker] o.h.type.descriptor.sql.BasicBinder      : binding parameter [3] as [TIMESTAMP] - [2023-08-14 13:34:04.574]
2023-08-14 13:34:04.574 TRACE 8668 --- [    Test worker] o.h.type.descriptor.sql.BasicBinder      : binding parameter [4] as [VARCHAR] - [테스트 글 제목 161]
2023-08-14 13:34:04.574 TRACE 8668 --- [    Test worker] o.h.type.descriptor.sql.BasicBinder      : binding parameter [5] as [TIMESTAMP] - [2023-08-14 13:34:04.574]
2023-08-14 13:34:04.574 TRACE 8668 --- [    Test worker] o.h.type.descriptor.sql.BasicBinder      : binding parameter [6] as [INTEGER] - [0]
2023-08-14 13:34:04.574 TRACE 8668 --- [    Test worker] o.h.type.descriptor.sql.BasicBinder      : binding parameter [7] as [VARCHAR] - [자바]
2023-08-14 13:34:04.574 TRACE 8668 --- [    Test worker] o.h.type.descriptor.sql.BasicBinder      : binding parameter [8] as [BIGINT] - [564]
2023-08-14 13:34:04.589 DEBUG 8668 --- [    Test worker] org.hibernate.SQL                        : 
    select
        nextval(post_seq)
Hibernate: 
    select
        nextval(post_seq)
2023-08-14 13:34:04.589 DEBUG 8668 --- [    Test worker] org.hibernate.SQL                        : 
    insert 
    into
        tb_post
        (board_id, post_content, post_create_date, post_title, post_update_date, post_view_count, post_writer, post_id) 
    values
        (?, ?, ?, ?, ?, ?, ?, ?)
Hibernate: 
    insert 
    into
        tb_post
        (board_id, post_content, post_create_date, post_title, post_update_date, post_view_count, post_writer, post_id) 
    values
        (?, ?, ?, ?, ?, ?, ?, ?)
2023-08-14 13:34:04.589 TRACE 8668 --- [    Test worker] o.h.type.descriptor.sql.BasicBinder      : binding parameter [1] as [BIGINT] - [1]
2023-08-14 13:34:04.589 TRACE 8668 --- [    Test worker] o.h.type.descriptor.sql.BasicBinder      : binding parameter [2] as [VARCHAR] - [WEqoga1Hbe]
2023-08-14 13:34:04.589 TRACE 8668 --- [    Test worker] o.h.type.descriptor.sql.BasicBinder      : binding parameter [3] as [TIMESTAMP] - [2023-08-14 13:34:04.589]
2023-08-14 13:34:04.589 TRACE 8668 --- [    Test worker] o.h.type.descriptor.sql.BasicBinder      : binding parameter [4] as [VARCHAR] - [테스트 글 제목 162]
2023-08-14 13:34:04.589 TRACE 8668 --- [    Test worker] o.h.type.descriptor.sql.BasicBinder      : binding parameter [5] as [TIMESTAMP] - [2023-08-14 13:34:04.589]
2023-08-14 13:34:04.589 TRACE 8668 --- [    Test worker] o.h.type.descriptor.sql.BasicBinder      : binding parameter [6] as [INTEGER] - [0]
2023-08-14 13:34:04.589 TRACE 8668 --- [    Test worker] o.h.type.descriptor.sql.BasicBinder      : binding parameter [7] as [VARCHAR] - [자바]
2023-08-14 13:34:04.589 TRACE 8668 --- [    Test worker] o.h.type.descriptor.sql.BasicBinder      : binding parameter [8] as [BIGINT] - [565]
2023-08-14 13:34:04.589 DEBUG 8668 --- [    Test worker] org.hibernate.SQL                        : 
    select
        nextval(post_seq)
Hibernate: 
    select
        nextval(post_seq)
2023-08-14 13:34:04.589 DEBUG 8668 --- [    Test worker] org.hibernate.SQL                        : 
    insert 
    into
        tb_post
        (board_id, post_content, post_create_date, post_title, post_update_date, post_view_count, post_writer, post_id) 
    values
        (?, ?, ?, ?, ?, ?, ?, ?)
Hibernate: 
    insert 
    into
        tb_post
        (board_id, post_content, post_create_date, post_title, post_update_date, post_view_count, post_writer, post_id) 
    values
        (?, ?, ?, ?, ?, ?, ?, ?)
2023-08-14 13:34:04.589 TRACE 8668 --- [    Test worker] o.h.type.descriptor.sql.BasicBinder      : binding parameter [1] as [BIGINT] - [1]
2023-08-14 13:34:04.589 TRACE 8668 --- [    Test worker] o.h.type.descriptor.sql.BasicBinder      : binding parameter [2] as [VARCHAR] - [hrxRQbjbgN]
2023-08-14 13:34:04.589 TRACE 8668 --- [    Test worker] o.h.type.descriptor.sql.BasicBinder      : binding parameter [3] as [TIMESTAMP] - [2023-08-14 13:34:04.589]
2023-08-14 13:34:04.589 TRACE 8668 --- [    Test worker] o.h.type.descriptor.sql.BasicBinder      : binding parameter [4] as [VARCHAR] - [테스트 글 제목 163]
2023-08-14 13:34:04.589 TRACE 8668 --- [    Test worker] o.h.type.descriptor.sql.BasicBinder      : binding parameter [5] as [TIMESTAMP] - [2023-08-14 13:34:04.589]
2023-08-14 13:34:04.589 TRACE 8668 --- [    Test worker] o.h.type.descriptor.sql.BasicBinder      : binding parameter [6] as [INTEGER] - [0]
2023-08-14 13:34:04.589 TRACE 8668 --- [    Test worker] o.h.type.descriptor.sql.BasicBinder      : binding parameter [7] as [VARCHAR] - [자바]
2023-08-14 13:34:04.589 TRACE 8668 --- [    Test worker] o.h.type.descriptor.sql.BasicBinder      : binding parameter [8] as [BIGINT] - [566]
2023-08-14 13:34:04.589 DEBUG 8668 --- [    Test worker] org.hibernate.SQL                        : 
    select
        nextval(post_seq)
Hibernate: 
    select
        nextval(post_seq)
2023-08-14 13:34:04.589 DEBUG 8668 --- [    Test worker] org.hibernate.SQL                        : 
    insert 
    into
        tb_post
        (board_id, post_content, post_create_date, post_title, post_update_date, post_view_count, post_writer, post_id) 
    values
        (?, ?, ?, ?, ?, ?, ?, ?)
Hibernate: 
    insert 
    into
        tb_post
        (board_id, post_content, post_create_date, post_title, post_update_date, post_view_count, post_writer, post_id) 
    values
        (?, ?, ?, ?, ?, ?, ?, ?)
2023-08-14 13:34:04.589 TRACE 8668 --- [    Test worker] o.h.type.descriptor.sql.BasicBinder      : binding parameter [1] as [BIGINT] - [1]
2023-08-14 13:34:04.589 TRACE 8668 --- [    Test worker] o.h.type.descriptor.sql.BasicBinder      : binding parameter [2] as [VARCHAR] - [jIsFR6bCiU]
2023-08-14 13:34:04.589 TRACE 8668 --- [    Test worker] o.h.type.descriptor.sql.BasicBinder      : binding parameter [3] as [TIMESTAMP] - [2023-08-14 13:34:04.589]
2023-08-14 13:34:04.589 TRACE 8668 --- [    Test worker] o.h.type.descriptor.sql.BasicBinder      : binding parameter [4] as [VARCHAR] - [테스트 글 제목 164]
2023-08-14 13:34:04.589 TRACE 8668 --- [    Test worker] o.h.type.descriptor.sql.BasicBinder      : binding parameter [5] as [TIMESTAMP] - [2023-08-14 13:34:04.589]
2023-08-14 13:34:04.589 TRACE 8668 --- [    Test worker] o.h.type.descriptor.sql.BasicBinder      : binding parameter [6] as [INTEGER] - [0]
2023-08-14 13:34:04.589 TRACE 8668 --- [    Test worker] o.h.type.descriptor.sql.BasicBinder      : binding parameter [7] as [VARCHAR] - [자바]
2023-08-14 13:34:04.589 TRACE 8668 --- [    Test worker] o.h.type.descriptor.sql.BasicBinder      : binding parameter [8] as [BIGINT] - [567]
2023-08-14 13:34:04.589 DEBUG 8668 --- [    Test worker] org.hibernate.SQL                        : 
    select
        nextval(post_seq)
Hibernate: 
    select
        nextval(post_seq)
2023-08-14 13:34:04.589 DEBUG 8668 --- [    Test worker] org.hibernate.SQL                        : 
    insert 
    into
        tb_post
        (board_id, post_content, post_create_date, post_title, post_update_date, post_view_count, post_writer, post_id) 
    values
        (?, ?, ?, ?, ?, ?, ?, ?)
Hibernate: 
    insert 
    into
        tb_post
        (board_id, post_content, post_create_date, post_title, post_update_date, post_view_count, post_writer, post_id) 
    values
        (?, ?, ?, ?, ?, ?, ?, ?)
2023-08-14 13:34:04.589 TRACE 8668 --- [    Test worker] o.h.type.descriptor.sql.BasicBinder      : binding parameter [1] as [BIGINT] - [1]
2023-08-14 13:34:04.589 TRACE 8668 --- [    Test worker] o.h.type.descriptor.sql.BasicBinder      : binding parameter [2] as [VARCHAR] - [0aHRY1ylLb]
2023-08-14 13:34:04.589 TRACE 8668 --- [    Test worker] o.h.type.descriptor.sql.BasicBinder      : binding parameter [3] as [TIMESTAMP] - [2023-08-14 13:34:04.589]
2023-08-14 13:34:04.589 TRACE 8668 --- [    Test worker] o.h.type.descriptor.sql.BasicBinder      : binding parameter [4] as [VARCHAR] - [테스트 글 제목 165]
2023-08-14 13:34:04.589 TRACE 8668 --- [    Test worker] o.h.type.descriptor.sql.BasicBinder      : binding parameter [5] as [TIMESTAMP] - [2023-08-14 13:34:04.589]
2023-08-14 13:34:04.589 TRACE 8668 --- [    Test worker] o.h.type.descriptor.sql.BasicBinder      : binding parameter [6] as [INTEGER] - [0]
2023-08-14 13:34:04.589 TRACE 8668 --- [    Test worker] o.h.type.descriptor.sql.BasicBinder      : binding parameter [7] as [VARCHAR] - [자바]
2023-08-14 13:34:04.589 TRACE 8668 --- [    Test worker] o.h.type.descriptor.sql.BasicBinder      : binding parameter [8] as [BIGINT] - [568]
2023-08-14 13:34:04.589 DEBUG 8668 --- [    Test worker] org.hibernate.SQL                        : 
    select
        nextval(post_seq)
Hibernate: 
    select
        nextval(post_seq)
2023-08-14 13:34:04.589 DEBUG 8668 --- [    Test worker] org.hibernate.SQL                        : 
    insert 
    into
        tb_post
        (board_id, post_content, post_create_date, post_title, post_update_date, post_view_count, post_writer, post_id) 
    values
        (?, ?, ?, ?, ?, ?, ?, ?)
Hibernate: 
    insert 
    into
        tb_post
        (board_id, post_content, post_create_date, post_title, post_update_date, post_view_count, post_writer, post_id) 
    values
        (?, ?, ?, ?, ?, ?, ?, ?)
2023-08-14 13:34:04.589 TRACE 8668 --- [    Test worker] o.h.type.descriptor.sql.BasicBinder      : binding parameter [1] as [BIGINT] - [1]
2023-08-14 13:34:04.589 TRACE 8668 --- [    Test worker] o.h.type.descriptor.sql.BasicBinder      : binding parameter [2] as [VARCHAR] - [mdhL85JEWP]
2023-08-14 13:34:04.589 TRACE 8668 --- [    Test worker] o.h.type.descriptor.sql.BasicBinder      : binding parameter [3] as [TIMESTAMP] - [2023-08-14 13:34:04.589]
2023-08-14 13:34:04.589 TRACE 8668 --- [    Test worker] o.h.type.descriptor.sql.BasicBinder      : binding parameter [4] as [VARCHAR] - [테스트 글 제목 166]
2023-08-14 13:34:04.589 TRACE 8668 --- [    Test worker] o.h.type.descriptor.sql.BasicBinder      : binding parameter [5] as [TIMESTAMP] - [2023-08-14 13:34:04.589]
2023-08-14 13:34:04.589 TRACE 8668 --- [    Test worker] o.h.type.descriptor.sql.BasicBinder      : binding parameter [6] as [INTEGER] - [0]
2023-08-14 13:34:04.589 TRACE 8668 --- [    Test worker] o.h.type.descriptor.sql.BasicBinder      : binding parameter [7] as [VARCHAR] - [자바]
2023-08-14 13:34:04.589 TRACE 8668 --- [    Test worker] o.h.type.descriptor.sql.BasicBinder      : binding parameter [8] as [BIGINT] - [569]
2023-08-14 13:34:04.589 DEBUG 8668 --- [    Test worker] org.hibernate.SQL                        : 
    select
        nextval(post_seq)
Hibernate: 
    select
        nextval(post_seq)
2023-08-14 13:34:04.589 DEBUG 8668 --- [    Test worker] org.hibernate.SQL                        : 
    insert 
    into
        tb_post
        (board_id, post_content, post_create_date, post_title, post_update_date, post_view_count, post_writer, post_id) 
    values
        (?, ?, ?, ?, ?, ?, ?, ?)
Hibernate: 
    insert 
    into
        tb_post
        (board_id, post_content, post_create_date, post_title, post_update_date, post_view_count, post_writer, post_id) 
    values
        (?, ?, ?, ?, ?, ?, ?, ?)
2023-08-14 13:34:04.589 TRACE 8668 --- [    Test worker] o.h.type.descriptor.sql.BasicBinder      : binding parameter [1] as [BIGINT] - [1]
2023-08-14 13:34:04.589 TRACE 8668 --- [    Test worker] o.h.type.descriptor.sql.BasicBinder      : binding parameter [2] as [VARCHAR] - [nXVU1cnUNd]
2023-08-14 13:34:04.589 TRACE 8668 --- [    Test worker] o.h.type.descriptor.sql.BasicBinder      : binding parameter [3] as [TIMESTAMP] - [2023-08-14 13:34:04.589]
2023-08-14 13:34:04.589 TRACE 8668 --- [    Test worker] o.h.type.descriptor.sql.BasicBinder      : binding parameter [4] as [VARCHAR] - [테스트 글 제목 167]
2023-08-14 13:34:04.589 TRACE 8668 --- [    Test worker] o.h.type.descriptor.sql.BasicBinder      : binding parameter [5] as [TIMESTAMP] - [2023-08-14 13:34:04.589]
2023-08-14 13:34:04.589 TRACE 8668 --- [    Test worker] o.h.type.descriptor.sql.BasicBinder      : binding parameter [6] as [INTEGER] - [0]
2023-08-14 13:34:04.589 TRACE 8668 --- [    Test worker] o.h.type.descriptor.sql.BasicBinder      : binding parameter [7] as [VARCHAR] - [자바]
2023-08-14 13:34:04.589 TRACE 8668 --- [    Test worker] o.h.type.descriptor.sql.BasicBinder      : binding parameter [8] as [BIGINT] - [570]
2023-08-14 13:34:04.589 DEBUG 8668 --- [    Test worker] org.hibernate.SQL                        : 
    select
        nextval(post_seq)
Hibernate: 
    select
        nextval(post_seq)
2023-08-14 13:34:04.589 DEBUG 8668 --- [    Test worker] org.hibernate.SQL                        : 
    insert 
    into
        tb_post
        (board_id, post_content, post_create_date, post_title, post_update_date, post_view_count, post_writer, post_id) 
    values
        (?, ?, ?, ?, ?, ?, ?, ?)
Hibernate: 
    insert 
    into
        tb_post
        (board_id, post_content, post_create_date, post_title, post_update_date, post_view_count, post_writer, post_id) 
    values
        (?, ?, ?, ?, ?, ?, ?, ?)
2023-08-14 13:34:04.589 TRACE 8668 --- [    Test worker] o.h.type.descriptor.sql.BasicBinder      : binding parameter [1] as [BIGINT] - [1]
2023-08-14 13:34:04.589 TRACE 8668 --- [    Test worker] o.h.type.descriptor.sql.BasicBinder      : binding parameter [2] as [VARCHAR] - [BKTtWei9mU]
2023-08-14 13:34:04.589 TRACE 8668 --- [    Test worker] o.h.type.descriptor.sql.BasicBinder      : binding parameter [3] as [TIMESTAMP] - [2023-08-14 13:34:04.589]
2023-08-14 13:34:04.589 TRACE 8668 --- [    Test worker] o.h.type.descriptor.sql.BasicBinder      : binding parameter [4] as [VARCHAR] - [테스트 글 제목 168]
2023-08-14 13:34:04.589 TRACE 8668 --- [    Test worker] o.h.type.descriptor.sql.BasicBinder      : binding parameter [5] as [TIMESTAMP] - [2023-08-14 13:34:04.589]
2023-08-14 13:34:04.589 TRACE 8668 --- [    Test worker] o.h.type.descriptor.sql.BasicBinder      : binding parameter [6] as [INTEGER] - [0]
2023-08-14 13:34:04.589 TRACE 8668 --- [    Test worker] o.h.type.descriptor.sql.BasicBinder      : binding parameter [7] as [VARCHAR] - [자바]
2023-08-14 13:34:04.589 TRACE 8668 --- [    Test worker] o.h.type.descriptor.sql.BasicBinder      : binding parameter [8] as [BIGINT] - [571]
2023-08-14 13:34:04.589 DEBUG 8668 --- [    Test worker] org.hibernate.SQL                        : 
    select
        nextval(post_seq)
Hibernate: 
    select
        nextval(post_seq)
2023-08-14 13:34:04.589 DEBUG 8668 --- [    Test worker] org.hibernate.SQL                        : 
    insert 
    into
        tb_post
        (board_id, post_content, post_create_date, post_title, post_update_date, post_view_count, post_writer, post_id) 
    values
        (?, ?, ?, ?, ?, ?, ?, ?)
Hibernate: 
    insert 
    into
        tb_post
        (board_id, post_content, post_create_date, post_title, post_update_date, post_view_count, post_writer, post_id) 
    values
        (?, ?, ?, ?, ?, ?, ?, ?)
2023-08-14 13:34:04.589 TRACE 8668 --- [    Test worker] o.h.type.descriptor.sql.BasicBinder      : binding parameter [1] as [BIGINT] - [1]
2023-08-14 13:34:04.589 TRACE 8668 --- [    Test worker] o.h.type.descriptor.sql.BasicBinder      : binding parameter [2] as [VARCHAR] - [1QOkraj0Xr]
2023-08-14 13:34:04.589 TRACE 8668 --- [    Test worker] o.h.type.descriptor.sql.BasicBinder      : binding parameter [3] as [TIMESTAMP] - [2023-08-14 13:34:04.589]
2023-08-14 13:34:04.589 TRACE 8668 --- [    Test worker] o.h.type.descriptor.sql.BasicBinder      : binding parameter [4] as [VARCHAR] - [테스트 글 제목 169]
2023-08-14 13:34:04.589 TRACE 8668 --- [    Test worker] o.h.type.descriptor.sql.BasicBinder      : binding parameter [5] as [TIMESTAMP] - [2023-08-14 13:34:04.589]
2023-08-14 13:34:04.589 TRACE 8668 --- [    Test worker] o.h.type.descriptor.sql.BasicBinder      : binding parameter [6] as [INTEGER] - [0]
2023-08-14 13:34:04.589 TRACE 8668 --- [    Test worker] o.h.type.descriptor.sql.BasicBinder      : binding parameter [7] as [VARCHAR] - [자바]
2023-08-14 13:34:04.589 TRACE 8668 --- [    Test worker] o.h.type.descriptor.sql.BasicBinder      : binding parameter [8] as [BIGINT] - [572]
2023-08-14 13:34:04.589 DEBUG 8668 --- [    Test worker] org.hibernate.SQL                        : 
    select
        nextval(post_seq)
Hibernate: 
    select
        nextval(post_seq)
2023-08-14 13:34:04.589 DEBUG 8668 --- [    Test worker] org.hibernate.SQL                        : 
    insert 
    into
        tb_post
        (board_id, post_content, post_create_date, post_title, post_update_date, post_view_count, post_writer, post_id) 
    values
        (?, ?, ?, ?, ?, ?, ?, ?)
Hibernate: 
    insert 
    into
        tb_post
        (board_id, post_content, post_create_date, post_title, post_update_date, post_view_count, post_writer, post_id) 
    values
        (?, ?, ?, ?, ?, ?, ?, ?)
2023-08-14 13:34:04.589 TRACE 8668 --- [    Test worker] o.h.type.descriptor.sql.BasicBinder      : binding parameter [1] as [BIGINT] - [1]
2023-08-14 13:34:04.589 TRACE 8668 --- [    Test worker] o.h.type.descriptor.sql.BasicBinder      : binding parameter [2] as [VARCHAR] - [YQKxPh3rd3]
2023-08-14 13:34:04.589 TRACE 8668 --- [    Test worker] o.h.type.descriptor.sql.BasicBinder      : binding parameter [3] as [TIMESTAMP] - [2023-08-14 13:34:04.589]
2023-08-14 13:34:04.589 TRACE 8668 --- [    Test worker] o.h.type.descriptor.sql.BasicBinder      : binding parameter [4] as [VARCHAR] - [테스트 글 제목 170]
2023-08-14 13:34:04.589 TRACE 8668 --- [    Test worker] o.h.type.descriptor.sql.BasicBinder      : binding parameter [5] as [TIMESTAMP] - [2023-08-14 13:34:04.589]
2023-08-14 13:34:04.589 TRACE 8668 --- [    Test worker] o.h.type.descriptor.sql.BasicBinder      : binding parameter [6] as [INTEGER] - [0]
2023-08-14 13:34:04.589 TRACE 8668 --- [    Test worker] o.h.type.descriptor.sql.BasicBinder      : binding parameter [7] as [VARCHAR] - [자바]
2023-08-14 13:34:04.589 TRACE 8668 --- [    Test worker] o.h.type.descriptor.sql.BasicBinder      : binding parameter [8] as [BIGINT] - [573]
2023-08-14 13:34:04.589 DEBUG 8668 --- [    Test worker] org.hibernate.SQL                        : 
    select
        nextval(post_seq)
Hibernate: 
    select
        nextval(post_seq)
2023-08-14 13:34:04.605 DEBUG 8668 --- [    Test worker] org.hibernate.SQL                        : 
    insert 
    into
        tb_post
        (board_id, post_content, post_create_date, post_title, post_update_date, post_view_count, post_writer, post_id) 
    values
        (?, ?, ?, ?, ?, ?, ?, ?)
Hibernate: 
    insert 
    into
        tb_post
        (board_id, post_content, post_create_date, post_title, post_update_date, post_view_count, post_writer, post_id) 
    values
        (?, ?, ?, ?, ?, ?, ?, ?)
2023-08-14 13:34:04.605 TRACE 8668 --- [    Test worker] o.h.type.descriptor.sql.BasicBinder      : binding parameter [1] as [BIGINT] - [1]
2023-08-14 13:34:04.605 TRACE 8668 --- [    Test worker] o.h.type.descriptor.sql.BasicBinder      : binding parameter [2] as [VARCHAR] - [YnNLf2xjKO]
2023-08-14 13:34:04.605 TRACE 8668 --- [    Test worker] o.h.type.descriptor.sql.BasicBinder      : binding parameter [3] as [TIMESTAMP] - [2023-08-14 13:34:04.589]
2023-08-14 13:34:04.605 TRACE 8668 --- [    Test worker] o.h.type.descriptor.sql.BasicBinder      : binding parameter [4] as [VARCHAR] - [테스트 글 제목 171]
2023-08-14 13:34:04.605 TRACE 8668 --- [    Test worker] o.h.type.descriptor.sql.BasicBinder      : binding parameter [5] as [TIMESTAMP] - [2023-08-14 13:34:04.589]
2023-08-14 13:34:04.605 TRACE 8668 --- [    Test worker] o.h.type.descriptor.sql.BasicBinder      : binding parameter [6] as [INTEGER] - [0]
2023-08-14 13:34:04.605 TRACE 8668 --- [    Test worker] o.h.type.descriptor.sql.BasicBinder      : binding parameter [7] as [VARCHAR] - [자바]
2023-08-14 13:34:04.605 TRACE 8668 --- [    Test worker] o.h.type.descriptor.sql.BasicBinder      : binding parameter [8] as [BIGINT] - [574]
2023-08-14 13:34:04.605 DEBUG 8668 --- [    Test worker] org.hibernate.SQL                        : 
    select
        nextval(post_seq)
Hibernate: 
    select
        nextval(post_seq)
2023-08-14 13:34:04.605 DEBUG 8668 --- [    Test worker] org.hibernate.SQL                        : 
    insert 
    into
        tb_post
        (board_id, post_content, post_create_date, post_title, post_update_date, post_view_count, post_writer, post_id) 
    values
        (?, ?, ?, ?, ?, ?, ?, ?)
Hibernate: 
    insert 
    into
        tb_post
        (board_id, post_content, post_create_date, post_title, post_update_date, post_view_count, post_writer, post_id) 
    values
        (?, ?, ?, ?, ?, ?, ?, ?)
2023-08-14 13:34:04.605 TRACE 8668 --- [    Test worker] o.h.type.descriptor.sql.BasicBinder      : binding parameter [1] as [BIGINT] - [1]
2023-08-14 13:34:04.605 TRACE 8668 --- [    Test worker] o.h.type.descriptor.sql.BasicBinder      : binding parameter [2] as [VARCHAR] - [zknLREdXPn]
2023-08-14 13:34:04.605 TRACE 8668 --- [    Test worker] o.h.type.descriptor.sql.BasicBinder      : binding parameter [3] as [TIMESTAMP] - [2023-08-14 13:34:04.605]
2023-08-14 13:34:04.605 TRACE 8668 --- [    Test worker] o.h.type.descriptor.sql.BasicBinder      : binding parameter [4] as [VARCHAR] - [테스트 글 제목 172]
2023-08-14 13:34:04.605 TRACE 8668 --- [    Test worker] o.h.type.descriptor.sql.BasicBinder      : binding parameter [5] as [TIMESTAMP] - [2023-08-14 13:34:04.605]
2023-08-14 13:34:04.605 TRACE 8668 --- [    Test worker] o.h.type.descriptor.sql.BasicBinder      : binding parameter [6] as [INTEGER] - [0]
2023-08-14 13:34:04.605 TRACE 8668 --- [    Test worker] o.h.type.descriptor.sql.BasicBinder      : binding parameter [7] as [VARCHAR] - [자바]
2023-08-14 13:34:04.605 TRACE 8668 --- [    Test worker] o.h.type.descriptor.sql.BasicBinder      : binding parameter [8] as [BIGINT] - [575]
2023-08-14 13:34:04.605 DEBUG 8668 --- [    Test worker] org.hibernate.SQL                        : 
    select
        nextval(post_seq)
Hibernate: 
    select
        nextval(post_seq)
2023-08-14 13:34:04.605 DEBUG 8668 --- [    Test worker] org.hibernate.SQL                        : 
    insert 
    into
        tb_post
        (board_id, post_content, post_create_date, post_title, post_update_date, post_view_count, post_writer, post_id) 
    values
        (?, ?, ?, ?, ?, ?, ?, ?)
Hibernate: 
    insert 
    into
        tb_post
        (board_id, post_content, post_create_date, post_title, post_update_date, post_view_count, post_writer, post_id) 
    values
        (?, ?, ?, ?, ?, ?, ?, ?)
2023-08-14 13:34:04.605 TRACE 8668 --- [    Test worker] o.h.type.descriptor.sql.BasicBinder      : binding parameter [1] as [BIGINT] - [1]
2023-08-14 13:34:04.605 TRACE 8668 --- [    Test worker] o.h.type.descriptor.sql.BasicBinder      : binding parameter [2] as [VARCHAR] - [qoANBviIAP]
2023-08-14 13:34:04.605 TRACE 8668 --- [    Test worker] o.h.type.descriptor.sql.BasicBinder      : binding parameter [3] as [TIMESTAMP] - [2023-08-14 13:34:04.605]
2023-08-14 13:34:04.605 TRACE 8668 --- [    Test worker] o.h.type.descriptor.sql.BasicBinder      : binding parameter [4] as [VARCHAR] - [테스트 글 제목 173]
2023-08-14 13:34:04.605 TRACE 8668 --- [    Test worker] o.h.type.descriptor.sql.BasicBinder      : binding parameter [5] as [TIMESTAMP] - [2023-08-14 13:34:04.605]
2023-08-14 13:34:04.605 TRACE 8668 --- [    Test worker] o.h.type.descriptor.sql.BasicBinder      : binding parameter [6] as [INTEGER] - [0]
2023-08-14 13:34:04.605 TRACE 8668 --- [    Test worker] o.h.type.descriptor.sql.BasicBinder      : binding parameter [7] as [VARCHAR] - [자바]
2023-08-14 13:34:04.605 TRACE 8668 --- [    Test worker] o.h.type.descriptor.sql.BasicBinder      : binding parameter [8] as [BIGINT] - [576]
2023-08-14 13:34:04.605 DEBUG 8668 --- [    Test worker] org.hibernate.SQL                        : 
    select
        nextval(post_seq)
Hibernate: 
    select
        nextval(post_seq)
2023-08-14 13:34:04.605 DEBUG 8668 --- [    Test worker] org.hibernate.SQL                        : 
    insert 
    into
        tb_post
        (board_id, post_content, post_create_date, post_title, post_update_date, post_view_count, post_writer, post_id) 
    values
        (?, ?, ?, ?, ?, ?, ?, ?)
Hibernate: 
    insert 
    into
        tb_post
        (board_id, post_content, post_create_date, post_title, post_update_date, post_view_count, post_writer, post_id) 
    values
        (?, ?, ?, ?, ?, ?, ?, ?)
2023-08-14 13:34:04.605 TRACE 8668 --- [    Test worker] o.h.type.descriptor.sql.BasicBinder      : binding parameter [1] as [BIGINT] - [1]
2023-08-14 13:34:04.605 TRACE 8668 --- [    Test worker] o.h.type.descriptor.sql.BasicBinder      : binding parameter [2] as [VARCHAR] - [9avMM35p23]
2023-08-14 13:34:04.605 TRACE 8668 --- [    Test worker] o.h.type.descriptor.sql.BasicBinder      : binding parameter [3] as [TIMESTAMP] - [2023-08-14 13:34:04.605]
2023-08-14 13:34:04.605 TRACE 8668 --- [    Test worker] o.h.type.descriptor.sql.BasicBinder      : binding parameter [4] as [VARCHAR] - [테스트 글 제목 174]
2023-08-14 13:34:04.605 TRACE 8668 --- [    Test worker] o.h.type.descriptor.sql.BasicBinder      : binding parameter [5] as [TIMESTAMP] - [2023-08-14 13:34:04.605]
2023-08-14 13:34:04.605 TRACE 8668 --- [    Test worker] o.h.type.descriptor.sql.BasicBinder      : binding parameter [6] as [INTEGER] - [0]
2023-08-14 13:34:04.605 TRACE 8668 --- [    Test worker] o.h.type.descriptor.sql.BasicBinder      : binding parameter [7] as [VARCHAR] - [자바]
2023-08-14 13:34:04.605 TRACE 8668 --- [    Test worker] o.h.type.descriptor.sql.BasicBinder      : binding parameter [8] as [BIGINT] - [577]
2023-08-14 13:34:04.605 DEBUG 8668 --- [    Test worker] org.hibernate.SQL                        : 
    select
        nextval(post_seq)
Hibernate: 
    select
        nextval(post_seq)
2023-08-14 13:34:04.605 DEBUG 8668 --- [    Test worker] org.hibernate.SQL                        : 
    insert 
    into
        tb_post
        (board_id, post_content, post_create_date, post_title, post_update_date, post_view_count, post_writer, post_id) 
    values
        (?, ?, ?, ?, ?, ?, ?, ?)
Hibernate: 
    insert 
    into
        tb_post
        (board_id, post_content, post_create_date, post_title, post_update_date, post_view_count, post_writer, post_id) 
    values
        (?, ?, ?, ?, ?, ?, ?, ?)
2023-08-14 13:34:04.605 TRACE 8668 --- [    Test worker] o.h.type.descriptor.sql.BasicBinder      : binding parameter [1] as [BIGINT] - [1]
2023-08-14 13:34:04.605 TRACE 8668 --- [    Test worker] o.h.type.descriptor.sql.BasicBinder      : binding parameter [2] as [VARCHAR] - [pj0wNjWYT0]
2023-08-14 13:34:04.605 TRACE 8668 --- [    Test worker] o.h.type.descriptor.sql.BasicBinder      : binding parameter [3] as [TIMESTAMP] - [2023-08-14 13:34:04.605]
2023-08-14 13:34:04.605 TRACE 8668 --- [    Test worker] o.h.type.descriptor.sql.BasicBinder      : binding parameter [4] as [VARCHAR] - [테스트 글 제목 175]
2023-08-14 13:34:04.605 TRACE 8668 --- [    Test worker] o.h.type.descriptor.sql.BasicBinder      : binding parameter [5] as [TIMESTAMP] - [2023-08-14 13:34:04.605]
2023-08-14 13:34:04.605 TRACE 8668 --- [    Test worker] o.h.type.descriptor.sql.BasicBinder      : binding parameter [6] as [INTEGER] - [0]
2023-08-14 13:34:04.605 TRACE 8668 --- [    Test worker] o.h.type.descriptor.sql.BasicBinder      : binding parameter [7] as [VARCHAR] - [자바]
2023-08-14 13:34:04.605 TRACE 8668 --- [    Test worker] o.h.type.descriptor.sql.BasicBinder      : binding parameter [8] as [BIGINT] - [578]
2023-08-14 13:34:04.605 DEBUG 8668 --- [    Test worker] org.hibernate.SQL                        : 
    select
        nextval(post_seq)
Hibernate: 
    select
        nextval(post_seq)
2023-08-14 13:34:04.605 DEBUG 8668 --- [    Test worker] org.hibernate.SQL                        : 
    insert 
    into
        tb_post
        (board_id, post_content, post_create_date, post_title, post_update_date, post_view_count, post_writer, post_id) 
    values
        (?, ?, ?, ?, ?, ?, ?, ?)
Hibernate: 
    insert 
    into
        tb_post
        (board_id, post_content, post_create_date, post_title, post_update_date, post_view_count, post_writer, post_id) 
    values
        (?, ?, ?, ?, ?, ?, ?, ?)
2023-08-14 13:34:04.605 TRACE 8668 --- [    Test worker] o.h.type.descriptor.sql.BasicBinder      : binding parameter [1] as [BIGINT] - [1]
2023-08-14 13:34:04.605 TRACE 8668 --- [    Test worker] o.h.type.descriptor.sql.BasicBinder      : binding parameter [2] as [VARCHAR] - [f1g4ohXn6I]
2023-08-14 13:34:04.605 TRACE 8668 --- [    Test worker] o.h.type.descriptor.sql.BasicBinder      : binding parameter [3] as [TIMESTAMP] - [2023-08-14 13:34:04.605]
2023-08-14 13:34:04.605 TRACE 8668 --- [    Test worker] o.h.type.descriptor.sql.BasicBinder      : binding parameter [4] as [VARCHAR] - [테스트 글 제목 176]
2023-08-14 13:34:04.605 TRACE 8668 --- [    Test worker] o.h.type.descriptor.sql.BasicBinder      : binding parameter [5] as [TIMESTAMP] - [2023-08-14 13:34:04.605]
2023-08-14 13:34:04.605 TRACE 8668 --- [    Test worker] o.h.type.descriptor.sql.BasicBinder      : binding parameter [6] as [INTEGER] - [0]
2023-08-14 13:34:04.605 TRACE 8668 --- [    Test worker] o.h.type.descriptor.sql.BasicBinder      : binding parameter [7] as [VARCHAR] - [자바]
2023-08-14 13:34:04.605 TRACE 8668 --- [    Test worker] o.h.type.descriptor.sql.BasicBinder      : binding parameter [8] as [BIGINT] - [579]
2023-08-14 13:34:04.605 DEBUG 8668 --- [    Test worker] org.hibernate.SQL                        : 
    select
        nextval(post_seq)
Hibernate: 
    select
        nextval(post_seq)
2023-08-14 13:34:04.605 DEBUG 8668 --- [    Test worker] org.hibernate.SQL                        : 
    insert 
    into
        tb_post
        (board_id, post_content, post_create_date, post_title, post_update_date, post_view_count, post_writer, post_id) 
    values
        (?, ?, ?, ?, ?, ?, ?, ?)
Hibernate: 
    insert 
    into
        tb_post
        (board_id, post_content, post_create_date, post_title, post_update_date, post_view_count, post_writer, post_id) 
    values
        (?, ?, ?, ?, ?, ?, ?, ?)
2023-08-14 13:34:04.605 TRACE 8668 --- [    Test worker] o.h.type.descriptor.sql.BasicBinder      : binding parameter [1] as [BIGINT] - [1]
2023-08-14 13:34:04.605 TRACE 8668 --- [    Test worker] o.h.type.descriptor.sql.BasicBinder      : binding parameter [2] as [VARCHAR] - [0EnWD8sgEy]
2023-08-14 13:34:04.605 TRACE 8668 --- [    Test worker] o.h.type.descriptor.sql.BasicBinder      : binding parameter [3] as [TIMESTAMP] - [2023-08-14 13:34:04.605]
2023-08-14 13:34:04.605 TRACE 8668 --- [    Test worker] o.h.type.descriptor.sql.BasicBinder      : binding parameter [4] as [VARCHAR] - [테스트 글 제목 177]
2023-08-14 13:34:04.605 TRACE 8668 --- [    Test worker] o.h.type.descriptor.sql.BasicBinder      : binding parameter [5] as [TIMESTAMP] - [2023-08-14 13:34:04.605]
2023-08-14 13:34:04.605 TRACE 8668 --- [    Test worker] o.h.type.descriptor.sql.BasicBinder      : binding parameter [6] as [INTEGER] - [0]
2023-08-14 13:34:04.605 TRACE 8668 --- [    Test worker] o.h.type.descriptor.sql.BasicBinder      : binding parameter [7] as [VARCHAR] - [자바]
2023-08-14 13:34:04.605 TRACE 8668 --- [    Test worker] o.h.type.descriptor.sql.BasicBinder      : binding parameter [8] as [BIGINT] - [580]
2023-08-14 13:34:04.605 DEBUG 8668 --- [    Test worker] org.hibernate.SQL                        : 
    select
        nextval(post_seq)
Hibernate: 
    select
        nextval(post_seq)
2023-08-14 13:34:04.605 DEBUG 8668 --- [    Test worker] org.hibernate.SQL                        : 
    insert 
    into
        tb_post
        (board_id, post_content, post_create_date, post_title, post_update_date, post_view_count, post_writer, post_id) 
    values
        (?, ?, ?, ?, ?, ?, ?, ?)
Hibernate: 
    insert 
    into
        tb_post
        (board_id, post_content, post_create_date, post_title, post_update_date, post_view_count, post_writer, post_id) 
    values
        (?, ?, ?, ?, ?, ?, ?, ?)
2023-08-14 13:34:04.605 TRACE 8668 --- [    Test worker] o.h.type.descriptor.sql.BasicBinder      : binding parameter [1] as [BIGINT] - [1]
2023-08-14 13:34:04.605 TRACE 8668 --- [    Test worker] o.h.type.descriptor.sql.BasicBinder      : binding parameter [2] as [VARCHAR] - [nvJSpvjJbq]
2023-08-14 13:34:04.605 TRACE 8668 --- [    Test worker] o.h.type.descriptor.sql.BasicBinder      : binding parameter [3] as [TIMESTAMP] - [2023-08-14 13:34:04.605]
2023-08-14 13:34:04.605 TRACE 8668 --- [    Test worker] o.h.type.descriptor.sql.BasicBinder      : binding parameter [4] as [VARCHAR] - [테스트 글 제목 178]
2023-08-14 13:34:04.605 TRACE 8668 --- [    Test worker] o.h.type.descriptor.sql.BasicBinder      : binding parameter [5] as [TIMESTAMP] - [2023-08-14 13:34:04.605]
2023-08-14 13:34:04.605 TRACE 8668 --- [    Test worker] o.h.type.descriptor.sql.BasicBinder      : binding parameter [6] as [INTEGER] - [0]
2023-08-14 13:34:04.605 TRACE 8668 --- [    Test worker] o.h.type.descriptor.sql.BasicBinder      : binding parameter [7] as [VARCHAR] - [자바]
2023-08-14 13:34:04.605 TRACE 8668 --- [    Test worker] o.h.type.descriptor.sql.BasicBinder      : binding parameter [8] as [BIGINT] - [581]
2023-08-14 13:34:04.621 DEBUG 8668 --- [    Test worker] org.hibernate.SQL                        : 
    select
        nextval(post_seq)
Hibernate: 
    select
        nextval(post_seq)
2023-08-14 13:34:04.621 DEBUG 8668 --- [    Test worker] org.hibernate.SQL                        : 
    insert 
    into
        tb_post
        (board_id, post_content, post_create_date, post_title, post_update_date, post_view_count, post_writer, post_id) 
    values
        (?, ?, ?, ?, ?, ?, ?, ?)
Hibernate: 
    insert 
    into
        tb_post
        (board_id, post_content, post_create_date, post_title, post_update_date, post_view_count, post_writer, post_id) 
    values
        (?, ?, ?, ?, ?, ?, ?, ?)
2023-08-14 13:34:04.621 TRACE 8668 --- [    Test worker] o.h.type.descriptor.sql.BasicBinder      : binding parameter [1] as [BIGINT] - [1]
2023-08-14 13:34:04.621 TRACE 8668 --- [    Test worker] o.h.type.descriptor.sql.BasicBinder      : binding parameter [2] as [VARCHAR] - [3xAA07Alao]
2023-08-14 13:34:04.621 TRACE 8668 --- [    Test worker] o.h.type.descriptor.sql.BasicBinder      : binding parameter [3] as [TIMESTAMP] - [2023-08-14 13:34:04.621]
2023-08-14 13:34:04.621 TRACE 8668 --- [    Test worker] o.h.type.descriptor.sql.BasicBinder      : binding parameter [4] as [VARCHAR] - [테스트 글 제목 179]
2023-08-14 13:34:04.621 TRACE 8668 --- [    Test worker] o.h.type.descriptor.sql.BasicBinder      : binding parameter [5] as [TIMESTAMP] - [2023-08-14 13:34:04.621]
2023-08-14 13:34:04.621 TRACE 8668 --- [    Test worker] o.h.type.descriptor.sql.BasicBinder      : binding parameter [6] as [INTEGER] - [0]
2023-08-14 13:34:04.621 TRACE 8668 --- [    Test worker] o.h.type.descriptor.sql.BasicBinder      : binding parameter [7] as [VARCHAR] - [자바]
2023-08-14 13:34:04.621 TRACE 8668 --- [    Test worker] o.h.type.descriptor.sql.BasicBinder      : binding parameter [8] as [BIGINT] - [582]
2023-08-14 13:34:04.621 DEBUG 8668 --- [    Test worker] org.hibernate.SQL                        : 
    select
        nextval(post_seq)
Hibernate: 
    select
        nextval(post_seq)
2023-08-14 13:34:04.621 DEBUG 8668 --- [    Test worker] org.hibernate.SQL                        : 
    insert 
    into
        tb_post
        (board_id, post_content, post_create_date, post_title, post_update_date, post_view_count, post_writer, post_id) 
    values
        (?, ?, ?, ?, ?, ?, ?, ?)
Hibernate: 
    insert 
    into
        tb_post
        (board_id, post_content, post_create_date, post_title, post_update_date, post_view_count, post_writer, post_id) 
    values
        (?, ?, ?, ?, ?, ?, ?, ?)
2023-08-14 13:34:04.621 TRACE 8668 --- [    Test worker] o.h.type.descriptor.sql.BasicBinder      : binding parameter [1] as [BIGINT] - [1]
2023-08-14 13:34:04.621 TRACE 8668 --- [    Test worker] o.h.type.descriptor.sql.BasicBinder      : binding parameter [2] as [VARCHAR] - [hX3ZQcuYLq]
2023-08-14 13:34:04.621 TRACE 8668 --- [    Test worker] o.h.type.descriptor.sql.BasicBinder      : binding parameter [3] as [TIMESTAMP] - [2023-08-14 13:34:04.621]
2023-08-14 13:34:04.621 TRACE 8668 --- [    Test worker] o.h.type.descriptor.sql.BasicBinder      : binding parameter [4] as [VARCHAR] - [테스트 글 제목 180]
2023-08-14 13:34:04.621 TRACE 8668 --- [    Test worker] o.h.type.descriptor.sql.BasicBinder      : binding parameter [5] as [TIMESTAMP] - [2023-08-14 13:34:04.621]
2023-08-14 13:34:04.621 TRACE 8668 --- [    Test worker] o.h.type.descriptor.sql.BasicBinder      : binding parameter [6] as [INTEGER] - [0]
2023-08-14 13:34:04.621 TRACE 8668 --- [    Test worker] o.h.type.descriptor.sql.BasicBinder      : binding parameter [7] as [VARCHAR] - [자바]
2023-08-14 13:34:04.621 TRACE 8668 --- [    Test worker] o.h.type.descriptor.sql.BasicBinder      : binding parameter [8] as [BIGINT] - [583]
2023-08-14 13:34:04.621 DEBUG 8668 --- [    Test worker] org.hibernate.SQL                        : 
    select
        nextval(post_seq)
Hibernate: 
    select
        nextval(post_seq)
2023-08-14 13:34:04.621 DEBUG 8668 --- [    Test worker] org.hibernate.SQL                        : 
    insert 
    into
        tb_post
        (board_id, post_content, post_create_date, post_title, post_update_date, post_view_count, post_writer, post_id) 
    values
        (?, ?, ?, ?, ?, ?, ?, ?)
Hibernate: 
    insert 
    into
        tb_post
        (board_id, post_content, post_create_date, post_title, post_update_date, post_view_count, post_writer, post_id) 
    values
        (?, ?, ?, ?, ?, ?, ?, ?)
2023-08-14 13:34:04.621 TRACE 8668 --- [    Test worker] o.h.type.descriptor.sql.BasicBinder      : binding parameter [1] as [BIGINT] - [1]
2023-08-14 13:34:04.621 TRACE 8668 --- [    Test worker] o.h.type.descriptor.sql.BasicBinder      : binding parameter [2] as [VARCHAR] - [MAJg7M4Mel]
2023-08-14 13:34:04.621 TRACE 8668 --- [    Test worker] o.h.type.descriptor.sql.BasicBinder      : binding parameter [3] as [TIMESTAMP] - [2023-08-14 13:34:04.621]
2023-08-14 13:34:04.621 TRACE 8668 --- [    Test worker] o.h.type.descriptor.sql.BasicBinder      : binding parameter [4] as [VARCHAR] - [테스트 글 제목 181]
2023-08-14 13:34:04.621 TRACE 8668 --- [    Test worker] o.h.type.descriptor.sql.BasicBinder      : binding parameter [5] as [TIMESTAMP] - [2023-08-14 13:34:04.621]
2023-08-14 13:34:04.621 TRACE 8668 --- [    Test worker] o.h.type.descriptor.sql.BasicBinder      : binding parameter [6] as [INTEGER] - [0]
2023-08-14 13:34:04.621 TRACE 8668 --- [    Test worker] o.h.type.descriptor.sql.BasicBinder      : binding parameter [7] as [VARCHAR] - [자바]
2023-08-14 13:34:04.621 TRACE 8668 --- [    Test worker] o.h.type.descriptor.sql.BasicBinder      : binding parameter [8] as [BIGINT] - [584]
2023-08-14 13:34:04.621 DEBUG 8668 --- [    Test worker] org.hibernate.SQL                        : 
    select
        nextval(post_seq)
Hibernate: 
    select
        nextval(post_seq)
2023-08-14 13:34:04.621 DEBUG 8668 --- [    Test worker] org.hibernate.SQL                        : 
    insert 
    into
        tb_post
        (board_id, post_content, post_create_date, post_title, post_update_date, post_view_count, post_writer, post_id) 
    values
        (?, ?, ?, ?, ?, ?, ?, ?)
Hibernate: 
    insert 
    into
        tb_post
        (board_id, post_content, post_create_date, post_title, post_update_date, post_view_count, post_writer, post_id) 
    values
        (?, ?, ?, ?, ?, ?, ?, ?)
2023-08-14 13:34:04.621 TRACE 8668 --- [    Test worker] o.h.type.descriptor.sql.BasicBinder      : binding parameter [1] as [BIGINT] - [1]
2023-08-14 13:34:04.621 TRACE 8668 --- [    Test worker] o.h.type.descriptor.sql.BasicBinder      : binding parameter [2] as [VARCHAR] - [u84pUMvTiU]
2023-08-14 13:34:04.621 TRACE 8668 --- [    Test worker] o.h.type.descriptor.sql.BasicBinder      : binding parameter [3] as [TIMESTAMP] - [2023-08-14 13:34:04.621]
2023-08-14 13:34:04.621 TRACE 8668 --- [    Test worker] o.h.type.descriptor.sql.BasicBinder      : binding parameter [4] as [VARCHAR] - [테스트 글 제목 182]
2023-08-14 13:34:04.621 TRACE 8668 --- [    Test worker] o.h.type.descriptor.sql.BasicBinder      : binding parameter [5] as [TIMESTAMP] - [2023-08-14 13:34:04.621]
2023-08-14 13:34:04.621 TRACE 8668 --- [    Test worker] o.h.type.descriptor.sql.BasicBinder      : binding parameter [6] as [INTEGER] - [0]
2023-08-14 13:34:04.621 TRACE 8668 --- [    Test worker] o.h.type.descriptor.sql.BasicBinder      : binding parameter [7] as [VARCHAR] - [자바]
2023-08-14 13:34:04.621 TRACE 8668 --- [    Test worker] o.h.type.descriptor.sql.BasicBinder      : binding parameter [8] as [BIGINT] - [585]
2023-08-14 13:34:04.621 DEBUG 8668 --- [    Test worker] org.hibernate.SQL                        : 
    select
        nextval(post_seq)
Hibernate: 
    select
        nextval(post_seq)
2023-08-14 13:34:04.621 DEBUG 8668 --- [    Test worker] org.hibernate.SQL                        : 
    insert 
    into
        tb_post
        (board_id, post_content, post_create_date, post_title, post_update_date, post_view_count, post_writer, post_id) 
    values
        (?, ?, ?, ?, ?, ?, ?, ?)
Hibernate: 
    insert 
    into
        tb_post
        (board_id, post_content, post_create_date, post_title, post_update_date, post_view_count, post_writer, post_id) 
    values
        (?, ?, ?, ?, ?, ?, ?, ?)
2023-08-14 13:34:04.621 TRACE 8668 --- [    Test worker] o.h.type.descriptor.sql.BasicBinder      : binding parameter [1] as [BIGINT] - [1]
2023-08-14 13:34:04.621 TRACE 8668 --- [    Test worker] o.h.type.descriptor.sql.BasicBinder      : binding parameter [2] as [VARCHAR] - [swhwWc1anP]
2023-08-14 13:34:04.621 TRACE 8668 --- [    Test worker] o.h.type.descriptor.sql.BasicBinder      : binding parameter [3] as [TIMESTAMP] - [2023-08-14 13:34:04.621]
2023-08-14 13:34:04.621 TRACE 8668 --- [    Test worker] o.h.type.descriptor.sql.BasicBinder      : binding parameter [4] as [VARCHAR] - [테스트 글 제목 183]
2023-08-14 13:34:04.621 TRACE 8668 --- [    Test worker] o.h.type.descriptor.sql.BasicBinder      : binding parameter [5] as [TIMESTAMP] - [2023-08-14 13:34:04.621]
2023-08-14 13:34:04.621 TRACE 8668 --- [    Test worker] o.h.type.descriptor.sql.BasicBinder      : binding parameter [6] as [INTEGER] - [0]
2023-08-14 13:34:04.621 TRACE 8668 --- [    Test worker] o.h.type.descriptor.sql.BasicBinder      : binding parameter [7] as [VARCHAR] - [자바]
2023-08-14 13:34:04.621 TRACE 8668 --- [    Test worker] o.h.type.descriptor.sql.BasicBinder      : binding parameter [8] as [BIGINT] - [586]
2023-08-14 13:34:04.621 DEBUG 8668 --- [    Test worker] org.hibernate.SQL                        : 
    select
        nextval(post_seq)
Hibernate: 
    select
        nextval(post_seq)
2023-08-14 13:34:04.621 DEBUG 8668 --- [    Test worker] org.hibernate.SQL                        : 
    insert 
    into
        tb_post
        (board_id, post_content, post_create_date, post_title, post_update_date, post_view_count, post_writer, post_id) 
    values
        (?, ?, ?, ?, ?, ?, ?, ?)
Hibernate: 
    insert 
    into
        tb_post
        (board_id, post_content, post_create_date, post_title, post_update_date, post_view_count, post_writer, post_id) 
    values
        (?, ?, ?, ?, ?, ?, ?, ?)
2023-08-14 13:34:04.621 TRACE 8668 --- [    Test worker] o.h.type.descriptor.sql.BasicBinder      : binding parameter [1] as [BIGINT] - [1]
2023-08-14 13:34:04.621 TRACE 8668 --- [    Test worker] o.h.type.descriptor.sql.BasicBinder      : binding parameter [2] as [VARCHAR] - [doN0hHdxLe]
2023-08-14 13:34:04.621 TRACE 8668 --- [    Test worker] o.h.type.descriptor.sql.BasicBinder      : binding parameter [3] as [TIMESTAMP] - [2023-08-14 13:34:04.621]
2023-08-14 13:34:04.621 TRACE 8668 --- [    Test worker] o.h.type.descriptor.sql.BasicBinder      : binding parameter [4] as [VARCHAR] - [테스트 글 제목 184]
2023-08-14 13:34:04.621 TRACE 8668 --- [    Test worker] o.h.type.descriptor.sql.BasicBinder      : binding parameter [5] as [TIMESTAMP] - [2023-08-14 13:34:04.621]
2023-08-14 13:34:04.621 TRACE 8668 --- [    Test worker] o.h.type.descriptor.sql.BasicBinder      : binding parameter [6] as [INTEGER] - [0]
2023-08-14 13:34:04.621 TRACE 8668 --- [    Test worker] o.h.type.descriptor.sql.BasicBinder      : binding parameter [7] as [VARCHAR] - [자바]
2023-08-14 13:34:04.621 TRACE 8668 --- [    Test worker] o.h.type.descriptor.sql.BasicBinder      : binding parameter [8] as [BIGINT] - [587]
2023-08-14 13:34:04.621 DEBUG 8668 --- [    Test worker] org.hibernate.SQL                        : 
    select
        nextval(post_seq)
Hibernate: 
    select
        nextval(post_seq)
2023-08-14 13:34:04.621 DEBUG 8668 --- [    Test worker] org.hibernate.SQL                        : 
    insert 
    into
        tb_post
        (board_id, post_content, post_create_date, post_title, post_update_date, post_view_count, post_writer, post_id) 
    values
        (?, ?, ?, ?, ?, ?, ?, ?)
Hibernate: 
    insert 
    into
        tb_post
        (board_id, post_content, post_create_date, post_title, post_update_date, post_view_count, post_writer, post_id) 
    values
        (?, ?, ?, ?, ?, ?, ?, ?)
2023-08-14 13:34:04.621 TRACE 8668 --- [    Test worker] o.h.type.descriptor.sql.BasicBinder      : binding parameter [1] as [BIGINT] - [1]
2023-08-14 13:34:04.621 TRACE 8668 --- [    Test worker] o.h.type.descriptor.sql.BasicBinder      : binding parameter [2] as [VARCHAR] - [GZ3YjrHcjD]
2023-08-14 13:34:04.621 TRACE 8668 --- [    Test worker] o.h.type.descriptor.sql.BasicBinder      : binding parameter [3] as [TIMESTAMP] - [2023-08-14 13:34:04.621]
2023-08-14 13:34:04.621 TRACE 8668 --- [    Test worker] o.h.type.descriptor.sql.BasicBinder      : binding parameter [4] as [VARCHAR] - [테스트 글 제목 185]
2023-08-14 13:34:04.621 TRACE 8668 --- [    Test worker] o.h.type.descriptor.sql.BasicBinder      : binding parameter [5] as [TIMESTAMP] - [2023-08-14 13:34:04.621]
2023-08-14 13:34:04.621 TRACE 8668 --- [    Test worker] o.h.type.descriptor.sql.BasicBinder      : binding parameter [6] as [INTEGER] - [0]
2023-08-14 13:34:04.621 TRACE 8668 --- [    Test worker] o.h.type.descriptor.sql.BasicBinder      : binding parameter [7] as [VARCHAR] - [자바]
2023-08-14 13:34:04.621 TRACE 8668 --- [    Test worker] o.h.type.descriptor.sql.BasicBinder      : binding parameter [8] as [BIGINT] - [588]
2023-08-14 13:34:04.621 DEBUG 8668 --- [    Test worker] org.hibernate.SQL                        : 
    select
        nextval(post_seq)
Hibernate: 
    select
        nextval(post_seq)
2023-08-14 13:34:04.621 DEBUG 8668 --- [    Test worker] org.hibernate.SQL                        : 
    insert 
    into
        tb_post
        (board_id, post_content, post_create_date, post_title, post_update_date, post_view_count, post_writer, post_id) 
    values
        (?, ?, ?, ?, ?, ?, ?, ?)
Hibernate: 
    insert 
    into
        tb_post
        (board_id, post_content, post_create_date, post_title, post_update_date, post_view_count, post_writer, post_id) 
    values
        (?, ?, ?, ?, ?, ?, ?, ?)
2023-08-14 13:34:04.621 TRACE 8668 --- [    Test worker] o.h.type.descriptor.sql.BasicBinder      : binding parameter [1] as [BIGINT] - [1]
2023-08-14 13:34:04.621 TRACE 8668 --- [    Test worker] o.h.type.descriptor.sql.BasicBinder      : binding parameter [2] as [VARCHAR] - [W3UWOoYekK]
2023-08-14 13:34:04.621 TRACE 8668 --- [    Test worker] o.h.type.descriptor.sql.BasicBinder      : binding parameter [3] as [TIMESTAMP] - [2023-08-14 13:34:04.621]
2023-08-14 13:34:04.621 TRACE 8668 --- [    Test worker] o.h.type.descriptor.sql.BasicBinder      : binding parameter [4] as [VARCHAR] - [테스트 글 제목 186]
2023-08-14 13:34:04.621 TRACE 8668 --- [    Test worker] o.h.type.descriptor.sql.BasicBinder      : binding parameter [5] as [TIMESTAMP] - [2023-08-14 13:34:04.621]
2023-08-14 13:34:04.621 TRACE 8668 --- [    Test worker] o.h.type.descriptor.sql.BasicBinder      : binding parameter [6] as [INTEGER] - [0]
2023-08-14 13:34:04.621 TRACE 8668 --- [    Test worker] o.h.type.descriptor.sql.BasicBinder      : binding parameter [7] as [VARCHAR] - [자바]
2023-08-14 13:34:04.621 TRACE 8668 --- [    Test worker] o.h.type.descriptor.sql.BasicBinder      : binding parameter [8] as [BIGINT] - [589]
2023-08-14 13:34:04.621 DEBUG 8668 --- [    Test worker] org.hibernate.SQL                        : 
    select
        nextval(post_seq)
Hibernate: 
    select
        nextval(post_seq)
2023-08-14 13:34:04.621 DEBUG 8668 --- [    Test worker] org.hibernate.SQL                        : 
    insert 
    into
        tb_post
        (board_id, post_content, post_create_date, post_title, post_update_date, post_view_count, post_writer, post_id) 
    values
        (?, ?, ?, ?, ?, ?, ?, ?)
Hibernate: 
    insert 
    into
        tb_post
        (board_id, post_content, post_create_date, post_title, post_update_date, post_view_count, post_writer, post_id) 
    values
        (?, ?, ?, ?, ?, ?, ?, ?)
2023-08-14 13:34:04.621 TRACE 8668 --- [    Test worker] o.h.type.descriptor.sql.BasicBinder      : binding parameter [1] as [BIGINT] - [1]
2023-08-14 13:34:04.621 TRACE 8668 --- [    Test worker] o.h.type.descriptor.sql.BasicBinder      : binding parameter [2] as [VARCHAR] - [cWOCZB7KWp]
2023-08-14 13:34:04.621 TRACE 8668 --- [    Test worker] o.h.type.descriptor.sql.BasicBinder      : binding parameter [3] as [TIMESTAMP] - [2023-08-14 13:34:04.621]
2023-08-14 13:34:04.621 TRACE 8668 --- [    Test worker] o.h.type.descriptor.sql.BasicBinder      : binding parameter [4] as [VARCHAR] - [테스트 글 제목 187]
2023-08-14 13:34:04.621 TRACE 8668 --- [    Test worker] o.h.type.descriptor.sql.BasicBinder      : binding parameter [5] as [TIMESTAMP] - [2023-08-14 13:34:04.621]
2023-08-14 13:34:04.621 TRACE 8668 --- [    Test worker] o.h.type.descriptor.sql.BasicBinder      : binding parameter [6] as [INTEGER] - [0]
2023-08-14 13:34:04.621 TRACE 8668 --- [    Test worker] o.h.type.descriptor.sql.BasicBinder      : binding parameter [7] as [VARCHAR] - [자바]
2023-08-14 13:34:04.621 TRACE 8668 --- [    Test worker] o.h.type.descriptor.sql.BasicBinder      : binding parameter [8] as [BIGINT] - [590]
2023-08-14 13:34:04.636 DEBUG 8668 --- [    Test worker] org.hibernate.SQL                        : 
    select
        nextval(post_seq)
Hibernate: 
    select
        nextval(post_seq)
2023-08-14 13:34:04.636 DEBUG 8668 --- [    Test worker] org.hibernate.SQL                        : 
    insert 
    into
        tb_post
        (board_id, post_content, post_create_date, post_title, post_update_date, post_view_count, post_writer, post_id) 
    values
        (?, ?, ?, ?, ?, ?, ?, ?)
Hibernate: 
    insert 
    into
        tb_post
        (board_id, post_content, post_create_date, post_title, post_update_date, post_view_count, post_writer, post_id) 
    values
        (?, ?, ?, ?, ?, ?, ?, ?)
2023-08-14 13:34:04.636 TRACE 8668 --- [    Test worker] o.h.type.descriptor.sql.BasicBinder      : binding parameter [1] as [BIGINT] - [1]
2023-08-14 13:34:04.636 TRACE 8668 --- [    Test worker] o.h.type.descriptor.sql.BasicBinder      : binding parameter [2] as [VARCHAR] - [B9kLnGl1hW]
2023-08-14 13:34:04.636 TRACE 8668 --- [    Test worker] o.h.type.descriptor.sql.BasicBinder      : binding parameter [3] as [TIMESTAMP] - [2023-08-14 13:34:04.636]
2023-08-14 13:34:04.636 TRACE 8668 --- [    Test worker] o.h.type.descriptor.sql.BasicBinder      : binding parameter [4] as [VARCHAR] - [테스트 글 제목 188]
2023-08-14 13:34:04.636 TRACE 8668 --- [    Test worker] o.h.type.descriptor.sql.BasicBinder      : binding parameter [5] as [TIMESTAMP] - [2023-08-14 13:34:04.636]
2023-08-14 13:34:04.636 TRACE 8668 --- [    Test worker] o.h.type.descriptor.sql.BasicBinder      : binding parameter [6] as [INTEGER] - [0]
2023-08-14 13:34:04.636 TRACE 8668 --- [    Test worker] o.h.type.descriptor.sql.BasicBinder      : binding parameter [7] as [VARCHAR] - [자바]
2023-08-14 13:34:04.636 TRACE 8668 --- [    Test worker] o.h.type.descriptor.sql.BasicBinder      : binding parameter [8] as [BIGINT] - [591]
2023-08-14 13:34:04.636 DEBUG 8668 --- [    Test worker] org.hibernate.SQL                        : 
    select
        nextval(post_seq)
Hibernate: 
    select
        nextval(post_seq)
2023-08-14 13:34:04.636 DEBUG 8668 --- [    Test worker] org.hibernate.SQL                        : 
    insert 
    into
        tb_post
        (board_id, post_content, post_create_date, post_title, post_update_date, post_view_count, post_writer, post_id) 
    values
        (?, ?, ?, ?, ?, ?, ?, ?)
Hibernate: 
    insert 
    into
        tb_post
        (board_id, post_content, post_create_date, post_title, post_update_date, post_view_count, post_writer, post_id) 
    values
        (?, ?, ?, ?, ?, ?, ?, ?)
2023-08-14 13:34:04.636 TRACE 8668 --- [    Test worker] o.h.type.descriptor.sql.BasicBinder      : binding parameter [1] as [BIGINT] - [1]
2023-08-14 13:34:04.636 TRACE 8668 --- [    Test worker] o.h.type.descriptor.sql.BasicBinder      : binding parameter [2] as [VARCHAR] - [bZqjXqJc8C]
2023-08-14 13:34:04.636 TRACE 8668 --- [    Test worker] o.h.type.descriptor.sql.BasicBinder      : binding parameter [3] as [TIMESTAMP] - [2023-08-14 13:34:04.636]
2023-08-14 13:34:04.636 TRACE 8668 --- [    Test worker] o.h.type.descriptor.sql.BasicBinder      : binding parameter [4] as [VARCHAR] - [테스트 글 제목 189]
2023-08-14 13:34:04.636 TRACE 8668 --- [    Test worker] o.h.type.descriptor.sql.BasicBinder      : binding parameter [5] as [TIMESTAMP] - [2023-08-14 13:34:04.636]
2023-08-14 13:34:04.636 TRACE 8668 --- [    Test worker] o.h.type.descriptor.sql.BasicBinder      : binding parameter [6] as [INTEGER] - [0]
2023-08-14 13:34:04.636 TRACE 8668 --- [    Test worker] o.h.type.descriptor.sql.BasicBinder      : binding parameter [7] as [VARCHAR] - [자바]
2023-08-14 13:34:04.636 TRACE 8668 --- [    Test worker] o.h.type.descriptor.sql.BasicBinder      : binding parameter [8] as [BIGINT] - [592]
2023-08-14 13:34:04.636 DEBUG 8668 --- [    Test worker] org.hibernate.SQL                        : 
    select
        nextval(post_seq)
Hibernate: 
    select
        nextval(post_seq)
2023-08-14 13:34:04.636 DEBUG 8668 --- [    Test worker] org.hibernate.SQL                        : 
    insert 
    into
        tb_post
        (board_id, post_content, post_create_date, post_title, post_update_date, post_view_count, post_writer, post_id) 
    values
        (?, ?, ?, ?, ?, ?, ?, ?)
Hibernate: 
    insert 
    into
        tb_post
        (board_id, post_content, post_create_date, post_title, post_update_date, post_view_count, post_writer, post_id) 
    values
        (?, ?, ?, ?, ?, ?, ?, ?)
2023-08-14 13:34:04.636 TRACE 8668 --- [    Test worker] o.h.type.descriptor.sql.BasicBinder      : binding parameter [1] as [BIGINT] - [1]
2023-08-14 13:34:04.636 TRACE 8668 --- [    Test worker] o.h.type.descriptor.sql.BasicBinder      : binding parameter [2] as [VARCHAR] - [DUE3tLI5BN]
2023-08-14 13:34:04.636 TRACE 8668 --- [    Test worker] o.h.type.descriptor.sql.BasicBinder      : binding parameter [3] as [TIMESTAMP] - [2023-08-14 13:34:04.636]
2023-08-14 13:34:04.636 TRACE 8668 --- [    Test worker] o.h.type.descriptor.sql.BasicBinder      : binding parameter [4] as [VARCHAR] - [테스트 글 제목 190]
2023-08-14 13:34:04.636 TRACE 8668 --- [    Test worker] o.h.type.descriptor.sql.BasicBinder      : binding parameter [5] as [TIMESTAMP] - [2023-08-14 13:34:04.636]
2023-08-14 13:34:04.636 TRACE 8668 --- [    Test worker] o.h.type.descriptor.sql.BasicBinder      : binding parameter [6] as [INTEGER] - [0]
2023-08-14 13:34:04.636 TRACE 8668 --- [    Test worker] o.h.type.descriptor.sql.BasicBinder      : binding parameter [7] as [VARCHAR] - [자바]
2023-08-14 13:34:04.636 TRACE 8668 --- [    Test worker] o.h.type.descriptor.sql.BasicBinder      : binding parameter [8] as [BIGINT] - [593]
2023-08-14 13:34:04.636 DEBUG 8668 --- [    Test worker] org.hibernate.SQL                        : 
    select
        nextval(post_seq)
Hibernate: 
    select
        nextval(post_seq)
2023-08-14 13:34:04.636 DEBUG 8668 --- [    Test worker] org.hibernate.SQL                        : 
    insert 
    into
        tb_post
        (board_id, post_content, post_create_date, post_title, post_update_date, post_view_count, post_writer, post_id) 
    values
        (?, ?, ?, ?, ?, ?, ?, ?)
Hibernate: 
    insert 
    into
        tb_post
        (board_id, post_content, post_create_date, post_title, post_update_date, post_view_count, post_writer, post_id) 
    values
        (?, ?, ?, ?, ?, ?, ?, ?)
2023-08-14 13:34:04.636 TRACE 8668 --- [    Test worker] o.h.type.descriptor.sql.BasicBinder      : binding parameter [1] as [BIGINT] - [1]
2023-08-14 13:34:04.636 TRACE 8668 --- [    Test worker] o.h.type.descriptor.sql.BasicBinder      : binding parameter [2] as [VARCHAR] - [rZ8mm9qpn0]
2023-08-14 13:34:04.636 TRACE 8668 --- [    Test worker] o.h.type.descriptor.sql.BasicBinder      : binding parameter [3] as [TIMESTAMP] - [2023-08-14 13:34:04.636]
2023-08-14 13:34:04.636 TRACE 8668 --- [    Test worker] o.h.type.descriptor.sql.BasicBinder      : binding parameter [4] as [VARCHAR] - [테스트 글 제목 191]
2023-08-14 13:34:04.636 TRACE 8668 --- [    Test worker] o.h.type.descriptor.sql.BasicBinder      : binding parameter [5] as [TIMESTAMP] - [2023-08-14 13:34:04.636]
2023-08-14 13:34:04.636 TRACE 8668 --- [    Test worker] o.h.type.descriptor.sql.BasicBinder      : binding parameter [6] as [INTEGER] - [0]
2023-08-14 13:34:04.636 TRACE 8668 --- [    Test worker] o.h.type.descriptor.sql.BasicBinder      : binding parameter [7] as [VARCHAR] - [자바]
2023-08-14 13:34:04.636 TRACE 8668 --- [    Test worker] o.h.type.descriptor.sql.BasicBinder      : binding parameter [8] as [BIGINT] - [594]
2023-08-14 13:34:04.636 DEBUG 8668 --- [    Test worker] org.hibernate.SQL                        : 
    select
        nextval(post_seq)
Hibernate: 
    select
        nextval(post_seq)
2023-08-14 13:34:04.636 DEBUG 8668 --- [    Test worker] org.hibernate.SQL                        : 
    insert 
    into
        tb_post
        (board_id, post_content, post_create_date, post_title, post_update_date, post_view_count, post_writer, post_id) 
    values
        (?, ?, ?, ?, ?, ?, ?, ?)
Hibernate: 
    insert 
    into
        tb_post
        (board_id, post_content, post_create_date, post_title, post_update_date, post_view_count, post_writer, post_id) 
    values
        (?, ?, ?, ?, ?, ?, ?, ?)
2023-08-14 13:34:04.636 TRACE 8668 --- [    Test worker] o.h.type.descriptor.sql.BasicBinder      : binding parameter [1] as [BIGINT] - [1]
2023-08-14 13:34:04.636 TRACE 8668 --- [    Test worker] o.h.type.descriptor.sql.BasicBinder      : binding parameter [2] as [VARCHAR] - [0jXYv0AZ95]
2023-08-14 13:34:04.636 TRACE 8668 --- [    Test worker] o.h.type.descriptor.sql.BasicBinder      : binding parameter [3] as [TIMESTAMP] - [2023-08-14 13:34:04.636]
2023-08-14 13:34:04.636 TRACE 8668 --- [    Test worker] o.h.type.descriptor.sql.BasicBinder      : binding parameter [4] as [VARCHAR] - [테스트 글 제목 192]
2023-08-14 13:34:04.636 TRACE 8668 --- [    Test worker] o.h.type.descriptor.sql.BasicBinder      : binding parameter [5] as [TIMESTAMP] - [2023-08-14 13:34:04.636]
2023-08-14 13:34:04.636 TRACE 8668 --- [    Test worker] o.h.type.descriptor.sql.BasicBinder      : binding parameter [6] as [INTEGER] - [0]
2023-08-14 13:34:04.636 TRACE 8668 --- [    Test worker] o.h.type.descriptor.sql.BasicBinder      : binding parameter [7] as [VARCHAR] - [자바]
2023-08-14 13:34:04.636 TRACE 8668 --- [    Test worker] o.h.type.descriptor.sql.BasicBinder      : binding parameter [8] as [BIGINT] - [595]
2023-08-14 13:34:04.636 DEBUG 8668 --- [    Test worker] org.hibernate.SQL                        : 
    select
        nextval(post_seq)
Hibernate: 
    select
        nextval(post_seq)
2023-08-14 13:34:04.636 DEBUG 8668 --- [    Test worker] org.hibernate.SQL                        : 
    insert 
    into
        tb_post
        (board_id, post_content, post_create_date, post_title, post_update_date, post_view_count, post_writer, post_id) 
    values
        (?, ?, ?, ?, ?, ?, ?, ?)
Hibernate: 
    insert 
    into
        tb_post
        (board_id, post_content, post_create_date, post_title, post_update_date, post_view_count, post_writer, post_id) 
    values
        (?, ?, ?, ?, ?, ?, ?, ?)
2023-08-14 13:34:04.636 TRACE 8668 --- [    Test worker] o.h.type.descriptor.sql.BasicBinder      : binding parameter [1] as [BIGINT] - [1]
2023-08-14 13:34:04.636 TRACE 8668 --- [    Test worker] o.h.type.descriptor.sql.BasicBinder      : binding parameter [2] as [VARCHAR] - [74eDHKgVXR]
2023-08-14 13:34:04.636 TRACE 8668 --- [    Test worker] o.h.type.descriptor.sql.BasicBinder      : binding parameter [3] as [TIMESTAMP] - [2023-08-14 13:34:04.636]
2023-08-14 13:34:04.636 TRACE 8668 --- [    Test worker] o.h.type.descriptor.sql.BasicBinder      : binding parameter [4] as [VARCHAR] - [테스트 글 제목 193]
2023-08-14 13:34:04.636 TRACE 8668 --- [    Test worker] o.h.type.descriptor.sql.BasicBinder      : binding parameter [5] as [TIMESTAMP] - [2023-08-14 13:34:04.636]
2023-08-14 13:34:04.636 TRACE 8668 --- [    Test worker] o.h.type.descriptor.sql.BasicBinder      : binding parameter [6] as [INTEGER] - [0]
2023-08-14 13:34:04.636 TRACE 8668 --- [    Test worker] o.h.type.descriptor.sql.BasicBinder      : binding parameter [7] as [VARCHAR] - [자바]
2023-08-14 13:34:04.636 TRACE 8668 --- [    Test worker] o.h.type.descriptor.sql.BasicBinder      : binding parameter [8] as [BIGINT] - [596]
2023-08-14 13:34:04.636 DEBUG 8668 --- [    Test worker] org.hibernate.SQL                        : 
    select
        nextval(post_seq)
Hibernate: 
    select
        nextval(post_seq)
2023-08-14 13:34:04.636 DEBUG 8668 --- [    Test worker] org.hibernate.SQL                        : 
    insert 
    into
        tb_post
        (board_id, post_content, post_create_date, post_title, post_update_date, post_view_count, post_writer, post_id) 
    values
        (?, ?, ?, ?, ?, ?, ?, ?)
Hibernate: 
    insert 
    into
        tb_post
        (board_id, post_content, post_create_date, post_title, post_update_date, post_view_count, post_writer, post_id) 
    values
        (?, ?, ?, ?, ?, ?, ?, ?)
2023-08-14 13:34:04.636 TRACE 8668 --- [    Test worker] o.h.type.descriptor.sql.BasicBinder      : binding parameter [1] as [BIGINT] - [1]
2023-08-14 13:34:04.636 TRACE 8668 --- [    Test worker] o.h.type.descriptor.sql.BasicBinder      : binding parameter [2] as [VARCHAR] - [kCEitVhUPW]
2023-08-14 13:34:04.636 TRACE 8668 --- [    Test worker] o.h.type.descriptor.sql.BasicBinder      : binding parameter [3] as [TIMESTAMP] - [2023-08-14 13:34:04.636]
2023-08-14 13:34:04.636 TRACE 8668 --- [    Test worker] o.h.type.descriptor.sql.BasicBinder      : binding parameter [4] as [VARCHAR] - [테스트 글 제목 194]
2023-08-14 13:34:04.636 TRACE 8668 --- [    Test worker] o.h.type.descriptor.sql.BasicBinder      : binding parameter [5] as [TIMESTAMP] - [2023-08-14 13:34:04.636]
2023-08-14 13:34:04.636 TRACE 8668 --- [    Test worker] o.h.type.descriptor.sql.BasicBinder      : binding parameter [6] as [INTEGER] - [0]
2023-08-14 13:34:04.636 TRACE 8668 --- [    Test worker] o.h.type.descriptor.sql.BasicBinder      : binding parameter [7] as [VARCHAR] - [자바]
2023-08-14 13:34:04.636 TRACE 8668 --- [    Test worker] o.h.type.descriptor.sql.BasicBinder      : binding parameter [8] as [BIGINT] - [597]
2023-08-14 13:34:04.636 DEBUG 8668 --- [    Test worker] org.hibernate.SQL                        : 
    select
        nextval(post_seq)
Hibernate: 
    select
        nextval(post_seq)
2023-08-14 13:34:04.636 DEBUG 8668 --- [    Test worker] org.hibernate.SQL                        : 
    insert 
    into
        tb_post
        (board_id, post_content, post_create_date, post_title, post_update_date, post_view_count, post_writer, post_id) 
    values
        (?, ?, ?, ?, ?, ?, ?, ?)
Hibernate: 
    insert 
    into
        tb_post
        (board_id, post_content, post_create_date, post_title, post_update_date, post_view_count, post_writer, post_id) 
    values
        (?, ?, ?, ?, ?, ?, ?, ?)
2023-08-14 13:34:04.636 TRACE 8668 --- [    Test worker] o.h.type.descriptor.sql.BasicBinder      : binding parameter [1] as [BIGINT] - [1]
2023-08-14 13:34:04.636 TRACE 8668 --- [    Test worker] o.h.type.descriptor.sql.BasicBinder      : binding parameter [2] as [VARCHAR] - [2HscYxRRdZ]
2023-08-14 13:34:04.636 TRACE 8668 --- [    Test worker] o.h.type.descriptor.sql.BasicBinder      : binding parameter [3] as [TIMESTAMP] - [2023-08-14 13:34:04.636]
2023-08-14 13:34:04.636 TRACE 8668 --- [    Test worker] o.h.type.descriptor.sql.BasicBinder      : binding parameter [4] as [VARCHAR] - [테스트 글 제목 195]
2023-08-14 13:34:04.636 TRACE 8668 --- [    Test worker] o.h.type.descriptor.sql.BasicBinder      : binding parameter [5] as [TIMESTAMP] - [2023-08-14 13:34:04.636]
2023-08-14 13:34:04.636 TRACE 8668 --- [    Test worker] o.h.type.descriptor.sql.BasicBinder      : binding parameter [6] as [INTEGER] - [0]
2023-08-14 13:34:04.636 TRACE 8668 --- [    Test worker] o.h.type.descriptor.sql.BasicBinder      : binding parameter [7] as [VARCHAR] - [자바]
2023-08-14 13:34:04.636 TRACE 8668 --- [    Test worker] o.h.type.descriptor.sql.BasicBinder      : binding parameter [8] as [BIGINT] - [598]
2023-08-14 13:34:04.636 DEBUG 8668 --- [    Test worker] org.hibernate.SQL                        : 
    select
        nextval(post_seq)
Hibernate: 
    select
        nextval(post_seq)
2023-08-14 13:34:04.636 DEBUG 8668 --- [    Test worker] org.hibernate.SQL                        : 
    insert 
    into
        tb_post
        (board_id, post_content, post_create_date, post_title, post_update_date, post_view_count, post_writer, post_id) 
    values
        (?, ?, ?, ?, ?, ?, ?, ?)
Hibernate: 
    insert 
    into
        tb_post
        (board_id, post_content, post_create_date, post_title, post_update_date, post_view_count, post_writer, post_id) 
    values
        (?, ?, ?, ?, ?, ?, ?, ?)
2023-08-14 13:34:04.636 TRACE 8668 --- [    Test worker] o.h.type.descriptor.sql.BasicBinder      : binding parameter [1] as [BIGINT] - [1]
2023-08-14 13:34:04.636 TRACE 8668 --- [    Test worker] o.h.type.descriptor.sql.BasicBinder      : binding parameter [2] as [VARCHAR] - [r75URZOa3I]
2023-08-14 13:34:04.636 TRACE 8668 --- [    Test worker] o.h.type.descriptor.sql.BasicBinder      : binding parameter [3] as [TIMESTAMP] - [2023-08-14 13:34:04.636]
2023-08-14 13:34:04.636 TRACE 8668 --- [    Test worker] o.h.type.descriptor.sql.BasicBinder      : binding parameter [4] as [VARCHAR] - [테스트 글 제목 196]
2023-08-14 13:34:04.636 TRACE 8668 --- [    Test worker] o.h.type.descriptor.sql.BasicBinder      : binding parameter [5] as [TIMESTAMP] - [2023-08-14 13:34:04.636]
2023-08-14 13:34:04.636 TRACE 8668 --- [    Test worker] o.h.type.descriptor.sql.BasicBinder      : binding parameter [6] as [INTEGER] - [0]
2023-08-14 13:34:04.636 TRACE 8668 --- [    Test worker] o.h.type.descriptor.sql.BasicBinder      : binding parameter [7] as [VARCHAR] - [자바]
2023-08-14 13:34:04.636 TRACE 8668 --- [    Test worker] o.h.type.descriptor.sql.BasicBinder      : binding parameter [8] as [BIGINT] - [599]
2023-08-14 13:34:04.636 DEBUG 8668 --- [    Test worker] org.hibernate.SQL                        : 
    select
        nextval(post_seq)
Hibernate: 
    select
        nextval(post_seq)
2023-08-14 13:34:04.636 DEBUG 8668 --- [    Test worker] org.hibernate.SQL                        : 
    insert 
    into
        tb_post
        (board_id, post_content, post_create_date, post_title, post_update_date, post_view_count, post_writer, post_id) 
    values
        (?, ?, ?, ?, ?, ?, ?, ?)
Hibernate: 
    insert 
    into
        tb_post
        (board_id, post_content, post_create_date, post_title, post_update_date, post_view_count, post_writer, post_id) 
    values
        (?, ?, ?, ?, ?, ?, ?, ?)
2023-08-14 13:34:04.636 TRACE 8668 --- [    Test worker] o.h.type.descriptor.sql.BasicBinder      : binding parameter [1] as [BIGINT] - [1]
2023-08-14 13:34:04.636 TRACE 8668 --- [    Test worker] o.h.type.descriptor.sql.BasicBinder      : binding parameter [2] as [VARCHAR] - [8etkliLo8e]
2023-08-14 13:34:04.636 TRACE 8668 --- [    Test worker] o.h.type.descriptor.sql.BasicBinder      : binding parameter [3] as [TIMESTAMP] - [2023-08-14 13:34:04.636]
2023-08-14 13:34:04.636 TRACE 8668 --- [    Test worker] o.h.type.descriptor.sql.BasicBinder      : binding parameter [4] as [VARCHAR] - [테스트 글 제목 197]
2023-08-14 13:34:04.636 TRACE 8668 --- [    Test worker] o.h.type.descriptor.sql.BasicBinder      : binding parameter [5] as [TIMESTAMP] - [2023-08-14 13:34:04.636]
2023-08-14 13:34:04.636 TRACE 8668 --- [    Test worker] o.h.type.descriptor.sql.BasicBinder      : binding parameter [6] as [INTEGER] - [0]
2023-08-14 13:34:04.636 TRACE 8668 --- [    Test worker] o.h.type.descriptor.sql.BasicBinder      : binding parameter [7] as [VARCHAR] - [자바]
2023-08-14 13:34:04.636 TRACE 8668 --- [    Test worker] o.h.type.descriptor.sql.BasicBinder      : binding parameter [8] as [BIGINT] - [600]
2023-08-14 13:34:04.636 DEBUG 8668 --- [    Test worker] org.hibernate.SQL                        : 
    select
        nextval(post_seq)
Hibernate: 
    select
        nextval(post_seq)
2023-08-14 13:34:04.636 DEBUG 8668 --- [    Test worker] org.hibernate.SQL                        : 
    insert 
    into
        tb_post
        (board_id, post_content, post_create_date, post_title, post_update_date, post_view_count, post_writer, post_id) 
    values
        (?, ?, ?, ?, ?, ?, ?, ?)
Hibernate: 
    insert 
    into
        tb_post
        (board_id, post_content, post_create_date, post_title, post_update_date, post_view_count, post_writer, post_id) 
    values
        (?, ?, ?, ?, ?, ?, ?, ?)
2023-08-14 13:34:04.636 TRACE 8668 --- [    Test worker] o.h.type.descriptor.sql.BasicBinder      : binding parameter [1] as [BIGINT] - [1]
2023-08-14 13:34:04.636 TRACE 8668 --- [    Test worker] o.h.type.descriptor.sql.BasicBinder      : binding parameter [2] as [VARCHAR] - [sU3skh0Dtz]
2023-08-14 13:34:04.636 TRACE 8668 --- [    Test worker] o.h.type.descriptor.sql.BasicBinder      : binding parameter [3] as [TIMESTAMP] - [2023-08-14 13:34:04.636]
2023-08-14 13:34:04.636 TRACE 8668 --- [    Test worker] o.h.type.descriptor.sql.BasicBinder      : binding parameter [4] as [VARCHAR] - [테스트 글 제목 198]
2023-08-14 13:34:04.636 TRACE 8668 --- [    Test worker] o.h.type.descriptor.sql.BasicBinder      : binding parameter [5] as [TIMESTAMP] - [2023-08-14 13:34:04.636]
2023-08-14 13:34:04.636 TRACE 8668 --- [    Test worker] o.h.type.descriptor.sql.BasicBinder      : binding parameter [6] as [INTEGER] - [0]
2023-08-14 13:34:04.636 TRACE 8668 --- [    Test worker] o.h.type.descriptor.sql.BasicBinder      : binding parameter [7] as [VARCHAR] - [자바]
2023-08-14 13:34:04.636 TRACE 8668 --- [    Test worker] o.h.type.descriptor.sql.BasicBinder      : binding parameter [8] as [BIGINT] - [601]
2023-08-14 13:34:04.636 DEBUG 8668 --- [    Test worker] org.hibernate.SQL                        : 
    select
        nextval(post_seq)
Hibernate: 
    select
        nextval(post_seq)
2023-08-14 13:34:04.636 DEBUG 8668 --- [    Test worker] org.hibernate.SQL                        : 
    insert 
    into
        tb_post
        (board_id, post_content, post_create_date, post_title, post_update_date, post_view_count, post_writer, post_id) 
    values
        (?, ?, ?, ?, ?, ?, ?, ?)
Hibernate: 
    insert 
    into
        tb_post
        (board_id, post_content, post_create_date, post_title, post_update_date, post_view_count, post_writer, post_id) 
    values
        (?, ?, ?, ?, ?, ?, ?, ?)
2023-08-14 13:34:04.636 TRACE 8668 --- [    Test worker] o.h.type.descriptor.sql.BasicBinder      : binding parameter [1] as [BIGINT] - [1]
2023-08-14 13:34:04.636 TRACE 8668 --- [    Test worker] o.h.type.descriptor.sql.BasicBinder      : binding parameter [2] as [VARCHAR] - [9l3TPMX02m]
2023-08-14 13:34:04.636 TRACE 8668 --- [    Test worker] o.h.type.descriptor.sql.BasicBinder      : binding parameter [3] as [TIMESTAMP] - [2023-08-14 13:34:04.636]
2023-08-14 13:34:04.636 TRACE 8668 --- [    Test worker] o.h.type.descriptor.sql.BasicBinder      : binding parameter [4] as [VARCHAR] - [테스트 글 제목 199]
2023-08-14 13:34:04.636 TRACE 8668 --- [    Test worker] o.h.type.descriptor.sql.BasicBinder      : binding parameter [5] as [TIMESTAMP] - [2023-08-14 13:34:04.636]
2023-08-14 13:34:04.636 TRACE 8668 --- [    Test worker] o.h.type.descriptor.sql.BasicBinder      : binding parameter [6] as [INTEGER] - [0]
2023-08-14 13:34:04.636 TRACE 8668 --- [    Test worker] o.h.type.descriptor.sql.BasicBinder      : binding parameter [7] as [VARCHAR] - [자바]
2023-08-14 13:34:04.636 TRACE 8668 --- [    Test worker] o.h.type.descriptor.sql.BasicBinder      : binding parameter [8] as [BIGINT] - [602]
2023-08-14 13:34:04.652 DEBUG 8668 --- [    Test worker] org.hibernate.SQL                        : 
    select
        nextval(post_seq)
Hibernate: 
    select
        nextval(post_seq)
2023-08-14 13:34:04.652 DEBUG 8668 --- [    Test worker] org.hibernate.SQL                        : 
    insert 
    into
        tb_post
        (board_id, post_content, post_create_date, post_title, post_update_date, post_view_count, post_writer, post_id) 
    values
        (?, ?, ?, ?, ?, ?, ?, ?)
Hibernate: 
    insert 
    into
        tb_post
        (board_id, post_content, post_create_date, post_title, post_update_date, post_view_count, post_writer, post_id) 
    values
        (?, ?, ?, ?, ?, ?, ?, ?)
2023-08-14 13:34:04.652 TRACE 8668 --- [    Test worker] o.h.type.descriptor.sql.BasicBinder      : binding parameter [1] as [BIGINT] - [1]
2023-08-14 13:34:04.652 TRACE 8668 --- [    Test worker] o.h.type.descriptor.sql.BasicBinder      : binding parameter [2] as [VARCHAR] - [H5YJ6FY6su]
2023-08-14 13:34:04.652 TRACE 8668 --- [    Test worker] o.h.type.descriptor.sql.BasicBinder      : binding parameter [3] as [TIMESTAMP] - [2023-08-14 13:34:04.652]
2023-08-14 13:34:04.652 TRACE 8668 --- [    Test worker] o.h.type.descriptor.sql.BasicBinder      : binding parameter [4] as [VARCHAR] - [테스트 글 제목 200]
2023-08-14 13:34:04.652 TRACE 8668 --- [    Test worker] o.h.type.descriptor.sql.BasicBinder      : binding parameter [5] as [TIMESTAMP] - [2023-08-14 13:34:04.652]
2023-08-14 13:34:04.652 TRACE 8668 --- [    Test worker] o.h.type.descriptor.sql.BasicBinder      : binding parameter [6] as [INTEGER] - [0]
2023-08-14 13:34:04.652 TRACE 8668 --- [    Test worker] o.h.type.descriptor.sql.BasicBinder      : binding parameter [7] as [VARCHAR] - [자바]
2023-08-14 13:34:04.652 TRACE 8668 --- [    Test worker] o.h.type.descriptor.sql.BasicBinder      : binding parameter [8] as [BIGINT] - [603]
2023-08-14 13:34:04.652 DEBUG 8668 --- [    Test worker] org.hibernate.SQL                        : 
    select
        post0_.post_id as post_id1_2_,
        post0_.board_id as board_id2_2_,
        post0_.post_content as post_con3_2_,
        post0_.post_create_date as post_cre4_2_,
        post0_.post_showyn as post_sho5_2_,
        post0_.post_title as post_tit6_2_,
        post0_.post_update_date as post_upd7_2_,
        post0_.post_view_count as post_vie8_2_,
        post0_.post_writer as post_wri9_2_ 
    from
        tb_post post0_ 
    where
        (
            post0_.post_title like ? escape ?
        ) 
        and post0_.post_id>? 
        and post0_.post_id<? 
    order by
        post0_.post_id desc limit ?
Hibernate: 
    select
        post0_.post_id as post_id1_2_,
        post0_.board_id as board_id2_2_,
        post0_.post_content as post_con3_2_,
        post0_.post_create_date as post_cre4_2_,
        post0_.post_showyn as post_sho5_2_,
        post0_.post_title as post_tit6_2_,
        post0_.post_update_date as post_upd7_2_,
        post0_.post_view_count as post_vie8_2_,
        post0_.post_writer as post_wri9_2_ 
    from
        tb_post post0_ 
    where
        (
            post0_.post_title like ? escape ?
        ) 
        and post0_.post_id>? 
        and post0_.post_id<? 
    order by
        post0_.post_id desc limit ?
2023-08-14 13:34:04.652 TRACE 8668 --- [    Test worker] o.h.type.descriptor.sql.BasicBinder      : binding parameter [1] as [VARCHAR] - [%테스트%]
2023-08-14 13:34:04.652 TRACE 8668 --- [    Test worker] o.h.type.descriptor.sql.BasicBinder      : binding parameter [2] as [CHAR] - [\]
2023-08-14 13:34:04.652 TRACE 8668 --- [    Test worker] o.h.type.descriptor.sql.BasicBinder      : binding parameter [3] as [BIGINT] - [0]
2023-08-14 13:34:04.652 TRACE 8668 --- [    Test worker] o.h.type.descriptor.sql.BasicBinder      : binding parameter [4] as [BIGINT] - [51]
2023-08-14 13:34:04.652 TRACE 8668 --- [    Test worker] o.h.type.descriptor.sql.BasicExtractor   : extracted value ([post_id1_2_] : [BIGINT]) - [50]
2023-08-14 13:34:04.652 TRACE 8668 --- [    Test worker] o.h.type.descriptor.sql.BasicExtractor   : extracted value ([board_id2_2_] : [BIGINT]) - [1]
2023-08-14 13:34:04.652 TRACE 8668 --- [    Test worker] o.h.type.descriptor.sql.BasicExtractor   : extracted value ([post_con3_2_] : [VARCHAR]) - [MkhQxlqMGf]
2023-08-14 13:34:04.652 TRACE 8668 --- [    Test worker] o.h.type.descriptor.sql.BasicExtractor   : extracted value ([post_cre4_2_] : [TIMESTAMP]) - [2023-08-14 11:35:13.443]
2023-08-14 13:34:04.652 TRACE 8668 --- [    Test worker] o.h.type.descriptor.sql.BasicExtractor   : extracted value ([post_sho5_2_] : [VARCHAR]) - [Y]
2023-08-14 13:34:04.652 TRACE 8668 --- [    Test worker] o.h.type.descriptor.sql.BasicExtractor   : extracted value ([post_tit6_2_] : [VARCHAR]) - [테스트 글 제목 49]
2023-08-14 13:34:04.652 TRACE 8668 --- [    Test worker] o.h.type.descriptor.sql.BasicExtractor   : extracted value ([post_upd7_2_] : [TIMESTAMP]) - [2023-08-14 11:35:13.443]
2023-08-14 13:34:04.652 TRACE 8668 --- [    Test worker] o.h.type.descriptor.sql.BasicExtractor   : extracted value ([post_vie8_2_] : [INTEGER]) - [0]
2023-08-14 13:34:04.652 TRACE 8668 --- [    Test worker] o.h.type.descriptor.sql.BasicExtractor   : extracted value ([post_wri9_2_] : [VARCHAR]) - [자바]
2023-08-14 13:34:04.652 TRACE 8668 --- [    Test worker] o.h.type.descriptor.sql.BasicExtractor   : extracted value ([post_id1_2_] : [BIGINT]) - [49]
2023-08-14 13:34:04.652 TRACE 8668 --- [    Test worker] o.h.type.descriptor.sql.BasicExtractor   : extracted value ([board_id2_2_] : [BIGINT]) - [1]
2023-08-14 13:34:04.652 TRACE 8668 --- [    Test worker] o.h.type.descriptor.sql.BasicExtractor   : extracted value ([post_con3_2_] : [VARCHAR]) - [oCKNEp1lCd]
2023-08-14 13:34:04.652 TRACE 8668 --- [    Test worker] o.h.type.descriptor.sql.BasicExtractor   : extracted value ([post_cre4_2_] : [TIMESTAMP]) - [2023-08-14 11:35:13.443]
2023-08-14 13:34:04.652 TRACE 8668 --- [    Test worker] o.h.type.descriptor.sql.BasicExtractor   : extracted value ([post_sho5_2_] : [VARCHAR]) - [Y]
2023-08-14 13:34:04.652 TRACE 8668 --- [    Test worker] o.h.type.descriptor.sql.BasicExtractor   : extracted value ([post_tit6_2_] : [VARCHAR]) - [테스트 글 제목 48]
2023-08-14 13:34:04.652 TRACE 8668 --- [    Test worker] o.h.type.descriptor.sql.BasicExtractor   : extracted value ([post_upd7_2_] : [TIMESTAMP]) - [2023-08-14 11:35:13.443]
2023-08-14 13:34:04.652 TRACE 8668 --- [    Test worker] o.h.type.descriptor.sql.BasicExtractor   : extracted value ([post_vie8_2_] : [INTEGER]) - [0]
2023-08-14 13:34:04.652 TRACE 8668 --- [    Test worker] o.h.type.descriptor.sql.BasicExtractor   : extracted value ([post_wri9_2_] : [VARCHAR]) - [자바]
2023-08-14 13:34:04.652 TRACE 8668 --- [    Test worker] o.h.type.descriptor.sql.BasicExtractor   : extracted value ([post_id1_2_] : [BIGINT]) - [48]
2023-08-14 13:34:04.652 TRACE 8668 --- [    Test worker] o.h.type.descriptor.sql.BasicExtractor   : extracted value ([board_id2_2_] : [BIGINT]) - [1]
2023-08-14 13:34:04.652 TRACE 8668 --- [    Test worker] o.h.type.descriptor.sql.BasicExtractor   : extracted value ([post_con3_2_] : [VARCHAR]) - [Sm9K5jBJ5F]
2023-08-14 13:34:04.652 TRACE 8668 --- [    Test worker] o.h.type.descriptor.sql.BasicExtractor   : extracted value ([post_cre4_2_] : [TIMESTAMP]) - [2023-08-14 11:35:13.443]
2023-08-14 13:34:04.652 TRACE 8668 --- [    Test worker] o.h.type.descriptor.sql.BasicExtractor   : extracted value ([post_sho5_2_] : [VARCHAR]) - [Y]
2023-08-14 13:34:04.652 TRACE 8668 --- [    Test worker] o.h.type.descriptor.sql.BasicExtractor   : extracted value ([post_tit6_2_] : [VARCHAR]) - [테스트 글 제목 47]
2023-08-14 13:34:04.652 TRACE 8668 --- [    Test worker] o.h.type.descriptor.sql.BasicExtractor   : extracted value ([post_upd7_2_] : [TIMESTAMP]) - [2023-08-14 11:35:13.443]
2023-08-14 13:34:04.652 TRACE 8668 --- [    Test worker] o.h.type.descriptor.sql.BasicExtractor   : extracted value ([post_vie8_2_] : [INTEGER]) - [0]
2023-08-14 13:34:04.652 TRACE 8668 --- [    Test worker] o.h.type.descriptor.sql.BasicExtractor   : extracted value ([post_wri9_2_] : [VARCHAR]) - [자바]
2023-08-14 13:34:04.652 TRACE 8668 --- [    Test worker] o.h.type.descriptor.sql.BasicExtractor   : extracted value ([post_id1_2_] : [BIGINT]) - [47]
2023-08-14 13:34:04.652 TRACE 8668 --- [    Test worker] o.h.type.descriptor.sql.BasicExtractor   : extracted value ([board_id2_2_] : [BIGINT]) - [1]
2023-08-14 13:34:04.652 TRACE 8668 --- [    Test worker] o.h.type.descriptor.sql.BasicExtractor   : extracted value ([post_con3_2_] : [VARCHAR]) - [avRxqkpzvI]
2023-08-14 13:34:04.652 TRACE 8668 --- [    Test worker] o.h.type.descriptor.sql.BasicExtractor   : extracted value ([post_cre4_2_] : [TIMESTAMP]) - [2023-08-14 11:35:13.443]
2023-08-14 13:34:04.652 TRACE 8668 --- [    Test worker] o.h.type.descriptor.sql.BasicExtractor   : extracted value ([post_sho5_2_] : [VARCHAR]) - [Y]
2023-08-14 13:34:04.652 TRACE 8668 --- [    Test worker] o.h.type.descriptor.sql.BasicExtractor   : extracted value ([post_tit6_2_] : [VARCHAR]) - [테스트 글 제목 46]
2023-08-14 13:34:04.652 TRACE 8668 --- [    Test worker] o.h.type.descriptor.sql.BasicExtractor   : extracted value ([post_upd7_2_] : [TIMESTAMP]) - [2023-08-14 11:35:13.443]
2023-08-14 13:34:04.652 TRACE 8668 --- [    Test worker] o.h.type.descriptor.sql.BasicExtractor   : extracted value ([post_vie8_2_] : [INTEGER]) - [0]
2023-08-14 13:34:04.652 TRACE 8668 --- [    Test worker] o.h.type.descriptor.sql.BasicExtractor   : extracted value ([post_wri9_2_] : [VARCHAR]) - [자바]
2023-08-14 13:34:04.652 TRACE 8668 --- [    Test worker] o.h.type.descriptor.sql.BasicExtractor   : extracted value ([post_id1_2_] : [BIGINT]) - [46]
2023-08-14 13:34:04.652 TRACE 8668 --- [    Test worker] o.h.type.descriptor.sql.BasicExtractor   : extracted value ([board_id2_2_] : [BIGINT]) - [1]
2023-08-14 13:34:04.652 TRACE 8668 --- [    Test worker] o.h.type.descriptor.sql.BasicExtractor   : extracted value ([post_con3_2_] : [VARCHAR]) - [SmLJXnZmby]
2023-08-14 13:34:04.652 TRACE 8668 --- [    Test worker] o.h.type.descriptor.sql.BasicExtractor   : extracted value ([post_cre4_2_] : [TIMESTAMP]) - [2023-08-14 11:35:13.443]
2023-08-14 13:34:04.652 TRACE 8668 --- [    Test worker] o.h.type.descriptor.sql.BasicExtractor   : extracted value ([post_sho5_2_] : [VARCHAR]) - [Y]
2023-08-14 13:34:04.652 TRACE 8668 --- [    Test worker] o.h.type.descriptor.sql.BasicExtractor   : extracted value ([post_tit6_2_] : [VARCHAR]) - [테스트 글 제목 45]
2023-08-14 13:34:04.652 TRACE 8668 --- [    Test worker] o.h.type.descriptor.sql.BasicExtractor   : extracted value ([post_upd7_2_] : [TIMESTAMP]) - [2023-08-14 11:35:13.443]
2023-08-14 13:34:04.652 TRACE 8668 --- [    Test worker] o.h.type.descriptor.sql.BasicExtractor   : extracted value ([post_vie8_2_] : [INTEGER]) - [0]
2023-08-14 13:34:04.652 TRACE 8668 --- [    Test worker] o.h.type.descriptor.sql.BasicExtractor   : extracted value ([post_wri9_2_] : [VARCHAR]) - [자바]
2023-08-14 13:34:04.652 TRACE 8668 --- [    Test worker] o.h.type.descriptor.sql.BasicExtractor   : extracted value ([post_id1_2_] : [BIGINT]) - [45]
2023-08-14 13:34:04.652 TRACE 8668 --- [    Test worker] o.h.type.descriptor.sql.BasicExtractor   : extracted value ([board_id2_2_] : [BIGINT]) - [1]
2023-08-14 13:34:04.652 TRACE 8668 --- [    Test worker] o.h.type.descriptor.sql.BasicExtractor   : extracted value ([post_con3_2_] : [VARCHAR]) - [Kat6jvgU1R]
2023-08-14 13:34:04.652 TRACE 8668 --- [    Test worker] o.h.type.descriptor.sql.BasicExtractor   : extracted value ([post_cre4_2_] : [TIMESTAMP]) - [2023-08-14 11:35:13.443]
2023-08-14 13:34:04.652 TRACE 8668 --- [    Test worker] o.h.type.descriptor.sql.BasicExtractor   : extracted value ([post_sho5_2_] : [VARCHAR]) - [Y]
2023-08-14 13:34:04.652 TRACE 8668 --- [    Test worker] o.h.type.descriptor.sql.BasicExtractor   : extracted value ([post_tit6_2_] : [VARCHAR]) - [테스트 글 제목 44]
2023-08-14 13:34:04.652 TRACE 8668 --- [    Test worker] o.h.type.descriptor.sql.BasicExtractor   : extracted value ([post_upd7_2_] : [TIMESTAMP]) - [2023-08-14 11:35:13.443]
2023-08-14 13:34:04.652 TRACE 8668 --- [    Test worker] o.h.type.descriptor.sql.BasicExtractor   : extracted value ([post_vie8_2_] : [INTEGER]) - [0]
2023-08-14 13:34:04.652 TRACE 8668 --- [    Test worker] o.h.type.descriptor.sql.BasicExtractor   : extracted value ([post_wri9_2_] : [VARCHAR]) - [자바]
2023-08-14 13:34:04.652 TRACE 8668 --- [    Test worker] o.h.type.descriptor.sql.BasicExtractor   : extracted value ([post_id1_2_] : [BIGINT]) - [44]
2023-08-14 13:34:04.652 TRACE 8668 --- [    Test worker] o.h.type.descriptor.sql.BasicExtractor   : extracted value ([board_id2_2_] : [BIGINT]) - [1]
2023-08-14 13:34:04.652 TRACE 8668 --- [    Test worker] o.h.type.descriptor.sql.BasicExtractor   : extracted value ([post_con3_2_] : [VARCHAR]) - [CYhYdW0jDx]
2023-08-14 13:34:04.652 TRACE 8668 --- [    Test worker] o.h.type.descriptor.sql.BasicExtractor   : extracted value ([post_cre4_2_] : [TIMESTAMP]) - [2023-08-14 11:35:13.443]
2023-08-14 13:34:04.652 TRACE 8668 --- [    Test worker] o.h.type.descriptor.sql.BasicExtractor   : extracted value ([post_sho5_2_] : [VARCHAR]) - [Y]
2023-08-14 13:34:04.652 TRACE 8668 --- [    Test worker] o.h.type.descriptor.sql.BasicExtractor   : extracted value ([post_tit6_2_] : [VARCHAR]) - [테스트 글 제목 43]
2023-08-14 13:34:04.652 TRACE 8668 --- [    Test worker] o.h.type.descriptor.sql.BasicExtractor   : extracted value ([post_upd7_2_] : [TIMESTAMP]) - [2023-08-14 11:35:13.443]
2023-08-14 13:34:04.652 TRACE 8668 --- [    Test worker] o.h.type.descriptor.sql.BasicExtractor   : extracted value ([post_vie8_2_] : [INTEGER]) - [0]
2023-08-14 13:34:04.652 TRACE 8668 --- [    Test worker] o.h.type.descriptor.sql.BasicExtractor   : extracted value ([post_wri9_2_] : [VARCHAR]) - [자바]
2023-08-14 13:34:04.652 TRACE 8668 --- [    Test worker] o.h.type.descriptor.sql.BasicExtractor   : extracted value ([post_id1_2_] : [BIGINT]) - [43]
2023-08-14 13:34:04.652 TRACE 8668 --- [    Test worker] o.h.type.descriptor.sql.BasicExtractor   : extracted value ([board_id2_2_] : [BIGINT]) - [1]
2023-08-14 13:34:04.652 TRACE 8668 --- [    Test worker] o.h.type.descriptor.sql.BasicExtractor   : extracted value ([post_con3_2_] : [VARCHAR]) - [Ip1uZ71glb]
2023-08-14 13:34:04.652 TRACE 8668 --- [    Test worker] o.h.type.descriptor.sql.BasicExtractor   : extracted value ([post_cre4_2_] : [TIMESTAMP]) - [2023-08-14 11:35:13.443]
2023-08-14 13:34:04.652 TRACE 8668 --- [    Test worker] o.h.type.descriptor.sql.BasicExtractor   : extracted value ([post_sho5_2_] : [VARCHAR]) - [Y]
2023-08-14 13:34:04.652 TRACE 8668 --- [    Test worker] o.h.type.descriptor.sql.BasicExtractor   : extracted value ([post_tit6_2_] : [VARCHAR]) - [테스트 글 제목 42]
2023-08-14 13:34:04.652 TRACE 8668 --- [    Test worker] o.h.type.descriptor.sql.BasicExtractor   : extracted value ([post_upd7_2_] : [TIMESTAMP]) - [2023-08-14 11:35:13.443]
2023-08-14 13:34:04.652 TRACE 8668 --- [    Test worker] o.h.type.descriptor.sql.BasicExtractor   : extracted value ([post_vie8_2_] : [INTEGER]) - [0]
2023-08-14 13:34:04.652 TRACE 8668 --- [    Test worker] o.h.type.descriptor.sql.BasicExtractor   : extracted value ([post_wri9_2_] : [VARCHAR]) - [자바]
2023-08-14 13:34:04.652 TRACE 8668 --- [    Test worker] o.h.type.descriptor.sql.BasicExtractor   : extracted value ([post_id1_2_] : [BIGINT]) - [42]
2023-08-14 13:34:04.652 TRACE 8668 --- [    Test worker] o.h.type.descriptor.sql.BasicExtractor   : extracted value ([board_id2_2_] : [BIGINT]) - [1]
2023-08-14 13:34:04.652 TRACE 8668 --- [    Test worker] o.h.type.descriptor.sql.BasicExtractor   : extracted value ([post_con3_2_] : [VARCHAR]) - [O83VRcLzS1]
2023-08-14 13:34:04.652 TRACE 8668 --- [    Test worker] o.h.type.descriptor.sql.BasicExtractor   : extracted value ([post_cre4_2_] : [TIMESTAMP]) - [2023-08-14 11:35:13.427]
2023-08-14 13:34:04.652 TRACE 8668 --- [    Test worker] o.h.type.descriptor.sql.BasicExtractor   : extracted value ([post_sho5_2_] : [VARCHAR]) - [Y]
2023-08-14 13:34:04.652 TRACE 8668 --- [    Test worker] o.h.type.descriptor.sql.BasicExtractor   : extracted value ([post_tit6_2_] : [VARCHAR]) - [테스트 글 제목 41]
2023-08-14 13:34:04.652 TRACE 8668 --- [    Test worker] o.h.type.descriptor.sql.BasicExtractor   : extracted value ([post_upd7_2_] : [TIMESTAMP]) - [2023-08-14 11:35:13.427]
2023-08-14 13:34:04.652 TRACE 8668 --- [    Test worker] o.h.type.descriptor.sql.BasicExtractor   : extracted value ([post_vie8_2_] : [INTEGER]) - [0]
2023-08-14 13:34:04.652 TRACE 8668 --- [    Test worker] o.h.type.descriptor.sql.BasicExtractor   : extracted value ([post_wri9_2_] : [VARCHAR]) - [자바]
2023-08-14 13:34:04.652 TRACE 8668 --- [    Test worker] o.h.type.descriptor.sql.BasicExtractor   : extracted value ([post_id1_2_] : [BIGINT]) - [41]
2023-08-14 13:34:04.652 TRACE 8668 --- [    Test worker] o.h.type.descriptor.sql.BasicExtractor   : extracted value ([board_id2_2_] : [BIGINT]) - [1]
2023-08-14 13:34:04.652 TRACE 8668 --- [    Test worker] o.h.type.descriptor.sql.BasicExtractor   : extracted value ([post_con3_2_] : [VARCHAR]) - [kfTSQxaEwu]
2023-08-14 13:34:04.652 TRACE 8668 --- [    Test worker] o.h.type.descriptor.sql.BasicExtractor   : extracted value ([post_cre4_2_] : [TIMESTAMP]) - [2023-08-14 11:35:13.427]
2023-08-14 13:34:04.652 TRACE 8668 --- [    Test worker] o.h.type.descriptor.sql.BasicExtractor   : extracted value ([post_sho5_2_] : [VARCHAR]) - [Y]
2023-08-14 13:34:04.652 TRACE 8668 --- [    Test worker] o.h.type.descriptor.sql.BasicExtractor   : extracted value ([post_tit6_2_] : [VARCHAR]) - [테스트 글 제목 40]
2023-08-14 13:34:04.652 TRACE 8668 --- [    Test worker] o.h.type.descriptor.sql.BasicExtractor   : extracted value ([post_upd7_2_] : [TIMESTAMP]) - [2023-08-14 11:35:13.427]
2023-08-14 13:34:04.652 TRACE 8668 --- [    Test worker] o.h.type.descriptor.sql.BasicExtractor   : extracted value ([post_vie8_2_] : [INTEGER]) - [0]
2023-08-14 13:34:04.652 TRACE 8668 --- [    Test worker] o.h.type.descriptor.sql.BasicExtractor   : extracted value ([post_wri9_2_] : [VARCHAR]) - [자바]
2023-08-14 13:34:04.652 DEBUG 8668 --- [    Test worker] org.hibernate.SQL                        : 
    select
        count(post0_.post_id) as col_0_0_ 
    from
        tb_post post0_ 
    where
        (
            post0_.post_title like ? escape ?
        ) 
        and post0_.post_id>? 
        and post0_.post_id<?
Hibernate: 
    select
        count(post0_.post_id) as col_0_0_ 
    from
        tb_post post0_ 
    where
        (
            post0_.post_title like ? escape ?
        ) 
        and post0_.post_id>? 
        and post0_.post_id<?
2023-08-14 13:34:04.652 TRACE 8668 --- [    Test worker] o.h.type.descriptor.sql.BasicBinder      : binding parameter [1] as [VARCHAR] - [%테스트%]
2023-08-14 13:34:04.652 TRACE 8668 --- [    Test worker] o.h.type.descriptor.sql.BasicBinder      : binding parameter [2] as [CHAR] - [\]
2023-08-14 13:34:04.652 TRACE 8668 --- [    Test worker] o.h.type.descriptor.sql.BasicBinder      : binding parameter [3] as [BIGINT] - [0]
2023-08-14 13:34:04.652 TRACE 8668 --- [    Test worker] o.h.type.descriptor.sql.BasicBinder      : binding parameter [4] as [BIGINT] - [51]
2023-08-14 13:34:04.652 TRACE 8668 --- [    Test worker] o.h.type.descriptor.sql.BasicExtractor   : extracted value ([col_0_0_] : [BIGINT]) - [48]
Post(postId=50, boardId=1, postTitle=테스트 글 제목 49, postContent=MkhQxlqMGf, postShowYN=Y, postWriter=자바, postViewCount=0, postCreateDate=2023-08-14 11:35:13.443, postUpdateDate=2023-08-14 11:35:13.443)
Post(postId=49, boardId=1, postTitle=테스트 글 제목 48, postContent=oCKNEp1lCd, postShowYN=Y, postWriter=자바, postViewCount=0, postCreateDate=2023-08-14 11:35:13.443, postUpdateDate=2023-08-14 11:35:13.443)
Post(postId=48, boardId=1, postTitle=테스트 글 제목 47, postContent=Sm9K5jBJ5F, postShowYN=Y, postWriter=자바, postViewCount=0, postCreateDate=2023-08-14 11:35:13.443, postUpdateDate=2023-08-14 11:35:13.443)
Post(postId=47, boardId=1, postTitle=테스트 글 제목 46, postContent=avRxqkpzvI, postShowYN=Y, postWriter=자바, postViewCount=0, postCreateDate=2023-08-14 11:35:13.443, postUpdateDate=2023-08-14 11:35:13.443)
Post(postId=46, boardId=1, postTitle=테스트 글 제목 45, postContent=SmLJXnZmby, postShowYN=Y, postWriter=자바, postViewCount=0, postCreateDate=2023-08-14 11:35:13.443, postUpdateDate=2023-08-14 11:35:13.443)
Post(postId=45, boardId=1, postTitle=테스트 글 제목 44, postContent=Kat6jvgU1R, postShowYN=Y, postWriter=자바, postViewCount=0, postCreateDate=2023-08-14 11:35:13.443, postUpdateDate=2023-08-14 11:35:13.443)
Post(postId=44, boardId=1, postTitle=테스트 글 제목 43, postContent=CYhYdW0jDx, postShowYN=Y, postWriter=자바, postViewCount=0, postCreateDate=2023-08-14 11:35:13.443, postUpdateDate=2023-08-14 11:35:13.443)
Post(postId=43, boardId=1, postTitle=테스트 글 제목 42, postContent=Ip1uZ71glb, postShowYN=Y, postWriter=자바, postViewCount=0, postCreateDate=2023-08-14 11:35:13.443, postUpdateDate=2023-08-14 11:35:13.443)
Post(postId=42, boardId=1, postTitle=테스트 글 제목 41, postContent=O83VRcLzS1, postShowYN=Y, postWriter=자바, postViewCount=0, postCreateDate=2023-08-14 11:35:13.427, postUpdateDate=2023-08-14 11:35:13.427)
Post(postId=41, boardId=1, postTitle=테스트 글 제목 40, postContent=kfTSQxaEwu, postShowYN=Y, postWriter=자바, postViewCount=0, postCreateDate=2023-08-14 11:35:13.427, postUpdateDate=2023-08-14 11:35:13.427)
페이지당 게시글 수 : 10
총 페이지 수 : 5
총 게시글 수 : 48
다음 페이지 : Page request [number: 1, size 10, sort: postId: DESC]
2023-08-14 13:34:04.668 DEBUG 8668 --- [    Test worker] org.hibernate.SQL                        : 
    select
        post0_.post_id as post_id1_2_,
        post0_.board_id as board_id2_2_,
        post0_.post_content as post_con3_2_,
        post0_.post_create_date as post_cre4_2_,
        post0_.post_showyn as post_sho5_2_,
        post0_.post_title as post_tit6_2_,
        post0_.post_update_date as post_upd7_2_,
        post0_.post_view_count as post_vie8_2_,
        post0_.post_writer as post_wri9_2_ 
    from
        tb_post post0_ 
    where
        (
            post0_.post_title like concat('%', ?, '%')
        ) 
        and post0_.post_id<? 
    order by
        post0_.post_id DESC limit ?
Hibernate: 
    select
        post0_.post_id as post_id1_2_,
        post0_.board_id as board_id2_2_,
        post0_.post_content as post_con3_2_,
        post0_.post_create_date as post_cre4_2_,
        post0_.post_showyn as post_sho5_2_,
        post0_.post_title as post_tit6_2_,
        post0_.post_update_date as post_upd7_2_,
        post0_.post_view_count as post_vie8_2_,
        post0_.post_writer as post_wri9_2_ 
    from
        tb_post post0_ 
    where
        (
            post0_.post_title like concat('%', ?, '%')
        ) 
        and post0_.post_id<? 
    order by
        post0_.post_id DESC limit ?
2023-08-14 13:34:04.668 TRACE 8668 --- [    Test worker] o.h.type.descriptor.sql.BasicBinder      : binding parameter [1] as [VARCHAR] - [테스트 글 제목]
2023-08-14 13:34:04.668 TRACE 8668 --- [    Test worker] o.h.type.descriptor.sql.BasicBinder      : binding parameter [2] as [BIGINT] - [51]
2023-08-14 13:34:04.668 TRACE 8668 --- [    Test worker] o.h.type.descriptor.sql.BasicExtractor   : extracted value ([post_id1_2_] : [BIGINT]) - [50]
2023-08-14 13:34:04.668 TRACE 8668 --- [    Test worker] o.h.type.descriptor.sql.BasicExtractor   : extracted value ([board_id2_2_] : [BIGINT]) - [1]
2023-08-14 13:34:04.668 TRACE 8668 --- [    Test worker] o.h.type.descriptor.sql.BasicExtractor   : extracted value ([post_con3_2_] : [VARCHAR]) - [MkhQxlqMGf]
2023-08-14 13:34:04.668 TRACE 8668 --- [    Test worker] o.h.type.descriptor.sql.BasicExtractor   : extracted value ([post_cre4_2_] : [TIMESTAMP]) - [2023-08-14 11:35:13.443]
2023-08-14 13:34:04.668 TRACE 8668 --- [    Test worker] o.h.type.descriptor.sql.BasicExtractor   : extracted value ([post_sho5_2_] : [VARCHAR]) - [Y]
2023-08-14 13:34:04.668 TRACE 8668 --- [    Test worker] o.h.type.descriptor.sql.BasicExtractor   : extracted value ([post_tit6_2_] : [VARCHAR]) - [테스트 글 제목 49]
2023-08-14 13:34:04.668 TRACE 8668 --- [    Test worker] o.h.type.descriptor.sql.BasicExtractor   : extracted value ([post_upd7_2_] : [TIMESTAMP]) - [2023-08-14 11:35:13.443]
2023-08-14 13:34:04.668 TRACE 8668 --- [    Test worker] o.h.type.descriptor.sql.BasicExtractor   : extracted value ([post_vie8_2_] : [INTEGER]) - [0]
2023-08-14 13:34:04.668 TRACE 8668 --- [    Test worker] o.h.type.descriptor.sql.BasicExtractor   : extracted value ([post_wri9_2_] : [VARCHAR]) - [자바]
2023-08-14 13:34:04.668 TRACE 8668 --- [    Test worker] o.h.type.descriptor.sql.BasicExtractor   : extracted value ([post_id1_2_] : [BIGINT]) - [49]
2023-08-14 13:34:04.668 TRACE 8668 --- [    Test worker] o.h.type.descriptor.sql.BasicExtractor   : extracted value ([board_id2_2_] : [BIGINT]) - [1]
2023-08-14 13:34:04.668 TRACE 8668 --- [    Test worker] o.h.type.descriptor.sql.BasicExtractor   : extracted value ([post_con3_2_] : [VARCHAR]) - [oCKNEp1lCd]
2023-08-14 13:34:04.668 TRACE 8668 --- [    Test worker] o.h.type.descriptor.sql.BasicExtractor   : extracted value ([post_cre4_2_] : [TIMESTAMP]) - [2023-08-14 11:35:13.443]
2023-08-14 13:34:04.668 TRACE 8668 --- [    Test worker] o.h.type.descriptor.sql.BasicExtractor   : extracted value ([post_sho5_2_] : [VARCHAR]) - [Y]
2023-08-14 13:34:04.668 TRACE 8668 --- [    Test worker] o.h.type.descriptor.sql.BasicExtractor   : extracted value ([post_tit6_2_] : [VARCHAR]) - [테스트 글 제목 48]
2023-08-14 13:34:04.668 TRACE 8668 --- [    Test worker] o.h.type.descriptor.sql.BasicExtractor   : extracted value ([post_upd7_2_] : [TIMESTAMP]) - [2023-08-14 11:35:13.443]
2023-08-14 13:34:04.668 TRACE 8668 --- [    Test worker] o.h.type.descriptor.sql.BasicExtractor   : extracted value ([post_vie8_2_] : [INTEGER]) - [0]
2023-08-14 13:34:04.668 TRACE 8668 --- [    Test worker] o.h.type.descriptor.sql.BasicExtractor   : extracted value ([post_wri9_2_] : [VARCHAR]) - [자바]
2023-08-14 13:34:04.668 TRACE 8668 --- [    Test worker] o.h.type.descriptor.sql.BasicExtractor   : extracted value ([post_id1_2_] : [BIGINT]) - [48]
2023-08-14 13:34:04.668 TRACE 8668 --- [    Test worker] o.h.type.descriptor.sql.BasicExtractor   : extracted value ([board_id2_2_] : [BIGINT]) - [1]
2023-08-14 13:34:04.668 TRACE 8668 --- [    Test worker] o.h.type.descriptor.sql.BasicExtractor   : extracted value ([post_con3_2_] : [VARCHAR]) - [Sm9K5jBJ5F]
2023-08-14 13:34:04.668 TRACE 8668 --- [    Test worker] o.h.type.descriptor.sql.BasicExtractor   : extracted value ([post_cre4_2_] : [TIMESTAMP]) - [2023-08-14 11:35:13.443]
2023-08-14 13:34:04.668 TRACE 8668 --- [    Test worker] o.h.type.descriptor.sql.BasicExtractor   : extracted value ([post_sho5_2_] : [VARCHAR]) - [Y]
2023-08-14 13:34:04.668 TRACE 8668 --- [    Test worker] o.h.type.descriptor.sql.BasicExtractor   : extracted value ([post_tit6_2_] : [VARCHAR]) - [테스트 글 제목 47]
2023-08-14 13:34:04.668 TRACE 8668 --- [    Test worker] o.h.type.descriptor.sql.BasicExtractor   : extracted value ([post_upd7_2_] : [TIMESTAMP]) - [2023-08-14 11:35:13.443]
2023-08-14 13:34:04.668 TRACE 8668 --- [    Test worker] o.h.type.descriptor.sql.BasicExtractor   : extracted value ([post_vie8_2_] : [INTEGER]) - [0]
2023-08-14 13:34:04.668 TRACE 8668 --- [    Test worker] o.h.type.descriptor.sql.BasicExtractor   : extracted value ([post_wri9_2_] : [VARCHAR]) - [자바]
2023-08-14 13:34:04.668 TRACE 8668 --- [    Test worker] o.h.type.descriptor.sql.BasicExtractor   : extracted value ([post_id1_2_] : [BIGINT]) - [47]
2023-08-14 13:34:04.668 TRACE 8668 --- [    Test worker] o.h.type.descriptor.sql.BasicExtractor   : extracted value ([board_id2_2_] : [BIGINT]) - [1]
2023-08-14 13:34:04.668 TRACE 8668 --- [    Test worker] o.h.type.descriptor.sql.BasicExtractor   : extracted value ([post_con3_2_] : [VARCHAR]) - [avRxqkpzvI]
2023-08-14 13:34:04.668 TRACE 8668 --- [    Test worker] o.h.type.descriptor.sql.BasicExtractor   : extracted value ([post_cre4_2_] : [TIMESTAMP]) - [2023-08-14 11:35:13.443]
2023-08-14 13:34:04.668 TRACE 8668 --- [    Test worker] o.h.type.descriptor.sql.BasicExtractor   : extracted value ([post_sho5_2_] : [VARCHAR]) - [Y]
2023-08-14 13:34:04.668 TRACE 8668 --- [    Test worker] o.h.type.descriptor.sql.BasicExtractor   : extracted value ([post_tit6_2_] : [VARCHAR]) - [테스트 글 제목 46]
2023-08-14 13:34:04.668 TRACE 8668 --- [    Test worker] o.h.type.descriptor.sql.BasicExtractor   : extracted value ([post_upd7_2_] : [TIMESTAMP]) - [2023-08-14 11:35:13.443]
2023-08-14 13:34:04.668 TRACE 8668 --- [    Test worker] o.h.type.descriptor.sql.BasicExtractor   : extracted value ([post_vie8_2_] : [INTEGER]) - [0]
2023-08-14 13:34:04.668 TRACE 8668 --- [    Test worker] o.h.type.descriptor.sql.BasicExtractor   : extracted value ([post_wri9_2_] : [VARCHAR]) - [자바]
2023-08-14 13:34:04.668 TRACE 8668 --- [    Test worker] o.h.type.descriptor.sql.BasicExtractor   : extracted value ([post_id1_2_] : [BIGINT]) - [46]
2023-08-14 13:34:04.668 TRACE 8668 --- [    Test worker] o.h.type.descriptor.sql.BasicExtractor   : extracted value ([board_id2_2_] : [BIGINT]) - [1]
2023-08-14 13:34:04.668 TRACE 8668 --- [    Test worker] o.h.type.descriptor.sql.BasicExtractor   : extracted value ([post_con3_2_] : [VARCHAR]) - [SmLJXnZmby]
2023-08-14 13:34:04.668 TRACE 8668 --- [    Test worker] o.h.type.descriptor.sql.BasicExtractor   : extracted value ([post_cre4_2_] : [TIMESTAMP]) - [2023-08-14 11:35:13.443]
2023-08-14 13:34:04.668 TRACE 8668 --- [    Test worker] o.h.type.descriptor.sql.BasicExtractor   : extracted value ([post_sho5_2_] : [VARCHAR]) - [Y]
2023-08-14 13:34:04.668 TRACE 8668 --- [    Test worker] o.h.type.descriptor.sql.BasicExtractor   : extracted value ([post_tit6_2_] : [VARCHAR]) - [테스트 글 제목 45]
2023-08-14 13:34:04.668 TRACE 8668 --- [    Test worker] o.h.type.descriptor.sql.BasicExtractor   : extracted value ([post_upd7_2_] : [TIMESTAMP]) - [2023-08-14 11:35:13.443]
2023-08-14 13:34:04.668 TRACE 8668 --- [    Test worker] o.h.type.descriptor.sql.BasicExtractor   : extracted value ([post_vie8_2_] : [INTEGER]) - [0]
2023-08-14 13:34:04.668 TRACE 8668 --- [    Test worker] o.h.type.descriptor.sql.BasicExtractor   : extracted value ([post_wri9_2_] : [VARCHAR]) - [자바]
2023-08-14 13:34:04.668 TRACE 8668 --- [    Test worker] o.h.type.descriptor.sql.BasicExtractor   : extracted value ([post_id1_2_] : [BIGINT]) - [45]
2023-08-14 13:34:04.668 TRACE 8668 --- [    Test worker] o.h.type.descriptor.sql.BasicExtractor   : extracted value ([board_id2_2_] : [BIGINT]) - [1]
2023-08-14 13:34:04.668 TRACE 8668 --- [    Test worker] o.h.type.descriptor.sql.BasicExtractor   : extracted value ([post_con3_2_] : [VARCHAR]) - [Kat6jvgU1R]
2023-08-14 13:34:04.668 TRACE 8668 --- [    Test worker] o.h.type.descriptor.sql.BasicExtractor   : extracted value ([post_cre4_2_] : [TIMESTAMP]) - [2023-08-14 11:35:13.443]
2023-08-14 13:34:04.668 TRACE 8668 --- [    Test worker] o.h.type.descriptor.sql.BasicExtractor   : extracted value ([post_sho5_2_] : [VARCHAR]) - [Y]
2023-08-14 13:34:04.668 TRACE 8668 --- [    Test worker] o.h.type.descriptor.sql.BasicExtractor   : extracted value ([post_tit6_2_] : [VARCHAR]) - [테스트 글 제목 44]
2023-08-14 13:34:04.668 TRACE 8668 --- [    Test worker] o.h.type.descriptor.sql.BasicExtractor   : extracted value ([post_upd7_2_] : [TIMESTAMP]) - [2023-08-14 11:35:13.443]
2023-08-14 13:34:04.668 TRACE 8668 --- [    Test worker] o.h.type.descriptor.sql.BasicExtractor   : extracted value ([post_vie8_2_] : [INTEGER]) - [0]
2023-08-14 13:34:04.668 TRACE 8668 --- [    Test worker] o.h.type.descriptor.sql.BasicExtractor   : extracted value ([post_wri9_2_] : [VARCHAR]) - [자바]
2023-08-14 13:34:04.668 TRACE 8668 --- [    Test worker] o.h.type.descriptor.sql.BasicExtractor   : extracted value ([post_id1_2_] : [BIGINT]) - [44]
2023-08-14 13:34:04.668 TRACE 8668 --- [    Test worker] o.h.type.descriptor.sql.BasicExtractor   : extracted value ([board_id2_2_] : [BIGINT]) - [1]
2023-08-14 13:34:04.668 TRACE 8668 --- [    Test worker] o.h.type.descriptor.sql.BasicExtractor   : extracted value ([post_con3_2_] : [VARCHAR]) - [CYhYdW0jDx]
2023-08-14 13:34:04.668 TRACE 8668 --- [    Test worker] o.h.type.descriptor.sql.BasicExtractor   : extracted value ([post_cre4_2_] : [TIMESTAMP]) - [2023-08-14 11:35:13.443]
2023-08-14 13:34:04.668 TRACE 8668 --- [    Test worker] o.h.type.descriptor.sql.BasicExtractor   : extracted value ([post_sho5_2_] : [VARCHAR]) - [Y]
2023-08-14 13:34:04.668 TRACE 8668 --- [    Test worker] o.h.type.descriptor.sql.BasicExtractor   : extracted value ([post_tit6_2_] : [VARCHAR]) - [테스트 글 제목 43]
2023-08-14 13:34:04.668 TRACE 8668 --- [    Test worker] o.h.type.descriptor.sql.BasicExtractor   : extracted value ([post_upd7_2_] : [TIMESTAMP]) - [2023-08-14 11:35:13.443]
2023-08-14 13:34:04.668 TRACE 8668 --- [    Test worker] o.h.type.descriptor.sql.BasicExtractor   : extracted value ([post_vie8_2_] : [INTEGER]) - [0]
2023-08-14 13:34:04.668 TRACE 8668 --- [    Test worker] o.h.type.descriptor.sql.BasicExtractor   : extracted value ([post_wri9_2_] : [VARCHAR]) - [자바]
2023-08-14 13:34:04.668 TRACE 8668 --- [    Test worker] o.h.type.descriptor.sql.BasicExtractor   : extracted value ([post_id1_2_] : [BIGINT]) - [43]
2023-08-14 13:34:04.668 TRACE 8668 --- [    Test worker] o.h.type.descriptor.sql.BasicExtractor   : extracted value ([board_id2_2_] : [BIGINT]) - [1]
2023-08-14 13:34:04.668 TRACE 8668 --- [    Test worker] o.h.type.descriptor.sql.BasicExtractor   : extracted value ([post_con3_2_] : [VARCHAR]) - [Ip1uZ71glb]
2023-08-14 13:34:04.668 TRACE 8668 --- [    Test worker] o.h.type.descriptor.sql.BasicExtractor   : extracted value ([post_cre4_2_] : [TIMESTAMP]) - [2023-08-14 11:35:13.443]
2023-08-14 13:34:04.668 TRACE 8668 --- [    Test worker] o.h.type.descriptor.sql.BasicExtractor   : extracted value ([post_sho5_2_] : [VARCHAR]) - [Y]
2023-08-14 13:34:04.668 TRACE 8668 --- [    Test worker] o.h.type.descriptor.sql.BasicExtractor   : extracted value ([post_tit6_2_] : [VARCHAR]) - [테스트 글 제목 42]
2023-08-14 13:34:04.668 TRACE 8668 --- [    Test worker] o.h.type.descriptor.sql.BasicExtractor   : extracted value ([post_upd7_2_] : [TIMESTAMP]) - [2023-08-14 11:35:13.443]
2023-08-14 13:34:04.668 TRACE 8668 --- [    Test worker] o.h.type.descriptor.sql.BasicExtractor   : extracted value ([post_vie8_2_] : [INTEGER]) - [0]
2023-08-14 13:34:04.668 TRACE 8668 --- [    Test worker] o.h.type.descriptor.sql.BasicExtractor   : extracted value ([post_wri9_2_] : [VARCHAR]) - [자바]
2023-08-14 13:34:04.668 TRACE 8668 --- [    Test worker] o.h.type.descriptor.sql.BasicExtractor   : extracted value ([post_id1_2_] : [BIGINT]) - [42]
2023-08-14 13:34:04.668 TRACE 8668 --- [    Test worker] o.h.type.descriptor.sql.BasicExtractor   : extracted value ([board_id2_2_] : [BIGINT]) - [1]
2023-08-14 13:34:04.668 TRACE 8668 --- [    Test worker] o.h.type.descriptor.sql.BasicExtractor   : extracted value ([post_con3_2_] : [VARCHAR]) - [O83VRcLzS1]
2023-08-14 13:34:04.668 TRACE 8668 --- [    Test worker] o.h.type.descriptor.sql.BasicExtractor   : extracted value ([post_cre4_2_] : [TIMESTAMP]) - [2023-08-14 11:35:13.427]
2023-08-14 13:34:04.668 TRACE 8668 --- [    Test worker] o.h.type.descriptor.sql.BasicExtractor   : extracted value ([post_sho5_2_] : [VARCHAR]) - [Y]
2023-08-14 13:34:04.668 TRACE 8668 --- [    Test worker] o.h.type.descriptor.sql.BasicExtractor   : extracted value ([post_tit6_2_] : [VARCHAR]) - [테스트 글 제목 41]
2023-08-14 13:34:04.668 TRACE 8668 --- [    Test worker] o.h.type.descriptor.sql.BasicExtractor   : extracted value ([post_upd7_2_] : [TIMESTAMP]) - [2023-08-14 11:35:13.427]
2023-08-14 13:34:04.668 TRACE 8668 --- [    Test worker] o.h.type.descriptor.sql.BasicExtractor   : extracted value ([post_vie8_2_] : [INTEGER]) - [0]
2023-08-14 13:34:04.668 TRACE 8668 --- [    Test worker] o.h.type.descriptor.sql.BasicExtractor   : extracted value ([post_wri9_2_] : [VARCHAR]) - [자바]
2023-08-14 13:34:04.668 TRACE 8668 --- [    Test worker] o.h.type.descriptor.sql.BasicExtractor   : extracted value ([post_id1_2_] : [BIGINT]) - [41]
2023-08-14 13:34:04.668 TRACE 8668 --- [    Test worker] o.h.type.descriptor.sql.BasicExtractor   : extracted value ([board_id2_2_] : [BIGINT]) - [1]
2023-08-14 13:34:04.668 TRACE 8668 --- [    Test worker] o.h.type.descriptor.sql.BasicExtractor   : extracted value ([post_con3_2_] : [VARCHAR]) - [kfTSQxaEwu]
2023-08-14 13:34:04.668 TRACE 8668 --- [    Test worker] o.h.type.descriptor.sql.BasicExtractor   : extracted value ([post_cre4_2_] : [TIMESTAMP]) - [2023-08-14 11:35:13.427]
2023-08-14 13:34:04.668 TRACE 8668 --- [    Test worker] o.h.type.descriptor.sql.BasicExtractor   : extracted value ([post_sho5_2_] : [VARCHAR]) - [Y]
2023-08-14 13:34:04.668 TRACE 8668 --- [    Test worker] o.h.type.descriptor.sql.BasicExtractor   : extracted value ([post_tit6_2_] : [VARCHAR]) - [테스트 글 제목 40]
2023-08-14 13:34:04.668 TRACE 8668 --- [    Test worker] o.h.type.descriptor.sql.BasicExtractor   : extracted value ([post_upd7_2_] : [TIMESTAMP]) - [2023-08-14 11:35:13.427]
2023-08-14 13:34:04.668 TRACE 8668 --- [    Test worker] o.h.type.descriptor.sql.BasicExtractor   : extracted value ([post_vie8_2_] : [INTEGER]) - [0]
2023-08-14 13:34:04.668 TRACE 8668 --- [    Test worker] o.h.type.descriptor.sql.BasicExtractor   : extracted value ([post_wri9_2_] : [VARCHAR]) - [자바]
2023-08-14 13:34:04.668 DEBUG 8668 --- [    Test worker] org.hibernate.SQL                        : 
    select
        count(post0_.post_id) as col_0_0_ 
    from
        tb_post post0_ 
    where
        (
            post0_.post_title like concat('%', ?, '%')
        ) 
        and post0_.post_id<?
Hibernate: 
    select
        count(post0_.post_id) as col_0_0_ 
    from
        tb_post post0_ 
    where
        (
            post0_.post_title like concat('%', ?, '%')
        ) 
        and post0_.post_id<?
2023-08-14 13:34:04.668 TRACE 8668 --- [    Test worker] o.h.type.descriptor.sql.BasicBinder      : binding parameter [1] as [VARCHAR] - [테스트 글 제목]
2023-08-14 13:34:04.668 TRACE 8668 --- [    Test worker] o.h.type.descriptor.sql.BasicBinder      : binding parameter [2] as [BIGINT] - [51]
2023-08-14 13:34:04.668 TRACE 8668 --- [    Test worker] o.h.type.descriptor.sql.BasicExtractor   : extracted value ([col_0_0_] : [BIGINT]) - [48]
Post(postId=50, boardId=1, postTitle=테스트 글 제목 49, postContent=MkhQxlqMGf, postShowYN=Y, postWriter=자바, postViewCount=0, postCreateDate=2023-08-14 11:35:13.443, postUpdateDate=2023-08-14 11:35:13.443)
Post(postId=49, boardId=1, postTitle=테스트 글 제목 48, postContent=oCKNEp1lCd, postShowYN=Y, postWriter=자바, postViewCount=0, postCreateDate=2023-08-14 11:35:13.443, postUpdateDate=2023-08-14 11:35:13.443)
Post(postId=48, boardId=1, postTitle=테스트 글 제목 47, postContent=Sm9K5jBJ5F, postShowYN=Y, postWriter=자바, postViewCount=0, postCreateDate=2023-08-14 11:35:13.443, postUpdateDate=2023-08-14 11:35:13.443)
Post(postId=47, boardId=1, postTitle=테스트 글 제목 46, postContent=avRxqkpzvI, postShowYN=Y, postWriter=자바, postViewCount=0, postCreateDate=2023-08-14 11:35:13.443, postUpdateDate=2023-08-14 11:35:13.443)
Post(postId=46, boardId=1, postTitle=테스트 글 제목 45, postContent=SmLJXnZmby, postShowYN=Y, postWriter=자바, postViewCount=0, postCreateDate=2023-08-14 11:35:13.443, postUpdateDate=2023-08-14 11:35:13.443)
Post(postId=45, boardId=1, postTitle=테스트 글 제목 44, postContent=Kat6jvgU1R, postShowYN=Y, postWriter=자바, postViewCount=0, postCreateDate=2023-08-14 11:35:13.443, postUpdateDate=2023-08-14 11:35:13.443)
Post(postId=44, boardId=1, postTitle=테스트 글 제목 43, postContent=CYhYdW0jDx, postShowYN=Y, postWriter=자바, postViewCount=0, postCreateDate=2023-08-14 11:35:13.443, postUpdateDate=2023-08-14 11:35:13.443)
Post(postId=43, boardId=1, postTitle=테스트 글 제목 42, postContent=Ip1uZ71glb, postShowYN=Y, postWriter=자바, postViewCount=0, postCreateDate=2023-08-14 11:35:13.443, postUpdateDate=2023-08-14 11:35:13.443)
Post(postId=42, boardId=1, postTitle=테스트 글 제목 41, postContent=O83VRcLzS1, postShowYN=Y, postWriter=자바, postViewCount=0, postCreateDate=2023-08-14 11:35:13.427, postUpdateDate=2023-08-14 11:35:13.427)
Post(postId=41, boardId=1, postTitle=테스트 글 제목 40, postContent=kfTSQxaEwu, postShowYN=Y, postWriter=자바, postViewCount=0, postCreateDate=2023-08-14 11:35:13.427, postUpdateDate=2023-08-14 11:35:13.427)
페이지당 게시글 수 : 10
총 페이지 수 : 5
총 게시글 수 : 48
다음 페이지 : Page request [number: 1, size 10, sort: UNSORTED]
2023-08-14 13:34:04.668 DEBUG 8668 --- [    Test worker] org.hibernate.SQL                        : 
    select
        post0_.post_id as post_id1_2_0_,
        post0_.board_id as board_id2_2_0_,
        post0_.post_content as post_con3_2_0_,
        post0_.post_create_date as post_cre4_2_0_,
        post0_.post_showyn as post_sho5_2_0_,
        post0_.post_title as post_tit6_2_0_,
        post0_.post_update_date as post_upd7_2_0_,
        post0_.post_view_count as post_vie8_2_0_,
        post0_.post_writer as post_wri9_2_0_ 
    from
        tb_post post0_ 
    where
        post0_.post_id=?
Hibernate: 
    select
        post0_.post_id as post_id1_2_0_,
        post0_.board_id as board_id2_2_0_,
        post0_.post_content as post_con3_2_0_,
        post0_.post_create_date as post_cre4_2_0_,
        post0_.post_showyn as post_sho5_2_0_,
        post0_.post_title as post_tit6_2_0_,
        post0_.post_update_date as post_upd7_2_0_,
        post0_.post_view_count as post_vie8_2_0_,
        post0_.post_writer as post_wri9_2_0_ 
    from
        tb_post post0_ 
    where
        post0_.post_id=?
2023-08-14 13:34:04.668 TRACE 8668 --- [    Test worker] o.h.type.descriptor.sql.BasicBinder      : binding parameter [1] as [BIGINT] - [2]
2023-08-14 13:34:04.668 DEBUG 8668 --- [    Test worker] org.hibernate.SQL                        : 
    select
        post0_.post_title as col_0_0_,
        post0_.post_writer as col_1_0_,
        post0_.post_content as col_2_0_,
        post0_.post_create_date as col_3_0_ 
    from
        tb_post post0_ 
    where
        post0_.post_title=? 
        and post0_.post_id>?
Hibernate: 
    select
        post0_.post_title as col_0_0_,
        post0_.post_writer as col_1_0_,
        post0_.post_content as col_2_0_,
        post0_.post_create_date as col_3_0_ 
    from
        tb_post post0_ 
    where
        post0_.post_title=? 
        and post0_.post_id>?
2023-08-14 13:34:04.668 TRACE 8668 --- [    Test worker] o.h.type.descriptor.sql.BasicBinder      : binding parameter [1] as [VARCHAR] - [테스트 글 제목 150]
2023-08-14 13:34:04.668 TRACE 8668 --- [    Test worker] o.h.type.descriptor.sql.BasicBinder      : binding parameter [2] as [BIGINT] - [100]
2023-08-14 13:34:04.668 TRACE 8668 --- [    Test worker] o.h.type.descriptor.sql.BasicExtractor   : extracted value ([col_0_0_] : [VARCHAR]) - [테스트 글 제목 150]
2023-08-14 13:34:04.668 TRACE 8668 --- [    Test worker] o.h.type.descriptor.sql.BasicExtractor   : extracted value ([col_1_0_] : [VARCHAR]) - [자바]
2023-08-14 13:34:04.668 TRACE 8668 --- [    Test worker] o.h.type.descriptor.sql.BasicExtractor   : extracted value ([col_2_0_] : [VARCHAR]) - [GzhdzazFR5]
2023-08-14 13:34:04.668 TRACE 8668 --- [    Test worker] o.h.type.descriptor.sql.BasicExtractor   : extracted value ([col_3_0_] : [TIMESTAMP]) - [2023-08-14 11:35:13.614]
2023-08-14 13:34:04.668 TRACE 8668 --- [    Test worker] o.h.type.descriptor.sql.BasicExtractor   : extracted value ([col_0_0_] : [VARCHAR]) - [테스트 글 제목 150]
2023-08-14 13:34:04.668 TRACE 8668 --- [    Test worker] o.h.type.descriptor.sql.BasicExtractor   : extracted value ([col_1_0_] : [VARCHAR]) - [자바]
2023-08-14 13:34:04.668 TRACE 8668 --- [    Test worker] o.h.type.descriptor.sql.BasicExtractor   : extracted value ([col_2_0_] : [VARCHAR]) - [0CpDHZx7Ak]
2023-08-14 13:34:04.668 TRACE 8668 --- [    Test worker] o.h.type.descriptor.sql.BasicExtractor   : extracted value ([col_3_0_] : [TIMESTAMP]) - [2023-08-14 13:29:19.544]
2023-08-14 13:34:04.668 TRACE 8668 --- [    Test worker] o.h.type.descriptor.sql.BasicExtractor   : extracted value ([col_0_0_] : [VARCHAR]) - [테스트 글 제목 150]
2023-08-14 13:34:04.668 TRACE 8668 --- [    Test worker] o.h.type.descriptor.sql.BasicExtractor   : extracted value ([col_1_0_] : [VARCHAR]) - [자바]
2023-08-14 13:34:04.668 TRACE 8668 --- [    Test worker] o.h.type.descriptor.sql.BasicExtractor   : extracted value ([col_2_0_] : [VARCHAR]) - [iEB0zZNZts]
2023-08-14 13:34:04.668 TRACE 8668 --- [    Test worker] o.h.type.descriptor.sql.BasicExtractor   : extracted value ([col_3_0_] : [TIMESTAMP]) - [2023-08-14 13:34:04.558]
[테스트 글 제목 150, 자바, GzhdzazFR5, 2023-08-14 11:35:13.614]
[테스트 글 제목 150, 자바, 0CpDHZx7Ak, 2023-08-14 13:29:19.544]
[테스트 글 제목 150, 자바, iEB0zZNZts, 2023-08-14 13:34:04.558]
3개의 게시글을 조회하였습니다.
]]></system-out>
  <system-err><![CDATA[]]></system-err>
</testsuite>
