<?xml version="1.0" encoding="UTF-8"?>
<testsuite name="com.start.springboot.SpringbootApplicationTests" tests="1" skipped="0" failures="0" errors="0" timestamp="2023-08-15T10:47:04" hostname="DESKTOP-D1OSJI9" time="0.001">
  <properties/>
  <testcase name="contextLoads()" classname="com.start.springboot.SpringbootApplicationTests" time="0.001"/>
  <system-out><![CDATA[2023-08-15 19:47:03.216  INFO 9800 --- [    Test worker] .b.t.c.SpringBootTestContextBootstrapper : Neither @ContextConfiguration nor @ContextHierarchy found for test class [com.start.springboot.SpringbootApplicationTests], using SpringBootContextLoader
2023-08-15 19:47:03.216  INFO 9800 --- [    Test worker] o.s.t.c.support.AbstractContextLoader    : Could not detect default resource locations for test class [com.start.springboot.SpringbootApplicationTests]: no resource found for suffixes {-context.xml, Context.groovy}.
2023-08-15 19:47:03.216  INFO 9800 --- [    Test worker] t.c.s.AnnotationConfigContextLoaderUtils : Could not detect default configuration classes for test class [com.start.springboot.SpringbootApplicationTests]: SpringbootApplicationTests does not declare any static, non-private, non-final, nested classes annotated with @Configuration.
2023-08-15 19:47:03.232  INFO 9800 --- [    Test worker] .b.t.c.SpringBootTestContextBootstrapper : Found @SpringBootConfiguration com.start.springboot.SpringbootApplication for test class com.start.springboot.SpringbootApplicationTests
2023-08-15 19:47:03.232  INFO 9800 --- [    Test worker] .b.t.c.SpringBootTestContextBootstrapper : Loaded default TestExecutionListener class names from location [META-INF/spring.factories]: [org.springframework.boot.test.autoconfigure.restdocs.RestDocsTestExecutionListener, org.springframework.boot.test.autoconfigure.web.client.MockRestServiceServerResetTestExecutionListener, org.springframework.boot.test.autoconfigure.web.servlet.MockMvcPrintOnlyOnFailureTestExecutionListener, org.springframework.boot.test.autoconfigure.web.servlet.WebDriverTestExecutionListener, org.springframework.boot.test.autoconfigure.webservices.client.MockWebServiceServerTestExecutionListener, org.springframework.boot.test.mock.mockito.MockitoTestExecutionListener, org.springframework.boot.test.mock.mockito.ResetMocksTestExecutionListener, org.springframework.test.context.web.ServletTestExecutionListener, org.springframework.test.context.support.DirtiesContextBeforeModesTestExecutionListener, org.springframework.test.context.event.ApplicationEventsTestExecutionListener, org.springframework.test.context.support.DependencyInjectionTestExecutionListener, org.springframework.test.context.support.DirtiesContextTestExecutionListener, org.springframework.test.context.transaction.TransactionalTestExecutionListener, org.springframework.test.context.jdbc.SqlScriptsTestExecutionListener, org.springframework.test.context.event.EventPublishingTestExecutionListener]
2023-08-15 19:47:03.232  INFO 9800 --- [    Test worker] .b.t.c.SpringBootTestContextBootstrapper : Using TestExecutionListeners: [org.springframework.test.context.web.ServletTestExecutionListener@4117e0c9, org.springframework.test.context.support.DirtiesContextBeforeModesTestExecutionListener@568e2d65, org.springframework.test.context.event.ApplicationEventsTestExecutionListener@5e528476, org.springframework.boot.test.mock.mockito.MockitoTestExecutionListener@56728f48, org.springframework.boot.test.autoconfigure.SpringBootDependencyInjectionTestExecutionListener@281d3ce7, org.springframework.test.context.support.DirtiesContextTestExecutionListener@fdfd984, org.springframework.test.context.transaction.TransactionalTestExecutionListener@45e49d3d, org.springframework.test.context.jdbc.SqlScriptsTestExecutionListener@72e5206, org.springframework.test.context.event.EventPublishingTestExecutionListener@4615bc00, org.springframework.boot.test.autoconfigure.restdocs.RestDocsTestExecutionListener@37f75ebf, org.springframework.boot.test.autoconfigure.web.client.MockRestServiceServerResetTestExecutionListener@569b3009, org.springframework.boot.test.autoconfigure.web.servlet.MockMvcPrintOnlyOnFailureTestExecutionListener@23d0f6be, org.springframework.boot.test.autoconfigure.web.servlet.WebDriverTestExecutionListener@48cebb78, org.springframework.boot.test.autoconfigure.webservices.client.MockWebServiceServerTestExecutionListener@45c10678, org.springframework.boot.test.mock.mockito.ResetMocksTestExecutionListener@4ad57db1]

  .   ____          _            __ _ _
 /\\ / ___'_ __ _ _(_)_ __  __ _ \ \ \ \
( ( )\___ | '_ | '_| | '_ \/ _` | \ \ \ \
 \\/  ___)| |_)| | | | | || (_| |  ) ) ) )
  '  |____| .__|_| |_|_| |_\__, | / / / /
 =========|_|==============|___/=/_/_/_/
 :: Spring Boot ::               (v2.7.14)

2023-08-15 19:47:03.264  INFO 9800 --- [    Test worker] c.s.s.SpringbootApplicationTests         : Starting SpringbootApplicationTests using Java 11.0.20 on DESKTOP-D1OSJI9 with PID 9800 (started by IKHYUN in C:\Dev Workspace\스타트 스프링 부트)
2023-08-15 19:47:03.264  INFO 9800 --- [    Test worker] c.s.s.SpringbootApplicationTests         : No active profile set, falling back to 1 default profile: "default"
2023-08-15 19:47:03.627  INFO 9800 --- [    Test worker] .s.d.r.c.RepositoryConfigurationDelegate : Bootstrapping Spring Data JPA repositories in DEFAULT mode.
2023-08-15 19:47:03.675  INFO 9800 --- [    Test worker] .s.d.r.c.RepositoryConfigurationDelegate : Finished Spring Data repository scanning in 40 ms. Found 3 JPA repository interfaces.
2023-08-15 19:47:03.849  INFO 9800 --- [    Test worker] o.hibernate.jpa.internal.util.LogHelper  : HHH000204: Processing PersistenceUnitInfo [name: default]
2023-08-15 19:47:03.865  INFO 9800 --- [    Test worker] com.zaxxer.hikari.HikariDataSource       : HikariPool-2 - Starting...
2023-08-15 19:47:03.865  INFO 9800 --- [    Test worker] com.zaxxer.hikari.HikariDataSource       : HikariPool-2 - Start completed.
2023-08-15 19:47:03.865  INFO 9800 --- [    Test worker] org.hibernate.dialect.Dialect            : HHH000400: Using dialect: org.hibernate.dialect.MariaDB106Dialect
2023-08-15 19:47:03.945 DEBUG 9800 --- [    Test worker] org.hibernate.SQL                        : 
    
    alter table tb_board 
       drop 
       foreign key if exists FK8etxkdi74gxle95n1y7wmwyjl
Hibernate: 
    
    alter table tb_board 
       drop 
       foreign key if exists FK8etxkdi74gxle95n1y7wmwyjl
2023-08-15 19:47:03.961 DEBUG 9800 --- [    Test worker] org.hibernate.SQL                        : 
    
    alter table tb_post 
       drop 
       foreign key if exists FKack74uh4wuuqcxgfxcpwtjllu
Hibernate: 
    
    alter table tb_post 
       drop 
       foreign key if exists FKack74uh4wuuqcxgfxcpwtjllu
2023-08-15 19:47:03.961 DEBUG 9800 --- [    Test worker] org.hibernate.SQL                        : 
    
    drop table if exists tb_board
Hibernate: 
    
    drop table if exists tb_board
2023-08-15 19:47:03.977 DEBUG 9800 --- [    Test worker] org.hibernate.SQL                        : 
    
    drop table if exists tb_nav_bar
Hibernate: 
    
    drop table if exists tb_nav_bar
2023-08-15 19:47:03.977 DEBUG 9800 --- [    Test worker] org.hibernate.SQL                        : 
    
    drop table if exists tb_post
Hibernate: 
    
    drop table if exists tb_post
2023-08-15 19:47:03.992 DEBUG 9800 --- [    Test worker] org.hibernate.SQL                        : 
    
    drop sequence board_seq
Hibernate: 
    
    drop sequence board_seq
2023-08-15 19:47:04.008 DEBUG 9800 --- [    Test worker] org.hibernate.SQL                        : 
    
    drop sequence nav_bar_seq
Hibernate: 
    
    drop sequence nav_bar_seq
2023-08-15 19:47:04.008 DEBUG 9800 --- [    Test worker] org.hibernate.SQL                        : 
    
    drop sequence post_seq
Hibernate: 
    
    drop sequence post_seq
2023-08-15 19:47:04.008 DEBUG 9800 --- [    Test worker] org.hibernate.SQL                        : create sequence board_seq start with 1 increment by 1
Hibernate: create sequence board_seq start with 1 increment by 1
2023-08-15 19:47:04.024 DEBUG 9800 --- [    Test worker] org.hibernate.SQL                        : create sequence nav_bar_seq start with 1 increment by 1
Hibernate: create sequence nav_bar_seq start with 1 increment by 1
2023-08-15 19:47:04.040 DEBUG 9800 --- [    Test worker] org.hibernate.SQL                        : create sequence post_seq start with 1 increment by 1
Hibernate: create sequence post_seq start with 1 increment by 1
2023-08-15 19:47:04.056 DEBUG 9800 --- [    Test worker] org.hibernate.SQL                        : 
    
    create table tb_board (
       board_id bigint not null,
        board_create_date datetime(6),
        board_create_user varchar(255),
        board_name varchar(255),
        board_update_date datetime(6),
        board_update_user varchar(255),
        board_use_yn varchar(255) default 'Y',
        board_nav_bar_id bigint,
        primary key (board_id)
    ) engine=InnoDB
Hibernate: 
    
    create table tb_board (
       board_id bigint not null,
        board_create_date datetime(6),
        board_create_user varchar(255),
        board_name varchar(255),
        board_update_date datetime(6),
        board_update_user varchar(255),
        board_use_yn varchar(255) default 'Y',
        board_nav_bar_id bigint,
        primary key (board_id)
    ) engine=InnoDB
2023-08-15 19:47:04.056 DEBUG 9800 --- [    Test worker] org.hibernate.SQL                        : 
    
    create table tb_nav_bar (
       nav_bar_id bigint not null,
        nav_bar_gnb varchar(255) not null,
        nav_bar_lnb varchar(255),
        primary key (nav_bar_id)
    ) engine=InnoDB
Hibernate: 
    
    create table tb_nav_bar (
       nav_bar_id bigint not null,
        nav_bar_gnb varchar(255) not null,
        nav_bar_lnb varchar(255),
        primary key (nav_bar_id)
    ) engine=InnoDB
2023-08-15 19:47:04.056 DEBUG 9800 --- [    Test worker] org.hibernate.SQL                        : 
    
    create table tb_post (
       post_id bigint not null,
        post_content varchar(255),
        post_create_date datetime(6),
        post_show_yn varchar(255) default 'Y',
        post_title varchar(255),
        post_update_date datetime(6),
        post_view_count integer default 0 not null,
        post_writer varchar(255),
        board_board_id bigint,
        primary key (post_id)
    ) engine=InnoDB
Hibernate: 
    
    create table tb_post (
       post_id bigint not null,
        post_content varchar(255),
        post_create_date datetime(6),
        post_show_yn varchar(255) default 'Y',
        post_title varchar(255),
        post_update_date datetime(6),
        post_view_count integer default 0 not null,
        post_writer varchar(255),
        board_board_id bigint,
        primary key (post_id)
    ) engine=InnoDB
2023-08-15 19:47:04.072 DEBUG 9800 --- [    Test worker] org.hibernate.SQL                        : 
    
    alter table tb_board 
       add constraint FK8etxkdi74gxle95n1y7wmwyjl 
       foreign key (board_nav_bar_id) 
       references tb_nav_bar (nav_bar_id)
Hibernate: 
    
    alter table tb_board 
       add constraint FK8etxkdi74gxle95n1y7wmwyjl 
       foreign key (board_nav_bar_id) 
       references tb_nav_bar (nav_bar_id)
2023-08-15 19:47:04.088 DEBUG 9800 --- [    Test worker] org.hibernate.SQL                        : 
    
    alter table tb_post 
       add constraint FKack74uh4wuuqcxgfxcpwtjllu 
       foreign key (board_board_id) 
       references tb_board (board_id)
Hibernate: 
    
    alter table tb_post 
       add constraint FKack74uh4wuuqcxgfxcpwtjllu 
       foreign key (board_board_id) 
       references tb_board (board_id)
2023-08-15 19:47:04.119  INFO 9800 --- [    Test worker] o.h.e.t.j.p.i.JtaPlatformInitiator       : HHH000490: Using JtaPlatform implementation: [org.hibernate.engine.transaction.jta.platform.internal.NoJtaPlatform]
2023-08-15 19:47:04.119  INFO 9800 --- [    Test worker] j.LocalContainerEntityManagerFactoryBean : Initialized JPA EntityManagerFactory for persistence unit 'default'
2023-08-15 19:47:04.246  WARN 9800 --- [    Test worker] JpaBaseConfiguration$JpaWebConfiguration : spring.jpa.open-in-view is enabled by default. Therefore, database queries may be performed during view rendering. Explicitly configure spring.jpa.open-in-view to disable this warning
2023-08-15 19:47:04.372  WARN 9800 --- [    Test worker] ion$DefaultTemplateResolverConfiguration : Cannot find template location: classpath:/templates/ (please add some templates, check your Thymeleaf configuration, or set spring.thymeleaf.check-template-location=false)
2023-08-15 19:47:04.435  INFO 9800 --- [    Test worker] c.s.s.SpringbootApplicationTests         : Started SpringbootApplicationTests in 1.198 seconds (JVM running for 5.913)
]]></system-out>
  <system-err><![CDATA[]]></system-err>
</testsuite>
