<?xml version="1.0" encoding="UTF-8"?>
<testsuite name="com.start.springboot.domain.board.BoardRepositoryTests" tests="1" skipped="0" failures="0" errors="0" timestamp="2023-08-15T10:47:05" hostname="DESKTOP-D1OSJI9" time="0.001">
  <properties/>
  <testcase name="inspect()" classname="com.start.springboot.domain.board.BoardRepositoryTests" time="0.001"/>
  <system-out><![CDATA[2023-08-15 19:47:04.435  INFO 9800 --- [    Test worker] .b.t.c.SpringBootTestContextBootstrapper : Neither @ContextConfiguration nor @ContextHierarchy found for test class [com.start.springboot.domain.board.BoardRepositoryTests], using SpringBootContextLoader
2023-08-15 19:47:04.435  INFO 9800 --- [    Test worker] o.s.t.c.support.AbstractContextLoader    : Could not detect default resource locations for test class [com.start.springboot.domain.board.BoardRepositoryTests]: no resource found for suffixes {-context.xml, Context.groovy}.
2023-08-15 19:47:04.435  INFO 9800 --- [    Test worker] t.c.s.AnnotationConfigContextLoaderUtils : Could not detect default configuration classes for test class [com.start.springboot.domain.board.BoardRepositoryTests]: BoardRepositoryTests does not declare any static, non-private, non-final, nested classes annotated with @Configuration.
2023-08-15 19:47:04.451  INFO 9800 --- [    Test worker] .b.t.c.SpringBootTestContextBootstrapper : Found @SpringBootConfiguration com.start.springboot.SpringbootApplication for test class com.start.springboot.domain.board.BoardRepositoryTests
2023-08-15 19:47:04.451  INFO 9800 --- [    Test worker] .b.t.c.SpringBootTestContextBootstrapper : Loaded default TestExecutionListener class names from location [META-INF/spring.factories]: [org.springframework.boot.test.autoconfigure.restdocs.RestDocsTestExecutionListener, org.springframework.boot.test.autoconfigure.web.client.MockRestServiceServerResetTestExecutionListener, org.springframework.boot.test.autoconfigure.web.servlet.MockMvcPrintOnlyOnFailureTestExecutionListener, org.springframework.boot.test.autoconfigure.web.servlet.WebDriverTestExecutionListener, org.springframework.boot.test.autoconfigure.webservices.client.MockWebServiceServerTestExecutionListener, org.springframework.boot.test.mock.mockito.MockitoTestExecutionListener, org.springframework.boot.test.mock.mockito.ResetMocksTestExecutionListener, org.springframework.test.context.web.ServletTestExecutionListener, org.springframework.test.context.support.DirtiesContextBeforeModesTestExecutionListener, org.springframework.test.context.event.ApplicationEventsTestExecutionListener, org.springframework.test.context.support.DependencyInjectionTestExecutionListener, org.springframework.test.context.support.DirtiesContextTestExecutionListener, org.springframework.test.context.transaction.TransactionalTestExecutionListener, org.springframework.test.context.jdbc.SqlScriptsTestExecutionListener, org.springframework.test.context.event.EventPublishingTestExecutionListener]
2023-08-15 19:47:04.451  INFO 9800 --- [    Test worker] .b.t.c.SpringBootTestContextBootstrapper : Using TestExecutionListeners: [org.springframework.test.context.web.ServletTestExecutionListener@6b5c4b75, org.springframework.test.context.support.DirtiesContextBeforeModesTestExecutionListener@453de9d0, org.springframework.test.context.event.ApplicationEventsTestExecutionListener@2e53f980, org.springframework.boot.test.mock.mockito.MockitoTestExecutionListener@3c8c5513, org.springframework.boot.test.autoconfigure.SpringBootDependencyInjectionTestExecutionListener@3502b614, org.springframework.test.context.support.DirtiesContextTestExecutionListener@1fdbba0d, org.springframework.test.context.transaction.TransactionalTestExecutionListener@2ef5df8f, org.springframework.test.context.jdbc.SqlScriptsTestExecutionListener@708f238f, org.springframework.test.context.event.EventPublishingTestExecutionListener@509d999c, org.springframework.boot.test.autoconfigure.restdocs.RestDocsTestExecutionListener@12544a50, org.springframework.boot.test.autoconfigure.web.client.MockRestServiceServerResetTestExecutionListener@125df632, org.springframework.boot.test.autoconfigure.web.servlet.MockMvcPrintOnlyOnFailureTestExecutionListener@1b472cad, org.springframework.boot.test.autoconfigure.web.servlet.WebDriverTestExecutionListener@27aa0720, org.springframework.boot.test.autoconfigure.webservices.client.MockWebServiceServerTestExecutionListener@179cdf4f, org.springframework.boot.test.mock.mockito.ResetMocksTestExecutionListener@6a0d47e8]

  .   ____          _            __ _ _
 /\\ / ___'_ __ _ _(_)_ __  __ _ \ \ \ \
( ( )\___ | '_ | '_| | '_ \/ _` | \ \ \ \
 \\/  ___)| |_)| | | | | || (_| |  ) ) ) )
  '  |____| .__|_| |_|_| |_\__, | / / / /
 =========|_|==============|___/=/_/_/_/
 :: Spring Boot ::               (v2.7.14)

2023-08-15 19:47:04.467  INFO 9800 --- [    Test worker] c.s.s.domain.board.BoardRepositoryTests  : Starting BoardRepositoryTests using Java 11.0.20 on DESKTOP-D1OSJI9 with PID 9800 (started by IKHYUN in C:\Dev Workspace\스타트 스프링 부트)
2023-08-15 19:47:04.467  INFO 9800 --- [    Test worker] c.s.s.domain.board.BoardRepositoryTests  : No active profile set, falling back to 1 default profile: "default"
2023-08-15 19:47:04.593  INFO 9800 --- [    Test worker] .s.d.r.c.RepositoryConfigurationDelegate : Bootstrapping Spring Data JPA repositories in DEFAULT mode.
2023-08-15 19:47:04.609  INFO 9800 --- [    Test worker] .s.d.r.c.RepositoryConfigurationDelegate : Finished Spring Data repository scanning in 12 ms. Found 3 JPA repository interfaces.
2023-08-15 19:47:04.704  INFO 9800 --- [    Test worker] o.hibernate.jpa.internal.util.LogHelper  : HHH000204: Processing PersistenceUnitInfo [name: default]
2023-08-15 19:47:04.704  INFO 9800 --- [    Test worker] com.zaxxer.hikari.HikariDataSource       : HikariPool-3 - Starting...
2023-08-15 19:47:04.704  INFO 9800 --- [    Test worker] com.zaxxer.hikari.HikariDataSource       : HikariPool-3 - Start completed.
2023-08-15 19:47:04.704  INFO 9800 --- [    Test worker] org.hibernate.dialect.Dialect            : HHH000400: Using dialect: org.hibernate.dialect.MariaDB106Dialect
2023-08-15 19:47:04.735 DEBUG 9800 --- [    Test worker] org.hibernate.SQL                        : 
    
    alter table tb_board 
       drop 
       foreign key if exists FK8etxkdi74gxle95n1y7wmwyjl
Hibernate: 
    
    alter table tb_board 
       drop 
       foreign key if exists FK8etxkdi74gxle95n1y7wmwyjl
2023-08-15 19:47:04.751 DEBUG 9800 --- [    Test worker] org.hibernate.SQL                        : 
    
    alter table tb_post 
       drop 
       foreign key if exists FKack74uh4wuuqcxgfxcpwtjllu
Hibernate: 
    
    alter table tb_post 
       drop 
       foreign key if exists FKack74uh4wuuqcxgfxcpwtjllu
2023-08-15 19:47:04.767 DEBUG 9800 --- [    Test worker] org.hibernate.SQL                        : 
    
    drop table if exists tb_board
Hibernate: 
    
    drop table if exists tb_board
2023-08-15 19:47:04.783 DEBUG 9800 --- [    Test worker] org.hibernate.SQL                        : 
    
    drop table if exists tb_nav_bar
Hibernate: 
    
    drop table if exists tb_nav_bar
2023-08-15 19:47:04.799 DEBUG 9800 --- [    Test worker] org.hibernate.SQL                        : 
    
    drop table if exists tb_post
Hibernate: 
    
    drop table if exists tb_post
2023-08-15 19:47:04.814 DEBUG 9800 --- [    Test worker] org.hibernate.SQL                        : 
    
    drop sequence board_seq
Hibernate: 
    
    drop sequence board_seq
2023-08-15 19:47:04.814 DEBUG 9800 --- [    Test worker] org.hibernate.SQL                        : 
    
    drop sequence nav_bar_seq
Hibernate: 
    
    drop sequence nav_bar_seq
2023-08-15 19:47:04.830 DEBUG 9800 --- [    Test worker] org.hibernate.SQL                        : 
    
    drop sequence post_seq
Hibernate: 
    
    drop sequence post_seq
2023-08-15 19:47:04.830 DEBUG 9800 --- [    Test worker] org.hibernate.SQL                        : create sequence board_seq start with 1 increment by 1
Hibernate: create sequence board_seq start with 1 increment by 1
2023-08-15 19:47:04.846 DEBUG 9800 --- [    Test worker] org.hibernate.SQL                        : create sequence nav_bar_seq start with 1 increment by 1
Hibernate: create sequence nav_bar_seq start with 1 increment by 1
2023-08-15 19:47:04.846 DEBUG 9800 --- [    Test worker] org.hibernate.SQL                        : create sequence post_seq start with 1 increment by 1
Hibernate: create sequence post_seq start with 1 increment by 1
2023-08-15 19:47:04.862 DEBUG 9800 --- [    Test worker] org.hibernate.SQL                        : 
    
    create table tb_board (
       board_id bigint not null,
        board_create_date datetime(6),
        board_create_user varchar(255),
        board_name varchar(255),
        board_update_date datetime(6),
        board_update_user varchar(255),
        board_use_yn varchar(255) default 'Y',
        board_nav_bar_id bigint,
        primary key (board_id)
    ) engine=InnoDB
Hibernate: 
    
    create table tb_board (
       board_id bigint not null,
        board_create_date datetime(6),
        board_create_user varchar(255),
        board_name varchar(255),
        board_update_date datetime(6),
        board_update_user varchar(255),
        board_use_yn varchar(255) default 'Y',
        board_nav_bar_id bigint,
        primary key (board_id)
    ) engine=InnoDB
2023-08-15 19:47:04.862 DEBUG 9800 --- [    Test worker] org.hibernate.SQL                        : 
    
    create table tb_nav_bar (
       nav_bar_id bigint not null,
        nav_bar_gnb varchar(255) not null,
        nav_bar_lnb varchar(255),
        primary key (nav_bar_id)
    ) engine=InnoDB
Hibernate: 
    
    create table tb_nav_bar (
       nav_bar_id bigint not null,
        nav_bar_gnb varchar(255) not null,
        nav_bar_lnb varchar(255),
        primary key (nav_bar_id)
    ) engine=InnoDB
2023-08-15 19:47:04.862 DEBUG 9800 --- [    Test worker] org.hibernate.SQL                        : 
    
    create table tb_post (
       post_id bigint not null,
        post_content varchar(255),
        post_create_date datetime(6),
        post_show_yn varchar(255) default 'Y',
        post_title varchar(255),
        post_update_date datetime(6),
        post_view_count integer default 0 not null,
        post_writer varchar(255),
        board_board_id bigint,
        primary key (post_id)
    ) engine=InnoDB
Hibernate: 
    
    create table tb_post (
       post_id bigint not null,
        post_content varchar(255),
        post_create_date datetime(6),
        post_show_yn varchar(255) default 'Y',
        post_title varchar(255),
        post_update_date datetime(6),
        post_view_count integer default 0 not null,
        post_writer varchar(255),
        board_board_id bigint,
        primary key (post_id)
    ) engine=InnoDB
2023-08-15 19:47:04.878 DEBUG 9800 --- [    Test worker] org.hibernate.SQL                        : 
    
    alter table tb_board 
       add constraint FK8etxkdi74gxle95n1y7wmwyjl 
       foreign key (board_nav_bar_id) 
       references tb_nav_bar (nav_bar_id)
Hibernate: 
    
    alter table tb_board 
       add constraint FK8etxkdi74gxle95n1y7wmwyjl 
       foreign key (board_nav_bar_id) 
       references tb_nav_bar (nav_bar_id)
2023-08-15 19:47:04.893 DEBUG 9800 --- [    Test worker] org.hibernate.SQL                        : 
    
    alter table tb_post 
       add constraint FKack74uh4wuuqcxgfxcpwtjllu 
       foreign key (board_board_id) 
       references tb_board (board_id)
Hibernate: 
    
    alter table tb_post 
       add constraint FKack74uh4wuuqcxgfxcpwtjllu 
       foreign key (board_board_id) 
       references tb_board (board_id)
2023-08-15 19:47:04.909  INFO 9800 --- [    Test worker] o.h.e.t.j.p.i.JtaPlatformInitiator       : HHH000490: Using JtaPlatform implementation: [org.hibernate.engine.transaction.jta.platform.internal.NoJtaPlatform]
2023-08-15 19:47:04.909  INFO 9800 --- [    Test worker] j.LocalContainerEntityManagerFactoryBean : Initialized JPA EntityManagerFactory for persistence unit 'default'
2023-08-15 19:47:04.987  WARN 9800 --- [    Test worker] JpaBaseConfiguration$JpaWebConfiguration : spring.jpa.open-in-view is enabled by default. Therefore, database queries may be performed during view rendering. Explicitly configure spring.jpa.open-in-view to disable this warning
2023-08-15 19:47:05.129  WARN 9800 --- [    Test worker] ion$DefaultTemplateResolverConfiguration : Cannot find template location: classpath:/templates/ (please add some templates, check your Thymeleaf configuration, or set spring.thymeleaf.check-template-location=false)
2023-08-15 19:47:05.176  INFO 9800 --- [    Test worker] c.s.s.domain.board.BoardRepositoryTests  : Started BoardRepositoryTests in 0.723 seconds (JVM running for 6.648)
]]></system-out>
  <system-err><![CDATA[]]></system-err>
</testsuite>
