<?xml version="1.0" encoding="UTF-8"?>
<testsuite name="com.start.springboot.SpringbootApplicationTests" tests="1" skipped="0" failures="0" errors="0" timestamp="2023-08-14T04:34:02" hostname="DESKTOP-D1OSJI9" time="0.12">
  <properties/>
  <testcase name="contextLoads()" classname="com.start.springboot.SpringbootApplicationTests" time="0.12"/>
  <system-out><![CDATA[13:33:59.153 [Test worker] DEBUG org.springframework.test.context.BootstrapUtils - Instantiating CacheAwareContextLoaderDelegate from class [org.springframework.test.context.cache.DefaultCacheAwareContextLoaderDelegate]
13:33:59.153 [Test worker] DEBUG org.springframework.test.context.BootstrapUtils - Instantiating BootstrapContext using constructor [public org.springframework.test.context.support.DefaultBootstrapContext(java.lang.Class,org.springframework.test.context.CacheAwareContextLoaderDelegate)]
13:33:59.184 [Test worker] DEBUG org.springframework.test.context.BootstrapUtils - Instantiating TestContextBootstrapper for test class [com.start.springboot.SpringbootApplicationTests] from class [org.springframework.boot.test.context.SpringBootTestContextBootstrapper]
13:33:59.184 [Test worker] INFO org.springframework.boot.test.context.SpringBootTestContextBootstrapper - Neither @ContextConfiguration nor @ContextHierarchy found for test class [com.start.springboot.SpringbootApplicationTests], using SpringBootContextLoader
13:33:59.184 [Test worker] DEBUG org.springframework.test.context.support.AbstractContextLoader - Did not detect default resource location for test class [com.start.springboot.SpringbootApplicationTests]: class path resource [com/start/springboot/SpringbootApplicationTests-context.xml] does not exist
13:33:59.184 [Test worker] DEBUG org.springframework.test.context.support.AbstractContextLoader - Did not detect default resource location for test class [com.start.springboot.SpringbootApplicationTests]: class path resource [com/start/springboot/SpringbootApplicationTestsContext.groovy] does not exist
13:33:59.184 [Test worker] INFO org.springframework.test.context.support.AbstractContextLoader - Could not detect default resource locations for test class [com.start.springboot.SpringbootApplicationTests]: no resource found for suffixes {-context.xml, Context.groovy}.
13:33:59.184 [Test worker] INFO org.springframework.test.context.support.AnnotationConfigContextLoaderUtils - Could not detect default configuration classes for test class [com.start.springboot.SpringbootApplicationTests]: SpringbootApplicationTests does not declare any static, non-private, non-final, nested classes annotated with @Configuration.
13:33:59.215 [Test worker] DEBUG org.springframework.test.context.support.ActiveProfilesUtils - Could not find an 'annotation declaring class' for annotation type [org.springframework.test.context.ActiveProfiles] and class [com.start.springboot.SpringbootApplicationTests]
13:33:59.246 [Test worker] DEBUG org.springframework.context.annotation.ClassPathScanningCandidateComponentProvider - Identified candidate component class: file [C:\Dev Workspace\스타트 스프링 부트\build\classes\java\main\com\start\springboot\SpringbootApplication.class]
13:33:59.246 [Test worker] INFO org.springframework.boot.test.context.SpringBootTestContextBootstrapper - Found @SpringBootConfiguration com.start.springboot.SpringbootApplication for test class com.start.springboot.SpringbootApplicationTests
13:33:59.324 [Test worker] DEBUG org.springframework.boot.test.context.SpringBootTestContextBootstrapper - @TestExecutionListeners is not present for class [com.start.springboot.SpringbootApplicationTests]: using defaults.
13:33:59.324 [Test worker] INFO org.springframework.boot.test.context.SpringBootTestContextBootstrapper - Loaded default TestExecutionListener class names from location [META-INF/spring.factories]: [org.springframework.boot.test.autoconfigure.restdocs.RestDocsTestExecutionListener, org.springframework.boot.test.autoconfigure.web.client.MockRestServiceServerResetTestExecutionListener, org.springframework.boot.test.autoconfigure.web.servlet.MockMvcPrintOnlyOnFailureTestExecutionListener, org.springframework.boot.test.autoconfigure.web.servlet.WebDriverTestExecutionListener, org.springframework.boot.test.autoconfigure.webservices.client.MockWebServiceServerTestExecutionListener, org.springframework.boot.test.mock.mockito.MockitoTestExecutionListener, org.springframework.boot.test.mock.mockito.ResetMocksTestExecutionListener, org.springframework.test.context.web.ServletTestExecutionListener, org.springframework.test.context.support.DirtiesContextBeforeModesTestExecutionListener, org.springframework.test.context.event.ApplicationEventsTestExecutionListener, org.springframework.test.context.support.DependencyInjectionTestExecutionListener, org.springframework.test.context.support.DirtiesContextTestExecutionListener, org.springframework.test.context.transaction.TransactionalTestExecutionListener, org.springframework.test.context.jdbc.SqlScriptsTestExecutionListener, org.springframework.test.context.event.EventPublishingTestExecutionListener]
13:33:59.340 [Test worker] INFO org.springframework.boot.test.context.SpringBootTestContextBootstrapper - Using TestExecutionListeners: [org.springframework.test.context.web.ServletTestExecutionListener@64b31700, org.springframework.test.context.support.DirtiesContextBeforeModesTestExecutionListener@3b65e559, org.springframework.test.context.event.ApplicationEventsTestExecutionListener@bae47a0, org.springframework.boot.test.mock.mockito.MockitoTestExecutionListener@74a9c4b0, org.springframework.boot.test.autoconfigure.SpringBootDependencyInjectionTestExecutionListener@85ec632, org.springframework.test.context.support.DirtiesContextTestExecutionListener@1c05a54d, org.springframework.test.context.transaction.TransactionalTestExecutionListener@65ef722a, org.springframework.test.context.jdbc.SqlScriptsTestExecutionListener@5fd9b663, org.springframework.test.context.event.EventPublishingTestExecutionListener@214894fc, org.springframework.boot.test.autoconfigure.restdocs.RestDocsTestExecutionListener@10567255, org.springframework.boot.test.autoconfigure.web.client.MockRestServiceServerResetTestExecutionListener@e362c57, org.springframework.boot.test.autoconfigure.web.servlet.MockMvcPrintOnlyOnFailureTestExecutionListener@1c4ee95c, org.springframework.boot.test.autoconfigure.web.servlet.WebDriverTestExecutionListener@79c4715d, org.springframework.boot.test.autoconfigure.webservices.client.MockWebServiceServerTestExecutionListener@5aa360ea, org.springframework.boot.test.mock.mockito.ResetMocksTestExecutionListener@6548bb7d]
13:33:59.340 [Test worker] DEBUG org.springframework.test.context.support.AbstractDirtiesContextTestExecutionListener - Before test class: context [DefaultTestContext@17ae98d7 testClass = SpringbootApplicationTests, testInstance = [null], testMethod = [null], testException = [null], mergedContextConfiguration = [WebMergedContextConfiguration@59221b97 testClass = SpringbootApplicationTests, locations = '{}', classes = '{class com.start.springboot.SpringbootApplication}', contextInitializerClasses = '[]', activeProfiles = '{}', propertySourceLocations = '{}', propertySourceProperties = '{org.springframework.boot.test.context.SpringBootTestContextBootstrapper=true}', contextCustomizers = set[org.springframework.boot.test.autoconfigure.actuate.metrics.MetricsExportContextCustomizerFactory$DisableMetricExportContextCustomizer@4264b240, org.springframework.boot.test.autoconfigure.properties.PropertyMappingContextCustomizer@0, org.springframework.boot.test.autoconfigure.web.servlet.WebDriverContextCustomizerFactory$Customizer@29e6eb25, org.springframework.boot.test.context.filter.ExcludeFilterContextCustomizer@38be305c, org.springframework.boot.test.json.DuplicateJsonObjectContextCustomizerFactory$DuplicateJsonObjectContextCustomizer@275fe372, org.springframework.boot.test.mock.mockito.MockitoContextCustomizer@0, org.springframework.boot.test.web.client.TestRestTemplateContextCustomizer@1252b961, org.springframework.boot.test.context.SpringBootTestArgs@1, org.springframework.boot.test.context.SpringBootTestWebEnvironment@64e7619d], resourceBasePath = 'src/main/webapp', contextLoader = 'org.springframework.boot.test.context.SpringBootContextLoader', parent = [null]], attributes = map['org.springframework.test.context.web.ServletTestExecutionListener.activateListener' -> true]], class annotated with @DirtiesContext [false] with mode [null].

  .   ____          _            __ _ _
 /\\ / ___'_ __ _ _(_)_ __  __ _ \ \ \ \
( ( )\___ | '_ | '_| | '_ \/ _` | \ \ \ \
 \\/  ___)| |_)| | | | | || (_| |  ) ) ) )
  '  |____| .__|_| |_|_| |_\__, | / / / /
 =========|_|==============|___/=/_/_/_/
 :: Spring Boot ::               (v2.7.14)

2023-08-14 13:33:59.574  INFO 8668 --- [    Test worker] c.s.s.SpringbootApplicationTests         : Starting SpringbootApplicationTests using Java 11.0.20 on DESKTOP-D1OSJI9 with PID 8668 (started by IKHYUN in C:\Dev Workspace\스타트 스프링 부트)
2023-08-14 13:33:59.574  INFO 8668 --- [    Test worker] c.s.s.SpringbootApplicationTests         : No active profile set, falling back to 1 default profile: "default"
2023-08-14 13:34:00.043  INFO 8668 --- [    Test worker] .s.d.r.c.RepositoryConfigurationDelegate : Bootstrapping Spring Data JPA repositories in DEFAULT mode.
2023-08-14 13:34:00.090  INFO 8668 --- [    Test worker] .s.d.r.c.RepositoryConfigurationDelegate : Finished Spring Data repository scanning in 38 ms. Found 3 JPA repository interfaces.
2023-08-14 13:34:00.465  INFO 8668 --- [    Test worker] o.hibernate.jpa.internal.util.LogHelper  : HHH000204: Processing PersistenceUnitInfo [name: default]
2023-08-14 13:34:00.496  INFO 8668 --- [    Test worker] org.hibernate.Version                    : HHH000412: Hibernate ORM core version 5.6.15.Final
2023-08-14 13:34:00.621  INFO 8668 --- [    Test worker] o.hibernate.annotations.common.Version   : HCANN000001: Hibernate Commons Annotations {5.1.2.Final}
2023-08-14 13:34:00.699  INFO 8668 --- [    Test worker] com.zaxxer.hikari.HikariDataSource       : HikariPool-1 - Starting...
2023-08-14 13:34:00.746  INFO 8668 --- [    Test worker] com.zaxxer.hikari.HikariDataSource       : HikariPool-1 - Start completed.
2023-08-14 13:34:00.777  INFO 8668 --- [    Test worker] org.hibernate.dialect.Dialect            : HHH000400: Using dialect: org.hibernate.dialect.MariaDB106Dialect
2023-08-14 13:34:01.184  INFO 8668 --- [    Test worker] o.h.e.t.j.p.i.JtaPlatformInitiator       : HHH000490: Using JtaPlatform implementation: [org.hibernate.engine.transaction.jta.platform.internal.NoJtaPlatform]
2023-08-14 13:34:01.199  INFO 8668 --- [    Test worker] j.LocalContainerEntityManagerFactoryBean : Initialized JPA EntityManagerFactory for persistence unit 'default'
2023-08-14 13:34:01.777  WARN 8668 --- [    Test worker] JpaBaseConfiguration$JpaWebConfiguration : spring.jpa.open-in-view is enabled by default. Therefore, database queries may be performed during view rendering. Explicitly configure spring.jpa.open-in-view to disable this warning
2023-08-14 13:34:02.199  WARN 8668 --- [    Test worker] ion$DefaultTemplateResolverConfiguration : Cannot find template location: classpath:/templates/ (please add some templates, check your Thymeleaf configuration, or set spring.thymeleaf.check-template-location=false)
2023-08-14 13:34:02.355  INFO 8668 --- [    Test worker] c.s.s.SpringbootApplicationTests         : Started SpringbootApplicationTests in 2.996 seconds (JVM running for 3.776)
]]></system-out>
  <system-err><![CDATA[]]></system-err>
</testsuite>
