<?xml version="1.0" encoding="UTF-8"?>
<testsuite name="com.start.springboot.sample.SampelControllerTests" tests="1" skipped="0" failures="0" errors="0" timestamp="2023-08-15T10:47:05" hostname="DESKTOP-D1OSJI9" time="0.034">
  <properties/>
  <testcase name="testHello()" classname="com.start.springboot.sample.SampelControllerTests" time="0.034"/>
  <system-out><![CDATA[2023-08-15 19:47:05.176  INFO 9800 --- [    Test worker] .b.t.a.w.s.WebMvcTestContextBootstrapper : Neither @ContextConfiguration nor @ContextHierarchy found for test class [com.start.springboot.sample.SampelControllerTests], using SpringBootContextLoader
2023-08-15 19:47:05.176  INFO 9800 --- [    Test worker] o.s.t.c.support.AbstractContextLoader    : Could not detect default resource locations for test class [com.start.springboot.sample.SampelControllerTests]: no resource found for suffixes {-context.xml, Context.groovy}.
2023-08-15 19:47:05.176  INFO 9800 --- [    Test worker] t.c.s.AnnotationConfigContextLoaderUtils : Could not detect default configuration classes for test class [com.start.springboot.sample.SampelControllerTests]: SampelControllerTests does not declare any static, non-private, non-final, nested classes annotated with @Configuration.
2023-08-15 19:47:05.192  INFO 9800 --- [    Test worker] .b.t.c.SpringBootTestContextBootstrapper : Found @SpringBootConfiguration com.start.springboot.SpringbootApplication for test class com.start.springboot.sample.SampelControllerTests
2023-08-15 19:47:05.192  INFO 9800 --- [    Test worker] .b.t.a.w.s.WebMvcTestContextBootstrapper : Loaded default TestExecutionListener class names from location [META-INF/spring.factories]: [org.springframework.boot.test.autoconfigure.restdocs.RestDocsTestExecutionListener, org.springframework.boot.test.autoconfigure.web.client.MockRestServiceServerResetTestExecutionListener, org.springframework.boot.test.autoconfigure.web.servlet.MockMvcPrintOnlyOnFailureTestExecutionListener, org.springframework.boot.test.autoconfigure.web.servlet.WebDriverTestExecutionListener, org.springframework.boot.test.autoconfigure.webservices.client.MockWebServiceServerTestExecutionListener, org.springframework.boot.test.mock.mockito.MockitoTestExecutionListener, org.springframework.boot.test.mock.mockito.ResetMocksTestExecutionListener, org.springframework.test.context.web.ServletTestExecutionListener, org.springframework.test.context.support.DirtiesContextBeforeModesTestExecutionListener, org.springframework.test.context.event.ApplicationEventsTestExecutionListener, org.springframework.test.context.support.DependencyInjectionTestExecutionListener, org.springframework.test.context.support.DirtiesContextTestExecutionListener, org.springframework.test.context.transaction.TransactionalTestExecutionListener, org.springframework.test.context.jdbc.SqlScriptsTestExecutionListener, org.springframework.test.context.event.EventPublishingTestExecutionListener]
2023-08-15 19:47:05.192  INFO 9800 --- [    Test worker] .b.t.a.w.s.WebMvcTestContextBootstrapper : Using TestExecutionListeners: [org.springframework.test.context.web.ServletTestExecutionListener@77c7d3f4, org.springframework.test.context.support.DirtiesContextBeforeModesTestExecutionListener@162c89ac, org.springframework.test.context.event.ApplicationEventsTestExecutionListener@644f033d, org.springframework.boot.test.mock.mockito.MockitoTestExecutionListener@6f526f91, org.springframework.boot.test.autoconfigure.SpringBootDependencyInjectionTestExecutionListener@26c349fc, org.springframework.test.context.support.DirtiesContextTestExecutionListener@54d0d561, org.springframework.test.context.transaction.TransactionalTestExecutionListener@489a722d, org.springframework.test.context.jdbc.SqlScriptsTestExecutionListener@3448a248, org.springframework.test.context.event.EventPublishingTestExecutionListener@8788194, org.springframework.boot.test.autoconfigure.restdocs.RestDocsTestExecutionListener@5a513627, org.springframework.boot.test.autoconfigure.web.client.MockRestServiceServerResetTestExecutionListener@41413c5a, org.springframework.boot.test.autoconfigure.web.servlet.MockMvcPrintOnlyOnFailureTestExecutionListener@306a9cd8, org.springframework.boot.test.autoconfigure.web.servlet.WebDriverTestExecutionListener@7c52df60, org.springframework.boot.test.autoconfigure.webservices.client.MockWebServiceServerTestExecutionListener@2fe12ec3, org.springframework.boot.test.mock.mockito.ResetMocksTestExecutionListener@678a7489]

  .   ____          _            __ _ _
 /\\ / ___'_ __ _ _(_)_ __  __ _ \ \ \ \
( ( )\___ | '_ | '_| | '_ \/ _` | \ \ \ \
 \\/  ___)| |_)| | | | | || (_| |  ) ) ) )
  '  |____| .__|_| |_|_| |_\__, | / / / /
 =========|_|==============|___/=/_/_/_/
 :: Spring Boot ::               (v2.7.14)

2023-08-15 19:47:05.192  INFO 9800 --- [    Test worker] c.s.s.sample.SampelControllerTests       : Starting SampelControllerTests using Java 11.0.20 on DESKTOP-D1OSJI9 with PID 9800 (started by IKHYUN in C:\Dev Workspace\스타트 스프링 부트)
2023-08-15 19:47:05.192  INFO 9800 --- [    Test worker] c.s.s.sample.SampelControllerTests       : No active profile set, falling back to 1 default profile: "default"
2023-08-15 19:47:05.350  WARN 9800 --- [    Test worker] ion$DefaultTemplateResolverConfiguration : Cannot find template location: classpath:/templates/ (please add some templates, check your Thymeleaf configuration, or set spring.thymeleaf.check-template-location=false)
2023-08-15 19:47:05.381  INFO 9800 --- [    Test worker] o.s.b.t.m.w.SpringBootMockServletContext : Initializing Spring TestDispatcherServlet ''
2023-08-15 19:47:05.381  INFO 9800 --- [    Test worker] o.s.t.web.servlet.TestDispatcherServlet  : Initializing Servlet ''
2023-08-15 19:47:05.381  INFO 9800 --- [    Test worker] o.s.t.web.servlet.TestDispatcherServlet  : Completed initialization in 0 ms
2023-08-15 19:47:05.397  INFO 9800 --- [    Test worker] c.s.s.sample.SampelControllerTests       : Started SampelControllerTests in 0.202 seconds (JVM running for 6.871)
Hello World
]]></system-out>
  <system-err><![CDATA[]]></system-err>
</testsuite>
