<?xml version="1.0" encoding="UTF-8"?>
<testsuite name="com.start.springboot.domain.board.BoardRepositoryTests" tests="1" skipped="0" failures="0" errors="0" timestamp="2023-08-14T04:34:03" hostname="DESKTOP-D1OSJI9" time="0.002">
  <properties/>
  <testcase name="inspect()" classname="com.start.springboot.domain.board.BoardRepositoryTests" time="0.002"/>
  <system-out><![CDATA[2023-08-14 13:34:02.511  INFO 8668 --- [    Test worker] .b.t.c.SpringBootTestContextBootstrapper : Neither @ContextConfiguration nor @ContextHierarchy found for test class [com.start.springboot.domain.board.BoardRepositoryTests], using SpringBootContextLoader
2023-08-14 13:34:02.511  INFO 8668 --- [    Test worker] o.s.t.c.support.AbstractContextLoader    : Could not detect default resource locations for test class [com.start.springboot.domain.board.BoardRepositoryTests]: no resource found for suffixes {-context.xml, Context.groovy}.
2023-08-14 13:34:02.511  INFO 8668 --- [    Test worker] t.c.s.AnnotationConfigContextLoaderUtils : Could not detect default configuration classes for test class [com.start.springboot.domain.board.BoardRepositoryTests]: BoardRepositoryTests does not declare any static, non-private, non-final, nested classes annotated with @Configuration.
2023-08-14 13:34:02.527  INFO 8668 --- [    Test worker] .b.t.c.SpringBootTestContextBootstrapper : Found @SpringBootConfiguration com.start.springboot.SpringbootApplication for test class com.start.springboot.domain.board.BoardRepositoryTests
2023-08-14 13:34:02.527  INFO 8668 --- [    Test worker] .b.t.c.SpringBootTestContextBootstrapper : Loaded default TestExecutionListener class names from location [META-INF/spring.factories]: [org.springframework.boot.test.autoconfigure.restdocs.RestDocsTestExecutionListener, org.springframework.boot.test.autoconfigure.web.client.MockRestServiceServerResetTestExecutionListener, org.springframework.boot.test.autoconfigure.web.servlet.MockMvcPrintOnlyOnFailureTestExecutionListener, org.springframework.boot.test.autoconfigure.web.servlet.WebDriverTestExecutionListener, org.springframework.boot.test.autoconfigure.webservices.client.MockWebServiceServerTestExecutionListener, org.springframework.boot.test.mock.mockito.MockitoTestExecutionListener, org.springframework.boot.test.mock.mockito.ResetMocksTestExecutionListener, org.springframework.test.context.web.ServletTestExecutionListener, org.springframework.test.context.support.DirtiesContextBeforeModesTestExecutionListener, org.springframework.test.context.event.ApplicationEventsTestExecutionListener, org.springframework.test.context.support.DependencyInjectionTestExecutionListener, org.springframework.test.context.support.DirtiesContextTestExecutionListener, org.springframework.test.context.transaction.TransactionalTestExecutionListener, org.springframework.test.context.jdbc.SqlScriptsTestExecutionListener, org.springframework.test.context.event.EventPublishingTestExecutionListener]
2023-08-14 13:34:02.527  INFO 8668 --- [    Test worker] .b.t.c.SpringBootTestContextBootstrapper : Using TestExecutionListeners: [org.springframework.test.context.web.ServletTestExecutionListener@21e15093, org.springframework.test.context.support.DirtiesContextBeforeModesTestExecutionListener@62cf873a, org.springframework.test.context.event.ApplicationEventsTestExecutionListener@21b3d356, org.springframework.boot.test.mock.mockito.MockitoTestExecutionListener@294b045b, org.springframework.boot.test.autoconfigure.SpringBootDependencyInjectionTestExecutionListener@285ac29, org.springframework.test.context.support.DirtiesContextTestExecutionListener@1ced1d14, org.springframework.test.context.transaction.TransactionalTestExecutionListener@237b54bc, org.springframework.test.context.jdbc.SqlScriptsTestExecutionListener@5263f554, org.springframework.test.context.event.EventPublishingTestExecutionListener@7d28efd5, org.springframework.boot.test.autoconfigure.restdocs.RestDocsTestExecutionListener@95958d9, org.springframework.boot.test.autoconfigure.web.client.MockRestServiceServerResetTestExecutionListener@70fe33fa, org.springframework.boot.test.autoconfigure.web.servlet.MockMvcPrintOnlyOnFailureTestExecutionListener@3dfaa1e4, org.springframework.boot.test.autoconfigure.web.servlet.WebDriverTestExecutionListener@796a7c9, org.springframework.boot.test.autoconfigure.webservices.client.MockWebServiceServerTestExecutionListener@44cab872, org.springframework.boot.test.mock.mockito.ResetMocksTestExecutionListener@452a32f2]

  .   ____          _            __ _ _
 /\\ / ___'_ __ _ _(_)_ __  __ _ \ \ \ \
( ( )\___ | '_ | '_| | '_ \/ _` | \ \ \ \
 \\/  ___)| |_)| | | | | || (_| |  ) ) ) )
  '  |____| .__|_| |_|_| |_\__, | / / / /
 =========|_|==============|___/=/_/_/_/
 :: Spring Boot ::               (v2.7.14)

2023-08-14 13:34:02.558  INFO 8668 --- [    Test worker] c.s.s.domain.board.BoardRepositoryTests  : Starting BoardRepositoryTests using Java 11.0.20 on DESKTOP-D1OSJI9 with PID 8668 (started by IKHYUN in C:\Dev Workspace\스타트 스프링 부트)
2023-08-14 13:34:02.558  INFO 8668 --- [    Test worker] c.s.s.domain.board.BoardRepositoryTests  : No active profile set, falling back to 1 default profile: "default"
2023-08-14 13:34:02.715  INFO 8668 --- [    Test worker] .s.d.r.c.RepositoryConfigurationDelegate : Bootstrapping Spring Data JPA repositories in DEFAULT mode.
2023-08-14 13:34:02.730  INFO 8668 --- [    Test worker] .s.d.r.c.RepositoryConfigurationDelegate : Finished Spring Data repository scanning in 12 ms. Found 3 JPA repository interfaces.
2023-08-14 13:34:02.918  INFO 8668 --- [    Test worker] o.hibernate.jpa.internal.util.LogHelper  : HHH000204: Processing PersistenceUnitInfo [name: default]
2023-08-14 13:34:02.918  INFO 8668 --- [    Test worker] com.zaxxer.hikari.HikariDataSource       : HikariPool-2 - Starting...
2023-08-14 13:34:02.933  INFO 8668 --- [    Test worker] com.zaxxer.hikari.HikariDataSource       : HikariPool-2 - Start completed.
2023-08-14 13:34:02.933  INFO 8668 --- [    Test worker] org.hibernate.dialect.Dialect            : HHH000400: Using dialect: org.hibernate.dialect.MariaDB106Dialect
2023-08-14 13:34:02.996  INFO 8668 --- [    Test worker] o.h.e.t.j.p.i.JtaPlatformInitiator       : HHH000490: Using JtaPlatform implementation: [org.hibernate.engine.transaction.jta.platform.internal.NoJtaPlatform]
2023-08-14 13:34:02.996  INFO 8668 --- [    Test worker] j.LocalContainerEntityManagerFactoryBean : Initialized JPA EntityManagerFactory for persistence unit 'default'
2023-08-14 13:34:03.152  WARN 8668 --- [    Test worker] JpaBaseConfiguration$JpaWebConfiguration : spring.jpa.open-in-view is enabled by default. Therefore, database queries may be performed during view rendering. Explicitly configure spring.jpa.open-in-view to disable this warning
2023-08-14 13:34:03.277  WARN 8668 --- [    Test worker] ion$DefaultTemplateResolverConfiguration : Cannot find template location: classpath:/templates/ (please add some templates, check your Thymeleaf configuration, or set spring.thymeleaf.check-template-location=false)
2023-08-14 13:34:03.340  INFO 8668 --- [    Test worker] c.s.s.domain.board.BoardRepositoryTests  : Started BoardRepositoryTests in 0.805 seconds (JVM running for 4.754)
]]></system-out>
  <system-err><![CDATA[]]></system-err>
</testsuite>
