<?xml version="1.0" encoding="UTF-8"?>
<testsuite name="com.start.springboot.sample.SampelControllerTests" tests="1" skipped="0" failures="0" errors="0" timestamp="2023-08-14T04:34:04" hostname="DESKTOP-D1OSJI9" time="0.035">
  <properties/>
  <testcase name="testHello()" classname="com.start.springboot.sample.SampelControllerTests" time="0.035"/>
  <system-out><![CDATA[2023-08-14 13:34:04.683  INFO 8668 --- [    Test worker] .b.t.a.w.s.WebMvcTestContextBootstrapper : Neither @ContextConfiguration nor @ContextHierarchy found for test class [com.start.springboot.sample.SampelControllerTests], using SpringBootContextLoader
2023-08-14 13:34:04.683  INFO 8668 --- [    Test worker] o.s.t.c.support.AbstractContextLoader    : Could not detect default resource locations for test class [com.start.springboot.sample.SampelControllerTests]: no resource found for suffixes {-context.xml, Context.groovy}.
2023-08-14 13:34:04.683  INFO 8668 --- [    Test worker] t.c.s.AnnotationConfigContextLoaderUtils : Could not detect default configuration classes for test class [com.start.springboot.sample.SampelControllerTests]: SampelControllerTests does not declare any static, non-private, non-final, nested classes annotated with @Configuration.
2023-08-14 13:34:04.699  INFO 8668 --- [    Test worker] .b.t.c.SpringBootTestContextBootstrapper : Found @SpringBootConfiguration com.start.springboot.SpringbootApplication for test class com.start.springboot.sample.SampelControllerTests
2023-08-14 13:34:04.699  INFO 8668 --- [    Test worker] .b.t.a.w.s.WebMvcTestContextBootstrapper : Loaded default TestExecutionListener class names from location [META-INF/spring.factories]: [org.springframework.boot.test.autoconfigure.restdocs.RestDocsTestExecutionListener, org.springframework.boot.test.autoconfigure.web.client.MockRestServiceServerResetTestExecutionListener, org.springframework.boot.test.autoconfigure.web.servlet.MockMvcPrintOnlyOnFailureTestExecutionListener, org.springframework.boot.test.autoconfigure.web.servlet.WebDriverTestExecutionListener, org.springframework.boot.test.autoconfigure.webservices.client.MockWebServiceServerTestExecutionListener, org.springframework.boot.test.mock.mockito.MockitoTestExecutionListener, org.springframework.boot.test.mock.mockito.ResetMocksTestExecutionListener, org.springframework.test.context.web.ServletTestExecutionListener, org.springframework.test.context.support.DirtiesContextBeforeModesTestExecutionListener, org.springframework.test.context.event.ApplicationEventsTestExecutionListener, org.springframework.test.context.support.DependencyInjectionTestExecutionListener, org.springframework.test.context.support.DirtiesContextTestExecutionListener, org.springframework.test.context.transaction.TransactionalTestExecutionListener, org.springframework.test.context.jdbc.SqlScriptsTestExecutionListener, org.springframework.test.context.event.EventPublishingTestExecutionListener]
2023-08-14 13:34:04.699  INFO 8668 --- [    Test worker] .b.t.a.w.s.WebMvcTestContextBootstrapper : Using TestExecutionListeners: [org.springframework.test.context.web.ServletTestExecutionListener@adc06b2, org.springframework.test.context.support.DirtiesContextBeforeModesTestExecutionListener@728cf276, org.springframework.test.context.event.ApplicationEventsTestExecutionListener@66f15ce5, org.springframework.boot.test.mock.mockito.MockitoTestExecutionListener@69a8191e, org.springframework.boot.test.autoconfigure.SpringBootDependencyInjectionTestExecutionListener@3ab7b0f, org.springframework.test.context.support.DirtiesContextTestExecutionListener@1621264e, org.springframework.test.context.transaction.TransactionalTestExecutionListener@7a5b561b, org.springframework.test.context.jdbc.SqlScriptsTestExecutionListener@5392c0a7, org.springframework.test.context.event.EventPublishingTestExecutionListener@bb9bad9, org.springframework.boot.test.autoconfigure.restdocs.RestDocsTestExecutionListener@1435feb6, org.springframework.boot.test.autoconfigure.web.client.MockRestServiceServerResetTestExecutionListener@34fe89a5, org.springframework.boot.test.autoconfigure.web.servlet.MockMvcPrintOnlyOnFailureTestExecutionListener@71acf065, org.springframework.boot.test.autoconfigure.web.servlet.WebDriverTestExecutionListener@3705e3fb, org.springframework.boot.test.autoconfigure.webservices.client.MockWebServiceServerTestExecutionListener@cfe7be3, org.springframework.boot.test.mock.mockito.ResetMocksTestExecutionListener@4c0d7878]

  .   ____          _            __ _ _
 /\\ / ___'_ __ _ _(_)_ __  __ _ \ \ \ \
( ( )\___ | '_ | '_| | '_ \/ _` | \ \ \ \
 \\/  ___)| |_)| | | | | || (_| |  ) ) ) )
  '  |____| .__|_| |_|_| |_\__, | / / / /
 =========|_|==============|___/=/_/_/_/
 :: Spring Boot ::               (v2.7.14)

2023-08-14 13:34:04.699  INFO 8668 --- [    Test worker] c.s.s.sample.SampelControllerTests       : Starting SampelControllerTests using Java 11.0.20 on DESKTOP-D1OSJI9 with PID 8668 (started by IKHYUN in C:\Dev Workspace\스타트 스프링 부트)
2023-08-14 13:34:04.699  INFO 8668 --- [    Test worker] c.s.s.sample.SampelControllerTests       : No active profile set, falling back to 1 default profile: "default"
2023-08-14 13:34:04.886  WARN 8668 --- [    Test worker] ion$DefaultTemplateResolverConfiguration : Cannot find template location: classpath:/templates/ (please add some templates, check your Thymeleaf configuration, or set spring.thymeleaf.check-template-location=false)
2023-08-14 13:34:04.933  INFO 8668 --- [    Test worker] o.s.b.t.m.w.SpringBootMockServletContext : Initializing Spring TestDispatcherServlet ''
2023-08-14 13:34:04.933  INFO 8668 --- [    Test worker] o.s.t.web.servlet.TestDispatcherServlet  : Initializing Servlet ''
2023-08-14 13:34:04.933  INFO 8668 --- [    Test worker] o.s.t.web.servlet.TestDispatcherServlet  : Completed initialization in 0 ms
2023-08-14 13:34:04.933  INFO 8668 --- [    Test worker] c.s.s.sample.SampelControllerTests       : Started SampelControllerTests in 0.24 seconds (JVM running for 6.353)
Hello World
]]></system-out>
  <system-err><![CDATA[]]></system-err>
</testsuite>
