<?xml version="1.0" encoding="UTF-8"?>
<testsuite name="com.start.springboot.domain.post.PostRepositoryTests" tests="1" skipped="0" failures="0" errors="0" timestamp="2023-08-20T07:01:06" hostname="DESKTOP-BAELHMQ" time="0.495">
  <properties/>
  <testcase name="testDeletePost()" classname="com.start.springboot.domain.post.PostRepositoryTests" time="0.495"/>
  <system-out><![CDATA[16:00:58.354 [Test worker] DEBUG org.springframework.test.context.BootstrapUtils - Instantiating CacheAwareContextLoaderDelegate from class [org.springframework.test.context.cache.DefaultCacheAwareContextLoaderDelegate]
16:00:58.369 [Test worker] DEBUG org.springframework.test.context.BootstrapUtils - Instantiating BootstrapContext using constructor [public org.springframework.test.context.support.DefaultBootstrapContext(java.lang.Class,org.springframework.test.context.CacheAwareContextLoaderDelegate)]
16:00:58.401 [Test worker] DEBUG org.springframework.test.context.BootstrapUtils - Instantiating TestContextBootstrapper for test class [com.start.springboot.domain.post.PostRepositoryTests] from class [org.springframework.boot.test.context.SpringBootTestContextBootstrapper]
16:00:58.416 [Test worker] INFO org.springframework.boot.test.context.SpringBootTestContextBootstrapper - Neither @ContextConfiguration nor @ContextHierarchy found for test class [com.start.springboot.domain.post.PostRepositoryTests], using SpringBootContextLoader
16:00:58.432 [Test worker] DEBUG org.springframework.test.context.support.AbstractContextLoader - Did not detect default resource location for test class [com.start.springboot.domain.post.PostRepositoryTests]: class path resource [com/start/springboot/domain/post/PostRepositoryTests-context.xml] does not exist
16:00:58.432 [Test worker] DEBUG org.springframework.test.context.support.AbstractContextLoader - Did not detect default resource location for test class [com.start.springboot.domain.post.PostRepositoryTests]: class path resource [com/start/springboot/domain/post/PostRepositoryTestsContext.groovy] does not exist
16:00:58.432 [Test worker] INFO org.springframework.test.context.support.AbstractContextLoader - Could not detect default resource locations for test class [com.start.springboot.domain.post.PostRepositoryTests]: no resource found for suffixes {-context.xml, Context.groovy}.
16:00:58.432 [Test worker] INFO org.springframework.test.context.support.AnnotationConfigContextLoaderUtils - Could not detect default configuration classes for test class [com.start.springboot.domain.post.PostRepositoryTests]: PostRepositoryTests does not declare any static, non-private, non-final, nested classes annotated with @Configuration.
16:00:58.517 [Test worker] DEBUG org.springframework.test.context.support.ActiveProfilesUtils - Could not find an 'annotation declaring class' for annotation type [org.springframework.test.context.ActiveProfiles] and class [com.start.springboot.domain.post.PostRepositoryTests]
16:00:58.621 [Test worker] DEBUG org.springframework.context.annotation.ClassPathScanningCandidateComponentProvider - Identified candidate component class: file [C:\Dev Workspace\스타트 스프링 부트\build\classes\java\main\com\start\springboot\SpringbootApplication.class]
16:00:58.621 [Test worker] INFO org.springframework.boot.test.context.SpringBootTestContextBootstrapper - Found @SpringBootConfiguration com.start.springboot.SpringbootApplication for test class com.start.springboot.domain.post.PostRepositoryTests
16:00:58.764 [Test worker] DEBUG org.springframework.boot.test.context.SpringBootTestContextBootstrapper - @TestExecutionListeners is not present for class [com.start.springboot.domain.post.PostRepositoryTests]: using defaults.
16:00:58.764 [Test worker] INFO org.springframework.boot.test.context.SpringBootTestContextBootstrapper - Loaded default TestExecutionListener class names from location [META-INF/spring.factories]: [org.springframework.boot.test.autoconfigure.restdocs.RestDocsTestExecutionListener, org.springframework.boot.test.autoconfigure.web.client.MockRestServiceServerResetTestExecutionListener, org.springframework.boot.test.autoconfigure.web.servlet.MockMvcPrintOnlyOnFailureTestExecutionListener, org.springframework.boot.test.autoconfigure.web.servlet.WebDriverTestExecutionListener, org.springframework.boot.test.autoconfigure.webservices.client.MockWebServiceServerTestExecutionListener, org.springframework.boot.test.mock.mockito.MockitoTestExecutionListener, org.springframework.boot.test.mock.mockito.ResetMocksTestExecutionListener, org.springframework.test.context.web.ServletTestExecutionListener, org.springframework.test.context.support.DirtiesContextBeforeModesTestExecutionListener, org.springframework.test.context.event.ApplicationEventsTestExecutionListener, org.springframework.test.context.support.DependencyInjectionTestExecutionListener, org.springframework.test.context.support.DirtiesContextTestExecutionListener, org.springframework.test.context.transaction.TransactionalTestExecutionListener, org.springframework.test.context.jdbc.SqlScriptsTestExecutionListener, org.springframework.test.context.event.EventPublishingTestExecutionListener]
16:00:58.772 [Test worker] INFO org.springframework.boot.test.context.SpringBootTestContextBootstrapper - Using TestExecutionListeners: [org.springframework.test.context.web.ServletTestExecutionListener@46292372, org.springframework.test.context.support.DirtiesContextBeforeModesTestExecutionListener@126be319, org.springframework.test.context.event.ApplicationEventsTestExecutionListener@6c44052e, org.springframework.boot.test.mock.mockito.MockitoTestExecutionListener@5c371e13, org.springframework.boot.test.autoconfigure.SpringBootDependencyInjectionTestExecutionListener@530a8454, org.springframework.test.context.support.DirtiesContextTestExecutionListener@1e34c607, org.springframework.test.context.transaction.TransactionalTestExecutionListener@5215cd9a, org.springframework.test.context.jdbc.SqlScriptsTestExecutionListener@36b6964d, org.springframework.test.context.event.EventPublishingTestExecutionListener@31198ceb, org.springframework.boot.test.autoconfigure.restdocs.RestDocsTestExecutionListener@9257031, org.springframework.boot.test.autoconfigure.web.client.MockRestServiceServerResetTestExecutionListener@75201592, org.springframework.boot.test.autoconfigure.web.servlet.MockMvcPrintOnlyOnFailureTestExecutionListener@7726e185, org.springframework.boot.test.autoconfigure.web.servlet.WebDriverTestExecutionListener@aa5455e, org.springframework.boot.test.autoconfigure.webservices.client.MockWebServiceServerTestExecutionListener@282308c3, org.springframework.boot.test.mock.mockito.ResetMocksTestExecutionListener@5dda14d0]
16:00:58.787 [Test worker] DEBUG org.springframework.test.context.support.AbstractDirtiesContextTestExecutionListener - Before test class: context [DefaultTestContext@273c947f testClass = PostRepositoryTests, testInstance = [null], testMethod = [null], testException = [null], mergedContextConfiguration = [WebMergedContextConfiguration@30457e14 testClass = PostRepositoryTests, locations = '{}', classes = '{class com.start.springboot.SpringbootApplication}', contextInitializerClasses = '[]', activeProfiles = '{}', propertySourceLocations = '{}', propertySourceProperties = '{org.springframework.boot.test.context.SpringBootTestContextBootstrapper=true}', contextCustomizers = set[org.springframework.boot.test.autoconfigure.actuate.metrics.MetricsExportContextCustomizerFactory$DisableMetricExportContextCustomizer@636e8cc, org.springframework.boot.test.autoconfigure.properties.PropertyMappingContextCustomizer@0, org.springframework.boot.test.autoconfigure.web.servlet.WebDriverContextCustomizerFactory$Customizer@4264b240, [ImportsContextCustomizer@1af1347d key = [com.start.springboot.domain.board.BoardRepositoryTests]], org.springframework.boot.test.context.filter.ExcludeFilterContextCustomizer@1c80e49b, org.springframework.boot.test.json.DuplicateJsonObjectContextCustomizerFactory$DuplicateJsonObjectContextCustomizer@56276db8, org.springframework.boot.test.mock.mockito.MockitoContextCustomizer@0, org.springframework.boot.test.web.client.TestRestTemplateContextCustomizer@6b54655f, org.springframework.boot.test.context.SpringBootTestArgs@1, org.springframework.boot.test.context.SpringBootTestWebEnvironment@24c4ddae], resourceBasePath = 'src/main/webapp', contextLoader = 'org.springframework.boot.test.context.SpringBootContextLoader', parent = [null]], attributes = map['org.springframework.test.context.web.ServletTestExecutionListener.activateListener' -> true]], class annotated with @DirtiesContext [false] with mode [null].

  .   ____          _            __ _ _
 /\\ / ___'_ __ _ _(_)_ __  __ _ \ \ \ \
( ( )\___ | '_ | '_| | '_ \/ _` | \ \ \ \
 \\/  ___)| |_)| | | | | || (_| |  ) ) ) )
  '  |____| .__|_| |_|_| |_\__, | / / / /
 =========|_|==============|___/=/_/_/_/
 :: Spring Boot ::               (v2.7.14)

2023-08-20 16:00:59.439  INFO 75380 --- [    Test worker] c.s.s.domain.post.PostRepositoryTests    : Starting PostRepositoryTests using Java 11.0.20 on DESKTOP-BAELHMQ with PID 75380 (started by 김익현 in C:\Dev Workspace\스타트 스프링 부트)
2023-08-20 16:00:59.442  INFO 75380 --- [    Test worker] c.s.s.domain.post.PostRepositoryTests    : No active profile set, falling back to 1 default profile: "default"
2023-08-20 16:01:00.748  INFO 75380 --- [    Test worker] .s.d.r.c.RepositoryConfigurationDelegate : Bootstrapping Spring Data JPA repositories in DEFAULT mode.
2023-08-20 16:01:00.922  INFO 75380 --- [    Test worker] .s.d.r.c.RepositoryConfigurationDelegate : Finished Spring Data repository scanning in 163 ms. Found 7 JPA repository interfaces.
2023-08-20 16:01:01.834  INFO 75380 --- [    Test worker] o.hibernate.jpa.internal.util.LogHelper  : HHH000204: Processing PersistenceUnitInfo [name: default]
2023-08-20 16:01:01.922  INFO 75380 --- [    Test worker] org.hibernate.Version                    : HHH000412: Hibernate ORM core version 5.6.15.Final
2023-08-20 16:01:02.195  INFO 75380 --- [    Test worker] o.hibernate.annotations.common.Version   : HCANN000001: Hibernate Commons Annotations {5.1.2.Final}
2023-08-20 16:01:02.389  INFO 75380 --- [    Test worker] com.zaxxer.hikari.HikariDataSource       : HikariPool-1 - Starting...
2023-08-20 16:01:02.504  INFO 75380 --- [    Test worker] com.zaxxer.hikari.HikariDataSource       : HikariPool-1 - Start completed.
2023-08-20 16:01:02.535  INFO 75380 --- [    Test worker] org.hibernate.dialect.Dialect            : HHH000400: Using dialect: org.hibernate.dialect.MariaDB106Dialect
2023-08-20 16:01:03.557 DEBUG 75380 --- [    Test worker] org.hibernate.SQL                        : 
    
    create table tb_reply (
       reply_id bigint not null,
        reply_content varchar(255),
        reply_create_date datetime(6),
        reply_show_yn varchar(255) default 'Y',
        reply_update_date datetime(6),
        reply_writer varchar(255) not null,
        reply_post_id bigint,
        primary key (reply_id)
    ) engine=InnoDB
Hibernate: 
    
    create table tb_reply (
       reply_id bigint not null,
        reply_content varchar(255),
        reply_create_date datetime(6),
        reply_show_yn varchar(255) default 'Y',
        reply_update_date datetime(6),
        reply_writer varchar(255) not null,
        reply_post_id bigint,
        primary key (reply_id)
    ) engine=InnoDB
2023-08-20 16:01:03.573 DEBUG 75380 --- [    Test worker] org.hibernate.SQL                        : create sequence reply_seq start with 1 increment by 1
Hibernate: create sequence reply_seq start with 1 increment by 1
2023-08-20 16:01:03.606 DEBUG 75380 --- [    Test worker] org.hibernate.SQL                        : 
    
    alter table tb_reply 
       add constraint FKa5hsnya6i4iac25yf4lphyot7 
       foreign key (reply_post_id) 
       references tb_post (post_id)
Hibernate: 
    
    alter table tb_reply 
       add constraint FKa5hsnya6i4iac25yf4lphyot7 
       foreign key (reply_post_id) 
       references tb_post (post_id)
2023-08-20 16:01:03.639  INFO 75380 --- [    Test worker] o.h.e.t.j.p.i.JtaPlatformInitiator       : HHH000490: Using JtaPlatform implementation: [org.hibernate.engine.transaction.jta.platform.internal.NoJtaPlatform]
2023-08-20 16:01:03.656  INFO 75380 --- [    Test worker] j.LocalContainerEntityManagerFactoryBean : Initialized JPA EntityManagerFactory for persistence unit 'default'
2023-08-20 16:01:04.941  WARN 75380 --- [    Test worker] JpaBaseConfiguration$JpaWebConfiguration : spring.jpa.open-in-view is enabled by default. Therefore, database queries may be performed during view rendering. Explicitly configure spring.jpa.open-in-view to disable this warning
2023-08-20 16:01:06.376  WARN 75380 --- [    Test worker] ion$DefaultTemplateResolverConfiguration : Cannot find template location: classpath:/templates/ (please add some templates, check your Thymeleaf configuration, or set spring.thymeleaf.check-template-location=false)
2023-08-20 16:01:06.809  INFO 75380 --- [    Test worker] c.s.s.domain.post.PostRepositoryTests    : Started PostRepositoryTests in 7.96 seconds (JVM running for 10.553)
2023-08-20 16:01:07.152 DEBUG 75380 --- [    Test worker] org.hibernate.SQL                        : 
    select
        post0_.post_id as post_id1_3_0_,
        post0_.post_board_id as post_boa9_3_0_,
        post0_.post_content as post_con2_3_0_,
        post0_.post_create_date as post_cre3_3_0_,
        post0_.post_show_yn as post_sho4_3_0_,
        post0_.post_title as post_tit5_3_0_,
        post0_.post_update_date as post_upd6_3_0_,
        post0_.post_view_count as post_vie7_3_0_,
        post0_.post_writer as post_wri8_3_0_ 
    from
        tb_post post0_ 
    where
        post0_.post_id=?
Hibernate: 
    select
        post0_.post_id as post_id1_3_0_,
        post0_.post_board_id as post_boa9_3_0_,
        post0_.post_content as post_con2_3_0_,
        post0_.post_create_date as post_cre3_3_0_,
        post0_.post_show_yn as post_sho4_3_0_,
        post0_.post_title as post_tit5_3_0_,
        post0_.post_update_date as post_upd6_3_0_,
        post0_.post_view_count as post_vie7_3_0_,
        post0_.post_writer as post_wri8_3_0_ 
    from
        tb_post post0_ 
    where
        post0_.post_id=?
2023-08-20 16:01:07.159 TRACE 75380 --- [    Test worker] o.h.type.descriptor.sql.BasicBinder      : binding parameter [1] as [BIGINT] - [204]
2023-08-20 16:01:07.182 TRACE 75380 --- [    Test worker] o.h.type.descriptor.sql.BasicExtractor   : extracted value ([post_boa9_3_0_] : [BIGINT]) - [1]
2023-08-20 16:01:07.183 TRACE 75380 --- [    Test worker] o.h.type.descriptor.sql.BasicExtractor   : extracted value ([post_con2_3_0_] : [VARCHAR]) - [독서실에 와서 공부 중입니다.]
2023-08-20 16:01:07.186 TRACE 75380 --- [    Test worker] o.h.type.descriptor.sql.BasicExtractor   : extracted value ([post_cre3_3_0_] : [TIMESTAMP]) - [2023-08-19 14:19:01.679]
2023-08-20 16:01:07.186 TRACE 75380 --- [    Test worker] o.h.type.descriptor.sql.BasicExtractor   : extracted value ([post_sho4_3_0_] : [VARCHAR]) - [Y]
2023-08-20 16:01:07.186 TRACE 75380 --- [    Test worker] o.h.type.descriptor.sql.BasicExtractor   : extracted value ([post_tit5_3_0_] : [VARCHAR]) - [오늘은 8월 셋째주 금요일입니다.]
2023-08-20 16:01:07.187 TRACE 75380 --- [    Test worker] o.h.type.descriptor.sql.BasicExtractor   : extracted value ([post_upd6_3_0_] : [TIMESTAMP]) - [2023-08-19 14:19:01.679]
2023-08-20 16:01:07.188 TRACE 75380 --- [    Test worker] o.h.type.descriptor.sql.BasicExtractor   : extracted value ([post_vie7_3_0_] : [INTEGER]) - [0]
2023-08-20 16:01:07.188 TRACE 75380 --- [    Test worker] o.h.type.descriptor.sql.BasicExtractor   : extracted value ([post_wri8_3_0_] : [VARCHAR]) - [자바]
2023-08-20 16:01:07.261 DEBUG 75380 --- [    Test worker] org.hibernate.SQL                        : 
    select
        attaches0_.attach_post_id as attach_p6_0_0_,
        attaches0_.attach_id as attach_i1_0_0_,
        attaches0_.attach_id as attach_i1_0_1_,
        attaches0_.attach_create_date as attach_c2_0_1_,
        attaches0_.attach_path as attach_p3_0_1_,
        attaches0_.attach_show_yn as attach_s4_0_1_,
        attaches0_.attach_update_date as attach_u5_0_1_,
        attaches0_.attach_post_id as attach_p6_0_1_ 
    from
        tb_attach attaches0_ 
    where
        attaches0_.attach_post_id=?
Hibernate: 
    select
        attaches0_.attach_post_id as attach_p6_0_0_,
        attaches0_.attach_id as attach_i1_0_0_,
        attaches0_.attach_id as attach_i1_0_1_,
        attaches0_.attach_create_date as attach_c2_0_1_,
        attaches0_.attach_path as attach_p3_0_1_,
        attaches0_.attach_show_yn as attach_s4_0_1_,
        attaches0_.attach_update_date as attach_u5_0_1_,
        attaches0_.attach_post_id as attach_p6_0_1_ 
    from
        tb_attach attaches0_ 
    where
        attaches0_.attach_post_id=?
2023-08-20 16:01:07.263 TRACE 75380 --- [    Test worker] o.h.type.descriptor.sql.BasicBinder      : binding parameter [1] as [BIGINT] - [204]
2023-08-20 16:01:07.269 TRACE 75380 --- [    Test worker] o.h.type.descriptor.sql.BasicExtractor   : extracted value ([attach_i1_0_1_] : [BIGINT]) - [3]
2023-08-20 16:01:07.270 TRACE 75380 --- [    Test worker] o.h.type.descriptor.sql.BasicExtractor   : extracted value ([attach_c2_0_1_] : [TIMESTAMP]) - [2023-08-19 14:19:23.369]
2023-08-20 16:01:07.270 TRACE 75380 --- [    Test worker] o.h.type.descriptor.sql.BasicExtractor   : extracted value ([attach_p3_0_1_] : [VARCHAR]) - [C:\test\fakePathsssssss]
2023-08-20 16:01:07.271 TRACE 75380 --- [    Test worker] o.h.type.descriptor.sql.BasicExtractor   : extracted value ([attach_s4_0_1_] : [VARCHAR]) - [Y]
2023-08-20 16:01:07.271 TRACE 75380 --- [    Test worker] o.h.type.descriptor.sql.BasicExtractor   : extracted value ([attach_u5_0_1_] : [TIMESTAMP]) - [2023-08-19 14:19:23.369]
2023-08-20 16:01:07.272 TRACE 75380 --- [    Test worker] o.h.type.descriptor.sql.BasicExtractor   : extracted value ([attach_p6_0_1_] : [BIGINT]) - [204]
2023-08-20 16:01:07.272 TRACE 75380 --- [    Test worker] o.h.type.descriptor.sql.BasicExtractor   : extracted value ([attach_p6_0_0_] : [BIGINT]) - [204]
2023-08-20 16:01:07.273 TRACE 75380 --- [    Test worker] o.h.type.descriptor.sql.BasicExtractor   : extracted value ([attach_i1_0_0_] : [BIGINT]) - [3]
2023-08-20 16:01:07.273 DEBUG 75380 --- [    Test worker] org.hibernate.SQL                        : 
    select
        replies0_.reply_post_id as reply_po7_5_0_,
        replies0_.reply_id as reply_id1_5_0_,
        replies0_.reply_id as reply_id1_5_1_,
        replies0_.reply_post_id as reply_po7_5_1_,
        replies0_.reply_content as reply_co2_5_1_,
        replies0_.reply_create_date as reply_cr3_5_1_,
        replies0_.reply_show_yn as reply_sh4_5_1_,
        replies0_.reply_update_date as reply_up5_5_1_,
        replies0_.reply_writer as reply_wr6_5_1_ 
    from
        tb_reply replies0_ 
    where
        replies0_.reply_post_id=?
Hibernate: 
    select
        replies0_.reply_post_id as reply_po7_5_0_,
        replies0_.reply_id as reply_id1_5_0_,
        replies0_.reply_id as reply_id1_5_1_,
        replies0_.reply_post_id as reply_po7_5_1_,
        replies0_.reply_content as reply_co2_5_1_,
        replies0_.reply_create_date as reply_cr3_5_1_,
        replies0_.reply_show_yn as reply_sh4_5_1_,
        replies0_.reply_update_date as reply_up5_5_1_,
        replies0_.reply_writer as reply_wr6_5_1_ 
    from
        tb_reply replies0_ 
    where
        replies0_.reply_post_id=?
2023-08-20 16:01:07.273 TRACE 75380 --- [    Test worker] o.h.type.descriptor.sql.BasicBinder      : binding parameter [1] as [BIGINT] - [204]
2023-08-20 16:01:07.335 DEBUG 75380 --- [    Test worker] org.hibernate.SQL                        : 
    delete 
    from
        tb_attach 
    where
        attach_id=?
Hibernate: 
    delete 
    from
        tb_attach 
    where
        attach_id=?
2023-08-20 16:01:07.335 TRACE 75380 --- [    Test worker] o.h.type.descriptor.sql.BasicBinder      : binding parameter [1] as [BIGINT] - [3]
2023-08-20 16:01:07.351 DEBUG 75380 --- [    Test worker] org.hibernate.SQL                        : 
    delete 
    from
        tb_post 
    where
        post_id=?
Hibernate: 
    delete 
    from
        tb_post 
    where
        post_id=?
2023-08-20 16:01:07.351 TRACE 75380 --- [    Test worker] o.h.type.descriptor.sql.BasicBinder      : binding parameter [1] as [BIGINT] - [204]
]]></system-out>
  <system-err><![CDATA[]]></system-err>
</testsuite>
